[2025-04-01 01:32:01] [INFO] [UserSaveStateManager] Started loading user save data
[2025-04-01 01:32:01] [INFO] [UserSaveStateManager] Finished loading user save data
[2025-04-01 01:32:01] [INFO] [JsonDatabase] Started initializing JsonDatabase
[2025-04-01 01:32:01] [INFO] [JsonTable] Started initializing JsonTable
[2025-04-01 01:32:01] [INFO] [JsonTable] Successfully initialized JsonTable
[2025-04-01 01:32:01] [INFO] [JsonTable] Finished initializing JsonTable
[2025-04-01 01:32:01] [INFO] [JsonTable] Started initializing JsonTable
[2025-04-01 01:32:01] [INFO] [JsonTable] Successfully initialized JsonTable
[2025-04-01 01:32:01] [INFO] [JsonTable] Finished initializing JsonTable
[2025-04-01 01:32:01] [INFO] [JsonTable] Started initializing JsonTable
[2025-04-01 01:32:01] [INFO] [JsonTable] Successfully initialized JsonTable
[2025-04-01 01:32:01] [INFO] [JsonTable] Finished initializing JsonTable
[2025-04-01 01:32:01] [INFO] [JsonDatabase] Successfully initialized JsonDatabase
[2025-04-01 01:32:01] [INFO] [JsonDatabase] Finished initializing JsonDatabase
[2025-04-01 01:32:01] [INFO] [AssetPool] Started initializing AssetPool
[2025-04-01 01:32:01] [INFO] [AssetNameSpace] Started loading Sprite's from ./res/graphics
[2025-04-01 01:32:01] [INFO] [AssetNameSpace] Finished reading files for sprites
[2025-04-01 01:32:01] [INFO] [AssetNameSpace] Finished loading ./res/graphics
[2025-04-01 01:32:01] [INFO] [AssetPool] Finished initializing AssetPool
[2025-04-01 01:32:01] [INFO] [UnitDatabase] Started initializing UnitDatabase
[2025-04-01 01:32:01] [INFO] [UnitDatabase] Successfully initialized UnitDatabase
[2025-04-01 01:32:01] [INFO] [UnitDatabase] Finished initializing UnitDatabase
[2025-04-01 01:32:01] [INFO] [Component] Setting 21a5a155-7471-4376-8315-78b5b5f97238 on to 307227b6-9c4f-44cb-ad48-923315f668f3.
[2025-04-01 01:32:01] [INFO] [SpeedQueue] Added unit enemy:Deli into queue
[2025-04-01 01:32:01] [INFO] [Component] Setting a5bd5b0e-9888-433d-97a8-24442ebeebd3 on to 067ec780-a8fc-4822-a437-8d9c07b17879.
[2025-04-01 01:32:01] [INFO] [SpeedQueue] Added unit enemy:Teih into queue
[2025-04-01 01:32:01] [INFO] [Component] Setting ac709cf9-69fa-48dd-9550-1f63c3372e4c on to 1f76e2ed-eb16-4536-866a-61f9fcbfbd40.
[2025-04-01 01:32:01] [INFO] [SpeedQueue] Added unit enemy:Polei into queue
[2025-04-01 01:32:01] [INFO] [Component] Setting 8e35add5-fed1-4560-8f49-6629289427fd on to 30761832-cd31-4964-84c0-f2a72e0ccf63.
[2025-04-01 01:32:01] [INFO] [SpeedQueue] Added unit enemy:Zeil into queue
[2025-04-01 01:32:01] [INFO] [Component] Setting f450d371-d3c2-4cd2-9a7c-a5f85482ce34 on to 0364dc24-3227-4630-a976-f561d18c0781.
[2025-04-01 01:32:01] [INFO] [SpeedQueue] Added unit user:Eotq into queue
[2025-04-01 01:32:01] [INFO] [Component] Setting 22119dba-0c8b-4ad2-9a8c-23efe764b671 on to dd076392-c57c-477a-8208-18d38df4119a.
[2025-04-01 01:32:01] [INFO] [SpeedQueue] Added unit user:Vexyu into queue
[2025-04-01 01:32:01] [INFO] [Component] Setting b6bcf1e7-81b0-4ea5-b3dd-8bd679c69c81 on to b7fc9d26-b1c4-44ee-8ff2-8e7b8ac195a8.
[2025-04-01 01:32:01] [INFO] [SpeedQueue] Added unit user:Nioio into queue
[2025-04-01 01:32:01] [INFO] [Component] Setting e671ebee-ba01-403b-b1d6-5c52d9715518 on to fc83a914-f3d1-4930-9c4f-9dfea31fa13f.
[2025-04-01 01:32:01] [INFO] [SpeedQueue] Added unit user:Yaep into queue
[2025-04-01 01:32:01] [INFO] [EngineController] Started setting scene to MENU_SCENE
[2025-04-01 01:32:01] [INFO] [EngineController] Finished setting scene to MENU_SCENE
[2025-04-01 01:32:01] [INFO] [EngineController] Started setting scene to GAME_SCENE
[2025-04-01 01:32:01] [INFO] [FontPool] Started initializing FontPool
[2025-04-01 01:32:01] [INFO] [FontPool] ✅ Successfully loaded font: Lilian
[2025-04-01 01:32:01] [INFO] [EngineController] Finished setting scene to GAME_SCENE
[2025-04-01 01:32:01] [INFO] [SpeedQueue] Speed queue updated.
[2025-04-01 01:32:01] [INFO] [VisualsSystem] Started creating blurred background
[2025-04-01 01:32:01] [INFO] [TimeLinePanel] Started updating the timeline panel after turn order has changed.
[2025-04-01 01:32:01] [INFO] [TimeLinePanel] Finished updating the timeline panel after turn order has changed.
[2025-04-01 01:32:01] [INFO] [SelectedTilePanel] Checksum updated, getting units at selected tiles.
[2025-04-01 01:32:01] [INFO] [SelectedTilePanel] Either no unit selected or more than one unit selected
[2025-04-01 01:32:01] [INFO] [LesserStatisticsInformationPanel] Checksum has been updated, querying statistics for unit b6bcf1e7-81b0-4ea5-b3dd-8bd679c69c81
[2025-04-01 01:32:02] [INFO] [VisualsSystem] Finished creating blurred background after 0.49726030230522156 seconds
[2025-04-01 01:32:02] [INFO] [SelectedTilePanel] Checksum updated, getting units at selected tiles.
[2025-04-01 01:32:02] [INFO] [SelectedTilePanel] Either no unit selected or more than one unit selected
