[2025-03-22 12:45:31] [INFO] [AssetPool] Started initializing AssetPool
[2025-03-22 12:45:31] [INFO] [SpriteSheetOG] Started loading Sprite's from ./res/graphics
[2025-03-22 12:45:31] [INFO] [SpriteSheetOG] Finished reading files for sprites
[2025-03-22 12:45:31] [INFO] [Sprite] Finished loading ./res/graphics/misc/blue_reticle.png
[2025-03-22 12:45:31] [INFO] [Sprite] Finished loading ./res/graphics/misc/pink_spawn.png
[2025-03-22 12:45:31] [INFO] [Sprite] Finished loading ./res/graphics/misc/reticle.png
[2025-03-22 12:45:31] [INFO] [Sprite] Finished loading ./res/graphics/misc/yellow_spawn.png
[2025-03-22 12:45:31] [INFO] [Sprite] Finished loading ./res/graphics/misc/blue_spawn.png
[2025-03-22 12:45:31] [INFO] [Sprite] Finished loading ./res/graphics/misc/red_reticle.png
[2025-03-22 12:45:31] [INFO] [Sprite] Finished loading ./res/graphics/misc/depth_shadows.png
[2025-03-22 12:45:31] [INFO] [Sprite] Finished loading ./res/graphics/misc/yellow_reticle.png
[2025-03-22 12:45:31] [INFO] [Sprite] Finished loading ./res/graphics/misc/red_spawn.png
[2025-03-22 12:45:31] [INFO] [Sprite] Finished loading ./res/graphics/misc/directional_shadows.png
[2025-03-22 12:45:31] [INFO] [Sprite] Finished loading ./res/graphics/shadows/northwest.png
[2025-03-22 12:45:31] [INFO] [Sprite] Finished loading ./res/graphics/shadows/west.png
[2025-03-22 12:45:31] [INFO] [Sprite] Finished loading ./res/graphics/shadows/north.png
[2025-03-22 12:45:31] [INFO] [Sprite] Finished loading ./res/graphics/shadows/east.png
[2025-03-22 12:45:31] [INFO] [Sprite] Finished loading ./res/graphics/shadows/northeast.png
[2025-03-22 12:45:31] [INFO] [Sprite] Finished loading ./res/graphics/shadows/south.png
[2025-03-22 12:45:31] [INFO] [Sprite] Finished loading ./res/graphics/shadows/southwest.png
[2025-03-22 12:45:31] [INFO] [Sprite] Finished loading ./res/graphics/shadows/southeast.png
[2025-03-22 12:45:31] [INFO] [Sprite] Finished loading ./res/graphics/structures/tree3_structure.png
[2025-03-22 12:45:31] [INFO] [Sprite] Finished loading ./res/graphics/structures/tree4_structure.png
[2025-03-22 12:45:31] [INFO] [Sprite] Finished loading ./res/graphics/structures/tree1_structure.png
[2025-03-22 12:45:31] [INFO] [Sprite] Finished loading ./res/graphics/structures/tree5_structure.png
[2025-03-22 12:45:31] [INFO] [Sprite] Finished loading ./res/graphics/structures/tree2_structure.png
[2025-03-22 12:45:31] [INFO] [Sprite] Finished loading ./res/graphics/structures/tree6_structure.png
[2025-03-22 12:45:31] [INFO] [Sprite] Finished loading ./res/graphics/wall_tiles/rock_wall2.png
[2025-03-22 12:45:31] [INFO] [Sprite] Finished loading ./res/graphics/wall_tiles/sandstone_wall.png
[2025-03-22 12:45:31] [INFO] [Sprite] Finished loading ./res/graphics/wall_tiles/elden_yellow_wall.png
[2025-03-22 12:45:31] [INFO] [Sprite] Finished loading ./res/graphics/wall_tiles/vine_on_wall.png
[2025-03-22 12:45:31] [INFO] [Sprite] Finished loading ./res/graphics/wall_tiles/boulder_wall.png
[2025-03-22 12:45:31] [INFO] [Sprite] Finished loading ./res/graphics/wall_tiles/white_marble_wall.png
[2025-03-22 12:45:31] [INFO] [Sprite] Finished loading ./res/graphics/wall_tiles/elden_green_wall.png
[2025-03-22 12:45:31] [INFO] [Sprite] Finished loading ./res/graphics/wall_tiles/brown_marble_wall.png
[2025-03-22 12:45:31] [INFO] [Sprite] Finished loading ./res/graphics/wall_tiles/small_brick_wall.png
[2025-03-22 12:45:31] [INFO] [Sprite] Finished loading ./res/graphics/wall_tiles/moss_wall.png
[2025-03-22 12:45:31] [INFO] [Sprite] Finished loading ./res/graphics/wall_tiles/dirt_brick_vine_wall.png
[2025-03-22 12:45:31] [INFO] [Sprite] Finished loading ./res/graphics/wall_tiles/elden_purple_wall.png
[2025-03-22 12:45:31] [INFO] [Sprite] Finished loading ./res/graphics/wall_tiles/large_brick_wall.png
[2025-03-22 12:45:31] [INFO] [Sprite] Finished loading ./res/graphics/wall_tiles/dirt_wall.png
[2025-03-22 12:45:31] [INFO] [Sprite] Finished loading ./res/graphics/wall_tiles/alien_wall.png
[2025-03-22 12:45:31] [INFO] [Sprite] Finished loading ./res/graphics/wall_tiles/industrial_brick_wall.png
[2025-03-22 12:45:31] [INFO] [Sprite] Finished loading ./res/graphics/wall_tiles/rock_wall.png
[2025-03-22 12:45:31] [INFO] [Sprite] Finished loading ./res/graphics/wall_tiles/dirt_wall2.png
[2025-03-22 12:45:31] [INFO] [Sprite] Finished loading ./res/graphics/wall_tiles/moss_wall2.png
[2025-03-22 12:45:31] [INFO] [Sprite] Finished loading ./res/graphics/wall_tiles/moss_wall3.png
[2025-03-22 12:45:31] [INFO] [Sprite] Finished loading ./res/graphics/wall_tiles/no_wall.png
[2025-03-22 12:45:31] [INFO] [Sprite] Finished loading ./res/graphics/wall_tiles/alien_rune_wall.png
[2025-03-22 12:45:31] [INFO] [Sprite] Finished loading ./res/graphics/wall_tiles/industrial_wall.png
[2025-03-22 12:45:31] [INFO] [Sprite] Finished loading ./res/graphics/wall_tiles/small_brick_wall2.png
[2025-03-22 12:45:31] [INFO] [Sprite] Finished loading ./res/graphics/old/liquids 2.png
[2025-03-22 12:45:31] [INFO] [Sprite] Finished loading ./res/graphics/old/gems.png
[2025-03-22 12:45:31] [INFO] [Sprite] Finished loading ./res/graphics/old/floors.png
[2025-03-22 12:45:31] [INFO] [Sprite] Finished loading ./res/graphics/old/terrains.png
[2025-03-22 12:45:31] [INFO] [Sprite] Finished loading ./res/graphics/old/gemsRaw.png
[2025-03-22 12:45:31] [INFO] [Sprite] Finished loading ./res/graphics/old/walls.png
[2025-03-22 12:45:31] [INFO] [Sprite] Finished loading ./res/graphics/old/special2.png
[2025-03-22 12:45:31] [INFO] [Sprite] Finished loading ./res/graphics/old/structures.png
[2025-03-22 12:45:31] [INFO] [Sprite] Finished loading ./res/graphics/old/special.png
[2025-03-22 12:45:31] [INFO] [Sprite] Finished loading ./res/graphics/old/liquids.png
[2025-03-22 12:45:31] [INFO] [Sprite] Finished loading ./res/graphics/old/units.png
[2025-03-22 12:45:31] [INFO] [Sprite] Finished loading ./res/graphics/old/terrains2.png
[2025-03-22 12:45:31] [INFO] [Sprite] Finished loading ./res/graphics/old/floors2.png
[2025-03-22 12:45:31] [INFO] [Sprite] Finished loading ./res/graphics/floor_tiles/sand_1_floor.png
[2025-03-22 12:45:31] [INFO] [Sprite] Finished loading ./res/graphics/floor_tiles/sand_dark_floor.png
[2025-03-22 12:45:31] [INFO] [Sprite] Finished loading ./res/graphics/floor_tiles/dirty_grass_1_floor.png
[2025-03-22 12:45:31] [INFO] [Sprite] Finished loading ./res/graphics/floor_tiles/white_sand_floor.png
[2025-03-22 12:45:31] [INFO] [Sprite] Finished loading ./res/graphics/floor_tiles/white_sands_2.png
[2025-03-22 12:45:31] [INFO] [Sprite] Finished loading ./res/graphics/floor_tiles/dirty_grass_2_floor.png
[2025-03-22 12:45:31] [INFO] [Sprite] Finished loading ./res/graphics/floor_tiles/sand_3_floor.png
[2025-03-22 12:45:31] [INFO] [Sprite] Finished loading ./res/graphics/floor_tiles/obsidian_floor.png
[2025-03-22 12:45:31] [INFO] [Sprite] Finished loading ./res/graphics/floor_tiles/base_floor.png
[2025-03-22 12:45:31] [INFO] [Sprite] Finished loading ./res/graphics/floor_tiles/sand_floor.png
[2025-03-22 12:45:31] [INFO] [Sprite] Finished loading ./res/graphics/floor_tiles/dirty_grass_3_floor.png
[2025-03-22 12:45:31] [INFO] [Sprite] Finished loading ./res/graphics/floor_tiles/sand_2_floor.png
[2025-03-22 12:45:31] [INFO] [Sprite] Finished loading ./res/graphics/units/Air_Dragon.png
[2025-03-22 12:45:31] [INFO] [Sprite] Finished loading ./res/graphics/units/Dragon.png
[2025-03-22 12:45:31] [INFO] [Sprite] Finished loading ./res/graphics/units/Dark_Dragon.png
[2025-03-22 12:45:31] [INFO] [Sprite] Finished loading ./res/graphics/units/Earth_Dragon.png
[2025-03-22 12:45:31] [INFO] [Sprite] Finished loading ./res/graphics/units/Light_Dragon.png
[2025-03-22 12:45:31] [INFO] [Sprite] Finished loading ./res/graphics/units/Water_Dragon.png
[2025-03-22 12:45:31] [INFO] [Sprite] Finished loading ./res/graphics/units/Fire_Dragon.png
[2025-03-22 12:45:31] [INFO] [Sprite] Finished loading ./res/graphics/actions/StatsDown.png
[2025-03-22 12:45:31] [INFO] [Sprite] Finished loading ./res/graphics/actions/PhysicalHit4.png
[2025-03-22 12:45:31] [INFO] [Sprite] Finished loading ./res/graphics/actions/Slash.png
[2025-03-22 12:45:31] [INFO] [Sprite] Finished loading ./res/graphics/actions/Air.png
[2025-03-22 12:45:31] [INFO] [Sprite] Finished loading ./res/graphics/actions/Dark.png
[2025-03-22 12:45:31] [INFO] [Sprite] Finished loading ./res/graphics/actions/Blunt.png
[2025-03-22 12:45:31] [INFO] [Sprite] Finished loading ./res/graphics/actions/Fire.png
[2025-03-22 12:45:31] [INFO] [Sprite] Finished loading ./res/graphics/actions/Earth.png
[2025-03-22 12:45:31] [INFO] [Sprite] Finished loading ./res/graphics/actions/Light.png
[2025-03-22 12:45:31] [INFO] [Sprite] Finished loading ./res/graphics/actions/StatsUp.png
[2025-03-22 12:45:31] [INFO] [Sprite] Finished loading ./res/graphics/actions/Water.png
[2025-03-22 12:45:31] [INFO] [Sprite] Finished loading ./res/graphics/actions/Pierce.png
[2025-03-22 12:45:31] [INFO] [Sprite] Finished loading ./res/graphics/spells/LightSpell.png
[2025-03-22 12:45:31] [INFO] [Sprite] Finished loading ./res/graphics/spells/StatsDown.png
[2025-03-22 12:45:31] [INFO] [Sprite] Finished loading ./res/graphics/spells/WindSpell.png
[2025-03-22 12:45:31] [INFO] [Sprite] Finished loading ./res/graphics/spells/WaterSpell.png
[2025-03-22 12:45:31] [INFO] [Sprite] Finished loading ./res/graphics/spells/PhysicalHit4.png
[2025-03-22 12:45:31] [INFO] [Sprite] Finished loading ./res/graphics/spells/PhysicalHit1.png
[2025-03-22 12:45:31] [INFO] [Sprite] Finished loading ./res/graphics/spells/LightningSpell.png
[2025-03-22 12:45:31] [INFO] [Sprite] Finished loading ./res/graphics/spells/PhysicalHit3.png
[2025-03-22 12:45:31] [INFO] [Sprite] Finished loading ./res/graphics/spells/PhysicalHit2.png
[2025-03-22 12:45:31] [INFO] [Sprite] Finished loading ./res/graphics/spells/FireSpell.png
[2025-03-22 12:45:31] [INFO] [Sprite] Finished loading ./res/graphics/spells/DarkSpell.png
[2025-03-22 12:45:31] [INFO] [Sprite] Finished loading ./res/graphics/spells/StatsUp.png
[2025-03-22 12:45:31] [INFO] [Sprite] Finished loading ./res/graphics/spells/EarthSpell.png
[2025-03-22 12:45:31] [INFO] [Sprite] Finished loading ./res/graphics/liquids/greater_leafage_liquid.png
[2025-03-22 12:45:31] [INFO] [Sprite] Finished loading ./res/graphics/liquids/waterV4_liquid.png
[2025-03-22 12:45:31] [INFO] [Sprite] Finished loading ./res/graphics/liquids/shallow_swamp.png
[2025-03-22 12:45:31] [INFO] [Sprite] Finished loading ./res/graphics/liquids/water5.png
[2025-03-22 12:45:31] [INFO] [Sprite] Finished loading ./res/graphics/liquids/swamp_2.png
[2025-03-22 12:45:31] [INFO] [Sprite] Finished loading ./res/graphics/liquids/Lava_liquid.png
[2025-03-22 12:45:31] [INFO] [Sprite] Finished loading ./res/graphics/liquids/swamp2.png
[2025-03-22 12:45:31] [INFO] [Sprite] Finished loading ./res/graphics/liquids/waterV33_liquid.png
[2025-03-22 12:45:31] [INFO] [Sprite] Finished loading ./res/graphics/liquids/shallow_water_liquid.png
[2025-03-22 12:45:31] [INFO] [Sprite] Finished loading ./res/graphics/liquids/water_liquid.png
[2025-03-22 12:45:31] [INFO] [Sprite] Finished loading ./res/graphics/liquids/waterV2_liquid.png
[2025-03-22 12:45:31] [INFO] [Sprite] Finished loading ./res/graphics/liquids/swamp2_liquid.png
[2025-03-22 12:45:31] [INFO] [SpriteSheetOG] Finished loading ./res/graphics
[2025-03-22 12:45:31] [INFO] [AssetPool] Finished initializing AssetPool
[2025-03-22 12:45:31] [INFO] [FontPoolV1] Started initializing FontPoolV1
[2025-03-22 12:45:32] [INFO] [FontPoolV1] Finished initializing FontPoolV1
[2025-03-22 12:45:32] [INFO] [UnitDatabase] Started initializing UnitDatabase
[2025-03-22 12:45:32] [INFO] [UnitDatabase] Successfully initialized UnitDatabase
[2025-03-22 12:45:32] [INFO] [UnitDatabase] Finished initializing UnitDatabase
[2025-03-22 12:45:32] [INFO] [JsonDatabase] Started initializing JsonDatabase
[2025-03-22 12:45:32] [INFO] [JsonTable] Started initializing JsonTable
[2025-03-22 12:45:32] [INFO] [JsonTable] Successfully initialized JsonTable
[2025-03-22 12:45:32] [INFO] [JsonTable] Finished initializing JsonTable
[2025-03-22 12:45:32] [INFO] [JsonTable] Started initializing JsonTable
[2025-03-22 12:45:32] [INFO] [JsonTable] Successfully initialized JsonTable
[2025-03-22 12:45:32] [INFO] [JsonTable] Finished initializing JsonTable
[2025-03-22 12:45:32] [INFO] [JsonTable] Started initializing JsonTable
[2025-03-22 12:45:32] [INFO] [JsonTable] Successfully initialized JsonTable
[2025-03-22 12:45:32] [INFO] [JsonTable] Finished initializing JsonTable
[2025-03-22 12:45:32] [INFO] [JsonDatabase] Successfully initialized JsonDatabase
[2025-03-22 12:45:32] [INFO] [JsonDatabase] Finished initializing JsonDatabase
[2025-03-22 12:45:32] [INFO] [Component] Setting 58937ade-f399-4542-b252-de2e3cb17557 on to a554c595-55bf-447d-8476-8cdc30cac897.
[2025-03-22 12:45:32] [INFO] [SpeedQueue] Added unit enemy:Dovpxe into queue
[2025-03-22 12:45:32] [INFO] [Component] Setting dad718c6-99e6-4925-abc5-fddbc35ef0ff on to 754ff524-ff08-4b26-88fe-57904e9aff66.
[2025-03-22 12:45:32] [INFO] [SpeedQueue] Added unit enemy:Rocxa into queue
[2025-03-22 12:45:32] [INFO] [Component] Setting a05ccd9d-6273-4a5c-9e79-44f96dd42f39 on to b4db8c01-eb86-4ba6-af6f-7cc82d712c8a.
[2025-03-22 12:45:32] [INFO] [SpeedQueue] Added unit enemy:Zefw into queue
[2025-03-22 12:45:32] [INFO] [Component] Setting a3eb2a7d-c7a4-48fa-b972-41b8187673ba on to bfc83f07-f85a-4a89-801b-a6923b6b88e6.
[2025-03-22 12:45:32] [INFO] [SpeedQueue] Added unit enemy:Oysspo into queue
[2025-03-22 12:45:32] [INFO] [Component] Setting 6fec83ec-2379-4290-bec3-93ff14af4548 on to d5a1d8c7-de31-4297-9f51-f19faea2e158.
[2025-03-22 12:45:32] [INFO] [SpeedQueue] Added unit user:Wure into queue
[2025-03-22 12:45:32] [INFO] [Component] Setting e9a8c92e-7b27-4e10-94ae-e790b2bbd33c on to af06f9fa-5082-4900-9b26-85e7189994a6.
[2025-03-22 12:45:32] [INFO] [SpeedQueue] Added unit user:Cituj into queue
[2025-03-22 12:45:32] [INFO] [Component] Setting 9710012c-044e-47d3-9b69-9fea540d2fc3 on to f7b88e0e-3cbe-473c-b304-bfe0c44e1a6c.
[2025-03-22 12:45:32] [INFO] [SpeedQueue] Added unit user:Cazpxe into queue
[2025-03-22 12:45:32] [INFO] [FontPool] Started initializing FontPool
[2025-03-22 12:45:32] [INFO] [FontPool] ✅ Successfully loaded font: Lilian
[2025-03-22 12:45:33] [INFO] [VisualsSystem] Started creating blurred background
[2025-03-22 12:45:33] [INFO] [TimeLinePanel] Started updating the timeline panel after turn order has changed.
[2025-03-22 12:45:33] [INFO] [TimeLinePanel] Finished updating the timeline panel after turn order has changed.
[2025-03-22 12:45:33] [INFO] [SelectedTilePanel] Checksum updated, getting units at selected tiles.
[2025-03-22 12:45:33] [INFO] [SelectedTilePanel] Either no unit selected or more than one unit selected
[2025-03-22 12:45:33] [INFO] [SpeedQueue] Speed queue updated.
[2025-03-22 12:45:33] [INFO] [VisualsSystem] Started creating blurred background
[2025-03-22 12:45:33] [INFO] [TimeLinePanel] Started updating the timeline panel after turn order has changed.
[2025-03-22 12:45:33] [INFO] [TimeLinePanel] Finished updating the timeline panel after turn order has changed.
[2025-03-22 12:45:33] [INFO] [SelectedTilePanel] Checksum updated, getting units at selected tiles.
[2025-03-22 12:45:33] [INFO] [SelectedTilePanel] Either no unit selected or more than one unit selected
[2025-03-22 12:45:33] [INFO] [LesserStatisticsInformationPanel] Checksum has been updated, querying statistics for unit e9a8c92e-7b27-4e10-94ae-e790b2bbd33c
[2025-03-22 12:45:33] [INFO] [VisualsSystem] Finished creating blurred background after 0.3833369314670563 seconds
[2025-03-22 12:45:34] [INFO] [VisualsSystem] Finished creating blurred background after 0.502170205116272 seconds
[2025-03-22 12:45:45] [INFO] [SelectedTilePanel] Checksum updated, getting units at selected tiles.
[2025-03-22 12:45:45] [INFO] [SelectedTilePanel] Either no unit selected or more than one unit selected
[2025-03-22 12:45:46] [INFO] [SelectedTilePanel] Checksum updated, getting units at selected tiles.
[2025-03-22 12:45:46] [INFO] [SelectedTilePanel] Either no unit selected or more than one unit selected
