[2025-03-22 12:34:14] [INFO] [AssetPool] Started initializing AssetPool
[2025-03-22 12:34:14] [INFO] [SpriteSheetOG] Started loading Sprite's from ./res/graphics
[2025-03-22 12:34:14] [INFO] [SpriteSheetOG] Finished reading files for sprites
[2025-03-22 12:34:14] [INFO] [Sprite] Finished loading ./res/graphics/misc/blue_reticle.png
[2025-03-22 12:34:14] [INFO] [Sprite] Finished loading ./res/graphics/misc/pink_spawn.png
[2025-03-22 12:34:14] [INFO] [Sprite] Finished loading ./res/graphics/misc/reticle.png
[2025-03-22 12:34:14] [INFO] [Sprite] Finished loading ./res/graphics/misc/yellow_spawn.png
[2025-03-22 12:34:14] [INFO] [Sprite] Finished loading ./res/graphics/misc/blue_spawn.png
[2025-03-22 12:34:14] [INFO] [Sprite] Finished loading ./res/graphics/misc/red_reticle.png
[2025-03-22 12:34:14] [INFO] [Sprite] Finished loading ./res/graphics/misc/depth_shadows.png
[2025-03-22 12:34:14] [INFO] [Sprite] Finished loading ./res/graphics/misc/yellow_reticle.png
[2025-03-22 12:34:14] [INFO] [Sprite] Finished loading ./res/graphics/misc/red_spawn.png
[2025-03-22 12:34:14] [INFO] [Sprite] Finished loading ./res/graphics/misc/directional_shadows.png
[2025-03-22 12:34:14] [INFO] [Sprite] Finished loading ./res/graphics/shadows/northwest.png
[2025-03-22 12:34:14] [INFO] [Sprite] Finished loading ./res/graphics/shadows/west.png
[2025-03-22 12:34:14] [INFO] [Sprite] Finished loading ./res/graphics/shadows/north.png
[2025-03-22 12:34:14] [INFO] [Sprite] Finished loading ./res/graphics/shadows/east.png
[2025-03-22 12:34:14] [INFO] [Sprite] Finished loading ./res/graphics/shadows/northeast.png
[2025-03-22 12:34:14] [INFO] [Sprite] Finished loading ./res/graphics/shadows/south.png
[2025-03-22 12:34:14] [INFO] [Sprite] Finished loading ./res/graphics/shadows/southwest.png
[2025-03-22 12:34:14] [INFO] [Sprite] Finished loading ./res/graphics/shadows/southeast.png
[2025-03-22 12:34:14] [INFO] [Sprite] Finished loading ./res/graphics/structures/tree3_structure.png
[2025-03-22 12:34:14] [INFO] [Sprite] Finished loading ./res/graphics/structures/tree4_structure.png
[2025-03-22 12:34:14] [INFO] [Sprite] Finished loading ./res/graphics/structures/tree1_structure.png
[2025-03-22 12:34:14] [INFO] [Sprite] Finished loading ./res/graphics/structures/tree5_structure.png
[2025-03-22 12:34:14] [INFO] [Sprite] Finished loading ./res/graphics/structures/tree2_structure.png
[2025-03-22 12:34:14] [INFO] [Sprite] Finished loading ./res/graphics/structures/tree6_structure.png
[2025-03-22 12:34:14] [INFO] [Sprite] Finished loading ./res/graphics/wall_tiles/rock_wall2.png
[2025-03-22 12:34:14] [INFO] [Sprite] Finished loading ./res/graphics/wall_tiles/sandstone_wall.png
[2025-03-22 12:34:14] [INFO] [Sprite] Finished loading ./res/graphics/wall_tiles/elden_yellow_wall.png
[2025-03-22 12:34:14] [INFO] [Sprite] Finished loading ./res/graphics/wall_tiles/vine_on_wall.png
[2025-03-22 12:34:14] [INFO] [Sprite] Finished loading ./res/graphics/wall_tiles/boulder_wall.png
[2025-03-22 12:34:14] [INFO] [Sprite] Finished loading ./res/graphics/wall_tiles/white_marble_wall.png
[2025-03-22 12:34:14] [INFO] [Sprite] Finished loading ./res/graphics/wall_tiles/elden_green_wall.png
[2025-03-22 12:34:14] [INFO] [Sprite] Finished loading ./res/graphics/wall_tiles/brown_marble_wall.png
[2025-03-22 12:34:14] [INFO] [Sprite] Finished loading ./res/graphics/wall_tiles/small_brick_wall.png
[2025-03-22 12:34:14] [INFO] [Sprite] Finished loading ./res/graphics/wall_tiles/moss_wall.png
[2025-03-22 12:34:14] [INFO] [Sprite] Finished loading ./res/graphics/wall_tiles/dirt_brick_vine_wall.png
[2025-03-22 12:34:14] [INFO] [Sprite] Finished loading ./res/graphics/wall_tiles/elden_purple_wall.png
[2025-03-22 12:34:14] [INFO] [Sprite] Finished loading ./res/graphics/wall_tiles/large_brick_wall.png
[2025-03-22 12:34:14] [INFO] [Sprite] Finished loading ./res/graphics/wall_tiles/dirt_wall.png
[2025-03-22 12:34:14] [INFO] [Sprite] Finished loading ./res/graphics/wall_tiles/alien_wall.png
[2025-03-22 12:34:14] [INFO] [Sprite] Finished loading ./res/graphics/wall_tiles/industrial_brick_wall.png
[2025-03-22 12:34:14] [INFO] [Sprite] Finished loading ./res/graphics/wall_tiles/rock_wall.png
[2025-03-22 12:34:14] [INFO] [Sprite] Finished loading ./res/graphics/wall_tiles/dirt_wall2.png
[2025-03-22 12:34:14] [INFO] [Sprite] Finished loading ./res/graphics/wall_tiles/moss_wall2.png
[2025-03-22 12:34:14] [INFO] [Sprite] Finished loading ./res/graphics/wall_tiles/moss_wall3.png
[2025-03-22 12:34:14] [INFO] [Sprite] Finished loading ./res/graphics/wall_tiles/no_wall.png
[2025-03-22 12:34:14] [INFO] [Sprite] Finished loading ./res/graphics/wall_tiles/alien_rune_wall.png
[2025-03-22 12:34:14] [INFO] [Sprite] Finished loading ./res/graphics/wall_tiles/industrial_wall.png
[2025-03-22 12:34:14] [INFO] [Sprite] Finished loading ./res/graphics/wall_tiles/small_brick_wall2.png
[2025-03-22 12:34:14] [INFO] [Sprite] Finished loading ./res/graphics/old/liquids 2.png
[2025-03-22 12:34:14] [INFO] [Sprite] Finished loading ./res/graphics/old/gems.png
[2025-03-22 12:34:14] [INFO] [Sprite] Finished loading ./res/graphics/old/floors.png
[2025-03-22 12:34:14] [INFO] [Sprite] Finished loading ./res/graphics/old/terrains.png
[2025-03-22 12:34:14] [INFO] [Sprite] Finished loading ./res/graphics/old/gemsRaw.png
[2025-03-22 12:34:14] [INFO] [Sprite] Finished loading ./res/graphics/old/walls.png
[2025-03-22 12:34:14] [INFO] [Sprite] Finished loading ./res/graphics/old/special2.png
[2025-03-22 12:34:14] [INFO] [Sprite] Finished loading ./res/graphics/old/structures.png
[2025-03-22 12:34:14] [INFO] [Sprite] Finished loading ./res/graphics/old/special.png
[2025-03-22 12:34:14] [INFO] [Sprite] Finished loading ./res/graphics/old/liquids.png
[2025-03-22 12:34:14] [INFO] [Sprite] Finished loading ./res/graphics/old/units.png
[2025-03-22 12:34:14] [INFO] [Sprite] Finished loading ./res/graphics/old/terrains2.png
[2025-03-22 12:34:14] [INFO] [Sprite] Finished loading ./res/graphics/old/floors2.png
[2025-03-22 12:34:14] [INFO] [Sprite] Finished loading ./res/graphics/floor_tiles/sand_1_floor.png
[2025-03-22 12:34:14] [INFO] [Sprite] Finished loading ./res/graphics/floor_tiles/sand_dark_floor.png
[2025-03-22 12:34:14] [INFO] [Sprite] Finished loading ./res/graphics/floor_tiles/dirty_grass_1_floor.png
[2025-03-22 12:34:14] [INFO] [Sprite] Finished loading ./res/graphics/floor_tiles/white_sand_floor.png
[2025-03-22 12:34:14] [INFO] [Sprite] Finished loading ./res/graphics/floor_tiles/white_sands_2.png
[2025-03-22 12:34:14] [INFO] [Sprite] Finished loading ./res/graphics/floor_tiles/dirty_grass_2_floor.png
[2025-03-22 12:34:14] [INFO] [Sprite] Finished loading ./res/graphics/floor_tiles/sand_3_floor.png
[2025-03-22 12:34:14] [INFO] [Sprite] Finished loading ./res/graphics/floor_tiles/obsidian_floor.png
[2025-03-22 12:34:14] [INFO] [Sprite] Finished loading ./res/graphics/floor_tiles/base_floor.png
[2025-03-22 12:34:14] [INFO] [Sprite] Finished loading ./res/graphics/floor_tiles/sand_floor.png
[2025-03-22 12:34:14] [INFO] [Sprite] Finished loading ./res/graphics/floor_tiles/dirty_grass_3_floor.png
[2025-03-22 12:34:14] [INFO] [Sprite] Finished loading ./res/graphics/floor_tiles/sand_2_floor.png
[2025-03-22 12:34:14] [INFO] [Sprite] Finished loading ./res/graphics/units/Air_Dragon.png
[2025-03-22 12:34:14] [INFO] [Sprite] Finished loading ./res/graphics/units/Dragon.png
[2025-03-22 12:34:14] [INFO] [Sprite] Finished loading ./res/graphics/units/Dark_Dragon.png
[2025-03-22 12:34:14] [INFO] [Sprite] Finished loading ./res/graphics/units/Earth_Dragon.png
[2025-03-22 12:34:14] [INFO] [Sprite] Finished loading ./res/graphics/units/Light_Dragon.png
[2025-03-22 12:34:14] [INFO] [Sprite] Finished loading ./res/graphics/units/Water_Dragon.png
[2025-03-22 12:34:14] [INFO] [Sprite] Finished loading ./res/graphics/units/Fire_Dragon.png
[2025-03-22 12:34:14] [INFO] [Sprite] Finished loading ./res/graphics/actions/StatsDown.png
[2025-03-22 12:34:14] [INFO] [Sprite] Finished loading ./res/graphics/actions/PhysicalHit4.png
[2025-03-22 12:34:14] [INFO] [Sprite] Finished loading ./res/graphics/actions/Slash.png
[2025-03-22 12:34:14] [INFO] [Sprite] Finished loading ./res/graphics/actions/Air.png
[2025-03-22 12:34:14] [INFO] [Sprite] Finished loading ./res/graphics/actions/Dark.png
[2025-03-22 12:34:14] [INFO] [Sprite] Finished loading ./res/graphics/actions/Blunt.png
[2025-03-22 12:34:14] [INFO] [Sprite] Finished loading ./res/graphics/actions/Fire.png
[2025-03-22 12:34:14] [INFO] [Sprite] Finished loading ./res/graphics/actions/Earth.png
[2025-03-22 12:34:14] [INFO] [Sprite] Finished loading ./res/graphics/actions/Light.png
[2025-03-22 12:34:14] [INFO] [Sprite] Finished loading ./res/graphics/actions/StatsUp.png
[2025-03-22 12:34:14] [INFO] [Sprite] Finished loading ./res/graphics/actions/Water.png
[2025-03-22 12:34:14] [INFO] [Sprite] Finished loading ./res/graphics/actions/Pierce.png
[2025-03-22 12:34:14] [INFO] [Sprite] Finished loading ./res/graphics/spells/LightSpell.png
[2025-03-22 12:34:14] [INFO] [Sprite] Finished loading ./res/graphics/spells/StatsDown.png
[2025-03-22 12:34:14] [INFO] [Sprite] Finished loading ./res/graphics/spells/WindSpell.png
[2025-03-22 12:34:14] [INFO] [Sprite] Finished loading ./res/graphics/spells/WaterSpell.png
[2025-03-22 12:34:14] [INFO] [Sprite] Finished loading ./res/graphics/spells/PhysicalHit4.png
[2025-03-22 12:34:14] [INFO] [Sprite] Finished loading ./res/graphics/spells/PhysicalHit1.png
[2025-03-22 12:34:14] [INFO] [Sprite] Finished loading ./res/graphics/spells/LightningSpell.png
[2025-03-22 12:34:14] [INFO] [Sprite] Finished loading ./res/graphics/spells/PhysicalHit3.png
[2025-03-22 12:34:14] [INFO] [Sprite] Finished loading ./res/graphics/spells/PhysicalHit2.png
[2025-03-22 12:34:14] [INFO] [Sprite] Finished loading ./res/graphics/spells/FireSpell.png
[2025-03-22 12:34:14] [INFO] [Sprite] Finished loading ./res/graphics/spells/DarkSpell.png
[2025-03-22 12:34:14] [INFO] [Sprite] Finished loading ./res/graphics/spells/StatsUp.png
[2025-03-22 12:34:14] [INFO] [Sprite] Finished loading ./res/graphics/spells/EarthSpell.png
[2025-03-22 12:34:14] [INFO] [Sprite] Finished loading ./res/graphics/liquids/greater_leafage_liquid.png
[2025-03-22 12:34:14] [INFO] [Sprite] Finished loading ./res/graphics/liquids/waterV4_liquid.png
[2025-03-22 12:34:14] [INFO] [Sprite] Finished loading ./res/graphics/liquids/shallow_swamp.png
[2025-03-22 12:34:14] [INFO] [Sprite] Finished loading ./res/graphics/liquids/water5.png
[2025-03-22 12:34:14] [INFO] [Sprite] Finished loading ./res/graphics/liquids/swamp_2.png
[2025-03-22 12:34:14] [INFO] [Sprite] Finished loading ./res/graphics/liquids/Lava_liquid.png
[2025-03-22 12:34:14] [INFO] [Sprite] Finished loading ./res/graphics/liquids/swamp2.png
[2025-03-22 12:34:14] [INFO] [Sprite] Finished loading ./res/graphics/liquids/waterV33_liquid.png
[2025-03-22 12:34:14] [INFO] [Sprite] Finished loading ./res/graphics/liquids/shallow_water_liquid.png
[2025-03-22 12:34:14] [INFO] [Sprite] Finished loading ./res/graphics/liquids/water_liquid.png
[2025-03-22 12:34:14] [INFO] [Sprite] Finished loading ./res/graphics/liquids/waterV2_liquid.png
[2025-03-22 12:34:14] [INFO] [Sprite] Finished loading ./res/graphics/liquids/swamp2_liquid.png
[2025-03-22 12:34:14] [INFO] [SpriteSheetOG] Finished loading ./res/graphics
[2025-03-22 12:34:14] [INFO] [AssetPool] Finished initializing AssetPool
[2025-03-22 12:34:14] [INFO] [FontPoolV1] Started initializing FontPoolV1
[2025-03-22 12:34:14] [INFO] [FontPoolV1] Finished initializing FontPoolV1
[2025-03-22 12:34:14] [INFO] [UnitDatabase] Started initializing UnitDatabase
[2025-03-22 12:34:14] [INFO] [UnitDatabase] Successfully initialized UnitDatabase
[2025-03-22 12:34:14] [INFO] [UnitDatabase] Finished initializing UnitDatabase
[2025-03-22 12:34:14] [INFO] [JsonDatabase] Started initializing JsonDatabase
[2025-03-22 12:34:14] [INFO] [JsonTable] Started initializing JsonTable
[2025-03-22 12:34:14] [INFO] [JsonTable] Successfully initialized JsonTable
[2025-03-22 12:34:14] [INFO] [JsonTable] Finished initializing JsonTable
[2025-03-22 12:34:14] [INFO] [JsonTable] Started initializing JsonTable
[2025-03-22 12:34:14] [INFO] [JsonTable] Successfully initialized JsonTable
[2025-03-22 12:34:14] [INFO] [JsonTable] Finished initializing JsonTable
[2025-03-22 12:34:14] [INFO] [JsonTable] Started initializing JsonTable
[2025-03-22 12:34:14] [INFO] [JsonTable] Successfully initialized JsonTable
[2025-03-22 12:34:14] [INFO] [JsonTable] Finished initializing JsonTable
[2025-03-22 12:34:14] [INFO] [JsonDatabase] Successfully initialized JsonDatabase
[2025-03-22 12:34:14] [INFO] [JsonDatabase] Finished initializing JsonDatabase
[2025-03-22 12:34:14] [INFO] [Component] Setting 66d83aa2-e856-40e1-ad63-366fe81aec18 on to 5bc8b84e-a854-4c3a-b6b4-3ead1f60bdb0.
[2025-03-22 12:34:14] [INFO] [SpeedQueue] Added unit enemy:Xufuk into queue
[2025-03-22 12:34:14] [INFO] [Component] Setting 616a7c31-2f04-4e08-8aa1-1d12fa66c1ba on to 4d50f1d8-96f8-4a4a-b6cb-35519cd9189d.
[2025-03-22 12:34:14] [INFO] [SpeedQueue] Added unit enemy:Yeobuy into queue
[2025-03-22 12:34:14] [INFO] [Component] Setting 1277d448-9375-476b-a311-eedfc87ff1ab on to d5378424-e2ea-4a09-bd3d-d33ee1e81af8.
[2025-03-22 12:34:14] [INFO] [SpeedQueue] Added unit enemy:Dyxo into queue
[2025-03-22 12:34:14] [INFO] [Component] Setting 626347af-a791-4295-831b-f12e3b317763 on to 929510aa-3944-49d8-a46f-435109cbaf2e.
[2025-03-22 12:34:14] [INFO] [SpeedQueue] Added unit user:Lyjw into queue
[2025-03-22 12:34:14] [INFO] [Component] Setting 4f165d9a-7a57-44b3-85b8-974058c34619 on to be2783f4-e931-45f1-829e-af7c90bb0a6e.
[2025-03-22 12:34:14] [INFO] [SpeedQueue] Added unit user:Nezi into queue
[2025-03-22 12:34:14] [INFO] [Component] Setting 71352c14-011b-45c7-8996-b4edde5afa02 on to 6ff46614-13f5-4833-9a57-ec65c88c0d7e.
[2025-03-22 12:34:14] [INFO] [SpeedQueue] Added unit user:Aieu into queue
[2025-03-22 12:34:15] [INFO] [FontPool] Started initializing FontPool
[2025-03-22 12:34:15] [INFO] [FontPool] ✅ Successfully loaded font: Lilian
[2025-03-22 12:34:15] [INFO] [SpeedQueue] Speed queue updated.
[2025-03-22 12:34:15] [INFO] [VisualsSystem] Started creating blurred background
[2025-03-22 12:34:15] [INFO] [TimeLinePanel] Started updating the timeline panel after turn order has changed.
[2025-03-22 12:34:15] [INFO] [TimeLinePanel] Finished updating the timeline panel after turn order has changed.
[2025-03-22 12:34:15] [INFO] [SelectedTilePanel] Checksum updated, getting units at selected tiles.
[2025-03-22 12:34:15] [INFO] [SelectedTilePanel] Either no unit selected or more than one unit selected
[2025-03-22 12:34:15] [INFO] [LesserStatisticsInformationPanel] Checksum has been updated, querying statistics for unit 66d83aa2-e856-40e1-ad63-366fe81aec18
[2025-03-22 12:34:16] [INFO] [VisualsSystem] Finished creating blurred background after 0.49908754229545593 seconds
[2025-03-22 12:34:16] [INFO] [MovementSystem] Xufuk is planning to move from [4, 8] to [4, 8]
[2025-03-22 12:34:16] [INFO] [MovementSystem] Updated movement area for Xufuk
[2025-03-22 12:34:16] [INFO] [MovementSystem] Updated movement path for Xufuk
[2025-03-22 12:34:18] [INFO] [MovementSystem] Xufuk is planning to move from [4, 8] to [4, 7]
[2025-03-22 12:34:18] [INFO] [MovementSystem] Updated movement path for Xufuk
[2025-03-22 12:34:18] [INFO] [Component] Setting 66d83aa2-e856-40e1-ad63-366fe81aec18 on to bf858a8e-d30e-4f19-9e0b-6ab21833f422.
[2025-03-22 12:34:18] [INFO] [MovementSystem] Moved from [4, 8] to [4, 7]
