[2025-05-02 16:20:28] [INFO] [UnitTable] Started initializing UnitTable
[2025-05-02 16:20:28] [INFO] [EmeritusDatabase] Started initializing EmeritusDatabase
[2025-05-02 16:20:28] [INFO] [EmeritusDatabase] Finished initializing EmeritusDatabase
[2025-05-02 16:20:28] [INFO] [UnitTable] Successfully initialized UnitTable
[2025-05-02 16:20:28] [INFO] [UnitTable] Finished initializing UnitTable
[2025-05-02 16:20:28] [INFO] [AbilityTable] Started initializing AbilityTable
[2025-05-02 16:20:28] [INFO] [AbilityTable] Finished initializing AbilityTable
[2025-05-02 16:20:28] [INFO] [UserSaveStateManager] Started loading user save data
[2025-05-02 16:20:28] [INFO] [UserSaveStateManager] Finished loading user save data
[2025-05-02 16:20:28] [INFO] [AssetPool] Started initializing AssetPool
[2025-05-02 16:20:28] [INFO] [AssetNameSpace] Started loading Sprite's from ./res/graphics
[2025-05-02 16:20:28] [INFO] [AssetNameSpace] Finished reading files for sprites
[2025-05-02 16:20:28] [INFO] [AssetNameSpace] Finished loading ./res/graphics
[2025-05-02 16:20:28] [INFO] [AssetPool] Finished initializing AssetPool
[2025-05-02 16:20:28] [INFO] [Component] Setting dark_dragon_Bedwhe_aee05202-937d-430b-8a34-71bfdcb1d54d on to {"row":1,"column":11,"height":0,"spawn_region":"Right","collider":"","unit":"dark_dragon_Bedwhe_aee05202-937d-430b-8a34-71bfdcb1d54d","structure":""}.
[2025-05-02 16:20:28] [INFO] [SpeedQueue] Added unit enemy:Bedwhe into queue
[2025-05-02 16:20:28] [INFO] [Component] Setting air_dragon_Jaje_97e62f8b-a690-49bc-a585-a0719bdfe5dc on to {"row":6,"column":10,"height":0,"spawn_region":"Right","collider":"","unit":"air_dragon_Jaje_97e62f8b-a690-49bc-a585-a0719bdfe5dc","structure":""}.
[2025-05-02 16:20:28] [INFO] [SpeedQueue] Added unit enemy:Jaje into queue
[2025-05-02 16:20:28] [INFO] [Component] Setting dark_dragon_Xizdau_a93b99c1-3dec-4345-8bce-9ae81d1fef7f on to {"row":3,"column":1,"height":0,"spawn_region":"Left","collider":"","unit":"dark_dragon_Xizdau_a93b99c1-3dec-4345-8bce-9ae81d1fef7f","structure":""}.
[2025-05-02 16:20:28] [INFO] [SpeedQueue] Added unit enemy:Xizdau into queue
[2025-05-02 16:20:28] [INFO] [Component] Setting fire_dragon_Weuxr_6736ecfc-e2e5-49d8-909f-a7860f509a6a on to {"row":0,"column":0,"height":0,"spawn_region":"Left","collider":"","unit":"fire_dragon_Weuxr_6736ecfc-e2e5-49d8-909f-a7860f509a6a","structure":""}.
[2025-05-02 16:20:28] [INFO] [SpeedQueue] Added unit enemy:Weuxr into queue
[2025-05-02 16:20:28] [INFO] [Component] Setting fire_dragon_Uihey_24a59ac5-6ab9-4af5-8a53-598655ebe7d5 on to {"row":3,"column":4,"height":0,"collider":"","unit":"fire_dragon_Uihey_24a59ac5-6ab9-4af5-8a53-598655ebe7d5","structure":""}.
[2025-05-02 16:20:28] [INFO] [SpeedQueue] Added unit enemy:Uihey into queue
[2025-05-02 16:20:28] [INFO] [Component] Setting dragon_Eurq_93fcb96c-bf53-4168-8bac-7bf07ddb1745 on to {"row":4,"column":4,"height":0,"collider":"","unit":"dragon_Eurq_93fcb96c-bf53-4168-8bac-7bf07ddb1745","structure":""}.
[2025-05-02 16:20:28] [INFO] [SpeedQueue] Added unit user:Eurq into queue
[2025-05-02 16:20:28] [INFO] [Component] Setting water_dragon_Yevi_49845d71-8618-49ed-af4e-b40d5aa2aec9 on to {"row":1,"column":0,"height":0,"spawn_region":"Left","collider":"","unit":"water_dragon_Yevi_49845d71-8618-49ed-af4e-b40d5aa2aec9","structure":""}.
[2025-05-02 16:20:28] [INFO] [SpeedQueue] Added unit user:Yevi into queue
[2025-05-02 16:20:28] [INFO] [Component] Setting dark_dragon_Eejeu_d6ffbdda-ca06-43e0-93a4-83165531f7fd on to {"row":0,"column":9,"height":0,"collider":"","unit":"dark_dragon_Eejeu_d6ffbdda-ca06-43e0-93a4-83165531f7fd","structure":""}.
[2025-05-02 16:20:28] [INFO] [SpeedQueue] Added unit user:Eejeu into queue
[2025-05-02 16:20:28] [INFO] [Component] Setting earth_dragon_Satuaa_82534ed5-755e-41b5-81eb-27f822c5d54c on to {"row":5,"column":9,"height":0,"collider":"","unit":"earth_dragon_Satuaa_82534ed5-755e-41b5-81eb-27f822c5d54c","structure":""}.
[2025-05-02 16:20:28] [INFO] [SpeedQueue] Added unit user:Satuaa into queue
[2025-05-02 16:20:28] [INFO] [Component] Setting dragon_Gyqiyt_cd65024f-5b8b-4a3d-a6f5-1fdd335df944 on to {"row":0,"column":4,"height":0,"collider":"","unit":"dragon_Gyqiyt_cd65024f-5b8b-4a3d-a6f5-1fdd335df944","structure":""}.
[2025-05-02 16:20:28] [INFO] [SpeedQueue] Added unit user:Gyqiyt into queue
[2025-05-02 16:20:28] [INFO] [EngineController] Started setting scene to MENU_SCENE
[2025-05-02 16:20:28] [INFO] [EngineController] Finished setting scene to MENU_SCENE
[2025-05-02 16:20:28] [INFO] [EngineController] Started setting scene to MAP_EDITOR_SCENE
[2025-05-02 16:20:28] [INFO] [FontPool] Started initializing FontPool
[2025-05-02 16:20:28] [INFO] [FontPool] ✅ Successfully loaded font: Lilian
[2025-05-02 16:20:28] [INFO] [MapEditorScene] Starting to create new GameController!
[2025-05-02 16:20:28] [INFO] [MapEditorScene] Successfully created new GameController!
[2025-05-02 16:20:29] [INFO] [EngineController] Finished setting scene to MAP_EDITOR_SCENE
[2025-05-02 16:20:29] [INFO] [EngineController] Started setting scene to GAME_SCENE
[2025-05-02 16:20:29] [INFO] [EngineController] Finished setting scene to GAME_SCENE
[2025-05-02 16:20:29] [INFO] [AbilitySystem] Started updating {} because of ability
[2025-05-02 16:20:29] [INFO] [AbilitySystem] Finished update updating {} because of ability
[2025-05-02 16:20:29] [INFO] [AbilitySystem] Started updating {} because of ability
[2025-05-02 16:20:29] [INFO] [AbilitySystem] Finished update updating {} because of ability
[2025-05-02 16:20:29] [INFO] [AbilitySystem] Started updating {} because of ability
[2025-05-02 16:20:29] [INFO] [AbilitySystem] Finished update updating {} because of ability
[2025-05-02 16:20:29] [INFO] [AbilitySystem] Started updating {} because of ability
[2025-05-02 16:20:29] [INFO] [AbilitySystem] Finished update updating {} because of ability
[2025-05-02 16:20:29] [INFO] [AbilitySystem] Started updating {} because of ability
[2025-05-02 16:20:29] [INFO] [AbilitySystem] Finished update updating {} because of ability
[2025-05-02 16:20:29] [INFO] [AbilitySystem] Started updating {} because of ability
[2025-05-02 16:20:29] [INFO] [AbilitySystem] Finished update updating {} because of ability
[2025-05-02 16:20:29] [INFO] [AbilitySystem] Started updating {} because of ability
[2025-05-02 16:20:29] [INFO] [AbilitySystem] Finished update updating {} because of ability
[2025-05-02 16:20:29] [INFO] [AbilitySystem] Started updating {} because of ability
[2025-05-02 16:20:29] [INFO] [AbilitySystem] Finished update updating {} because of ability
[2025-05-02 16:20:29] [INFO] [AbilitySystem] Started updating {} because of ability
[2025-05-02 16:20:29] [INFO] [AbilitySystem] Finished update updating {} because of ability
[2025-05-02 16:20:29] [INFO] [AbilitySystem] Started updating {} because of ability
[2025-05-02 16:20:29] [INFO] [AbilitySystem] Finished update updating {} because of ability
[2025-05-02 16:20:29] [INFO] [SpeedQueue] Speed queue updated.
[2025-05-02 16:20:29] [INFO] [AbilityPanel] Updating ability selection for air_dragon_Jaje_97e62f8b-a690-49bc-a585-a0719bdfe5dc
[2025-05-02 16:20:29] [INFO] [AbilityPanel] Finished ability selection for air_dragon_Jaje_97e62f8b-a690-49bc-a585-a0719bdfe5dc
[2025-05-02 16:20:29] [INFO] [MovementPanel] Started update to Movement Information panel.
[2025-05-02 16:20:29] [INFO] [MovementPanel] Finished update to Movement Information panel.
[2025-05-02 16:20:29] [INFO] [TimeLinePanel] Started updating the timeline panel after turn order has changed.
[2025-05-02 16:20:29] [INFO] [TimeLinePanel] Finished updating the timeline panel after turn order has changed.
[2025-05-02 16:20:29] [INFO] [SelectedTilePanel] Checksum updated, getting units at selected tiles.
[2025-05-02 16:20:29] [INFO] [SelectedTilePanel] Either no unit selected or more than one unit selected
[2025-05-02 16:20:29] [INFO] [VisualsSystem] Started creating blurred background
[2025-05-02 16:20:29] [INFO] [VisualsSystem] Finished creating blurred background after 0.48838603496551514 seconds
[2025-05-02 16:20:29] [INFO] [AbilitySystem] Started updating {} because of ability
[2025-05-02 16:20:29] [INFO] [AbilitySystem] Finished update updating {} because of ability
[2025-05-02 16:20:29] [INFO] [AbilitySystem] Started updating {} because of ability
[2025-05-02 16:20:29] [INFO] [AbilitySystem] Finished update updating {} because of ability
[2025-05-02 16:20:29] [INFO] [AbilitySystem] Started updating {} because of ability
[2025-05-02 16:20:29] [INFO] [AbilitySystem] Finished update updating {} because of ability
[2025-05-02 16:20:29] [INFO] [AbilitySystem] Started updating {} because of ability
[2025-05-02 16:20:29] [INFO] [AbilitySystem] Finished update updating {} because of ability
[2025-05-02 16:20:29] [INFO] [AbilitySystem] Started updating {} because of ability
[2025-05-02 16:20:29] [INFO] [AbilitySystem] Finished update updating {} because of ability
[2025-05-02 16:20:29] [INFO] [AbilitySystem] Started updating {} because of ability
[2025-05-02 16:20:29] [INFO] [AbilitySystem] Finished update updating {} because of ability
[2025-05-02 16:20:29] [INFO] [AbilitySystem] Started updating {} because of ability
[2025-05-02 16:20:29] [INFO] [AbilitySystem] Finished update updating {} because of ability
[2025-05-02 16:20:29] [INFO] [AbilitySystem] Started updating {} because of ability
[2025-05-02 16:20:29] [INFO] [AbilitySystem] Finished update updating {} because of ability
[2025-05-02 16:20:29] [INFO] [AbilityPanel] Updating ability selection for air_dragon_Jaje_97e62f8b-a690-49bc-a585-a0719bdfe5dc
[2025-05-02 16:20:29] [INFO] [AbilityPanel] Finished ability selection for air_dragon_Jaje_97e62f8b-a690-49bc-a585-a0719bdfe5dc
[2025-05-02 16:20:29] [INFO] [MovementPanel] Started update to Movement Information panel.
[2025-05-02 16:20:29] [INFO] [MovementPanel] Finished update to Movement Information panel.
[2025-05-02 16:20:29] [INFO] [AbilitySystem] Started updating {} because of ability
[2025-05-02 16:20:29] [INFO] [AbilitySystem] Finished update updating {} because of ability
[2025-05-02 16:20:29] [INFO] [AbilitySystem] Started updating {} because of ability
[2025-05-02 16:20:29] [INFO] [AbilitySystem] Finished update updating {} because of ability
[2025-05-02 16:20:29] [INFO] [AbilitySystem] Started updating {} because of ability
[2025-05-02 16:20:29] [INFO] [AbilitySystem] Finished update updating {} because of ability
[2025-05-02 16:20:29] [INFO] [AbilitySystem] Started updating {} because of ability
[2025-05-02 16:20:29] [INFO] [AbilitySystem] Finished update updating {} because of ability
[2025-05-02 16:20:29] [INFO] [AbilitySystem] Started updating {} because of ability
[2025-05-02 16:20:29] [INFO] [AbilitySystem] Finished update updating {} because of ability
[2025-05-02 16:20:29] [INFO] [AbilitySystem] Started updating {} because of ability
[2025-05-02 16:20:29] [INFO] [AbilitySystem] Finished update updating {} because of ability
[2025-05-02 16:20:29] [INFO] [AbilitySystem] Started updating {} because of ability
[2025-05-02 16:20:29] [INFO] [AbilitySystem] Finished update updating {} because of ability
[2025-05-02 16:20:29] [INFO] [AbilitySystem] Started updating {} because of ability
[2025-05-02 16:20:29] [INFO] [AbilitySystem] Finished update updating {} because of ability
[2025-05-02 16:20:29] [INFO] [AbilityPanel] Updating ability selection for air_dragon_Jaje_97e62f8b-a690-49bc-a585-a0719bdfe5dc
[2025-05-02 16:20:29] [INFO] [AbilityPanel] Finished ability selection for air_dragon_Jaje_97e62f8b-a690-49bc-a585-a0719bdfe5dc
[2025-05-02 16:20:29] [INFO] [MovementPanel] Started update to Movement Information panel.
[2025-05-02 16:20:29] [INFO] [MovementPanel] Finished update to Movement Information panel.
[2025-05-02 16:20:29] [INFO] [AbilitySystem] Started updating {} because of ability
[2025-05-02 16:20:29] [INFO] [AbilitySystem] Finished update updating {} because of ability
[2025-05-02 16:20:29] [INFO] [AbilityPanel] Updating ability selection for air_dragon_Jaje_97e62f8b-a690-49bc-a585-a0719bdfe5dc
[2025-05-02 16:20:29] [INFO] [AbilityPanel] Finished ability selection for air_dragon_Jaje_97e62f8b-a690-49bc-a585-a0719bdfe5dc
[2025-05-02 16:20:29] [INFO] [MovementPanel] Started update to Movement Information panel.
[2025-05-02 16:20:29] [INFO] [MovementPanel] Finished update to Movement Information panel.
[2025-05-02 16:20:29] [INFO] [AbilitySystem] Started updating {} because of ability
[2025-05-02 16:20:29] [INFO] [AbilitySystem] Finished update updating {} because of ability
[2025-05-02 16:20:34] [INFO] [InputHandler] Gliding 0 camera to new tile 6_10_f71881e7-3085-43b1-8799-fc19d78b252f
[2025-05-02 16:20:34] [INFO] [InputHandler] Gliding 1 camera to new tile 6_10_f71881e7-3085-43b1-8799-fc19d78b252f
[2025-05-02 16:20:34] [INFO] [StatisticsPanel] Started updating Statistics Information Panel for entity air_dragon_Jaje_97e62f8b-a690-49bc-a585-a0719bdfe5dc
[2025-05-02 16:20:34] [INFO] [StatisticsPanel] Finished updating Statistics Information Panel for entity air_dragon_Jaje_97e62f8b-a690-49bc-a585-a0719bdfe5dc
[2025-05-02 16:20:34] [INFO] [SelectedTilePanel] Checksum updated, getting units at selected tiles.
[2025-05-02 16:20:34] [INFO] [SelectedTilePanel] Updated selected tile display to view Jaje
[2025-05-02 16:20:38] [INFO] [StatisticsPanel] Started updating Statistics Information Panel for entity null
[2025-05-02 16:20:38] [INFO] [StatisticsPanel] Finished updating Statistics Information Panel for entity null
[2025-05-02 16:20:38] [INFO] [SelectedTilePanel] Checksum updated, getting units at selected tiles.
[2025-05-02 16:20:38] [INFO] [SelectedTilePanel] Either no unit selected or more than one unit selected
[2025-05-02 16:20:39] [INFO] [SelectedTilePanel] Checksum updated, getting units at selected tiles.
[2025-05-02 16:20:39] [INFO] [SelectedTilePanel] Either no unit selected or more than one unit selected
