[2025-04-19 11:36:34] [INFO] [UnitTable] Started initializing UnitTable
[2025-04-19 11:36:35] [INFO] [EmeritusDatabase] Started initializing EmeritusDatabase
[2025-04-19 11:36:35] [INFO] [EmeritusDatabase] Finished initializing EmeritusDatabase
[2025-04-19 11:36:35] [INFO] [UnitTable] Successfully initialized UnitTable
[2025-04-19 11:36:35] [INFO] [UnitTable] Finished initializing UnitTable
[2025-04-19 11:36:35] [INFO] [AbilityTable] Started initializing AbilityTable
[2025-04-19 11:36:35] [INFO] [AbilityTable] Finished initializing AbilityTable
[2025-04-19 11:36:35] [INFO] [UserSaveStateManager] Started loading user save data
[2025-04-19 11:36:35] [INFO] [UserSaveStateManager] Finished loading user save data
[2025-04-19 11:36:35] [INFO] [AssetPool] Started initializing AssetPool
[2025-04-19 11:36:35] [INFO] [AssetNameSpace] Started loading Sprite's from ./res/graphics
[2025-04-19 11:36:35] [INFO] [AssetNameSpace] Finished reading files for sprites
[2025-04-19 11:36:35] [INFO] [AssetNameSpace] Finished loading ./res/graphics
[2025-04-19 11:36:35] [INFO] [AssetPool] Finished initializing AssetPool
[2025-04-19 11:36:35] [INFO] [Component] Setting dragon_Puqz_ad50499b-a5dd-4598-bba6-ca1eaf039594 on to {"row":6,"column":2,"height":0,"spawn_region":[],"collider":"","unit":"dragon_Puqz_ad50499b-a5dd-4598-bba6-ca1eaf039594","structure":""}.
[2025-04-19 11:36:35] [INFO] [SpeedQueue] Added unit enemy:Puqz into queue
[2025-04-19 11:36:35] [INFO] [Component] Setting fire_dragon_Zeuy_326d7cee-d21f-4be4-abf3-255b316a5f9d on to {"row":3,"column":1,"height":0,"spawn_region":[],"collider":"","unit":"fire_dragon_Zeuy_326d7cee-d21f-4be4-abf3-255b316a5f9d","structure":""}.
[2025-04-19 11:36:35] [INFO] [SpeedQueue] Added unit enemy:Zeuy into queue
[2025-04-19 11:36:35] [INFO] [Component] Setting earth_dragon_Bamu_5a06c9b2-1412-4eb1-9b7a-ae96967faf66 on to {"row":6,"column":7,"height":0,"spawn_region":[],"collider":"","unit":"earth_dragon_Bamu_5a06c9b2-1412-4eb1-9b7a-ae96967faf66","structure":""}.
[2025-04-19 11:36:35] [INFO] [SpeedQueue] Added unit enemy:Bamu into queue
[2025-04-19 11:36:35] [INFO] [Component] Setting light_dragon_Kebma_6b86bf0f-46b6-432b-814a-ffa503df15ec on to {"row":3,"column":0,"height":0,"spawn_region":[],"collider":"","unit":"light_dragon_Kebma_6b86bf0f-46b6-432b-814a-ffa503df15ec","structure":""}.
[2025-04-19 11:36:35] [INFO] [SpeedQueue] Added unit enemy:Kebma into queue
[2025-04-19 11:36:35] [INFO] [Component] Setting fire_dragon_Potv_89d2cf13-6bfb-4df9-8419-4d1148652260 on to {"row":0,"column":6,"height":0,"spawn_region":[],"collider":"","unit":"fire_dragon_Potv_89d2cf13-6bfb-4df9-8419-4d1148652260","structure":""}.
[2025-04-19 11:36:35] [INFO] [SpeedQueue] Added unit enemy:Potv into queue
[2025-04-19 11:36:35] [INFO] [Component] Setting dark_dragon_Yoii_dc2e1a08-6040-46b1-8f25-5e2fbba1d04b on to {"row":0,"column":5,"height":0,"spawn_region":[],"collider":"","unit":"dark_dragon_Yoii_dc2e1a08-6040-46b1-8f25-5e2fbba1d04b","structure":""}.
[2025-04-19 11:36:35] [INFO] [SpeedQueue] Added unit user:Yoii into queue
[2025-04-19 11:36:35] [INFO] [EngineController] Started setting scene to MENU_SCENE
[2025-04-19 11:36:35] [INFO] [EngineController] Finished setting scene to MENU_SCENE
[2025-04-19 11:36:35] [INFO] [EngineController] Started setting scene to MAP_EDITOR_SCENE
[2025-04-19 11:36:35] [INFO] [FontPool] Started initializing FontPool
[2025-04-19 11:36:35] [INFO] [FontPool] ✅ Successfully loaded font: Lilian
[2025-04-19 11:36:35] [INFO] [MapEditorScene] Starting to create new GameController!
[2025-04-19 11:36:35] [INFO] [MapEditorScene] Successfully created new GameController!
[2025-04-19 11:36:35] [INFO] [EngineController] Finished setting scene to MAP_EDITOR_SCENE
[2025-04-19 11:36:35] [INFO] [InputHandler] Gliding 0 camera to new tile 10_12_30fb91e9-6b55-48e6-8aa6-edb0b5119ae1
[2025-04-19 11:36:36] [INFO] [TimeLinePanel] Started updating the timeline panel after turn order has changed.
[2025-04-19 11:36:36] [INFO] [TimeLinePanel] Finished updating the timeline panel after turn order has changed.
[2025-04-19 11:36:36] [INFO] [SelectedTilePanel] Checksum updated, getting units at selected tiles.
[2025-04-19 11:36:36] [INFO] [SelectedTilePanel] Either no unit selected or more than one unit selected
[2025-04-19 11:36:36] [INFO] [VisualsSystem] Started creating blurred background
[2025-04-19 11:36:36] [INFO] [VisualsSystem] Finished creating blurred background after 0.4874621629714966 seconds
[2025-04-19 11:36:37] [INFO] [MapEditorScene] Updated hoveredTilePanes 1106,229
[2025-04-19 11:36:41] [INFO] [MapEditorScene] Updated hoveredTilePanes 337,755
[2025-04-19 11:36:47] [INFO] [MapEditorScene] Updated hoveredTilePanes 1122,585
[2025-04-19 11:36:47] [INFO] [MapEditorScene] Updated hoveredTilePanes 1115,580
[2025-04-19 11:36:47] [INFO] [MapEditorScene] Updated hoveredTilePanes 1106,576
[2025-04-19 11:36:47] [INFO] [MapEditorScene] Updated hoveredTilePanes 1095,572
[2025-04-19 11:36:47] [INFO] [MapEditorScene] Updated hoveredTilePanes 1086,568
[2025-04-19 11:36:47] [INFO] [MapEditorScene] Updated hoveredTilePanes 1077,565
[2025-04-19 11:36:47] [INFO] [MapEditorScene] Updated hoveredTilePanes 1066,559
[2025-04-19 11:36:47] [INFO] [MapEditorScene] Updated hoveredTilePanes 1063,558
[2025-04-19 11:36:47] [INFO] [MapEditorScene] Updated hoveredTilePanes 1046,552
[2025-04-19 11:36:47] [INFO] [MapEditorScene] Updated hoveredTilePanes 1035,547
[2025-04-19 11:36:47] [INFO] [MapEditorScene] Updated hoveredTilePanes 1026,545
[2025-04-19 11:36:47] [INFO] [MapEditorScene] Updated hoveredTilePanes 1017,544
[2025-04-19 11:36:47] [INFO] [MapEditorScene] Updated hoveredTilePanes 1012,543
[2025-04-19 11:36:47] [INFO] [MapEditorScene] Updated hoveredTilePanes 1004,541
[2025-04-19 11:36:47] [INFO] [MapEditorScene] Updated hoveredTilePanes 997,539
[2025-04-19 11:36:47] [INFO] [MapEditorScene] Updated hoveredTilePanes 988,539
[2025-04-19 11:36:47] [INFO] [MapEditorScene] Updated hoveredTilePanes 984,538
[2025-04-19 11:36:47] [INFO] [MapEditorScene] Updated hoveredTilePanes 977,538
[2025-04-19 11:36:47] [INFO] [MapEditorScene] Updated hoveredTilePanes 972,538
[2025-04-19 11:36:47] [INFO] [MapEditorScene] Updated hoveredTilePanes 969,537
[2025-04-19 11:36:47] [INFO] [MapEditorScene] Updated hoveredTilePanes 966,537
[2025-04-19 11:36:47] [INFO] [MapEditorScene] Updated hoveredTilePanes 962,537
[2025-04-19 11:36:47] [INFO] [MapEditorScene] Updated hoveredTilePanes 959,537
[2025-04-19 11:36:47] [INFO] [MapEditorScene] Updated hoveredTilePanes 957,537
[2025-04-19 11:36:47] [INFO] [MapEditorScene] Updated hoveredTilePanes 955,537
[2025-04-19 11:36:47] [INFO] [MapEditorScene] Updated hoveredTilePanes 953,537
[2025-04-19 11:36:47] [INFO] [MapEditorScene] Updated hoveredTilePanes 951,537
[2025-04-19 11:36:47] [INFO] [MapEditorScene] Updated hoveredTilePanes 949,537
[2025-04-19 11:36:47] [INFO] [MapEditorScene] Updated hoveredTilePanes 947,537
[2025-04-19 11:36:47] [INFO] [MapEditorScene] Updated hoveredTilePanes 944,538
[2025-04-19 11:36:47] [INFO] [MapEditorScene] Updated hoveredTilePanes 942,539
[2025-04-19 11:36:47] [INFO] [MapEditorScene] Updated hoveredTilePanes 939,541
[2025-04-19 11:36:47] [INFO] [MapEditorScene] Updated hoveredTilePanes 934,542
[2025-04-19 11:36:47] [INFO] [MapEditorScene] Updated hoveredTilePanes 931,543
[2025-04-19 11:36:47] [INFO] [MapEditorScene] Updated hoveredTilePanes 926,545
[2025-04-19 11:36:47] [INFO] [MapEditorScene] Updated hoveredTilePanes 923,547
[2025-04-19 11:36:47] [INFO] [MapEditorScene] Updated hoveredTilePanes 919,548
[2025-04-19 11:36:47] [INFO] [MapEditorScene] Updated hoveredTilePanes 916,548
[2025-04-19 11:36:47] [INFO] [MapEditorScene] Updated hoveredTilePanes 913,549
[2025-04-19 11:36:47] [INFO] [MapEditorScene] Updated hoveredTilePanes 910,550
[2025-04-19 11:36:47] [INFO] [MapEditorScene] Updated hoveredTilePanes 908,551
[2025-04-19 11:36:47] [INFO] [MapEditorScene] Updated hoveredTilePanes 904,551
[2025-04-19 11:36:47] [INFO] [MapEditorScene] Updated hoveredTilePanes 901,552
[2025-04-19 11:36:47] [INFO] [MapEditorScene] Updated hoveredTilePanes 899,552
[2025-04-19 11:36:47] [INFO] [MapEditorScene] Updated hoveredTilePanes 897,552
[2025-04-19 11:36:47] [INFO] [MapEditorScene] Updated hoveredTilePanes 894,552
[2025-04-19 11:36:47] [INFO] [MapEditorScene] Updated hoveredTilePanes 892,552
[2025-04-19 11:36:47] [INFO] [MapEditorScene] Updated hoveredTilePanes 890,552
[2025-04-19 11:36:47] [INFO] [MapEditorScene] Updated hoveredTilePanes 888,552
[2025-04-19 11:36:47] [INFO] [MapEditorScene] Updated hoveredTilePanes 886,552
[2025-04-19 11:36:47] [INFO] [MapEditorScene] Updated hoveredTilePanes 884,552
[2025-04-19 11:36:47] [INFO] [MapEditorScene] Updated hoveredTilePanes 882,553
[2025-04-19 11:36:47] [INFO] [MapEditorScene] Updated hoveredTilePanes 881,553
[2025-04-19 11:36:47] [INFO] [MapEditorScene] Updated hoveredTilePanes 880,553
[2025-04-19 11:36:47] [INFO] [MapEditorScene] Updated hoveredTilePanes 879,553
[2025-04-19 11:36:47] [INFO] [MapEditorScene] Updated hoveredTilePanes 877,553
[2025-04-19 11:36:51] [INFO] [MapEditorScene] Updated hoveredTilePanes 876,553
[2025-04-19 11:36:51] [INFO] [MapEditorScene] Updated hoveredTilePanes 871,550
[2025-04-19 11:36:51] [INFO] [MapEditorScene] Updated hoveredTilePanes 866,546
[2025-04-19 11:36:51] [INFO] [MapEditorScene] Updated hoveredTilePanes 859,543
[2025-04-19 11:36:51] [INFO] [MapEditorScene] Updated hoveredTilePanes 853,539
[2025-04-19 11:36:51] [INFO] [MapEditorScene] Updated hoveredTilePanes 841,534
[2025-04-19 11:36:51] [INFO] [MapEditorScene] Updated hoveredTilePanes 830,529
[2025-04-19 11:36:51] [INFO] [MapEditorScene] Updated hoveredTilePanes 819,525
[2025-04-19 11:36:51] [INFO] [MapEditorScene] Updated hoveredTilePanes 806,520
[2025-04-19 11:36:51] [INFO] [MapEditorScene] Updated hoveredTilePanes 795,515
[2025-04-19 11:36:51] [INFO] [MapEditorScene] Updated hoveredTilePanes 784,511
[2025-04-19 11:36:51] [INFO] [MapEditorScene] Updated hoveredTilePanes 773,507
[2025-04-19 11:36:51] [INFO] [MapEditorScene] Updated hoveredTilePanes 759,504
[2025-04-19 11:36:51] [INFO] [MapEditorScene] Updated hoveredTilePanes 750,500
[2025-04-19 11:36:51] [INFO] [MapEditorScene] Updated hoveredTilePanes 739,497
[2025-04-19 11:36:51] [INFO] [MapEditorScene] Updated hoveredTilePanes 734,496
[2025-04-19 11:36:51] [INFO] [MapEditorScene] Updated hoveredTilePanes 725,494
[2025-04-19 11:36:51] [INFO] [MapEditorScene] Updated hoveredTilePanes 719,492
[2025-04-19 11:36:51] [INFO] [MapEditorScene] Updated hoveredTilePanes 712,491
[2025-04-19 11:36:51] [INFO] [MapEditorScene] Updated hoveredTilePanes 705,488
[2025-04-19 11:36:51] [INFO] [MapEditorScene] Updated hoveredTilePanes 699,487
[2025-04-19 11:36:51] [INFO] [MapEditorScene] Updated hoveredTilePanes 694,486
[2025-04-19 11:36:51] [INFO] [MapEditorScene] Updated hoveredTilePanes 689,484
[2025-04-19 11:36:51] [INFO] [MapEditorScene] Updated hoveredTilePanes 684,483
[2025-04-19 11:36:51] [INFO] [MapEditorScene] Updated hoveredTilePanes 680,482
[2025-04-19 11:36:51] [INFO] [MapEditorScene] Updated hoveredTilePanes 675,481
[2025-04-19 11:36:51] [INFO] [MapEditorScene] Updated hoveredTilePanes 670,479
[2025-04-19 11:36:51] [INFO] [MapEditorScene] Updated hoveredTilePanes 665,478
[2025-04-19 11:36:51] [INFO] [MapEditorScene] Updated hoveredTilePanes 661,477
[2025-04-19 11:36:51] [INFO] [MapEditorScene] Updated hoveredTilePanes 657,475
[2025-04-19 11:36:51] [INFO] [MapEditorScene] Updated hoveredTilePanes 652,474
[2025-04-19 11:36:51] [INFO] [MapEditorScene] Updated hoveredTilePanes 648,473
[2025-04-19 11:36:51] [INFO] [MapEditorScene] Updated hoveredTilePanes 643,471
[2025-04-19 11:36:51] [INFO] [MapEditorScene] Updated hoveredTilePanes 638,470
[2025-04-19 11:36:51] [INFO] [MapEditorScene] Updated hoveredTilePanes 633,468
[2025-04-19 11:36:51] [INFO] [MapEditorScene] Updated hoveredTilePanes 630,468
[2025-04-19 11:36:51] [INFO] [MapEditorScene] Updated hoveredTilePanes 625,467
[2025-04-19 11:36:51] [INFO] [MapEditorScene] Updated hoveredTilePanes 620,465
[2025-04-19 11:36:51] [INFO] [MapEditorScene] Updated hoveredTilePanes 616,464
[2025-04-19 11:36:51] [INFO] [MapEditorScene] Updated hoveredTilePanes 611,462
[2025-04-19 11:36:51] [INFO] [MapEditorScene] Updated hoveredTilePanes 606,461
[2025-04-19 11:36:51] [INFO] [MapEditorScene] Updated hoveredTilePanes 601,460
[2025-04-19 11:36:51] [INFO] [MapEditorScene] Updated hoveredTilePanes 597,458
[2025-04-19 11:36:51] [INFO] [MapEditorScene] Updated hoveredTilePanes 592,457
[2025-04-19 11:36:51] [INFO] [MapEditorScene] Updated hoveredTilePanes 588,456
[2025-04-19 11:36:51] [INFO] [MapEditorScene] Updated hoveredTilePanes 584,455
[2025-04-19 11:36:51] [INFO] [MapEditorScene] Updated hoveredTilePanes 579,455
[2025-04-19 11:36:51] [INFO] [MapEditorScene] Updated hoveredTilePanes 576,454
[2025-04-19 11:36:51] [INFO] [MapEditorScene] Updated hoveredTilePanes 571,453
[2025-04-19 11:36:51] [INFO] [MapEditorScene] Updated hoveredTilePanes 566,453
[2025-04-19 11:36:51] [INFO] [MapEditorScene] Updated hoveredTilePanes 561,453
[2025-04-19 11:36:51] [INFO] [MapEditorScene] Updated hoveredTilePanes 556,452
[2025-04-19 11:36:51] [INFO] [MapEditorScene] Updated hoveredTilePanes 552,452
[2025-04-19 11:36:51] [INFO] [MapEditorScene] Updated hoveredTilePanes 547,452
[2025-04-19 11:36:51] [INFO] [MapEditorScene] Updated hoveredTilePanes 542,452
[2025-04-19 11:36:51] [INFO] [MapEditorScene] Updated hoveredTilePanes 537,451
[2025-04-19 11:36:51] [INFO] [MapEditorScene] Updated hoveredTilePanes 534,451
[2025-04-19 11:36:51] [INFO] [MapEditorScene] Updated hoveredTilePanes 529,451
[2025-04-19 11:36:51] [INFO] [MapEditorScene] Updated hoveredTilePanes 524,450
[2025-04-19 11:36:51] [INFO] [MapEditorScene] Updated hoveredTilePanes 521,450
[2025-04-19 11:36:51] [INFO] [MapEditorScene] Updated hoveredTilePanes 516,449
[2025-04-19 11:36:51] [INFO] [MapEditorScene] Updated hoveredTilePanes 512,448
[2025-04-19 11:36:51] [INFO] [MapEditorScene] Updated hoveredTilePanes 503,448
[2025-04-19 11:36:51] [INFO] [MapEditorScene] Updated hoveredTilePanes 500,447
[2025-04-19 11:36:51] [INFO] [MapEditorScene] Updated hoveredTilePanes 491,446
[2025-04-19 11:36:51] [INFO] [MapEditorScene] Updated hoveredTilePanes 484,444
[2025-04-19 11:36:51] [INFO] [MapEditorScene] Updated hoveredTilePanes 481,444
[2025-04-19 11:36:51] [INFO] [MapEditorScene] Updated hoveredTilePanes 467,441
[2025-04-19 11:36:51] [INFO] [MapEditorScene] Updated hoveredTilePanes 458,439
[2025-04-19 11:36:51] [INFO] [MapEditorScene] Updated hoveredTilePanes 455,439
[2025-04-19 11:36:51] [INFO] [MapEditorScene] Updated hoveredTilePanes 446,438
[2025-04-19 11:36:51] [INFO] [MapEditorScene] Updated hoveredTilePanes 435,437
[2025-04-19 11:36:51] [INFO] [MapEditorScene] Updated hoveredTilePanes 430,436
[2025-04-19 11:36:51] [INFO] [MapEditorScene] Updated hoveredTilePanes 419,434
[2025-04-19 11:36:51] [INFO] [MapEditorScene] Updated hoveredTilePanes 410,434
[2025-04-19 11:36:51] [INFO] [MapEditorScene] Updated hoveredTilePanes 402,433
[2025-04-19 11:36:51] [INFO] [MapEditorScene] Updated hoveredTilePanes 395,432
[2025-04-19 11:36:51] [INFO] [MapEditorScene] Updated hoveredTilePanes 390,432
[2025-04-19 11:36:51] [INFO] [MapEditorScene] Updated hoveredTilePanes 384,431
[2025-04-19 11:36:51] [INFO] [MapEditorScene] Updated hoveredTilePanes 375,431
[2025-04-19 11:36:51] [INFO] [MapEditorScene] Updated hoveredTilePanes 368,430
[2025-04-19 11:36:51] [INFO] [MapEditorScene] Updated hoveredTilePanes 362,430
[2025-04-19 11:36:51] [INFO] [MapEditorScene] Updated hoveredTilePanes 357,429
[2025-04-19 11:36:51] [INFO] [MapEditorScene] Updated hoveredTilePanes 352,429
[2025-04-19 11:36:51] [INFO] [MapEditorScene] Updated hoveredTilePanes 347,429
[2025-04-19 11:36:51] [INFO] [MapEditorScene] Updated hoveredTilePanes 344,429
[2025-04-19 11:36:52] [INFO] [MapEditorScene] Updated hoveredTilePanes 339,429
[2025-04-19 11:36:52] [INFO] [MapEditorScene] Updated hoveredTilePanes 337,429
[2025-04-19 11:36:52] [INFO] [MapEditorScene] Updated hoveredTilePanes 334,429
[2025-04-19 11:36:52] [INFO] [MapEditorScene] Updated hoveredTilePanes 332,429
[2025-04-19 11:36:52] [INFO] [MapEditorScene] Updated hoveredTilePanes 330,429
[2025-04-19 11:36:52] [INFO] [MapEditorScene] Updated hoveredTilePanes 328,429
[2025-04-19 11:36:52] [INFO] [MapEditorScene] Updated hoveredTilePanes 327,429
[2025-04-19 11:36:52] [INFO] [MapEditorScene] Updated hoveredTilePanes 325,429
[2025-04-19 11:36:52] [INFO] [MapEditorScene] Updated hoveredTilePanes 323,429
[2025-04-19 11:36:52] [INFO] [MapEditorScene] Updated hoveredTilePanes 322,429
[2025-04-19 11:36:52] [INFO] [MapEditorScene] Updated hoveredTilePanes 321,429
[2025-04-19 11:36:52] [INFO] [MapEditorScene] Updated hoveredTilePanes 319,429
[2025-04-19 11:36:52] [INFO] [MapEditorScene] Updated hoveredTilePanes 317,429
[2025-04-19 11:36:52] [INFO] [MapEditorScene] Updated hoveredTilePanes 316,429
[2025-04-19 11:36:52] [INFO] [MapEditorScene] Updated hoveredTilePanes 314,429
[2025-04-19 11:36:52] [INFO] [MapEditorScene] Updated hoveredTilePanes 313,429
[2025-04-19 11:36:52] [INFO] [MapEditorScene] Updated hoveredTilePanes 312,429
[2025-04-19 11:36:52] [INFO] [MapEditorScene] Updated hoveredTilePanes 310,429
[2025-04-19 11:36:52] [INFO] [MapEditorScene] Updated hoveredTilePanes 308,429
[2025-04-19 11:36:52] [INFO] [MapEditorScene] Updated hoveredTilePanes 307,429
[2025-04-19 11:36:52] [INFO] [MapEditorScene] Updated hoveredTilePanes 305,429
[2025-04-19 11:36:52] [INFO] [MapEditorScene] Updated hoveredTilePanes 303,429
[2025-04-19 11:36:52] [INFO] [MapEditorScene] Updated hoveredTilePanes 301,429
[2025-04-19 11:36:52] [INFO] [MapEditorScene] Updated hoveredTilePanes 299,429
[2025-04-19 11:36:52] [INFO] [MapEditorScene] Updated hoveredTilePanes 297,429
[2025-04-19 11:36:52] [INFO] [MapEditorScene] Updated hoveredTilePanes 295,429
[2025-04-19 11:36:52] [INFO] [MapEditorScene] Updated hoveredTilePanes 291,429
[2025-04-19 11:36:52] [INFO] [MapEditorScene] Updated hoveredTilePanes 289,429
[2025-04-19 11:36:52] [INFO] [MapEditorScene] Updated hoveredTilePanes 287,429
[2025-04-19 11:36:52] [INFO] [MapEditorScene] Updated hoveredTilePanes 285,429
[2025-04-19 11:36:52] [INFO] [MapEditorScene] Updated hoveredTilePanes 282,429
[2025-04-19 11:36:52] [INFO] [MapEditorScene] Updated hoveredTilePanes 281,429
[2025-04-19 11:36:52] [INFO] [MapEditorScene] Updated hoveredTilePanes 279,429
[2025-04-19 11:36:52] [INFO] [MapEditorScene] Updated hoveredTilePanes 277,429
[2025-04-19 11:36:52] [INFO] [MapEditorScene] Updated hoveredTilePanes 276,429
[2025-04-19 11:36:52] [INFO] [MapEditorScene] Updated hoveredTilePanes 275,429
[2025-04-19 11:36:52] [INFO] [MapEditorScene] Updated hoveredTilePanes 274,429
[2025-04-19 11:36:52] [INFO] [MapEditorScene] Updated hoveredTilePanes 273,429
[2025-04-19 11:36:52] [INFO] [MapEditorScene] Updated hoveredTilePanes 272,429
[2025-04-19 11:36:52] [INFO] [MapEditorScene] Updated hoveredTilePanes 271,428
[2025-04-19 11:36:52] [INFO] [MapEditorScene] Updated hoveredTilePanes 270,427
[2025-04-19 11:36:52] [INFO] [MapEditorScene] Updated hoveredTilePanes 270,426
[2025-04-19 11:36:52] [INFO] [MapEditorScene] Updated hoveredTilePanes 270,425
[2025-04-19 11:36:52] [INFO] [MapEditorScene] Updated hoveredTilePanes 272,424
[2025-04-19 11:36:52] [INFO] [MapEditorScene] Updated hoveredTilePanes 273,424
[2025-04-19 11:36:52] [INFO] [MapEditorScene] Updated hoveredTilePanes 275,424
[2025-04-19 11:36:52] [INFO] [MapEditorScene] Updated hoveredTilePanes 277,423
[2025-04-19 11:36:52] [INFO] [MapEditorScene] Updated hoveredTilePanes 281,422
[2025-04-19 11:36:52] [INFO] [MapEditorScene] Updated hoveredTilePanes 283,422
[2025-04-19 11:36:52] [INFO] [MapEditorScene] Updated hoveredTilePanes 287,421
[2025-04-19 11:36:52] [INFO] [MapEditorScene] Updated hoveredTilePanes 294,420
[2025-04-19 11:36:52] [INFO] [MapEditorScene] Updated hoveredTilePanes 299,420
[2025-04-19 11:36:52] [INFO] [MapEditorScene] Updated hoveredTilePanes 305,419
[2025-04-19 11:36:52] [INFO] [MapEditorScene] Updated hoveredTilePanes 314,419
[2025-04-19 11:36:52] [INFO] [MapEditorScene] Updated hoveredTilePanes 323,418
[2025-04-19 11:36:52] [INFO] [MapEditorScene] Updated hoveredTilePanes 334,417
[2025-04-19 11:36:52] [INFO] [MapEditorScene] Updated hoveredTilePanes 343,415
[2025-04-19 11:36:52] [INFO] [MapEditorScene] Updated hoveredTilePanes 354,414
[2025-04-19 11:36:52] [INFO] [MapEditorScene] Updated hoveredTilePanes 365,413
[2025-04-19 11:36:52] [INFO] [MapEditorScene] Updated hoveredTilePanes 379,411
[2025-04-19 11:36:52] [INFO] [MapEditorScene] Updated hoveredTilePanes 390,410
[2025-04-19 11:36:52] [INFO] [MapEditorScene] Updated hoveredTilePanes 404,407
[2025-04-19 11:36:52] [INFO] [MapEditorScene] Updated hoveredTilePanes 421,405
[2025-04-19 11:36:52] [INFO] [MapEditorScene] Updated hoveredTilePanes 435,403
[2025-04-19 11:36:52] [INFO] [MapEditorScene] Updated hoveredTilePanes 449,400
[2025-04-19 11:36:52] [INFO] [MapEditorScene] Updated hoveredTilePanes 463,399
[2025-04-19 11:36:52] [INFO] [MapEditorScene] Updated hoveredTilePanes 474,397
[2025-04-19 11:36:52] [INFO] [MapEditorScene] Updated hoveredTilePanes 479,396
[2025-04-19 11:36:52] [INFO] [MapEditorScene] Updated hoveredTilePanes 490,395
[2025-04-19 11:36:52] [INFO] [MapEditorScene] Updated hoveredTilePanes 499,394
[2025-04-19 11:36:52] [INFO] [MapEditorScene] Updated hoveredTilePanes 507,391
[2025-04-19 11:36:52] [INFO] [MapEditorScene] Updated hoveredTilePanes 512,390
[2025-04-19 11:36:52] [INFO] [MapEditorScene] Updated hoveredTilePanes 519,390
[2025-04-19 11:36:52] [INFO] [MapEditorScene] Updated hoveredTilePanes 522,389
[2025-04-19 11:36:52] [INFO] [MapEditorScene] Updated hoveredTilePanes 525,389
[2025-04-19 11:36:52] [INFO] [MapEditorScene] Updated hoveredTilePanes 527,389
[2025-04-19 11:36:52] [INFO] [MapEditorScene] Updated hoveredTilePanes 529,388
[2025-04-19 11:36:52] [INFO] [MapEditorScene] Updated hoveredTilePanes 530,388
[2025-04-19 11:36:52] [INFO] [MapEditorScene] Updated hoveredTilePanes 531,387
[2025-04-19 11:36:52] [INFO] [MapEditorScene] Updated hoveredTilePanes 532,387
[2025-04-19 11:36:52] [INFO] [MapEditorScene] Updated hoveredTilePanes 533,387
[2025-04-19 11:36:52] [INFO] [MapEditorScene] Updated hoveredTilePanes 533,386
[2025-04-19 11:36:56] [INFO] [MapEditorScene] Updated hoveredTilePanes 533,385
[2025-04-19 11:36:56] [INFO] [MapEditorScene] Updated hoveredTilePanes 533,383
[2025-04-19 11:36:56] [INFO] [MapEditorScene] Updated hoveredTilePanes 532,381
[2025-04-19 11:36:56] [INFO] [MapEditorScene] Updated hoveredTilePanes 531,378
[2025-04-19 11:36:56] [INFO] [MapEditorScene] Updated hoveredTilePanes 531,376
[2025-04-19 11:36:56] [INFO] [MapEditorScene] Updated hoveredTilePanes 530,374
[2025-04-19 11:36:56] [INFO] [MapEditorScene] Updated hoveredTilePanes 528,371
[2025-04-19 11:36:56] [INFO] [MapEditorScene] Updated hoveredTilePanes 528,369
[2025-04-19 11:36:56] [INFO] [MapEditorScene] Updated hoveredTilePanes 527,365
[2025-04-19 11:36:56] [INFO] [MapEditorScene] Updated hoveredTilePanes 526,363
[2025-04-19 11:36:56] [INFO] [MapEditorScene] Updated hoveredTilePanes 525,360
[2025-04-19 11:36:56] [INFO] [MapEditorScene] Updated hoveredTilePanes 525,357
[2025-04-19 11:36:56] [INFO] [MapEditorScene] Updated hoveredTilePanes 523,354
[2025-04-19 11:36:56] [INFO] [MapEditorScene] Updated hoveredTilePanes 522,352
[2025-04-19 11:36:56] [INFO] [MapEditorScene] Updated hoveredTilePanes 521,348
[2025-04-19 11:36:56] [INFO] [MapEditorScene] Updated hoveredTilePanes 521,346
[2025-04-19 11:36:56] [INFO] [MapEditorScene] Updated hoveredTilePanes 520,343
[2025-04-19 11:36:56] [INFO] [MapEditorScene] Updated hoveredTilePanes 519,341
[2025-04-19 11:36:56] [INFO] [MapEditorScene] Updated hoveredTilePanes 518,338
[2025-04-19 11:36:56] [INFO] [MapEditorScene] Updated hoveredTilePanes 518,336
[2025-04-19 11:36:56] [INFO] [MapEditorScene] Updated hoveredTilePanes 517,334
[2025-04-19 11:36:56] [INFO] [MapEditorScene] Updated hoveredTilePanes 517,333
[2025-04-19 11:36:56] [INFO] [MapEditorScene] Updated hoveredTilePanes 516,331
[2025-04-19 11:36:56] [INFO] [MapEditorScene] Updated hoveredTilePanes 515,330
[2025-04-19 11:36:56] [INFO] [MapEditorScene] Updated hoveredTilePanes 515,329
[2025-04-19 11:36:56] [INFO] [MapEditorScene] Updated hoveredTilePanes 515,328
[2025-04-19 11:36:56] [INFO] [MapEditorScene] Updated hoveredTilePanes 514,326
[2025-04-19 11:36:56] [INFO] [MapEditorScene] Updated hoveredTilePanes 514,324
[2025-04-19 11:36:56] [INFO] [MapEditorScene] Updated hoveredTilePanes 513,324
[2025-04-19 11:36:56] [INFO] [MapEditorScene] Updated hoveredTilePanes 513,323
[2025-04-19 11:36:56] [INFO] [MapEditorScene] Updated hoveredTilePanes 513,322
[2025-04-19 11:36:56] [INFO] [MapEditorScene] Updated hoveredTilePanes 512,321
[2025-04-19 11:36:56] [INFO] [MapEditorScene] Updated hoveredTilePanes 512,320
[2025-04-19 11:36:56] [INFO] [MapEditorScene] Updated hoveredTilePanes 511,319
[2025-04-19 11:36:56] [INFO] [MapEditorScene] Updated hoveredTilePanes 511,318
[2025-04-19 11:36:56] [INFO] [MapEditorScene] Updated hoveredTilePanes 510,317
[2025-04-19 11:36:56] [INFO] [MapEditorScene] Updated hoveredTilePanes 510,316
[2025-04-19 11:36:56] [INFO] [MapEditorScene] Updated hoveredTilePanes 509,315
[2025-04-19 11:36:56] [INFO] [MapEditorScene] Updated hoveredTilePanes 509,314
[2025-04-19 11:36:56] [INFO] [MapEditorScene] Updated hoveredTilePanes 508,313
[2025-04-19 11:36:56] [INFO] [MapEditorScene] Updated hoveredTilePanes 507,312
[2025-04-19 11:36:56] [INFO] [MapEditorScene] Updated hoveredTilePanes 506,311
[2025-04-19 11:36:56] [INFO] [MapEditorScene] Updated hoveredTilePanes 505,310
[2025-04-19 11:36:56] [INFO] [MapEditorScene] Updated hoveredTilePanes 504,309
[2025-04-19 11:36:56] [INFO] [MapEditorScene] Updated hoveredTilePanes 504,308
[2025-04-19 11:36:56] [INFO] [MapEditorScene] Updated hoveredTilePanes 503,307
[2025-04-19 11:36:56] [INFO] [MapEditorScene] Updated hoveredTilePanes 501,306
[2025-04-19 11:36:56] [INFO] [MapEditorScene] Updated hoveredTilePanes 500,305
[2025-04-19 11:36:56] [INFO] [MapEditorScene] Updated hoveredTilePanes 499,304
[2025-04-19 11:36:56] [INFO] [MapEditorScene] Updated hoveredTilePanes 498,304
[2025-04-19 11:36:56] [INFO] [MapEditorScene] Updated hoveredTilePanes 496,304
[2025-04-19 11:36:56] [INFO] [MapEditorScene] Updated hoveredTilePanes 495,303
[2025-04-19 11:36:56] [INFO] [MapEditorScene] Updated hoveredTilePanes 494,303
[2025-04-19 11:36:57] [INFO] [MapEditorScene] Updated hoveredTilePanes 493,302
[2025-04-19 11:36:57] [INFO] [MapEditorScene] Updated hoveredTilePanes 492,302
[2025-04-19 11:36:57] [INFO] [MapEditorScene] Updated hoveredTilePanes 491,301
[2025-04-19 11:36:57] [INFO] [MapEditorScene] Updated hoveredTilePanes 489,301
[2025-04-19 11:36:57] [INFO] [MapEditorScene] Updated hoveredTilePanes 488,301
[2025-04-19 11:36:57] [INFO] [MapEditorScene] Updated hoveredTilePanes 487,301
[2025-04-19 11:36:57] [INFO] [MapEditorScene] Updated hoveredTilePanes 486,300
[2025-04-19 11:36:57] [INFO] [MapEditorScene] Updated hoveredTilePanes 484,300
[2025-04-19 11:36:57] [INFO] [MapEditorScene] Updated hoveredTilePanes 483,300
[2025-04-19 11:36:57] [INFO] [MapEditorScene] Updated hoveredTilePanes 481,300
[2025-04-19 11:36:57] [INFO] [MapEditorScene] Updated hoveredTilePanes 479,300
[2025-04-19 11:36:57] [INFO] [MapEditorScene] Updated hoveredTilePanes 477,300
[2025-04-19 11:36:57] [INFO] [MapEditorScene] Updated hoveredTilePanes 473,300
[2025-04-19 11:36:57] [INFO] [MapEditorScene] Updated hoveredTilePanes 471,300
[2025-04-19 11:36:57] [INFO] [MapEditorScene] Updated hoveredTilePanes 468,300
[2025-04-19 11:36:57] [INFO] [MapEditorScene] Updated hoveredTilePanes 463,300
[2025-04-19 11:36:57] [INFO] [MapEditorScene] Updated hoveredTilePanes 460,300
[2025-04-19 11:36:57] [INFO] [MapEditorScene] Updated hoveredTilePanes 455,300
[2025-04-19 11:36:57] [INFO] [MapEditorScene] Updated hoveredTilePanes 446,300
[2025-04-19 11:36:57] [INFO] [MapEditorScene] Updated hoveredTilePanes 440,300
[2025-04-19 11:36:57] [INFO] [MapEditorScene] Updated hoveredTilePanes 431,300
[2025-04-19 11:36:57] [INFO] [MapEditorScene] Updated hoveredTilePanes 424,300
[2025-04-19 11:36:57] [INFO] [MapEditorScene] Updated hoveredTilePanes 416,301
[2025-04-19 11:36:57] [INFO] [MapEditorScene] Updated hoveredTilePanes 407,302
[2025-04-19 11:36:57] [INFO] [MapEditorScene] Updated hoveredTilePanes 396,303
[2025-04-19 11:36:57] [INFO] [MapEditorScene] Updated hoveredTilePanes 391,304
[2025-04-19 11:36:57] [INFO] [MapEditorScene] Updated hoveredTilePanes 377,306
[2025-04-19 11:36:57] [INFO] [MapEditorScene] Updated hoveredTilePanes 368,307
[2025-04-19 11:36:57] [INFO] [MapEditorScene] Updated hoveredTilePanes 364,308
[2025-04-19 11:36:57] [INFO] [MapEditorScene] Updated hoveredTilePanes 350,311
[2025-04-19 11:36:57] [INFO] [MapEditorScene] Updated hoveredTilePanes 345,312
[2025-04-19 11:36:57] [INFO] [MapEditorScene] Updated hoveredTilePanes 338,313
[2025-04-19 11:36:57] [INFO] [MapEditorScene] Updated hoveredTilePanes 329,316
[2025-04-19 11:36:57] [INFO] [MapEditorScene] Updated hoveredTilePanes 323,317
[2025-04-19 11:36:57] [INFO] [MapEditorScene] Updated hoveredTilePanes 316,318
[2025-04-19 11:36:57] [INFO] [MapEditorScene] Updated hoveredTilePanes 310,319
[2025-04-19 11:36:57] [INFO] [MapEditorScene] Updated hoveredTilePanes 303,320
[2025-04-19 11:36:57] [INFO] [MapEditorScene] Updated hoveredTilePanes 298,321
[2025-04-19 11:36:57] [INFO] [MapEditorScene] Updated hoveredTilePanes 292,322
[2025-04-19 11:36:57] [INFO] [MapEditorScene] Updated hoveredTilePanes 288,323
[2025-04-19 11:36:57] [INFO] [MapEditorScene] Updated hoveredTilePanes 285,323
[2025-04-19 11:36:57] [INFO] [MapEditorScene] Updated hoveredTilePanes 282,324
[2025-04-19 11:36:57] [INFO] [MapEditorScene] Updated hoveredTilePanes 280,324
[2025-04-19 11:36:57] [INFO] [MapEditorScene] Updated hoveredTilePanes 279,324
[2025-04-19 11:36:57] [INFO] [MapEditorScene] Updated hoveredTilePanes 278,324
[2025-04-19 11:36:57] [INFO] [MapEditorScene] Updated hoveredTilePanes 277,324
[2025-04-19 11:36:57] [INFO] [MapEditorScene] Updated hoveredTilePanes 277,325
[2025-04-19 11:36:57] [INFO] [MapEditorScene] Updated hoveredTilePanes 276,325
[2025-04-19 11:36:57] [INFO] [MapEditorScene] Updated hoveredTilePanes 276,327
[2025-04-19 11:36:57] [INFO] [MapEditorScene] Updated hoveredTilePanes 277,331
[2025-04-19 11:36:57] [INFO] [MapEditorScene] Updated hoveredTilePanes 277,335
[2025-04-19 11:36:57] [INFO] [MapEditorScene] Updated hoveredTilePanes 278,339
[2025-04-19 11:36:57] [INFO] [MapEditorScene] Updated hoveredTilePanes 278,343
[2025-04-19 11:36:57] [INFO] [MapEditorScene] Updated hoveredTilePanes 279,352
[2025-04-19 11:36:57] [INFO] [MapEditorScene] Updated hoveredTilePanes 279,355
[2025-04-19 11:36:57] [INFO] [MapEditorScene] Updated hoveredTilePanes 280,362
[2025-04-19 11:36:57] [INFO] [MapEditorScene] Updated hoveredTilePanes 281,369
[2025-04-19 11:36:57] [INFO] [MapEditorScene] Updated hoveredTilePanes 282,377
[2025-04-19 11:36:57] [INFO] [MapEditorScene] Updated hoveredTilePanes 284,389
[2025-04-19 11:36:57] [INFO] [MapEditorScene] Updated hoveredTilePanes 285,395
[2025-04-19 11:36:57] [INFO] [MapEditorScene] Updated hoveredTilePanes 286,404
[2025-04-19 11:36:57] [INFO] [MapEditorScene] Updated hoveredTilePanes 287,407
[2025-04-19 11:36:57] [INFO] [MapEditorScene] Updated hoveredTilePanes 288,416
[2025-04-19 11:36:57] [INFO] [MapEditorScene] Updated hoveredTilePanes 289,423
[2025-04-19 11:36:57] [INFO] [MapEditorScene] Updated hoveredTilePanes 290,429
[2025-04-19 11:36:57] [INFO] [MapEditorScene] Updated hoveredTilePanes 292,436
[2025-04-19 11:36:57] [INFO] [MapEditorScene] Updated hoveredTilePanes 293,441
[2025-04-19 11:36:57] [INFO] [MapEditorScene] Updated hoveredTilePanes 294,445
[2025-04-19 11:36:57] [INFO] [MapEditorScene] Updated hoveredTilePanes 296,450
[2025-04-19 11:36:57] [INFO] [MapEditorScene] Updated hoveredTilePanes 298,455
[2025-04-19 11:36:57] [INFO] [MapEditorScene] Updated hoveredTilePanes 299,458
[2025-04-19 11:36:57] [INFO] [MapEditorScene] Updated hoveredTilePanes 301,461
[2025-04-19 11:36:57] [INFO] [MapEditorScene] Updated hoveredTilePanes 302,465
[2025-04-19 11:36:57] [INFO] [MapEditorScene] Updated hoveredTilePanes 304,467
[2025-04-19 11:36:57] [INFO] [MapEditorScene] Updated hoveredTilePanes 305,469
[2025-04-19 11:36:57] [INFO] [MapEditorScene] Updated hoveredTilePanes 306,471
[2025-04-19 11:36:57] [INFO] [MapEditorScene] Updated hoveredTilePanes 307,473
[2025-04-19 11:36:57] [INFO] [MapEditorScene] Updated hoveredTilePanes 308,475
[2025-04-19 11:36:57] [INFO] [MapEditorScene] Updated hoveredTilePanes 309,476
[2025-04-19 11:36:57] [INFO] [MapEditorScene] Updated hoveredTilePanes 311,478
[2025-04-19 11:36:57] [INFO] [MapEditorScene] Updated hoveredTilePanes 312,480
[2025-04-19 11:36:57] [INFO] [MapEditorScene] Updated hoveredTilePanes 314,481
[2025-04-19 11:36:57] [INFO] [MapEditorScene] Updated hoveredTilePanes 317,485
[2025-04-19 11:36:57] [INFO] [MapEditorScene] Updated hoveredTilePanes 319,487
[2025-04-19 11:36:57] [INFO] [MapEditorScene] Updated hoveredTilePanes 322,490
[2025-04-19 11:36:57] [INFO] [MapEditorScene] Updated hoveredTilePanes 325,494
[2025-04-19 11:36:57] [INFO] [MapEditorScene] Updated hoveredTilePanes 329,497
[2025-04-19 11:36:57] [INFO] [MapEditorScene] Updated hoveredTilePanes 332,499
[2025-04-19 11:36:57] [INFO] [MapEditorScene] Updated hoveredTilePanes 338,504
[2025-04-19 11:36:57] [INFO] [MapEditorScene] Updated hoveredTilePanes 345,510
[2025-04-19 11:36:57] [INFO] [MapEditorScene] Updated hoveredTilePanes 347,511
[2025-04-19 11:36:58] [INFO] [MapEditorScene] Updated hoveredTilePanes 357,517
[2025-04-19 11:36:58] [INFO] [MapEditorScene] Updated hoveredTilePanes 364,520
[2025-04-19 11:36:58] [INFO] [MapEditorScene] Updated hoveredTilePanes 367,522
[2025-04-19 11:36:58] [INFO] [MapEditorScene] Updated hoveredTilePanes 378,526
[2025-04-19 11:36:58] [INFO] [MapEditorScene] Updated hoveredTilePanes 385,529
[2025-04-19 11:36:58] [INFO] [MapEditorScene] Updated hoveredTilePanes 388,530
[2025-04-19 11:36:58] [INFO] [MapEditorScene] Updated hoveredTilePanes 399,536
[2025-04-19 11:36:58] [INFO] [MapEditorScene] Updated hoveredTilePanes 408,538
[2025-04-19 11:36:58] [INFO] [MapEditorScene] Updated hoveredTilePanes 411,539
[2025-04-19 11:36:58] [INFO] [MapEditorScene] Updated hoveredTilePanes 418,541
[2025-04-19 11:36:58] [INFO] [MapEditorScene] Updated hoveredTilePanes 423,543
[2025-04-19 11:36:58] [INFO] [MapEditorScene] Updated hoveredTilePanes 429,545
[2025-04-19 11:36:58] [INFO] [MapEditorScene] Updated hoveredTilePanes 432,547
[2025-04-19 11:36:58] [INFO] [MapEditorScene] Updated hoveredTilePanes 437,548
[2025-04-19 11:36:58] [INFO] [MapEditorScene] Updated hoveredTilePanes 440,549
[2025-04-19 11:36:58] [INFO] [MapEditorScene] Updated hoveredTilePanes 445,551
[2025-04-19 11:36:58] [INFO] [MapEditorScene] Updated hoveredTilePanes 449,552
[2025-04-19 11:36:58] [INFO] [MapEditorScene] Updated hoveredTilePanes 452,552
[2025-04-19 11:36:58] [INFO] [MapEditorScene] Updated hoveredTilePanes 457,553
[2025-04-19 11:36:58] [INFO] [MapEditorScene] Updated hoveredTilePanes 460,555
[2025-04-19 11:36:58] [INFO] [MapEditorScene] Updated hoveredTilePanes 463,556
[2025-04-19 11:36:58] [INFO] [MapEditorScene] Updated hoveredTilePanes 468,557
[2025-04-19 11:36:58] [INFO] [MapEditorScene] Updated hoveredTilePanes 471,558
[2025-04-19 11:36:58] [INFO] [MapEditorScene] Updated hoveredTilePanes 474,558
[2025-04-19 11:36:58] [INFO] [MapEditorScene] Updated hoveredTilePanes 478,559
[2025-04-19 11:36:58] [INFO] [MapEditorScene] Updated hoveredTilePanes 481,561
[2025-04-19 11:36:58] [INFO] [MapEditorScene] Updated hoveredTilePanes 483,561
[2025-04-19 11:36:58] [INFO] [MapEditorScene] Updated hoveredTilePanes 485,562
[2025-04-19 11:36:58] [INFO] [MapEditorScene] Updated hoveredTilePanes 487,563
[2025-04-19 11:36:58] [INFO] [MapEditorScene] Updated hoveredTilePanes 489,564
[2025-04-19 11:36:58] [INFO] [MapEditorScene] Updated hoveredTilePanes 491,565
[2025-04-19 11:36:58] [INFO] [MapEditorScene] Updated hoveredTilePanes 492,565
[2025-04-19 11:36:58] [INFO] [MapEditorScene] Updated hoveredTilePanes 494,566
[2025-04-19 11:36:58] [INFO] [MapEditorScene] Updated hoveredTilePanes 495,566
[2025-04-19 11:36:58] [INFO] [MapEditorScene] Updated hoveredTilePanes 496,567
[2025-04-19 11:36:58] [INFO] [MapEditorScene] Updated hoveredTilePanes 497,568
[2025-04-19 11:36:58] [INFO] [MapEditorScene] Updated hoveredTilePanes 498,569
[2025-04-19 11:36:58] [INFO] [MapEditorScene] Updated hoveredTilePanes 499,569
[2025-04-19 11:36:58] [INFO] [MapEditorScene] Updated hoveredTilePanes 500,570
[2025-04-19 11:36:58] [INFO] [MapEditorScene] Updated hoveredTilePanes 501,570
[2025-04-19 11:36:58] [INFO] [MapEditorScene] Updated hoveredTilePanes 501,571
[2025-04-19 11:36:58] [INFO] [MapEditorScene] Updated hoveredTilePanes 502,571
[2025-04-19 11:36:58] [INFO] [MapEditorScene] Updated hoveredTilePanes 503,571
[2025-04-19 11:36:58] [INFO] [MapEditorScene] Updated hoveredTilePanes 503,572
[2025-04-19 11:36:58] [INFO] [MapEditorScene] Updated hoveredTilePanes 502,572
[2025-04-19 11:36:58] [INFO] [MapEditorScene] Updated hoveredTilePanes 500,570
[2025-04-19 11:36:58] [INFO] [MapEditorScene] Updated hoveredTilePanes 489,561
[2025-04-19 11:36:58] [INFO] [MapEditorScene] Updated hoveredTilePanes 484,557
[2025-04-19 11:36:58] [INFO] [MapEditorScene] Updated hoveredTilePanes 470,545
[2025-04-19 11:36:58] [INFO] [MapEditorScene] Updated hoveredTilePanes 455,535
[2025-04-19 11:36:58] [INFO] [MapEditorScene] Updated hoveredTilePanes 439,522
[2025-04-19 11:36:58] [INFO] [MapEditorScene] Updated hoveredTilePanes 423,512
[2025-04-19 11:36:58] [INFO] [MapEditorScene] Updated hoveredTilePanes 407,499
[2025-04-19 11:36:58] [INFO] [MapEditorScene] Updated hoveredTilePanes 390,486
[2025-04-19 11:36:58] [INFO] [MapEditorScene] Updated hoveredTilePanes 377,476
[2025-04-19 11:36:58] [INFO] [MapEditorScene] Updated hoveredTilePanes 363,464
[2025-04-19 11:36:58] [INFO] [MapEditorScene] Updated hoveredTilePanes 350,454
[2025-04-19 11:36:58] [INFO] [MapEditorScene] Updated hoveredTilePanes 339,445
[2025-04-19 11:36:58] [INFO] [MapEditorScene] Updated hoveredTilePanes 330,436
[2025-04-19 11:36:58] [INFO] [MapEditorScene] Updated hoveredTilePanes 320,427
[2025-04-19 11:36:58] [INFO] [MapEditorScene] Updated hoveredTilePanes 316,423
[2025-04-19 11:36:58] [INFO] [MapEditorScene] Updated hoveredTilePanes 308,417
[2025-04-19 11:36:58] [INFO] [MapEditorScene] Updated hoveredTilePanes 302,411
[2025-04-19 11:36:58] [INFO] [MapEditorScene] Updated hoveredTilePanes 298,407
[2025-04-19 11:36:58] [INFO] [MapEditorScene] Updated hoveredTilePanes 293,402
[2025-04-19 11:36:58] [INFO] [MapEditorScene] Updated hoveredTilePanes 290,400
[2025-04-19 11:36:58] [INFO] [MapEditorScene] Updated hoveredTilePanes 286,397
[2025-04-19 11:36:58] [INFO] [MapEditorScene] Updated hoveredTilePanes 285,396
[2025-04-19 11:36:58] [INFO] [MapEditorScene] Updated hoveredTilePanes 283,395
[2025-04-19 11:36:58] [INFO] [MapEditorScene] Updated hoveredTilePanes 283,394
[2025-04-19 11:36:58] [INFO] [MapEditorScene] Updated hoveredTilePanes 282,394
[2025-04-19 11:36:58] [INFO] [MapEditorScene] Updated hoveredTilePanes 282,393
[2025-04-19 11:36:58] [INFO] [MapEditorScene] Updated hoveredTilePanes 281,393
[2025-04-19 11:36:58] [INFO] [MapEditorScene] Updated hoveredTilePanes 281,392
[2025-04-19 11:36:59] [INFO] [MapEditorScene] Updated hoveredTilePanes 281,393
[2025-04-19 11:36:59] [INFO] [MapEditorScene] Updated hoveredTilePanes 283,394
[2025-04-19 11:36:59] [INFO] [MapEditorScene] Updated hoveredTilePanes 290,400
[2025-04-19 11:36:59] [INFO] [MapEditorScene] Updated hoveredTilePanes 293,404
[2025-04-19 11:36:59] [INFO] [MapEditorScene] Updated hoveredTilePanes 300,410
[2025-04-19 11:36:59] [INFO] [MapEditorScene] Updated hoveredTilePanes 306,418
[2025-04-19 11:36:59] [INFO] [MapEditorScene] Updated hoveredTilePanes 314,426
[2025-04-19 11:36:59] [INFO] [MapEditorScene] Updated hoveredTilePanes 323,435
[2025-04-19 11:36:59] [INFO] [MapEditorScene] Updated hoveredTilePanes 326,439
[2025-04-19 11:36:59] [INFO] [MapEditorScene] Updated hoveredTilePanes 332,446
[2025-04-19 11:36:59] [INFO] [MapEditorScene] Updated hoveredTilePanes 338,454
[2025-04-19 11:36:59] [INFO] [MapEditorScene] Updated hoveredTilePanes 344,460
[2025-04-19 11:36:59] [INFO] [MapEditorScene] Updated hoveredTilePanes 349,465
[2025-04-19 11:36:59] [INFO] [MapEditorScene] Updated hoveredTilePanes 352,469
[2025-04-19 11:36:59] [INFO] [MapEditorScene] Updated hoveredTilePanes 355,472
[2025-04-19 11:36:59] [INFO] [MapEditorScene] Updated hoveredTilePanes 356,473
[2025-04-19 11:36:59] [INFO] [MapEditorScene] Updated hoveredTilePanes 358,474
[2025-04-19 11:36:59] [INFO] [MapEditorScene] Updated hoveredTilePanes 358,475
[2025-04-19 11:36:59] [INFO] [MapEditorScene] Updated hoveredTilePanes 359,475
[2025-04-19 11:36:59] [INFO] [MapEditorScene] Updated hoveredTilePanes 359,476
[2025-04-19 11:36:59] [INFO] [MapEditorScene] Updated hoveredTilePanes 359,477
[2025-04-19 11:36:59] [INFO] [MapEditorScene] Updated hoveredTilePanes 360,477
[2025-04-19 11:36:59] [INFO] [MapEditorScene] Updated hoveredTilePanes 361,478
[2025-04-19 11:36:59] [INFO] [MapEditorScene] Updated hoveredTilePanes 363,480
[2025-04-19 11:36:59] [INFO] [MapEditorScene] Updated hoveredTilePanes 366,484
[2025-04-19 11:36:59] [INFO] [MapEditorScene] Updated hoveredTilePanes 372,491
[2025-04-19 11:36:59] [INFO] [MapEditorScene] Updated hoveredTilePanes 381,499
[2025-04-19 11:36:59] [INFO] [MapEditorScene] Updated hoveredTilePanes 392,512
[2025-04-19 11:36:59] [INFO] [MapEditorScene] Updated hoveredTilePanes 404,526
[2025-04-19 11:36:59] [INFO] [MapEditorScene] Updated hoveredTilePanes 418,538
[2025-04-19 11:36:59] [INFO] [MapEditorScene] Updated hoveredTilePanes 433,553
[2025-04-19 11:36:59] [INFO] [MapEditorScene] Updated hoveredTilePanes 444,566
[2025-04-19 11:36:59] [INFO] [MapEditorScene] Updated hoveredTilePanes 455,577
[2025-04-19 11:36:59] [INFO] [MapEditorScene] Updated hoveredTilePanes 466,588
[2025-04-19 11:36:59] [INFO] [MapEditorScene] Updated hoveredTilePanes 470,591
[2025-04-19 11:36:59] [INFO] [MapEditorScene] Updated hoveredTilePanes 481,600
[2025-04-19 11:36:59] [INFO] [MapEditorScene] Updated hoveredTilePanes 486,604
[2025-04-19 11:36:59] [INFO] [MapEditorScene] Updated hoveredTilePanes 492,609
[2025-04-19 11:36:59] [INFO] [MapEditorScene] Updated hoveredTilePanes 497,612
[2025-04-19 11:36:59] [INFO] [MapEditorScene] Updated hoveredTilePanes 499,614
[2025-04-19 11:36:59] [INFO] [MapEditorScene] Updated hoveredTilePanes 503,617
[2025-04-19 11:36:59] [INFO] [MapEditorScene] Updated hoveredTilePanes 505,618
[2025-04-19 11:36:59] [INFO] [MapEditorScene] Updated hoveredTilePanes 507,620
[2025-04-19 11:36:59] [INFO] [MapEditorScene] Updated hoveredTilePanes 509,621
[2025-04-19 11:36:59] [INFO] [MapEditorScene] Updated hoveredTilePanes 511,622
[2025-04-19 11:36:59] [INFO] [MapEditorScene] Updated hoveredTilePanes 512,623
[2025-04-19 11:36:59] [INFO] [MapEditorScene] Updated hoveredTilePanes 513,624
[2025-04-19 11:36:59] [INFO] [MapEditorScene] Updated hoveredTilePanes 514,625
[2025-04-19 11:36:59] [INFO] [MapEditorScene] Updated hoveredTilePanes 515,626
[2025-04-19 11:36:59] [INFO] [MapEditorScene] Updated hoveredTilePanes 516,626
[2025-04-19 11:36:59] [INFO] [MapEditorScene] Updated hoveredTilePanes 517,627
[2025-04-19 11:36:59] [INFO] [MapEditorScene] Updated hoveredTilePanes 518,627
[2025-04-19 11:36:59] [INFO] [MapEditorScene] Updated hoveredTilePanes 518,628
[2025-04-19 11:36:59] [INFO] [MapEditorScene] Updated hoveredTilePanes 519,628
[2025-04-19 11:36:59] [INFO] [MapEditorScene] Updated hoveredTilePanes 520,629
[2025-04-19 11:36:59] [INFO] [MapEditorScene] Updated hoveredTilePanes 521,629
[2025-04-19 11:36:59] [INFO] [MapEditorScene] Updated hoveredTilePanes 522,630
[2025-04-19 11:36:59] [INFO] [MapEditorScene] Updated hoveredTilePanes 523,630
[2025-04-19 11:36:59] [INFO] [MapEditorScene] Updated hoveredTilePanes 524,631
[2025-04-19 11:36:59] [INFO] [MapEditorScene] Updated hoveredTilePanes 525,632
[2025-04-19 11:36:59] [INFO] [MapEditorScene] Updated hoveredTilePanes 526,632
[2025-04-19 11:36:59] [INFO] [MapEditorScene] Updated hoveredTilePanes 527,633
[2025-04-19 11:36:59] [INFO] [MapEditorScene] Updated hoveredTilePanes 528,635
[2025-04-19 11:36:59] [INFO] [MapEditorScene] Updated hoveredTilePanes 529,635
[2025-04-19 11:36:59] [INFO] [MapEditorScene] Updated hoveredTilePanes 530,636
[2025-04-19 11:36:59] [INFO] [MapEditorScene] Updated hoveredTilePanes 532,637
[2025-04-19 11:36:59] [INFO] [MapEditorScene] Updated hoveredTilePanes 534,639
[2025-04-19 11:36:59] [INFO] [MapEditorScene] Updated hoveredTilePanes 536,640
[2025-04-19 11:36:59] [INFO] [MapEditorScene] Updated hoveredTilePanes 539,642
[2025-04-19 11:36:59] [INFO] [MapEditorScene] Updated hoveredTilePanes 541,643
[2025-04-19 11:36:59] [INFO] [MapEditorScene] Updated hoveredTilePanes 545,646
[2025-04-19 11:36:59] [INFO] [MapEditorScene] Updated hoveredTilePanes 548,648
[2025-04-19 11:36:59] [INFO] [MapEditorScene] Updated hoveredTilePanes 550,649
[2025-04-19 11:36:59] [INFO] [MapEditorScene] Updated hoveredTilePanes 554,651
[2025-04-19 11:36:59] [INFO] [MapEditorScene] Updated hoveredTilePanes 556,653
[2025-04-19 11:36:59] [INFO] [MapEditorScene] Updated hoveredTilePanes 559,655
[2025-04-19 11:36:59] [INFO] [MapEditorScene] Updated hoveredTilePanes 561,655
[2025-04-19 11:36:59] [INFO] [MapEditorScene] Updated hoveredTilePanes 563,657
[2025-04-19 11:36:59] [INFO] [MapEditorScene] Updated hoveredTilePanes 565,658
[2025-04-19 11:36:59] [INFO] [MapEditorScene] Updated hoveredTilePanes 567,659
[2025-04-19 11:36:59] [INFO] [MapEditorScene] Updated hoveredTilePanes 568,660
[2025-04-19 11:36:59] [INFO] [MapEditorScene] Updated hoveredTilePanes 570,661
[2025-04-19 11:36:59] [INFO] [MapEditorScene] Updated hoveredTilePanes 571,662
[2025-04-19 11:36:59] [INFO] [MapEditorScene] Updated hoveredTilePanes 573,663
[2025-04-19 11:36:59] [INFO] [MapEditorScene] Updated hoveredTilePanes 574,663
[2025-04-19 11:36:59] [INFO] [MapEditorScene] Updated hoveredTilePanes 575,664
[2025-04-19 11:36:59] [INFO] [MapEditorScene] Updated hoveredTilePanes 576,665
[2025-04-19 11:36:59] [INFO] [MapEditorScene] Updated hoveredTilePanes 577,665
[2025-04-19 11:36:59] [INFO] [MapEditorScene] Updated hoveredTilePanes 577,666
[2025-04-19 11:36:59] [INFO] [MapEditorScene] Updated hoveredTilePanes 578,666
[2025-04-19 11:36:59] [INFO] [MapEditorScene] Updated hoveredTilePanes 579,667
[2025-04-19 11:36:59] [INFO] [MapEditorScene] Updated hoveredTilePanes 580,667
[2025-04-19 11:36:59] [INFO] [MapEditorScene] Updated hoveredTilePanes 581,667
[2025-04-19 11:37:00] [INFO] [MapEditorScene] Updated hoveredTilePanes 581,666
[2025-04-19 11:37:00] [INFO] [MapEditorScene] Updated hoveredTilePanes 581,665
[2025-04-19 11:37:00] [INFO] [MapEditorScene] Updated hoveredTilePanes 581,664
[2025-04-19 11:37:00] [INFO] [MapEditorScene] Updated hoveredTilePanes 581,663
[2025-04-19 11:37:00] [INFO] [MapEditorScene] Updated hoveredTilePanes 581,662
[2025-04-19 11:37:00] [INFO] [MapEditorScene] Updated hoveredTilePanes 580,662
[2025-04-19 11:37:00] [INFO] [MapEditorScene] Updated hoveredTilePanes 579,662
[2025-04-19 11:37:00] [INFO] [MapEditorScene] Updated hoveredTilePanes 579,661
[2025-04-19 11:37:00] [INFO] [MapEditorScene] Updated hoveredTilePanes 579,660
[2025-04-19 11:37:00] [INFO] [MapEditorScene] Updated hoveredTilePanes 578,660
[2025-04-19 11:37:00] [INFO] [MapEditorScene] Updated hoveredTilePanes 578,659
[2025-04-19 11:37:00] [INFO] [MapEditorScene] Updated hoveredTilePanes 577,659
[2025-04-19 11:37:00] [INFO] [MapEditorScene] Updated hoveredTilePanes 576,658
[2025-04-19 11:37:00] [INFO] [MapEditorScene] Updated hoveredTilePanes 575,658
[2025-04-19 11:37:00] [INFO] [MapEditorScene] Updated hoveredTilePanes 574,657
[2025-04-19 11:37:00] [INFO] [MapEditorScene] Updated hoveredTilePanes 572,656
[2025-04-19 11:37:00] [INFO] [MapEditorScene] Updated hoveredTilePanes 572,655
[2025-04-19 11:37:00] [INFO] [MapEditorScene] Updated hoveredTilePanes 570,654
[2025-04-19 11:37:00] [INFO] [MapEditorScene] Updated hoveredTilePanes 570,653
[2025-04-19 11:37:00] [INFO] [MapEditorScene] Updated hoveredTilePanes 569,653
[2025-04-19 11:37:00] [INFO] [MapEditorScene] Updated hoveredTilePanes 568,652
[2025-04-19 11:37:00] [INFO] [MapEditorScene] Updated hoveredTilePanes 567,652
[2025-04-19 11:37:00] [INFO] [MapEditorScene] Updated hoveredTilePanes 566,651
[2025-04-19 11:37:00] [INFO] [MapEditorScene] Updated hoveredTilePanes 565,651
[2025-04-19 11:37:00] [INFO] [MapEditorScene] Updated hoveredTilePanes 564,650
[2025-04-19 11:37:00] [INFO] [MapEditorScene] Updated hoveredTilePanes 563,650
[2025-04-19 11:37:00] [INFO] [MapEditorScene] Updated hoveredTilePanes 562,649
[2025-04-19 11:37:00] [INFO] [MapEditorScene] Updated hoveredTilePanes 562,648
[2025-04-19 11:37:00] [INFO] [MapEditorScene] Updated hoveredTilePanes 561,648
[2025-04-19 11:37:00] [INFO] [MapEditorScene] Updated hoveredTilePanes 560,647
[2025-04-19 11:37:00] [INFO] [MapEditorScene] Updated hoveredTilePanes 560,646
[2025-04-19 11:37:00] [INFO] [MapEditorScene] Updated hoveredTilePanes 558,646
[2025-04-19 11:37:00] [INFO] [MapEditorScene] Updated hoveredTilePanes 558,644
[2025-04-19 11:37:00] [INFO] [MapEditorScene] Updated hoveredTilePanes 557,644
[2025-04-19 11:37:00] [INFO] [MapEditorScene] Updated hoveredTilePanes 556,643
[2025-04-19 11:37:00] [INFO] [MapEditorScene] Updated hoveredTilePanes 556,642
[2025-04-19 11:37:00] [INFO] [MapEditorScene] Updated hoveredTilePanes 555,642
[2025-04-19 11:37:00] [INFO] [MapEditorScene] Updated hoveredTilePanes 555,641
[2025-04-19 11:37:00] [INFO] [MapEditorScene] Updated hoveredTilePanes 554,640
[2025-04-19 11:37:00] [INFO] [MapEditorScene] Updated hoveredTilePanes 553,639
[2025-04-19 11:37:00] [INFO] [MapEditorScene] Updated hoveredTilePanes 552,638
[2025-04-19 11:37:00] [INFO] [MapEditorScene] Updated hoveredTilePanes 552,636
[2025-04-19 11:37:00] [INFO] [MapEditorScene] Updated hoveredTilePanes 551,636
[2025-04-19 11:37:00] [INFO] [MapEditorScene] Updated hoveredTilePanes 551,635
[2025-04-19 11:37:00] [INFO] [MapEditorScene] Updated hoveredTilePanes 550,635
[2025-04-19 11:37:00] [INFO] [MapEditorScene] Updated hoveredTilePanes 550,634
[2025-04-19 11:37:00] [INFO] [MapEditorScene] Updated hoveredTilePanes 549,633
[2025-04-19 11:37:00] [INFO] [MapEditorScene] Updated hoveredTilePanes 548,633
[2025-04-19 11:37:00] [INFO] [MapEditorScene] Updated hoveredTilePanes 548,632
[2025-04-19 11:37:00] [INFO] [MapEditorScene] Updated hoveredTilePanes 548,631
[2025-04-19 11:37:00] [INFO] [MapEditorScene] Updated hoveredTilePanes 547,631
[2025-04-19 11:37:00] [INFO] [MapEditorScene] Updated hoveredTilePanes 546,630
[2025-04-19 11:37:00] [INFO] [MapEditorScene] Updated hoveredTilePanes 546,629
[2025-04-19 11:37:00] [INFO] [MapEditorScene] Updated hoveredTilePanes 545,629
[2025-04-19 11:37:00] [INFO] [MapEditorScene] Updated hoveredTilePanes 545,628
[2025-04-19 11:37:00] [INFO] [MapEditorScene] Updated hoveredTilePanes 544,627
[2025-04-19 11:37:00] [INFO] [MapEditorScene] Updated hoveredTilePanes 544,626
[2025-04-19 11:37:00] [INFO] [MapEditorScene] Updated hoveredTilePanes 543,626
[2025-04-19 11:37:00] [INFO] [MapEditorScene] Updated hoveredTilePanes 542,625
[2025-04-19 11:37:00] [INFO] [MapEditorScene] Updated hoveredTilePanes 541,624
[2025-04-19 11:37:00] [INFO] [MapEditorScene] Updated hoveredTilePanes 541,623
[2025-04-19 11:37:00] [INFO] [MapEditorScene] Updated hoveredTilePanes 540,623
[2025-04-19 11:37:00] [INFO] [MapEditorScene] Updated hoveredTilePanes 539,622
[2025-04-19 11:37:00] [INFO] [MapEditorScene] Updated hoveredTilePanes 538,621
[2025-04-19 11:37:00] [INFO] [MapEditorScene] Updated hoveredTilePanes 537,621
[2025-04-19 11:37:00] [INFO] [MapEditorScene] Updated hoveredTilePanes 536,620
[2025-04-19 11:37:00] [INFO] [MapEditorScene] Updated hoveredTilePanes 535,620
[2025-04-19 11:37:00] [INFO] [MapEditorScene] Updated hoveredTilePanes 534,619
[2025-04-19 11:37:00] [INFO] [MapEditorScene] Updated hoveredTilePanes 533,618
[2025-04-19 11:37:00] [INFO] [MapEditorScene] Updated hoveredTilePanes 532,617
[2025-04-19 11:37:00] [INFO] [MapEditorScene] Updated hoveredTilePanes 531,616
[2025-04-19 11:37:00] [INFO] [MapEditorScene] Updated hoveredTilePanes 529,616
[2025-04-19 11:37:00] [INFO] [MapEditorScene] Updated hoveredTilePanes 528,615
[2025-04-19 11:37:00] [INFO] [MapEditorScene] Updated hoveredTilePanes 527,614
[2025-04-19 11:37:00] [INFO] [MapEditorScene] Updated hoveredTilePanes 526,613
[2025-04-19 11:37:00] [INFO] [MapEditorScene] Updated hoveredTilePanes 525,612
[2025-04-19 11:37:00] [INFO] [MapEditorScene] Updated hoveredTilePanes 524,612
[2025-04-19 11:37:00] [INFO] [MapEditorScene] Updated hoveredTilePanes 523,611
[2025-04-19 11:37:00] [INFO] [MapEditorScene] Updated hoveredTilePanes 522,610
[2025-04-19 11:37:00] [INFO] [MapEditorScene] Updated hoveredTilePanes 521,609
[2025-04-19 11:37:00] [INFO] [MapEditorScene] Updated hoveredTilePanes 520,608
[2025-04-19 11:37:00] [INFO] [MapEditorScene] Updated hoveredTilePanes 518,607
[2025-04-19 11:37:00] [INFO] [MapEditorScene] Updated hoveredTilePanes 517,606
[2025-04-19 11:37:00] [INFO] [MapEditorScene] Updated hoveredTilePanes 515,605
[2025-04-19 11:37:00] [INFO] [MapEditorScene] Updated hoveredTilePanes 513,603
[2025-04-19 11:37:00] [INFO] [MapEditorScene] Updated hoveredTilePanes 511,600
[2025-04-19 11:37:00] [INFO] [MapEditorScene] Updated hoveredTilePanes 508,598
[2025-04-19 11:37:01] [INFO] [MapEditorScene] Updated hoveredTilePanes 506,595
[2025-04-19 11:37:01] [INFO] [MapEditorScene] Updated hoveredTilePanes 504,593
[2025-04-19 11:37:01] [INFO] [MapEditorScene] Updated hoveredTilePanes 500,590
[2025-04-19 11:37:01] [INFO] [MapEditorScene] Updated hoveredTilePanes 497,588
[2025-04-19 11:37:01] [INFO] [MapEditorScene] Updated hoveredTilePanes 494,586
[2025-04-19 11:37:01] [INFO] [MapEditorScene] Updated hoveredTilePanes 490,583
[2025-04-19 11:37:01] [INFO] [MapEditorScene] Updated hoveredTilePanes 486,580
[2025-04-19 11:37:01] [INFO] [MapEditorScene] Updated hoveredTilePanes 483,577
[2025-04-19 11:37:01] [INFO] [MapEditorScene] Updated hoveredTilePanes 479,574
[2025-04-19 11:37:01] [INFO] [MapEditorScene] Updated hoveredTilePanes 475,571
[2025-04-19 11:37:01] [INFO] [MapEditorScene] Updated hoveredTilePanes 470,568
[2025-04-19 11:37:01] [INFO] [MapEditorScene] Updated hoveredTilePanes 465,563
[2025-04-19 11:37:01] [INFO] [MapEditorScene] Updated hoveredTilePanes 461,561
[2025-04-19 11:37:01] [INFO] [MapEditorScene] Updated hoveredTilePanes 455,556
[2025-04-19 11:37:01] [INFO] [MapEditorScene] Updated hoveredTilePanes 451,553
[2025-04-19 11:37:01] [INFO] [MapEditorScene] Updated hoveredTilePanes 448,549
[2025-04-19 11:37:01] [INFO] [MapEditorScene] Updated hoveredTilePanes 444,547
[2025-04-19 11:37:01] [INFO] [MapEditorScene] Updated hoveredTilePanes 440,544
[2025-04-19 11:37:01] [INFO] [MapEditorScene] Updated hoveredTilePanes 436,541
[2025-04-19 11:37:01] [INFO] [MapEditorScene] Updated hoveredTilePanes 434,538
[2025-04-19 11:37:01] [INFO] [MapEditorScene] Updated hoveredTilePanes 430,536
[2025-04-19 11:37:01] [INFO] [MapEditorScene] Updated hoveredTilePanes 427,532
[2025-04-19 11:37:01] [INFO] [MapEditorScene] Updated hoveredTilePanes 425,530
[2025-04-19 11:37:01] [INFO] [MapEditorScene] Updated hoveredTilePanes 420,524
[2025-04-19 11:37:01] [INFO] [MapEditorScene] Updated hoveredTilePanes 419,522
[2025-04-19 11:37:01] [INFO] [MapEditorScene] Updated hoveredTilePanes 416,518
[2025-04-19 11:37:01] [INFO] [MapEditorScene] Updated hoveredTilePanes 413,514
[2025-04-19 11:37:01] [INFO] [MapEditorScene] Updated hoveredTilePanes 409,511
[2025-04-19 11:37:01] [INFO] [MapEditorScene] Updated hoveredTilePanes 407,508
[2025-04-19 11:37:01] [INFO] [MapEditorScene] Updated hoveredTilePanes 405,506
[2025-04-19 11:37:01] [INFO] [MapEditorScene] Updated hoveredTilePanes 402,503
[2025-04-19 11:37:01] [INFO] [MapEditorScene] Updated hoveredTilePanes 400,501
[2025-04-19 11:37:01] [INFO] [MapEditorScene] Updated hoveredTilePanes 398,499
[2025-04-19 11:37:01] [INFO] [MapEditorScene] Updated hoveredTilePanes 395,497
[2025-04-19 11:37:01] [INFO] [MapEditorScene] Updated hoveredTilePanes 394,496
[2025-04-19 11:37:01] [INFO] [MapEditorScene] Updated hoveredTilePanes 392,495
[2025-04-19 11:37:01] [INFO] [MapEditorScene] Updated hoveredTilePanes 390,493
[2025-04-19 11:37:01] [INFO] [MapEditorScene] Updated hoveredTilePanes 389,492
[2025-04-19 11:37:01] [INFO] [MapEditorScene] Updated hoveredTilePanes 387,491
[2025-04-19 11:37:01] [INFO] [MapEditorScene] Updated hoveredTilePanes 386,490
[2025-04-19 11:37:01] [INFO] [MapEditorScene] Updated hoveredTilePanes 384,487
[2025-04-19 11:37:01] [INFO] [MapEditorScene] Updated hoveredTilePanes 382,486
[2025-04-19 11:37:01] [INFO] [MapEditorScene] Updated hoveredTilePanes 379,484
[2025-04-19 11:37:01] [INFO] [MapEditorScene] Updated hoveredTilePanes 378,483
[2025-04-19 11:37:01] [INFO] [MapEditorScene] Updated hoveredTilePanes 376,480
[2025-04-19 11:37:01] [INFO] [MapEditorScene] Updated hoveredTilePanes 373,478
[2025-04-19 11:37:01] [INFO] [MapEditorScene] Updated hoveredTilePanes 371,476
[2025-04-19 11:37:01] [INFO] [MapEditorScene] Updated hoveredTilePanes 369,474
[2025-04-19 11:37:01] [INFO] [MapEditorScene] Updated hoveredTilePanes 366,471
[2025-04-19 11:37:01] [INFO] [MapEditorScene] Updated hoveredTilePanes 364,469
[2025-04-19 11:37:01] [INFO] [MapEditorScene] Updated hoveredTilePanes 363,467
[2025-04-19 11:37:01] [INFO] [MapEditorScene] Updated hoveredTilePanes 360,465
[2025-04-19 11:37:01] [INFO] [MapEditorScene] Updated hoveredTilePanes 359,463
[2025-04-19 11:37:01] [INFO] [MapEditorScene] Updated hoveredTilePanes 357,461
[2025-04-19 11:37:01] [INFO] [MapEditorScene] Updated hoveredTilePanes 355,459
[2025-04-19 11:37:01] [INFO] [MapEditorScene] Updated hoveredTilePanes 354,457
[2025-04-19 11:37:01] [INFO] [MapEditorScene] Updated hoveredTilePanes 353,456
[2025-04-19 11:37:01] [INFO] [MapEditorScene] Updated hoveredTilePanes 352,455
[2025-04-19 11:37:01] [INFO] [MapEditorScene] Updated hoveredTilePanes 351,453
[2025-04-19 11:37:01] [INFO] [MapEditorScene] Updated hoveredTilePanes 350,452
[2025-04-19 11:37:01] [INFO] [MapEditorScene] Updated hoveredTilePanes 349,451
[2025-04-19 11:37:01] [INFO] [MapEditorScene] Updated hoveredTilePanes 348,450
[2025-04-19 11:37:01] [INFO] [MapEditorScene] Updated hoveredTilePanes 347,449
[2025-04-19 11:37:01] [INFO] [MapEditorScene] Updated hoveredTilePanes 346,449
[2025-04-19 11:37:01] [INFO] [MapEditorScene] Updated hoveredTilePanes 345,448
[2025-04-19 11:37:01] [INFO] [MapEditorScene] Updated hoveredTilePanes 345,447
[2025-04-19 11:37:01] [INFO] [MapEditorScene] Updated hoveredTilePanes 344,447
[2025-04-19 11:37:01] [INFO] [MapEditorScene] Updated hoveredTilePanes 344,446
[2025-04-19 11:37:01] [INFO] [MapEditorScene] Updated hoveredTilePanes 345,446
[2025-04-19 11:37:01] [INFO] [MapEditorScene] Updated hoveredTilePanes 345,448
[2025-04-19 11:37:01] [INFO] [MapEditorScene] Updated hoveredTilePanes 346,450
[2025-04-19 11:37:01] [INFO] [MapEditorScene] Updated hoveredTilePanes 346,451
[2025-04-19 11:37:01] [INFO] [MapEditorScene] Updated hoveredTilePanes 348,453
[2025-04-19 11:37:02] [INFO] [MapEditorScene] Updated hoveredTilePanes 349,455
[2025-04-19 11:37:02] [INFO] [MapEditorScene] Updated hoveredTilePanes 350,457
[2025-04-19 11:37:02] [INFO] [MapEditorScene] Updated hoveredTilePanes 351,460
[2025-04-19 11:37:02] [INFO] [MapEditorScene] Updated hoveredTilePanes 353,463
[2025-04-19 11:37:02] [INFO] [MapEditorScene] Updated hoveredTilePanes 355,466
[2025-04-19 11:37:02] [INFO] [MapEditorScene] Updated hoveredTilePanes 356,471
[2025-04-19 11:37:02] [INFO] [MapEditorScene] Updated hoveredTilePanes 358,476
[2025-04-19 11:37:02] [INFO] [MapEditorScene] Updated hoveredTilePanes 360,479
[2025-04-19 11:37:02] [INFO] [MapEditorScene] Updated hoveredTilePanes 362,484
[2025-04-19 11:37:02] [INFO] [MapEditorScene] Updated hoveredTilePanes 364,489
[2025-04-19 11:37:02] [INFO] [MapEditorScene] Updated hoveredTilePanes 365,492
[2025-04-19 11:37:02] [INFO] [MapEditorScene] Updated hoveredTilePanes 367,494
[2025-04-19 11:37:02] [INFO] [MapEditorScene] Updated hoveredTilePanes 368,497
[2025-04-19 11:37:02] [INFO] [MapEditorScene] Updated hoveredTilePanes 370,499
[2025-04-19 11:37:02] [INFO] [MapEditorScene] Updated hoveredTilePanes 371,500
[2025-04-19 11:37:02] [INFO] [MapEditorScene] Updated hoveredTilePanes 371,502
[2025-04-19 11:37:02] [INFO] [MapEditorScene] Updated hoveredTilePanes 372,503
[2025-04-19 11:37:02] [INFO] [MapEditorScene] Updated hoveredTilePanes 373,504
[2025-04-19 11:37:02] [INFO] [MapEditorScene] Updated hoveredTilePanes 374,504
[2025-04-19 11:37:02] [INFO] [MapEditorScene] Updated hoveredTilePanes 374,505
[2025-04-19 11:37:02] [INFO] [MapEditorScene] Updated hoveredTilePanes 374,506
[2025-04-19 11:37:02] [INFO] [MapEditorScene] Updated hoveredTilePanes 375,506
[2025-04-19 11:37:03] [INFO] [MapEditorScene] Updated hoveredTilePanes 374,505
[2025-04-19 11:37:03] [INFO] [MapEditorScene] Updated hoveredTilePanes 369,495
[2025-04-19 11:37:03] [INFO] [MapEditorScene] Updated hoveredTilePanes 358,476
[2025-04-19 11:37:03] [INFO] [MapEditorScene] Updated hoveredTilePanes 345,460
[2025-04-19 11:37:03] [INFO] [MapEditorScene] Updated hoveredTilePanes 330,436
[2025-04-19 11:37:03] [INFO] [MapEditorScene] Updated hoveredTilePanes 323,427
[2025-04-19 11:37:03] [INFO] [MapEditorScene] Updated hoveredTilePanes 294,383
[2025-04-19 11:37:03] [INFO] [MapEditorScene] Updated hoveredTilePanes 285,368
[2025-04-19 11:37:03] [INFO] [MapEditorScene] Updated hoveredTilePanes 252,319
[2025-04-19 11:37:03] [INFO] [MapEditorScene] Updated hoveredTilePanes 244,307
[2025-04-19 11:37:03] [INFO] [MapEditorScene] Updated hoveredTilePanes 231,281
[2025-04-19 11:37:04] [INFO] [MapEditorScene] Updated hoveredTilePanes 216,257
[2025-04-19 11:37:04] [INFO] [MapEditorScene] Updated hoveredTilePanes 207,239
[2025-04-19 11:37:04] [INFO] [MapEditorScene] Updated hoveredTilePanes 196,221
[2025-04-19 11:37:04] [INFO] [MapEditorScene] Updated hoveredTilePanes 188,207
[2025-04-19 11:37:04] [INFO] [MapEditorScene] Updated hoveredTilePanes 182,193
[2025-04-19 11:37:04] [INFO] [MapEditorScene] Updated hoveredTilePanes 177,179
[2025-04-19 11:37:04] [INFO] [MapEditorScene] Updated hoveredTilePanes 173,165
[2025-04-19 11:37:04] [INFO] [MapEditorScene] Updated hoveredTilePanes 168,148
[2025-04-19 11:37:04] [INFO] [MapEditorScene] Updated hoveredTilePanes 164,137
[2025-04-19 11:37:04] [INFO] [MapEditorScene] Updated hoveredTilePanes 161,126
[2025-04-19 11:37:04] [INFO] [MapEditorScene] Updated hoveredTilePanes 160,119
[2025-04-19 11:37:04] [INFO] [MapEditorScene] Updated hoveredTilePanes 157,110
[2025-04-19 11:37:04] [INFO] [MapEditorScene] Updated hoveredTilePanes 155,102
[2025-04-19 11:37:04] [INFO] [MapEditorScene] Updated hoveredTilePanes 152,95
[2025-04-19 11:37:04] [INFO] [MapEditorScene] Updated hoveredTilePanes 151,90
[2025-04-19 11:37:04] [INFO] [MapEditorScene] Updated hoveredTilePanes 150,85
[2025-04-19 11:37:04] [INFO] [MapEditorScene] Updated hoveredTilePanes 149,81
[2025-04-19 11:37:04] [INFO] [MapEditorScene] Updated hoveredTilePanes 147,77
[2025-04-19 11:37:04] [INFO] [MapEditorScene] Updated hoveredTilePanes 146,75
[2025-04-19 11:37:04] [INFO] [MapEditorScene] Updated hoveredTilePanes 145,72
[2025-04-19 11:37:04] [INFO] [MapEditorScene] Updated hoveredTilePanes 144,70
[2025-04-19 11:37:04] [INFO] [MapEditorScene] Updated hoveredTilePanes 142,67
[2025-04-19 11:37:04] [INFO] [MapEditorScene] Updated hoveredTilePanes 141,65
[2025-04-19 11:37:04] [INFO] [MapEditorScene] Updated hoveredTilePanes 139,62
[2025-04-19 11:37:04] [INFO] [MapEditorScene] Updated hoveredTilePanes 138,60
[2025-04-19 11:37:04] [INFO] [MapEditorScene] Updated hoveredTilePanes 135,56
[2025-04-19 11:37:04] [INFO] [MapEditorScene] Updated hoveredTilePanes 133,53
[2025-04-19 11:37:04] [INFO] [MapEditorScene] Updated hoveredTilePanes 130,51
[2025-04-19 11:37:04] [INFO] [MapEditorScene] Updated hoveredTilePanes 128,49
[2025-04-19 11:37:04] [INFO] [MapEditorScene] Updated hoveredTilePanes 125,46
[2025-04-19 11:37:04] [INFO] [MapEditorScene] Updated hoveredTilePanes 122,44
[2025-04-19 11:37:04] [INFO] [MapEditorScene] Updated hoveredTilePanes 120,43
[2025-04-19 11:37:04] [INFO] [MapEditorScene] Updated hoveredTilePanes 117,42
[2025-04-19 11:37:04] [INFO] [MapEditorScene] Updated hoveredTilePanes 115,41
[2025-04-19 11:37:04] [INFO] [MapEditorScene] Updated hoveredTilePanes 112,40
[2025-04-19 11:37:04] [INFO] [MapEditorScene] Updated hoveredTilePanes 110,39
[2025-04-19 11:37:04] [INFO] [MapEditorScene] Updated hoveredTilePanes 106,39
[2025-04-19 11:37:04] [INFO] [MapEditorScene] Updated hoveredTilePanes 103,38
[2025-04-19 11:37:04] [INFO] [MapEditorScene] Updated hoveredTilePanes 101,38
[2025-04-19 11:37:04] [INFO] [MapEditorScene] Updated hoveredTilePanes 98,37
[2025-04-19 11:37:04] [INFO] [MapEditorScene] Updated hoveredTilePanes 95,37
[2025-04-19 11:37:04] [INFO] [MapEditorScene] Updated hoveredTilePanes 91,36
[2025-04-19 11:37:04] [INFO] [MapEditorScene] Updated hoveredTilePanes 88,35
[2025-04-19 11:37:04] [INFO] [MapEditorScene] Updated hoveredTilePanes 85,35
[2025-04-19 11:37:04] [INFO] [MapEditorScene] Updated hoveredTilePanes 82,35
[2025-04-19 11:37:04] [INFO] [MapEditorScene] Updated hoveredTilePanes 78,34
[2025-04-19 11:37:04] [INFO] [MapEditorScene] Updated hoveredTilePanes 75,34
[2025-04-19 11:37:04] [INFO] [MapEditorScene] Updated hoveredTilePanes 72,34
[2025-04-19 11:37:04] [INFO] [MapEditorScene] Updated hoveredTilePanes 70,33
[2025-04-19 11:37:04] [INFO] [MapEditorScene] Updated hoveredTilePanes 68,33
[2025-04-19 11:37:04] [INFO] [MapEditorScene] Updated hoveredTilePanes 66,32
[2025-04-19 11:37:04] [INFO] [MapEditorScene] Updated hoveredTilePanes 64,32
[2025-04-19 11:37:04] [INFO] [MapEditorScene] Updated hoveredTilePanes 63,31
[2025-04-19 11:37:04] [INFO] [MapEditorScene] Updated hoveredTilePanes 62,31
[2025-04-19 11:37:04] [INFO] [MapEditorScene] Updated hoveredTilePanes 61,30
[2025-04-19 11:37:04] [INFO] [MapEditorScene] Updated hoveredTilePanes 60,29
[2025-04-19 11:37:04] [INFO] [MapEditorScene] Updated hoveredTilePanes 59,29
[2025-04-19 11:37:04] [INFO] [MapEditorScene] Updated hoveredTilePanes 58,28
[2025-04-19 11:37:04] [INFO] [MapEditorScene] Updated hoveredTilePanes 57,28
[2025-04-19 11:37:04] [INFO] [MapEditorScene] Updated hoveredTilePanes 57,27
[2025-04-19 11:37:04] [INFO] [MapEditorScene] Updated hoveredTilePanes 56,27
[2025-04-19 11:37:04] [INFO] [MapEditorScene] Updated hoveredTilePanes 55,26
[2025-04-19 11:37:04] [INFO] [MapEditorScene] Updated hoveredTilePanes 54,25
[2025-04-19 11:37:04] [INFO] [MapEditorScene] Updated hoveredTilePanes 53,25
[2025-04-19 11:37:04] [INFO] [MapEditorScene] Updated hoveredTilePanes 53,24
[2025-04-19 11:37:04] [INFO] [MapEditorScene] Updated hoveredTilePanes 52,23
[2025-04-19 11:37:04] [INFO] [MapEditorScene] Updated hoveredTilePanes 51,22
[2025-04-19 11:37:04] [INFO] [MapEditorScene] Updated hoveredTilePanes 50,21
[2025-04-19 11:37:04] [INFO] [MapEditorScene] Updated hoveredTilePanes 49,20
[2025-04-19 11:37:04] [INFO] [MapEditorScene] Updated hoveredTilePanes 48,19
[2025-04-19 11:37:04] [INFO] [MapEditorScene] Updated hoveredTilePanes 47,18
[2025-04-19 11:37:04] [INFO] [MapEditorScene] Updated hoveredTilePanes 46,17
[2025-04-19 11:37:04] [INFO] [MapEditorScene] Updated hoveredTilePanes 45,16
[2025-04-19 11:37:04] [INFO] [MapEditorScene] Updated hoveredTilePanes 43,15
[2025-04-19 11:37:04] [INFO] [MapEditorScene] Updated hoveredTilePanes 42,14
[2025-04-19 11:37:04] [INFO] [MapEditorScene] Updated hoveredTilePanes 41,13
[2025-04-19 11:37:04] [INFO] [MapEditorScene] Updated hoveredTilePanes 41,12
[2025-04-19 11:37:04] [INFO] [MapEditorScene] Updated hoveredTilePanes 39,11
[2025-04-19 11:37:04] [INFO] [MapEditorScene] Updated hoveredTilePanes 38,10
[2025-04-19 11:37:04] [INFO] [MapEditorScene] Updated hoveredTilePanes 36,9
[2025-04-19 11:37:04] [INFO] [MapEditorScene] Updated hoveredTilePanes 36,8
[2025-04-19 11:37:04] [INFO] [MapEditorScene] Updated hoveredTilePanes 35,8
[2025-04-19 11:37:04] [INFO] [MapEditorScene] Updated hoveredTilePanes 34,7
[2025-04-19 11:37:04] [INFO] [MapEditorScene] Updated hoveredTilePanes 33,7
[2025-04-19 11:37:04] [INFO] [MapEditorScene] Updated hoveredTilePanes 32,6
[2025-04-19 11:37:04] [INFO] [MapEditorScene] Updated hoveredTilePanes 31,6
[2025-04-19 11:37:04] [INFO] [MapEditorScene] Updated hoveredTilePanes 31,5
[2025-04-19 11:37:04] [INFO] [MapEditorScene] Updated hoveredTilePanes 30,5
[2025-04-19 11:37:04] [INFO] [MapEditorScene] Updated hoveredTilePanes 29,5
[2025-04-19 11:37:04] [INFO] [MapEditorScene] Updated hoveredTilePanes 29,4
[2025-04-19 11:37:04] [INFO] [MapEditorScene] Updated hoveredTilePanes 28,4
[2025-04-19 11:37:04] [INFO] [MapEditorScene] Updated hoveredTilePanes 27,3
[2025-04-19 11:37:04] [INFO] [MapEditorScene] Updated hoveredTilePanes 26,2
[2025-04-19 11:37:04] [INFO] [MapEditorScene] Updated hoveredTilePanes 25,2
[2025-04-19 11:37:04] [INFO] [MapEditorScene] Updated hoveredTilePanes 25,1
[2025-04-19 11:37:04] [INFO] [MapEditorScene] Updated hoveredTilePanes 24,0
