[2025-03-22 22:23:29] [INFO] [AssetPool] Started initializing AssetPool
[2025-03-22 22:23:29] [INFO] [AssetNameSpace] Started loading Sprite's from ./res/graphics
[2025-03-22 22:23:29] [INFO] [AssetNameSpace] Finished reading files for sprites
[2025-03-22 22:23:29] [INFO] [AssetNameSpace] Finished loading ./res/graphics
[2025-03-22 22:23:29] [INFO] [AssetPool] Finished initializing AssetPool
[2025-03-22 22:23:29] [INFO] [FontPoolV1] Started initializing FontPoolV1
[2025-03-22 22:23:29] [INFO] [FontPoolV1] Finished initializing FontPoolV1
[2025-03-22 22:23:29] [INFO] [UnitDatabase] Started initializing UnitDatabase
[2025-03-22 22:23:29] [INFO] [UnitDatabase] Successfully initialized UnitDatabase
[2025-03-22 22:23:29] [INFO] [UnitDatabase] Finished initializing UnitDatabase
[2025-03-22 22:23:29] [INFO] [JsonDatabase] Started initializing JsonDatabase
[2025-03-22 22:23:29] [INFO] [JsonTable] Started initializing JsonTable
[2025-03-22 22:23:29] [INFO] [JsonTable] Successfully initialized JsonTable
[2025-03-22 22:23:29] [INFO] [JsonTable] Finished initializing JsonTable
[2025-03-22 22:23:29] [INFO] [JsonTable] Started initializing JsonTable
[2025-03-22 22:23:29] [INFO] [JsonTable] Successfully initialized JsonTable
[2025-03-22 22:23:29] [INFO] [JsonTable] Finished initializing JsonTable
[2025-03-22 22:23:29] [INFO] [JsonTable] Started initializing JsonTable
[2025-03-22 22:23:29] [INFO] [JsonTable] Successfully initialized JsonTable
[2025-03-22 22:23:29] [INFO] [JsonTable] Finished initializing JsonTable
[2025-03-22 22:23:29] [INFO] [JsonDatabase] Successfully initialized JsonDatabase
[2025-03-22 22:23:29] [INFO] [JsonDatabase] Finished initializing JsonDatabase
[2025-03-22 22:23:29] [INFO] [Component] Setting d5671e55-698d-4397-98d9-62fcb0d3a212 on to a9291884-e969-49fa-8cd1-9701f050e30f.
[2025-03-22 22:23:29] [INFO] [SpeedQueue] Added unit enemy:Roqabo into queue
[2025-03-22 22:23:29] [INFO] [Component] Setting eb99f982-0735-4a06-a800-19f8b07447b4 on to b42990cd-f444-44a0-89e2-71e869d7e272.
[2025-03-22 22:23:29] [INFO] [SpeedQueue] Added unit enemy:Qawlu into queue
[2025-03-22 22:23:29] [INFO] [Component] Setting e4d02779-3661-4632-a256-b719f575c6b4 on to 87b92141-d574-4956-8380-7bc44784e4f6.
[2025-03-22 22:23:29] [INFO] [SpeedQueue] Added unit enemy:Nifn into queue
[2025-03-22 22:23:29] [INFO] [Component] Setting e023e3b6-2a8e-49d2-a803-b65825119a5f on to 57bbcedc-226b-49d7-acfb-0b235bada86c.
[2025-03-22 22:23:29] [INFO] [SpeedQueue] Added unit enemy:Iiaiae into queue
[2025-03-22 22:23:29] [INFO] [Component] Setting 5eba25d2-3953-454c-93b5-f560afcdc2fc on to ba152fed-ac3f-4fc5-9ff0-ba21a99c0d9e.
[2025-03-22 22:23:29] [INFO] [SpeedQueue] Added unit user:Aemaya into queue
[2025-03-22 22:23:29] [INFO] [Component] Setting a1fdeafe-bcbd-4a37-ba59-a9c892c09974 on to 9fdb37c5-ed18-4a75-9cb4-b70adf8aad0e.
[2025-03-22 22:23:29] [INFO] [SpeedQueue] Added unit user:Ryvf into queue
[2025-03-22 22:23:29] [INFO] [Component] Setting e9ed1833-1c3c-49df-ac0e-89090be7edc6 on to 223bd95e-7fb7-407b-8d68-58e5ccf01ad1.
[2025-03-22 22:23:29] [INFO] [SpeedQueue] Added unit user:Sowwqy into queue
[2025-03-22 22:23:29] [INFO] [Component] Setting 66ce7d8f-6d6c-4fd7-9fb6-8b725bfe8d1f on to f5e72add-d077-4e9c-9919-f2ce449e0bb6.
[2025-03-22 22:23:29] [INFO] [SpeedQueue] Added unit user:Gysee into queue
[2025-03-22 22:23:30] [INFO] [FontPool] Started initializing FontPool
[2025-03-22 22:23:30] [INFO] [FontPool] ✅ Successfully loaded font: Lilian
[2025-03-22 22:23:30] [INFO] [VisualsSystem] Started creating blurred background
[2025-03-22 22:23:30] [INFO] [TimeLinePanel] Started updating the timeline panel after turn order has changed.
[2025-03-22 22:23:30] [INFO] [TimeLinePanel] Finished updating the timeline panel after turn order has changed.
[2025-03-22 22:23:30] [INFO] [SelectedTilePanel] Checksum updated, getting units at selected tiles.
[2025-03-22 22:23:30] [INFO] [SelectedTilePanel] Either no unit selected or more than one unit selected
[2025-03-22 22:23:30] [INFO] [SpeedQueue] Speed queue updated.
[2025-03-22 22:23:30] [INFO] [VisualsSystem] Started creating blurred background
[2025-03-22 22:23:30] [INFO] [TimeLinePanel] Started updating the timeline panel after turn order has changed.
[2025-03-22 22:23:30] [INFO] [TimeLinePanel] Finished updating the timeline panel after turn order has changed.
[2025-03-22 22:23:30] [INFO] [SelectedTilePanel] Checksum updated, getting units at selected tiles.
[2025-03-22 22:23:30] [INFO] [SelectedTilePanel] Either no unit selected or more than one unit selected
[2025-03-22 22:23:30] [INFO] [LesserStatisticsInformationPanel] Checksum has been updated, querying statistics for unit d5671e55-698d-4397-98d9-62fcb0d3a212
[2025-03-22 22:23:31] [INFO] [VisualsSystem] Finished creating blurred background after 0.3862495422363281 seconds
[2025-03-22 22:23:31] [INFO] [VisualsSystem] Finished creating blurred background after 0.506161093711853 seconds
[2025-03-22 22:23:31] [INFO] [MovementSystem] Roqabo is planning to move from [0, 5] to [1, 6]
[2025-03-22 22:23:31] [INFO] [MovementSystem] Updated movement area for Roqabo
[2025-03-22 22:23:31] [INFO] [MovementSystem] Updated movement path for Roqabo
[2025-03-22 22:23:31] [INFO] [Component] Setting d5671e55-698d-4397-98d9-62fcb0d3a212 on to a22ca439-0b26-4b4e-9b0f-939b121a0841.
[2025-03-22 22:23:31] [INFO] [MovementSystem] Moved from [0, 5] to [1, 6]
[2025-03-22 22:23:33] [INFO] [SelectedTilePanel] Checksum updated, getting units at selected tiles.
[2025-03-22 22:23:33] [INFO] [SelectedTilePanel] Either no unit selected or more than one unit selected
[2025-03-22 22:23:33] [INFO] [AbilityDatabase] Started initializing AbilityDatabase
[2025-03-22 22:23:33] [INFO] [AbilityDatabase] Successfully initialized AbilityDatabase
[2025-03-22 22:23:33] [INFO] [AbilityDatabase] Finished initializing AbilityDatabase
[2025-03-22 22:23:35] [INFO] [TimeLinePanel] Started updating the timeline panel after turn order has changed.
[2025-03-22 22:23:35] [INFO] [TimeLinePanel] Finished updating the timeline panel after turn order has changed.
