[2025-05-26 00:38:15] [INFO] [UnitTable] Started initializing UnitTable
[2025-05-26 00:38:15] [INFO] [EmeritusDatabase] Started initializing EmeritusDatabase
[2025-05-26 00:38:15] [INFO] [EmeritusDatabase] Finished initializing EmeritusDatabase
[2025-05-26 00:38:15] [INFO] [UnitTable] Successfully initialized UnitTable
[2025-05-26 00:38:15] [INFO] [UnitTable] Finished initializing UnitTable
[2025-05-26 00:38:15] [INFO] [AbilityTable] Started initializing AbilityTable
[2025-05-26 00:38:15] [INFO] [AbilityTable] Finished initializing AbilityTable
[2025-05-26 00:38:15] [INFO] [UserSaveStateManager] Started loading user save data
[2025-05-26 00:38:15] [INFO] [UserSaveStateManager] Finished loading user save data
[2025-05-26 00:38:15] [INFO] [AssetPool] Started initializing AssetPool
[2025-05-26 00:38:15] [INFO] [AssetNameSpace] Started loading Sprite's from ./res/graphics
[2025-05-26 00:38:15] [INFO] [AssetNameSpace] Finished reading files for sprites
[2025-05-26 00:38:15] [INFO] [AssetNameSpace] Finished loading ./res/graphics
[2025-05-26 00:38:15] [INFO] [AssetPool] Finished initializing AssetPool
[2025-05-26 00:38:15] [INFO] [Component] Setting UNIT_dark_dragon___NICKNAME_Xibou___5ec4e7ba-7000-48eb-a73e-c7c098d25cc8 on to {"row":2,"column":1,"base_elevation":-3,"spawn_region":"Left","unit":"UNIT_dark_dragon___NICKNAME_Xibou___5ec4e7ba-7000-48eb-a73e-c7c098d25cc8","layers":{"empty":false},"total_elevation":5}.
[2025-05-26 00:38:15] [INFO] [SpeedQueue] Added unit UNIT_dark_dragon___NICKNAME_Xibou___5ec4e7ba-7000-48eb-a73e-c7c098d25cc8 into queue
[2025-05-26 00:38:15] [INFO] [Component] Setting UNIT_water_dragon___NICKNAME_Pagu___3621458a-549c-4ebb-b190-4c3d8c488d3f on to {"row":5,"column":1,"base_elevation":-3,"spawn_region":"Left","unit":"UNIT_water_dragon___NICKNAME_Pagu___3621458a-549c-4ebb-b190-4c3d8c488d3f","layers":{"empty":false},"total_elevation":4}.
[2025-05-26 00:38:15] [INFO] [SpeedQueue] Added unit UNIT_water_dragon___NICKNAME_Pagu___3621458a-549c-4ebb-b190-4c3d8c488d3f into queue
[2025-05-26 00:38:15] [INFO] [Component] Setting UNIT_fire_dragon___NICKNAME_Qezy___df17e71c-9158-4aee-9042-85868f914f75 on to {"row":3,"column":0,"base_elevation":-3,"spawn_region":"Left","unit":"UNIT_fire_dragon___NICKNAME_Qezy___df17e71c-9158-4aee-9042-85868f914f75","layers":{"empty":false},"total_elevation":5}.
[2025-05-26 00:38:15] [INFO] [SpeedQueue] Added unit UNIT_fire_dragon___NICKNAME_Qezy___df17e71c-9158-4aee-9042-85868f914f75 into queue
[2025-05-26 00:38:15] [INFO] [Component] Setting UNIT_earth_dragon___NICKNAME_Hyqoy___f8ed5f00-f2b7-491d-804d-9f2580cfbb90 on to {"row":1,"column":1,"base_elevation":-3,"spawn_region":"Left","unit":"UNIT_earth_dragon___NICKNAME_Hyqoy___f8ed5f00-f2b7-491d-804d-9f2580cfbb90","layers":{"empty":false},"total_elevation":5}.
[2025-05-26 00:38:15] [INFO] [SpeedQueue] Added unit UNIT_earth_dragon___NICKNAME_Hyqoy___f8ed5f00-f2b7-491d-804d-9f2580cfbb90 into queue
[2025-05-26 00:38:15] [INFO] [Component] Setting UNIT_dragon___NICKNAME_Aeyo___eb6ef7dd-590a-4f0d-b807-b0373b39abe6 on to {"row":4,"column":0,"base_elevation":-3,"spawn_region":"Left","unit":"UNIT_dragon___NICKNAME_Aeyo___eb6ef7dd-590a-4f0d-b807-b0373b39abe6","layers":{"empty":false},"total_elevation":4}.
[2025-05-26 00:38:15] [INFO] [SpeedQueue] Added unit UNIT_dragon___NICKNAME_Aeyo___eb6ef7dd-590a-4f0d-b807-b0373b39abe6 into queue
[2025-05-26 00:38:15] [INFO] [Component] Setting UNIT_water_dragon___NICKNAME_Fiov___4cd9ca4d-4955-4c52-ba9e-3b2a03630662 on to {"row":9,"column":8,"base_elevation":-3,"spawn_region":"Right","unit":"UNIT_water_dragon___NICKNAME_Fiov___4cd9ca4d-4955-4c52-ba9e-3b2a03630662","layers":{"empty":false},"total_elevation":4}.
[2025-05-26 00:38:15] [INFO] [SpeedQueue] Added unit UNIT_water_dragon___NICKNAME_Fiov___4cd9ca4d-4955-4c52-ba9e-3b2a03630662 into queue
[2025-05-26 00:38:15] [INFO] [Component] Setting UNIT_dark_dragon___NICKNAME_Maibh___8d9d0211-2dd2-490e-a580-b78c69cdea4a on to {"row":7,"column":8,"base_elevation":-3,"spawn_region":"Right","unit":"UNIT_dark_dragon___NICKNAME_Maibh___8d9d0211-2dd2-490e-a580-b78c69cdea4a","layers":{"empty":false},"total_elevation":5}.
[2025-05-26 00:38:15] [INFO] [SpeedQueue] Added unit UNIT_dark_dragon___NICKNAME_Maibh___8d9d0211-2dd2-490e-a580-b78c69cdea4a into queue
[2025-05-26 00:38:15] [INFO] [Component] Setting UNIT_air_dragon___NICKNAME_Lugu___fd5fe46b-c3db-4a60-9c52-5eb86ed19156 on to {"row":9,"column":9,"base_elevation":-3,"spawn_region":"Right","unit":"UNIT_air_dragon___NICKNAME_Lugu___fd5fe46b-c3db-4a60-9c52-5eb86ed19156","layers":{"empty":false},"total_elevation":5}.
[2025-05-26 00:38:15] [INFO] [SpeedQueue] Added unit UNIT_air_dragon___NICKNAME_Lugu___fd5fe46b-c3db-4a60-9c52-5eb86ed19156 into queue
[2025-05-26 00:38:15] [INFO] [Component] Setting UNIT_dark_dragon___NICKNAME_Feloba___13010875-17d3-44e3-b91a-158e3d730647 on to {"row":5,"column":9,"base_elevation":-3,"spawn_region":"Right","unit":"UNIT_dark_dragon___NICKNAME_Feloba___13010875-17d3-44e3-b91a-158e3d730647","layers":{"empty":false},"total_elevation":5}.
[2025-05-26 00:38:15] [INFO] [SpeedQueue] Added unit UNIT_dark_dragon___NICKNAME_Feloba___13010875-17d3-44e3-b91a-158e3d730647 into queue
[2025-05-26 00:38:15] [INFO] [Component] Setting UNIT_fire_dragon___NICKNAME_Lezugo___7db0112d-fd57-416c-b984-ad7de146ea95 on to {"row":5,"column":8,"base_elevation":-3,"spawn_region":"Right","unit":"UNIT_fire_dragon___NICKNAME_Lezugo___7db0112d-fd57-416c-b984-ad7de146ea95","layers":{"empty":false},"total_elevation":5}.
[2025-05-26 00:38:15] [INFO] [SpeedQueue] Added unit UNIT_fire_dragon___NICKNAME_Lezugo___7db0112d-fd57-416c-b984-ad7de146ea95 into queue
[2025-05-26 00:38:15] [INFO] [EngineController] Started setting scene to MENU_SCENE
[2025-05-26 00:38:15] [INFO] [EngineController] Finished setting scene to MENU_SCENE
[2025-05-26 00:38:15] [INFO] [EngineController] Started setting scene to MAP_EDITOR_SCENE
[2025-05-26 00:38:15] [INFO] [FontPool] Started initializing FontPool
[2025-05-26 00:38:15] [INFO] [FontPool] ✅ Successfully loaded font: Lilian
[2025-05-26 00:38:15] [INFO] [MapEditorScene] Starting to create new GameController!
[2025-05-26 00:38:15] [INFO] [MapEditorScene] Successfully created new GameController!
[2025-05-26 00:38:15] [INFO] [EngineController] Finished setting scene to MAP_EDITOR_SCENE
[2025-05-26 00:38:15] [INFO] [EngineController] Started setting scene to GAME_SCENE
[2025-05-26 00:38:15] [INFO] [EngineController] Finished setting scene to GAME_SCENE
[2025-05-26 00:38:15] [INFO] [AbilitySystem] Started updating {} because of ability
[2025-05-26 00:38:15] [INFO] [AbilitySystem] Finished update updating {} because of ability
[2025-05-26 00:38:15] [INFO] [AbilitySystem] Started updating {} because of ability
[2025-05-26 00:38:15] [INFO] [AbilitySystem] Finished update updating {} because of ability
[2025-05-26 00:38:15] [INFO] [AbilitySystem] Started updating {} because of ability
[2025-05-26 00:38:15] [INFO] [AbilitySystem] Finished update updating {} because of ability
[2025-05-26 00:38:15] [INFO] [AbilitySystem] Started updating {} because of ability
[2025-05-26 00:38:15] [INFO] [AbilitySystem] Finished update updating {} because of ability
[2025-05-26 00:38:15] [INFO] [AbilitySystem] Started updating {} because of ability
[2025-05-26 00:38:15] [INFO] [AbilitySystem] Finished update updating {} because of ability
[2025-05-26 00:38:15] [INFO] [AbilitySystem] Started updating {} because of ability
[2025-05-26 00:38:15] [INFO] [AbilitySystem] Finished update updating {} because of ability
[2025-05-26 00:38:15] [INFO] [AbilitySystem] Started updating {} because of ability
[2025-05-26 00:38:15] [INFO] [AbilitySystem] Finished update updating {} because of ability
[2025-05-26 00:38:15] [INFO] [AbilitySystem] Started updating {} because of ability
[2025-05-26 00:38:15] [INFO] [AbilitySystem] Finished update updating {} because of ability
[2025-05-26 00:38:15] [INFO] [AbilitySystem] Started updating {} because of ability
[2025-05-26 00:38:15] [INFO] [AbilitySystem] Finished update updating {} because of ability
[2025-05-26 00:38:15] [INFO] [AbilitySystem] Started updating {} because of ability
[2025-05-26 00:38:15] [INFO] [AbilitySystem] Finished update updating {} because of ability
[2025-05-26 00:38:16] [INFO] [SpeedQueue] Speed queue updated.
[2025-05-26 00:38:16] [INFO] [AbilityPanel] Updating ability selection for UNIT_fire_dragon___NICKNAME_Qezy___df17e71c-9158-4aee-9042-85868f914f75
[2025-05-26 00:38:16] [INFO] [AbilityPanel] Finished ability selection for UNIT_fire_dragon___NICKNAME_Qezy___df17e71c-9158-4aee-9042-85868f914f75
[2025-05-26 00:38:16] [INFO] [MovementPanel] Started update to Movement Information panel.
[2025-05-26 00:38:16] [INFO] [MovementPanel] Finished update to Movement Information panel.
[2025-05-26 00:38:16] [INFO] [TimeLinePanel] Started updating the timeline panel after turn order has changed.
[2025-05-26 00:38:16] [INFO] [TimeLinePanel] Finished updating the timeline panel after turn order has changed.
[2025-05-26 00:38:16] [INFO] [SelectedTilePanel] Checksum updated, getting units at selected tiles.
[2025-05-26 00:38:16] [INFO] [SelectedTilePanel] Either no unit selected or more than one unit selected
[2025-05-26 00:38:16] [INFO] [VisualsSystem] Started creating blurred background
[2025-05-26 00:38:16] [INFO] [VisualsSystem] Finished creating blurred background after 0.48667213320732117 seconds
[2025-05-26 00:38:16] [INFO] [AbilitySystem] Started updating {} because of ability
[2025-05-26 00:38:16] [INFO] [AbilitySystem] Finished update updating {} because of ability
[2025-05-26 00:38:16] [INFO] [AbilitySystem] Started updating {} because of ability
[2025-05-26 00:38:16] [INFO] [AbilitySystem] Finished update updating {} because of ability
[2025-05-26 00:38:16] [INFO] [AbilitySystem] Started updating {} because of ability
[2025-05-26 00:38:16] [INFO] [AbilitySystem] Finished update updating {} because of ability
[2025-05-26 00:38:16] [INFO] [AbilitySystem] Started updating {} because of ability
[2025-05-26 00:38:16] [INFO] [AbilitySystem] Finished update updating {} because of ability
[2025-05-26 00:38:16] [INFO] [AbilitySystem] Started updating {} because of ability
[2025-05-26 00:38:16] [INFO] [AbilitySystem] Finished update updating {} because of ability
[2025-05-26 00:38:16] [INFO] [AbilitySystem] Started updating {} because of ability
[2025-05-26 00:38:16] [INFO] [AbilitySystem] Finished update updating {} because of ability
[2025-05-26 00:38:16] [INFO] [AbilitySystem] Started updating {} because of ability
[2025-05-26 00:38:16] [INFO] [AbilitySystem] Finished update updating {} because of ability
[2025-05-26 00:38:16] [INFO] [AbilitySystem] Started updating {} because of ability
[2025-05-26 00:38:16] [INFO] [AbilitySystem] Finished update updating {} because of ability
[2025-05-26 00:38:16] [INFO] [AbilitySystem] Started updating {} because of ability
[2025-05-26 00:38:16] [INFO] [AbilitySystem] Finished update updating {} because of ability
[2025-05-26 00:38:16] [INFO] [AbilityPanel] Updating ability selection for UNIT_fire_dragon___NICKNAME_Qezy___df17e71c-9158-4aee-9042-85868f914f75
[2025-05-26 00:38:16] [INFO] [AbilityPanel] Finished ability selection for UNIT_fire_dragon___NICKNAME_Qezy___df17e71c-9158-4aee-9042-85868f914f75
[2025-05-26 00:38:16] [INFO] [MovementPanel] Started update to Movement Information panel.
[2025-05-26 00:38:16] [INFO] [MovementPanel] Finished update to Movement Information panel.
[2025-05-26 00:38:16] [INFO] [AbilitySystem] Started updating {} because of ability
[2025-05-26 00:38:16] [INFO] [AbilitySystem] Finished update updating {} because of ability
[2025-05-26 00:38:16] [INFO] [AbilitySystem] Started updating {} because of ability
[2025-05-26 00:38:16] [INFO] [AbilitySystem] Finished update updating {} because of ability
[2025-05-26 00:38:16] [INFO] [AbilitySystem] Started updating {} because of ability
[2025-05-26 00:38:16] [INFO] [AbilitySystem] Finished update updating {} because of ability
[2025-05-26 00:38:16] [INFO] [AbilitySystem] Started updating {} because of ability
[2025-05-26 00:38:16] [INFO] [AbilitySystem] Finished update updating {} because of ability
[2025-05-26 00:38:16] [INFO] [AbilitySystem] Started updating {} because of ability
[2025-05-26 00:38:16] [INFO] [AbilitySystem] Finished update updating {} because of ability
[2025-05-26 00:38:16] [INFO] [AbilitySystem] Started updating {} because of ability
[2025-05-26 00:38:16] [INFO] [AbilitySystem] Finished update updating {} because of ability
[2025-05-26 00:38:16] [INFO] [AbilitySystem] Started updating {} because of ability
[2025-05-26 00:38:16] [INFO] [AbilitySystem] Finished update updating {} because of ability
[2025-05-26 00:38:16] [INFO] [AbilitySystem] Started updating {} because of ability
[2025-05-26 00:38:16] [INFO] [AbilitySystem] Finished update updating {} because of ability
[2025-05-26 00:38:16] [INFO] [AbilitySystem] Started updating {} because of ability
[2025-05-26 00:38:16] [INFO] [AbilitySystem] Finished update updating {} because of ability
[2025-05-26 00:38:16] [INFO] [AbilitySystem] Started updating {} because of ability
[2025-05-26 00:38:16] [INFO] [AbilitySystem] Finished update updating {} because of ability
[2025-05-26 00:38:23] [INFO] [InputHandler] Gliding 0 camera to new tile ROW_3___COLUMN_0___fa0a9a0d-30b7-440c-b629-84a447b1ffaf
[2025-05-26 00:38:23] [INFO] [InputHandler] Gliding 1 camera to new tile ROW_3___COLUMN_0___fa0a9a0d-30b7-440c-b629-84a447b1ffaf
[2025-05-26 00:38:23] [INFO] [StatisticsPanel] Started updating Statistics Information Panel for entity UNIT_fire_dragon___NICKNAME_Qezy___df17e71c-9158-4aee-9042-85868f914f75
[2025-05-26 00:38:23] [INFO] [StatisticsPanel] Finished updating Statistics Information Panel for entity UNIT_fire_dragon___NICKNAME_Qezy___df17e71c-9158-4aee-9042-85868f914f75
[2025-05-26 00:38:23] [INFO] [SelectedTilePanel] Checksum updated, getting units at selected tiles.
[2025-05-26 00:38:23] [INFO] [SelectedTilePanel] Updated selected tile display to view Qezy
