[2025-04-06 01:13:39] [INFO] [UnitDatabase] Started initializing UnitDatabase
[2025-04-06 01:13:39] [INFO] [UnitDatabase] Successfully initialized UnitDatabase
[2025-04-06 01:13:39] [INFO] [UnitDatabase] Finished initializing UnitDatabase
[2025-04-06 01:13:39] [INFO] [AbilityDatabase] Started initializing AbilityDatabase
[2025-04-06 01:13:39] [INFO] [AbilityDatabase] Successfully initialized AbilityDatabase
[2025-04-06 01:13:39] [INFO] [AbilityDatabase] Finished initializing AbilityDatabase
[2025-04-06 01:13:39] [INFO] [UserSaveStateManager] Started loading user save data
[2025-04-06 01:13:39] [INFO] [UserSaveStateManager] Finished loading user save data
[2025-04-06 01:13:39] [INFO] [AssetPool] Started initializing AssetPool
[2025-04-06 01:13:39] [INFO] [AssetNameSpace] Started loading Sprite's from ./res/graphics
[2025-04-06 01:13:39] [INFO] [AssetNameSpace] Finished reading files for sprites
[2025-04-06 01:13:39] [INFO] [AssetNameSpace] Finished loading ./res/graphics
[2025-04-06 01:13:39] [INFO] [AssetPool] Finished initializing AssetPool
[2025-04-06 01:13:39] [INFO] [EmeritusDatabase] Started initializing EmeritusDatabase
[2025-04-06 01:13:39] [INFO] [EmeritusDatabase] Finished initializing EmeritusDatabase
[2025-04-06 01:13:39] [INFO] [Component] Setting water_dragon_Moyzm_24415fb4-f1a7-404e-990d-5fc94b6e802f on to 8_8_7ec614ca-ab5f-4f55-9093-3397cc59f592.
[2025-04-06 01:13:39] [INFO] [SpeedQueue] Added unit enemy:Moyzm into queue
[2025-04-06 01:13:39] [INFO] [Component] Setting dragon_Juqfh_39f45f91-4208-4d2c-a13f-bd27f821c439 on to 10_12_b17a2953-395d-4bcd-8225-edc436e14495.
[2025-04-06 01:13:39] [INFO] [SpeedQueue] Added unit enemy:Juqfh into queue
[2025-04-06 01:13:39] [INFO] [Component] Setting light_dragon_Lide_f4ce77f4-869b-4a36-9bed-a0ed8d7db239 on to 6_6_82604181-65e6-46ad-b14c-f7b127115b6b.
[2025-04-06 01:13:39] [INFO] [SpeedQueue] Added unit enemy:Lide into queue
[2025-04-06 01:13:39] [INFO] [Component] Setting dark_dragon_Fazuii_fb7408eb-1ac1-43d4-aa5d-48fd820a6d56 on to 10_3_6d837b3f-cb44-405a-b326-83ac22f2d678.
[2025-04-06 01:13:39] [INFO] [SpeedQueue] Added unit enemy:Fazuii into queue
[2025-04-06 01:13:39] [INFO] [Component] Setting dragon_Dokaea_989062ee-5164-4004-83d1-3c256e2e14cd on to 13_4_ab5170b9-eccb-49c2-b320-2dc38f414151.
[2025-04-06 01:13:39] [INFO] [SpeedQueue] Added unit enemy:Dokaea into queue
[2025-04-06 01:13:39] [INFO] [Component] Setting earth_dragon_Riley_e3efea4c-c20f-4c1b-aaa9-42cbfddf4053 on to 14_10_3fc8514a-a3e1-4878-a874-30bdc38c1a88.
[2025-04-06 01:13:39] [INFO] [SpeedQueue] Added unit enemy:Riley into queue
[2025-04-06 01:13:39] [INFO] [Component] Setting dark_dragon_Bosiv_b2e96169-91ea-4431-8132-f8934c5e0604 on to 11_14_e123f460-a617-414f-938d-374f8c4cd6b5.
[2025-04-06 01:13:39] [INFO] [SpeedQueue] Added unit enemy:Bosiv into queue
[2025-04-06 01:13:39] [INFO] [Component] Setting dragon_Yuzk_5635d63e-cba8-4906-84d4-635b94da6e40 on to 2_4_2c059b94-12b2-492e-8a51-71bedaff97e2.
[2025-04-06 01:13:39] [INFO] [SpeedQueue] Added unit enemy:Yuzk into queue
[2025-04-06 01:13:39] [INFO] [Component] Setting earth_dragon_Cidr_ad58f710-2c25-4713-b656-279a8413a0bd on to 0_0_9a072d96-4ade-473b-a5d3-e013b7d462b4.
[2025-04-06 01:13:39] [INFO] [SpeedQueue] Added unit enemy:Cidr into queue
[2025-04-06 01:13:39] [INFO] [Component] Setting light_dragon_Uukh_f171d454-4482-4803-9461-545a881b2eb5 on to 13_10_09696d8a-90a5-4e8f-af1e-769be2cd163d.
[2025-04-06 01:13:39] [INFO] [SpeedQueue] Added unit enemy:Uukh into queue
[2025-04-06 01:13:39] [INFO] [Component] Setting light_dragon_Jazoa_661f2628-9e5b-4858-8194-94a6f7bf65dd on to 4_6_9e1bbf56-175a-4261-8561-080d7d4902c7.
[2025-04-06 01:13:39] [INFO] [SpeedQueue] Added unit enemy:Jazoa into queue
[2025-04-06 01:13:39] [INFO] [Component] Setting water_dragon_Vaoy_f7833be3-e9c6-466b-b93b-a32a2813bbe9 on to 6_11_2604db24-4b42-4ffa-b192-378c69bda7d8.
[2025-04-06 01:13:39] [INFO] [SpeedQueue] Added unit enemy:Vaoy into queue
[2025-04-06 01:13:39] [INFO] [Component] Setting water_dragon_Wymtu_ac14d507-0b77-4d13-b718-79b57ed242e4 on to 4_4_d9ed0835-2ee3-4e25-9970-d8086365c1c4.
[2025-04-06 01:13:39] [INFO] [SpeedQueue] Added unit enemy:Wymtu into queue
[2025-04-06 01:13:39] [INFO] [Component] Setting water_dragon_Bebri_edefa020-3feb-4135-9d35-1d7d3453876f on to 0_8_a6a3a0d0-250e-4b79-b1d1-2fccc3568461.
[2025-04-06 01:13:39] [INFO] [SpeedQueue] Added unit enemy:Bebri into queue
[2025-04-06 01:13:39] [INFO] [Component] Setting dragon_Tyveay_547dcb35-a77e-488c-a986-d4843954db17 on to 2_12_b3840e2b-e56b-43a2-a907-a60b2c30b767.
[2025-04-06 01:13:39] [INFO] [SpeedQueue] Added unit enemy:Tyveay into queue
[2025-04-06 01:13:39] [INFO] [Component] Setting fire_dragon_Tywdo_a129fa6d-e2c9-4de6-8f7c-23f51c6004e7 on to 4_2_817db878-ae4a-4e7f-9a5d-17b1ea05bf14.
[2025-04-06 01:13:39] [INFO] [SpeedQueue] Added unit enemy:Tywdo into queue
[2025-04-06 01:13:39] [INFO] [Component] Setting dark_dragon_Iarega_2dbe3a52-dbb9-460b-88ba-e1b1b6734bfd on to 5_3_94713368-d358-4531-90e9-7a084b84b0ce.
[2025-04-06 01:13:39] [INFO] [SpeedQueue] Added unit enemy:Iarega into queue
[2025-04-06 01:13:39] [INFO] [Component] Setting fire_dragon_Mylnd_96c32424-bc6d-4931-ad13-d384a7d650dc on to 11_12_ade9e847-9232-4f39-84a1-47fe0ff38a47.
[2025-04-06 01:13:39] [INFO] [SpeedQueue] Added unit enemy:Mylnd into queue
[2025-04-06 01:13:39] [INFO] [Component] Setting light_dragon_Xyhyo_42986565-a087-4ad4-9295-e871cae7f35b on to 7_4_820ded8b-9156-4be9-aab0-fe4d863a05a1.
[2025-04-06 01:13:39] [INFO] [SpeedQueue] Added unit enemy:Xyhyo into queue
[2025-04-06 01:13:39] [INFO] [Component] Setting dark_dragon_Iuegu_f97e068b-1ab6-4cb9-be90-bca812fe78d6 on to 5_2_a73c8017-a945-4cca-9b4d-b59dd8e89a17.
[2025-04-06 01:13:39] [INFO] [SpeedQueue] Added unit enemy:Iuegu into queue
[2025-04-06 01:13:39] [INFO] [Component] Setting water_dragon_Vyua_f8f4dd6f-d005-4d43-b5a6-42d4c295a20a on to 7_6_24a87924-39b4-4ba1-8d05-ab1da7b60e65.
[2025-04-06 01:13:39] [INFO] [SpeedQueue] Added unit enemy:Vyua into queue
[2025-04-06 01:13:39] [INFO] [Component] Setting dark_dragon_Lyluyy_aa923045-1283-4b73-b08e-0fc330a4a751 on to 3_14_d6119e2d-d325-4083-8d0b-5afe334f7191.
[2025-04-06 01:13:39] [INFO] [SpeedQueue] Added unit enemy:Lyluyy into queue
[2025-04-06 01:13:39] [INFO] [Component] Setting earth_dragon_Turule_c7e02e26-e8c7-4e14-ad55-84c011e35ed1 on to 13_11_9ee40931-b780-479a-81c7-204b0db8fb88.
[2025-04-06 01:13:39] [INFO] [SpeedQueue] Added unit enemy:Turule into queue
[2025-04-06 01:13:39] [INFO] [Component] Setting water_dragon_Feoo_441fc68f-488c-4864-8feb-6226f969763a on to 1_14_26ecc557-c5a3-4c11-a306-e1f179026566.
[2025-04-06 01:13:39] [INFO] [SpeedQueue] Added unit enemy:Feoo into queue
[2025-04-06 01:13:39] [INFO] [EngineController] Started setting scene to MENU_SCENE
[2025-04-06 01:13:40] [INFO] [EngineController] Finished setting scene to MENU_SCENE
[2025-04-06 01:13:40] [INFO] [EngineController] Started setting scene to GAME_SCENE
[2025-04-06 01:13:40] [INFO] [FontPool] Started initializing FontPool
[2025-04-06 01:13:40] [INFO] [FontPool] ✅ Successfully loaded font: Lilian
[2025-04-06 01:13:40] [INFO] [EngineController] Finished setting scene to GAME_SCENE
[2025-04-06 01:13:40] [INFO] [SpeedQueue] Speed queue updated.
[2025-04-06 01:13:40] [INFO] [TimeLinePanel] Started updating the timeline panel after turn order has changed.
[2025-04-06 01:13:40] [INFO] [TimeLinePanel] Finished updating the timeline panel after turn order has changed.
[2025-04-06 01:13:40] [INFO] [SelectedTilePanel] Checksum updated, getting units at selected tiles.
[2025-04-06 01:13:40] [INFO] [SelectedTilePanel] Either no unit selected or more than one unit selected
[2025-04-06 01:13:40] [INFO] [LesserStatisticsInformationPanel] Checksum has been updated, querying statistics for unit fire_dragon_Mylnd_96c32424-bc6d-4931-ad13-d384a7d650dc
[2025-04-06 01:13:40] [INFO] [VisualsSystem] Started creating blurred background
[2025-04-06 01:13:41] [INFO] [VisualsSystem] Finished creating blurred background after 0.49207955598831177 seconds
[2025-04-06 01:13:41] [INFO] [AbilitySystem] Mylnd Triggered ability system
[2025-04-06 01:13:41] [INFO] [AbilitySystem] Turule Triggered ability system
[2025-04-06 01:13:41] [INFO] [AbilitySystem] Lide Triggered ability system
[2025-04-06 01:13:41] [INFO] [AbilitySystem] Fazuii Triggered ability system
[2025-04-06 01:13:41] [INFO] [AbilitySystem] Xyhyo Triggered ability system
[2025-04-06 01:13:41] [INFO] [AbilitySystem] Cidr Triggered ability system
[2025-04-06 01:13:41] [INFO] [AbilitySystem] Jazoa Triggered ability system
[2025-04-06 01:13:41] [INFO] [AbilitySystem] Uukh Triggered ability system
[2025-04-06 01:13:41] [INFO] [AbilitySystem] Dokaea Triggered ability system
[2025-04-06 01:13:41] [INFO] [AbilitySystem] Tywdo Triggered ability system
[2025-04-06 01:13:41] [INFO] [AbilitySystem] Bebri Triggered ability system
[2025-04-06 01:13:41] [INFO] [AbilitySystem] Iuegu Triggered ability system
[2025-04-06 01:13:41] [INFO] [AbilitySystem] Juqfh Triggered ability system
[2025-04-06 01:13:41] [INFO] [AbilitySystem] Wymtu Triggered ability system
[2025-04-06 01:13:41] [INFO] [AbilitySystem] Iarega Triggered ability system
[2025-04-06 01:1