[2025-05-03 22:44:38] [INFO] [UnitTable] Started initializing UnitTable
[2025-05-03 22:44:38] [INFO] [EmeritusDatabase] Started initializing EmeritusDatabase
[2025-05-03 22:44:38] [INFO] [EmeritusDatabase] Finished initializing EmeritusDatabase
[2025-05-03 22:44:38] [INFO] [UnitTable] Successfully initialized UnitTable
[2025-05-03 22:44:38] [INFO] [UnitTable] Finished initializing UnitTable
[2025-05-03 22:44:38] [INFO] [AbilityTable] Started initializing AbilityTable
[2025-05-03 22:44:38] [INFO] [AbilityTable] Finished initializing AbilityTable
[2025-05-03 22:44:38] [INFO] [UserSaveStateManager] Started loading user save data
[2025-05-03 22:44:38] [INFO] [UserSaveStateManager] Finished loading user save data
[2025-05-03 22:44:38] [INFO] [AssetPool] Started initializing AssetPool
[2025-05-03 22:44:38] [INFO] [AssetNameSpace] Started loading Sprite's from ./res/graphics
[2025-05-03 22:44:38] [INFO] [AssetNameSpace] Finished reading files for sprites
[2025-05-03 22:44:39] [INFO] [AssetNameSpace] Finished loading ./res/graphics
[2025-05-03 22:44:39] [INFO] [AssetPool] Finished initializing AssetPool
[2025-05-03 22:44:39] [INFO] [Component] Setting light_dragon_Hobxde_37452e40-c17f-4147-a4db-b1a89032d886 on to {"row":1,"column":1,"height":0,"spawn_region":"Left","collider":"","unit":"light_dragon_Hobxde_37452e40-c17f-4147-a4db-b1a89032d886","structure":""}.
[2025-05-03 22:44:39] [INFO] [SpeedQueue] Added unit Hobxde into queue
[2025-05-03 22:44:39] [INFO] [Component] Setting water_dragon_Dymoey_289dd61f-f7c7-42bd-aeb0-ced8d5e250d2 on to {"row":3,"column":1,"height":0,"spawn_region":"Left","collider":"","unit":"water_dragon_Dymoey_289dd61f-f7c7-42bd-aeb0-ced8d5e250d2","structure":""}.
[2025-05-03 22:44:39] [INFO] [SpeedQueue] Added unit Dymoey into queue
[2025-05-03 22:44:39] [INFO] [Component] Setting water_dragon_Riuq_c9696417-5bd4-4f45-9e9d-1167138574bb on to {"row":7,"column":1,"height":0,"spawn_region":"Left","collider":"","unit":"water_dragon_Riuq_c9696417-5bd4-4f45-9e9d-1167138574bb","structure":""}.
[2025-05-03 22:44:39] [INFO] [SpeedQueue] Added unit Riuq into queue
[2025-05-03 22:44:39] [INFO] [Component] Setting fire_dragon_Qyazu_6e792a42-18dd-499d-ab1d-b8d2d59cd422 on to {"row":6,"column":0,"height":0,"spawn_region":"Left","collider":"","unit":"fire_dragon_Qyazu_6e792a42-18dd-499d-ab1d-b8d2d59cd422","structure":""}.
[2025-05-03 22:44:39] [INFO] [SpeedQueue] Added unit Qyazu into queue
[2025-05-03 22:44:39] [INFO] [Component] Setting light_dragon_Zewo_6a17ef5a-828d-4b5b-8494-6c3be6339a84 on to {"row":4,"column":0,"height":0,"spawn_region":"Left","collider":"","unit":"light_dragon_Zewo_6a17ef5a-828d-4b5b-8494-6c3be6339a84","structure":""}.
[2025-05-03 22:44:39] [INFO] [SpeedQueue] Added unit Zewo into queue
[2025-05-03 22:44:39] [INFO] [Component] Setting earth_dragon_Yexooi_bad71c04-5af4-428b-a550-2a8fcb305d5c on to {"row":2,"column":10,"height":0,"spawn_region":"Right","collider":"","unit":"earth_dragon_Yexooi_bad71c04-5af4-428b-a550-2a8fcb305d5c","structure":""}.
[2025-05-03 22:44:39] [INFO] [SpeedQueue] Added unit Yexooi into queue
[2025-05-03 22:44:39] [INFO] [Component] Setting earth_dragon_Hazou_2490962b-85b4-4c81-a034-268ccfb0c748 on to {"row":7,"column":10,"height":0,"spawn_region":"Right","collider":"","unit":"earth_dragon_Hazou_2490962b-85b4-4c81-a034-268ccfb0c748","structure":""}.
[2025-05-03 22:44:39] [INFO] [SpeedQueue] Added unit Hazou into queue
[2025-05-03 22:44:39] [INFO] [Component] Setting light_dragon_Zyqit_6935af17-ea19-43aa-9f27-3cd54ba2b830 on to {"row":0,"column":10,"height":0,"spawn_region":"Right","collider":"","unit":"light_dragon_Zyqit_6935af17-ea19-43aa-9f27-3cd54ba2b830","structure":""}.
[2025-05-03 22:44:39] [INFO] [SpeedQueue] Added unit Zyqit into queue
[2025-05-03 22:44:39] [INFO] [Component] Setting dragon_Luro_abb37f40-a080-4b85-86ba-6dbb28d74b8a on to {"row":5,"column":11,"height":0,"spawn_region":"Right","collider":"","unit":"dragon_Luro_abb37f40-a080-4b85-86ba-6dbb28d74b8a","structure":""}.
[2025-05-03 22:44:39] [INFO] [SpeedQueue] Added unit Luro into queue
[2025-05-03 22:44:39] [INFO] [Component] Setting air_dragon_Dagyn_0037b9f1-4d21-4c02-a51c-a3fd83c2a57c on to {"row":4,"column":10,"height":0,"spawn_region":"Right","collider":"","unit":"air_dragon_Dagyn_0037b9f1-4d21-4c02-a51c-a3fd83c2a57c","structure":""}.
[2025-05-03 22:44:39] [INFO] [SpeedQueue] Added unit Dagyn into queue
[2025-05-03 22:44:39] [INFO] [EngineController] Started setting scene to MENU_SCENE
[2025-05-03 22:44:39] [INFO] [EngineController] Finished setting scene to MENU_SCENE
[2025-05-03 22:44:39] [INFO] [EngineController] Started setting scene to MAP_EDITOR_SCENE
[2025-05-03 22:44:39] [INFO] [FontPool] Started initializing FontPool
[2025-05-03 22:44:39] [INFO] [FontPool] ✅ Successfully loaded font: Lilian
[2025-05-03 22:44:39] [INFO] [MapEditorScene] Starting to create new GameController!
[2025-05-03 22:44:39] [INFO] [MapEditorScene] Successfully created new GameController!
[2025-05-03 22:44:39] [INFO] [EngineController] Finished setting scene to MAP_EDITOR_SCENE
[2025-05-03 22:44:39] [INFO] [EngineController] Started setting scene to GAME_SCENE
[2025-05-03 22:44:39] [INFO] [EngineController] Finished setting scene to GAME_SCENE
[2025-05-03 22:44:39] [INFO] [AbilitySystem] Started updating {} because of ability
[2025-05-03 22:44:39] [INFO] [AbilitySystem] Finished update updating {} because of ability
[2025-05-03 22:44:39] [INFO] [AbilitySystem] Started updating {} because of ability
[2025-05-03 22:44:39] [INFO] [AbilitySystem] Finished update updating {} because of ability
[2025-05-03 22:44:39] [INFO] [AbilitySystem] Started updating {} because of ability
[2025-05-03 22:44:39] [INFO] [AbilitySystem] Finished update updating {} because of ability
[2025-05-03 22:44:39] [INFO] [AbilitySystem] Started updating {} because of ability
[2025-05-03 22:44:39] [INFO] [AbilitySystem] Finished update updating {} because of ability
[2025-05-03 22:44:39] [INFO] [AbilitySystem] Started updating {} because of ability
[2025-05-03 22:44:39] [INFO] [AbilitySystem] Finished update updating {} because of ability
[2025-05-03 22:44:39] [INFO] [AbilitySystem] Started updating {} because of ability
[2025-05-03 22:44:39] [INFO] [AbilitySystem] Finished update updating {} because of ability
[2025-05-03 22:44:39] [INFO] [AbilitySystem] Started updating {} because of ability
[2025-05-03 22:44:39] [INFO] [AbilitySystem] Finished update updating {} because of ability
[2025-05-03 22:44:39] [INFO] [AbilitySystem] Started updating {} because of ability
[2025-05-03 22:44:39] [INFO] [AbilitySystem] Finished update updating {} because of ability
[2025-05-03 22:44:39] [INFO] [AbilitySystem] Started updating {} because of ability
[2025-05-03 22:44:39] [INFO] [AbilitySystem] Finished update updating {} because of ability
[2025-05-03 22:44:39] [INFO] [AbilitySystem] Started updating {} because of ability
[2025-05-03 22:44:39] [INFO] [AbilitySystem] Finished update updating {} because of ability
[2025-05-03 22:44:39] [INFO] [SpeedQueue] Speed queue updated.
[2025-05-03 22:44:39] [INFO] [AbilityPanel] Updating ability selection for fire_dragon_Qyazu_6e792a42-18dd-499d-ab1d-b8d2d59cd422
[2025-05-03 22:44:39] [INFO] [AbilityPanel] Finished ability selection for fire_dragon_Qyazu_6e792a42-18dd-499d-ab1d-b8d2d59cd422
[2025-05-03 22:44:39] [INFO] [MovementPanel] Started update to Movement Information panel.
[2025-05-03 22:44:39] [INFO] [MovementPanel] Finished update to Movement Information panel.
[2025-05-03 22:44:39] [INFO] [TimeLinePanel] Started updating the timeline panel after turn order has changed.
[2025-05-03 22:44:39] [INFO] [TimeLinePanel] Finished updating the timeline panel after turn order has changed.
[2025-05-03 22:44:39] [INFO] [SelectedTilePanel] Checksum updated, getting units at selected tiles.
[2025-05-03 22:44:39] [INFO] [SelectedTilePanel] Either no unit selected or more than one unit selected
[2025-05-03 22:44:39] [INFO] [VisualsSystem] Started creating blurred background
[2025-05-03 22:44:40] [INFO] [VisualsSystem] Finished creating blurred background after 0.4850158393383026 seconds
[2025-05-03 22:44:40] [INFO] [AbilitySystem] Started updating {} because of ability
[2025-05-03 22:44:40] [INFO] [AbilitySystem] Finished update updating {} because of ability
[2025-05-03 22:44:40] [INFO] [AbilitySystem] Started updating {} because of ability
[2025-05-03 22:44:40] [INFO] [AbilitySystem] Finished update updating {} because of ability
[2025-05-03 22:44:40] [INFO] [AbilitySystem] Started updating {} because of ability
[2025-05-03 22:44:40] [INFO] [AbilitySystem] Finished update updating {} because of ability
[2025-05-03 22:44:40] [INFO] [AbilitySystem] Started updating {} because of ability
[2025-05-03 22:44:40] [INFO] [AbilitySystem] Finished update updating {} because of ability
[2025-05-03 22:44:40] [INFO] [AbilitySystem] Started updating {} because of ability
[2025-05-03 22:44:40] [INFO] [AbilitySystem] Finished update updating {} because of ability
[2025-05-03 22:44:40] [INFO] [AbilitySystem] Started updating {} because of ability
[2025-05-03 22:44:40] [INFO] [AbilitySystem] Finished update updating {} because of ability
[2025-05-03 22:44:40] [INFO] [AbilitySystem] Started updating {} because of ability
[2025-05-03 22:44:40] [INFO] [AbilitySystem] Finished update updating {} because of ability
[2025-05-03 22:44:40] [INFO] [AbilitySystem] Started updating {} because of ability
[2025-05-03 22:44:40] [INFO] [AbilitySystem] Finished update updating {} because of ability
[2025-05-03 22:44:40] [INFO] [AbilitySystem] Started updating {} because of ability
[2025-05-03 22:44:40] [INFO] [AbilitySystem] Finished update updating {} because of ability
[2025-05-03 22:44:40] [INFO] [AbilityPanel] Updating ability selection for fire_dragon_Qyazu_6e792a42-18dd-499d-ab1d-b8d2d59cd422
[2025-05-03 22:44:40] [INFO] [AbilityPanel] Finished ability selection for fire_dragon_Qyazu_6e792a42-18dd-499d-ab1d-b8d2d59cd422
[2025-05-03 22:44:40] [INFO] [MovementPanel] Started update to Movement Information panel.
[2025-05-03 22:44:40] [INFO] [MovementPanel] Finished update to Movement Information panel.
[2025-05-03 22:44:40] [INFO] [AbilitySystem] Started updating {} because of ability
[2025-05-03 22:44:40] [INFO] [AbilitySystem] Finished update updating {} because of ability
[2025-05-03 22:44:40] [INFO] [AbilitySystem] Started updating {} because of ability
[2025-05-03 22:44:40] [INFO] [AbilitySystem] Finished update updating {} because of ability
[2025-05-03 22:44:40] [INFO] [AbilitySystem] Started updating {} because of ability
[2025-05-03 22:44:40] [INFO] [AbilitySystem] Finished update updating {} because of ability
[2025-05-03 22:44:40] [INFO] [AbilitySystem] Started updating {} because of ability
[2025-05-03 22:44:40] [INFO] [AbilitySystem] Finished update updating {} because of ability
[2025-05-03 22:44:40] [INFO] [AbilitySystem] Started updating {} because of ability
[2025-05-03 22:44:40] [INFO] [AbilitySystem] Finished update updating {} because of ability
[2025-05-03 22:44:40] [INFO] [AbilitySystem] Started updating {} because of ability
[2025-05-03 22:44:40] [INFO] [AbilitySystem] Finished update updating {} because of ability
[2025-05-03 22:44:40] [INFO] [AbilitySystem] Started updating {} because of ability
[2025-05-03 22:44:40] [INFO] [AbilitySystem] Finished update updating {} because of ability
[2025-05-03 22:44:40] [INFO] [AbilitySystem] Started updating {} because of ability
[2025-05-03 22:44:40] [INFO] [AbilitySystem] Finished update updating {} because of ability
[2025-05-03 22:44:40] [INFO] [AbilitySystem] Started updating {} because of ability
[2025-05-03 22:44:40] [INFO] [AbilitySystem] Finished update updating {} because of ability
[2025-05-03 22:44:40] [INFO] [AbilitySystem] Started updating {} because of ability
[2025-05-03 22:44:40] [INFO] [AbilitySystem] Finished update updating {} because of ability
[2025-05-03 22:44:41] [INFO] [InputHandler] Gliding 0 camera to new tile 6_0_a9d69624-60da-41d4-bece-38e95b9a0146
[2025-05-03 22:44:41] [INFO] [InputHandler] Gliding 1 camera to new tile 6_0_a9d69624-60da-41d4-bece-38e95b9a0146
[2025-05-03 22:44:41] [INFO] [StatisticsPanel] Started updating Statistics Information Panel for entity fire_dragon_Qyazu_6e792a42-18dd-499d-ab1d-b8d2d59cd422
[2025-05-03 22:44:41] [INFO] [StatisticsPanel] Finished updating Statistics Information Panel for entity fire_dragon_Qyazu_6e792a42-18dd-499d-ab1d-b8d2d59cd422
[2025-05-03 22:44:41] [INFO] [SelectedTilePanel] Checksum updated, getting units at selected tiles.
[2025-05-03 22:44:41] [INFO] [SelectedTilePanel] Updated selected tile display to view Qyazu
[2025-05-03 22:44:42] [INFO] [InputHandler] Gliding 0 camera to new tile 6_0_a9d69624-60da-41d4-bece-38e95b9a0146
[2025-05-03 22:44:42] [INFO] [StatisticsPanel] Started updating statistics information panel
[2025-05-03 22:44:42] [INFO] [StatisticsPanel] Finished updating statistics information panel
[2025-05-03 22:44:43] [INFO] [MovementSystem] Updated movement range to 6 for Qyazu
[2025-05-03 22:44:43] [INFO] [MovementSystem] Updated movement path from [6, 0] to [7, 4] for Qyazu
[2025-05-03 22:44:43] [INFO] [MovementSystem] Updated movement range to 6 for Qyazu
[2025-05-03 22:44:43] [INFO] [MovementSystem] Updated movement path from [6, 0] to [7, 4] for Qyazu
[2025-05-03 22:44:43] [INFO] [MovementSystem] Updated movement path from [6, 0] to [7, 3] for Qyazu
[2025-05-03 22:44:43] [INFO] [MovementSystem] Updated movement path from [6, 0] to [7, 3] for Qyazu
[2025-05-03 22:44:43] [INFO] [MovementSystem] Updated movement path from [6, 0] to [6, 3] for Qyazu
[2025-05-03 22:44:43] [INFO] [MovementSystem] Updated movement path from [6, 0] to [6, 3] for Qyazu
[2025-05-03 22:44:43] [INFO] [MovementSystem] Updated movement path from [6, 0] to [6, 2] for Qyazu
[2025-05-03 22:44:43] [INFO] [MovementSystem] Updated movement path from [6, 0] to [6, 2] for Qyazu
[2025-05-03 22:44:43] [INFO] [MovementSystem] Updated movement path from [6, 0] to [6, 1] for Qyazu
[2025-05-03 22:44:43] [INFO] [MovementSystem] Updated movement path from [6, 0] to [6, 1] for Qyazu
[2025-05-03 22:44:43] [INFO] [MovementSystem] Updated movement path from [6, 0] to [5, 1] for Qyazu
[2025-05-03 22:44:43] [INFO] [MovementSystem] Updated movement path from [6, 0] to [5, 1] for Qyazu
[2025-05-03 22:44:44] [INFO] [MovementSystem] Updated movement path from [6, 0] to [6, 1] for Qyazu
[2025-05-03 22:44:44] [INFO] [MovementSystem] Updated movement path from [6, 0] to [6, 1] for Qyazu
[2025-05-03 22:44:44] [INFO] [MovementSystem] Updated movement path from [6, 0] to [6, 2] for Qyazu
[2025-05-03 22:44:44] [INFO] [MovementSystem] Updated movement path from [6, 0] to [6, 2] for Qyazu
[2025-05-03 22:44:44] [INFO] [Component] Setting fire_dragon_Qyazu_6e792a42-18dd-499d-ab1d-b8d2d59cd422 on to {"row":6,"column":2,"height":0,"collider":"","unit":"fire_dragon_Qyazu_6e792a42-18dd-499d-ab1d-b8d2d59cd422","structure":""}.
[2025-05-03 22:44:44] [INFO] [MovementSystem] Moved from [6, 0] to [6, 2]
[2025-05-03 22:44:44] [INFO] [SelectedTilePanel] Checksum updated, getting units at selected tiles.
[2025-05-03 22:44:44] [INFO] [SelectedTilePanel] Updated selected tile display to view Qyazu
[2025-05-03 22:44:44] [INFO] [InputHandler] Gliding 0 camera to new tile 6_2_90ec07ba-2780-4b59-b25a-56ac1a2b513a
[2025-05-03 22:44:44] [INFO] [InputHandler] Gliding 1 camera to new tile 6_2_90ec07ba-2780-4b59-b25a-56ac1a2b513a
