[2025-05-26 00:20:27] [INFO] [UnitTable] Started initializing UnitTable
[2025-05-26 00:20:27] [INFO] [EmeritusDatabase] Started initializing EmeritusDatabase
[2025-05-26 00:20:27] [INFO] [EmeritusDatabase] Finished initializing EmeritusDatabase
[2025-05-26 00:20:27] [INFO] [UnitTable] Successfully initialized UnitTable
[2025-05-26 00:20:27] [INFO] [UnitTable] Finished initializing UnitTable
[2025-05-26 00:20:27] [INFO] [AbilityTable] Started initializing AbilityTable
[2025-05-26 00:20:27] [INFO] [AbilityTable] Finished initializing AbilityTable
[2025-05-26 00:20:27] [INFO] [UserSaveStateManager] Started loading user save data
[2025-05-26 00:20:27] [INFO] [UserSaveStateManager] Finished loading user save data
[2025-05-26 00:20:27] [INFO] [AssetPool] Started initializing AssetPool
[2025-05-26 00:20:27] [INFO] [AssetNameSpace] Started loading Sprite's from ./res/graphics
[2025-05-26 00:20:27] [INFO] [AssetNameSpace] Finished reading files for sprites
[2025-05-26 00:20:28] [INFO] [AssetNameSpace] Finished loading ./res/graphics
[2025-05-26 00:20:28] [INFO] [AssetPool] Finished initializing AssetPool
[2025-05-26 00:20:28] [INFO] [Component] Setting UNIT_water_dragon___NICKNAME_Yyxfus___7235aca3-2a46-4bf5-ba8e-cb1fc4cb414e on to {"row":3,"column":1,"base_elevation":-3,"spawn_region":"Left","unit":"UNIT_water_dragon___NICKNAME_Yyxfus___7235aca3-2a46-4bf5-ba8e-cb1fc4cb414e","layers":{"empty":false},"total_elevation":5}.
[2025-05-26 00:20:28] [INFO] [SpeedQueue] Added unit UNIT_water_dragon___NICKNAME_Yyxfus___7235aca3-2a46-4bf5-ba8e-cb1fc4cb414e into queue
[2025-05-26 00:20:28] [INFO] [Component] Setting UNIT_dragon___NICKNAME_Giyy___7cb15fcf-7ebb-4e87-9ba0-d9ffcc4a65a0 on to {"row":5,"column":1,"base_elevation":-3,"spawn_region":"Left","unit":"UNIT_dragon___NICKNAME_Giyy___7cb15fcf-7ebb-4e87-9ba0-d9ffcc4a65a0","layers":{"empty":false},"total_elevation":4}.
[2025-05-26 00:20:28] [INFO] [SpeedQueue] Added unit UNIT_dragon___NICKNAME_Giyy___7cb15fcf-7ebb-4e87-9ba0-d9ffcc4a65a0 into queue
[2025-05-26 00:20:28] [INFO] [Component] Setting UNIT_fire_dragon___NICKNAME_Zacvo___24fc5cf5-ea1b-4d39-b558-06ed338f39c1 on to {"row":4,"column":1,"base_elevation":-3,"spawn_region":"Left","unit":"UNIT_fire_dragon___NICKNAME_Zacvo___24fc5cf5-ea1b-4d39-b558-06ed338f39c1","layers":{"empty":false},"total_elevation":4}.
[2025-05-26 00:20:28] [INFO] [SpeedQueue] Added unit UNIT_fire_dragon___NICKNAME_Zacvo___24fc5cf5-ea1b-4d39-b558-06ed338f39c1 into queue
[2025-05-26 00:20:28] [INFO] [Component] Setting UNIT_air_dragon___NICKNAME_Pyre___07e3510f-924a-4151-8805-eff8383512b1 on to {"row":8,"column":0,"base_elevation":-3,"spawn_region":"Left","unit":"UNIT_air_dragon___NICKNAME_Pyre___07e3510f-924a-4151-8805-eff8383512b1","layers":{"empty":false},"total_elevation":4}.
[2025-05-26 00:20:28] [INFO] [SpeedQueue] Added unit UNIT_air_dragon___NICKNAME_Pyre___07e3510f-924a-4151-8805-eff8383512b1 into queue
[2025-05-26 00:20:28] [INFO] [Component] Setting UNIT_water_dragon___NICKNAME_Qyie___92a1f02a-f301-4ab8-a430-a551b85b4c68 on to {"row":8,"column":1,"base_elevation":-3,"spawn_region":"Left","unit":"UNIT_water_dragon___NICKNAME_Qyie___92a1f02a-f301-4ab8-a430-a551b85b4c68","layers":{"empty":false},"total_elevation":4}.
[2025-05-26 00:20:28] [INFO] [SpeedQueue] Added unit UNIT_water_dragon___NICKNAME_Qyie___92a1f02a-f301-4ab8-a430-a551b85b4c68 into queue
[2025-05-26 00:20:28] [INFO] [Component] Setting UNIT_air_dragon___NICKNAME_Poni___f4658669-4908-4ce7-8928-55f11ec494c4 on to {"row":0,"column":8,"base_elevation":-3,"spawn_region":"Right","unit":"UNIT_air_dragon___NICKNAME_Poni___f4658669-4908-4ce7-8928-55f11ec494c4","layers":{"empty":false},"total_elevation":4}.
[2025-05-26 00:20:28] [INFO] [SpeedQueue] Added unit UNIT_air_dragon___NICKNAME_Poni___f4658669-4908-4ce7-8928-55f11ec494c4 into queue
[2025-05-26 00:20:28] [INFO] [Component] Setting UNIT_water_dragon___NICKNAME_Iemy___c6f01455-d288-40b8-9d00-41566e2374c6 on to {"row":4,"column":8,"base_elevation":-3,"spawn_region":"Right","unit":"UNIT_water_dragon___NICKNAME_Iemy___c6f01455-d288-40b8-9d00-41566e2374c6","layers":{"empty":false},"total_elevation":4}.
[2025-05-26 00:20:28] [INFO] [SpeedQueue] Added unit UNIT_water_dragon___NICKNAME_Iemy___c6f01455-d288-40b8-9d00-41566e2374c6 into queue
[2025-05-26 00:20:28] [INFO] [Component] Setting UNIT_fire_dragon___NICKNAME_Naoip___44a61471-8299-4845-b61a-8ed676f8af34 on to {"row":3,"column":9,"base_elevation":-3,"spawn_region":"Right","unit":"UNIT_fire_dragon___NICKNAME_Naoip___44a61471-8299-4845-b61a-8ed676f8af34","layers":{"empty":false},"total_elevation":4}.
[2025-05-26 00:20:28] [INFO] [SpeedQueue] Added unit UNIT_fire_dragon___NICKNAME_Naoip___44a61471-8299-4845-b61a-8ed676f8af34 into queue
[2025-05-26 00:20:28] [INFO] [Component] Setting UNIT_light_dragon___NICKNAME_Tooo___9a7cc396-be77-4c25-ad39-b74b25a90f80 on to {"row":2,"column":9,"base_elevation":-3,"spawn_region":"Right","unit":"UNIT_light_dragon___NICKNAME_Tooo___9a7cc396-be77-4c25-ad39-b74b25a90f80","layers":{"empty":false},"total_elevation":4}.
[2025-05-26 00:20:28] [INFO] [SpeedQueue] Added unit UNIT_light_dragon___NICKNAME_Tooo___9a7cc396-be77-4c25-ad39-b74b25a90f80 into queue
[2025-05-26 00:20:28] [INFO] [Component] Setting UNIT_fire_dragon___NICKNAME_Zyger___6905dd24-55fc-4dfd-aa16-7403bc4a4930 on to {"row":9,"column":8,"base_elevation":-3,"spawn_region":"Right","unit":"UNIT_fire_dragon___NICKNAME_Zyger___6905dd24-55fc-4dfd-aa16-7403bc4a4930","layers":{"empty":false},"total_elevation":5}.
[2025-05-26 00:20:28] [INFO] [SpeedQueue] Added unit UNIT_fire_dragon___NICKNAME_Zyger___6905dd24-55fc-4dfd-aa16-7403bc4a4930 into queue
[2025-05-26 00:20:28] [INFO] [EngineController] Started setting scene to MENU_SCENE
[2025-05-26 00:20:28] [INFO] [EngineController] Finished setting scene to MENU_SCENE
[2025-05-26 00:20:28] [INFO] [EngineController] Started setting scene to MAP_EDITOR_SCENE
[2025-05-26 00:20:28] [INFO] [FontPool] Started initializing FontPool
[2025-05-26 00:20:28] [INFO] [FontPool] ✅ Successfully loaded font: Lilian
[2025-05-26 00:20:28] [INFO] [MapEditorScene] Starting to create new GameController!
[2025-05-26 00:20:28] [INFO] [MapEditorScene] Successfully created new GameController!
[2025-05-26 00:20:28] [INFO] [EngineController] Finished setting scene to MAP_EDITOR_SCENE
[2025-05-26 00:20:28] [INFO] [EngineController] Started setting scene to GAME_SCENE
[2025-05-26 00:20:28] [INFO] [EngineController] Finished setting scene to GAME_SCENE
[2025-05-26 00:20:28] [INFO] [AbilitySystem] Started updating {} because of ability
[2025-05-26 00:20:28] [INFO] [AbilitySystem] Finished update updating {} because of ability
[2025-05-26 00:20:28] [INFO] [AbilitySystem] Started updating {} because of ability
[2025-05-26 00:20:28] [INFO] [AbilitySystem] Finished update updating {} because of ability
[2025-05-26 00:20:28] [INFO] [AbilitySystem] Started updating {} because of ability
[2025-05-26 00:20:28] [INFO] [AbilitySystem] Finished update updating {} because of ability
[2025-05-26 00:20:28] [INFO] [AbilitySystem] Started updating {} because of ability
[2025-05-26 00:20:28] [INFO] [AbilitySystem] Finished update updating {} because of ability
[2025-05-26 00:20:28] [INFO] [AbilitySystem] Started updating {} because of ability
[2025-05-26 00:20:28] [INFO] [AbilitySystem] Finished update updating {} because of ability
[2025-05-26 00:20:28] [INFO] [AbilitySystem] Started updating {} because of ability
[2025-05-26 00:20:28] [INFO] [AbilitySystem] Finished update updating {} because of ability
[2025-05-26 00:20:28] [INFO] [AbilitySystem] Started updating {} because of ability
[2025-05-26 00:20:28] [INFO] [AbilitySystem] Finished update updating {} because of ability
[2025-05-26 00:20:28] [INFO] [AbilitySystem] Started updating {} because of ability
[2025-05-26 00:20:28] [INFO] [AbilitySystem] Finished update updating {} because of ability
[2025-05-26 00:20:28] [INFO] [AbilitySystem] Started updating {} because of ability
[2025-05-26 00:20:28] [INFO] [AbilitySystem] Finished update updating {} because of ability
[2025-05-26 00:20:28] [INFO] [AbilitySystem] Started updating {} because of ability
[2025-05-26 00:20:28] [INFO] [AbilitySystem] Finished update updating {} because of ability
[2025-05-26 00:20:28] [INFO] [SpeedQueue] Speed queue updated.
[2025-05-26 00:20:28] [INFO] [AbilityPanel] Updating ability selection for UNIT_fire_dragon___NICKNAME_Zacvo___24fc5cf5-ea1b-4d39-b558-06ed338f39c1
[2025-05-26 00:20:28] [INFO] [AbilityPanel] Finished ability selection for UNIT_fire_dragon___NICKNAME_Zacvo___24fc5cf5-ea1b-4d39-b558-06ed338f39c1
[2025-05-26 00:20:28] [INFO] [MovementPanel] Started update to Movement Information panel.
[2025-05-26 00:20:28] [INFO] [MovementPanel] Finished update to Movement Information panel.
[2025-05-26 00:20:28] [INFO] [TimeLinePanel] Started updating the timeline panel after turn order has changed.
[2025-05-26 00:20:28] [INFO] [TimeLinePanel] Finished updating the timeline panel after turn order has changed.
[2025-05-26 00:20:28] [INFO] [SelectedTilePanel] Checksum updated, getting units at selected tiles.
[2025-05-26 00:20:28] [INFO] [SelectedTilePanel] Either no unit selected or more than one unit selected
[2025-05-26 00:20:29] [INFO] [VisualsSystem] Started creating blurred background
[2025-05-26 00:20:29] [INFO] [VisualsSystem] Finished creating blurred background after 0.4869644343852997 seconds
[2025-05-26 00:20:29] [INFO] [AbilitySystem] Started updating {} because of ability
[2025-05-26 00:20:29] [INFO] [AbilitySystem] Finished update updating {} because of ability
[2025-05-26 00:20:29] [INFO] [AbilitySystem] Started updating {} because of ability
[2025-05-26 00:20:29] [INFO] [AbilitySystem] Finished update updating {} because of ability
[2025-05-26 00:20:29] [INFO] [AbilitySystem] Started updating {} because of ability
[2025-05-26 00:20:29] [INFO] [AbilitySystem] Finished update updating {} because of ability
[2025-05-26 00:20:29] [INFO] [AbilitySystem] Started updating {} because of ability
[2025-05-26 00:20:29] [INFO] [AbilitySystem] Finished update updating {} because of ability
[2025-05-26 00:20:29] [INFO] [AbilitySystem] Started updating {} because of ability
[2025-05-26 00:20:29] [INFO] [AbilitySystem] Finished update updating {} because of ability
[2025-05-26 00:20:29] [INFO] [AbilitySystem] Started updating {} because of ability
[2025-05-26 00:20:29] [INFO] [AbilitySystem] Finished update updating {} because of ability
[2025-05-26 00:20:29] [INFO] [AbilitySystem] Started updating {} because of ability
[2025-05-26 00:20:29] [INFO] [AbilitySystem] Finished update updating {} because of ability
[2025-05-26 00:20:29] [INFO] [AbilitySystem] Started updating {} because of ability
[2025-05-26 00:20:29] [INFO] [AbilitySystem] Finished update updating {} because of ability
[2025-05-26 00:20:29] [INFO] [AbilitySystem] Started updating {} because of ability
[2025-05-26 00:20:29] [INFO] [AbilitySystem] Finished update updating {} because of ability
[2025-05-26 00:20:29] [INFO] [AbilityPanel] Updating ability selection for UNIT_fire_dragon___NICKNAME_Zacvo___24fc5cf5-ea1b-4d39-b558-06ed338f39c1
[2025-05-26 00:20:29] [INFO] [AbilityPanel] Finished ability selection for UNIT_fire_dragon___NICKNAME_Zacvo___24fc5cf5-ea1b-4d39-b558-06ed338f39c1
[2025-05-26 00:20:29] [INFO] [MovementPanel] Started update to Movement Information panel.
[2025-05-26 00:20:29] [INFO] [MovementPanel] Finished update to Movement Information panel.
[2025-05-26 00:20:29] [INFO] [AbilitySystem] Started updating {} because of ability
[2025-05-26 00:20:29] [INFO] [AbilitySystem] Finished update updating {} because of ability
[2025-05-26 00:20:29] [INFO] [AbilitySystem] Started updating {} because of ability
[2025-05-26 00:20:29] [INFO] [AbilitySystem] Finished update updating {} because of ability
[2025-05-26 00:20:29] [INFO] [AbilitySystem] Started updating {} because of ability
[2025-05-26 00:20:29] [INFO] [AbilitySystem] Finished update updating {} because of ability
[2025-05-26 00:20:29] [INFO] [AbilitySystem] Started updating {} because of ability
[2025-05-26 00:20:29] [INFO] [AbilitySystem] Finished update updating {} because of ability
[2025-05-26 00:20:29] [INFO] [AbilitySystem] Started updating {} because of ability
[2025-05-26 00:20:29] [INFO] [AbilitySystem] Finished update updating {} because of ability
[2025-05-26 00:20:29] [INFO] [AbilitySystem] Started updating {} because of ability
[2025-05-26 00:20:29] [INFO] [AbilitySystem] Finished update updating {} because of ability
[2025-05-26 00:20:29] [INFO] [AbilitySystem] Started updating {} because of ability
[2025-05-26 00:20:29] [INFO] [AbilitySystem] Finished update updating {} because of ability
[2025-05-26 00:20:29] [INFO] [AbilitySystem] Started updating {} because of ability
[2025-05-26 00:20:29] [INFO] [AbilitySystem] Finished update updating {} because of ability
[2025-05-26 00:20:29] [INFO] [AbilitySystem] Started updating {} because of ability
[2025-05-26 00:20:29] [INFO] [AbilitySystem] Finished update updating {} because of ability
[2025-05-26 00:20:29] [INFO] [AbilitySystem] Started updating {} because of ability
[2025-05-26 00:20:29] [INFO] [AbilitySystem] Finished update updating {} because of ability
[2025-05-26 00:20:29] [INFO] [AbilitySystem] Started updating {} because of ability
[2025-05-26 00:20:29] [INFO] [AbilitySystem] Finished update updating {} because of ability
