[2025-04-19 02:38:49] [INFO] [UnitTable] Started initializing UnitTable
[2025-04-19 02:38:49] [INFO] [EmeritusDatabase] Started initializing EmeritusDatabase
[2025-04-19 02:38:49] [INFO] [EmeritusDatabase] Finished initializing EmeritusDatabase
[2025-04-19 02:38:49] [INFO] [UnitTable] Successfully initialized UnitTable
[2025-04-19 02:38:49] [INFO] [UnitTable] Finished initializing UnitTable
[2025-04-19 02:38:49] [INFO] [AbilityTable] Started initializing AbilityTable
[2025-04-19 02:38:49] [INFO] [AbilityTable] Finished initializing AbilityTable
[2025-04-19 02:38:49] [INFO] [UserSaveStateManager] Started loading user save data
[2025-04-19 02:38:49] [INFO] [UserSaveStateManager] Finished loading user save data
[2025-04-19 02:38:49] [INFO] [AssetPool] Started initializing AssetPool
[2025-04-19 02:38:49] [INFO] [AssetNameSpace] Started loading Sprite's from ./res/graphics
[2025-04-19 02:38:49] [INFO] [AssetNameSpace] Finished reading files for sprites
[2025-04-19 02:38:49] [INFO] [AssetNameSpace] Finished loading ./res/graphics
[2025-04-19 02:38:49] [INFO] [AssetPool] Finished initializing AssetPool
[2025-04-19 02:38:49] [INFO] [Component] Setting fire_dragon_Fistyy_ce4ec4cc-ca17-4e04-a9f3-db2af6e9e31a on to {"row":2,"column":4,"height":0,"spawn_region":[],"collider":"","unit":"fire_dragon_Fistyy_ce4ec4cc-ca17-4e04-a9f3-db2af6e9e31a","structure":""}.
[2025-04-19 02:38:49] [INFO] [SpeedQueue] Added unit enemy:Fistyy into queue
[2025-04-19 02:38:49] [INFO] [Component] Setting light_dragon_Daouup_86ca4c87-820e-47cb-b9e7-f01ee6371161 on to {"row":5,"column":2,"height":0,"spawn_region":[],"collider":"","unit":"light_dragon_Daouup_86ca4c87-820e-47cb-b9e7-f01ee6371161","structure":""}.
[2025-04-19 02:38:49] [INFO] [SpeedQueue] Added unit enemy:Daouup into queue
[2025-04-19 02:38:49] [INFO] [Component] Setting earth_dragon_Qiaoy_0db91f10-8722-4720-8c88-90f966bcecd2 on to {"row":7,"column":5,"height":0,"spawn_region":[],"collider":"","unit":"earth_dragon_Qiaoy_0db91f10-8722-4720-8c88-90f966bcecd2","structure":""}.
[2025-04-19 02:38:49] [INFO] [SpeedQueue] Added unit user:Qiaoy into queue
[2025-04-19 02:38:49] [INFO] [Component] Setting dark_dragon_Hypyay_8b4979ed-f0c8-448b-b4d2-76451ae70e12 on to {"row":0,"column":2,"height":0,"spawn_region":[],"collider":"","unit":"dark_dragon_Hypyay_8b4979ed-f0c8-448b-b4d2-76451ae70e12","structure":""}.
[2025-04-19 02:38:49] [INFO] [SpeedQueue] Added unit user:Hypyay into queue
[2025-04-19 02:38:49] [INFO] [EngineController] Started setting scene to MENU_SCENE
[2025-04-19 02:38:50] [INFO] [EngineController] Finished setting scene to MENU_SCENE
[2025-04-19 02:38:50] [INFO] [EngineController] Started setting scene to MAP_EDITOR_SCENE
[2025-04-19 02:38:50] [INFO] [FontPool] Started initializing FontPool
[2025-04-19 02:38:50] [INFO] [FontPool] ✅ Successfully loaded font: Lilian
[2025-04-19 02:38:50] [INFO] [MapEditorScene] Starting to create new GameController!
[2025-04-19 02:38:50] [INFO] [MapEditorScene] Successfully created new GameController!
[2025-04-19 02:38:50] [INFO] [EngineController] Finished setting scene to MAP_EDITOR_SCENE
[2025-04-19 02:38:50] [INFO] [InputHandler] Gliding 0 camera to new tile 10_12_90dbefc6-36d6-486c-92ae-c7c01e2eb649
[2025-04-19 02:38:50] [INFO] [TimeLinePanel] Started updating the timeline panel after turn order has changed.
[2025-04-19 02:38:50] [INFO] [TimeLinePanel] Finished updating the timeline panel after turn order has changed.
[2025-04-19 02:38:50] [INFO] [SelectedTilePanel] Checksum updated, getting units at selected tiles.
[2025-04-19 02:38:50] [INFO] [SelectedTilePanel] Either no unit selected or more than one unit selected
[2025-04-19 02:38:50] [INFO] [VisualsSystem] Started creating blurred background
[2025-04-19 02:38:51] [INFO] [VisualsSystem] Finished creating blurred background after 0.5050996541976929 seconds
[2025-04-19 02:38:51] [INFO] [MapEditorScene] Updated hoveredTilePanes 692,347
[2025-04-19 02:38:51] [INFO] [MapEditorScene] Updated hoveredTilePanes 685,348
[2025-04-19 02:38:51] [INFO] [MapEditorScene] Updated hoveredTilePanes 676,351
[2025-04-19 02:38:51] [INFO] [MapEditorScene] Updated hoveredTilePanes 670,355
[2025-04-19 02:38:51] [INFO] [MapEditorScene] Updated hoveredTilePanes 663,358
[2025-04-19 02:38:51] [INFO] [MapEditorScene] Updated hoveredTilePanes 649,364
[2025-04-19 02:38:51] [INFO] [MapEditorScene] Updated hoveredTilePanes 638,370
[2025-04-19 02:38:51] [INFO] [MapEditorScene] Updated hoveredTilePanes 626,378
[2025-04-19 02:38:51] [INFO] [MapEditorScene] Updated hoveredTilePanes 615,383
[2025-04-19 02:38:51] [INFO] [MapEditorScene] Updated hoveredTilePanes 605,389
[2025-04-19 02:38:51] [INFO] [MapEditorScene] Updated hoveredTilePanes 595,394
[2025-04-19 02:38:51] [INFO] [MapEditorScene] Updated hoveredTilePanes 585,400
[2025-04-19 02:38:51] [INFO] [MapEditorScene] Updated hoveredTilePanes 581,403
[2025-04-19 02:38:51] [INFO] [MapEditorScene] Updated hoveredTilePanes 574,408
[2025-04-19 02:38:51] [INFO] [MapEditorScene] Updated hoveredTilePanes 567,411
[2025-04-19 02:38:51] [INFO] [MapEditorScene] Updated hoveredTilePanes 557,418
[2025-04-19 02:38:51] [INFO] [MapEditorScene] Updated hoveredTilePanes 552,420
[2025-04-19 02:38:51] [INFO] [MapEditorScene] Updated hoveredTilePanes 548,423
[2025-04-19 02:38:51] [INFO] [MapEditorScene] Updated hoveredTilePanes 546,424
[2025-04-19 02:38:51] [INFO] [MapEditorScene] Updated hoveredTilePanes 544,425
[2025-04-19 02:38:51] [INFO] [MapEditorScene] Updated hoveredTilePanes 542,426
[2025-04-19 02:38:51] [INFO] [MapEditorScene] Updated hoveredTilePanes 541,426
[2025-04-19 02:38:51] [INFO] [MapEditorScene] Updated hoveredTilePanes 541,427
[2025-04-19 02:38:51] [INFO] [MapEditorScene] Updated hoveredTilePanes 540,427
[2025-04-19 02:38:51] [INFO] [MapEditorScene] Updated hoveredTilePanes 539,427
[2025-04-19 02:38:52] [INFO] [MapEditorScene] Updated hoveredTilePanes 539,426
[2025-04-19 02:38:52] [INFO] [MapEditorScene] Updated hoveredTilePanes 540,425
[2025-04-19 02:38:52] [INFO] [MapEditorScene] Updated hoveredTilePanes 541,424
[2025-04-19 02:38:52] [INFO] [MapEditorScene] Updated hoveredTilePanes 542,422
[2025-04-19 02:38:52] [INFO] [MapEditorScene] Updated hoveredTilePanes 543,421
[2025-04-19 02:38:52] [INFO] [MapEditorScene] Updated hoveredTilePanes 544,420
[2025-04-19 02:38:52] [INFO] [MapEditorScene] Updated hoveredTilePanes 545,418
[2025-04-19 02:38:52] [INFO] [MapEditorScene] Updated hoveredTilePanes 546,417
[2025-04-19 02:38:52] [INFO] [MapEditorScene] Updated hoveredTilePanes 547,415
[2025-04-19 02:38:52] [INFO] [MapEditorScene] Updated hoveredTilePanes 547,414
[2025-04-19 02:38:52] [INFO] [MapEditorScene] Updated hoveredTilePanes 549,412
[2025-04-19 02:38:52] [INFO] [MapEditorScene] Updated hoveredTilePanes 550,410
[2025-04-19 02:38:52] [INFO] [MapEditorScene] Updated hoveredTilePanes 550,409
[2025-04-19 02:38:52] [INFO] [MapEditorScene] Updated hoveredTilePanes 551,408
[2025-04-19 02:38:52] [INFO] [MapEditorScene] Updated hoveredTilePanes 553,406
[2025-04-19 02:38:52] [INFO] [MapEditorScene] Updated hoveredTilePanes 554,405
[2025-04-19 02:38:52] [INFO] [MapEditorScene] Updated hoveredTilePanes 555,403
[2025-04-19 02:38:52] [INFO] [MapEditorScene] Updated hoveredTilePanes 556,401
[2025-04-19 02:38:52] [INFO] [MapEditorScene] Updated hoveredTilePanes 557,400
[2025-04-19 02:38:52] [INFO] [MapEditorScene] Updated hoveredTilePanes 560,398
[2025-04-19 02:38:52] [INFO] [MapEditorScene] Updated hoveredTilePanes 561,397
[2025-04-19 02:38:52] [INFO] [MapEditorScene] Updated hoveredTilePanes 562,396
[2025-04-19 02:38:52] [INFO] [MapEditorScene] Updated hoveredTilePanes 563,395
[2025-04-19 02:38:52] [INFO] [MapEditorScene] Updated hoveredTilePanes 564,394
[2025-04-19 02:38:52] [INFO] [MapEditorScene] Updated hoveredTilePanes 565,393
[2025-04-19 02:38:52] [INFO] [MapEditorScene] Updated hoveredTilePanes 566,391
[2025-04-19 02:38:52] [INFO] [MapEditorScene] Updated hoveredTilePanes 566,390
[2025-04-19 02:38:52] [INFO] [MapEditorScene] Updated hoveredTilePanes 567,389
[2025-04-19 02:38:52] [INFO] [MapEditorScene] Updated hoveredTilePanes 568,388
[2025-04-19 02:38:52] [INFO] [MapEditorScene] Updated hoveredTilePanes 569,386
[2025-04-19 02:38:52] [INFO] [MapEditorScene] Updated hoveredTilePanes 570,385
[2025-04-19 02:38:52] [INFO] [MapEditorScene] Updated hoveredTilePanes 572,383
[2025-04-19 02:38:52] [INFO] [MapEditorScene] Updated hoveredTilePanes 573,381
[2025-04-19 02:38:52] [INFO] [MapEditorScene] Updated hoveredTilePanes 574,379
[2025-04-19 02:38:52] [INFO] [MapEditorScene] Updated hoveredTilePanes 576,377
[2025-04-19 02:38:52] [INFO] [MapEditorScene] Updated hoveredTilePanes 577,375
[2025-04-19 02:38:52] [INFO] [MapEditorScene] Updated hoveredTilePanes 578,373
[2025-04-19 02:38:52] [INFO] [MapEditorScene] Updated hoveredTilePanes 580,371
[2025-04-19 02:38:52] [INFO] [MapEditorScene] Updated hoveredTilePanes 581,369
[2025-04-19 02:38:52] [INFO] [MapEditorScene] Updated hoveredTilePanes 582,367
[2025-04-19 02:38:52] [INFO] [MapEditorScene] Updated hoveredTilePanes 584,365
[2025-04-19 02:38:52] [INFO] [MapEditorScene] Updated hoveredTilePanes 584,363
[2025-04-19 02:38:52] [INFO] [MapEditorScene] Updated hoveredTilePanes 586,361
[2025-04-19 02:38:52] [INFO] [MapEditorScene] Updated hoveredTilePanes 587,358
[2025-04-19 02:38:52] [INFO] [MapEditorScene] Updated hoveredTilePanes 588,356
[2025-04-19 02:38:52] [INFO] [MapEditorScene] Updated hoveredTilePanes 590,353
[2025-04-19 02:38:52] [INFO] [MapEditorScene] Updated hoveredTilePanes 592,349
[2025-04-19 02:38:52] [INFO] [MapEditorScene] Updated hoveredTilePanes 595,345
[2025-04-19 02:38:52] [INFO] [MapEditorScene] Updated hoveredTilePanes 596,341
[2025-04-19 02:38:52] [INFO] [MapEditorScene] Updated hoveredTilePanes 599,337
[2025-04-19 02:38:52] [INFO] [MapEditorScene] Updated hoveredTilePanes 601,333
[2025-04-19 02:38:52] [INFO] [MapEditorScene] Updated hoveredTilePanes 603,329
[2025-04-19 02:38:52] [INFO] [MapEditorScene] Updated hoveredTilePanes 605,325
[2025-04-19 02:38:52] [INFO] [MapEditorScene] Updated hoveredTilePanes 607,321
[2025-04-19 02:38:52] [INFO] [MapEditorScene] Updated hoveredTilePanes 608,319
[2025-04-19 02:38:52] [INFO] [MapEditorScene] Updated hoveredTilePanes 610,317
[2025-04-19 02:38:52] [INFO] [MapEditorScene] Updated hoveredTilePanes 610,315
[2025-04-19 02:38:52] [INFO] [MapEditorScene] Updated hoveredTilePanes 611,314
[2025-04-19 02:38:52] [INFO] [MapEditorScene] Updated hoveredTilePanes 611,313
[2025-04-19 02:38:52] [INFO] [MapEditorScene] Updated hoveredTilePanes 612,313
[2025-04-19 02:38:52] [INFO] [MapEditorScene] Updated hoveredTilePanes 612,312
[2025-04-19 02:38:52] [INFO] [MapEditorScene] Updated hoveredTilePanes 613,312
[2025-04-19 02:38:52] [INFO] [MapEditorScene] Updated hoveredTilePanes 612,312
[2025-04-19 02:38:52] [INFO] [MapEditorScene] Updated hoveredTilePanes 612,311
[2025-04-19 02:38:53] [INFO] [MapEditorScene] Updated hoveredTilePanes 613,310
[2025-04-19 02:38:53] [INFO] [MapEditorScene] Updated hoveredTilePanes 614,308
[2025-04-19 02:38:53] [INFO] [MapEditorScene] Updated hoveredTilePanes 615,306
[2025-04-19 02:38:53] [INFO] [MapEditorScene] Updated hoveredTilePanes 616,304
[2025-04-19 02:38:53] [INFO] [MapEditorScene] Updated hoveredTilePanes 617,303
[2025-04-19 02:38:53] [INFO] [MapEditorScene] Updated hoveredTilePanes 617,301
[2025-04-19 02:38:53] [INFO] [MapEditorScene] Updated hoveredTilePanes 619,299
[2025-04-19 02:38:53] [INFO] [MapEditorScene] Updated hoveredTilePanes 619,297
[2025-04-19 02:38:53] [INFO] [MapEditorScene] Updated hoveredTilePanes 621,295
[2025-04-19 02:38:53] [INFO] [MapEditorScene] Updated hoveredTilePanes 622,293
[2025-04-19 02:38:53] [INFO] [MapEditorScene] Updated hoveredTilePanes 623,291
[2025-04-19 02:38:53] [INFO] [MapEditorScene] Updated hoveredTilePanes 624,290
[2025-04-19 02:38:53] [INFO] [MapEditorScene] Updated hoveredTilePanes 625,288
[2025-04-19 02:38:53] [INFO] [MapEditorScene] Updated hoveredTilePanes 625,286
[2025-04-19 02:38:53] [INFO] [MapEditorScene] Updated hoveredTilePanes 626,285
[2025-04-19 02:38:53] [INFO] [MapEditorScene] Updated hoveredTilePanes 626,284
[2025-04-19 02:38:53] [INFO] [MapEditorScene] Updated hoveredTilePanes 626,283
[2025-04-19 02:38:53] [INFO] [MapEditorScene] Updated hoveredTilePanes 626,282
[2025-04-19 02:38:53] [INFO] [MapEditorScene] Updated hoveredTilePanes 626,281
[2025-04-19 02:38:53] [INFO] [MapEditorScene] Updated hoveredTilePanes 626,280
[2025-04-19 02:38:53] [INFO] [MapEditorScene] Updated hoveredTilePanes 625,279
[2025-04-19 02:38:53] [INFO] [MapEditorScene] Updated hoveredTilePanes 621,277
[2025-04-19 02:38:53] [INFO] [MapEditorScene] Updated hoveredTilePanes 618,276
[2025-04-19 02:38:53] [INFO] [MapEditorScene] Updated hoveredTilePanes 613,273
[2025-04-19 02:38:53] [INFO] [MapEditorScene] Updated hoveredTilePanes 606,270
[2025-04-19 02:38:53] [INFO] [MapEditorScene] Updated hoveredTilePanes 600,267
[2025-04-19 02:38:53] [INFO] [MapEditorScene] Updated hoveredTilePanes 596,266
[2025-04-19 02:38:53] [INFO] [MapEditorScene] Updated hoveredTilePanes 592,263
[2025-04-19 02:38:53] [INFO] [MapEditorScene] Updated hoveredTilePanes 585,261
[2025-04-19 02:38:53] [INFO] [MapEditorScene] Updated hoveredTilePanes 580,259
[2025-04-19 02:38:53] [INFO] [MapEditorScene] Updated hoveredTilePanes 575,256
[2025-04-19 02:38:53] [INFO] [MapEditorScene] Updated hoveredTilePanes 571,254
[2025-04-19 02:38:53] [INFO] [MapEditorScene] Updated hoveredTilePanes 566,252
[2025-04-19 02:38:53] [INFO] [MapEditorScene] Updated hoveredTilePanes 561,251
[2025-04-19 02:38:53] [INFO] [MapEditorScene] Updated hoveredTilePanes 558,249
[2025-04-19 02:38:53] [INFO] [MapEditorScene] Updated hoveredTilePanes 555,248
[2025-04-19 02:38:53] [INFO] [MapEditorScene] Updated hoveredTilePanes 551,247
[2025-04-19 02:38:53] [INFO] [MapEditorScene] Updated hoveredTilePanes 547,246
[2025-04-19 02:38:53] [INFO] [MapEditorScene] Updated hoveredTilePanes 543,245
[2025-04-19 02:38:53] [INFO] [MapEditorScene] Updated hoveredTilePanes 540,245
[2025-04-19 02:38:53] [INFO] [MapEditorScene] Updated hoveredTilePanes 538,244
[2025-04-19 02:38:53] [INFO] [MapEditorScene] Updated hoveredTilePanes 535,244
[2025-04-19 02:38:53] [INFO] [MapEditorScene] Updated hoveredTilePanes 533,244
[2025-04-19 02:38:53] [INFO] [MapEditorScene] Updated hoveredTilePanes 531,244
[2025-04-19 02:38:53] [INFO] [MapEditorScene] Updated hoveredTilePanes 529,244
[2025-04-19 02:38:53] [INFO] [MapEditorScene] Updated hoveredTilePanes 525,244
[2025-04-19 02:38:53] [INFO] [MapEditorScene] Updated hoveredTilePanes 522,244
[2025-04-19 02:38:53] [INFO] [MapEditorScene] Updated hoveredTilePanes 519,244
[2025-04-19 02:38:53] [INFO] [MapEditorScene] Updated hoveredTilePanes 516,244
[2025-04-19 02:38:53] [INFO] [MapEditorScene] Updated hoveredTilePanes 512,243
[2025-04-19 02:38:53] [INFO] [MapEditorScene] Updated hoveredTilePanes 508,242
[2025-04-19 02:38:53] [INFO] [MapEditorScene] Updated hoveredTilePanes 506,241
[2025-04-19 02:38:53] [INFO] [MapEditorScene] Updated hoveredTilePanes 502,240
[2025-04-19 02:38:53] [INFO] [MapEditorScene] Updated hoveredTilePanes 499,240
[2025-04-19 02:38:54] [INFO] [MapEditorScene] Updated hoveredTilePanes 497,238
[2025-04-19 02:38:54] [INFO] [MapEditorScene] Updated hoveredTilePanes 496,238
[2025-04-19 02:38:54] [INFO] [MapEditorScene] Updated hoveredTilePanes 494,237
[2025-04-19 02:38:54] [INFO] [MapEditorScene] Updated hoveredTilePanes 492,236
[2025-04-19 02:38:54] [INFO] [MapEditorScene] Updated hoveredTilePanes 491,236
[2025-04-19 02:38:54] [INFO] [MapEditorScene] Updated hoveredTilePanes 489,235
[2025-04-19 02:38:54] [INFO] [MapEditorScene] Updated hoveredTilePanes 488,235
[2025-04-19 02:38:54] [INFO] [MapEditorScene] Updated hoveredTilePanes 486,234
[2025-04-19 02:38:54] [INFO] [MapEditorScene] Updated hoveredTilePanes 485,233
[2025-04-19 02:38:54] [INFO] [MapEditorScene] Updated hoveredTilePanes 483,233
[2025-04-19 02:38:54] [INFO] [MapEditorScene] Updated hoveredTilePanes 481,233
[2025-04-19 02:38:54] [INFO] [MapEditorScene] Updated hoveredTilePanes 479,233
[2025-04-19 02:38:54] [INFO] [MapEditorScene] Updated hoveredTilePanes 477,232
[2025-04-19 02:38:54] [INFO] [MapEditorScene] Updated hoveredTilePanes 475,232
[2025-04-19 02:38:54] [INFO] [MapEditorScene] Updated hoveredTilePanes 473,231
[2025-04-19 02:38:54] [INFO] [MapEditorScene] Updated hoveredTilePanes 471,231
[2025-04-19 02:38:54] [INFO] [MapEditorScene] Updated hoveredTilePanes 469,231
[2025-04-19 02:38:54] [INFO] [MapEditorScene] Updated hoveredTilePanes 467,231
[2025-04-19 02:38:54] [INFO] [MapEditorScene] Updated hoveredTilePanes 465,231
[2025-04-19 02:38:54] [INFO] [MapEditorScene] Updated hoveredTilePanes 463,230
[2025-04-19 02:38:54] [INFO] [MapEditorScene] Updated hoveredTilePanes 462,230
[2025-04-19 02:38:54] [INFO] [MapEditorScene] Updated hoveredTilePanes 461,230
[2025-04-19 02:38:54] [INFO] [MapEditorScene] Updated hoveredTilePanes 459,230
[2025-04-19 02:38:54] [INFO] [MapEditorScene] Updated hoveredTilePanes 458,230
[2025-04-19 02:38:54] [INFO] [MapEditorScene] Updated hoveredTilePanes 458,229
[2025-04-19 02:38:54] [INFO] [MapEditorScene] Updated hoveredTilePanes 457,229
[2025-04-19 02:38:54] [INFO] [MapEditorScene] Updated hoveredTilePanes 457,228
[2025-04-19 02:38:54] [INFO] [MapEditorScene] Updated hoveredTilePanes 457,227
[2025-04-19 02:38:54] [INFO] [MapEditorScene] Updated hoveredTilePanes 457,226
[2025-04-19 02:38:54] [INFO] [MapEditorScene] Updated hoveredTilePanes 457,225
[2025-04-19 02:38:54] [INFO] [MapEditorScene] Updated hoveredTilePanes 457,223
[2025-04-19 02:38:54] [INFO] [MapEditorScene] Updated hoveredTilePanes 457,222
[2025-04-19 02:38:54] [INFO] [MapEditorScene] Updated hoveredTilePanes 457,220
[2025-04-19 02:38:54] [INFO] [MapEditorScene] Updated hoveredTilePanes 457,218
[2025-04-19 02:38:54] [INFO] [MapEditorScene] Updated hoveredTilePanes 457,216
[2025-04-19 02:38:54] [INFO] [MapEditorScene] Updated hoveredTilePanes 458,214
[2025-04-19 02:38:54] [INFO] [MapEditorScene] Updated hoveredTilePanes 459,213
[2025-04-19 02:38:54] [INFO] [MapEditorScene] Updated hoveredTilePanes 460,211
[2025-04-19 02:38:54] [INFO] [MapEditorScene] Updated hoveredTilePanes 461,210
[2025-04-19 02:38:54] [INFO] [MapEditorScene] Updated hoveredTilePanes 462,210
[2025-04-19 02:38:54] [INFO] [MapEditorScene] Updated hoveredTilePanes 464,207
[2025-04-19 02:38:54] [INFO] [MapEditorScene] Updated hoveredTilePanes 465,206
[2025-04-19 02:38:54] [INFO] [MapEditorScene] Updated hoveredTilePanes 467,205
[2025-04-19 02:38:54] [INFO] [MapEditorScene] Updated hoveredTilePanes 469,203
[2025-04-19 02:38:54] [INFO] [MapEditorScene] Updated hoveredTilePanes 471,203
[2025-04-19 02:38:54] [INFO] [MapEditorScene] Updated hoveredTilePanes 475,201
[2025-04-19 02:38:54] [INFO] [MapEditorScene] Updated hoveredTilePanes 477,200
[2025-04-19 02:38:54] [INFO] [MapEditorScene] Updated hoveredTilePanes 479,199
[2025-04-19 02:38:54] [INFO] [MapEditorScene] Updated hoveredTilePanes 482,198
[2025-04-19 02:38:54] [INFO] [MapEditorScene] Updated hoveredTilePanes 484,196
[2025-04-19 02:38:54] [INFO] [MapEditorScene] Updated hoveredTilePanes 486,196
[2025-04-19 02:38:54] [INFO] [MapEditorScene] Updated hoveredTilePanes 488,195
[2025-04-19 02:38:54] [INFO] [MapEditorScene] Updated hoveredTilePanes 490,194
[2025-04-19 02:38:54] [INFO] [MapEditorScene] Updated hoveredTilePanes 492,194
[2025-04-19 02:38:54] [INFO] [MapEditorScene] Updated hoveredTilePanes 493,194
[2025-04-19 02:38:54] [INFO] [MapEditorScene] Updated hoveredTilePanes 495,194
[2025-04-19 02:38:54] [INFO] [MapEditorScene] Updated hoveredTilePanes 496,193
[2025-04-19 02:38:54] [INFO] [MapEditorScene] Updated hoveredTilePanes 498,193
[2025-04-19 02:38:54] [INFO] [MapEditorScene] Updated hoveredTilePanes 500,193
[2025-04-19 02:38:54] [INFO] [MapEditorScene] Updated hoveredTilePanes 502,193
[2025-04-19 02:38:54] [INFO] [MapEditorScene] Updated hoveredTilePanes 505,193
[2025-04-19 02:38:54] [INFO] [MapEditorScene] Updated hoveredTilePanes 508,193
[2025-04-19 02:38:54] [INFO] [MapEditorScene] Updated hoveredTilePanes 512,193
[2025-04-19 02:38:54] [INFO] [MapEditorScene] Updated hoveredTilePanes 516,193
[2025-04-19 02:38:54] [INFO] [MapEditorScene] Updated hoveredTilePanes 520,193
[2025-04-19 02:38:54] [INFO] [MapEditorScene] Updated hoveredTilePanes 525,193
[2025-04-19 02:38:54] [INFO] [MapEditorScene] Updated hoveredTilePanes 529,193
[2025-04-19 02:38:54] [INFO] [MapEditorScene] Updated hoveredTilePanes 534,194
[2025-04-19 02:38:54] [INFO] [MapEditorScene] Updated hoveredTilePanes 537,195
[2025-04-19 02:38:54] [INFO] [MapEditorScene] Updated hoveredTilePanes 542,197
[2025-04-19 02:38:54] [INFO] [MapEditorScene] Updated hoveredTilePanes 547,198
[2025-04-19 02:38:54] [INFO] [MapEditorScene] Updated hoveredTilePanes 550,200
[2025-04-19 02:38:54] [INFO] [MapEditorScene] Updated hoveredTilePanes 555,201
[2025-04-19 02:38:54] [INFO] [MapEditorScene] Updated hoveredTilePanes 559,204
[2025-04-19 02:38:54] [INFO] [MapEditorScene] Updated hoveredTilePanes 562,206
[2025-04-19 02:38:54] [INFO] [MapEditorScene] Updated hoveredTilePanes 565,208
[2025-04-19 02:38:54] [INFO] [MapEditorScene] Updated hoveredTilePanes 570,210
[2025-04-19 02:38:54] [INFO] [MapEditorScene] Updated hoveredTilePanes 573,212
[2025-04-19 02:38:54] [INFO] [MapEditorScene] Updated hoveredTilePanes 577,214
[2025-04-19 02:38:54] [INFO] [MapEditorScene] Updated hoveredTilePanes 580,215
[2025-04-19 02:38:54] [INFO] [MapEditorScene] Updated hoveredTilePanes 585,218
[2025-04-19 02:38:54] [INFO] [MapEditorScene] Updated hoveredTilePanes 588,220
[2025-04-19 02:38:54] [INFO] [MapEditorScene] Updated hoveredTilePanes 591,221
[2025-04-19 02:38:54] [INFO] [MapEditorScene] Updated hoveredTilePanes 594,223
[2025-04-19 02:38:54] [INFO] [MapEditorScene] Updated hoveredTilePanes 598,224
[2025-04-19 02:38:54] [INFO] [MapEditorScene] Updated hoveredTilePanes 600,225
[2025-04-19 02:38:54] [INFO] [MapEditorScene] Updated hoveredTilePanes 603,226
[2025-04-19 02:38:54] [INFO] [MapEditorScene] Updated hoveredTilePanes 605,227
[2025-04-19 02:38:54] [INFO] [MapEditorScene] Updated hoveredTilePanes 607,228
[2025-04-19 02:38:54] [INFO] [MapEditorScene] Updated hoveredTilePanes 609,229
[2025-04-19 02:38:54] [INFO] [MapEditorScene] Updated hoveredTilePanes 611,230
[2025-04-19 02:38:54] [INFO] [MapEditorScene] Updated hoveredTilePanes 613,231
[2025-04-19 02:38:54] [INFO] [MapEditorScene] Updated hoveredTilePanes 614,232
[2025-04-19 02:38:54] [INFO] [MapEditorScene] Updated hoveredTilePanes 616,233
[2025-04-19 02:38:54] [INFO] [MapEditorScene] Updated hoveredTilePanes 618,234
[2025-04-19 02:38:54] [INFO] [MapEditorScene] Updated hoveredTilePanes 619,235
[2025-04-19 02:38:54] [INFO] [MapEditorScene] Updated hoveredTilePanes 621,236
[2025-04-19 02:38:54] [INFO] [MapEditorScene] Updated hoveredTilePanes 623,237
[2025-04-19 02:38:54] [INFO] [MapEditorScene] Updated hoveredTilePanes 624,238
[2025-04-19 02:38:54] [INFO] [MapEditorScene] Updated hoveredTilePanes 626,239
[2025-04-19 02:38:54] [INFO] [MapEditorScene] Updated hoveredTilePanes 628,240
[2025-04-19 02:38:54] [INFO] [MapEditorScene] Updated hoveredTilePanes 629,241
[2025-04-19 02:38:54] [INFO] [MapEditorScene] Updated hoveredTilePanes 631,242
[2025-04-19 02:38:54] [INFO] [MapEditorScene] Updated hoveredTilePanes 632,243
[2025-04-19 02:38:54] [INFO] [MapEditorScene] Updated hoveredTilePanes 634,243
[2025-04-19 02:38:54] [INFO] [MapEditorScene] Updated hoveredTilePanes 635,245
[2025-04-19 02:38:54] [INFO] [MapEditorScene] Updated hoveredTilePanes 637,245
[2025-04-19 02:38:54] [INFO] [MapEditorScene] Updated hoveredTilePanes 638,246
[2025-04-19 02:38:54] [INFO] [MapEditorScene] Updated hoveredTilePanes 640,247
[2025-04-19 02:38:54] [INFO] [MapEditorScene] Updated hoveredTilePanes 641,248
[2025-04-19 02:38:54] [INFO] [MapEditorScene] Updated hoveredTilePanes 643,248
[2025-04-19 02:38:54] [INFO] [MapEditorScene] Updated hoveredTilePanes 645,250
[2025-04-19 02:38:54] [INFO] [MapEditorScene] Updated hoveredTilePanes 646,251
[2025-04-19 02:38:54] [INFO] [MapEditorScene] Updated hoveredTilePanes 648,251
[2025-04-19 02:38:54] [INFO] [MapEditorScene] Updated hoveredTilePanes 649,252
[2025-04-19 02:38:54] [INFO] [MapEditorScene] Updated hoveredTilePanes 650,253
[2025-04-19 02:38:54] [INFO] [MapEditorScene] Updated hoveredTilePanes 652,254
[2025-04-19 02:38:54] [INFO] [MapEditorScene] Updated hoveredTilePanes 654,255
[2025-04-19 02:38:54] [INFO] [MapEditorScene] Updated hoveredTilePanes 655,256
[2025-04-19 02:38:54] [INFO] [MapEditorScene] Updated hoveredTilePanes 656,257
[2025-04-19 02:38:54] [INFO] [MapEditorScene] Updated hoveredTilePanes 657,258
[2025-04-19 02:38:54] [INFO] [MapEditorScene] Updated hoveredTilePanes 657,260
[2025-04-19 02:38:54] [INFO] [MapEditorScene] Updated hoveredTilePanes 658,261
[2025-04-19 02:38:54] [INFO] [MapEditorScene] Updated hoveredTilePanes 659,263
[2025-04-19 02:38:55] [INFO] [MapEditorScene] Updated hoveredTilePanes 659,264
[2025-04-19 02:38:55] [INFO] [MapEditorScene] Updated hoveredTilePanes 660,265
[2025-04-19 02:38:55] [INFO] [MapEditorScene] Updated hoveredTilePanes 660,266
[2025-04-19 02:38:55] [INFO] [MapEditorScene] Updated hoveredTilePanes 661,268
[2025-04-19 02:38:55] [INFO] [MapEditorScene] Updated hoveredTilePanes 661,269
[2025-04-19 02:38:55] [INFO] [MapEditorScene] Updated hoveredTilePanes 661,270
[2025-04-19 02:38:55] [INFO] [MapEditorScene] Updated hoveredTilePanes 660,272
[2025-04-19 02:38:55] [INFO] [MapEditorScene] Updated hoveredTilePanes 659,272
[2025-04-19 02:38:55] [INFO] [MapEditorScene] Updated hoveredTilePanes 657,273
[2025-04-19 02:38:55] [INFO] [MapEditorScene] Updated hoveredTilePanes 655,273
[2025-04-19 02:38:55] [INFO] [MapEditorScene] Updated hoveredTilePanes 654,274
[2025-04-19 02:38:55] [INFO] [MapEditorScene] Updated hoveredTilePanes 652,275
[2025-04-19 02:38:55] [INFO] [MapEditorScene] Updated hoveredTilePanes 651,275
[2025-04-19 02:38:55] [INFO] [MapEditorScene] Updated hoveredTilePanes 649,276
[2025-04-19 02:38:55] [INFO] [MapEditorScene] Updated hoveredTilePanes 647,276
[2025-04-19 02:38:55] [INFO] [MapEditorScene] Updated hoveredTilePanes 646,277
[2025-04-19 02:38:55] [INFO] [MapEditorScene] Updated hoveredTilePanes 645,277
[2025-04-19 02:38:55] [INFO] [MapEditorScene] Updated hoveredTilePanes 643,278
[2025-04-19 02:38:55] [INFO] [MapEditorScene] Updated hoveredTilePanes 642,279
[2025-04-19 02:38:55] [INFO] [MapEditorScene] Updated hoveredTilePanes 641,279
[2025-04-19 02:38:55] [INFO] [MapEditorScene] Updated hoveredTilePanes 640,280
[2025-04-19 02:38:55] [INFO] [MapEditorScene] Updated hoveredTilePanes 639,280
[2025-04-19 02:38:55] [INFO] [MapEditorScene] Updated hoveredTilePanes 640,278
[2025-04-19 02:38:55] [INFO] [MapEditorScene] Updated hoveredTilePanes 642,276
[2025-04-19 02:38:55] [INFO] [MapEditorScene] Updated hoveredTilePanes 646,272
[2025-04-19 02:38:55] [INFO] [MapEditorScene] Updated hoveredTilePanes 652,266
[2025-04-19 02:38:55] [INFO] [MapEditorScene] Updated hoveredTilePanes 658,259
[2025-04-19 02:38:55] [INFO] [MapEditorScene] Updated hoveredTilePanes 665,253
[2025-04-19 02:38:55] [INFO] [MapEditorScene] Updated hoveredTilePanes 672,247
[2025-04-19 02:38:55] [INFO] [MapEditorScene] Updated hoveredTilePanes 674,244
[2025-04-19 02:38:55] [INFO] [MapEditorScene] Updated hoveredTilePanes 680,240
[2025-04-19 02:38:55] [INFO] [MapEditorScene] Updated hoveredTilePanes 684,236
[2025-04-19 02:38:55] [INFO] [MapEditorScene] Updated hoveredTilePanes 688,231
[2025-04-19 02:38:55] [INFO] [MapEditorScene] Updated hoveredTilePanes 691,228
[2025-04-19 02:38:55] [INFO] [MapEditorScene] Updated hoveredTilePanes 694,224
[2025-04-19 02:38:55] [INFO] [MapEditorScene] Updated hoveredTilePanes 696,220
[2025-04-19 02:38:55] [INFO] [MapEditorScene] Updated hoveredTilePanes 699,218
[2025-04-19 02:38:55] [INFO] [MapEditorScene] Updated hoveredTilePanes 700,216
[2025-04-19 02:38:55] [INFO] [MapEditorScene] Updated hoveredTilePanes 702,214
[2025-04-19 02:38:55] [INFO] [MapEditorScene] Updated hoveredTilePanes 702,212
[2025-04-19 02:38:55] [INFO] [MapEditorScene] Updated hoveredTilePanes 704,210
[2025-04-19 02:38:55] [INFO] [MapEditorScene] Updated hoveredTilePanes 704,209
[2025-04-19 02:38:55] [INFO] [MapEditorScene] Updated hoveredTilePanes 705,208
[2025-04-19 02:38:55] [INFO] [MapEditorScene] Updated hoveredTilePanes 705,207
[2025-04-19 02:38:55] [INFO] [MapEditorScene] Updated hoveredTilePanes 706,207
[2025-04-19 02:38:55] [INFO] [MapEditorScene] Updated hoveredTilePanes 706,206
[2025-04-19 02:38:56] [INFO] [MapEditorScene] Updated hoveredTilePanes 705,206
[2025-04-19 02:38:56] [INFO] [MapEditorScene] Updated hoveredTilePanes 704,206
[2025-04-19 02:38:56] [INFO] [MapEditorScene] Updated hoveredTilePanes 701,206
[2025-04-19 02:38:56] [INFO] [MapEditorScene] Updated hoveredTilePanes 699,206
[2025-04-19 02:38:56] [INFO] [MapEditorScene] Updated hoveredTilePanes 692,205
[2025-04-19 02:38:56] [INFO] [MapEditorScene] Updated hoveredTilePanes 687,204
[2025-04-19 02:38:56] [INFO] [MapEditorScene] Updated hoveredTilePanes 679,202
[2025-04-19 02:38:56] [INFO] [MapEditorScene] Updated hoveredTilePanes 670,199
[2025-04-19 02:38:56] [INFO] [MapEditorScene] Updated hoveredTilePanes 659,196
[2025-04-19 02:38:56] [INFO] [MapEditorScene] Updated hoveredTilePanes 645,191
[2025-04-19 02:38:56] [INFO] [MapEditorScene] Updated hoveredTilePanes 631,188
[2025-04-19 02:38:56] [INFO] [MapEditorScene] Updated hoveredTilePanes 617,182
[2025-04-19 02:38:56] [INFO] [MapEditorScene] Updated hoveredTilePanes 597,176
[2025-04-19 02:38:56] [INFO] [MapEditorScene] Updated hoveredTilePanes 558,161
[2025-04-19 02:38:56] [INFO] [MapEditorScene] Updated hoveredTilePanes 530,152
[2025-04-19 02:38:56] [INFO] [MapEditorScene] Updated hoveredTilePanes 502,144
[2025-04-19 02:38:56] [INFO] [MapEditorScene] Updated hoveredTilePanes 491,138
[2025-04-19 02:38:56] [INFO] [MapEditorScene] Updated hoveredTilePanes 463,130
[2025-04-19 02:38:56] [INFO] [MapEditorScene] Updated hoveredTilePanes 437,119
[2025-04-19 02:38:56] [INFO] [MapEditorScene] Updated hoveredTilePanes 416,109
[2025-04-19 02:38:56] [INFO] [MapEditorScene] Updated hoveredTilePanes 390,98
[2025-04-19 02:38:56] [INFO] [MapEditorScene] Updated hoveredTilePanes 368,88
[2025-04-19 02:38:56] [INFO] [MapEditorScene] Updated hoveredTilePanes 350,77
[2025-04-19 02:38:56] [INFO] [MapEditorScene] Updated hoveredTilePanes 331,68
[2025-04-19 02:38:56] [INFO] [MapEditorScene] Updated hoveredTilePanes 316,58
[2025-04-19 02:38:56] [INFO] [MapEditorScene] Updated hoveredTilePanes 303,48
[2025-04-19 02:38:56] [INFO] [MapEditorScene] Updated hoveredTilePanes 299,45
[2025-04-19 02:38:56] [INFO] [MapEditorScene] Updated hoveredTilePanes 288,36
[2025-04-19 02:38:56] [INFO] [MapEditorScene] Updated hoveredTilePanes 282,29
[2025-04-19 02:38:56] [INFO] [MapEditorScene] Updated hoveredTilePanes 277,26
[2025-04-19 02:38:56] [INFO] [MapEditorScene] Updated hoveredTilePanes 273,23
[2025-04-19 02:38:56] [INFO] [MapEditorScene] Updated hoveredTilePanes 270,21
[2025-04-19 02:38:57] [INFO] [MapEditorScene] Updated hoveredTilePanes 265,21
[2025-04-19 02:38:57] [INFO] [MapEditorScene] Updated hoveredTilePanes 258,21
[2025-04-19 02:38:57] [INFO] [MapEditorScene] Updated hoveredTilePanes 252,20
[2025-04-19 02:38:57] [INFO] [MapEditorScene] Updated hoveredTilePanes 240,19
[2025-04-19 02:38:57] [INFO] [MapEditorScene] Updated hoveredTilePanes 232,16
[2025-04-19 02:38:57] [INFO] [MapEditorScene] Updated hoveredTilePanes 218,14
[2025-04-19 02:38:57] [INFO] [MapEditorScene] Updated hoveredTilePanes 207,12
[2025-04-19 02:38:57] [INFO] [MapEditorScene] Updated hoveredTilePanes 193,9
[2025-04-19 02:38:57] [INFO] [MapEditorScene] Updated hoveredTilePanes 179,7
[2025-04-19 02:38:57] [INFO] [MapEditorScene] Updated hoveredTilePanes 168,6
[2025-04-19 02:38:57] [INFO] [MapEditorScene] Updated hoveredTilePanes 154,3
[2025-04-19 02:38:57] [INFO] [MapEditorScene] Updated hoveredTilePanes 149,3
[2025-04-19 02:38:57] [INFO] [MapEditorScene] Updated hoveredTilePanes 140,1
[2025-04-19 02:38:57] [INFO] [MapEditorScene] Updated hoveredTilePanes 131,0
