[2025-04-15 01:14:28] [INFO] [UnitTable] Started initializing UnitTable
[2025-04-15 01:14:28] [INFO] [EmeritusDatabase] Started initializing EmeritusDatabase
[2025-04-15 01:14:28] [INFO] [EmeritusDatabase] Finished initializing EmeritusDatabase
[2025-04-15 01:14:28] [INFO] [UnitTable] Successfully initialized UnitTable
[2025-04-15 01:14:28] [INFO] [UnitTable] Finished initializing UnitTable
[2025-04-15 01:14:28] [INFO] [AbilityTable] Started initializing AbilityTable
[2025-04-15 01:14:28] [INFO] [AbilityTable] Finished initializing AbilityTable
[2025-04-15 01:14:28] [INFO] [UserSaveStateManager] Started loading user save data
[2025-04-15 01:14:28] [INFO] [UserSaveStateManager] Finished loading user save data
[2025-04-15 01:14:28] [INFO] [AssetPool] Started initializing AssetPool
[2025-04-15 01:14:28] [INFO] [AssetNameSpace] Started loading Sprite's from ./res/graphics
[2025-04-15 01:14:28] [INFO] [AssetNameSpace] Finished reading files for sprites
[2025-04-15 01:14:28] [INFO] [AssetNameSpace] Finished loading ./res/graphics
[2025-04-15 01:14:28] [INFO] [AssetPool] Finished initializing AssetPool
[2025-04-15 01:14:28] [INFO] [Component] Setting dragon_Hiwnci_606be5e4-8230-44c5-ac79-b4ca80853876 on to {"spawn_region":[],"collider":"","unit":"dragon_Hiwnci_606be5e4-8230-44c5-ac79-b4ca80853876","column":2,"row":7,"structure":"","height":0}.
[2025-04-15 01:14:28] [INFO] [SpeedQueue] Added unit enemy:Hiwnci into queue
[2025-04-15 01:14:28] [INFO] [Component] Setting earth_dragon_Xyhay_377592eb-0079-4813-99de-28ac8d1ee4eb on to {"spawn_region":[],"collider":"","unit":"earth_dragon_Xyhay_377592eb-0079-4813-99de-28ac8d1ee4eb","column":4,"row":2,"structure":"","height":0}.
[2025-04-15 01:14:28] [INFO] [SpeedQueue] Added unit enemy:Xyhay into queue
[2025-04-15 01:14:28] [INFO] [Component] Setting water_dragon_Reqya_5885964d-59f9-45a6-bdd5-ed1d6bac0fce on to {"spawn_region":[],"collider":"","unit":"water_dragon_Reqya_5885964d-59f9-45a6-bdd5-ed1d6bac0fce","column":5,"row":5,"structure":"","height":0}.
[2025-04-15 01:14:28] [INFO] [SpeedQueue] Added unit enemy:Reqya into queue
[2025-04-15 01:14:28] [INFO] [Component] Setting light_dragon_Gemve_af60d684-3706-49d3-adf5-339c50381076 on to {"spawn_region":[],"collider":"","unit":"light_dragon_Gemve_af60d684-3706-49d3-adf5-339c50381076","column":5,"row":2,"structure":"","height":0}.
[2025-04-15 01:14:28] [INFO] [SpeedQueue] Added unit user:Gemve into queue
[2025-04-15 01:14:28] [INFO] [EngineController] Started setting scene to MENU_SCENE
[2025-04-15 01:14:28] [INFO] [EngineController] Finished setting scene to MENU_SCENE
[2025-04-15 01:14:28] [INFO] [EngineController] Started setting scene to MAP_EDITOR_SCENE
[2025-04-15 01:14:28] [INFO] [FontPool] Started initializing FontPool
[2025-04-15 01:14:28] [INFO] [FontPool] ✅ Successfully loaded font: Lilian
[2025-04-15 01:14:28] [INFO] [MapEditorScene] Starting to create new GameController!
[2025-04-15 01:14:29] [INFO] [MapEditorScene] Successfully created new GameController!
[2025-04-15 01:14:29] [INFO] [EngineController] Finished settin