[2025-05-29 01:43:31] [INFO] [UnitTable] Started initializing UnitTable
[2025-05-29 01:43:31] [INFO] [EmeritusDatabase] Started initializing EmeritusDatabase
[2025-05-29 01:43:31] [INFO] [EmeritusDatabase] Finished initializing EmeritusDatabase
[2025-05-29 01:43:31] [INFO] [UnitTable] Successfully initialized UnitTable
[2025-05-29 01:43:31] [INFO] [UnitTable] Finished initializing UnitTable
[2025-05-29 01:43:31] [INFO] [AbilityTable] Started initializing AbilityTable
[2025-05-29 01:43:31] [INFO] [AbilityTable] Finished initializing AbilityTable
[2025-05-29 01:43:31] [INFO] [UserSaveStateManager] Started loading user save data
[2025-05-29 01:43:31] [INFO] [UserSaveStateManager] Finished loading user save data
[2025-05-29 01:43:31] [INFO] [AssetPool] Started initializing AssetPool
[2025-05-29 01:43:31] [INFO] [AssetNameSpace] Started loading Sprite's from ./res/graphics
[2025-05-29 01:43:31] [INFO] [AssetNameSpace] Finished reading files for sprites
[2025-05-29 01:43:31] [INFO] [AssetNameSpace] Finished loading ./res/graphics
[2025-05-29 01:43:31] [INFO] [AssetPool] Finished initializing AssetPool
[2025-05-29 01:43:31] [INFO] [Component] Setting UNIT_dark_dragon___NICKNAME_Kyaoui___0ddbf9a7-6023-4588-881f-492324a7dfa9 on to {"row":0,"column":0,"base_elevation":0,"spawn_region":"Left","unit":"UNIT_dark_dragon___NICKNAME_Kyaoui___0ddbf9a7-6023-4588-881f-492324a7dfa9","layers":{"empty":false},"total_elevation":10}.
[2025-05-29 01:43:31] [INFO] [SpeedQueue] Added unit UNIT_dark_dragon___NICKNAME_Kyaoui___0ddbf9a7-6023-4588-881f-492324a7dfa9 into queue
[2025-05-29 01:43:31] [INFO] [Component] Setting UNIT_dragon___NICKNAME_Iihdoy___7d792390-dcd8-4e2a-8283-3e173c70b892 on to {"row":2,"column":0,"base_elevation":0,"spawn_region":"Left","unit":"UNIT_dragon___NICKNAME_Iihdoy___7d792390-dcd8-4e2a-8283-3e173c70b892","layers":{"empty":false},"total_elevation":10}.
[2025-05-29 01:43:31] [INFO] [SpeedQueue] Added unit UNIT_dragon___NICKNAME_Iihdoy___7d792390-dcd8-4e2a-8283-3e173c70b892 into queue
[2025-05-29 01:43:31] [INFO] [Component] Setting UNIT_water_dragon___NICKNAME_Hiic___f1d78bab-3172-4a2f-aea8-98749a82b43d on to {"row":7,"column":1,"base_elevation":0,"spawn_region":"Left","unit":"UNIT_water_dragon___NICKNAME_Hiic___f1d78bab-3172-4a2f-aea8-98749a82b43d","layers":{"empty":false},"total_elevation":10}.
[2025-05-29 01:43:31] [INFO] [SpeedQueue] Added unit UNIT_water_dragon___NICKNAME_Hiic___f1d78bab-3172-4a2f-aea8-98749a82b43d into queue
[2025-05-29 01:43:31] [INFO] [Component] Setting UNIT_fire_dragon___NICKNAME_Eeheu___7234383c-bbe3-4b22-b49d-fc1dc6f41218 on to {"row":3,"column":1,"base_elevation":0,"spawn_region":"Left","unit":"UNIT_fire_dragon___NICKNAME_Eeheu___7234383c-bbe3-4b22-b49d-fc1dc6f41218","layers":{"empty":false},"total_elevation":10}.
[2025-05-29 01:43:31] [INFO] [SpeedQueue] Added unit UNIT_fire_dragon___NICKNAME_Eeheu___7234383c-bbe3-4b22-b49d-fc1dc6f41218 into queue
[2025-05-29 01:43:31] [INFO] [Component] Setting UNIT_dragon___NICKNAME_Aaxu___34648c98-b51f-484a-ab77-c7880d529fae on to {"row":7,"column":0,"base_elevation":0,"spawn_region":"Left","unit":"UNIT_dragon___NICKNAME_Aaxu___34648c98-b51f-484a-ab77-c7880d529fae","layers":{"empty":false},"total_elevation":11}.
[2025-05-29 01:43:31] [INFO] [SpeedQueue] Added unit UNIT_dragon___NICKNAME_Aaxu___34648c98-b51f-484a-ab77-c7880d529fae into queue
[2025-05-29 01:43:31] [INFO] [Component] Setting UNIT_dark_dragon___NICKNAME_Lojya___5a754f64-9f5e-431c-bfdf-41701d895618 on to {"row":0,"column":10,"base_elevation":0,"spawn_region":"Right","unit":"UNIT_dark_dragon___NICKNAME_Lojya___5a754f64-9f5e-431c-bfdf-41701d895618","layers":{"empty":false},"total_elevation":11}.
[2025-05-29 01:43:31] [INFO] [SpeedQueue] Added unit UNIT_dark_dragon___NICKNAME_Lojya___5a754f64-9f5e-431c-bfdf-41701d895618 into queue
[2025-05-29 01:43:31] [INFO] [Component] Setting UNIT_air_dragon___NICKNAME_Outqd___c6cb0686-2e11-4ff8-8a05-32783de8c5d0 on to {"row":1,"column":10,"base_elevation":0,"spawn_region":"Right","unit":"UNIT_air_dragon___NICKNAME_Outqd___c6cb0686-2e11-4ff8-8a05-32783de8c5d0","layers":{"empty":false},"total_elevation":11}.
[2025-05-29 01:43:31] [INFO] [SpeedQueue] Added unit UNIT_air_dragon___NICKNAME_Outqd___c6cb0686-2e11-4ff8-8a05-32783de8c5d0 into queue
[2025-05-29 01:43:31] [INFO] [Component] Setting UNIT_light_dragon___NICKNAME_Oewex___98ec03bf-a1ca-412b-82b8-ad470ca90765 on to {"row":6,"column":10,"base_elevation":0,"spawn_region":"Right","unit":"UNIT_light_dragon___NICKNAME_Oewex___98ec03bf-a1ca-412b-82b8-ad470ca90765","layers":{"empty":false},"total_elevation":11}.
[2025-05-29 01:43:31] [INFO] [SpeedQueue] Added unit UNIT_light_dragon___NICKNAME_Oewex___98ec03bf-a1ca-412b-82b8-ad470ca90765 into queue
[2025-05-29 01:43:31] [INFO] [Component] Setting UNIT_water_dragon___NICKNAME_Aopy___816dbd4c-8c96-499d-9ed8-43c2d9ba4e2b on to {"row":4,"column":11,"base_elevation":0,"spawn_region":"Right","unit":"UNIT_water_dragon___NICKNAME_Aopy___816dbd4c-8c96-499d-9ed8-43c2d9ba4e2b","layers":{"empty":false},"total_elevation":11}.
[2025-05-29 01:43:31] [INFO] [SpeedQueue] Added unit UNIT_water_dragon___NICKNAME_Aopy___816dbd4c-8c96-499d-9ed8-43c2d9ba4e2b into queue
[2025-05-29 01:43:31] [INFO] [Component] Setting UNIT_dragon___NICKNAME_Pixere___2b1e9564-9e33-4c46-be48-93f59f0afb8f on to {"row":3,"column":10,"base_elevation":0,"spawn_region":"Right","unit":"UNIT_dragon___NICKNAME_Pixere___2b1e9564-9e33-4c46-be48-93f59f0afb8f","layers":{"empty":false},"total_elevation":11}.
[2025-05-29 01:43:31] [INFO] [SpeedQueue] Added unit UNIT_dragon___NICKNAME_Pixere___2b1e9564-9e33-4c46-be48-93f59f0afb8f into queue
[2025-05-29 01:43:31] [INFO] [EngineController] Started setting scene to MENU_SCENE
[2025-05-29 01:43:31] [INFO] [EngineController] Finished setting scene to MENU_SCENE
[2025-05-29 01:43:31] [INFO] [EngineController] Started setting scene to GAME_SCENE
[2025-05-29 01:43:31] [INFO] [FontPool] Started initializing FontPool
[2025-05-29 01:43:31] [INFO] [FontPool] ✅ Successfully loaded font: Lilian
[2025-05-29 01:43:31] [INFO] [EngineController] Finished setting scene to GAME_SCENE
[2025-05-29 01:43:31] [INFO] [AbilitySystem] Started updating {} because of ability
[2025-05-29 01:43:31] [INFO] [AbilitySystem] Finished update updating {} because of ability
[2025-05-29 01:43:31] [INFO] [AbilitySystem] Started updating {} because of ability
[2025-05-29 01:43:31] [INFO] [AbilitySystem] Finished update updating {} because of ability
[2025-05-29 01:43:31] [INFO] [AbilitySystem] Started updating {} because of ability
[2025-05-29 01:43:31] [INFO] [AbilitySystem] Finished update updating {} because of ability
[2025-05-29 01:43:31] [INFO] [AbilitySystem] Started updating {} because of ability
[2025-05-29 01:43:31] [INFO] [AbilitySystem] Finished update updating {} because of ability
[2025-05-29 01:43:31] [INFO] [AbilitySystem] Started updating {} because of ability
[2025-05-29 01:43:31] [INFO] [AbilitySystem] Finished update updating {} because of ability
[2025-05-29 01:43:31] [INFO] [AbilitySystem] Started updating {} because of ability
[2025-05-29 01:43:31] [INFO] [AbilitySystem] Finished update updating {} because of ability
[2025-05-29 01:43:31] [INFO] [AbilitySystem] Started updating {} because of ability
[2025-05-29 01:43:31] [INFO] [AbilitySystem] Finished update updating {} because of ability
[2025-05-29 01:43:31] [INFO] [AbilitySystem] Started updating {} because of ability
[2025-05-29 01:43:31] [INFO] [AbilitySystem] Finished update updating {} because of ability
[2025-05-29 01:43:31] [INFO] [AbilitySystem] Started updating {} because of ability
[2025-05-29 01:43:31] [INFO] [AbilitySystem] Finished update updating {} because of ability
[2025-05-29 01:43:31] [INFO] [AbilitySystem] Started updating {} because of ability
[2025-05-29 01:43:31] [INFO] [AbilitySystem] Finished update updating {} because of ability
[2025-05-29 01:43:32] [INFO] [SpeedQueue] Speed queue updated.
[2025-05-29 01:43:32] [INFO] [AbilityPanel] Updating ability selection for UNIT_fire_dragon___NICKNAME_Eeheu___7234383c-bbe3-4b22-b49d-fc1dc6f41218
[2025-05-29 01:43:32] [INFO] [AbilityPanel] Finished ability selection for UNIT_fire_dragon___NICKNAME_Eeheu___7234383c-bbe3-4b22-b49d-fc1dc6f41218
[2025-05-29 01:43:32] [INFO] [MovementPanel] Started update to Movement Information panel.
[2025-05-29 01:43:32] [INFO] [MovementPanel] Finished update to Movement Information panel.
[2025-05-29 01:43:32] [INFO] [TimeLinePanel] Started updating the timeline panel after turn order has changed.
[2025-05-29 01:43:32] [INFO] [TimeLinePanel] Finished updating the timeline panel after turn order has changed.
[2025-05-29 01:43:32] [INFO] [SelectedTilePanel] Checksum updated, getting units at selected tiles.
[2025-05-29 01:43:32] [INFO] [SelectedTilePanel] Either no unit selected or more than one unit selected
[2025-05-29 01:43:32] [INFO] [VisualsSystem] Started creating blurred background
[2025-05-29 01:43:32] [INFO] [VisualsSystem] Finished creating blurred background after 0.48397499322891235 seconds
[2025-05-29 01:43:32] [INFO] [AbilitySystem] Started updating {} because of ability
[2025-05-29 01:43:32] [INFO] [AbilitySystem] Finished update updating {} because of ability
[2025-05-29 01:43:32] [INFO] [AbilitySystem] Started updating {} because of ability
[2025-05-29 01:43:32] [INFO] [AbilitySystem] Finished update updating {} because of ability
[2025-05-29 01:43:32] [INFO] [AbilitySystem] Started updating {} because of ability
[2025-05-29 01:43:32] [INFO] [AbilitySystem] Finished update updating {} because of ability
[2025-05-29 01:43:32] [INFO] [AbilitySystem] Started updating {} because of ability
[2025-05-29 01:43:32] [INFO] [AbilitySystem] Finished update updating {} because of ability
[2025-05-29 01:43:32] [INFO] [AbilitySystem] Started updating {} because of ability
[2025-05-29 01:43:32] [INFO] [AbilitySystem] Finished update updating {} because of ability
[2025-05-29 01:43:32] [INFO] [AbilitySystem] Started updating {} because of ability
[2025-05-29 01:43:32] [INFO] [AbilitySystem] Finished update updating {} because of ability
[2025-05-29 01:43:32] [INFO] [AbilitySystem] Started updating {} because of ability
[2025-05-29 01:43:32] [INFO] [AbilitySystem] Finished update updating {} because of ability
[2025-05-29 01:43:32] [INFO] [AbilityPanel] Updating ability selection for UNIT_fire_dragon___NICKNAME_Eeheu___7234383c-bbe3-4b22-b49d-fc1dc6f41218
[2025-05-29 01:43:32] [INFO] [AbilityPanel] Finished ability selection for UNIT_fire_dragon___NICKNAME_Eeheu___7234383c-bbe3-4b22-b49d-fc1dc6f41218
[2025-05-29 01:43:32] [INFO] [MovementPanel] Started update to Movement Information panel.
[2025-05-29 01:43:32] [INFO] [MovementPanel] Finished update to Movement Information panel.
[2025-05-29 01:43:32] [INFO] [AbilitySystem] Started updating {} because of ability
[2025-05-29 01:43:32] [INFO] [AbilitySystem] Finished update updating {} because of ability
[2025-05-29 01:43:32] [INFO] [AbilitySystem] Started updating {} because of ability
[2025-05-29 01:43:32] [INFO] [AbilitySystem] Finished update updating {} because of ability
[2025-05-29 01:43:32] [INFO] [AbilitySystem] Started updating {} because of ability
[2025-05-29 01:43:32] [INFO] [AbilitySystem] Finished update updating {} because of ability
[2025-05-29 01:43:32] [INFO] [AbilitySystem] Started updating {} because of ability
[2025-05-29 01:43:32] [INFO] [AbilitySystem] Finished update updating {} because of ability
[2025-05-29 01:43:32] [INFO] [AbilitySystem] Started updating {} because of ability
[2025-05-29 01:43:32] [INFO] [AbilitySystem] Finished update updating {} because of ability
[2025-05-29 01:43:32] [INFO] [AbilitySystem] Started updating {} because of ability
[2025-05-29 01:43:32] [INFO] [AbilitySystem] Finished update updating {} because of ability
[2025-05-29 01:43:32] [INFO] [AbilitySystem] Started updating {} because of ability
[2025-05-29 01:43:32] [INFO] [AbilitySystem] Finished update updating {} because of ability
[2025-05-29 01:43:32] [INFO] [AbilitySystem] Started updating {} because of ability
[2025-05-29 01:43:32] [INFO] [AbilitySystem] Finished update updating {} because of ability
[2025-05-29 01:43:33] [INFO] [SelectedTilePanel] Checksum updated, getting units at selected tiles.
[2025-05-29 01