[2025-04-16 21:16:18] [INFO] [UnitTable] Started initializing UnitTable
[2025-04-16 21:16:18] [INFO] [EmeritusDatabase] Started initializing EmeritusDatabase
[2025-04-16 21:16:18] [INFO] [EmeritusDatabase] Finished initializing EmeritusDatabase
[2025-04-16 21:16:18] [INFO] [UnitTable] Successfully initialized UnitTable
[2025-04-16 21:16:18] [INFO] [UnitTable] Finished initializing UnitTable
[2025-04-16 21:16:18] [INFO] [AbilityTable] Started initializing AbilityTable
[2025-04-16 21:16:18] [INFO] [AbilityTable] Finished initializing AbilityTable
[2025-04-16 21:16:18] [INFO] [UserSaveStateManager] Started loading user save data
[2025-04-16 21:16:18] [INFO] [UserSaveStateManager] Finished loading user save data
[2025-04-16 21:16:18] [INFO] [AssetPool] Started initializing AssetPool
[2025-04-16 21:16:18] [INFO] [AssetNameSpace] Started loading Sprite's from ./res/graphics
[2025-04-16 21:16:18] [INFO] [AssetNameSpace] Finished reading files for sprites
[2025-04-16 21:16:18] [INFO] [AssetNameSpace] Finished loading ./res/graphics
[2025-04-16 21:16:18] [INFO] [AssetPool] Finished initializing AssetPool
[2025-04-16 21:16:19] [INFO] [Component] Setting dragon_Mypax_1a69c9c0-23e5-4ee9-ab58-0fc706a05e9d on to {"spawn_region":[],"collider":"","unit":"dragon_Mypax_1a69c9c0-23e5-4ee9-ab58-0fc706a05e9d","column":1,"row":3,"structure":"","height":0}.
[2025-04-16 21:16:19] [INFO] [SpeedQueue] Added unit enemy:Mypax into queue
[2025-04-16 21:16:19] [INFO] [Component] Setting fire_dragon_Cooy_100b806b-8d82-4ccf-8f67-5ffc49e64e65 on to {"spawn_region":[],"collider":"","unit":"fire_dragon_Cooy_100b806b-8d82-4ccf-8f67-5ffc49e64e65","column":1,"row":0,"structure":"","height":0}.
[2025-04-16 21:16:19] [INFO] [SpeedQueue] Added unit enemy:Cooy into queue
[2025-04-16 21:16:19] [INFO] [Component] Setting water_dragon_Peoaia_b8697f11-4e0c-40a8-bbb9-5455ddfe9e0b on to {"spawn_region":[],"collider":"","unit":"water_dragon_Peoaia_b8697f11-4e0c-40a8-bbb9-5455ddfe9e0b","column":2,"row":0,"structure":"","height":0}.
[2025-04-16 21:16:19] [INFO] [SpeedQueue] Added unit enemy:Peoaia into queue
[2025-04-16 21:16:19] [INFO] [Component] Setting water_dragon_Eizki_bdd58aba-e382-4062-add7-d6de97591afd on to {"spawn_region":[],"collider":"","unit":"water_dragon_Eizki_bdd58aba-e382-4062-add7-d6de97591afd","column":3,"row":1,"structure":"","height":0}.
[2025-04-16 21:16:19] [INFO] [SpeedQueue] Added unit enemy:Eizki into queue
[2025-04-16 21:16:19] [INFO] [Component] Setting earth_dragon_Rulpk_29696a3b-dd1b-49af-b807-e7bef1d8b8dc on to {"spawn_region":[],"collider":"","unit":"earth_dragon_Rulpk_29696a3b-dd1b-49af-b807-e7bef1d8b8dc","column":4,"row":4,"structure":"","height":0}.
[2025-04-16 21:16:19] [INFO] [SpeedQueue] Added unit enemy:Rulpk into queue
[2025-04-16 21:16:19] [INFO] [Component] Setting air_dragon_Qaqiih_87343a2e-c204-448e-a23e-e967576636c6 on to {"spawn_region":[],"collider":"","unit":"air_dragon_Qaqiih_87343a2e-c204-448e-a23e-e967576636c6","column":2,"row":3,"structure":"","height":0}.
[2025-04-16 21:16:19] [INFO] [SpeedQueue] Added unit user:Qaqiih into queue
[2025-04-16 21:16:19] [INFO] [Component] Setting dragon_Hyloer_604c970f-0806-48ff-b4d6-3b5a0c10913d on to {"spawn_region":[],"collider":"","unit":"dragon_Hyloer_604c970f-0806-48ff-b4d6-3b5a0c10913d","column":4,"row":2,"structure":"","height":0}.
[2025-04-16 21:16:19] [INFO] [SpeedQueue] Added unit user:Hyloer into queue
[2025-04-16 21:16:19] [INFO] [EngineController] Started setting scene to MENU_SCENE
[2025-04-16 21:16:19] [INFO] [EngineController] Finished setting scene to MENU_SCENE
[2025-04-16 21:16:19] [INFO] [EngineController] Started setting scene to MAP_EDITOR_SCENE
[2025-04-16 21:16:19] [INFO] [FontPool] Started initializing FontPool
[2025-04-16 21:16:19] [INFO] [FontPool] ✅ Successfully loaded font: Lilian
[2025-04-16 21:16:19] [INFO] [MapEditorScene] Starting to create new GameController!
[2025-04-16 21:16:19] [INFO] [MapEditorScene] Successfully created new GameController!
[2025-04-16 21:16:19] [INFO] [EngineController] Finished setting scene to MAP_EDITOR_SCENE
[2025-04-16 21:16:19] [INFO] [InputHandler] Gliding 0 camera to new tile 10_12_616f53b0-86d8-4c7c-8450-d5ce15cc5e0f
[2025-04-16 21:16:19] [INFO] [TimeLinePanel] Started updating the timeline panel after turn order has changed.
[2025-04-16 21:16:19] [INFO] [TimeLinePanel] Finished updating the timeline panel after turn order has changed.
[2025-04-16 21:16:19] [INFO] [SelectedTilePanel] Checksum updated, getting units at selected tiles.
[2025-04-16 21:16:19] [INFO] [SelectedTilePanel] Either no unit selected or more than one unit selected
[2025-04-16 21:16:19] [INFO] [VisualsSystem] Started creating blurred background
[2025-04-16 21:16:20] [INFO] [VisualsSystem] Finished creating blurred background after 0.4932118356227875 seconds
[2025-04-16 21:16:20] [INFO] [MapEditorScene] Updated hoveredTilePanes 903,136
[2025-04-16 21:16:20] [INFO] [MapEditorScene] Updated hoveredTilePanes 869,151
[2025-04-16 21:16:20] [INFO] [MapEditorScene] Updated hoveredTilePanes 830,169
[2025-04-16 21:16:20] [INFO] [MapEditorScene] Updated hoveredTilePanes 791,187
[2025-04-16 21:16:20] [INFO] [MapEditorScene] Updated hoveredTilePanes 772,196
[2025-04-16 21:16:20] [INFO] [MapEditorScene] Updated hoveredTilePanes 738,211
[2025-04-16 21:16:20] [INFO] [MapEditorScene] Updated hoveredTilePanes 708,227
[2025-04-16 21:16:20] [INFO] [MapEditorScene] Updated hoveredTilePanes 683,240
[2025-04-16 21:16:20] [INFO] [MapEditorScene] Updated hoveredTilePanes 657,253
[2025-04-16 21:16:20] [INFO] [MapEditorScene] Updated hoveredTilePanes 635,263
[2025-04-16 21:16:20] [INFO] [MapEditorScene] Updated hoveredTilePanes 617,274
[2025-04-16 21:16:20] [INFO] [MapEditorScene] Updated hoveredTilePanes 602,282
[2025-04-16 21:16:20] [INFO] [MapEditorScene] Updated hoveredTilePanes 589,290
[2025-04-16 21:16:20] [INFO] [MapEditorScene] Updated hoveredTilePanes 577,297
[2025-04-16 21:16:20] [INFO] [MapEditorScene] Updated hoveredTilePanes 566,303
[2025-04-16 21:16:20] [INFO] [MapEditorScene] Updated hoveredTilePanes 563,305
[2025-04-16 21:16:20] [INFO] [MapEditorScene] Updated hoveredTilePanes 556,312
[2025-04-16 21:16:20] [INFO] [MapEditorScene] Updated hoveredTilePanes 548,317
[2025-04-16 21:16:20] [INFO] [MapEditorScene] Updated hoveredTilePanes 543,321
[2025-04-16 21:16:20] [INFO] [MapEditorScene] Updated hoveredTilePanes 539,324
[2025-04-16 21:16:20] [INFO] [MapEditorScene] Updated hoveredTilePanes 535,328
[2025-04-16 21:16:20] [INFO] [MapEditorScene] Updated hoveredTilePanes 533,330
[2025-04-16 21:16:20] [INFO] [MapEditorScene] Updated hoveredTilePanes 530,333
[2025-04-16 21:16:20] [INFO] [MapEditorScene] Updated hoveredTilePanes 528,334
[2025-04-16 21:16:20] [INFO] [MapEditorScene] Updated hoveredTilePanes 527,335
[2025-04-16 21:16:20] [INFO] [MapEditorScene] Updated hoveredTilePanes 527,336
[2025-04-16 21:16:20] [INFO] [MapEditorScene] Updated hoveredTilePanes 526,337
[2025-04-16 21:16:20] [INFO] [MapEditorScene] Updated hoveredTilePanes 526,338
[2025-04-16 21:16:20] [INFO] [MapEditorScene] Updated hoveredTilePanes 525,338
[2025-04-16 21:16:20] [INFO] [MapEditorScene] Updated hoveredTilePanes 525,339
[2025-04-16 21:16:21] [INFO] [MapEditorScene] Updated hoveredTilePanes 526,338
[2025-04-16 21:16:21] [INFO] [MapEditorScene] Updated hoveredTilePanes 528,336
[2025-04-16 21:16:21] [INFO] [MapEditorScene] Updated hoveredTilePanes 530,333
[2025-04-16 21:16:21] [INFO] [MapEditorScene] Updated hoveredTilePanes 532,331
[2025-04-16 21:16:21] [INFO] [MapEditorScene] Updated hoveredTilePanes 535,327
[2025-04-16 21:16:21] [INFO] [MapEditorScene] Updated hoveredTilePanes 542,319
[2025-04-16 21:16:21] [INFO] [MapEditorScene] Updated hoveredTilePanes 546,314
[2025-04-16 21:16:21] [INFO] [MapEditorScene] Updated hoveredTilePanes 550,308
[2025-04-16 21:16:21] [INFO] [MapEditorScene] Updated hoveredTilePanes 555,301
[2025-04-16 21:16:21] [INFO] [MapEditorScene] Updated hoveredTilePanes 558,297
[2025-04-16 21:16:21] [INFO] [MapEditorScene] Updated hoveredTilePanes 561,292
[2025-04-16 21:16:21] [INFO] [MapEditorScene] Updated hoveredTilePanes 564,288
[2025-04-16 21:16:21] [INFO] [MapEditorScene] Updated hoveredTilePanes 566,283
[2025-04-16 21:16:21] [INFO] [MapEditorScene] Updated hoveredTilePanes 567,279
[2025-04-16 21:16:21] [INFO] [MapEditorScene] Updated hoveredTilePanes 568,275
[2025-04-16 21:16:21] [INFO] [MapEditorScene] Updated hoveredTilePanes 569,271
[2025-04-16 21:16:21] [INFO] [MapEditorScene] Updated hoveredTilePanes 570,269
[2025-04-16 21:16:21] [INFO] [MapEditorScene] Updated hoveredTilePanes 571,267
[2025-04-16 21:16:21] [INFO] [MapEditorScene] Updated hoveredTilePanes 571,265
[2025-04-16 21:16:21] [INFO] [MapEditorScene] Updated hoveredTilePanes 571,263
[2025-04-16 21:16:21] [INFO] [MapEditorScene] Updated hoveredTilePanes 571,262
[2025-04-16 21:16:21] [INFO] [MapEditorScene] Updated hoveredTilePanes 571,260
[2025-04-16 21:16:21] [INFO] [MapEditorScene] Updated hoveredTilePanes 571,259
[2025-04-16 21:16:21] [INFO] [MapEditorScene] Updated hoveredTilePanes 571,258
[2025-04-16 21:16:21] [INFO] [MapEditorScene] Updated hoveredTilePanes 571,256
[2025-04-16 21:16:21] [INFO] [MapEditorScene] Updated hoveredTilePanes 571,255
[2025-04-16 21:16:21] [INFO] [MapEditorScene] Updated hoveredTilePanes 571,253
[2025-04-16 21:16:21] [INFO] [MapEditorScene] Updated hoveredTilePanes 571,252
[2025-04-16 21:16:21] [INFO] [MapEditorScene] Updated hoveredTilePanes 569,250
[2025-04-16 21:16:21] [INFO] [MapEditorScene] Updated hoveredTilePanes 568,248
[2025-04-16 21:16:21] [INFO] [MapEditorScene] Updated hoveredTilePanes 565,246
[2025-04-16 21:16:21] [INFO] [MapEditorScene] Updated hoveredTilePanes 564,242
[2025-04-16 21:16:21] [INFO] [MapEditorScene] Updated hoveredTilePanes 561,240
[2025-04-16 21:16:21] [INFO] [MapEditorScene] Updated hoveredTilePanes 559,238
[2025-04-16 21:16:21] [INFO] [MapEditorScene] Updated hoveredTilePanes 556,234
[2025-04-16 21:16:21] [INFO] [MapEditorScene] Updated hoveredTilePanes 554,231
[2025-04-16 21:16:21] [INFO] [MapEditorScene] Updated hoveredTilePanes 551,227
[2025-04-16 21:16:21] [INFO] [MapEditorScene] Updated hoveredTilePanes 548,225
[2025-04-16 21:16:21] [INFO] [MapEditorScene] Updated hoveredTilePanes 544,221
[2025-04-16 21:16:21] [INFO] [MapEditorScene] Updated hoveredTilePanes 542,219
[2025-04-16 21:16:21] [INFO] [MapEditorScene] Updated hoveredTilePanes 538,216
[2025-04-16 21:16:21] [INFO] [MapEditorScene] Updated hoveredTilePanes 534,212
[2025-04-16 21:16:21] [INFO] [MapEditorScene] Updated hoveredTilePanes 530,209
[2025-04-16 21:16:21] [INFO] [MapEditorScene] Updated hoveredTilePanes 526,205
[2025-04-16 21:16:21] [INFO] [MapEditorScene] Updated hoveredTilePanes 516,200
[2025-04-16 21:16:21] [INFO] [MapEditorScene] Updated hoveredTilePanes 514,198
[2025-04-16 21:16:21] [INFO] [MapEditorScene] Updated hoveredTilePanes 509,196
[2025-04-16 21:16:21] [INFO] [MapEditorScene] Updated hoveredTilePanes 500,189
[2025-04-16 21:16:21] [INFO] [MapEditorScene] Updated hoveredTilePanes 496,187
[2025-04-16 21:16:21] [INFO] [MapEditorScene] Updated hoveredTilePanes 490,185
[2025-04-16 21:16:21] [INFO] [MapEditorScene] Updated hoveredTilePanes 485,182
[2025-04-16 21:16:21] [INFO] [MapEditorScene] Updated hoveredTilePanes 480,179
[2025-04-16 21:16:21] [INFO] [MapEditorScene] Updated hoveredTilePanes 469,173
[2025-04-16 21:16:21] [INFO] [MapEditorScene] Updated hoveredTilePanes 467,172
[2025-04-16 21:16:21] [INFO] [MapEditorScene] Updated hoveredTilePanes 456,167
[2025-04-16 21:16:21] [INFO] [MapEditorScene] Updated hoveredTilePanes 451,164
[2025-04-16 21:16:21] [INFO] [MapEditorScene] Updated hoveredTilePanes 444,160
[2025-04-16 21:16:21] [INFO] [MapEditorScene] Updated hoveredTilePanes 437,155
[2025-04-16 21:16:21] [INFO] [MapEditorScene] Updated hoveredTilePanes 430,152
[2025-04-16 21:16:21] [INFO] [MapEditorScene] Updated hoveredTilePanes 424,149
[2025-04-16 21:16:21] [INFO] [MapEditorScene] Updated hoveredTilePanes 420,146
[2025-04-16 21:16:21] [INFO] [MapEditorScene] Updated hoveredTilePanes 413,144
[2025-04-16 21:16:21] [INFO] [MapEditorScene] Updated hoveredTilePanes 406,139
[2025-04-16 21:16:21] [INFO] [MapEditorScene] Updated hoveredTilePanes 401,137
[2025-04-16 21:16:21] [INFO] [MapEditorScene] Updated hoveredTilePanes 394,133
[2025-04-16 21:16:21] [INFO] [MapEditorScene] Updated hoveredTilePanes 389,130
[2025-04-16 21:16:21] [INFO] [MapEditorScene] Updated hoveredTilePanes 380,125
[2025-04-16 21:16:21] [INFO] [MapEditorScene] Updated hoveredTilePanes 376,123
[2025-04-16 21:16:21] [INFO] [MapEditorScene] Updated hoveredTilePanes 367,118
[2025-04-16 21:16:21] [INFO] [MapEditorScene] Updated hoveredTilePanes 361,113
[2025-04-16 21:16:21] [INFO] [MapEditorScene] Updated hoveredTilePanes 354,110
[2025-04-16 21:16:21] [INFO] [MapEditorScene] Updated hoveredTilePanes 348,107
[2025-04-16 21:16:21] [INFO] [MapEditorScene] Updated hoveredTilePanes 341,103
[2025-04-16 21:16:21] [INFO] [MapEditorScene] Updated hoveredTilePanes 335,100
[2025-04-16 21:16:21] [INFO] [MapEditorScene] Updated hoveredTilePanes 326,96
[2025-04-16 21:16:21] [INFO] [MapEditorScene] Updated hoveredTilePanes 319,93
[2025-04-16 21:16:21] [INFO] [MapEditorScene] Updated hoveredTilePanes 310,89
[2025-04-16 21:16:21] [INFO] [MapEditorScene] Updated hoveredTilePanes 302,87
[2025-04-16 21:16:21] [INFO] [MapEditorScene] Updated hoveredTilePanes 293,84
[2025-04-16 21:16:21] [INFO] [MapEditorScene] Updated hoveredTilePanes 284,82
[2025-04-16 21:16:21] [INFO] [MapEditorScene] Updated hoveredTilePanes 273,79
[2025-04-16 21:16:21] [INFO] [MapEditorScene] Updated hoveredTilePanes 262,76
[2025-04-16 21:16:21] [INFO] [MapEditorScene] Updated hoveredTilePanes 248,75
[2025-04-16 21:16:21] [INFO] [MapEditorScene] Updated hoveredTilePanes 234,71
[2025-04-16 21:16:21] [INFO] [MapEditorScene] Updated hoveredTilePanes 220,70
[2025-04-16 21:16:21] [INFO] [MapEditorScene] Updated hoveredTilePanes 206,68
[2025-04-16 21:16:21] [INFO] [MapEditorScene] Updated hoveredTilePanes 192,65
[2025-04-16 21:16:21] [INFO] [MapEditorScene] Updated hoveredTilePanes 181,62
[2025-04-16 21:16:21] [INFO] [MapEditorScene] Updated hoveredTilePanes 176,62
[2025-04-16 21:16:21] [INFO] [MapEditorScene] Updated hoveredTilePanes 168,60
[2025-04-16 21:16:21] [INFO] [MapEditorScene] Updated hoveredTilePanes 159,59
[2025-04-16 21:16:21] [INFO] [MapEditorScene] Updated hoveredTilePanes 152,58
[2025-04-16 21:16:21] [INFO] [MapEditorScene] Updated hoveredTilePanes 147,57
[2025-04-16 21:16:21] [INFO] [MapEditorScene] Updated hoveredTilePanes 144,57
[2025-04-16 21:16:21] [INFO] [MapEditorScene] Updated hoveredTilePanes 139,56
[2025-04-16 21:16:22] [INFO] [MapEditorScene] Updated hoveredTilePanes 138,56
[2025-04-16 21:16:22] [INFO] [MapEditorScene] Updated hoveredTilePanes 135,56
[2025-04-16 21:16:22] [INFO] [MapEditorScene] Updated hoveredTilePanes 128,55
[2025-04-16 21:16:22] [INFO] [MapEditorScene] Updated hoveredTilePanes 124,54
[2025-04-16 21:16:22] [INFO] [MapEditorScene] Updated hoveredTilePanes 120,53
[2025-04-16 21:16:22] [INFO] [MapEditorScene] Updated hoveredTilePanes 114,51
[2025-04-16 21:16:22] [INFO] [MapEditorScene] Updated hoveredTilePanes 109,49
[2025-04-16 21:16:22] [INFO] [MapEditorScene] Updated hoveredTilePanes 102,46
[2025-04-16 21:16:22] [INFO] [MapEditorScene] Updated hoveredTilePanes 98,45
[2025-04-16 21:16:22] [INFO] [MapEditorScene] Updated hoveredTilePanes 93,43
[2025-04-16 21:16:22] [INFO] [MapEditorScene] Updated hoveredTilePanes 88,41
[2025-04-16 21:16:22] [INFO] [MapEditorScene] Updated hoveredTilePanes 83,38
[2025-04-16 21:16:22] [INFO] [MapEditorScene] Updated hoveredTilePanes 80,37
[2025-04-16 21:16:22] [INFO] [MapEditorScene] Updated hoveredTilePanes 75,35
[2025-04-16 21:16:22] [INFO] [MapEditorScene] Updated hoveredTilePanes 72,34
[2025-04-16 21:16:22] [INFO] [MapEditorScene] Updated hoveredTilePanes 70,33
[2025-04-16 21:16:22] [INFO] [MapEditorScene] Updated hoveredTilePanes 67,31
[2025-04-16 21:16:22] [INFO] [MapEditorScene] Updated hoveredTilePanes 65,30
[2025-04-16 21:16:22] [INFO] [MapEditorScene] Updated hoveredTilePanes 63,29
[2025-04-16 21:16:22] [INFO] [MapEditorScene] Updated hoveredTilePanes 59,28
[2025-04-16 21:16:22] [INFO] [MapEditorScene] Updated hoveredTilePanes 57,28
[2025-04-16 21:16:22] [INFO] [MapEditorScene] Updated hoveredTilePanes 56,27
[2025-04-16 21:16:22] [INFO] [MapEditorScene] Updated hoveredTilePanes 54,27
[2025-04-16 21:16:22] [INFO] [MapEditorScene] Updated hoveredTilePanes 52,26
[2025-04-16 21:16:22] [INFO] [MapEditorScene] Updated hoveredTilePanes 51,25
[2025-04-16 21:16:22] [INFO] [MapEditorScene] Updated hoveredTilePanes 49,25
[2025-04-16 21:16:22] [INFO] [MapEditorScene] Updated hoveredTilePanes 48,24
[2025-04-16 21:16:22] [INFO] [MapEditorScene] Updated hoveredTilePanes 47,24
[2025-04-16 21:16:22] [INFO] [MapEditorScene] Updated hoveredTilePanes 46,23
[2025-04-16 21:16:22] [INFO] [MapEditorScene] Updated hoveredTilePanes 45,23
[2025-04-16 21:16:22] [INFO] [MapEditorScene] Updated hoveredTilePanes 44,22
[2025-04-16 21:16:22] [INFO] [MapEditorScene] Updated hoveredTilePanes 43,22
[2025-04-16 21:16:22] [INFO] [MapEditorScene] Updated hoveredTilePanes 42,21
[2025-04-16 21:16:22] [INFO] [MapEditorScene] Updated hoveredTilePanes 41,21
[2025-04-16 21:16:22] [INFO] [MapEditorScene] Updated hoveredTilePanes 40,20
[2025-04-16 21:16:22] [INFO] [MapEditorScene] Updated hoveredTilePanes 39,19
[2025-04-16 21:16:22] [INFO] [MapEditorScene] Updated hoveredTilePanes 38,19
[2025-04-16 21:16:22] [INFO] [MapEditorScene] Updated hoveredTilePanes 36,18
[2025-04-16 21:16:22] [INFO] [MapEditorScene] Updated hoveredTilePanes 34,17
[2025-04-16 21:16:22] [INFO] [MapEditorScene] Updated hoveredTilePanes 33,16
[2025-04-16 21:16:22] [INFO] [MapEditorScene] Updated hoveredTilePanes 32,15
[2025-04-16 21:16:22] [INFO] [MapEditorScene] Updated hoveredTilePanes 31,14
[2025-04-16 21:16:22] [INFO] [MapEditorScene] Updated hoveredTilePanes 30,14
[2025-04-16 21:16:22] [INFO] [MapEditorScene] Updated hoveredTilePanes 29,13
[2025-04-16 21:16:22] [INFO] [MapEditorScene] Updated hoveredTilePanes 28,12
[2025-04-16 21:16:22] [INFO] [MapEditorScene] Updated hoveredTilePanes 27,12
[2025-04-16 21:16:22] [INFO] [MapEditorScene] Updated hoveredTilePanes 27,11
[2025-04-16 21:16:22] [INFO] [MapEditorScene] Updated hoveredTilePanes 26,11
[2025-04-16 21:16:22] [INFO] [MapEditorScene] Updated hoveredTilePanes 25,10
[2025-04-16 21:16:22] [INFO] [MapEditorScene] Updated hoveredTilePanes 24,9
[2025-04-16 21:16:22] [INFO] [MapEditorScene] Updated hoveredTilePanes 23,9
[2025-04-16 21:16:22] [INFO] [MapEditorScene] Updated hoveredTilePanes 22,8
[2025-04-16 21:16:22] [INFO] [MapEditorScene] Updated hoveredTilePanes 21,7
[2025-04-16 21:16:22] [INFO] [MapEditorScene] Updated hoveredTilePanes 20,7
[2025-04-16 21:16:22] [INFO] [MapEditorScene] Updated hoveredTilePanes 19,6
[2025-04-16 21:16:22] [INFO] [MapEditorScene] Updated hoveredTilePanes 19,5
[2025-04-16 21:16:22] [INFO] [MapEditorScene] Updated hoveredTilePanes 18,5
[2025-04-16 21:16:22] [INFO] [MapEditorScene] Updated hoveredTilePanes 18,4
[2025-04-16 21:16:22] [INFO] [MapEditorScene] Updated hoveredTilePanes 17,4
[2025-04-16 21:16:22] [INFO] [MapEditorScene] Updated hoveredTilePanes 17,3
[2025-04-16 21:16:22] [INFO] [MapEditorScene] Updated hoveredTilePanes 16,3
[2025-04-16 21:16:22] [INFO] [MapEditorScene] Updated hoveredTilePanes 16,2
[2025-04-16 21:16:22] [INFO] [MapEditorScene] Updated hoveredTilePanes 16,1
[2025-04-16 21:16:22] [INFO] [MapEditorScene] Updated hoveredTilePanes 15,1
[2025-04-16 21:16:22] [INFO] [MapEditorScene] Updated hoveredTilePanes 15,0
