[2025-05-26 00:52:05] [INFO] [UnitTable] Started initializing UnitTable
[2025-05-26 00:52:05] [INFO] [EmeritusDatabase] Started initializing EmeritusDatabase
[2025-05-26 00:52:05] [INFO] [EmeritusDatabase] Finished initializing EmeritusDatabase
[2025-05-26 00:52:05] [INFO] [UnitTable] Successfully initialized UnitTable
[2025-05-26 00:52:05] [INFO] [UnitTable] Finished initializing UnitTable
[2025-05-26 00:52:05] [INFO] [AbilityTable] Started initializing AbilityTable
[2025-05-26 00:52:05] [INFO] [AbilityTable] Finished initializing AbilityTable
[2025-05-26 00:52:05] [INFO] [UserSaveStateManager] Started loading user save data
[2025-05-26 00:52:05] [INFO] [UserSaveStateManager] Finished loading user save data
[2025-05-26 00:52:05] [INFO] [AssetPool] Started initializing AssetPool
[2025-05-26 00:52:05] [INFO] [AssetNameSpace] Started loading Sprite's from ./res/graphics
[2025-05-26 00:52:05] [INFO] [AssetNameSpace] Finished reading files for sprites
[2025-05-26 00:52:05] [INFO] [AssetNameSpace] Finished loading ./res/graphics
[2025-05-26 00:52:05] [INFO] [AssetPool] Finished initializing AssetPool
[2025-05-26 00:52:05] [INFO] [Component] Setting UNIT_dragon___NICKNAME_Muyr___a781b7a3-e85b-4f05-bd1f-7e24a7ceb4b7 on to {"row":3,"column":0,"base_elevation":-3,"spawn_region":"Left","unit":"UNIT_dragon___NICKNAME_Muyr___a781b7a3-e85b-4f05-bd1f-7e24a7ceb4b7","layers":{"empty":false},"total_elevation":3}.
[2025-05-26 00:52:05] [INFO] [SpeedQueue] Added unit UNIT_dragon___NICKNAME_Muyr___a781b7a3-e85b-4f05-bd1f-7e24a7ceb4b7 into queue
[2025-05-26 00:52:05] [INFO] [Component] Setting UNIT_dragon___NICKNAME_Noxyp___f98f75c3-b9b1-4263-8dd5-ad7da90deaf7 on to {"row":5,"column":0,"base_elevation":-3,"spawn_region":"Left","unit":"UNIT_dragon___NICKNAME_Noxyp___f98f75c3-b9b1-4263-8dd5-ad7da90deaf7","layers":{"empty":false},"total_elevation":3}.
[2025-05-26 00:52:05] [INFO] [SpeedQueue] Added unit UNIT_dragon___NICKNAME_Noxyp___f98f75c3-b9b1-4263-8dd5-ad7da90deaf7 into queue
[2025-05-26 00:52:05] [INFO] [Component] Setting UNIT_air_dragon___NICKNAME_Xuna___db414013-a025-4682-bfa2-640f061a8c29 on to {"row":6,"column":0,"base_elevation":-3,"spawn_region":"Left","unit":"UNIT_air_dragon___NICKNAME_Xuna___db414013-a025-4682-bfa2-640f061a8c29","layers":{"empty":false},"total_elevation":4}.
[2025-05-26 00:52:05] [INFO] [SpeedQueue] Added unit UNIT_air_dragon___NICKNAME_Xuna___db414013-a025-4682-bfa2-640f061a8c29 into queue
[2025-05-26 00:52:05] [INFO] [Component] Setting UNIT_air_dragon___NICKNAME_Gowq___9b964848-8a07-4c8f-8fd5-c3e50e9b8bd3 on to {"row":0,"column":1,"base_elevation":-3,"spawn_region":"Left","unit":"UNIT_air_dragon___NICKNAME_Gowq___9b964848-8a07-4c8f-8fd5-c3e50e9b8bd3","layers":{"empty":false},"total_elevation":3}.
[2025-05-26 00:52:05] [INFO] [SpeedQueue] Added unit UNIT_air_dragon___NICKNAME_Gowq___9b964848-8a07-4c8f-8fd5-c3e50e9b8bd3 into queue
[2025-05-26 00:52:05] [INFO] [Component] Setting UNIT_earth_dragon___NICKNAME_Kabp___5419b8d5-c5ac-49dc-8d85-fe7fe6461eb4 on to {"row":8,"column":1,"base_elevation":-3,"spawn_region":"Left","unit":"UNIT_earth_dragon___NICKNAME_Kabp___5419b8d5-c5ac-49dc-8d85-fe7fe6461eb4","layers":{"empty":false},"total_elevation":5}.
[2025-05-26 00:52:05] [INFO] [SpeedQueue] Added unit UNIT_earth_dragon___NICKNAME_Kabp___5419b8d5-c5ac-49dc-8d85-fe7fe6461eb4 into queue
[2025-05-26 00:52:05] [INFO] [Component] Setting UNIT_dark_dragon___NICKNAME_Gazra___51d9e6cc-e14f-4adb-8e1c-dfcab17b1550 on to {"row":3,"column":8,"base_elevation":-3,"spawn_region":"Right","unit":"UNIT_dark_dragon___NICKNAME_Gazra___51d9e6cc-e14f-4adb-8e1c-dfcab17b1550","layers":{"empty":false},"total_elevation":3}.
[2025-05-26 00:52:05] [INFO] [SpeedQueue] Added unit UNIT_dark_dragon___NICKNAME_Gazra___51d9e6cc-e14f-4adb-8e1c-dfcab17b1550 into queue
[2025-05-26 00:52:05] [INFO] [Component] Setting UNIT_air_dragon___NICKNAME_Aiseta___27c856d4-e7ea-4751-90d2-0137c41e7150 on to {"row":3,"column":9,"base_elevation":-3,"spawn_region":"Right","unit":"UNIT_air_dragon___NICKNAME_Aiseta___27c856d4-e7ea-4751-90d2-0137c41e7150","layers":{"empty":false},"total_elevation":3}.
[2025-05-26 00:52:05] [INFO] [SpeedQueue] Added unit UNIT_air_dragon___NICKNAME_Aiseta___27c856d4-e7ea-4751-90d2-0137c41e7150 into queue
[2025-05-26 00:52:05] [INFO] [Component] Setting UNIT_dragon___NICKNAME_Byuug___8af11150-5462-4ee3-a575-d6941c5f7271 on to {"row":8,"column":8,"base_elevation":-3,"spawn_region":"Right","unit":"UNIT_dragon___NICKNAME_Byuug___8af11150-5462-4ee3-a575-d6941c5f7271","layers":{"empty":false},"total_elevation":5}.
[2025-05-26 00:52:05] [INFO] [SpeedQueue] Added unit UNIT_dragon___NICKNAME_Byuug___8af11150-5462-4ee3-a575-d6941c5f7271 into queue
[2025-05-26 00:52:05] [INFO] [Component] Setting UNIT_earth_dragon___NICKNAME_Pevno___941f5497-9f73-4e22-bb27-d0d8cae7ab6e on to {"row":5,"column":8,"base_elevation":-3,"spawn_region":"Right","unit":"UNIT_earth_dragon___NICKNAME_Pevno___941f5497-9f73-4e22-bb27-d0d8cae7ab6e","layers":{"empty":false},"total_elevation":5}.
[2025-05-26 00:52:05] [INFO] [SpeedQueue] Added unit UNIT_earth_dragon___NICKNAME_Pevno___941f5497-9f73-4e22-bb27-d0d8cae7ab6e into queue
[2025-05-26 00:52:05] [INFO] [Component] Setting UNIT_earth_dragon___NICKNAME_Kenula___31660537-6ac9-4f15-9945-5de73a0ee316 on to {"row":0,"column":8,"base_elevation":-3,"spawn_region":"Right","unit":"UNIT_earth_dragon___NICKNAME_Kenula___31660537-6ac9-4f15-9945-5de73a0ee316","layers":{"empty":false},"total_elevation":3}.
[2025-05-26 00:52:05] [INFO] [SpeedQueue] Added unit UNIT_earth_dragon___NICKNAME_Kenula___31660537-6ac9-4f15-9945-5de73a0ee316 into queue
[2025-05-26 00:52:05] [INFO] [EngineController] Started setting scene to MENU_SCENE
[2025-05-26 00:52:05] [INFO] [EngineController] Finished setting scene to MENU_SCENE
[2025-05-26 00:52:05] [INFO] [EngineController] Started setting scene to MAP_EDITOR_SCENE
[2025-05-26 00:52:05] [INFO] [FontPool] Started initializing FontPool
[2025-05-26 00:52:05] [INFO] [FontPool] ✅ Successfully loaded font: Lilian
[2025-05-26 00:52:05] [INFO] [MapEditorScene] Starting to create new GameController!
[2025-05-26 00:52:05] [INFO] [MapEditorScene] Successfully created new GameController!
[2025-05-26 00:52:06] [INFO] [EngineController] Finished setting scene to MAP_EDITOR_SCENE
[2025-05-26 00:52:06] [INFO] [EngineController] Started setting scene to GAME_SCENE
[2025-05-26 00:52:06] [INFO] [EngineController] Finished setting scene to GAME_SCENE
[2025-05-26 00:52:06] [INFO] [AbilitySystem] Started updating {} because of ability
[2025-05-26 00:52:06] [INFO] [AbilitySystem] Finished update updating {} because of ability
[2025-05-26 00:52:06] [INFO] [AbilitySystem] Started updating {} because of ability
[2025-05-26 00:52:06] [INFO] [AbilitySystem] Finished update updating {} because of ability
[2025-05-26 00:52:06] [INFO] [AbilitySystem] Started updating {} because of ability
[2025-05-26 00:52:06] [INFO] [AbilitySystem] Finished update updating {} because of ability
[2025-05-26 00:52:06] [INFO] [AbilitySystem] Started updating {} because of ability
[2025-05-26 00:52:06] [INFO] [AbilitySystem] Finished update updating {} because of ability
[2025-05-26 00:52:06] [INFO] [AbilitySystem] Started updating {} because of ability
[2025-05-26 00:52:06] [INFO] [AbilitySystem] Finished update updating {} because of ability
[2025-05-26 00:52:06] [INFO] [AbilitySystem] Started updating {} because of ability
[2025-05-26 00:52:06] [INFO] [AbilitySystem] Finished update updating {} because of ability
[2025-05-26 00:52:06] [INFO] [AbilitySystem] Started updating {} because of ability
[2025-05-26 00:52:06] [INFO] [AbilitySystem] Finished update updating {} because of ability
[2025-05-26 00:52:06] [INFO] [AbilitySystem] Started updating {} because of ability
[2025-05-26 00:52:06] [INFO] [AbilitySystem] Finished update updating {} because of ability
[2025-05-26 00:52:06] [INFO] [AbilitySystem] Started updating {} because of ability
[2025-05-26 00:52:06] [INFO] [AbilitySystem] Finished update updating {} because of ability
[2025-05-26 00:52:06] [INFO] [AbilitySystem] Started updating {} because of ability
[2025-05-26 00:52:06] [INFO] [AbilitySystem] Finished update updating {} because of ability
[2025-05-26 00:52:06] [INFO] [SpeedQueue] Speed queue updated.
[2025-05-26 00:52:06] [INFO] [AbilityPanel] Updating ability selection for UNIT_air_dragon___NICKNAME_Xuna___db414013-a025-4682-bfa2-640f061a8c29
[2025-05-26 00:52:06] [INFO] [AbilityPanel] Finished ability selection for UNIT_air_dragon___NICKNAME_Xuna___db414013-a025-4682-bfa2-640f061a8c29
[2025-05-26 00:52:06] [INFO] [MovementPanel] Started update to Movement Information panel.
[2025-05-26 00:52:06] [INFO] [MovementPanel] Finished update to Movement Information panel.
[2025-05-26 00:52:06] [INFO] [TimeLinePanel] Started updating the timeline panel after turn order has changed.
[2025-05-26 00:52:06] [INFO] [TimeLinePanel] Finished updating the timeline panel after turn order has changed.
[2025-05-26 00:52:06] [INFO] [SelectedTilePanel] Checksum updated, getting units at selected tiles.
[2025-05-26 00:52:06] [INFO] [SelectedTilePanel] Either no unit selected or more than one unit selected
[2025-05-26 00:52:06] [INFO] [VisualsSystem] Started creating blurred background
[2025-05-26 00:52:07] [INFO] [VisualsSystem] Finished creating blurred background after 0.48968037962913513 seconds
[2025-05-26 00:52:07] [INFO] [AbilitySystem] Started updating {} because of ability
[2025-05-26 00:52:07] [INFO] [AbilitySystem] Finished update updating {} because of ability
[2025-05-26 00:52:07] [INFO] [AbilitySystem] Started updating {} because of ability
[2025-05-26 00:52:07] [INFO] [AbilitySystem] Finished update updating {} because of ability
[2025-05-26 00:52:07] [INFO] [AbilitySystem] Started updating {} because of ability
[2025-05-26 00:52:07] [INFO] [AbilitySystem] Finished update updating {} because of ability
[2025-05-26 00:52:07] [INFO] [AbilitySystem] Started updating {} because of ability
[2025-05-26 00:52:07] [INFO] [AbilitySystem] Finished update updating {} because of ability
[2025-05-26 00:52:07] [INFO] [AbilitySystem] Started updating {} because of ability
[2025-05-26 00:52:07] [INFO] [AbilitySystem] Finished update updating {} because of ability
[2025-05-26 00:52:07] [INFO] [AbilitySystem] Started updating {} because of ability
[2025-05-26 00:52:07] [INFO] [AbilitySystem] Finished update updating {} because of ability
[2025-05-26 00:52:07] [INFO] [AbilitySystem] Started updating {} because of ability
[2025-05-26 00:52:07] [INFO] [AbilitySystem] Finished update updating {} because of ability
[2025-05-26 00:52:07] [INFO] [AbilityPanel] Updating ability selection for UNIT_air_dragon___NICKNAME_Xuna___db414013-a025-4682-bfa2-640f061a8c29
[2025-05-26 00:52:07] [INFO] [AbilityPanel] Finished ability selection for UNIT_air_dragon___NICKNAME_Xuna___db414013-a025-4682-bfa2-640f061a8c29
[2025-05-26 00:52:07] [INFO] [MovementPanel] Started update to Movement Information panel.
[2025-05-26 00:52:07] [INFO] [MovementPanel] Finished update to Movement Information panel.
[2025-05-26 00:52:07] [INFO] [AbilitySystem] Started updating {} because of ability
[2025-05-26 00:52:07] [INFO] [AbilitySystem] Finished update updating {} because of ability
[2025-05-26 00:52:07] [INFO] [AbilitySystem] Started updating {} because of ability
[2025-05-26 00:52:07] [INFO] [AbilitySystem] Finished update updating {} because of ability
[2025-05-26 00:52:07] [INFO] [AbilitySystem] Started updating {} because of ability
[2025-05-26 00:52:07] [INFO] [AbilitySystem] Finished update updating {} because of ability
[2025-05-26 00:52:07] [INFO] [AbilitySystem] Started updating {} because of ability
[2025-05-26 00:52:07] [INFO] [AbilitySystem] Finished update updating {} because of ability
[2025-05-26 00:52:07] [INFO] [AbilitySystem] Started updating {} because of ability
[2025-05-26 00:52:07] [INFO] [AbilitySystem] Finished update updating {} because of ability
[2025-05-26 00:52:07] [INFO] [AbilitySystem] Started updating {} because of ability
[2025-05-26 00:52:07] [INFO] [AbilitySystem] Finished update updating {} because of ability
[2025-05-26 00:52:07] [INFO] [AbilitySystem] Started updating {} because of ability
[2025-05-26 00:52:07] [INFO] [AbilitySystem] Finished 