[2025-05-01 22:40:16] [INFO] [UnitTable] Started initializing UnitTable
[2025-05-01 22:40:16] [INFO] [EmeritusDatabase] Started initializing EmeritusDatabase
[2025-05-01 22:40:16] [INFO] [EmeritusDatabase] Finished initializing EmeritusDatabase
[2025-05-01 22:40:16] [INFO] [UnitTable] Successfully initialized UnitTable
[2025-05-01 22:40:16] [INFO] [UnitTable] Finished initializing UnitTable
[2025-05-01 22:40:16] [INFO] [AbilityTable] Started initializing AbilityTable
[2025-05-01 22:40:16] [INFO] [AbilityTable] Finished initializing AbilityTable
[2025-05-01 22:40:16] [INFO] [UserSaveStateManager] Started loading user save data
[2025-05-01 22:40:16] [INFO] [UserSaveStateManager] Finished loading user save data
[2025-05-01 22:40:16] [INFO] [AssetPool] Started initializing AssetPool
[2025-05-01 22:40:16] [INFO] [AssetNameSpace] Started loading Sprite's from ./res/graphics
[2025-05-01 22:40:16] [INFO] [AssetNameSpace] Finished reading files for sprites
[2025-05-01 22:40:16] [INFO] [AssetNameSpace] Finished loading ./res/graphics
[2025-05-01 22:40:16] [INFO] [AssetPool] Finished initializing AssetPool
[2025-05-01 22:40:16] [INFO] [Component] Setting light_dragon_Senyr_c688e4de-eb51-43f5-8e93-5fdade26a35f on to {"row":0,"column":4,"height":0,"spawn_region":2,"collider":"","unit":"light_dragon_Senyr_c688e4de-eb51-43f5-8e93-5fdade26a35f","structure":""}.
[2025-05-01 22:40:16] [INFO] [SpeedQueue] Added unit enemy:Senyr into queue
[2025-05-01 22:40:16] [INFO] [Component] Setting light_dragon_Modfy_506f2e9d-f5a5-47c4-9f11-15a3dfbcef3f on to {"row":1,"column":5,"height":0,"spawn_region":2,"collider":"","unit":"light_dragon_Modfy_506f2e9d-f5a5-47c4-9f11-15a3dfbcef3f","structure":""}.
[2025-05-01 22:40:16] [INFO] [SpeedQueue] Added unit enemy:Modfy into queue
[2025-05-01 22:40:16] [INFO] [Component] Setting earth_dragon_Iyep_c061f52d-9b0e-4d99-9f0b-1e7b01a6dc39 on to {"row":5,"column":2,"height":0,"spawn_region":2,"collider":"","unit":"earth_dragon_Iyep_c061f52d-9b0e-4d99-9f0b-1e7b01a6dc39","structure":""}.
[2025-05-01 22:40:16] [INFO] [SpeedQueue] Added unit enemy:Iyep into queue
[2025-05-01 22:40:16] [INFO] [Component] Setting dark_dragon_Razs_c27aa973-6872-498f-8c57-2ddc06e0fcd3 on to {"row":4,"column":0,"height":0,"spawn_region":2,"collider":"","unit":"dark_dragon_Razs_c27aa973-6872-498f-8c57-2ddc06e0fcd3","structure":""}.
[2025-05-01 22:40:16] [INFO] [SpeedQueue] Added unit enemy:Razs into queue
[2025-05-01 22:40:16] [INFO] [Component] Setting dark_dragon_Xych_42c25dee-4bea-489c-b1da-77d7031c5d61 on to {"row":6,"column":1,"height":0,"spawn_region":2,"collider":"","unit":"dark_dragon_Xych_42c25dee-4bea-489c-b1da-77d7031c5d61","structure":""}.
[2025-05-01 22:40:16] [INFO] [SpeedQueue] Added unit enemy:Xych into queue
[2025-05-01 22:40:16] [INFO] [Component] Setting water_dragon_Nofw_a0b72eb0-7060-4762-89c2-5cffd1c303e8 on to {"row":1,"column":7,"height":0,"collider":"","unit":"water_dragon_Nofw_a0b72eb0-7060-4762-89c2-5cffd1c303e8","structure":""}.
[2025-05-01 22:40:16] [INFO] [SpeedQueue] Added unit user:Nofw into queue
[2025-05-01 22:40:16] [INFO] [Component] Setting air_dragon_Mauie_94d438cd-80fd-419a-963d-a585ef614725 on to {"row":3,"column":6,"height":0,"collider":"","unit":"air_dragon_Mauie_94d438cd-80fd-419a-963d-a585ef614725","structure":""}.
[2025-05-01 22:40:16] [INFO] [SpeedQueue] Added unit user:Mauie into queue
[2025-05-01 22:40:16] [INFO] [Component] Setting fire_dragon_Cisyi_db6100f0-21da-4809-b459-d1349ca5e02f on to {"row":7,"column":4,"height":0,"spawn_region":2,"collider":"","unit":"fire_dragon_Cisyi_db6100f0-21da-4809-b459-d1349ca5e02f","structure":""}.
[2025-05-01 22:40:16] [INFO] [SpeedQueue] Added unit user:Cisyi into queue
[2025-05-01 22:40:16] [INFO] [Component] Setting light_dragon_Jauji_00f2afaf-8a2c-4977-bdaa-465512b87ccb on to {"row":7,"column":5,"height":0,"spawn_region":2,"collider":"","unit":"light_dragon_Jauji_00f2afaf-8a2c-4977-bdaa-465512b87ccb","structure":""}.
[2025-05-01 22:40:16] [INFO] [SpeedQueue] Added unit user:Jauji into queue
[2025-05-01 22:40:16] [INFO] [EngineController] Started setting scene to MENU_SCENE
[2025-05-01 22:40:16] [INFO] [EngineController] Finished setting scene to MENU_SCENE
[2025-05-01 22:40:16] [INFO] [EngineController] Started setting scene to MAP_EDITOR_SCENE
[2025-05-01 22:40:16] [INFO] [FontPool] Started initializing FontPool
[2025-05-01 22:40:16] [INFO] [FontPool] ✅ Successfully loaded font: Lilian
[2025-05-01 22:40:16] [INFO] [MapEditorScene] Starting to create new GameController!
[2025-05-01 22:40:17] [INFO] [MapEditorScene] Successfully created new GameController!
[2025-05-01 22:40:17] [INFO] [EngineController] Finished setting scene to MAP_EDITOR_SCENE
[2025-05-01 22:40:17] [INFO] [EngineController] Started setting scene to GAME_SCENE
[2025-05-01 22:40:17] [INFO] [EngineController] Finished setting scene to GAME_SCENE
[2025-05-01 22:40:17] [INFO] [AbilitySystem] Started updating {} because of ability
[2025-05-01 22:40:17] [INFO] [AbilitySystem] Finished update updating {} because of ability
[2025-05-01 22:40:17] [INFO] [AbilitySystem] Started updating {} because of ability
[2025-05-01 22:40:17] [INFO] [AbilitySystem] Finished update updating {} because of ability
[2025-05-01 22:40:17] [INFO] [AbilitySystem] Started updating {} because of ability
[2025-05-01 22:40:17] [INFO] [AbilitySystem] Finished update updating {} because of ability
[2025-05-01 22:40:17] [INFO] [AbilitySystem] Started updating {} because of ability
[2025-05-01 22:40:17] [INFO] [AbilitySystem] Finished update updating {} because of ability
[2025-05-01 22:40:17] [INFO] [AbilitySystem] Started updating {} because of ability
[2025-05-01 22:40:17] [INFO] [AbilitySystem] Finished update updating {} because of ability
[2025-05-01 22:40:17] [INFO] [AbilitySystem] Started updating {} because of ability
[2025-05-01 22:40:17] [INFO] [AbilitySystem] Finished update updating {} because of ability
[2025-05-01 22:40:17] [INFO] [AbilitySystem] Started updating {} because of ability
[2025-05-01 22:40:17] [INFO] [AbilitySystem] Finished update updating {} because of ability
[2025-05-01 22:40:17] [INFO] [AbilitySystem] Started updating {} because of ability
[2025-05-01 22:40:17] [INFO] [AbilitySystem] Finished update updating {} because of ability
[2025-05-01 22:40:17] [INFO] [AbilitySystem] Started updating {} because of ability
[2025-05-01 22:40:17] [INFO] [AbilitySystem] Finished update updating {} because of ability
[2025-05-01 22:40:17] [INFO] [SpeedQueue] Speed queue updated.
[2025-05-01 22:40:17] [INFO] [AbilityPanel] Updating ability selection for air_dragon_Mauie_94d438cd-80fd-419a-963d-a585ef614725
[2025-05-01 22:40:17] [INFO] [AbilityPanel] Finished ability selection for air_dragon_Mauie_94d438cd-80fd-419a-963d-a585ef614725
[2025-05-01 22:40:17] [INFO] [MovementPanel] Started update to Movement Information panel.
[2025-05-01 22:40:17] [INFO] [MovementPanel] Finished update to Movement Information panel.
[2025-05-01 22:40:17] [INFO] [TimeLinePanel] Started updating the timeline panel after turn order has changed.
[2025-05-01 22:40:17] [INFO] [TimeLinePanel] Finished updating the timeline panel after turn order has changed.
[2025-05-01 22:40:17] [INFO] [SelectedTilePanel] Checksum updated, getting units at selected tiles.
[2025-05-01 22:40:17] [INFO] [SelectedTilePanel] Either no unit selected or more than one unit selected
[2025-05-01 22:40:17] [INFO] [VisualsSystem] Started creating blurred background
[2025-05-01 22:40:17] [INFO] [VisualsSystem] Finished creating blurred background after 0.4838640093803406 seconds
[2025-05-01 22:40:17] [INFO] [AbilitySystem] Started updating {} because of ability
[2025-05-01 22:40:17] [INFO] [AbilitySystem] Finished update updating {} because of ability
[2025-05-01 22:40:17] [INFO] [AbilitySystem] Started updating {} because of ability
[2025-05-01 22:40:17] [INFO] [AbilitySystem] Finished update updating {} because of ability
[2025-05-01 22:40:17] [INFO] [AbilitySystem] Started updating {} because of ability
[2025-05-01 22:40:17] [INFO] [AbilitySystem] Finished update updating {} because of ability
[2025-05-01 22:40:17] [INFO] [AbilitySystem] Started updating {} because of ability
[2025-05-01 22:40:17] [INFO] [AbilitySystem] Finished update updating {} because of ability
[2025-05-01 22:40:17] [INFO] [AbilitySystem] Started updating {} because of ability
[2025-05-01 22:40:17] [INFO] [AbilitySystem] Finished update updating {} because of ability
[2025-05-01 22:40:17] [INFO] [AbilitySystem] Started updating {} because of ability
[2025-05-01 22:40:17] [INFO] [AbilitySystem] Finished update updating {} because of ability
[2025-05-01 22:40:17] [INFO] [AbilitySystem] Started updating {} because of ability
[2025-05-01 22:40:17] [INFO] [AbilitySystem] Finished update updating {} because of ability
[2025-05-01 22:40:17] [INFO] [AbilitySystem] Started updating {} because of ability
[2025-05-01 22:40:17] [INFO] [AbilitySystem] Finished update updating {} because of ability
[2025-05-01 22:40:17] [INFO] [AbilitySystem] Started updating {} because of ability
[2025-05-01 22:40:17] [INFO] [AbilitySystem] Finished update updating {} because of ability
[2025-05-01 22:40:17] [INFO] [AbilityPanel] Updating ability selection for air_dragon_Mauie_94d438cd-80fd-419a-963d-a585ef614725
[2025-05-01 22:40:17] [INFO] [AbilityPanel] Finished ability selection for air_dragon_Mauie_94d438cd-80fd-419a-963d-a585ef614725
[2025-05-01 22:40:17] [INFO] [MovementPanel] Started update to Movement Information panel.
[2025-05-01 22:40:17] [INFO] [MovementPanel] Finished update to Movement Information panel.
[2025-05-01 22:40:17] [INFO] [AbilitySystem] Started updating {} because of ability
[2025-05-01 22:40:17] [INFO] [AbilitySystem] Finished update updating {} because of ability
[2025-05-01 22:40:17] [INFO] [AbilitySystem] Started updating {} because of ability
[2025-05-01 22:40:17] [INFO] [AbilitySystem] Finished update updating {} because of ability
[2025-05-01 22:40:17] [INFO] [AbilitySystem] Started updating {} because of ability
[2025-05-01 22:40:17] [INFO] [AbilitySystem] Finished update updating {} because of ability
[2025-05-01 22:40:17] [INFO] [AbilitySystem] Started updating {} because of ability
[2025-05-01 22:40:17] [INFO] [AbilitySystem] Finished update updating {} because of ability
[2025-05-01 22:40:17] [INFO] [AbilitySystem] Started updating {} because of ability
[2025-05-01 22:40:17] [INFO] [AbilitySystem] Finished update updating {} because of ability
[2025-05-01 22:40:17] [INFO] [AbilitySystem] Started updating {} because of ability
[2025-05-01 22:40:17] [INFO] [AbilitySystem] Finished update updating {} because of ability
[2025-05-01 22:40:17] [INFO] [AbilitySystem] Started updating {} because of ability
[2025-05-01 22:40:17] [INFO] [AbilitySystem] Finished update updating {} because of ability
[2025-05-01 22:40:17] [INFO] [AbilitySystem] Started updating {} because of ability
[2025-05-01 22:40:17] [INFO] [AbilitySystem] Finished update updating {} because of ability
[2025-05-01 22:40:17] [INFO] [AbilitySystem] Started updating {} because of ability
[2025-05-01 22:40:17] [INFO] [AbilitySystem] Finished update updating {} because of ability
[2025-05-01 22:40:17] [INFO] [AbilityPanel] Updating ability selection for air_dragon_Mauie_94d438cd-80fd-419a-963d-a585ef614725
[2025-05-01 22:40:17] [INFO] [AbilityPanel] Finished ability selection for air_dragon_Mauie_94d438cd-80fd-419a-963d-a585ef614725
[2025-05-01 22:40:17] [INFO] [MovementPanel] Started update to Movement Information panel.
[2025-05-01 22:40:17] [INFO] [MovementPanel] Finished update to Movement Information panel.
[2025-05-01 22:40:17] [INFO] [AbilitySystem] Started updating {} because of ability
[2025-05-01 22:40:17] [INFO] [AbilitySystem] Finished update updating {} because of ability
[2025-05-01 22:40:17] [INFO] [AbilityPanel] Updating ability selection for air_dragon_Mauie_94d438cd-80fd-419a-963d-a585ef614725
[2025-05-01 22:40:17] [INFO] [AbilityPanel] Finished ability selection for air_dragon_Mauie_94d438cd-80fd-419a-963d-a585ef614725
[2025-05-01 22:40:17] [INFO] [MovementPanel] Started update to Movement Information panel.
[2025-05-01 22:40:17] [INFO] [MovementPanel] Finished update to Movement Information panel.
[2025-05-01 22:40:17] [INFO] [AbilitySystem] Started updating {} because of ability
[2025-05-01 22:40:17] [INFO] [AbilitySystem] Finished update updating {} because of ability
[2025-05-01 22:40:18] [INFO] [MovementSystem] Updated movement range to 11 for Mauie
[2025-05-01 22:40:18] [INFO] [MovementSystem] Updated movement path from [3, 6] to [4, 5] for Mauie
[2025-05-01 22:40:18] [INFO] [Component] Setting air_dragon_Mauie_94d438cd-80fd-419a-963d-a585ef614725 on to {"row":4,"column":5,"height":0,"spawn_region":2,"collider":"","unit":"air_dragon_Mauie_94d438cd-80fd-419a-963d-a585ef614725","structure":""}.
[2025-05-01 22:40:18] [INFO] [MovementSystem] Moved from [3, 6] to [4, 5]
[2025-05-01 22:40:18] [INFO] [StatisticsPanel] Started updating Statistics Information Panel for entity air_dragon_Mauie_94d438cd-80fd-419a-963d-a585ef614725
[2025-05-01 22:40:18] [INFO] [StatisticsPanel] Finished updating Statistics Information Panel for entity air_dragon_Mauie_94d438cd-80fd-419a-963d-a585ef614725
[2025-05-01 22:40:18] [INFO] [SelectedTilePanel] Checksum updated, getting units at selected tiles.
[2025-05-01 22:40:18] [INFO] [SelectedTilePanel] Updated selected tile display to view Mauie
[2025-05-01 22:40:18] [INFO] [InputHandler] Gliding 0 camera to new tile 4_5_282abc93-fd78-4471-8f1d-7f2f8fb1b859
[2025-05-01 22:40:18] [INFO] [InputHandler] Gliding 1 camera to new tile 4_5_282abc93-fd78-4471-8f1d-7f2f8fb1b859
[2025-05-01 22:40:19] [INFO] [AbilityPanel] Updating ability selection for fire_dragon_Cisyi_db6100f0-21da-4809-b459-d1349ca5e02f
[2025-05-01 22:40:19] [INFO] [AbilityPanel] Finished ability selection for fire_dragon_Cisyi_db6100f0-21da-4809-b459-d1349ca5e02f
[2025-05-01 22:40:19] [INFO] [MovementPanel] Started update to Movement Information panel.
[2025-05-01 22:40:19] [INFO] [MovementPanel] Finished update to Movement Information panel.
[2025-05-01 22:40:19] [INFO] [TimeLinePanel] Started updating the timeline panel after turn order has changed.
[2025-05-01 22:40:19] [INFO] [TimeLinePanel] Finished updating the timeline panel after turn order has changed.
[2025-05-01 22:40:19] [INFO] [StatisticsPanel] Started updating Statistics Information Panel for entity fire_dragon_Cisyi_db6100f0-21da-4809-b459-d1349ca5e02f
[2025-05-01 22:40:19] [INFO] [StatisticsPanel] Finished updating Statistics Information Panel for entity fire_dragon_Cisyi_db6100f0-21da-4809-b459-d1349ca5e02f
[2025-05-01 22:40:19] [INFO] [SelectedTilePanel] Checksum updated, getting units at selected tiles.
[2025-05-01 22:40:19] [INFO] [SelectedTilePanel] Updated selected tile display to view Cisyi
[2025-05-01 22:40:19] [INFO] [InputHandler] Gliding 0 camera to new tile 7_4_02e359d4-5791-4770-b3ba-394bac1199f6
[2025-05-01 22:40:19] [INFO] [InputHandler] Gliding 1 camera to new tile 7_4_02e359d4-5791-4770-b3ba-394bac1199f6
[2025-05-01 22:40:20] [INFO] [AbilitySystem] Cisyi is planning to use blunt_attack on [7, 5]
[2025-05-01 22:40:20] [INFO] [AbilitySystem] Updated area of sight for Cisyi, viewing 4 tiles
[2025-05-01 22:40:20] [INFO] [AbilitySystem] Updated line of sight for Cisyi, viewing 2 tiles
[2025-05-01 22:40:20] [INFO] [AbilitySystem] Updated area of effect for Cisyi viewing 1 tiles
[2025-05-01 22:40:20] [INFO] [CombatSystem] Started constructing cost mappings for Cisyi to use blunt_attack
[2025-05-01 22:40:20] [INFO] [CombatSystem] Finished constructing cost mappings for Cisyi to use blunt_attack
[2025-05-01 22:40:20] [INFO] [CombatSystem] Checking cost requirements for Cisyi to use blunt_attack
[2025-05-01 22:40:20] [INFO] [CombatSystem] Cisyi is able to pay for blunt_attack
[2025-05-01 22:40:20] [INFO] [CombatSystem] Started constructing cost mappings for Cisyi to use blunt_attack
[2025-05-01 22:40:20] [INFO] [CombatSystem] Finished constructing cost mappings for Cisyi to use blunt_attack
[2025-05-01 22:40:20] [INFO] [CombatSystem] Paying cost requirements for Cisyi using blunt_attack
[2025-05-01 22:40:20] [INFO] [CombatSystem] Paying 2.0 stamina out of 20.0 stamina to use blunt_attack
[2025-05-01 22:40:20] [INFO] [AbilitySystem] Used from blunt_attack on [7, 5]
[2025-05-01 22:40:20] [INFO] [AbilityPanel] Updating ability selection for fire_dragon_Cisyi_db6100f0-21da-4809-b459-d1349ca5e02f
[2025-05-01 22:40:20] [INFO] [AbilityPanel] Finished ability selection for fire_dragon_Cisyi_db6100f0-21da-4809-b459-d1349ca5e02f
[2025-05-01 22:40:20] [INFO] [MovementPanel] Started update to Movement Information panel.
[2025-05-01 22:40:20] [INFO] [MovementPanel] Finished update to Movement Information panel.
[2025-05-01 22:40:20] [INFO] [StatisticsPanel] Started updating Statistics Information Panel for entity fire_dragon_Cisyi_db6100f0-21da-4809-b459-d1349ca5e02f
[2025-05-01 22:40:20] [INFO] [StatisticsPanel] Finished updating Statistics Information Panel for entity fire_dragon_Cisyi_db6100f0-21da-4809-b459-d1349ca5e02f
[2025-05-01 22:40:21] [INFO] [AbilitySystem] Started updating {} because of ability
[2025-05-01 22:40:21] [INFO] [AbilitySystem] Finished update updating {} because of ability
[2025-05-01 22:40:21] [INFO] [AbilityPanel] Updating ability selection for fire_dragon_Cisyi_db6100f0-21da-4809-b459-d1349ca5e02f
[2025-05-01 22:40:21] [INFO] [AbilityPanel] Finished ability selection for fire_dragon_Cisyi_db6100f0-21da-4809-b459-d1349ca5e02f
[2025-05-01 22:40:21] [INFO] [MovementPanel] Started update to Movement Information panel.
[2025-05-01 22:40:21] [INFO] [MovementPanel] Finished update to Movement Information panel.
[2025-05-01 22:40:21] [INFO] [StatisticsPanel] Started updating Statistics Information Panel for entity fire_dragon_Cisyi_db6100f0-21da-4809-b459-d1349ca5e02f
[2025-05-01 22:40:21] [INFO] [StatisticsPanel] Finished updating Statistics Information Panel for entity fire_dragon_Cisyi_db6100f0-21da-4809-b459-d1349ca5e02f
[2025-05-01 22:40:21] [INFO] [AbilitySystem] Started updating {} because of ability
[2025-05-01 22:40:21] [INFO] [AbilitySystem] Finished update updating {} because of ability
[2025-05-01 22:40:21] [INFO] [AbilityDamageReport] Started constructing damage mappings for Cisyi to use blunt_attack
[2025-05-01 22:40:21] [INFO] [AbilityDamageReport] Finished constructing damage mappings for Cisyi to use blunt_attack
[2025-05-01 22:40:21] [INFO] [AbilityDamageReport] Started constructing damage mappings after defense Cisyi to use blunt_attack
[2025-05-01 22:40:21] [INFO] [AbilityDamageReport] Started calculating damage after modifiers for Cisyi
[2025-05-01 22:40:21] [INFO] [AbilityDamageReport] 20.0 Raw damage before modifiers for blunt_attack
[2025-05-01 22:40:21] [INFO] [AbilityDamageReport] 20.0 damage after modifiers for blunt_attack
[2025-05-01 22:40:21] [INFO] [AbilityDamageReport] Finished calculating damage after modifiers for Cisyi
[2025-05-01 22:40:21] [INFO] [AbilityDamageReport] Started calculating damage after defenses for Jauji
[2025-05-01 22:40:21] [INFO] [AbilityDamageReport] 20.0 Raw damage after defenses for blunt_attack
[2025-05-01 22:40:21] [INFO] [AbilityDamageReport] Finished calculating damage after defenses for Jauji
[2025-05-01 22:40:21] [INFO] [AbilityDamageReport] 18.181818 damage after defenses for blunt_attack
[2025-05-01 22:40:21] [INFO] [AbilityDamageReport] Finished constructing damage mappings after for Cisyi to use blunt_attack
[2025-05-01 22:40:21] [INFO] [CombatSystem] Started dealing damage with blunt_attack to Jauji 
[2025-05-01 22:40:21] [INFO] [AbilitySystem] Started updating {} because of ability
[2025-05-01 22:40:21] [INFO] [AbilitySystem] Finished update updating {} because of ability
[2025-05-01 22:40:21] [INFO] [MovementSystem] Updated movement range to 7 for Cisyi
[2025-05-01 22:40:21] [INFO] [MovementSystem] Updated movement path from [7, 4] to [6, 3] for Cisyi
[2025-05-01 22:40:21] [INFO] [Component] Setting fire_dragon_Cisyi_db6100f0-21da-4809-b459-d1349ca5e02f on to {"row":6,"column":3,"height":0,"spawn_region":2,"collider":"","unit":"fire_dragon_Cisyi_db6100f0-21da-4809-b459-d1349ca5e02f","structure":""}.
[2025-05-01 22:40:21] [INFO] [MovementSystem] Moved from [7, 4] to [6, 3]
[2025-05-01 22:40:21] [INFO] [SelectedTilePanel] Checksum updated, getting units at selected tiles.
[2025-05-01 22:40:21] [INFO] [SelectedTilePanel] Updated selected tile display to view Cisyi
[2025-05-01 22:40:22] [INFO] [InputHandler] Gliding 0 camera to new tile 6_3_0ab07b01-0d71-423b-873e-5ca1473a483d
[2025-05-01 22:40:22] [INFO] [InputHandler] Gliding 1 camera to new tile 6_3_0ab07b01-0d71-423b-873e-5ca1473a483d
[2025-05-01 22:40:22] [INFO] [AbilityPanel] Updating ability selection for water_dragon_Nofw_a0b72eb0-7060-4762-89c2-5cffd1c303e8
[2025-05-01 22:40:22] [INFO] [AbilityPanel] Finished ability selection for water_dragon_Nofw_a0b72eb0-7060-4762-89c2-5cffd1c303e8
[2025-05-01 22:40:22] [INFO] [MovementPanel] Started update to Movement Information panel.
[2025-05-01 22:40:22] [INFO] [MovementPanel] Finished update to Movement Information panel.
[2025-05-01 22:40:22] [INFO] [TimeLinePanel] Started updating the timeline panel after turn order has changed.
[2025-05-01 22:40:22] [INFO] [TimeLinePanel] Finished updating the timeline panel after turn order has changed.
[2025-05-01 22:40:22] [INFO] [StatisticsPanel] Started updating Statistics Information Panel for entity water_dragon_Nofw_a0b72eb0-7060-4762-89c2-5cffd1c303e8
[2025-05-01 22:40:22] [INFO] [StatisticsPanel] Finished updating Statistics Information Panel for entity water_dragon_Nofw_a0b72eb0-7060-4762-89c2-5cffd1c303e8
[2025-05-01 22:40:22] [INFO] [SelectedTilePanel] Checksum updated, getting units at selected tiles.
[2025-05-01 22:40:22] [INFO] [SelectedTilePanel] Updated selected tile display to view Nofw
[2025-05-01 22:40:22] [INFO] [InputHandler] Gliding 0 camera to new tile 1_7_daf1842c-e9bc-458a-9204-cd205a094e7c
[2025-05-01 22:40:22] [INFO] [InputHandler] Gliding 1 camera to new tile 1_7_daf1842c-e9bc-458a-9204-cd205a094e7c
[2025-05-01 22:40:23] [INFO] [MovementSystem] Updated movement range to 6 for Nofw
[2025-05-01 22:40:23] [INFO] [MovementSystem] Updated movement path from [1, 7] to [0, 6] for Nofw
[2025-05-01 22:40:23] [INFO] [Component] Setting water_dragon_Nofw_a0b72eb0-7060-4762-89c2-5cffd1c303e8 on to {"row":0,"column":6,"height":0,"collider":"","unit":"water_dragon_Nofw_a0b72eb0-7060-4762-89c2-5cffd1c303e8","structure":""}.
[2025-05-01 22:40:23] [INFO] [MovementSystem] Moved from [1, 7] to [0, 6]
[2025-05-01 22:40:23] [INFO] [SelectedTilePanel] Checksum updated, getting units at selected tiles.
[2025-05-01 22:40:23] [INFO] [SelectedTilePanel] Updated selected tile display to view Nofw
[2025-05-01 22:40:23] [INFO] [InputHandler] Gliding 0 camera to new tile 0_6_2dfeb1cc-b628-4c29-9655-5188c4a1062c
[2025-05-01 22:40:23] [INFO] [InputHandler] Gliding 1 camera to new tile 0_6_2dfeb1cc-b628-4c29-9655-5188c4a1062c
[2025-05-01 22:40:24] [INFO] [AbilitySystem] Nofw is planning to use water_attack on [0, 4]
[2025-05-01 22:40:24] [INFO] [AbilitySystem] Updated area of sight for Nofw, viewing 8 tiles
[2025-05-01 22:40:24] [INFO] [AbilitySystem] Updated line of sight for Nofw, viewing 3 tiles
[2025-05-01 22:40:24] [INFO] [AbilitySystem] Updated area of effect for Nofw viewing 1 tiles
[2025-05-01 22:40:24] [INFO] [CombatSystem] Started constructing cost mappings for Nofw to use water_attack
[2025-05-01 22:40:24] [INFO] [CombatSystem] Finished constructing cost mappings for Nofw to use water_attack
[2025-05-01 22:40:24] [INFO] [CombatSystem] Checking cost requirements for Nofw to use water_attack
[2025-05-01 22:40:24] [INFO] [CombatSystem] Nofw is able to pay for water_attack
[2025-05-01 22:40:24] [INFO] [CombatSystem] Started constructing cost mappings for Nofw to use water_attack
[2025-05-01 22:40:24] [INFO] [CombatSystem] Finished constructing cost mappings for Nofw to use water_attack
[2025-05-01 22:40:24] [INFO] [CombatSystem] Paying cost requirements for Nofw using water_attack
[2025-05-01 22:40:24] [INFO] [CombatSystem] Paying 2.0 mana out of 20.0 mana to use water_attack
[2025-05-01 22:40:24] [INFO] [AbilitySystem] Used from water_attack on [0, 4]
[2025-05-01 22:40:24] [INFO] [AbilityPanel] Updating ability selection for water_dragon_Nofw_a0b72eb0-7060-4762-89c2-5cffd1c303e8
[2025-05-01 22:40:24] [INFO] [AbilityPanel] Finished ability selection for water_dragon_Nofw_a0b72eb0-7060-4762-89c2-5cffd1c303e8
[2025-05-01 22:40:24] [INFO] [MovementPanel] Started update to Movement Information panel.
[2025-05-01 22:40:24] [INFO] [MovementPanel] Finished update to Movement Information panel.
[2025-05-01 22:40:24] [INFO] [StatisticsPanel] Started updating Statistics Information Panel for entity water_dragon_Nofw_a0b72eb0-7060-4762-89c2-5cffd1c303e8
[2025-05-01 22:40:24] [INFO] [StatisticsPanel] Finished updating Statistics Information Panel for entity water_dragon_Nofw_a0b72eb0-7060-4762-89c2-5cffd1c303e8
[2025-05-01 22:40:24] [INFO] [AbilitySystem] Started updating {} because of ability
[2025-05-01 22:40:24] [INFO] [AbilitySystem] Finished update updating {} because of ability
[2025-05-01 22:40:24] [INFO] [AbilityPanel] Updating ability selection for water_dragon_Nofw_a0b72eb0-7060-4762-89c2-5cffd1c303e8
[2025-05-01 22:40:24] [INFO] [AbilityPanel] Finished ability selection for water_dragon_Nofw_a0b72eb0-7060-4762-89c2-5cffd1c303e8
[2025-05-01 22:40:24] [INFO] [MovementPanel] Started update to Movement Information panel.
[2025-05-01 22:40:24] [INFO] [MovementPanel] Finished update to Movement Information panel.
[2025-05-01 22:40:24] [INFO] [StatisticsPanel] Started updating Statistics Information Panel for entity water_dragon_Nofw_a0b72eb0-7060-4762-89c2-5cffd1c303e8
[2025-05-01 22:40:24] [INFO] [StatisticsPanel] Finished updating Statistics Information Panel for entity water_dragon_Nofw_a0b72eb0-7060-4762-89c2-5cffd1c303e8
[2025-05-01 22:40:24] [INFO] [AbilitySystem] Started updating {} because of ability
[2025-05-01 22:40:24] [INFO] [AbilitySystem] Finished update updating {} because of ability
