[2025-03-07 02:17:40] [INFO] [AssetPool] Started initializing AssetPool
[2025-03-07 02:17:40] [INFO] [Engine] HEAP ALLOCATION INCREASED! 1.0 GB of 16.0 GB used
[2025-03-07 02:17:40] [INFO] [SpriteSheetOG] Started loading Sprite's from ./res/graphics
[2025-03-07 02:17:40] [INFO] [SpriteSheetOG] Finished reading files for sprites
[2025-03-07 02:17:41] [INFO] [Sprite] Finished loading ./res/graphics/misc/blue_reticle.png
[2025-03-07 02:17:41] [INFO] [Sprite] Finished loading ./res/graphics/misc/pink_spawn.png
[2025-03-07 02:17:41] [INFO] [Sprite] Finished loading ./res/graphics/misc/reticle.png
[2025-03-07 02:17:41] [INFO] [Sprite] Finished loading ./res/graphics/misc/yellow_spawn.png
[2025-03-07 02:17:41] [INFO] [Sprite] Finished loading ./res/graphics/misc/blue_spawn.png
[2025-03-07 02:17:41] [INFO] [Sprite] Finished loading ./res/graphics/misc/red_reticle.png
[2025-03-07 02:17:41] [INFO] [Sprite] Finished loading ./res/graphics/misc/depth_shadows.png
[2025-03-07 02:17:41] [INFO] [Sprite] Finished loading ./res/graphics/misc/yellow_reticle.png
[2025-03-07 02:17:41] [INFO] [Sprite] Finished loading ./res/graphics/misc/red_spawn.png
[2025-03-07 02:17:41] [INFO] [Sprite] Finished loading ./res/graphics/misc/directional_shadows.png
[2025-03-07 02:17:41] [INFO] [Sprite] Finished loading ./res/graphics/shadows/northwest.png
[2025-03-07 02:17:41] [INFO] [Sprite] Finished loading ./res/graphics/shadows/west.png
[2025-03-07 02:17:41] [INFO] [Sprite] Finished loading ./res/graphics/shadows/north.png
[2025-03-07 02:17:41] [INFO] [Sprite] Finished loading ./res/graphics/shadows/east.png
[2025-03-07 02:17:41] [INFO] [Sprite] Finished loading ./res/graphics/shadows/northeast.png
[2025-03-07 02:17:41] [INFO] [Sprite] Finished loading ./res/graphics/shadows/south.png
[2025-03-07 02:17:41] [INFO] [Sprite] Finished loading ./res/graphics/shadows/southwest.png
[2025-03-07 02:17:41] [INFO] [Sprite] Finished loading ./res/graphics/shadows/southeast.png
[2025-03-07 02:17:41] [INFO] [Sprite] Finished loading ./res/graphics/structures/tree3_structure.png
[2025-03-07 02:17:41] [INFO] [Sprite] Finished loading ./res/graphics/structures/tree4_structure.png
[2025-03-07 02:17:41] [INFO] [Sprite] Finished loading ./res/graphics/structures/tree1_structure.png
[2025-03-07 02:17:41] [INFO] [Sprite] Finished loading ./res/graphics/structures/tree5_structure.png
[2025-03-07 02:17:41] [INFO] [Sprite] Finished loading ./res/graphics/structures/tree2_structure.png
[2025-03-07 02:17:41] [INFO] [Sprite] Finished loading ./res/graphics/structures/tree6_structure.png
[2025-03-07 02:17:41] [INFO] [Sprite] Finished loading ./res/graphics/wall_tiles/rock_wall2.png
[2025-03-07 02:17:41] [INFO] [Sprite] Finished loading ./res/graphics/wall_tiles/sandstone_wall.png
[2025-03-07 02:17:41] [INFO] [Sprite] Finished loading ./res/graphics/wall_tiles/elden_yellow_wall.png
[2025-03-07 02:17:41] [INFO] [Sprite] Finished loading ./res/graphics/wall_tiles/vine_on_wall.png
[2025-03-07 02:17:41] [INFO] [Sprite] Finished loading ./res/graphics/wall_tiles/boulder_wall.png
[2025-03-07 02:17:41] [INFO] [Sprite] Finished loading ./res/graphics/wall_tiles/white_marble_wall.png
[2025-03-07 02:17:41] [INFO] [Sprite] Finished loading ./res/graphics/wall_tiles/elden_green_wall.png
[2025-03-07 02:17:41] [INFO] [Sprite] Finished loading ./res/graphics/wall_tiles/brown_marble_wall.png
[2025-03-07 02:17:41] [INFO] [Sprite] Finished loading ./res/graphics/wall_tiles/small_brick_wall.png
[2025-03-07 02:17:41] [INFO] [Sprite] Finished loading ./res/graphics/wall_tiles/moss_wall.png
[2025-03-07 02:17:41] [INFO] [Sprite] Finished loading ./res/graphics/wall_tiles/dirt_brick_vine_wall.png
[2025-03-07 02:17:41] [INFO] [Sprite] Finished loading ./res/graphics/wall_tiles/elden_purple_wall.png
[2025-03-07 02:17:41] [INFO] [Sprite] Finished loading ./res/graphics/wall_tiles/large_brick_wall.png
[2025-03-07 02:17:41] [INFO] [Sprite] Finished loading ./res/graphics/wall_tiles/dirt_wall.png
[2025-03-07 02:17:41] [INFO] [Sprite] Finished loading ./res/graphics/wall_tiles/alien_wall.png
[2025-03-07 02:17:41] [INFO] [Sprite] Finished loading ./res/graphics/wall_tiles/industrial_brick_wall.png
[2025-03-07 02:17:41] [INFO] [Sprite] Finished loading ./res/graphics/wall_tiles/rock_wall.png
[2025-03-07 02:17:41] [INFO] [Sprite] Finished loading ./res/graphics/wall_tiles/dirt_wall2.png
[2025-03-07 02:17:41] [INFO] [Sprite] Finished loading ./res/graphics/wall_tiles/moss_wall2.png
[2025-03-07 02:17:41] [INFO] [Sprite] Finished loading ./res/graphics/wall_tiles/moss_wall3.png
[2025-03-07 02:17:41] [INFO] [Sprite] Finished loading ./res/graphics/wall_tiles/no_wall.png
[2025-03-07 02:17:41] [INFO] [Sprite] Finished loading ./res/graphics/wall_tiles/alien_rune_wall.png
[2025-03-07 02:17:41] [INFO] [Sprite] Finished loading ./res/graphics/wall_tiles/industrial_wall.png
[2025-03-07 02:17:41] [INFO] [Sprite] Finished loading ./res/graphics/wall_tiles/small_brick_wall2.png
[2025-03-07 02:17:41] [INFO] [Sprite] Finished loading ./res/graphics/old/liquids 2.png
[2025-03-07 02:17:41] [INFO] [Sprite] Finished loading ./res/graphics/old/gems.png
[2025-03-07 02:17:41] [INFO] [Sprite] Finished loading ./res/graphics/old/floors.png
[2025-03-07 02:17:41] [INFO] [Sprite] Finished loading ./res/graphics/old/terrains.png
[2025-03-07 02:17:41] [INFO] [Sprite] Finished loading ./res/graphics/old/gemsRaw.png
[2025-03-07 02:17:41] [INFO] [Sprite] Finished loading ./res/graphics/old/walls.png
[2025-03-07 02:17:41] [INFO] [Sprite] Finished loading ./res/graphics/old/special2.png
[2025-03-07 02:17:41] [INFO] [Sprite] Finished loading ./res/graphics/old/structures.png
[2025-03-07 02:17:41] [INFO] [Sprite] Finished loading ./res/graphics/old/special.png
[2025-03-07 02:17:41] [INFO] [Sprite] Finished loading ./res/graphics/old/liquids.png
[2025-03-07 02:17:41] [INFO] [Sprite] Finished loading ./res/graphics/old/units.png
[2025-03-07 02:17:41] [INFO] [Sprite] Finished loading ./res/graphics/old/terrains2.png
[2025-03-07 02:17:41] [INFO] [Sprite] Finished loading ./res/graphics/old/floors2.png
[2025-03-07 02:17:41] [INFO] [Sprite] Finished loading ./res/graphics/floor_tiles/sand_1_floor.png
[2025-03-07 02:17:41] [INFO] [Sprite] Finished loading ./res/graphics/floor_tiles/sand_dark_floor.png
[2025-03-07 02:17:41] [INFO] [Sprite] Finished loading ./res/graphics/floor_tiles/dirty_grass_1_floor.png
[2025-03-07 02:17:41] [INFO] [Sprite] Finished loading ./res/graphics/floor_tiles/white_sand_floor.png
[2025-03-07 02:17:41] [INFO] [Sprite] Finished loading ./res/graphics/floor_tiles/white_sands_2.png
[2025-03-07 02:17:41] [INFO] [Sprite] Finished loading ./res/graphics/floor_tiles/dirty_grass_2_floor.png
[2025-03-07 02:17:41] [INFO] [Sprite] Finished loading ./res/graphics/floor_tiles/sand_3_floor.png
[2025-03-07 02:17:41] [INFO] [Sprite] Finished loading ./res/graphics/floor_tiles/obsidian_floor.png
[2025-03-07 02:17:41] [INFO] [Sprite] Finished loading ./res/graphics/floor_tiles/base_floor.png
[2025-03-07 02:17:41] [INFO] [Sprite] Finished loading ./res/graphics/floor_tiles/sand_floor.png
[2025-03-07 02:17:41] [INFO] [Sprite] Finished loading ./res/graphics/floor_tiles/dirty_grass_3_floor.png
[2025-03-07 02:17:41] [INFO] [Sprite] Finished loading ./res/graphics/floor_tiles/sand_2_floor.png
[2025-03-07 02:17:41] [INFO] [Sprite] Finished loading ./res/graphics/units/Air_Dragon.png
[2025-03-07 02:17:41] [INFO] [Sprite] Finished loading ./res/graphics/units/Dragon.png
[2025-03-07 02:17:41] [INFO] [Sprite] Finished loading ./res/graphics/units/Dark_Dragon.png
[2025-03-07 02:17:41] [INFO] [Sprite] Finished loading ./res/graphics/units/Earth_Dragon.png
[2025-03-07 02:17:41] [INFO] [Sprite] Finished loading ./res/graphics/units/Light_Dragon.png
[2025-03-07 02:17:41] [INFO] [Sprite] Finished loading ./res/graphics/units/Water_Dragon.png
[2025-03-07 02:17:41] [INFO] [Sprite] Finished loading ./res/graphics/units/Fire_Dragon.png
[2025-03-07 02:17:41] [INFO] [Sprite] Finished loading ./res/graphics/actions/StatsDown.png
[2025-03-07 02:17:41] [INFO] [Sprite] Finished loading ./res/graphics/actions/PhysicalHit4.png
[2025-03-07 02:17:41] [INFO] [Sprite] Finished loading ./res/graphics/actions/Slash.png
[2025-03-07 02:17:41] [INFO] [Sprite] Finished loading ./res/graphics/actions/Air.png
[2025-03-07 02:17:41] [INFO] [Sprite] Finished loading ./res/graphics/actions/Dark.png
[2025-03-07 02:17:41] [INFO] [Sprite] Finished loading ./res/graphics/actions/Blunt.png
[2025-03-07 02:17:41] [INFO] [Sprite] Finished loading ./res/graphics/actions/Fire.png
[2025-03-07 02:17:41] [INFO] [Sprite] Finished loading ./res/graphics/actions/Earth.png
[2025-03-07 02:17:41] [INFO] [Sprite] Finished loading ./res/graphics/actions/Light.png
[2025-03-07 02:17:41] [INFO] [Sprite] Finished loading ./res/graphics/actions/StatsUp.png
[2025-03-07 02:17:41] [INFO] [Sprite] Finished loading ./res/graphics/actions/Water.png
[2025-03-07 02:17:41] [INFO] [Sprite] Finished loading ./res/graphics/actions/Pierce.png
[2025-03-07 02:17:41] [INFO] [Sprite] Finished loading ./res/graphics/spells/LightSpell.png
[2025-03-07 02:17:41] [INFO] [Sprite] Finished loading ./res/graphics/spells/StatsDown.png
[2025-03-07 02:17:41] [INFO] [Sprite] Finished loading ./res/graphics/spells/WindSpell.png
[2025-03-07 02:17:41] [INFO] [Sprite] Finished loading ./res/graphics/spells/WaterSpell.png
[2025-03-07 02:17:41] [INFO] [Sprite] Finished loading ./res/graphics/spells/PhysicalHit4.png
[2025-03-07 02:17:41] [INFO] [Sprite] Finished loading ./res/graphics/spells/PhysicalHit1.png
[2025-03-07 02:17:41] [INFO] [Sprite] Finished loading ./res/graphics/spells/LightningSpell.png
[2025-03-07 02:17:41] [INFO] [Sprite] Finished loading ./res/graphics/spells/PhysicalHit3.png
[2025-03-07 02:17:41] [INFO] [Sprite] Finished loading ./res/graphics/spells/PhysicalHit2.png
[2025-03-07 02:17:41] [INFO] [Sprite] Finished loading ./res/graphics/spells/FireSpell.png
[2025-03-07 02:17:41] [INFO] [Sprite] Finished loading ./res/graphics/spells/DarkSpell.png
[2025-03-07 02:17:41] [INFO] [Sprite] Finished loading ./res/graphics/spells/StatsUp.png
[2025-03-07 02:17:41] [INFO] [Sprite] Finished loading ./res/graphics/spells/EarthSpell.png
[2025-03-07 02:17:41] [INFO] [Sprite] Finished loading ./res/graphics/liquids/greater_leafage_liquid.png
[2025-03-07 02:17:41] [INFO] [Sprite] Finished loading ./res/graphics/liquids/waterV4_liquid.png
[2025-03-07 02:17:41] [INFO] [Sprite] Finished loading ./res/graphics/liquids/shallow_swamp.png
[2025-03-07 02:17:41] [INFO] [Sprite] Finished loading ./res/graphics/liquids/water5.png
[2025-03-07 02:17:41] [INFO] [Sprite] Finished loading ./res/graphics/liquids/swamp_2.png
[2025-03-07 02:17:41] [INFO] [Sprite] Finished loading ./res/graphics/liquids/Lava_liquid.png
[2025-03-07 02:17:41] [INFO] [Sprite] Finished loading ./res/graphics/liquids/swamp2.png
[2025-03-07 02:17:41] [INFO] [Sprite] Finished loading ./res/graphics/liquids/waterV33_liquid.png
[2025-03-07 02:17:41] [INFO] [Sprite] Finished loading ./res/graphics/liquids/shallow_water_liquid.png
[2025-03-07 02:17:41] [INFO] [Sprite] Finished loading ./res/graphics/liquids/water_liquid.png
[2025-03-07 02:17:41] [INFO] [Sprite] Finished loading ./res/graphics/liquids/waterV2_liquid.png
[2025-03-07 02:17:41] [INFO] [Sprite] Finished loading ./res/graphics/liquids/swamp2_liquid.png
[2025-03-07 02:17:41] [INFO] [SpriteSheetOG] Finished loading ./res/graphics
[2025-03-07 02:17:41] [INFO] [AssetPool] Finished initializing AssetPool
[2025-03-07 02:17:41] [INFO] [FontPoolV1] Started initializing FontPoolV1
[2025-03-07 02:17:41] [INFO] [FontPoolV1] Finished initializing FontPoolV1
[2025-03-07 02:17:41] [INFO] [UnitDatabase] Started initializing UnitDatabase
[2025-03-07 02:17:41] [INFO] [UnitDatabase] Successfully initialized UnitDatabase
[2025-03-07 02:17:41] [INFO] [UnitDatabase] Finished initializing UnitDatabase
[2025-03-07 02:17:41] [INFO] [JsonDatabase] Started initializing JsonDatabase
[2025-03-07 02:17:41] [INFO] [JsonTable] Started initializing JsonTable
[2025-03-07 02:17:41] [INFO] [JsonTable] Successfully initialized JsonTable
[2025-03-07 02:17:41] [INFO] [JsonTable] Finished initializing JsonTable
[2025-03-07 02:17:41] [INFO] [JsonTable] Started initializing JsonTable
[2025-03-07 02:17:41] [INFO] [JsonTable] Successfully initialized JsonTable
[2025-03-07 02:17:41] [INFO] [JsonTable] Finished initializing JsonTable
[2025-03-07 02:17:41] [INFO] [JsonTable] Started initializing JsonTable
[2025-03-07 02:17:41] [INFO] [JsonTable] Successfully initialized JsonTable
[2025-03-07 02:17:41] [INFO] [JsonTable] Finished initializing JsonTable
[2025-03-07 02:17:41] [INFO] [JsonDatabase] Successfully initialized JsonDatabase
[2025-03-07 02:17:41] [INFO] [JsonDatabase] Finished initializing JsonDatabase
[2025-03-07 02:17:41] [INFO] [Component] Setting d2b68809-47d2-4a0d-9b16-7f770cf282d1 on to d4ce40c4-8e54-4e8c-9eab-69943cf555db.
[2025-03-07 02:17:41] [INFO] [SpeedQueue] Added unit enemy:Ooaenu into queue
[2025-03-07 02:17:41] [INFO] [Component] Setting 9ca5dd13-2f8b-4f9b-b0ab-ff98d6fd2944 on to 19f43db3-19a9-445c-b481-a29000dd7811.
[2025-03-07 02:17:41] [INFO] [SpeedQueue] Added unit enemy:Syzmk into queue
[2025-03-07 02:17:41] [INFO] [Component] Setting 3c710380-8240-45a9-903f-195a49293a98 on to fea5d92e-d8d7-4107-beab-a3aebb88f56b.
[2025-03-07 02:17:41] [INFO] [SpeedQueue] Added unit enemy:Kyral into queue
[2025-03-07 02:17:41] [INFO] [Component] Setting d2b24956-c05d-41d5-a7b3-f0cc3ef900da on to 44a2cf2e-58fc-4cc0-b312-1fcc0dc14b02.
[2025-03-07 02:17:41] [INFO] [SpeedQueue] Added unit enemy:Kyso into queue
[2025-03-07 02:17:41] [INFO] [Component] Setting 41ba673d-54df-4757-ae85-1db459239d73 on to cce223a4-b53b-449e-8e22-f52df340fe83.
[2025-03-07 02:17:41] [INFO] [SpeedQueue] Added unit user:Gobyoi into queue
[2025-03-07 02:17:41] [INFO] [Component] Setting a48df6ec-861d-4a5f-9b3d-4160abb4d849 on to 56b58521-acac-49b0-97a3-8f5052f9fdde.
[2025-03-07 02:17:41] [INFO] [SpeedQueue] Added unit user:Doavzy into queue
[2025-03-07 02:17:41] [INFO] [Component] Setting 2194da88-35f5-445b-8367-85131e6acccb on to 0b62580a-88d8-4cb4-9180-4644ccbc6e70.
[2025-03-07 02:17:41] [INFO] [SpeedQueue] Added unit user:Jidyu into queue
[2025-03-07 02:17:41] [INFO] [FontPool] Started initializing FontPool
[2025-03-07 02:17:41] [INFO] [FontPool] ✅ Successfully loaded font: Lilian
[2025-03-07 02:17:42] [INFO] [SpeedQueue] Speed queue updated.
[2025-03-07 02:17:42] [INFO] [VisualsSystem] Started creating blurred background
[2025-03-07 02:17:42] [INFO] [TimeLinePanel] Updating timeline HUD
[2025-03-07 02:17:42] [INFO] [VisualsSystem] Finished creating blurred background after 0.5013148188591003 seconds
[2025-03-07 02:17:43] [INFO] [MovementSystem] Jidyu is planning to move from [8, 4] to null
[2025-03-07 02:17:43] [INFO] [MovementSystem] Updated movement area for Jidyu
[2025-03-07 02:17:43] [INFO] [MovementSystem] Updated movement path for Jidyu
[2025-03-07 02:17:45] [INFO] [MovementSystem] Jidyu is planning to move from [8, 4] to [7, 8]
[2025-03-07 02:17:45] [INFO] [MovementSystem] Updated movement path for Jidyu
[2025-03-07 02:17:45] [INFO] [MovementSystem] Jidyu is planning to move from [8, 4] to [5, 6]
[2025-03-07 02:17:45] [INFO] [MovementSystem] Updated movement path for Jidyu
[2025-03-07 02:17:45] [INFO] [MovementSystem] Jidyu is planning to move from [8, 4] to [5, 5]
[2025-03-07 02:17:45] [INFO] [MovementSystem] Updated movement path for Jidyu
[2025-03-07 02:17:45] [INFO] [MovementSyst