[2025-04-05 22:13:43] [INFO] [UnitDatabase] Started initializing UnitDatabase
[2025-04-05 22:13:43] [INFO] [UnitDatabase] Successfully initialized UnitDatabase
[2025-04-05 22:13:43] [INFO] [UnitDatabase] Finished initializing UnitDatabase
[2025-04-05 22:13:43] [INFO] [AbilityDatabase] Started initializing AbilityDatabase
[2025-04-05 22:13:43] [INFO] [AbilityDatabase] Successfully initialized AbilityDatabase
[2025-04-05 22:13:43] [INFO] [AbilityDatabase] Finished initializing AbilityDatabase
[2025-04-05 22:13:43] [INFO] [UserSaveStateManager] Started loading user save data
[2025-04-05 22:13:43] [INFO] [UserSaveStateManager] Finished loading user save data
[2025-04-05 22:13:43] [INFO] [AssetPool] Started initializing AssetPool
[2025-04-05 22:13:43] [INFO] [AssetNameSpace] Started loading Sprite's from ./res/graphics
[2025-04-05 22:13:43] [INFO] [AssetNameSpace] Finished reading files for sprites
[2025-04-05 22:13:44] [INFO] [AssetNameSpace] Finished loading ./res/graphics
[2025-04-05 22:13:44] [INFO] [AssetPool] Finished initializing AssetPool
[2025-04-05 22:13:44] [INFO] [EmeritusDatabase] Started initializing EmeritusDatabase
[2025-04-05 22:13:44] [INFO] [EmeritusDatabase] Finished initializing EmeritusDatabase
[2025-04-05 22:13:44] [INFO] [Component] Setting dark_dragon_Huhysa_6f2019cd-b9eb-450b-9ae6-02e12356ece4 on to 0_2_5c75b424-e205-41e1-8d03-38f348c4207c.
[2025-04-05 22:13:44] [INFO] [SpeedQueue] Added unit enemy:Huhysa into queue
[2025-04-05 22:13:44] [INFO] [Component] Setting dark_dragon_Qykdyu_c2505eac-2940-4ce0-812b-7a1016363036 on to 4_9_7dbd61f3-b65f-44f8-b405-5127d5225568.
[2025-04-05 22:13:44] [INFO] [SpeedQueue] Added unit enemy:Qykdyu into queue
[2025-04-05 22:13:44] [INFO] [Component] Setting dragon_Buxu_ac64a8a0-d72c-4504-820c-3a06f1598d35 on to 7_4_f2a9b8a7-c7d0-41fb-be47-f430a49c5555.
[2025-04-05 22:13:44] [INFO] [SpeedQueue] Added unit enemy:Buxu into queue
[2025-04-05 22:13:44] [INFO] [Component] Setting dark_dragon_Tydyo_cd7aebe7-3de4-428c-b4a0-b603e9343032 on to 14_6_69f13d47-2f40-492a-aa06-77f4eec27c5c.
[2025-04-05 22:13:44] [INFO] [SpeedQueue] Added unit enemy:Tydyo into queue
[2025-04-05 22:13:44] [INFO] [Component] Setting fire_dragon_Cuini_333db692-6eaf-4729-a32d-5e01d624b312 on to 9_5_373b2d0f-c225-4e8a-93ae-11a28ce743bb.
[2025-04-05 22:13:44] [INFO] [SpeedQueue] Added unit enemy:Cuini into queue
[2025-04-05 22:13:44] [INFO] [Component] Setting earth_dragon_Lagee_e1e49b16-27fd-46b4-9e8d-7d1d0fa0d912 on to 5_13_b0b53c5e-8b70-4ab8-937c-b740b080bbf3.
[2025-04-05 22:13:44] [INFO] [SpeedQueue] Added unit enemy:Lagee into queue
[2025-04-05 22:13:44] [INFO] [Component] Setting air_dragon_Oava_fdb92282-036a-4890-9333-884ca4be4fa3 on to 4_10_9924bfb0-ac9a-4027-a6f8-809930898c79.
[2025-04-05 22:13:44] [INFO] [SpeedQueue] Added unit enemy:Oava into queue
[2025-04-05 22:13:44] [INFO] [Component] Setting light_dragon_Huuhe_6120153d-5999-467d-9767-d7789526ec89 on to 6_14_d4d6cea2-a570-4e5c-918f-272f0e30e597.
[2025-04-05 22:13:44] [INFO] [SpeedQueue] Added unit enemy:Huuhe into queue
[2025-04-05 22:13:44] [INFO] [Component] Setting fire_dragon_Foly_af13f9cf-479a-4af3-ac09-c7ec490e12e7 on to 11_6_74c1a31d-dc29-43bf-b6f9-1702c23025f7.
[2025-04-05 22:13:44] [INFO] [SpeedQueue] Added unit enemy:Foly into queue
[2025-04-05 22:13:44] [INFO] [Component] Setting water_dragon_Feyk_bdefde2a-4989-49f8-b47b-833962b629b3 on to 2_8_9505273d-99ec-45ed-83b9-280fdd91a983.
[2025-04-05 22:13:44] [INFO] [SpeedQueue] Added unit enemy:Feyk into queue
[2025-04-05 22:13:44] [INFO] [Component] Setting dragon_Uiukru_caa184b3-dc3f-4638-9ebc-43f9387e7573 on to 10_4_76fa5589-4764-4505-8a4a-579a6c4f0c1a.
[2025-04-05 22:13:44] [INFO] [SpeedQueue] Added unit enemy:Uiukru into queue
[2025-04-05 22:13:44] [INFO] [Component] Setting fire_dragon_Mafiu_ae58e923-eaf2-4408-8b06-23112b421d98 on to 8_10_b20bdd26-6bfd-4752-afad-93ca8e62f218.
[2025-04-05 22:13:44] [INFO] [SpeedQueue] Added unit enemy:Mafiu into queue
[2025-04-05 22:13:44] [INFO] [Component] Setting dark_dragon_Eyxi_974b719b-c4f7-4130-bee0-8663fd073bff on to 12_8_8f7284bd-3fe0-4135-9e0c-49630c3e2abc.
[2025-04-05 22:13:44] [INFO] [SpeedQueue] Added unit enemy:Eyxi into queue
[2025-04-05 22:13:44] [INFO] [Component] Setting air_dragon_Lotue_35fc149a-7db0-4f28-b9d2-0a9b16cd2356 on to 12_13_6fa35a49-4c2a-425e-b3a4-29f5efe33f9f.
[2025-04-05 22:13:44] [INFO] [SpeedQueue] Added unit enemy:Lotue into queue
[2025-04-05 22:13:44] [INFO] [Component] Setting dragon_Woleie_38728d09-55b5-46aa-8a00-e953971c50e7 on to 6_13_b96d5164-c0ca-4165-a846-807507677bd7.
[2025-04-05 22:13:44] [INFO] [SpeedQueue] Added unit enemy:Woleie into queue
[2025-04-05 22:13:44] [INFO] [Component] Setting light_dragon_Eefpyy_30da2e1f-b31a-41a3-bff5-81e346065d9b on to 8_14_8cab7e16-0a6c-453d-ba16-5602e29ce540.
[2025-04-05 22:13:44] [INFO] [SpeedQueue] Added unit enemy:Eefpyy into queue
[2025-04-05 22:13:44] [INFO] [Component] Setting light_dragon_Eokoe_f4e2b138-cdc2-4095-89ab-f9c80cab6368 on to 1_1_7bfcbe59-cc5a-4c5e-a8b7-c43610091a6e.
[2025-04-05 22:13:44] [INFO] [SpeedQueue] Added unit enemy:Eokoe into queue
[2025-04-05 22:13:44] [INFO] [Component] Setting dark_dragon_Jyxu_957a4a6f-a520-4558-b516-3be8a83f88aa on to 5_11_d9bfbe02-001e-4502-9efb-a6e25ee860af.
[2025-04-05 22:13:44] [INFO] [SpeedQueue] Added unit enemy:Jyxu into queue
[2025-04-05 22:13:44] [INFO] [Component] Setting earth_dragon_Ciojk_9e74b71c-1eaf-46b3-b849-bc41fb655c67 on to 11_10_e4e6590c-5e0b-4ea8-a23d-c01547b59675.
[2025-04-05 22:13:44] [INFO] [SpeedQueue] Added unit enemy:Ciojk into queue
[2025-04-05 22:13:44] [INFO] [Component] Setting fire_dragon_Xiwfs_470b9709-ea8d-47af-b0f0-25626d105ff1 on to 6_1_4d4efa4b-232e-45b4-b2aa-1215070cc080.
[2025-04-05 22:13:44] [INFO] [SpeedQueue] Added unit enemy:Xiwfs into queue
[2025-04-05 22:13:44] [INFO] [Component] Setting light_dragon_Disbyy_639bae84-4411-4b8a-a9f4-5ab73238b1fd on to 11_3_29655c8f-0c5d-43e1-9c6c-9f5fdcf8e8dc.
[2025-04-05 22:13:44] [INFO] [SpeedQueue] Added unit enemy:Disbyy into queue
[2025-04-05 22:13:44] [INFO] [Component] Setting air_dragon_Kubc_b56dfaa5-19f2-4bd3-a92a-653e1852a5ca on to 9_14_151372