[2025-04-05 09:44:12] [INFO] [UnitDatabase] Started initializing UnitDatabase
[2025-04-05 09:44:12] [INFO] [UnitDatabase] Successfully initialized UnitDatabase
[2025-04-05 09:44:12] [INFO] [UnitDatabase] Finished initializing UnitDatabase
[2025-04-05 09:44:12] [INFO] [AbilityDatabase] Started initializing AbilityDatabase
[2025-04-05 09:44:12] [INFO] [AbilityDatabase] Successfully initialized AbilityDatabase
[2025-04-05 09:44:12] [INFO] [AbilityDatabase] Finished initializing AbilityDatabase
[2025-04-05 09:44:12] [INFO] [UserSaveStateManager] Started loading user save data
[2025-04-05 09:44:12] [INFO] [UserSaveStateManager] Finished loading user save data
[2025-04-05 09:44:13] [INFO] [AssetPool] Started initializing AssetPool
[2025-04-05 09:44:13] [INFO] [AssetNameSpace] Started loading Sprite's from ./res/graphics
[2025-04-05 09:44:13] [INFO] [AssetNameSpace] Finished reading files for sprites
[2025-04-05 09:44:13] [INFO] [AssetNameSpace] Finished loading ./res/graphics
[2025-04-05 09:44:13] [INFO] [AssetPool] Finished initializing AssetPool
[2025-04-05 09:44:13] [INFO] [JsonDatabase] Started initializing JsonDatabase
[2025-04-05 09:44:13] [INFO] [JsonTable] Started initializing JsonTable
[2025-04-05 09:44:13] [INFO] [JsonTable] Successfully initialized JsonTable
[2025-04-05 09:44:13] [INFO] [JsonTable] Finished initializing JsonTable
[2025-04-05 09:44:13] [INFO] [JsonTable] Started initializing JsonTable
[2025-04-05 09:44:13] [INFO] [JsonTable] Successfully initialized JsonTable
[2025-04-05 09:44:13] [INFO] [JsonTable] Finished initializing JsonTable
[2025-04-05 09:44:13] [INFO] [JsonTable] Started initializing JsonTable
[2025-04-05 09:44:13] [INFO] [JsonTable] Successfully initialized JsonTable
[2025-04-05 09:44:13] [INFO] [JsonTable] Finished initializing JsonTable
[2025-04-05 09:44:13] [INFO] [JsonDatabase] Successfully initialized JsonDatabase
[2025-04-05 09:44:13] [INFO] [JsonDatabase] Finished initializing JsonDatabase
[2025-04-05 09:44:13] [INFO] [Component] Setting f3777c9c-ee02-405e-be81-dd87bffb4c13 on to 6a2a2ef9-2d7c-417a-b9b7-b30563e752ca.
[2025-04-05 09:44:13] [INFO] [SpeedQueue] Added unit enemy:Bibwre into queue
[2025-04-05 09:44:13] [INFO] [Component] Setting 683dde96-0b87-4cd7-aef7-26295986b29c on to c718527e-8376-42c9-a11c-0250c8a9824c.
[2025-04-05 09:44:13] [INFO] [SpeedQueue] Added unit enemy:Natiyr into queue
[2025-04-05 09:44:13] [INFO] [Component] Setting e16cd1de-bfba-47c8-971d-b6dbf42089f3 on to 0a0f28c3-f945-4bd4-ae1c-c7cdb372bf02.
[2025-04-05 09:44:13] [INFO] [SpeedQueue] Added unit enemy:Xusc into queue
[2025-04-05 09:44:13] [INFO] [Component] Setting 59d0cfa5-8e85-4503-84ef-145f68681b4f on to cb4a5a2e-7fe5-4ba4-aa33-389f19f5d3de.
[2025-04-05 09:44:13] [INFO] [SpeedQueue] Added unit enemy:Varyi into queue
[2025-04-05 09:44:13] [INFO] [Component] Setting b23090d9-0405-4945-a6b7-d74d057fce36 on to 9db74e74-fd57-448f-964d-76d221142a29.
[2025-04-05 09:44:13] [INFO] [SpeedQueue] Added unit enemy:Yoaay into queue
[2025-04-05 09:44:13] [INFO] [Component] Setting 02b3f05a-6293-473f-8d54-c4f88a5ef44f on to ad279c25-bad6-49b2-8a0a-26d35e26617d.
[2025-04-05 09:44:13] [INFO] [SpeedQueue] Added unit enemy:Yotui into queue
[2025-04-05 09:44:13] [INFO] [Component] Setting ec4eb3a5-2794-44e6-8ac0-f3c60d311c1b on to 0cce681b-3da3-4170-88a1-334d819c9c5d.
[2025-04-05 09:44:13] [INFO] [SpeedQueue] Added unit enemy:Qoliiu into queue
[2025-04-05 09:44:13] [INFO] [Component] Setting d767d7ea-c2ab-482a-a762-1ebcebaa16f7 on to af9009a1-3771-4240-8134-a5eaee285f02.
[2025-04-05 09:44:13] [INFO] [SpeedQueue] Added unit enemy:Oeqw into queue
[2025-04-05 09:44:13] [INFO] [Component] Setting b2eaed32-f4c6-4bbe-9828-aa1d45907c2c on to 6e4c4ed4-d029-48c5-8d5c-b38fb3bd9bf4.
[2025-04-05 09:44:13] [INFO] [SpeedQueue] Added unit enemy:Daikye into queue
[2025-04-05 09:44:13] [INFO] [Component] Setting 6605447b-62ca-473c-b0ea-75cbb7d17725 on to b044e96d-a53f-4aab-8ab8-4de9149cf388.
[2025-04-05 09:44:13] [INFO] [SpeedQueue] Added unit enemy:Xukiy into queue
[2025-04-05 09:44:13] [INFO] [Component] Setting 66240d6e-c24b-40c2-9106-614d61099b0a on to 59fb52d8-0385-4b78-9e1d-c827547bd945.
[2025-04-05 09:44:13] [INFO] [SpeedQueue] Added unit enemy:Jykfo into queue
[2025-04-05 09:44:13] [INFO] [Component] Setting f4e4103b-105c-485c-b7fc-3b3d3d7b5dff on to 69532b2e-8137-4c2d-a2a5-3be2163ce891.
[2025-04-05 09:44:13] [INFO] [SpeedQueue] Added unit enemy:Puexiu into queue
[2025-04-05 09:44:13] [INFO] [Component] Setting ba1c279a-a9e8-430c-af9b-516a60d7dec4 on to 7c36c300-efad-4b58-a404-8138c15a83e8.
[2025-04-05 09:44:13] [INFO] [SpeedQueue] Added unit enemy:Kitwi into queue
[2025-04-05 09:44:13] [INFO] [Component] Setting a8710dff-9f7a-4567-b1cf-5128464a4562 on to dc053e35-220f-4520-a6d0-8c781d0d53c4.
[2025-04-05 09:44:13] [INFO] [SpeedQueue] Added unit enemy:Qioxi into queue
[2025-04-05 09:44:13] [INFO] [Component] Setting b5738958-2a46-4e5e-b658-0a5d104752ef on to a4cbce2b-9945-47c8-aac6-cda789a6fc55.
[2025-04-05 09:44:13] [INFO] [SpeedQueue] Added unit enemy:Yilz into queue
[2025-04-05 09:44:13] [INFO] [Component] Setting e84456b4-d09a-46fd-a0d7-4f96a2933dd6 on to 55618800-0989-4588-820a-8e424c458329.
[2025-04-05 09:44:13] [INFO] [SpeedQueue] Added unit enemy:Xyeyui into queue
[2025-04-05 09:44:13] [INFO] [Component] Setting 2880fe55-1ecd-4236-8122-216fc8a9e952 on to 9d556d93-2b62-44f6-a2f7-8dce57ac8371.
[2025-04-05 09:44:13] [INFO] [SpeedQueue] Added unit enemy:Eebbb into queue
[2025-04-05 09:44:13] [INFO] [Component] Setting 7341d94e-d86e-452d-ba3b-e1610f7bd10d on to a725cf9a-fa8f-4e31-8554-4580035ccbac.
[2025-04-05 09:44:13] [INFO] [SpeedQueue] Added unit enemy:Aemadi into queue
[2025-04-05 09:44:13] [INFO] [Component] Setting af4206c6-6ec2-4d2e-8396-807b2e250065 on to 38c47e92-5f90-40cb-845c-99511d513eb1.
[2025-04-05 09:44:13] [INFO] [SpeedQueue] Added unit enemy:Jatre into queue
[2025-04-05 09:44:13] [INFO] [Component] Setting 3b2defff-1029-4d10-8f67-c1fa11372329 on to a76b6325-61cc-4c8c-9210-9845d5391592.
[2025-04-05 09:44:13] [INFO] [SpeedQueue] Added unit enemy:Vusa into queue
[2025-04-05 09:44:13] [INFO] [Component] Setting c4c950b0-14ec-429a-95a9-a95722c48a68 on to e96ebdfa-3356-47d2-8c87-9e3c559cd7b8.
[2025-04-05 09:44:13] [INFO] [SpeedQueue] Added unit enemy:Jyyxi into queue
[2025-04-05 09:44:13] [INFO] [EngineController] Started setting scene to MENU_SCENE
[2025-04-05 09:44:13] [INFO] [EngineController] Finished setting scene to MENU_SCENE
[2025-04-05 09:44:13] [INFO] [EngineController] Started setting scene to GAME_SCENE
[2025-04-05 09:44:13] [INFO] [FontPool] Started initializing FontPool
[2025-04-05 09:44:13] [INFO] [FontPool] ✅ Successfully loaded font: Lilian
[2025-04-05 09:44:14] [INFO] [EngineController] Finished setting scene to GAME_SCENE
[2025-04-05 09:44:14] [INFO] [SpeedQueue] Speed queue updated.
[2025-04-05 09:44:14] [INFO] [TimeLinePanel] Started updating the timeline panel after turn order has changed.
[2025-04-05 09:44:14] [INFO] [TimeLinePanel] Finished updating the timeline panel after turn order has changed.
[2025-04-05 09:44:14] [INFO] [SelectedTilePanel] Checksum updated, getting units at selected tiles.
[2025-04-05 09:44:14] [INFO] [SelectedTilePanel] Either no unit selected or more than one unit selected
[2025-04-05 09:44:14] [INFO] [LesserStatisticsInformationPanel] Checksum has been updated, querying statistics for unit b2eaed32-f4c6-4bbe-9828-aa1d45907c2c
[2025-04-05 09:44:14] [INFO] [VisualsSystem] Started creating blurred background
[2025-04-05 09:44:14] [INFO] [VisualsSystem] Finished creating blurred background after 0.49128273129463196 seconds
[2025-04-05 09:44:15] [INFO] [MovementSystem] Daikye is planning to move from [10, 2] to [10, 4]
[2025-04-05 09:44:15] [INFO] [MovementSystem] Updated movement area for Daikye
[2025-04-05 09:44:15] [INFO] [MovementSystem] Updated movement path for Daikye
[2025-04-05 09:44:15] [INFO] [Component] Setting b2eaed32-f4c6-4bbe-9828-aa1d45907c2c on to 4c1eeafc-3d41-4ed9-af50-f8b96a4bca87.
[2025-04-05 09:44:15] [INFO] [MovementSystem] Moved from [10, 2] to [10, 4]
[2025-04-05 09:44:15] [INFO] [MovementSystem] {} has moved
[2025-04-05 09:44:16] [INFO] [AbilitySystem] Daikye Triggered ability system
[2025-04-05 09:44:17] [INFO] [TimeLinePanel] Started updating the timeline panel after turn order has changed.
[2025-04-05 09:44:17] [INFO] [TimeLinePanel] Finished updating the timeline panel after turn order has changed.
[2025-04-05 09:44:17] [INFO] [MovementSystem] Yilz is planning to move from [8, 3] to [8, 1]
[2025-04-05 09:44:17] [INFO] [MovementSystem] Updated movement area for Yilz
[2025-04-05 09:44:17] [INFO] [MovementSystem] Updated movement path for Yilz
[2025-04-05 09:44:17] [INFO] [Component] Setting b5738958-2a46-4e5e-b658-0a5d104752ef on to f6fa2ae0-90c7-4d31-acfa-3aa4d8c8f0fa.
[2025-04-05 09:44:17] [INFO] [MovementSystem] Moved from [8, 3] to [8, 1]
[2025-04-05 09:44:17] [INFO] [MovementSystem] {} has moved
[2025-04-05 09:44:17] [INFO] [InputHandler] Gliding 0 camera to new tile 0cce681b-3da3-4170-88a1-334d819c9c5d
[2025-04-05 09:44:17] [INFO] [InputHandler] Gliding 1 camera to new tile 0cce681b-3da3-4170-88a1-334d819c9c5d
[2025-04-05 09:44:17] [INFO] [SelectedTilePanel] Checksum updated, getting units at selected tiles.
[2025-04-05 09:44:17] [INFO] [SelectedTilePanel] Updated selected tile display to view Qoliiu
[2025-04-05 09:44:17] [INFO] [LesserStatisticsInformationPanel] Finished updating Greater UI
[2025-04-05 09:44:18] [INFO] [InputHandler] Gliding 0 camera to new tile f6fa2ae0-90c7-4d31-acfa-3aa4d8c8f0fa
[2025-04-05 09:44:18] [INFO] [InputHandler] Gliding 1 camera to new tile f6fa2ae0-90c7-4d31-acfa-3aa4d8c8f0fa
[2025-04-05 09:44:18] [INFO] [SelectedTilePanel] Checksum updated, getting units at selected tiles.
[2025-04-05 09:44:18] [INFO] [SelectedTilePanel] Updated selected tile display to view Yilz
[2025-04-05 09:44:18] [INFO] [LesserStatisticsInformationPanel] Finished updating Greater UI
[2025-04-05 09:44:18] [INFO] [AbilitySystem] Yilz Triggered ability system
[2025-04-05 09:44:19] [INFO] [TimeLinePanel] Started updating the timeline panel after turn order has changed.
[2025-04-05 09:44:19] [INFO] [TimeLinePanel] Finished updating the timeline panel after turn order has changed.
[2025-04-05 09:44:19] [INFO] [MovementSystem] Qoliiu is planning to move from [3, 2] to [5, 2]
[2025-04-05 09:44:19] [INFO] [MovementSystem] Updated movement area for Qoliiu
[2025-04-05 09:44:19] [INFO] [MovementSystem] Updated movement path for Qoliiu
[2025-04-05 09:44:19] [INFO] [Component] Setting ec4eb3a5-2794-44e6-8ac0-f3c60d311c1b on to 600f011a-420a-45e5-ba48-541675bda425.
[2025-04-05 09:44:19] [INFO] [MovementSystem] Moved from [3, 2] to [5, 2]
[2025-04-05 09:44:19] [INFO] [MovementSystem] {} has moved
[2025-04-05 09:44:19] [INFO] [InputHandler] Gliding 0 camera to new tile 9d556d93-2b62-44f6-a2f7-8dce57ac8371
[2025-04-05 09:44:19] [INFO] [InputHandler] Gliding 1 camera to new tile 9d556d93-2b62-44f6-a2f7-8dce57ac8371
[2025-04-05 09:44:19] [INFO] [SelectedTilePanel] Checksum updated, getting units at selected tiles.
[2025-04-05 09:44:19] [INFO] [SelectedTilePanel] Updated selected tile display to view Eebbb
[2025-04-05 09:44:19] [INFO] [LesserStatisticsInformationPanel] Finished updating Greater UI
[2025-04-05 09:44:20] [INFO] [AbilitySystem] Qoliiu Triggered ability system
[2025-04-05 09:44:21] [INFO] [TimeLinePanel] Started updating the timeline panel after turn order has changed.
[2025-04-05 09:44:21] [INFO] [TimeLinePanel] Finished updating the timeline panel after turn order has changed.
[2025-04-05 09:44:21] [INFO] [MovementSystem] Oeqw is planning to move from [4, 10] to [5, 9]
[2025-04-05 09:44:21] [INFO] [MovementSystem] Updated movement area for Oeqw
[2025-04-05 09:44:21] [INFO] [MovementSystem] Updated movement path for Oeqw
[2025-04-05 09:44:21] [INFO] [Component] Setting d767d7ea-c2ab-482a-a762-1ebcebaa16f7 on to 08e6401d-1c71-4577-9193-d2e8cbb092e8.
[2025-04-05 09:44:21] [INFO] [MovementSystem] Moved from [4, 10] to [5, 9]
[2025-04-05 09:44:21] [INFO] [MovementSystem] {} has moved
[2025-04-05 09:44:21] [INFO] [DevPanel] Setting camera mode
[2025-04-05 09:44:22] [INFO] [AbilitySystem] Oeqw Triggered ability system
[2025-04-05 09:44:23] [INFO] [TimeLinePanel] Started updating the timeline panel after turn order has changed.
[2025-04-05 09:44:23] [INFO] [TimeLinePanel] Finished updating the timeline panel after turn order has changed.
[2025-04-05 09:44:23] [INFO] [SelectedTilePanel] Checksum updated, getting units at selected tiles.
[2025-04-05 09:44:23] [INFO] [SelectedTilePanel] Updated selected tile display to view Kitwi
[2025-04-05 09:44:23] [INFO] [LesserStatisticsInformationPanel] Finished updating Greater UI
[2025-04-05 09:44:23] [INFO] [InputHandler] Gliding 0 camera to new tile 7c36c300-efad-4b58-a404-8138c15a83e8
[2025-04-05 09:44:23] [INFO] [InputHandler] Gliding 1 camera to new tile 7c36c300-efad-4b58-a404-8138c15a83e8
[2025-04-05 09:44:23] [INFO] [MovementSystem] Kitwi is planning to move from [11, 2] to [12, 2]
[2025-04-05 09:44:23] [INFO] [MovementSystem] Updated movement area for Kitwi
[2025-04-05 09:44:23] [INFO] [MovementSystem] Updated movement path for Kitwi
[2025-04-05 09:44:23] [INFO] [Component] Setting ba1c279a-a9e8-430c-af9b-516a60d7dec4 on to 2d248103-2ed9-4a10-9d98-3872f0828ae9.
[2025-04-05 09:44:23] [INFO] [MovementSystem] Moved from [11, 2] to [12, 2]
[2025-04-05 09:44:23] [INFO] [MovementSystem] {} has moved
[2025-04-05 09:44:23] [INFO] [SelectedTilePanel] Checksum updated, getting units at selected tiles.
[2025-04-05 09:44:23] [INFO] [SelectedTilePanel] Updated selected tile display to view Kitwi
[2025-04-05 09:44:23] [INFO] [LesserStatisticsInformationPanel] Finished updating Greater UI
[2025-04-05 09:44:23] [INFO] [InputHandler] Gliding 0 camera to new tile 2d248103-2ed9-4a10-9d98-3872f0828ae9
[2025-04-05 09:44:23] [INFO] [InputHandler] Gliding 1 camera to new tile 2d248103-2ed9-4a10-9d98-3872f0828ae9
[2025-04-05 09:44:24] [INFO] [AbilitySystem] Kitwi Triggered ability system
[2025-04-05 09:44:25] [INFO] [TimeLinePanel] Started updating the timeline panel after turn order has changed.
[2025-04-05 09:44:25] [INFO] [TimeLinePanel] Finished updating the timeline panel after turn order has changed.
[2025-04-05 09:44:25] [INFO] [SelectedTilePanel] Checksum updated, getting units at selected tiles.
[2025-04-05 09:44:25] [INFO] [SelectedTilePanel] Updated selected tile display to view Vusa
[2025-04-05 09:44:25] [INFO] [LesserStatisticsInformationPanel] Finished updating Greater UI
[2025-04-05 09:44:25] [INFO] [InputHandler] Gliding 0 camera to new tile a76b6325-61cc-4c8c-9210-9845d5391592
[2025-04-05 09:44:25] [INFO] [InputHandler] Gliding 1 camera to new tile a76b6325-61cc-4c8c-9210-9845d5391592
[2025-04-05 09:44:25] [INFO] [MovementSystem] Vusa is planning to move from [5, 13] to [3, 13]
[2025-04-05 09:44:25] [INFO] [MovementSystem] Updated movement area for Vusa
[2025-04-05 09:44:25] [INFO] [MovementSystem] Updated movement path for Vusa
[2025-04-05 09:44:25] [INFO] [Component] Setting 3b2defff-1029-4d10-8f67-c1fa11372329 on to e6088110-d590-4bcd-9448-d0cae2fbf072.
[2025-04-05 09:44:25] [INFO] [MovementSystem] Moved from [5, 13] to [3, 13]
[2025-04-05 09:44:25] [INFO] [MovementSystem] {} has moved
[2025-04-05 09:44:25] [INFO] [SelectedTilePanel] Checksum updated, getting units at selected tiles.
[2025-04-05 09:44:25] [INFO] [SelectedTilePanel] Updated selected tile display to view Vusa
[2025-04-05 09:44:25] [INFO] [LesserStatisticsInformationPanel] Finished updating Greater UI
[2025-04-05 09:44:25] [INFO] [InputHandler] Gliding 0 camera to new tile e6088110-d590-4bcd-9448-d0cae2fbf072
[2025-04-05 09:44:25] [INFO] [InputHandler] Gliding 1 camera to new tile e6088110-d590-4bcd-9448-d0cae2fbf072
[2025-04-05 09:44:26] [INFO] [AbilitySystem] Vusa Triggered ability system
[2025-04-05 09:44:27] [INFO] [TimeLinePanel] Started updating the timeline panel after turn order has changed.
[2025-04-05 09:44:27] [INFO] [TimeLinePanel] Finished updating the timeline panel after turn order has changed.
[2025-04-05 09:44:27] [INFO] [SelectedTilePanel] Checksum updated, getting units at selected tiles.
[2025-04-05 09:44:27] [INFO] [SelectedTilePanel] Updated selected tile display to view Aemadi
[2025-04-05 09:44:27] [INFO] [LesserStatisticsInformationPanel] Finished updating Greater UI
[2025-04-05 09:44:27] [INFO] [InputHandler] Gliding 0 camera to new tile a725cf9a-fa8f-4e31-8554-4580035ccbac
[2025-04-05 09:44:27] [INFO] [InputHandler] Gliding 1 camera to new tile a725cf9a-fa8f-4e31-8554-4580035ccbac
[2025-04-05 09:44:27] [INFO] [MovementSystem] Aemadi is planning to move from [14, 12] to [13, 11]
[2025-04-05 09:44:27] [INFO] [MovementSystem] Updated movement area for Aemadi
[2025-04-05 09:44:27] [INFO] [MovementSystem] Updated movement path for Aemadi
[2025-04-05 09:44:27] [INFO] [Component] Setting 7341d94e-d86e-452d-ba3b-e1610f7bd10d on to 8ab84e85-edc3-4b4f-994c-23d8dca73fa9.
[2025-04-05 09:44:27] [INFO] [MovementSystem] Moved from [14, 12] to [13, 11]
[2025-04-05 09:44:27] [INFO] [MovementSystem] {} has moved
[2025-04-05 09:44:27] [INFO] [SelectedTilePanel] Checksum updated, getting units at selected tiles.
[2025-04-05 09:44:27] [INFO] [SelectedTilePanel] Updated selected tile display to view Aemadi
[2025-04-05 09:44:27] [INFO] [LesserStatisticsInformationPanel] Finished updating Greater UI
[2025-04-05 09:44:27] [INFO] [InputHandler] Gliding 0 camera to new tile 8ab84e85-edc3-4b4f-994c-23d8dca73fa9
[2025-04-05 09:44:27] [INFO] [InputHandler] Gliding 1 camera to new tile 8ab84e85-edc3-4b4f-994c-23d8dca73fa9
[2025-04-05 09:44:28] [INFO] [AbilitySystem] Aemadi Triggered ability system
[2025-04-05 09:44:29] [INFO] [TimeLinePanel] Started updating the timeline panel after turn order has changed.
[2025-04-05 09:44:29] [INFO] [TimeLinePanel] Finished updating the timeline panel after turn order has changed.
[2025-04-05 09:44:29] [INFO] [SelectedTilePanel] Checksum updated, getting units at selected tiles.
[2025-04-05 09:44:29] [INFO] [SelectedTilePanel] Updated selected tile display to view Eebbb
[2025-04-05 09:44:29] [INFO] [LesserStatisticsInformationPanel] Finished updating Greater UI
[2025-04-05 09:44:29] [INFO] [InputHandler] Gliding 0 camera to new tile 9d556d93-2b62-44f6-a2f7-8dce57ac8371
[2025-04-05 09:44:29] [INFO] [InputHandler] Gliding 1 camera to new tile 9d556d93-2b62-44f6-a2f7-8dce57ac8371
[2025-04-05 09:44:29] [INFO] [MovementSystem] Eebbb is planning to move from [2, 4] to [2, 5]
[2025-04-05 09:44:29] [INFO] [MovementSystem] Updated movement area for Eebbb
[2025-04-05 09:44:29] [INFO] [MovementSystem] Updated movement path for Eebbb
[2025-04-05 09:44:29] [INFO] [Component] Setting 2880fe55-1ecd-4236-8122-216fc8a9e952 on to 4f1312f4-aa60-469e-be4b-f43df3b96175.
[2025-04-05 09:44:29] [INFO] [MovementSystem] Moved from [2, 4] to [2, 5]
[2025-04-05 09:44:29] [INFO] [MovementSystem] {} has moved
[2025-04-05 09:44:29] [INFO] [SelectedTilePanel] Checksum updated, getting units at selected tiles.
[2025-04-05 09:44:29] [INFO] [SelectedTilePanel] Updated selected tile display to view Eebbb
[2025-04-05 09:44:29] [INFO] [LesserStatisticsInformationPanel] Finished updating Greater UI
[2025-04-05 09:44:29] [INFO] [InputHandler] Gliding 0 camera to new tile 4f1312f4-aa60-469e-be4b-f43df3b96175
[2025-04-05 09:44:29] [INFO] [InputHandler] Gliding 1 camera to new tile 4f1312f4-aa60-469e-be4b-f43df3b96175
[2025-04-05 09:44:30] [INFO] [AbilitySystem] Eebbb Triggered ability system
[2025-04-05 09:44:31] [INFO] [TimeLinePanel] Started updating the timeline panel after turn order has changed.
[2025-04-05 09:44:31] [INFO] [TimeLinePanel] Finished updating the timeline panel after turn order has changed.
[2025-04-05 09:44:31] [INFO] [SelectedTilePanel] Checksum updated, getting units at selected tiles.
[2025-04-05 09:44:31] [INFO] [SelectedTilePanel] Updated selected tile display to view Varyi
[2025-04-05 09:44:31] [INFO] [LesserStatisticsInformationPanel] Finished updating Greater UI
[2025-04-05 09:44:31] [INFO] [InputHandler] Gliding 0 camera to new tile cb4a5a2e-7fe5-4ba4-aa33-389f19f5d3de
[2025-04-05 09:44:31] [INFO] [InputHandler] Gliding 1 camera to new tile cb4a5a2e-7fe5-4ba4-aa33-389f19f5d3de
[2025-04-05 09:44:31] [INFO] [MovementSystem] Varyi is planning to move from [14, 11] to [14, 12]
[2025-04-05 09:44:31] [INFO] [MovementSystem] Updated movement area for Varyi
[2025-04-05 09:44:31] [INFO] [MovementSystem] Updated movement path for Varyi
[2025-04-05 09:44:31] [INFO] [Component] Setting 59d0cfa5-8e85-4503-84ef-145f68681b4f on to a725cf9a-fa8f-4e31-8554-4580035ccbac.
[2025-04-05 09:44:31] [INFO] [MovementSystem] Moved from [14, 11] to [14, 12]
[2025-04-05 09:44:31] [INFO] [MovementSystem] {} has moved
[2025-04-05 09:44:31] [INFO] [SelectedTilePanel] Checksum updated, getting units at selected tiles.
[2025-04-05 09:44:31] [INFO] [SelectedTilePanel] Updated selected tile display to view Varyi
[2025-04-05 09:44:31] [INFO] [LesserStatisticsInformationPanel] Finished updating Greater UI
[2025-04-05 09:44:31] [INFO] [InputHandler] Gliding 0 camera to new tile a725cf9a-fa8f-4e31-8554-4580035ccbac
[2025-04-05 09:44:31] [INFO] [InputHandler] Gliding 1 camera to new tile a725cf9a-fa8f-4e31-8554-4580035ccbac
[2025-04-05 09:44:32] [INFO] [AbilitySystem] Varyi Triggered ability system
