[2025-04-05 08:40:43] [INFO] [UnitDatabase] Started initializing UnitDatabase
[2025-04-05 08:40:43] [INFO] [UnitDatabase] Successfully initialized UnitDatabase
[2025-04-05 08:40:43] [INFO] [UnitDatabase] Finished initializing UnitDatabase
[2025-04-05 08:40:43] [INFO] [AbilityDatabase] Started initializing AbilityDatabase
[2025-04-05 08:40:43] [INFO] [AbilityDatabase] Successfully initialized AbilityDatabase
[2025-04-05 08:40:43] [INFO] [AbilityDatabase] Finished initializing AbilityDatabase
[2025-04-05 08:40:43] [INFO] [UserSaveStateManager] Started loading user save data
[2025-04-05 08:40:43] [INFO] [UserSaveStateManager] Finished loading user save data
[2025-04-05 08:40:43] [INFO] [AssetPool] Started initializing AssetPool
[2025-04-05 08:40:43] [INFO] [AssetNameSpace] Started loading Sprite's from ./res/graphics
[2025-04-05 08:40:43] [INFO] [AssetNameSpace] Finished reading files for sprites
[2025-04-05 08:40:43] [INFO] [AssetNameSpace] Finished loading ./res/graphics
[2025-04-05 08:40:43] [INFO] [AssetPool] Finished initializing AssetPool
[2025-04-05 08:40:43] [INFO] [JsonDatabase] Started initializing JsonDatabase
[2025-04-05 08:40:43] [INFO] [JsonTable] Started initializing JsonTable
[2025-04-05 08:40:43] [INFO] [JsonTable] Successfully initialized JsonTable
[2025-04-05 08:40:43] [INFO] [JsonTable] Finished initializing JsonTable
[2025-04-05 08:40:43] [INFO] [JsonTable] Started initializing JsonTable
[2025-04-05 08:40:43] [INFO] [JsonTable] Successfully initialized JsonTable
[2025-04-05 08:40:43] [INFO] [JsonTable] Finished initializing JsonTable
[2025-04-05 08:40:43] [INFO] [JsonTable] Started initializing JsonTable
[2025-04-05 08:40:43] [INFO] [JsonTable] Successfully initialized JsonTable
[2025-04-05 08:40:43] [INFO] [JsonTable] Finished initializing JsonTable
[2025-04-05 08:40:43] [INFO] [JsonDatabase] Successfully initialized JsonDatabase
[2025-04-05 08:40:43] [INFO] [JsonDatabase] Finished initializing JsonDatabase
[2025-04-05 08:40:43] [INFO] [Component] Setting 5fdeb952-02b5-4cb9-8af5-a005f742219c on to 3398883f-ba09-4f1c-a8c9-c5b556044c6b.
[2025-04-05 08:40:43] [INFO] [SpeedQueue] Added unit enemy:Vygv into queue
[2025-04-05 08:40:43] [INFO] [Component] Setting ef04447a-e8cf-4084-aff5-047253ce46aa on to 7184493a-62f2-47c5-a298-e79d7869925c.
[2025-04-05 08:40:43] [INFO] [SpeedQueue] Added unit enemy:Oiyw into queue
[2025-04-05 08:40:43] [INFO] [Component] Setting ea49bd4e-7211-441c-a68c-e9d19092752a on to 9e2573cf-1b79-4ed0-a6fe-454c5420fb2a.
[2025-04-05 08:40:43] [INFO] [SpeedQueue] Added unit enemy:Ouux into queue
[2025-04-05 08:40:43] [INFO] [Component] Setting 97bc3757-54ec-4095-9986-924d8241ccfd on to 284ea207-90ea-4415-86a6-c87e158a3a10.
[2025-04-05 08:40:43] [INFO] [SpeedQueue] Added unit enemy:Iycmay into queue
[2025-04-05 08:40:43] [INFO] [Component] Setting 04278f18-fbd9-466e-938c-5a5c00573d30 on to 83734fc6-f28a-48ae-97cd-fb5205376691.
[2025-04-05 08:40:43] [INFO] [SpeedQueue] Added unit enemy:Pimu into queue
[2025-04-05 08:40:43] [INFO] [Component] Setting 5f99bcb0-3e36-47c1-b2bb-026224a33baf on to 92b715cc-166c-49f6-a4c5-7671e6f6d754.
[2025-04-05 08:40:43] [INFO] [SpeedQueue] Added unit enemy:Docyi into queue
[2025-04-05 08:40:43] [INFO] [Component] Setting 5cbe1542-cfc0-4831-bed2-85140690e479 on to ffa18ec8-0056-429b-8f54-b6e50f9eaa4b.
[2025-04-05 08:40:43] [INFO] [SpeedQueue] Added unit enemy:Dylyur into queue
[2025-04-05 08:40:43] [INFO] [Component] Setting 0e1aac9c-68ac-4d4c-9bc3-03c4c2a409ff on to cdc60f28-b0bc-4b47-af27-9f6eb4c2b81e.
[2025-04-05 08:40:43] [INFO] [SpeedQueue] Added unit enemy:Gyjoae into queue
[2025-04-05 08:40:43] [INFO] [Component] Setting 128cc944-cd22-4703-9292-f8a281f1baca on to 8e02066a-5aa8-495c-997c-e6583f2ade3c.
[2025-04-05 08:40:43] [INFO] [SpeedQueue] Added unit enemy:Fenbu into queue
[2025-04-05 08:40:43] [INFO] [Component] Setting 8141c80f-9705-4b3d-8270-6712c7bf328e on to 8cf1b445-476f-410e-965b-aa0eacb739e0.
[2025-04-05 08:40:43] [INFO] [SpeedQueue] Added unit enemy:Coty into queue
[2025-04-05 08:40:43] [INFO] [Component] Setting b44d3382-831f-4ecb-80e3-fabd222eff41 on to e2816580-655c-4e76-8afe-b58f3908192e.
[2025-04-05 08:40:43] [INFO] [SpeedQueue] Added unit enemy:Deniiy into queue
[2025-04-05 08:40:43] [INFO] [Component] Setting ad6451b7-b2c7-4627-adc4-ab7d11e0aa9f on to 6227e2c8-66f7-4028-9827-9beca7ba573f.
[2025-04-05 08:40:43] [INFO] [SpeedQueue] Added unit enemy:Fouyz into queue
[2025-04-05 08:40:43] [INFO] [Component] Setting 6b318d9b-3b3a-45a6-97c1-628a9ad2a429 on to 197dc370-2b67-4b2d-a94e-8d1728f2e6aa.
[2025-04-05 08:40:43] [INFO] [SpeedQueue] Added unit enemy:Teud into queue
[2025-04-05 08:40:43] [INFO] [Component] Setting b2bc4c67-6343-4c56-a166-66ef5bbb6845 on to 928db8ff-dcda-4307-b92e-f66d4aba5d7d.
[2025-04-05 08:40:43] [INFO] [SpeedQueue] Added unit enemy:Vuyaue into queue
[2025-04-05 08:40:43] [INFO] [Component] Setting db4deccf-2b31-4c78-b2be-a2d0dcfe70c3 on to 69d19e96-0ee8-4f96-8e0e-cc691262dc3d.
[2025-04-05 08:40:43] [INFO] [SpeedQueue] Added unit enemy:Totia into queue
[2025-04-05 08:40:43] [INFO] [Component] Setting be5991ba-12d4-4b5f-bb58-340ba518ff1c on to 7c7347b4-a40b-4eb8-a2c7-fc72dd8cfb16.
[2025-04-05 08:40:43] [INFO] [SpeedQueue] Added unit enemy:Woha into queue
[2025-04-05 08:40:43] [INFO] [Component] Setting f7a20c65-99fe-442c-8bde-9551ead03d72 on to 68917268-a58a-43e3-bf5d-aa0c59c23ac5.
[2025-04-05 08:40:43] [INFO] [SpeedQueue] Added unit enemy:Dorh into queue
[2025-04-05 08:40:43] [INFO] [Component] Setting 6cec2bd2-a1a7-46af-8921-7e517774b443 on to 856f95b5-8e3b-4e9c-893c-4ad47a1f79c0.
[2025-04-05 08:40:43] [INFO] [SpeedQueue] Added unit enemy:Boba into queue
[2025-04-05 08:40:43] [INFO] [Component] Setting 9c9ae772-13f8-42e3-9d4e-ce08feb20ac2 on to ec386acb-9dc7-449d-867f-0ba3b5c8cdd8.
[2025-04-05 08:40:43] [INFO] [SpeedQueue] Added unit enemy:Jesdl into queue
[2025-04-05 08:40:43] [INFO] [Component] Setting f1d801b1-7a0b-468a-ba03-48d3c9b9c905 on to f42c3e7d-c75a-445d-80e5-68831d5684be.
[2025-04-05 08:40:43] [INFO] [SpeedQueue] Added unit enemy:Wotnix into queue
[2025-04-05 08:40:43] [INFO] [Component] Setting dcaca467-9f87-4ea3-b208-cf0a8ce44994 on to c1164f41-b013-4ae8-8b16-91686ad3117c.
[2025-04-05 08:40:43] [INFO] [SpeedQueue] Added unit enemy:Lakj into queue
[2025-04-05 08:40:43] [INFO] [EngineController] Started setting scene to MENU_SCENE
[2025-04-05 08:40:43] [INFO] [EngineController] Finished setting scene to MENU_SCENE
[2025-04-05 08:40:43] [INFO] [EngineController] Started setting scene to GAME_SCENE
[2025-04-05 08:40:43] [INFO] [FontPool] Started initializing FontPool
[2025-04-05 08:40:43] [INFO] [FontPool] ✅ Successfully loaded font: Lilian
[2025-04-05 08:40:44] [INFO] [EngineController] Finished setting scene to GAME_SCENE
[2025-04-05 08:40:44] [INFO] [SpeedQueue] Speed queue updated.
[2025-04-05 08:40:44] [INFO] [TimeLinePanel] Started updating the timeline panel after turn order has changed.
[2025-04-05 08:40:44] [INFO] [TimeLinePanel] Finished updating the timeline panel after turn order has changed.
[2025-04-05 08:40:44] [INFO] [SelectedTilePanel] Checksum updated, getting units at selected tiles.
[2025-04-05 08:40:44] [INFO] [SelectedTilePanel] Either no unit selected or more than one unit selected
[2025-04-05 08:40:44] [INFO] [LesserStatisticsInformationPanel] Checksum has been updated, querying statistics for unit 5fdeb952-02b5-4cb9-8af5-a005f742219c
[2025-04-05 08:40:44] [INFO] [VisualsSystem] Started creating blurred background
[2025-04-05 08:40:45] [INFO] [VisualsSystem] Finished creating blurred background after 0.4894604980945587 seconds
[2025-04-05 08:40:45] [INFO] [MovementSystem] Vygv is planning to move from [9, 1] to [9, 0]
[2025-04-05 08:40:45] [INFO] [MovementSystem] Updated movement area for Vygv
[2025-04-05 08:40:45] [INFO] [MovementSystem] Updated movement path for Vygv
[2025-04-05 08:40:45] [INFO] [Component] Setting 5fdeb952-02b5-4cb9-8af5-a005f742219c on to acba5f84-f69d-416c-8cea-5d8561a0d7f6.
[2025-04-05 08:40:45] [INFO] [MovementSystem] Moved from [9, 1] to [9, 0]
[2025-04-05 08:40:45] [INFO] [MovementSystem] {} has moved
[2025-04-05 08:40:45] [INFO] [SelectedTilePanel] Checksum updated, getting units at selected tiles.
[2025-04-05 08:40:45] [INFO] [SelectedTilePanel] Updated selected tile display to view Vygv
[2025-04-05 08:40:45] [INFO] [LesserStatisticsInformationPanel] Finished updating Greater UI
[2025-04-05 08:40:45] [INFO] [InputHandler] Gliding 0 camera to new tile acba5f84-f69d-416c-8cea-5d8561a0d7f6
[2025-04-05 08:40:45] [INFO] [InputHandler] Gliding 1 camera to new tile acba5f84-f69d-416c-8cea-5d8561a0d7f6
[2025-04-05 08:40:46] [INFO] [AbilitySystem] Vygv Triggered ability system
[2025-04-05 08:40:47] [INFO] [TimeLinePanel] Started updating the timeline panel after turn order has changed.
[2025-04-05 08:40:47] [INFO] [TimeLinePanel] Finished updating the timeline panel after turn order has changed.
[2025-04-05 08:40:47] [INFO] [MovementSystem] Iycmay is planning to move from [1, 14] to [0, 14]
[2025-04-05 08:40:47] [INFO] [MovementSystem] Updated movement area for Iycmay
[2025-04-05 08:40:47] [INFO] [MovementSystem] Updated movement path for Iycmay
[2025-04-05 08:40:47] [INFO] [Component] Setting 97bc3757-54ec-4095-9986-924d8241ccfd on to f1563e62-d655-44a9-afe2-b39b09b727b6.
[2025-04-05 08:40:47] [INFO] [MovementSystem] Moved from [1, 14] to [0, 14]
[2025-04-05 08:40:47] [INFO] [MovementSystem] {} has moved
[2025-04-05 08:40:47] [INFO] [SelectedTilePanel] Checksum updated, getting units at selected tiles.
[2025-04-05 08:40:47] [INFO] [SelectedTilePanel] Updated selected tile display to view Iycmay
[2025-04-05 08:40:47] [INFO] [LesserStatisticsInformationPanel] Finished updating Greater UI
[2025-04-05 08:40:47] [INFO] [InputHandler] Gliding 0 camera to new tile f1563e62-d655-44a9-afe2-b39b09b727b6
[2025-04-05 08:40:47] [INFO] [InputHandler] Gliding 1 camera to new tile f1563e62-d655-44a9-afe2-b39b09b727b6
[2025-04-05 08:40:48] [INFO] [AbilitySystem] Iycmay Triggered ability system
[2025-04-05 08:40:49] [INFO] [TimeLinePanel] Started updating the timeline panel after turn order has changed.
[2025-04-05 08:40:49] [INFO] [TimeLinePanel] Finished updating the timeline panel after turn order has changed.
[2025-04-05 08:40:49] [INFO] [MovementSystem] Teud is planning to move from [0, 5] to [0, 3]
[2025-04-05 08:40:49] [INFO] [MovementSystem] Updated movement area for Teud
[2025-04-05 08:40:49] [INFO] [MovementSystem] Updated movement path for Teud
[2025-04-05 08:40:49] [INFO] [Component] Setting 6b318d9b-3b3a-45a6-97c1-628a9ad2a429 on to 977de644-73ad-4983-9792-8212b6d395bf.
[2025-04-05 08:40:49] [INFO] [MovementSystem] Moved from [0, 5] to [0, 3]
[2025-04-05 08:40:49] [INFO] [MovementSystem] {} has moved
[2025-04-05 08:40:49] [INFO] [SelectedTilePanel] Checksum updated, getting units at selected tiles.
[2025-04-05 08:40:49] [INFO] [SelectedTilePanel] Updated selected tile display to view Teud
[2025-04-05 08:40:49] [INFO] [LesserStatisticsInformationPanel] Finished updating Greater UI
[2025-04-05 08:40:49] [INFO] [InputHandler] Gliding 0 camera to new tile 977de644-73ad-4983-9792-8212b6d395bf
[2025-04-05 08:40:49] [INFO] [InputHandler] Gliding 1 camera to new tile 977de644-73ad-4983-9792-8212b6d395bf
[2025-04-05 08:40:50] [INFO] [AbilitySystem] Teud Triggered ability system
[2025-04-05 08:40:51] [INFO] [TimeLinePanel] Started updating the timeline panel after turn order has changed.
[2025-04-05 08:40:51] [INFO] [TimeLinePanel] Finished updating the timeline panel after turn order has changed.
[2025-04-05 08:40:51] [INFO] [MovementSystem] Deniiy is planning to move from [11, 8] to [11, 7]
[2025-04-05 08:40:51] [INFO] [MovementSystem] Updated movement area for Deniiy
[2025-04-05 08:40:51] [INFO] [MovementSystem] Updated movement path for Deniiy
[2025-04-05 08:40:51] [INFO] [Component] Setting b44d3382-831f-4ecb-80e3-fabd222eff41 on to a9cebc22-f73d-46f5-b6e6-2603048a6468.
[2025-04-05 08:40:51] [INFO] [MovementSystem] Moved from [11, 8] to [11, 7]
[2025-04-05 08:40:51] [INFO] [MovementSystem] {} has moved
[2025-04-05 08:40:51] [INFO] [SelectedTilePanel] Checksum updated, getting units at selected tiles.
[2025-04-05 08:40:51] [INFO] [SelectedTilePanel] Updated selected tile display to view Deniiy
[2025-04-05 08:40:51] [INFO] [LesserStatisticsInformationPanel] Finished updating Greater UI
[2025-04-05 08:40:51] [INFO] [InputHandler] Gliding 0 camera to new tile a9cebc22-f73d-46f5-b6e6-2603048a6468
[2025-04-05 08:40:51] [INFO] [InputHandler] Gliding 1 camera to new tile a9cebc22-f73d-46f5-b6e6-2603048a6468
[2025-04-05 08:40:52] [INFO] [AbilitySystem] Deniiy Triggered ability system
