[2025-06-05 01:30:41] [INFO] [UnitTable] Started initializing UnitTable
[2025-06-05 01:30:41] [INFO] [EmeritusDatabase] Started initializing EmeritusDatabase
[2025-06-05 01:30:41] [INFO] [EmeritusDatabase] Finished initializing EmeritusDatabase
[2025-06-05 01:30:41] [INFO] [UnitTable] Successfully initialized UnitTable
[2025-06-05 01:30:41] [INFO] [UnitTable] Finished initializing UnitTable
[2025-06-05 01:30:41] [INFO] [AbilityTable] Started initializing AbilityTable
[2025-06-05 01:30:41] [INFO] [AbilityTable] Finished initializing AbilityTable
[2025-06-05 01:30:41] [INFO] [UserSaveStateManager] Started loading user save data
[2025-06-05 01:30:41] [INFO] [UserSaveStateManager] Finished loading user save data
[2025-06-05 01:30:41] [INFO] [AssetPool] Started initializing AssetPool
[2025-06-05 01:30:41] [INFO] [AssetNameSpace] Started loading Sprite's from ./res/graphics
[2025-06-05 01:30:41] [INFO] [AssetNameSpace] Finished reading files for sprites
[2025-06-05 01:30:41] [INFO] [AssetNameSpace] Finished loading ./res/graphics
[2025-06-05 01:30:41] [INFO] [AssetPool] Finished initializing AssetPool
[2025-06-05 01:30:41] [INFO] [Component] Setting UNIT_air_dragon___NICKNAME_Velyhr___3905f697-6d25-4e2f-8095-6f7bcea67bb3 on to {"row":3,"column":1,"base_elevation":0,"spawn_region":"Left","unit":"UNIT_air_dragon___NICKNAME_Velyhr___3905f697-6d25-4e2f-8095-6f7bcea67bb3","layers":{"empty":false},"total_elevation":9}.
[2025-06-05 01:30:41] [INFO] [SpeedQueue] Added unit UNIT_air_dragon___NICKNAME_Velyhr___3905f697-6d25-4e2f-8095-6f7bcea67bb3 into queue
[2025-06-05 01:30:41] [INFO] [Component] Setting UNIT_earth_dragon___NICKNAME_Lotyn___c26bbbcc-01dc-4835-8c33-12c4023af0cd on to {"row":1,"column":1,"base_elevation":0,"spawn_region":"Left","unit":"UNIT_earth_dragon___NICKNAME_Lotyn___c26bbbcc-01dc-4835-8c33-12c4023af0cd","layers":{"empty":false},"total_elevation":8}.
[2025-06-05 01:30:41] [INFO] [SpeedQueue] Added unit UNIT_earth_dragon___NICKNAME_Lotyn___c26bbbcc-01dc-4835-8c33-12c4023af0cd into queue
[2025-06-05 01:30:41] [INFO] [Component] Setting UNIT_light_dragon___NICKNAME_Basdbo___62aea4e6-f07a-4590-9110-bcd473c3773e on to {"row":9,"column":0,"base_elevation":0,"spawn_region":"Left","unit":"UNIT_light_dragon___NICKNAME_Basdbo___62aea4e6-f07a-4590-9110-bcd473c3773e","layers":{"empty":false},"total_elevation":8}.
[2025-06-05 01:30:41] [INFO] [SpeedQueue] Added unit UNIT_light_dragon___NICKNAME_Basdbo___62aea4e6-f07a-4590-9110-bcd473c3773e into queue
[2025-06-05 01:30:41] [INFO] [Component] Setting UNIT_fire_dragon___NICKNAME_Calzv___8cd8e8a8-b2d8-42ba-b44f-bf99bc48abd8 on to {"row":1,"column":0,"base_elevation":0,"spawn_region":"Left","unit":"UNIT_fire_dragon___NICKNAME_Calzv___8cd8e8a8-b2d8-42ba-b44f-bf99bc48abd8","layers":{"empty":false},"total_elevation":8}.
[2025-06-05 01:30:41] [INFO] [SpeedQueue] Added unit UNIT_fire_dragon___NICKNAME_Calzv___8cd8e8a8-b2d8-42ba-b44f-bf99bc48abd8 into queue
[2025-06-05 01:30:41] [INFO] [Component] Setting UNIT_water_dragon___NICKNAME_Jude___5f594ee7-8167-4822-a105-e51e71b98852 on to {"row":6,"column":0,"base_elevation":0,"spawn_region":"Left","unit":"UNIT_water_dragon___NICKNAME_Jude___5f594ee7-8167-4822-a105-e51e71b98852","layers":{"empty":false},"total_elevation":10}.
[2025-06-05 01:30:41] [INFO] [SpeedQueue] Added unit UNIT_water_dragon___NICKNAME_Jude___5f594ee7-8167-4822-a105-e51e71b98852 into queue
[2025-06-05 01:30:41] [INFO] [Component] Setting UNIT_air_dragon___NICKNAME_Qilsu___6ea71326-55b9-4cb9-b074-ee91049c26dc on to {"row":1,"column":12,"base_elevation":0,"spawn_region":"Right","unit":"UNIT_air_dragon___NICKNAME_Qilsu___6ea71326-55b9-4cb9-b074-ee91049c26dc","layers":{"empty":false},"total_elevation":9}.
[2025-06-05 01:30:41] [INFO] [SpeedQueue] Added unit UNIT_air_dragon___NICKNAME_Qilsu___6ea71326-55b9-4cb9-b074-ee91049c26dc into queue
[2025-06-05 01:30:41] [INFO] [Component] Setting UNIT_water_dragon___NICKNAME_Vohao___033cd3db-b02a-4318-8ab8-f32e4b9e53c6 on to {"row":9,"column":11,"base_elevation":0,"spawn_region":"Right","unit":"UNIT_water_dragon___NICKNAME_Vohao___033cd3db-b02a-4318-8ab8-f32e4b9e53c6","layers":{"empty":false},"total_elevation":7}.
[2025-06-05 01:30:41] [INFO] [SpeedQueue] Added unit UNIT_water_dragon___NICKNAME_Vohao___033cd3db-b02a-4318-8ab8-f32e4b9e53c6 into queue
[2025-06-05 01:30:41] [INFO] [Component] Setting UNIT_earth_dragon___NICKNAME_Nagi___0d8feab1-b92d-44dd-9701-1b69cf5655a5 on to {"row":8,"column":12,"base_elevation":0,"spawn_region":"Right","unit":"UNIT_earth_dragon___NICKNAME_Nagi___0d8feab1-b92d-44dd-9701-1b69cf5655a5","layers":{"empty":false},"total_elevation":7}.
[2025-06-05 01:30:41] [INFO] [SpeedQueue] Added unit UNIT_earth_dragon___NICKNAME_Nagi___0d8feab1-b92d-44dd-9701-1b69cf5655a5 into queue
[2025-06-05 01:30:41] [INFO] [Component] Setting UNIT_dark_dragon___NICKNAME_Xefoci___57673ebd-3322-421d-ab46-63d8f8672906 on to {"row":6,"column":11,"base_elevation":0,"spawn_region":"Right","unit":"UNIT_dark_dragon___NICKNAME_Xefoci___57673ebd-3322-421d-ab46-63d8f8672906","layers":{"empty":false},"total_elevation":7}.
[2025-06-05 01:30:41] [INFO] [SpeedQueue] Added unit UNIT_dark_dragon___NICKNAME_Xefoci___57673ebd-3322-421d-ab46-63d8f8672906 into queue
[2025-06-05 01:30:41] [INFO] [Component] Setting UNIT_dark_dragon___NICKNAME_Oeway___ec9c57a0-662b-4d0e-b9cd-e602e8a90a57 on to {"row":7,"column":12,"base_elevation":0,"spawn_region":"Right","unit":"UNIT_dark_dragon___NICKNAME_Oeway___ec9c57a0-662b-4d0e-b9cd-e602e8a90a57","layers":{"empty":false},"total_elevation":7}.
[2025-06-05 01:30:41] [INFO] [SpeedQueue] Added unit UNIT_dark_dragon___NICKNAME_Oeway___ec9c57a0-662b-4d0e-b9cd-e602e8a90a57 into queue
[2025-06-05 01:30:41] [INFO] [EngineController] Started setting scene to MENU_SCENE
[2025-06-05 01:30:42] [INFO] [EngineController] Finished setting scene to MENU_SCENE
[2025-06-05 01:30:42] [INFO] [EngineController] Started setting scene to GAME_SCENE
[2025-06-05 01:30:42] [INFO] [FontPool] Started initializing FontPool
[2025-06-05 01:30:42] [INFO] [FontPool] ✅ Successfully loaded font: Lilian
[2025-06-05 01:30:42] [INFO] [EngineController] Finished setting scene to GAME_SCENE
[2025-06-05 01:30:42] [INFO] [AbilitySystem] Started updating {} because of ability
[2025-06-05 01:30:42] [INFO] [AbilitySystem] Finished update updating {} because of ability
[2025-06-05 01:30:42] [INFO] [AbilitySystem] Started updating {} because of ability
[2025-06-05 01:30:42] [INFO] [AbilitySystem] Finished update updating {} because of ability
[2025-06-05 01:30:42] [INFO] [AbilitySystem] Started updating {} because of ability
[2025-06-05 01:30:42] [INFO] [AbilitySystem] Finished update updating {} because of ability
[2025-06-05 01:30:42] [INFO] [AbilitySystem] Started updating {} because of ability
[2025-06-05 01:30:42] [INFO] [AbilitySystem] Finished update updating {} because of ability
[2025-06-05 01:30:42] [INFO] [AbilitySystem] Started updating {} because of ability
[2025-06-05 01:30:42] [INFO] [AbilitySystem] Finished update updating {} because of ability
[2025-06-05 01:30:42] [INFO] [AbilitySystem] Started updating {} because of ability
[2025-06-05 01:30:42] [INFO] [AbilitySystem] Finished update updating {} because of ability
[2025-06-05 01:30:42] [INFO] [AbilitySystem] Started updating {} because of ability
[2025-06-05 01:30:42] [INFO] [AbilitySystem] Finished update updating {} because of ability
[2025-06-05 01:30:42] [INFO] [AbilitySystem] Started updating {} because of ability
[2025-06-05 01:30:42] [INFO] [AbilitySystem] Finished update updating {} because of ability
[2025-06-05 01:30:42] [INFO] [AbilitySystem] Started updating {} because of ability
[2025-06-05 01:30:42] [INFO] [AbilitySystem] Finished update updating {} because of ability
[2025-06-05 01:30:42] [INFO] [AbilitySystem] Started updating {} because of ability
[2025-06-05 01:30:42] [INFO] [AbilitySystem] Finished update updating {} because of ability
[2025-06-05 01:30:42] [INFO] [SpeedQueue] Speed queue updated.
[2025-06-05 01:30:42] [INFO] [UpdateSystem] ============================== New Round ================================
[2025-06-05 01:30:42] [INFO] [AbilityPanel] Updating ability selection for UNIT_earth_dragon___NICKNAME_Lotyn___c26bbbcc-01dc-4835-8c33-12c4023af0cd
[2025-06-05 01:30:42] [INFO] [AbilityPanel] Finished ability selection for UNIT_earth_dragon___NICKNAME_Lotyn___c26bbbcc-01dc-4835-8c33-12c4023af0cd
[2025-06-05 01:30:42] [INFO] [MovementPanel] Started update to Movement Information panel.
[2025-06-05 01:30:42] [INFO] [MovementPanel] Finished update to Movement Information panel.
[2025-06-05 01:30:42] [INFO] [TimeLinePanel] Started updating the timeline panel after turn order has changed.
[2025-06-05 01:30:42] [INFO] [TimeLinePanel] Finished updating the timeline panel after turn order has changed.
[2025-06-05 01:30:42] [INFO] [SelectedTilePanel] Checksum updated, getting units at selected tiles.
[2025-06-05 01:30:42] [INFO] [SelectedTilePanel] Either no unit selected or more than one unit selected
[2025-06-05 01:30:42] [INFO] [VisualsSystem] Started creating blurred background
[2025-06-05 01:30:43] [INFO] [VisualsSystem] Finished creating blurred background after 0.49839645624160767 seconds
[2025-06-05 01:30:43] [INFO] [AbilitySystem] Started updating {} because of ability
[2025-06-05 01:30:43] [INFO] [AbilitySystem] Finished update updating {} because of ability
[2025-06-05 01:30:43] [INFO] [AbilitySystem] Started updating {} because of ability
[2025-06-05 01:30:43] [INFO] [AbilitySystem] Finished update updating {} because of ability
[2025-06-05 01:30:43] [INFO] [AbilitySystem] Started updating {} because of ability
[2025-06-05 01:30:43] [INFO] [AbilitySystem] Finished update updating {} because of ability
[2025-06-05 01:30:43] [INFO] [AbilitySystem] Started updating {} because of ability
[2025-06-05 01:30:43] [INFO] [AbilitySystem] Finished update updating {} because of ability
[2025-06-05 01:30:43] [INFO] [AbilitySystem] Started updating {} because of ability
[2025-06-05 01:30:43] [INFO] [AbilitySystem] Finished update updating {} because of ability
[2025-06-05 01:30:43] [INFO] [AbilitySystem] Started updating {} because of ability
[2025-06-05 01:30:43] [INFO] [AbilitySystem] Finished update updating {} because of ability
[2025-06-05 01:30:43] [INFO] [AbilitySystem] Started updating {} because of ability
[2025-06-05 01:30:43] [INFO] [AbilitySystem] Finished update updating {} because of ability
[2025-06-05 01:30:43] [INFO] [AbilitySystem] Started updating {} because of ability
[2025-06-05 01:30:43] [INFO] [AbilitySystem] Finished update updating {} because of ability
[2025-06-05 01:30:43] [INFO] [AbilitySystem] Started updating {} because of ability
[2025-06-05 01:30:43] [INFO] [AbilitySystem] Finished update updating {} because of ability
[2025-06-05 01:30:43] [INFO] [AbilitySystem] Started updating {} because of ability
[2025-06-05 01:30:43] [INFO] [AbilitySystem] Finished update updating {} because of ability
[2025-06-05 01:30:43] [INFO] [AbilityPanel] Updating ability selection for UNIT_earth_dragon___NICKNAME_Lotyn___c26bbbcc-01dc-4835-8c33-12c4023af0cd
[2025-06-05 01:30:43] [INFO] [AbilityPanel] Finished ability selection for UNIT_earth_dragon___NICKNAME_Lotyn___c26bbbcc-01dc-4835-8c33-12c4023af0cd
[2025-06-05 01:30:43] [INFO] [MovementPanel] Started update to Movement Information panel.
[2025-06-05 01:30:43] [INFO] [MovementPanel] Finished update to Movement Information panel.
[2025-06-05 01:30:43] [INFO] [AbilitySystem] Started updating {} because of ability
[2025-06-05 01:30:43] [INFO] [AbilitySystem] Finished update updating {} because of ability
[2025-06-05 01:30:43] [INFO] [AbilitySystem] Started updating {} because of ability
[2025-06-05 01:30:43] [INFO] [AbilitySystem] Finished update updating {} because of ability
[2025-06-05 01:30:43] [INFO] [AbilitySystem] Started updating {} because of ability
[2025-06-05 01:30:43] [INFO] [AbilitySystem] Finished update updating {} because of ability
[2025-06-05 01:30:43] [INFO] [AbilitySystem] Started updating {} because of ability
[2025-06-05 01:30:43] [INFO] [AbilitySystem] Finished update updating {} because of ability
[2025-06-05 01:30:43] [INFO] [AbilitySystem] Started updating {} because of ability
[2025-06-05 01:30:43] [INFO] [AbilitySystem] Finished update updating {} because of ability
[2025-06-05 01:30:43] [INFO] [AbilitySystem] Started updating {} because of ability
[2025-06-05 01:30:43] [INFO] [AbilitySystem] Finished update updating {} because of ability
[2025-06-05 01:30:43] [INFO] [AbilitySystem] Started updating {} because of ability
[2025-06-05 01:30:43] [INFO] [AbilitySystem] Finished update updating {} because of ability
[2025-06-05 01:30:43] [INFO] [AbilitySystem] Started updating {} because of ability
[2025-06-05 01:30:43] [INFO] [AbilitySystem] Finished update updating {} because of ability
[2025-06-05 01:30:43] [INFO] [AbilitySystem] Started updating {} because of ability
[2025-06-05 01:30:43] [INFO] [AbilitySystem] Finished update updating {} because of ability
[2025-06-05 01:30:43] [INFO] [AbilitySystem] Started updating {} because of ability
[2025-06-05 01:30:43] [INFO] [AbilitySystem] Finished update updating {} because of ability
[2025-06-05 01:30:43] [INFO] [AbilitySystem] Started updating {} because of ability
[2025-06-05 01:30:43] [INFO] [AbilitySystem] Finished update updating {} because of ability
[2025-06-05 01:30:43] [INFO] [AbilitySystem] Started updating {} because of ability
[2025-06-05 01:30:43] [INFO] [AbilitySystem] Finished update updating {} because of ability
[2025-06-05 01:30:43] [INFO] [AbilitySystem] Started updating {} because of ability
[2025-06-05 01:30:43] [INFO] [AbilitySystem] Finished update updating {} because of ability
[2025-06-05 01:30:43] [INFO] [AbilitySystem] Started updating {} because of ability
[2025-06-05 01:30:43] [INFO] [AbilitySystem] Finished update updating {} because of ability
[2025-06-05 01:30:43] [INFO] [AbilitySystem] Started updating {} because of ability
[2025-06-05 01:30:43] [INFO] [AbilitySystem] Finished update updating {} because of ability
[2025-06-05 01:30:43] [INFO] [AbilitySystem] Started updating {} because of ability
[2025-06-05 01:30:43] [INFO] [AbilitySystem] Finished update updating {} because of ability
[2025-06-05 01:30:43] [INFO] [AbilitySystem] Started updating {} because of ability
[2025-06-05 01:30:43] [INFO] [AbilitySystem] Finished update updating {} because of ability
[2025-06-05 01:30:43] [INFO] [AbilitySystem] Started updating {} because of ability
[2025-06-05 01:30:43] [INFO] [AbilitySystem] Finished update updating {} because of ability
[2025-06-05 01:48:46] [INFO] [InputHandler] Gliding 0 camera to new tile ROW_1___COLUMN_1___8d4807e6-0acc-4f98-9af6-14546b273f3b
[2025-06-05 01:48:46] [INFO] [StatisticsPanel] Started updating statistics information panel
[2025-06-05 01:48:46] [INFO] [StatisticsPanel] Finished updating statistics information panel
[2025-06-05 01:48:46] [INFO] [GameModel] Updated movement range to 7 for Lotyn
[2025-06-05 01:48:46] [INFO] [GameModel] Updated movement path from [1, 1] to [6, 9] for Lotyn
[2025-06-05 01:48:46] [INFO] [GameModel] Updated movement range to 7 for Lotyn
[2025-06-05 01:48:46] [INFO] [GameModel] Updated movement path from [1, 1] to [5, 9] for Lotyn
[2025-06-05 01:48:46] [INFO] [GameModel] Updated movement range to 7 for Lotyn
[2025-06-05 01:48:46] [INFO] [GameModel] Updated movement path from [1, 1] to [5, 9] for Lotyn
[2025-06-05 01:48:47] [INFO] [GameModel] Updated movement range to 7 for Lotyn
[2025-06-05 01:48:47] [INFO] [GameModel] Updated movement path from [1, 1] to [5, 8] for Lotyn
[2025-06-05 01:48:47] [INFO] [GameModel] Updated movement range to 7 for Lotyn
[2025-06-05 01:48:47] [INFO] [GameModel] Updated movement path from [1, 1] to [5, 8] for Lotyn
[2025-06-05 01:48:47] [INFO] [GameModel] Updated movement range to 7 for Lotyn
[2025-06-05 01:48:47] [INFO] [GameModel] Updated movement path from [1, 1] to [4, 8] for Lotyn
[2025-06-05 01:48:47] [INFO] [GameModel] Updated movement range to 7 for Lotyn
[2025-06-05 01:48:47] [INFO] [GameModel] Updated movement path from [1, 1] to [4, 8] for Lotyn
[2025-06-05 01:48:47] [INFO] [GameModel] Updated movement range to 7 for Lotyn
[2025-06-05 01:48:47] [INFO] [GameModel] Updated movement path from [1, 1] to [4, 7] for Lotyn
[2025-06-05 01:48:47] [INFO] [GameModel] Updated movement range to 7 for Lotyn
[2025-06-05 01:48:47] [INFO] [GameModel] Updated movement path from [1, 1] to [4, 7] for Lotyn
[2025-06-05 01:48:47] [INFO] [GameModel] Updated movement range to 7 for Lotyn
[2025-06-05 01:48:47] [INFO] [GameModel] Updated movement path from [1, 1] to [4, 6] for Lotyn
[2025-06-05 01:48:47] [INFO] [GameModel] Updated movement range to 7 for Lotyn
[2025-06-05 01:48:47] [INFO] [GameModel] Updated movement path from [1, 1] to [4, 6] for Lotyn
[2025-06-05 01:48:47] [INFO] [GameModel] Updated movement range to 7 for Lotyn
[2025-06-05 01:48:47] [INFO] [GameModel] Updated movement path from [1, 1] to [4, 5] for Lotyn
[2025-06-05 01:48:47] [INFO] [GameModel] Updated movement range to 7 for Lotyn
[2025-06-05 01:48:47] [INFO] [GameModel] Updated movement path from [1, 1] to [4, 5] for Lotyn
[2025-06-05 01:48:47] [INFO] [GameModel] Updated movement range to 7 for Lotyn
[2025-06-05 01:48:47] [INFO] [GameModel] Updated movement path from [1, 1] to [3, 5] for Lotyn
[2025-06-05 01:48:47] [INFO] [GameModel] Updated movement range to 7 for Lotyn
[2025-06-05 01:48:47] [INFO] [GameModel] Updated movement path from [1, 1] to [3, 5] for Lotyn
[2025-06-05 01:48:47] [INFO] [GameModel] Updated movement range to 7 for Lotyn
[2025-06-05 01:48:47] [INFO] [GameModel] Updated movement path from [1, 1] to [3, 4] for Lotyn
[2025-06-05 01:48:47] [INFO] [GameModel] Updated movement range to 7 for Lotyn
[2025-06-05 01:48:47] [INFO] [GameModel] Updated movement path from [1, 1] to [3, 4] for Lotyn
[2025-06-05 01:48:47] [INFO] [GameModel] Updated movement range to 7 for Lotyn
[2025-06-05 01:48:47] [INFO] [GameModel] Updated movement path from [1, 1] to [3, 3] for Lotyn
[2025-06-05 01:48:47] [INFO] [GameModel] Updated movement range to 7 for Lotyn
[2025-06-05 01:48:47] [INFO] [GameModel] Updated movement path from [1, 1] to [2, 3] for Lotyn
[2025-06-05 01:48:47] [INFO] [GameModel] Updated movement range to 7 for Lotyn
[2025-06-05 01:48:47] [INFO] [GameModel] Updated movement path from [1, 1] to [2, 2] for Lotyn
[2025-06-0