[2025-03-20 18:38:27] [INFO] [AssetPool] Started initializing AssetPool
[2025-03-20 18:38:27] [INFO] [Engine] HEAP ALLOCATION INCREASED! 1.0 GB of 16.0 GB used
[2025-03-20 18:38:27] [INFO] [SpriteSheetOG] Started loading Sprite's from ./res/graphics
[2025-03-20 18:38:27] [INFO] [SpriteSheetOG] Finished reading files for sprites
[2025-03-20 18:38:27] [INFO] [Sprite] Finished loading ./res/graphics/misc/blue_reticle.png
[2025-03-20 18:38:27] [INFO] [Sprite] Finished loading ./res/graphics/misc/pink_spawn.png
[2025-03-20 18:38:27] [INFO] [Sprite] Finished loading ./res/graphics/misc/reticle.png
[2025-03-20 18:38:27] [INFO] [Sprite] Finished loading ./res/graphics/misc/yellow_spawn.png
[2025-03-20 18:38:27] [INFO] [Sprite] Finished loading ./res/graphics/misc/blue_spawn.png
[2025-03-20 18:38:27] [INFO] [Sprite] Finished loading ./res/graphics/misc/red_reticle.png
[2025-03-20 18:38:27] [INFO] [Sprite] Finished loading ./res/graphics/misc/depth_shadows.png
[2025-03-20 18:38:27] [INFO] [Sprite] Finished loading ./res/graphics/misc/yellow_reticle.png
[2025-03-20 18:38:27] [INFO] [Sprite] Finished loading ./res/graphics/misc/red_spawn.png
[2025-03-20 18:38:27] [INFO] [Sprite] Finished loading ./res/graphics/misc/directional_shadows.png
[2025-03-20 18:38:27] [INFO] [Sprite] Finished loading ./res/graphics/shadows/northwest.png
[2025-03-20 18:38:27] [INFO] [Sprite] Finished loading ./res/graphics/shadows/west.png
[2025-03-20 18:38:27] [INFO] [Sprite] Finished loading ./res/graphics/shadows/north.png
[2025-03-20 18:38:27] [INFO] [Sprite] Finished loading ./res/graphics/shadows/east.png
[2025-03-20 18:38:27] [INFO] [Sprite] Finished loading ./res/graphics/shadows/northeast.png
[2025-03-20 18:38:27] [INFO] [Sprite] Finished loading ./res/graphics/shadows/south.png
[2025-03-20 18:38:27] [INFO] [Sprite] Finished loading ./res/graphics/shadows/southwest.png
[2025-03-20 18:38:27] [INFO] [Sprite] Finished loading ./res/graphics/shadows/southeast.png
[2025-03-20 18:38:27] [INFO] [Sprite] Finished loading ./res/graphics/structures/tree3_structure.png
[2025-03-20 18:38:27] [INFO] [Sprite] Finished loading ./res/graphics/structures/tree4_structure.png
[2025-03-20 18:38:27] [INFO] [Sprite] Finished loading ./res/graphics/structures/tree1_structure.png
[2025-03-20 18:38:28] [INFO] [Sprite] Finished loading ./res/graphics/structures/tree5_structure.png
[2025-03-20 18:38:28] [INFO] [Sprite] Finished loading ./res/graphics/structures/tree2_structure.png
[2025-03-20 18:38:28] [INFO] [Sprite] Finished loading ./res/graphics/structures/tree6_structure.png
[2025-03-20 18:38:28] [INFO] [Sprite] Finished loading ./res/graphics/wall_tiles/rock_wall2.png
[2025-03-20 18:38:28] [INFO] [Sprite] Finished loading ./res/graphics/wall_tiles/sandstone_wall.png
[2025-03-20 18:38:28] [INFO] [Sprite] Finished loading ./res/graphics/wall_tiles/elden_yellow_wall.png
[2025-03-20 18:38:28] [INFO] [Sprite] Finished loading ./res/graphics/wall_tiles/vine_on_wall.png
[2025-03-20 18:38:28] [INFO] [Sprite] Finished loading ./res/graphics/wall_tiles/boulder_wall.png
[2025-03-20 18:38:28] [INFO] [Sprite] Finished loading ./res/graphics/wall_tiles/white_marble_wall.png
[2025-03-20 18:38:28] [INFO] [Sprite] Finished loading ./res/graphics/wall_tiles/elden_green_wall.png
[2025-03-20 18:38:28] [INFO] [Sprite] Finished loading ./res/graphics/wall_tiles/brown_marble_wall.png
[2025-03-20 18:38:28] [INFO] [Sprite] Finished loading ./res/graphics/wall_tiles/small_brick_wall.png
[2025-03-20 18:38:28] [INFO] [Sprite] Finished loading ./res/graphics/wall_tiles/moss_wall.png
[2025-03-20 18:38:28] [INFO] [Sprite] Finished loading ./res/graphics/wall_tiles/dirt_brick_vine_wall.png
[2025-03-20 18:38:28] [INFO] [Sprite] Finished loading ./res/graphics/wall_tiles/elden_purple_wall.png
[2025-03-20 18:38:28] [INFO] [Sprite] Finished loading ./res/graphics/wall_tiles/large_brick_wall.png
[2025-03-20 18:38:28] [INFO] [Sprite] Finished loading ./res/graphics/wall_tiles/dirt_wall.png
[2025-03-20 18:38:28] [INFO] [Sprite] Finished loading ./res/graphics/wall_tiles/alien_wall.png
[2025-03-20 18:38:28] [INFO] [Sprite] Finished loading ./res/graphics/wall_tiles/industrial_brick_wall.png
[2025-03-20 18:38:28] [INFO] [Sprite] Finished loading ./res/graphics/wall_tiles/rock_wall.png
[2025-03-20 18:38:28] [INFO] [Sprite] Finished loading ./res/graphics/wall_tiles/dirt_wall2.png
[2025-03-20 18:38:28] [INFO] [Sprite] Finished loading ./res/graphics/wall_tiles/moss_wall2.png
[2025-03-20 18:38:28] [INFO] [Sprite] Finished loading ./res/graphics/wall_tiles/moss_wall3.png
[2025-03-20 18:38:28] [INFO] [Sprite] Finished loading ./res/graphics/wall_tiles/no_wall.png
[2025-03-20 18:38:28] [INFO] [Sprite] Finished loading ./res/graphics/wall_tiles/alien_rune_wall.png
[2025-03-20 18:38:28] [INFO] [Sprite] Finished loading ./res/graphics/wall_tiles/industrial_wall.png
[2025-03-20 18:38:28] [INFO] [Sprite] Finished loading ./res/graphics/wall_tiles/small_brick_wall2.png
[2025-03-20 18:38:28] [INFO] [Sprite] Finished loading ./res/graphics/old/liquids 2.png
[2025-03-20 18:38:28] [INFO] [Sprite] Finished loading ./res/graphics/old/gems.png
[2025-03-20 18:38:28] [INFO] [Sprite] Finished loading ./res/graphics/old/floors.png
[2025-03-20 18:38:28] [INFO] [Sprite] Finished loading ./res/graphics/old/terrains.png
[2025-03-20 18:38:28] [INFO] [Sprite] Finished loading ./res/graphics/old/gemsRaw.png
[2025-03-20 18:38:28] [INFO] [Sprite] Finished loading ./res/graphics/old/walls.png
[2025-03-20 18:38:28] [INFO] [Sprite] Finished loading ./res/graphics/old/special2.png
[2025-03-20 18:38:28] [INFO] [Sprite] Finished loading ./res/graphics/old/structures.png
[2025-03-20 18:38:28] [INFO] [Sprite] Finished loading ./res/graphics/old/special.png
[2025-03-20 18:38:28] [INFO] [Sprite] Finished loading ./res/graphics/old/liquids.png
[2025-03-20 18:38:28] [INFO] [Sprite] Finished loading ./res/graphics/old/units.png
[2025-03-20 18:38:28] [INFO] [Sprite] Finished loading ./res/graphics/old/terrains2.png
[2025-03-20 18:38:28] [INFO] [Sprite] Finished loading ./res/graphics/old/floors2.png
[2025-03-20 18:38:28] [INFO] [Sprite] Finished loading ./res/graphics/floor_tiles/sand_1_floor.png
[2025-03-20 18:38:28] [INFO] [Sprite] Finished loading ./res/graphics/floor_tiles/sand_dark_floor.png
[2025-03-20 18:38:28] [INFO] [Sprite] Finished loading ./res/graphics/floor_tiles/dirty_grass_1_floor.png
[2025-03-20 18:38:28] [INFO] [Sprite] Finished loading ./res/graphics/floor_tiles/white_sand_floor.png
[2025-03-20 18:38:28] [INFO] [Sprite] Finished loading ./res/graphics/floor_tiles/white_sands_2.png
[2025-03-20 18:38:28] [INFO] [Sprite] Finished loading ./res/graphics/floor_tiles/dirty_grass_2_floor.png
[2025-03-20 18:38:28] [INFO] [Sprite] Finished loading ./res/graphics/floor_tiles/sand_3_floor.png
[2025-03-20 18:38:28] [INFO] [Sprite] Finished loading ./res/graphics/floor_tiles/obsidian_floor.png
[2025-03-20 18:38:28] [INFO] [Sprite] Finished loading ./res/graphics/floor_tiles/base_floor.png
[2025-03-20 18:38:28] [INFO] [Sprite] Finished loading ./res/graphics/floor_tiles/sand_floor.png
[2025-03-20 18:38:28] [INFO] [Sprite] Finished loading ./res/graphics/floor_tiles/dirty_grass_3_floor.png
[2025-03-20 18:38:28] [INFO] [Sprite] Finished loading ./res/graphics/floor_tiles/sand_2_floor.png
[2025-03-20 18:38:28] [INFO] [Sprite] Finished loading ./res/graphics/units/Air_Dragon.png
[2025-03-20 18:38:28] [INFO] [Sprite] Finished loading ./res/graphics/units/Dragon.png
[2025-03-20 18:38:28] [INFO] [Sprite] Finished loading ./res/graphics/units/Dark_Dragon.png
[2025-03-20 18:38:28] [INFO] [Sprite] Finished loading ./res/graphics/units/Earth_Dragon.png
[2025-03-20 18:38:28] [INFO] [Sprite] Finished loading ./res/graphics/units/Light_Dragon.png
[2025-03-20 18:38:28] [INFO] [Sprite] Finished loading ./res/graphics/units/Water_Dragon.png
[2025-03-20 18:38:28] [INFO] [Sprite] Finished loading ./res/graphics/units/Fire_Dragon.png
[2025-03-20 18:38:28] [INFO] [Sprite] Finished loading ./res/graphics/actions/StatsDown.png
[2025-03-20 18:38:28] [INFO] [Sprite] Finished loading ./res/graphics/actions/PhysicalHit4.png
[2025-03-20 18:38:28] [INFO] [Sprite] Finished loading ./res/graphics/actions/Slash.png
[2025-03-20 18:38:28] [INFO] [Sprite] Finished loading ./res/graphics/actions/Air.png
[2025-03-20 18:38:28] [INFO] [Sprite] Finished loading ./res/graphics/actions/Dark.png
[2025-03-20 18:38:28] [INFO] [Sprite] Finished loading ./res/graphics/actions/Blunt.png
[2025-03-20 18:38:28] [INFO] [Sprite] Finished loading ./res/graphics/actions/Fire.png
[2025-03-20 18:38:28] [INFO] [Sprite] Finished loading ./res/graphics/actions/Earth.png
[2025-03-20 18:38:28] [INFO] [Sprite] Finished loading ./res/graphics/actions/Light.png
[2025-03-20 18:38:28] [INFO] [Sprite] Finished loading ./res/graphics/actions/StatsUp.png
[2025-03-20 18:38:28] [INFO] [Sprite] Finished loading ./res/graphics/actions/Water.png
[2025-03-20 18:38:28] [INFO] [Sprite] Finished loading ./res/graphics/actions/Pierce.png
[2025-03-20 18:38:28] [INFO] [Sprite] Finished loading ./res/graphics/spells/LightSpell.png
[2025-03-20 18:38:28] [INFO] [Sprite] Finished loading ./res/graphics/spells/StatsDown.png
[2025-03-20 18:38:28] [INFO] [Sprite] Finished loading ./res/graphics/spells/WindSpell.png
[2025-03-20 18:38:28] [INFO] [Sprite] Finished loading ./res/graphics/spells/WaterSpell.png
[2025-03-20 18:38:28] [INFO] [Sprite] Finished loading ./res/graphics/spells/PhysicalHit4.png
[2025-03-20 18:38:28] [INFO] [Sprite] Finished loading ./res/graphics/spells/PhysicalHit1.png
[2025-03-20 18:38:28] [INFO] [Sprite] Finished loading ./res/graphics/spells/LightningSpell.png
[2025-03-20 18:38:28] [INFO] [Sprite] Finished loading ./res/graphics/spells/PhysicalHit3.png
[2025-03-20 18:38:28] [INFO] [Sprite] Finished loading ./res/graphics/spells/PhysicalHit2.png
[2025-03-20 18:38:28] [INFO] [Sprite] Finished loading ./res/graphics/spells/FireSpell.png
[2025-03-20 18:38:28] [INFO] [Sprite] Finished loading ./res/graphics/spells/DarkSpell.png
[2025-03-20 18:38:28] [INFO] [Sprite] Finished loading ./res/graphics/spells/StatsUp.png
[2025-03-20 18:38:28] [INFO] [Sprite] Finished loading ./res/graphics/spells/EarthSpell.png
[2025-03-20 18:38:28] [INFO] [Sprite] Finished loading ./res/graphics/liquids/greater_leafage_liquid.png
[2025-03-20 18:38:28] [INFO] [Sprite] Finished loading ./res/graphics/liquids/waterV4_liquid.png
[2025-03-20 18:38:28] [INFO] [Sprite] Finished loading ./res/graphics/liquids/shallow_swamp.png
[2025-03-20 18:38:28] [INFO] [Sprite] Finished loading ./res/graphics/liquids/water5.png
[2025-03-20 18:38:28] [INFO] [Sprite] Finished loading ./res/graphics/liquids/swamp_2.png
[2025-03-20 18:38:28] [INFO] [Sprite] Finished loading ./res/graphics/liquids/Lava_liquid.png
[2025-03-20 18:38:28] [INFO] [Sprite] Finished loading ./res/graphics/liquids/swamp2.png
[2025-03-20 18:38:28] [INFO] [Sprite] Finished loading ./res/graphics/liquids/waterV33_liquid.png
[2025-03-20 18:38:28] [INFO] [Sprite] Finished loading ./res/graphics/liquids/shallow_water_liquid.png
[2025-03-20 18:38:28] [INFO] [Sprite] Finished loading ./res/graphics/liquids/water_liquid.png
[2025-03-20 18:38:28] [INFO] [Sprite] Finished loading ./res/graphics/liquids/waterV2_liquid.png
[2025-03-20 18:38:28] [INFO] [Sprite] Finished loading ./res/graphics/liquids/swamp2_liquid.png
[2025-03-20 18:38:28] [INFO] [SpriteSheetOG] Finished loading ./res/graphics
[2025-03-20 18:38:28] [INFO] [AssetPool] Finished initializing AssetPool
[2025-03-20 18:38:28] [INFO] [FontPoolV1] Started initializing FontPoolV1
[2025-03-20 18:38:28] [INFO] [FontPoolV1] Finished initializing FontPoolV1
[2025-03-20 18:38:28] [INFO] [UnitDatabase] Started initializing UnitDatabase
[2025-03-20 18:38:28] [INFO] [UnitDatabase] Successfully initialized UnitDatabase
[2025-03-20 18:38:28] [INFO] [UnitDatabase] Finished initializing UnitDatabase
[2025-03-20 18:38:28] [INFO] [JsonDatabase] Started initializing JsonDatabase
[2025-03-20 18:38:28] [INFO] [JsonTable] Started initializing JsonTable
[2025-03-20 18:38:28] [INFO] [JsonTable] Successfully initialized JsonTable
[2025-03-20 18:38:28] [INFO] [JsonTable] Finished initializing JsonTable
[2025-03-20 18:38:28] [INFO] [JsonTable] Started initializing JsonTable
[2025-03-20 18:38:28] [INFO] [JsonTable] Successfully initialized JsonTable
[2025-03-20 18:38:28] [INFO] [JsonTable] Finished initializing JsonTable
[2025-03-20 18:38:28] [INFO] [JsonTable] Started initializing JsonTable
[2025-03-20 18:38:28] [INFO] [JsonTable] Successfully initialized JsonTable
[2025-03-20 18:38:28] [INFO] [JsonTable] Finished initializing JsonTable
[2025-03-20 18:38:28] [INFO] [JsonDatabase] Successfully initialized JsonDatabase
[2025-03-20 18:38:28] [INFO] [JsonDatabase] Finished initializing JsonDatabase
[2025-03-20 18:38:28] [INFO] [Component] Setting 18972637-5920-495e-940a-ba490d6e1683 on to 9ac13ce5-4d18-4452-8b0f-5cad4e54723f.
[2025-03-20 18:38:28] [INFO] [SpeedQueue] Added unit enemy:Wahu into queue
[2025-03-20 18:38:28] [INFO] [Component] Setting 2f5d8783-7e61-4499-8c6e-7a99d9ace419 on to e27ee017-88b9-4d1e-9f34-ad74c645f76b.
[2025-03-20 18:38:28] [INFO] [SpeedQueue] Added unit enemy:Ceds into queue
[2025-03-20 18:38:28] [INFO] [Component] Setting ffcc90c1-7d85-4a90-9b43-83e4b994c06d on to 147a7508-0849-42ae-8adf-87b96dce1385.
[2025-03-20 18:38:28] [INFO] [SpeedQueue] Added unit enemy:Qaafo into queue
[2025-03-20 18:38:28] [INFO] [Component] Setting 5a991e56-d1d3-4dd0-8919-4b521473c73c on to 1afafa16-35b6-4a58-9335-c11226c5ab41.
[2025-03-20 18:38:28] [INFO] [SpeedQueue] Added unit enemy:Oytca into queue
[2025-03-20 18:38:28] [INFO] [Component] Setting fc36ee39-51b9-47c1-96b1-4b16d9ad750f on to a3b6219b-6d2a-4e2c-a36d-23dfb59c395f.
[2025-03-20 18:38:28] [INFO] [SpeedQueue] Added unit user:Eevffi into queue
[2025-03-20 18:38:28] [INFO] [Component] Setting cfcc619b-c19a-40b7-ba73-5e6da0667387 on to 3378ff84-991c-438e-8b85-1eb81b4ce631.
[2025-03-20 18:38:28] [INFO] [SpeedQueue] Added unit user:Ropq into queue
[2025-03-20 18:38:28] [INFO] [Component] Setting 9bb1a66d-2fb8-49e8-b3d7-224e3aaae893 on to 538e5722-f5c4-41c0-8692-067cd15d4ae7.
[2025-03-20 18:38:28] [INFO] [SpeedQueue] Added unit user:Rimny into queue
[2025-03-20 18:38:28] [INFO] [Component] Setting 68e3d8d7-f245-4cd3-bc0f-3595afcea57c on to b8249ab9-1386-4845-a1fb-82b39831cf7c.
[2025-03-20 18:38:28] [INFO] [SpeedQueue] Added unit user:Eiae into queue
[2025-03-20 18:38:28] [INFO] [FontPool] Started initializing FontPool
[2025-03-20 18:38:28] [INFO] [FontPool] ✅ Successfully loaded font: Lilian
[2025-03-20 18:38:29] [INFO] [SpeedQueue] Speed queue updated.
[2025-03-20 18:38:29] [INFO] [VisualsSystem] Started creating blurred background
[2025-03-20 18:38:29] [INFO] [TimeLinePanel] Started updating the timeline panel after turn order has changed.
[2025-03-20 18:38:29] [INFO] [TimeLinePanel] Finished updating the timeline panel after turn order has changed.
[2025-03-20 18:38:29] [INFO] [SelectedTilePanel] Checksum updated, getting units at selected tiles.
[2025-03-20 18:38:29] [INFO] [SelectedTilePanel] Either no unit selected or more than one unit selected
[2025-03-20 18:38:29] [INFO] [LesserStatisticsInformationPanel] Checksum has been updated, querying statistics for unit fc36ee39-51b9-47c1-96b1-4b16d9ad750f
[2025-03-20 18:38:29] [INFO] [VisualsSystem] Finished creating blurred background after 0.5020840167999268 seconds
[2025-03-20 18:38:31] [INFO] [SelectedTilePanel] Checksum updated, getting units at selected tiles.
[2025-03-20 18:38:31] [INFO] [SelectedTilePanel] Either no unit selected or more than one unit selected
[2025-03-20 18:38:32] [INFO] [SelectedTilePanel] Checksum updated, getting units at selected tiles.
[2025-03-20 18:38:32] [INFO] [SelectedTilePanel] Either no unit selected or more than one unit selected
[2025-03-20 18:38:35] [INFO] [InputHandler] Gliding secondary.camera camera to new tile a3b6219b-6d2a-4e2c-a36d-23dfb59c395f
[2025-03-20 18:38:35] [INFO] [InputHandler] Gliding main.camera camera to new tile a3b6219b-6d2a-4e2c-a36d-23dfb59c395f
[2025-03-20 18:38:35] [INFO] [SelectedTilePanel] Checksum updated, getting units at selected tiles.
[2025-03-20 18:38:35] [INFO] [SelectedTilePanel] Updated selected tile display to view Eevffi
[2025-03-20 18:38:35] [INFO] [LesserStatisticsInformationPanel] Finished updating Greater UI
[2025-03-20 18:38:56] [INFO] [InputHandler] Gliding secondary.camera camera to new tile a3b6219b-6d2a-4e2c-a36d-23dfb59c395f
[2025-03-20 18:38:56] [INFO] [InputHandler] Gliding main.camera camera to new tile a3b6219b-6d2a-4e2c-a36d-23dfb59c395f
[2025-03-20 18:38:57] [INFO] [InputHandler] Gliding secondary.camera camera to new tile b8249ab9-1386-4845-a1fb-82b39831cf7c
[2025-03-20 18:38:57] [INFO] [InputHandler] Gliding main.camera camera to new tile b8249ab9-1386-4845-a1fb-82b39831cf7c
[2025-03-20 18:38:57] [INFO] [SelectedTilePanel] Checksum updated, getting units at selected tiles.
[2025-03-20 18:38:57] [INFO] [SelectedTilePanel] Updated selected tile display to view Eiae
[2025-03-20 18:38:57] [INFO] [LesserStatisticsInformationPanel] Finished updating Greater UI
[2025-03-20 18:38:57] [INFO] [InputHandler] Gliding secondary.camera camera to new tile 3378ff84-991c-438e-8b85-1eb81b4ce631
[2025-03-20 18:38:57] [INFO] [InputHandler] Gliding main.camera camera to new tile 3378ff84-991c-438e-8b85-1eb81b4ce631
[2025-03-20 18:38:57] [INFO] [SelectedTilePanel] Checksum updated, getting units at selected tiles.
[2025-03-20 18:38:57] [INFO] [SelectedTilePanel] Updated selected tile display to view Ropq
[2025-03-20 18:38:57] [INFO] [LesserStatisticsInformationPanel] Finished updating Greater UI
[2025-03-20 18:38:58] [INFO] [InputHandler] Gliding secondary.camera camera to new tile 1afafa16-35b6-4a58-9335-c11226c5ab41
[2025-03-20 18:38:58] [INFO] [InputHandler] Gliding main.camera camera to new tile 1afafa16-35b6-4a58-9335-c11226c5ab41
[2025-03-20 18:38:58] [INFO] [SelectedTilePanel] Checksum updated, getting units at selected tiles.
[2025-03-20 18:38:58] [INFO] [SelectedTilePanel] Updated selected tile display to view Oytca
[2025-03-20 18:38:58] [INFO] [LesserStatisticsInformationPanel] Finished updating Greater UI
[2025-03-20 18:38:58] [INFO] [InputHandler] Gliding secondary.camera camera to new tile a3b6219b-6d2a-4e2c-a36d-23dfb59c395f
[2025-03-20 18:38:58] [INFO] [InputHandler] Gliding main.camera camera to new tile a3b6219b-6d2a-4e2c-a36d-23dfb59c395f
[2025-03-20 18:38:58] [INFO] [SelectedTilePanel] Checksum updated, getting units at selected tiles.
[2025-03-20 18:38:58] [INFO] [SelectedTilePanel] Updated selected tile display to view Eevffi
[2025-03-20 18:38:58] [INFO] [LesserStatisticsInformationPanel] Finished updating Greater UI
[2025-03-20 18:38:59] [INFO] [InputHandler] Gliding secondary.camera camera to new tile a3b6219b-6d2a-4e2c-a36d-23dfb59c395f
[2025-03-20 18:38:59] [INFO] [InputHandler] Gliding main.camera camera to new tile a3b6219b-6d2a-4e2c-a36d-23dfb59c395f
[2025-03-20 18:43:26] [INFO] [InputHandler] Gliding secondary.camera camera to new tile a3b6219b-6d2a-4e2c-a36d-23dfb59c395f
[2025-03-20 18:43:26] [INFO] [InputHandler] Gliding main.camera camera to new tile a3b6219b-6d2a-4e2c-a36d-23dfb59c395f
[2025-03-20 18:43:27] [INFO] [SelectedTilePanel] Checksum updated, getting units at selected tiles.
[2025-03-20 18:43:27] [INFO] [SelectedTilePanel] Updated selected tile display to view Eiae
[2025-03-20 18:43:27] [INFO] [LesserStatisticsInformationPanel] Finished updating Greater UI
[2025-03-20 18:43:29] [INFO] [MovementSystem] Eevffi is planning to move from [4, 0] to [7, 8]
[2025-03-20 18:43:29] [INFO] [MovementSystem] Updated movement area for Eevffi
[2025-03-20 18:43:29] [INFO] [MovementSystem] Updated movement path for Eevffi
[2025-03-20 18:43:30] [INFO] [MovementSystem] Eevffi is planning to move from [4, 0] to [7, 9]
[2025-03-20 18:43:30] [INFO] [MovementSystem] Updated movement path for Eevffi
[2025-03-20 18:43:30] [INFO] [MovementSystem] Eevffi is planning to move from [4, 0] to [7, 8]
[2025-03-20 18:43:30] [INFO] [MovementSystem] Updated movement path for Eevffi
[2025-03-20 18:43:30] [INFO] [MovementSystem] Eevffi is planning to move from [4, 0] to [7, 7]
[2025-03-20 18:43:30] [INFO] [MovementSystem] Updated movement path for Eevffi
[2025-03-20 18:43:30] [INFO] [MovementSystem] Eevffi is planning to move from [4, 0] to [6, 6]
[2025-03-20 18:43:30] [INFO] [MovementSystem] Updated movement path for Eevffi
[2025-03-20 18:43:30] [INFO] [MovementSystem] Eevffi is planning to move from [4, 0] to [6, 5]
[2025-03-20 18:43:30] [INFO] [MovementSystem] Updated movement path for Eevffi
[2025-03-20 18:43:30] [INFO] [MovementSystem] Eevffi is planning to move from [4, 0] to [6, 4]
[2025-03-20 18:43:30] [INFO] [MovementSystem] Updated movement path for Eevffi
[2025-03-20 18:43:30] [INFO] [MovementSystem] Eevffi is planning to move from [4, 0] to [6, 3]
[2025-03-20 18:43:30] [INFO] [MovementSystem] Updated movement path for Eevffi
[2025-03-20 18:43:30] [INFO] [MovementSystem] Eevffi is planning to move from [4, 0] to [5, 2]
[2025-03-20 18:43:30] [INFO] [MovementSystem] Updated movement path for Eevffi
[2025-03-20 18:43:30] [INFO] [MovementSystem] Eevffi is planning to move from [4, 0] to [5, 1]
[2025-03-20 18:43:30] [INFO] [MovementSystem] Updated movement path for Eevffi
[2025-03-20 18:43:30] [INFO] [MovementSystem] Eevffi is planning to move from [4, 0] to [5, 0]
[2025-03-20 18:43:30] [INFO] [MovementSystem] Updated movement path for Eevffi
[2025-03-20 18:43:30] [INFO] [MovementSystem] Eevffi is planning to move from [4, 0] to [6, 0]
[2025-03-20 18:43:30] [INFO] [MovementSystem] Updated movement path for Eevffi
[2025-03-20 18:43:30] [INFO] [MovementSystem] Eevffi is planning to move from [4, 0] to [5, 0]
[2025-03-20 18:43:30] [INFO] [MovementSystem] Updated movement path for Eevffi
[2025-03-20 18:43:31] [INFO] [MovementSystem] Eevffi is planning to move from [4, 0] to [5, 1]
[2025-03-20 18:43:31] [INFO] [MovementSystem] Updated movement path for Eevffi
[2025-03-20 18:43:31] [INFO] [MovementSystem] Eevffi is planning to move from [4, 0] to [5, 0]
[2025-03-20 18:43:31] [INFO] [MovementSystem] Updated movement path for Eevffi
[2025-03-20 18:43:32] [INFO] [MovementSystem] Eevffi is planning to move from [4, 0] to [5, 1]
[2025-03-20 18:43:32] [INFO] [MovementSystem] Updated movement path for Eevffi
[2025-03-20 18:43:32] [INFO] [Component] Setting fc36ee39-51b9-47c1-96b1-4b16d9ad750f on to 5ef4bb9b-e574-4d8f-ad46-64d54f283ef3.
[2025-03-20 18:43:32] [INFO] [MovementSystem] Moved from [4, 0] to [5, 1]
[2025-03-20 18:43:32] [INFO] [SelectedTilePanel] Checksum updated, getting units at selected tiles.
[2025-03-20 18:43:32] [INFO] [SelectedTilePanel] Updated selected tile display to view Eevffi
[2025-03-20 18:43:32] [INFO] [LesserStatisticsInformationPanel] Finished updating Greater UI
