[2025-05-21 01:16:01] [INFO] [UnitTable] Started initializing UnitTable
[2025-05-21 01:16:01] [INFO] [EmeritusDatabase] Started initializing EmeritusDatabase
[2025-05-21 01:16:01] [INFO] [EmeritusDatabase] Finished initializing EmeritusDatabase
[2025-05-21 01:16:01] [INFO] [UnitTable] Successfully initialized UnitTable
[2025-05-21 01:16:01] [INFO] [UnitTable] Finished initializing UnitTable
[2025-05-21 01:16:01] [INFO] [AbilityTable] Started initializing AbilityTable
[2025-05-21 01:16:01] [INFO] [AbilityTable] Finished initializing AbilityTable
[2025-05-21 01:16:01] [INFO] [UserSaveStateManager] Started loading user save data
[2025-05-21 01:16:01] [INFO] [UserSaveStateManager] Finished loading user save data
[2025-05-21 01:16:01] [INFO] [AssetPool] Started initializing AssetPool
[2025-05-21 01:16:01] [INFO] [AssetNameSpace] Started loading Sprite's from ./res/graphics
[2025-05-21 01:16:01] [INFO] [AssetNameSpace] Finished reading files for sprites
[2025-05-21 01:16:01] [INFO] [AssetNameSpace] Finished loading ./res/graphics
[2025-05-21 01:16:01] [INFO] [AssetPool] Finished initializing AssetPool
[2025-05-21 01:16:01] [INFO] [Component] Setting dark_dragon_Vujlto_a7a627d0-9d0e-41b9-ad46-0864a0a8b819 on to {"row":2,"column":0,"base_elevation":0,"spawn_region":"Left","collider":"","unit":"dark_dragon_Vujlto_a7a627d0-9d0e-41b9-ad46-0864a0a8b819","structure":"","total_elevation":4}.
[2025-05-21 01:16:01] [INFO] [SpeedQueue] Added unit dark_dragon_Vujlto_a7a627d0-9d0e-41b9-ad46-0864a0a8b819 into queue
[2025-05-21 01:16:01] [INFO] [Component] Setting dark_dragon_Rijiiv_c1abaa22-c059-473c-b04b-6f4b53977d3b on to {"row":5,"column":1,"base_elevation":0,"spawn_region":"Left","collider":"","unit":"dark_dragon_Rijiiv_c1abaa22-c059-473c-b04b-6f4b53977d3b","structure":"","total_elevation":4}.
[2025-05-21 01:16:01] [INFO] [SpeedQueue] Added unit dark_dragon_Rijiiv_c1abaa22-c059-473c-b04b-6f4b53977d3b into queue
[2025-05-21 01:16:01] [INFO] [Component] Setting fire_dragon_Xyvap_d95e3c54-b54c-48bc-8683-32c0ef0c8e8a on to {"row":0,"column":0,"base_elevation":0,"spawn_region":"Left","collider":"","unit":"fire_dragon_Xyvap_d95e3c54-b54c-48bc-8683-32c0ef0c8e8a","structure":"","total_elevation":6}.
[2025-05-21 01:16:01] [INFO] [SpeedQueue] Added unit fire_dragon_Xyvap_d95e3c54-b54c-48bc-8683-32c0ef0c8e8a into queue
[2025-05-21 01:16:01] [INFO] [Component] Setting air_dragon_Eezuy_016c583d-a3ee-4336-9a69-0937695ea966 on to {"row":4,"column":0,"base_elevation":0,"spawn_region":"Left","collider":"","unit":"air_dragon_Eezuy_016c583d-a3ee-4336-9a69-0937695ea966","structure":"","total_elevation":6}.
[2025-05-21 01:16:01] [INFO] [SpeedQueue] Added unit air_dragon_Eezuy_016c583d-a3ee-4336-9a69-0937695ea966 into queue
[2025-05-21 01:16:01] [INFO] [Component] Setting dark_dragon_Kojho_fd5387ef-ccab-459a-b6e5-5e36faffa5ec on to {"row":2,"column":1,"base_elevation":0,"spawn_region":"Left","collider":"","unit":"dark_dragon_Kojho_fd5387ef-ccab-459a-b6e5-5e36faffa5ec","structure":"","total_elevation":3}.
[2025-05-21 01:16:01] [INFO] [SpeedQueue] Added unit dark_dragon_Kojho_fd5387ef-ccab-459a-b6e5-5e36faffa5ec into queue
[2025-05-21 01:16:01] [INFO] [Component] Setting earth_dragon_Kaoee_e052ec56-eb23-42b5-a002-d294d5fdb976 on to {"row":4,"column":11,"base_elevation":0,"spawn_region":"Right","collider":"","unit":"earth_dragon_Kaoee_e052ec56-eb23-42b5-a002-d294d5fdb976","structure":"","total_elevation":3}.
[2025-05-21 01:16:01] [INFO] [SpeedQueue] Added unit earth_dragon_Kaoee_e052ec56-eb23-42b5-a002-d294d5fdb976 into queue
[2025-05-21 01:16:01] [INFO] [Component] Setting water_dragon_Dajbxr_d37a9ff2-d124-42bf-b8b7-739da6574d9b on to {"row":2,"column":10,"base_elevation":0,"spawn_region":"Right","collider":"","unit":"water_dragon_Dajbxr_d37a9ff2-d124-42bf-b8b7-739da6574d9b","structure":"","total_elevation":4}.
[2025-05-21 01:16:01] [INFO] [SpeedQueue] Added unit water_dragon_Dajbxr_d37a9ff2-d124-42bf-b8b7-739da6574d9b into queue
[2025-05-21 01:16:01] [INFO] [Component] Setting earth_dragon_Fubao_f2d51211-1a2a-40ce-97e6-d968099b2bcb on to {"row":1,"column":10,"base_elevation":0,"spawn_region":"Right","collider":"","unit":"earth_dragon_Fubao_f2d51211-1a2a-40ce-97e6-d968099b2bcb","structure":"","total_elevation":5}.
[2025-05-21 01:16:01] [INFO] [SpeedQueue] Added unit earth_dragon_Fubao_f2d51211-1a2a-40ce-97e6-d968099b2bcb into queue
[2025-05-21 01:16:01] [INFO] [Component] Setting earth_dragon_Jour_b7ccc895-89c0-496b-a9ee-8a09019598f6 on to {"row":3,"column":10,"base_elevation":0,"spawn_region":"Right","collider":"","unit":"earth_dragon_Jour_b7ccc895-89c0-496b-a9ee-8a09019598f6","structure":"","total_elevation":4}.
[2025-05-21 01:16:01] [INFO] [SpeedQueue] Added unit earth_dragon_Jour_b7ccc895-89c0-496b-a9ee-8a09019598f6 into queue
[2025-05-21 01:16:01] [INFO] [Component] Setting light_dragon_Oyano_5180f1c0-a237-4e99-a9e8-d7782dbd6b04 on to {"row":0,"column":11,"base_elevation":0,"spawn_region":"Right","collider":"","unit":"light_dragon_Oyano_5180f1c0-a237-4e99-a9e8-d7782dbd6b04","structure":"","total_elevation":7}.
[2025-05-21 01:16:01] [INFO] [SpeedQueue] Added unit light_dragon_Oyano_5180f1c0-a237-4e99-a9e8-d7782dbd6b04 into queue
[2025-05-21 01:16:01] [INFO] [EngineController] Started setting scene to MENU_SCENE
[2025-05-21 01:16:01] [INFO] [EngineController] Finished setting scene to MENU_SCENE
[2025-05-21 01:16:01] [INFO] [EngineController] Started setting scene to MAP_EDITOR_SCENE
[2025-05-21 01:16:01] [INFO] [FontPool] Started initializing FontPool
[2025-05-21 01:16:01] [INFO] [FontPool] ✅ Successfully loaded font: Lilian
[2025-05-21 01:16:01] [INFO] [MapEditorScene] Starting to create new GameController!
[2025-05-21 01:16:01] [INFO] [MapEditorScene] Successfully created new GameController!
[2025-05-21 01:16:02] [INFO] [EngineController] Finished setting scene to MAP_EDITOR_SCENE
[2025-05-21 01:16:02] [INFO] [EngineController] Started setting scene to GAME_SCENE
[2025-05-21 01:16:02] [INFO] [EngineController] Finished setting scene to GAME_SCENE
[2025-05-21 01:16:02] [INFO] [AbilitySystem] Started updating {} because of ability
[2025-05-21 01:16:02] [INFO] [AbilitySystem] Finished update updating {} because of ability
[2025-05-21 01:16:02] [INFO] [AbilitySystem] Started updating {} because of ability
[2025-05-21 01:16:02] [INFO] [AbilitySystem] Finished update updating {} because of ability
[2025-05-21 01:16:02] [INFO] [AbilitySystem] Started updating {} because of ability
[2025-05-21 01:16:02] [INFO] [AbilitySystem] Finished update updating {} because of ability
[2025-05-21 01:16:02] [INFO] [AbilitySystem] Started updating {} because of ability
[2025-05-21 01:16:02] [INFO] [AbilitySystem] Finished update updating {} because of ability
[2025-05-21 01:16:02] [INFO] [AbilitySystem] Started updating {} because of ability
[2025-05-21 01:16:02] [INFO] [AbilitySystem] Finished update updating {} because of ability
[2025-05-21 01:16:02] [INFO] [AbilitySystem] Started updating {} because of ability
[2025-05-21 01:16:02] [INFO] [AbilitySystem] Finished update updating {} because of ability
[2025-05-21 01:16:02] [INFO] [AbilitySystem] Started updating {} because of ability
[2025-05-21 01:16:02] [INFO] [AbilitySystem] Finished update updating {} because of ability
[2025-05-21 01:16:02] [INFO] [AbilitySystem] Started updating {} because of ability
[2025-05-21 01:16:02] [INFO] [AbilitySystem] Finished update updating {} because of ability
[2025-05-21 01:16:02] [INFO] [AbilitySystem] Started updating {} because of ability
[2025-05-21 01:16:02] [INFO] [AbilitySystem] Finished update updating {} because of ability
[2025-05-21 01:16:02] [INFO] [AbilitySystem] Started updating {} because of ability
[2025-05-21 01:16:02] [INFO] [AbilitySystem] Finished update updating {} because of ability
[2025-05-21 01:16:02] [INFO] [SpeedQueue] Speed queue updated.
[2025-05-21 01:16:02] [INFO] [AbilityPanel] Updating ability selection for fire_dragon_Xyvap_d95e3c54-b54c-48bc-8683-32c0ef0c8e8a
[2025-05-21 01:16:02] [INFO] [AbilityPanel] Finished ability selection for fire_dragon_Xyvap_d95e3c54-b54c-48bc-8683-32c0ef0c8e8a
[2025-05-21 01:16:02] [INFO] [MovementPanel] Started update to Movement Information panel.
[2025-05-21 01:16:02] [INFO] [MovementPanel] Finished update to Movement Information panel.
[2025-05-21 01:16:02] [INFO] [TimeLinePanel] Started updating the timeline panel after turn order has changed.
[2025-05-21 01:16:02] [INFO] [TimeLinePanel] Finished updating the timeline panel after turn order has changed.
[2025-05-21 01:16:02] [INFO] [SelectedTilePanel] Checksum updated, getting units at selected tiles.
[2025-05-21 01:16:02] [INFO] [SelectedTilePanel] Either no unit selected or more than one unit selected
[2025-05-21 01:16:02] [INFO] [VisualsSystem] Started creating blurred background
[2025-05-21 01:16:02] [INFO] [VisualsSystem] Finished creating blurred background after 0.4861539304256439 seconds
[2025-05-21 01:16:02] [INFO] [AbilitySystem] Started updating {} because of ability
[2025-05-21 01:16:02] [INFO] [AbilitySystem] Finished update updating {} because of ability
[2025-05-21 01:16:02] [INFO] [AbilitySystem] Started updating {} because of ability
[2025-05-21 01:16:02] [INFO] [AbilitySystem] Finished update updating {} because of ability
[2025-05-21 01:16:02] [INFO] [AbilitySystem] Started updating {} because of ability
[2025-05-21 01:16:02] [INFO] [AbilitySystem] Finished update updating {} because of ability
[2025-05-21 01:16:02] [INFO] [AbilitySystem] Started updating {} because of ability
[2025-05-21 01:16:02] [INFO] [AbilitySystem] Finished update updating {} because of ability
[2025-05-21 01:16:02] [INFO] [AbilitySystem] Started updating {} because of ability
[2025-05-21 01:16:02] [INFO] [AbilitySystem] Finished update updating {} because of ability
[2025-05-21 01:16:02] [INFO] [AbilitySystem] Started updating {} because of ability
[2025-05-21 01:16:02] [INFO] [AbilitySystem] Finished update updating {} because of ability
[2025-05-21 01:16:02] [INFO] [AbilitySystem] Started updating {} because of ability
[2025-05-21 01:16:02] [INFO] [AbilitySystem] Finished update updating {} because of ability
[2025-05-21 01:16:02] [INFO] [AbilitySystem] Started updating {} because of ability
[2025-05-21 01:16:02] [INFO] [AbilitySystem] Finished update updating {} because of ability
[2025-05-21 01:16:02] [INFO] [AbilitySystem] Started updating {} because of ability
[2025-05-21 01:16:02] [INFO] [AbilitySystem] Finished update updating {} because of ability
[2025-05-21 01:16:02] [INFO] [AbilitySystem] Started updating {} because of ability
[2025-05-21 01:16:02] [INFO] [AbilitySystem] Finished update updating {} because of ability
[2025-05-21 01:16:02] [INFO] [AbilityPanel] Updating ability selection for fire_dragon_Xyvap_d95e3c54-b54c-48bc-8683-32c0ef0c8e8a
[2025-05-21 01:16:02] [INFO] [AbilityPanel] Finished ability selection for fire_dragon_Xyvap_d95e3c54-b54c-48bc-8683-32c0ef0c8e8a
[2025-05-21 01:16:02] [INFO] [MovementPanel] Started update to Movement Information panel.
[2025-05-21 01:16:02] [INFO] [MovementPanel] Finished update to Movement Information panel.
[2025-05-21 01:16:02] [INFO] [AbilitySystem] Started updating {} because of ability
[2025-05-21 01:16:02] [INFO] [AbilitySystem] Finished update updating {} because of ability
[2025-05-21 01:16:02] [INFO] [AbilitySystem] Started updating {} because of ability
[2025-05-21 01:16:02] [INFO] [AbilitySystem] Finished update updating {} because of ability
[2025-05-21 01:16:02] [INFO] [AbilitySystem] Started updating {} because of ability
[2025-05-21 01:16:02] [INFO] [AbilitySystem] Finished update updating {} because of ability
[2025-05-21 01:16:02] [INFO] [AbilitySystem] Started updating {} because of ability
[2025-05-21 01:16:02] [INFO] [AbilitySystem] Finished update updating {} because of ability
[2025-05-21 01:16:02] [INFO] [AbilitySystem] Started updating {} because of ability
[2025-05-21 01:16:02] [INFO] [AbilitySystem] Finished update updating {} because of ability
[2025-05-21 01:16:02] [INFO] [AbilitySystem] Started updating {} because of ability
[2025-05-21 01:16:02] [INFO] [AbilitySystem] Finished update updating {} because of ability
[2025-05-21 01:16:02] [INFO] [AbilitySystem] Started updating {} because of ability
[2025-05-21 01:16:02] [INFO] [AbilitySystem] Finished update updating {} because of ability
[2025-05-21 01:16:02] [INFO] [AbilitySystem] Started updating {} because of ability
[2025-05-21 01:16:02] [INFO] [AbilitySystem] Finished update updating {} because of ability
[2025-05-21 01:16:02] [INFO] [AbilitySystem] Started updating {} because of ability
[2025-05-21 01:16:02] [INFO] [AbilitySystem] Finished update updating {} because of ability
[2025-05-21 01:16:02] [INFO] [AbilitySystem] Started updating {} because of ability
[2025-05-21 01:16:02] [INFO] [AbilitySystem] Finished update updating {} because of ability
[2025-05-21 01:16:02] [INFO] [AbilitySystem] Started updating {} because of ability
[2025-05-21 01:16:02] [INFO] [AbilitySystem] Finished update updating {} because of ability
[2025-05-21 01:16:04] [INFO] [InputHandler] Gliding 0 camera to new tile 0_0_5d2ac99c-4bf6-49f4-8a3b-fa8be47292d4
[2025-05-21 01:16:04] [INFO] [InputHandler] Gliding 1 camera to new tile 0_0_5d2ac99c-4bf6-49f4-8a3b-fa8be47292d4
[2025-05-21 01:16:04] [INFO] [StatisticsPanel] Started updating Statistics Information Panel for entity fire_dragon_Xyvap_d95e3c54-b54c-48bc-8683-32c0ef0c8e8a
[2025-05-21 01:16:04] [INFO] [StatisticsPanel] Finished updating Statistics Information Panel for entity fire_dragon_Xyvap_d95e3c54-b54c-48bc-8683-32c0ef0c8e8a
[2025-05-21 01:16:04] [INFO] [SelectedTilePanel] Checksum updated, getting units at selected tiles.
[2025-05-21 01:16:04] [INFO] [SelectedTilePanel] Updated selected tile display to view Xyvap
[2025-05-21 01:16:05] [INFO] [StatisticsPanel] Started updating Statistics Information Panel for entity null
[2025-05-21 01:16:05] [INFO] [StatisticsPanel] Finished updating Statistics Information Panel for entity null
[2025-05-21 01:16:05] [INFO] [SelectedTilePanel] Checksum updated, getting units at selected tiles.
[2025-05-21 01:16:05] [INFO] [SelectedTilePanel] Either no unit selected or more than one unit selected
[2025-05-21 01:16:07] [INFO] [AbilityPanel] Updating ability selection for air_dragon_Eezuy_016c583d-a3ee-4336-9a69-0937695ea966
[2025-05-21 01:16:07] [INFO] [AbilityPanel] Finished ability selection for air_dragon_Eezuy_016c583d-a3ee-4336-9a69-0937695ea966
[2025-05-21 01:16:07] [INFO] [MovementPanel] Started update to Movement Information panel.
[2025-05-21 01:16:07] [INFO] [MovementPanel] Finished update to Movement Information panel.
[2025-05-21 01:16:07] [INFO] [TimeLinePanel] Started updating the timeline panel after turn order has changed.
[2025-05-21 01:16:07] [INFO] [TimeLinePanel] Finished updating the timeline panel after turn order has changed.
[2025-05-21 01:16:07] [INFO] [StatisticsPanel] Started updating Statistics Information Panel for entity air_dragon_Eezuy_016c583d-a3ee-4336-9a69-0937695ea966
[2025-05-21 01:16:07] [INFO] [StatisticsPanel] Finished updating Statistics Information Panel for entity air_dragon_Eezuy_016c583d-a3ee-4336-9a69-0937695ea966
[2025-05-21 01:16:07] [INFO] [SelectedTilePanel] Checksum updated, getting units at selected tiles.
[2025-05-21 01:16:07] [INFO] [SelectedTilePanel] Updated selected tile display to view Eezuy
[2025-05-21 01:16:07] [INFO] [InputHandler] Gliding 0 camera to new tile 4_0_0d688db2-3c38-4c2e-b4d1-14347fd4749f
[2025-05-21 01:16:07] [INFO] [InputHandler] Gliding 1 camera to new tile 4_0_0d688db2-3c38-4c2e-b4d1-14347fd4749f
[2025-05-21 01:16:08] [INFO] [StatisticsPanel] Started updating Statistics Information Panel for entity null
[2025-05-21 01:16:08] [INFO] [StatisticsPanel] Finished updating Statistics Information Panel for entity null
[2025-05-21 01:16:08] [INFO] [SelectedTilePanel] Checksum updated, getting units at selected tiles.
[2025-05-21 01:16:08] [INFO] [SelectedTilePanel] Either no unit selected or more than one unit selected
[2025-05-21 01:16:09] [INFO] [SelectedTilePanel] Checksum updated, getting units at selected tiles.
[2025-05-21 01:16:09] [INFO] [SelectedTilePanel] Either no unit selected or more than one unit selected
[2025-05-21 01:16:10] [INFO] [AbilityPanel] Updating ability selection for earth_dragon_Jour_b7ccc895-89c0-496b-a9ee-8a09019598f6
[2025-05-21 01:16:10] [INFO] [AbilityPanel] Finished ability selection for earth_dragon_Jour_b7ccc895-89c0-496b-a9ee-8a09019598f6
[2025-05-21 01:16:10] [INFO] [MovementPanel] Started update to Movement Information panel.
[2025-05-21 01:16:10] [INFO] [MovementPanel] Finished update to Movement Information panel.
[2025-05-21 01:16:10] [INFO] [TimeLinePanel] Started updating the timeline panel after turn order has changed.
[2025-05-21 01:16:10] [INFO] [TimeLinePanel] Finished updating the timeline panel after turn order has changed.
[2025-05-21 01:16:10] [INFO] [StatisticsPanel] Started updating Statistics Information Panel for entity earth_dragon_Jour_b7ccc895-89c0-496b-a9ee-8a09019598f6
[2025-05-21 01:16:10] [INFO] [StatisticsPanel] Finished updating Statistics Information Panel for entity earth_dragon_Jour_b7ccc895-89c0-496b-a9ee-8a09019598f6
[2025-05-21 01:16:10] [INFO] [SelectedTilePanel] Checksum updated, getting units at selected tiles.
[2025-05-21 01:16:10] [INFO] [SelectedTilePanel] Updated selected tile display to view Jour
[2025-05-21 01:16:10] [INFO] [InputHandler] Gliding 0 camera to new tile 3_10_5fe00996-dfb7-4436-ac1c-270b367c88da
[2025-05-21 01:16:10] [INFO] [InputHandler] Gliding 1 camera to new tile 3_10_5fe00996-dfb7-4436-ac1c-270b367c88da
[2025-05-21 01:16:11] [INFO] [StatisticsPanel] Started updating Statistics Information Panel for entity null
[2025-05-21 01:16:11] [INFO] [StatisticsPanel] Finished updating Statistics Information Panel for entity null
[2025-05-21 01:16:11] [INFO] [SelectedTilePanel] Checksum updated, getting units at selected tiles.
[2025-05-21 01:16:11] [INFO] [SelectedTilePanel] Either no unit selected or more than one unit selected
[2025-05-21 01:16:11] [INFO] [MovementSystem] Updated movement range to 9 for Jour
[2025-05-21 01:16:11] [INFO] [MovementSystem] Updated movement path from [3, 10] to [4, 10] for Jour
[2025-05-21 01:16:11] [INFO] [Component] Setting earth_dragon_Jour_b7ccc895-89c0-496b-a9ee-8a09019598f6 on to {"row":4,"column":10,"base_elevation":0,"spawn_region":"Right","collider":"","unit":"earth_dragon_Jour_b7ccc895-89c0-496b-a9ee-8a09019598f6","structure":"","total_elevation":4}.
[2025-05-21 01:16:11] [INFO] [MovementSystem] Moved from [3, 10] to [4, 10]
[2025-05-21 01:16:11] [INFO] [StatisticsPanel] Started updating Statistics Information Panel for entity earth_dragon_Jour_b7ccc895-89c0-496b-a9ee-8a09019598f6
[2025-05-21 01:16:11] [INFO] [StatisticsPanel] Finished updating Statistics Information Panel for entity earth_dragon_Jour_b7ccc895-89c0-496b-a9ee-8a09019598f6
[2025-05-21 01:16:11] [INFO] [SelectedTilePanel] Checksum updated, getting units at selected tiles.
[2025-05-21 01:16:11] [INFO] [SelectedTilePanel] Updated selected tile display to view Jour
[2025-05-21 01:16:11] [INFO] [InputHandler] Gliding 0 camera to new tile 4_10_dbdca74a-d8ac-4432-a870-28e7479749a3
[2025-05-21 01:16:11] [INFO] [InputHandler] Gliding 1 camera to new tile 4_10_dbdca74a-d8ac-4432-a870-28e7479749a3
[2025-05-21 01:16:12] [INFO] [AbilitySystem] Jour is planning to use blunt_attack on [4, 11]
[2025-05-21 01:16:12] [INFO] [AbilitySystem] Updated area of sight for Jour, viewing 5 tiles
[2025-05-21 01:16:12] [INFO] [AbilitySystem] Updated line of sight for Jour, viewing 2 tiles
[2025-05-21 01:16:12] [INFO] [AbilitySystem] Updated area of effect for Jour viewing 1 tiles
[2025-05-21 01:16:12] [INFO] [CombatSystem] Started constructing cost mappings for Jour to use blunt_attack
[2025-05-21 01:16:12] [INFO] [CombatSystem] Finished constructing cost mappings for Jour to use blunt_attack
[2025-05-21 01:16:12] [INFO] [CombatSystem] Checking cost requirements for Jour to use blunt_attack
[2025-05-21 01:16:12] [INFO] [CombatSystem] Jour is able to pay for blunt_attack
[2025-05-21 01:16:12] [INFO] [CombatSystem] Started constructing cost mappings for Jour to use blunt_attack
[2025-05-21 01:16:12] [INFO] [CombatSystem] Finished constructing cost mappings for Jour to use blunt_attack
[2025-05-21 01:16:12] [INFO] [CombatSystem] Paying cost requirements for Jour using blunt_attack
[2025-05-21 01:16:12] [INFO] [CombatSystem] Paying 2.0 stamina out of 20.0 stamina to use blunt_attack
[2025-05-21 01:16:12] [INFO] [AbilitySystem] Used from blunt_attack on [4, 11]
[2025-05-21 01:16:12] [INFO] [AbilityPanel] Updating ability selection for earth_dragon_Jour_b7ccc895-89c0-496b-a9ee-8a09019598f6
[2025-05-21 01:16:12] [INFO] [AbilityPanel] Finished ability selection for earth_dragon_Jour_b7ccc895-89c0-496b-a9ee-8a09019598f6
[2025-05-21 01:16:12] [INFO] [MovementPanel] Started update to Movement Information panel.
[2025-05-21 01:16:12] [INFO] [MovementPanel] Finished update to Movement Information panel.
[2025-05-21 01:16:12] [INFO] [StatisticsPanel] Started updating Statistics Information Panel for entity earth_dragon_Jour_b7ccc895-89c0-496b-a9ee-8a09019598f6
[2025-05-21 01:16:12] [INFO] [StatisticsPanel] Finished updating Statistics Information Panel for entity earth_dragon_Jour_b7ccc895-89c0-496b-a9ee-8a09019598f6
[2025-05-21 01:16:12] [INFO] [AbilitySystem] Started updating {} because of ability
[2025-05-21 01:16:12] [INFO] [AbilitySystem] Finished update updating {} because of ability
[2025-05-21 01:16:12] [INFO] [AbilityPanel] Updating ability selection for earth_dragon_Jour_b7ccc895-89c0-496b-a9ee-8a09019598f6
[2025-05-21 01:16:12] [INFO] [AbilityPanel] Finished ability selection for earth_dragon_Jour_b7ccc895-89c0-496b-a9ee-8a09019598f6
[2025-05-21 01:16:12] [INFO] [MovementPanel] Started update to Movement Information panel.
[2025-05-21 01:16:12] [INFO] [MovementPanel] Finished update to Movement Information panel.
[2025-05-21 01:16:12] [INFO] [StatisticsPanel] Started updating Statistics Information Panel for entity earth_dragon_Jour_b7ccc895-89c0-496b-a9ee-8a09019598f6
[2025-05-21 01:16:12] [INFO] [StatisticsPanel] Finished updating Statistics Information Panel for entity earth_dragon_Jour_b7ccc895-89c0-496b-a9ee-8a09019598f6
[2025-05-21 01:16:12] [INFO] [AbilitySystem] Started updating {} because of ability
[2025-05-21 01:16:12] [INFO] [AbilitySystem] Finished update updating {} because of ability
[2025-05-21 01:16:12] [INFO] [AbilityDamageReport] Started constructing damage mappings for Jour to use blunt_attack
[2025-05-21 01:16:12] [INFO] [AbilityDamageReport] Finished constructing damage mappings for Jour to use blunt_attack
[2025-05-21 01:16:12] [INFO] [AbilityDamageReport] Started constructing damage mappings after defense Jour to use blunt_attack
[2025-05-21 01:16:12] [INFO] [AbilityDamageReport] Started calculating damage after modifiers for Jour
[2025-05-21 01:16:12] [INFO] [AbilityDamageReport] 20.0 Raw damage before modifiers for blunt_attack
[2025-05-21 01:16:12] [INFO] [AbilityDamageReport] 20.0 damage after modifiers for blunt_attack
[2025-05-21 01:16:12] [INFO] [AbilityDamageReport] Finished calculating damage after modifiers for Jour
[2025-05-21 01:16:12] [INFO] [AbilityDamageReport] Started calculating damage after defenses for Kaoee
[2025-05-21 01:16:12] [INFO] [AbilityDamageReport] 20.0 Raw damage after defenses for blunt_attack
[2025-05-21 01:16:12] [INFO] [AbilityDamageReport] Finished calculating damage after defenses for Kaoee
[2025-05-21 01:16:12] [INFO] [AbilityDamageReport] 16.666666 damage after defenses for blunt_attack
[2025-05-21 01:16:12] [INFO] [AbilityDamageReport] Finished constructing damage mappings after for Jour to use blunt_attack
[2025-05-21 01:16:12] [INFO] [CombatSystem] Started dealing damage with blunt_attack to Kaoee 
[2025-05-21 01:16:12] [INFO] [AbilityPanel] Updating ability selection for earth_dragon_Fubao_f2d51211-1a2a-40ce-97e6-d968099b2bcb
[2025-05-21 01:16:12] [INFO] [AbilityPanel] Finished ability selection for earth_dragon_Fubao_f2d51211-1a2a-40ce-97e6-d968099b2bcb
[2025-05-21 01:16:12] [INFO] [MovementPanel] Started update to Movement Information panel.
[2025-05-21 01:16:12] [INFO] [MovementPanel] Finished update to Movement Information panel.
[2025-05-21 01:16:12] [INFO] [TimeLinePanel] Started updating the timeline panel after turn order has changed.
[2025-05-21 01:16:12] [INFO] [TimeLinePanel] Finished updating the timeline panel after turn order has changed.
[2025-05-21 01:16:12] [INFO] [StatisticsPanel] Started updating Statistics Information Panel for entity earth_dragon_Fubao_f2d51211-1a2a-40ce-97e6-d968099b2bcb
[2025-05-21 01:16:12] [INFO] [StatisticsPanel] Finished updating Statistics Information Panel for entity earth_dragon_Fubao_f2d51211-1a2a-40ce-97e6-d968099b2bcb
[2025-05-21 01:16:12] [INFO] [SelectedTilePanel] Checksum updated, getting units at selected tiles.
[2025-05-21 01:16:12] [INFO] [SelectedTilePanel] Updated selected tile display to view Fubao
[2025-05-21 01:16:12] [INFO] [InputHandler] Gliding 0 camera to new tile 1_10_8405a9b1-69b9-4192-b64f-fa19b6b3930e
[2025-05-21 01:16:12] [INFO] [InputHandler] Gliding 1 camera to new tile 1_10_8405a9b1-69b9-4192-b64f-fa19b6b3930e
[2025-05-21 01:16:12] [INFO] [AbilitySystem] Started updating {} because of ability
[2025-05-21 01:16:12] [INFO] [AbilitySystem] Finished update updating {} because of ability
[2025-05-21 01:16:13] [INFO] [MovementSystem] Updated movement range to 7 for Fubao
[2025-05-21 01:16:13] [INFO] [MovementSystem] Updated movement path from [1, 10] to [2, 11] for Fubao
[2025-05-21 01:16:13] [INFO] [Component] Setting earth_dragon_Fubao_f2d51211-1a2a-40ce-97e6-d968099b2bcb on to {"row":2,"column":11,"base_elevation":0,"spawn_region":"Right","collider":"","unit":"earth_dragon_Fubao_f2d51211-1a2a-40ce-97e6-d968099b2bcb","structure":"","total_elevation":4}.
[2025-05-21 01:16:13] [INFO] [MovementSystem] Moved from [1, 10] to [2, 11]
[2025-05-21 01:16:13] [INFO] [SelectedTilePanel] Checksum updated, getting units at selected tiles.
[2025-05-21 01:16:13] [INFO] [SelectedTilePanel] Updated selected tile display to view Fubao
[2025-05-21 01:16:13] [INFO] [InputHandler] Gliding 0 camera to new tile 2_11_d1fa3f41-f27f-4ccd-ac10-c8c77f8ceff0
[2025-05-21 01:16:13] [INFO] [InputHandler] Gliding 1 camera to new tile 2_11_d1fa3f41-f27f-4ccd-ac10-c8c77f8ceff0
[2025-05-21 01:16:14] [INFO] [AbilitySystem] Fubao is planning to use slash_attack on [2, 10]
[2025-05-21 01:16:14] [INFO] [AbilitySystem] Updated area of sight for Fubao, viewing 4 tiles
[2025-05-21 01:16:14] [INFO] [AbilitySystem] Updated line of sight for Fubao, viewing 2 tiles
[2025-05-21 01:16:14] [INFO] [AbilitySystem] Updated area of effect for Fubao viewing 1 tiles
[2025-05-21 01:16:14] [INFO] [CombatSystem] Started constructing cost mappings for Fubao to use slash_attack
[2025-05-21 01:16:14] [INFO] [CombatSystem] Finished constructing cost mappings for Fubao to use slash_attack
[2025-05-21 01:16:14] [INFO] [CombatSystem] Checking cost requirements for Fubao to use slash_attack
[2025-05-21 01:16:14] [INFO] [CombatSystem] Fubao is able to pay for slash_attack
[2025-05-21 01:16:14] [INFO] [CombatSystem] Started constructing cost mappings for Fubao to use slash_attack
[2025-05-21 01:16:14] [INFO] [CombatSystem] Finished constructing cost mappings for Fubao to use slash_attack
[2025-05-21 01:16:14] [INFO] [CombatSystem] Paying cost requirements for Fubao using slash_attack
[2025-05-21 01:16:14] [INFO] [CombatSystem] Paying 2.0 stamina out of 20.0 stamina to use slash_attack
[2025-05-21 01:16:14] [INFO] [AbilitySystem] Used from slash_attack on [2, 10]
[2025-05-21 01:16:14] [INFO] [AbilityPanel] Updating ability selection for earth_dragon_Fubao_f2d51211-1a2a-40ce-97e6-d968099b2bcb
[2025-05-21 01:16:14] [INFO] [AbilityPanel] Finished ability selection for earth_dragon_Fubao_f2d51211-1a2a-40ce-97e6-d968099b2bcb
[2025-05-21 01:16:14] [INFO] [MovementPanel] Started update to Movement Information panel.
[2025-05-21 01:16:14] [INFO] [MovementPanel] Finished update to Movement Information panel.
[2025-05-21 01:16:14] [INFO] [StatisticsPanel] Started updating Statistics Information Panel for entity earth_dragon_Fubao_f2d51211-1a2a-40ce-97e6-d968099b2bcb
[2025-05-21 01:16:14] [INFO] [StatisticsPanel] Finished updating Statistics Information Panel for entity earth_dragon_Fubao_f2d51211-1a2a-40ce-97e6-d968099b2bcb
[2025-05-21 01:16:14] [INFO] [AbilitySystem] Started updating {} because of ability
[2025-05-21 01:16:14] [INFO] [AbilitySystem] Finished update updating {} because of ability
[2025-05-21 01:16:14] [INFO] [AbilityPanel] Updating ability selection for earth_dragon_Fubao_f2d51211-1a2a-40ce-97e6-d968099b2bcb
[2025-05-21 01:16:14] [INFO] [AbilityPanel] Finished ability selection for earth_dragon_Fubao_f2d51211-1a2a-40ce-97e6-d968099b2bcb
[2025-05-21 01:16:14] [INFO] [MovementPanel] Started update to Movement Information panel.
[2025-05-21 01:16:14] [INFO] [MovementPanel] Finished update to Movement Information panel.
[2025-05-21 01:16:14] [INFO] [StatisticsPanel] Started updating Statistics Information Panel for entity earth_dragon_Fubao_f2d51211-1a2a-40ce-97e6-d968099b2bcb
[2025-05-21 01:16:14] [INFO] [StatisticsPanel] Finished updating Statistics Information Panel for entity earth_dragon_Fubao_f2d51211-1a2a-40ce-97e6-d968099b2bcb
[2025-05-21 01:16:14] [INFO] [AbilitySystem] Started updating {} because of ability
[2025-05-21 01:16:14] [INFO] [AbilitySystem] Finished update updating {} because of ability
[2025-05-21 01:16:15] [INFO] [AbilityDamageReport] Started constructing damage mappings for Fubao to use slash_attack
[2025-05-21 01:16:15] [INFO] [AbilityDamageReport] Finished constructing damage mappings for Fubao to use slash_attack
[2025-05-21 01:16:15] [INFO] [AbilityDamageReport] Started constructing damage mappings after defense Fubao to use slash_attack
[2025-05-21 01:16:15] [INFO] [AbilityDamageReport] Started calculating damage after modifiers for Fubao
[2025-05-21 01:16:15] [INFO] [AbilityDamageReport] 20.0 Raw damage before modifiers for slash_attack
[2025-05-21 01:16:15] [INFO] [AbilityDamageReport] 20.0 damage after modifiers for slash_attack
[2025-05-21 01:16:15] [INFO] [AbilityDamageReport] Finished calculating damage after modifiers for Fubao
[2025-05-21 01:16:15] [INFO] [AbilityDamageReport] Started calculating damage after defenses for Dajbxr
[2025-05-21 01:16:15] [INFO] [AbilityDamageReport] 20.0 Raw damage after defenses for slash_attack
[2025-05-21 01:16:15] [INFO] [AbilityDamageReport] Finished calculating damage after defenses for Dajbxr
[2025-05-21 01:16:15] [INFO] [AbilityDamageReport] 18.181818 damage after defenses for slash_attack
[2025-05-21 01:16:15] [INFO] [AbilityDamageReport] Finished constructing damage mappings after for Fubao to use slash_attack
[2025-05-21 01:16:15] [INFO] [CombatSystem] Started dealing damage with slash_attack to Dajbxr 
[2025-05-21 01:16:15] [INFO] [AbilityPanel] Updating ability selection for water_dragon_Dajbxr_d37a9ff2-d124-42bf-b8b7-739da6574d9b
[2025-05-21 01:16:15] [INFO] [AbilityPanel] Finished ability selection for water_dragon_Dajbxr_d37a9ff2-d124-42bf-b8b7-739da6574d9b
[2025-05-21 01:16:15] [INFO] [MovementPanel] Started update to Movement Information panel.
[2025-05-21 01:16:15] [INFO] [MovementPanel] Finished update to Movement Information panel.
[2025-05-21 01:16:15] [INFO] [TimeLinePanel] Started updating the timeline panel after turn order has changed.
[2025-05-21 01:16:15] [INFO] [TimeLinePanel] Finished updating the timeline panel after turn order has changed.
[2025-05-21 01:16:15] [INFO] [StatisticsPanel] Started updating Statistics Information Panel for entity water_dragon_Dajbxr_d37a9ff2-d124-42bf-b8b7-739da6574d9b
[2025-05-21 01:16:15] [INFO] [StatisticsPanel] Finished updating Statistics Information Panel for entity water_dragon_Dajbxr_d37a9ff2-d124-42bf-b8b7-739da6574d9b
[2025-05-21 01:16:15] [INFO] [SelectedTilePanel] Checksum updated, getting units at selected tiles.
[2025-05-21 01:16:15] [INFO] [SelectedTilePanel] Updated selected tile display to view Dajbxr
[2025-05-21 01:16:15] [INFO] [InputHandler] Gliding 0 camera to new tile 2_10_79c65c1a-7b23-4e11-835e-89ab380c6bf8
[2025-05-21 01:16:15] [INFO] [InputHandler] Gliding 1 camera to new tile 2_10_79c65c1a-7b23-4e11-835e-89ab380c6bf8
[2025-05-21 01:16:15] [INFO] [AbilitySystem] Started updating {} because of ability
[2025-05-21 01:16:15] [INFO] [AbilitySystem] Finished update updating {} because of ability
[2025-05-21 01:16:15] [INFO] [AbilityPanel] Updating ability selection for water_dragon_Dajbxr_d37a9ff2-d124-42bf-b8b7-739da6574d9b
[2025-05-21 01:16:15] [INFO] [AbilityPanel] Finished ability selection for water_dragon_Dajbxr_d37a9ff2-d124-42bf-b8b7-739da6574d9b
[2025-05-21 01:16:15] [INFO] [MovementPanel] Started update to Movement Information panel.
[2025-05-21 01:16:15] [INFO] [MovementPanel] Finished update to Movement Information panel.
[2025-05-21 01:16:15] [INFO] [StatisticsPanel] Started updating Statistics Information Panel for entity water_dragon_Dajbxr_d37a9ff2-d124-42bf-b8b7-739da6574d9b
[2025-05-21 01:16:15] [INFO] [StatisticsPanel] Finished updating Statistics Information Panel for entity water_dragon_Dajbxr_d37a9ff2-d124-42bf-b8b7-739da6574d9b
[2025-05-21 01:16:15] [INFO] [AbilitySystem] Started updating {} because of ability
[2025-05-21 01:16:15] [INFO] [AbilitySystem] Finished update updating {} because of ability
[2025-05-21 01:16:16] [INFO] [AbilitySystem] Dajbxr is planning to use blunt_attack on [2, 11]
[2025-05-21 01:16:16] [INFO] [AbilitySystem] Updated area of sight for Dajbxr, viewing 5 tiles
[2025-05-21 01:16:16] [INFO] [AbilitySystem] Updated line of sight for Dajbxr, viewing 2 tiles
[2025-05-21 01:16:16] [INFO] [AbilitySystem] Updated area of effect for Dajbxr viewing 1 tiles
[2025-05-21 01:16:16] [INFO] [CombatSystem] Started constructing cost mappings for Dajbxr to use blunt_attack
[2025-05-21 01:16:16] [INFO] [CombatSystem] Finished constructing cost mappings for Dajbxr to use blunt_attack
[2025-05-21 01:16:16] [INFO] [CombatSystem] Checking cost requirements for Dajbxr to use blunt_attack
[2025-05-21 01:16:16] [INFO] [CombatSystem] Dajbxr is able to pay for blunt_attack
[2025-05-21 01:16:16] [INFO] [CombatSystem] Started constructing cost mappings for Dajbxr to use blunt_attack
[2025-05-21 01:16:16] [INFO] [CombatSystem] Finished constructing cost mappings for Dajbxr to use blunt_attack
[2025-05-21 01:16:16] [INFO] [CombatSystem] Paying cost requirements for Dajbxr using blunt_attack
[2025-05-21 01:16:16] [INFO] [CombatSystem] Paying 2.0 stamina out of 20.0 stamina to use blunt_attack
[2025-05-21 01:16:16] [INFO] [AbilitySystem] Used from blunt_attack on [2, 11]
[2025-05-21 01:16:16] [INFO] [AbilityDamageReport] Started constructing damage mappings for Dajbxr to use blunt_attack
[2025-05-21 01:16:16] [INFO] [AbilityDamageReport] Finished constructing damage mappings for Dajbxr to use blunt_attack
[2025-05-21 01:16:16] [INFO] [AbilityDamageReport] Started constructing damage mappings after defense Dajbxr to use blunt_attack
[2025-05-21 01:16:16] [INFO] [AbilityDamageReport] Started calculating damage after modifiers for Dajbxr
[2025-05-21 01:16:16] [INFO] [AbilityDamageReport] 20.0 Raw damage before modifiers for blunt_attack
[2025-05-21 01:16:16] [INFO] [AbilityDamageReport] 20.0 damage after modifiers for blunt_attack
[2025-05-21 01:16:16] [INFO] [AbilityDamageReport] Finished calculating damage after modifiers for Dajbxr
[2025-05-21 01:16:16] [INFO] [AbilityDamageReport] Started calculating damage after defenses for Fubao
[2025-05-21 01:16:16] [INFO] [AbilityDamageReport] 20.0 Raw damage after defenses for blunt_attack
[2025-05-21 01:16:16] [INFO] [AbilityDamageReport] Finished calculating damage after defenses for Fubao
[2025-05-21 01:16:16] [INFO] [AbilityDamageReport] 16.666666 damage after defenses for blunt_attack
[2025-05-21 01:16:16] [INFO] [AbilityDamageReport] Finished constructing damage mappings after for Dajbxr to use blunt_attack
[2025-05-21 01:16:16] [INFO] [CombatSystem] Started dealing damage with blunt_attack to Fubao 
[2025-05-21 01:16:17] [INFO] [MovementSystem] Updated movement range to 10 for Dajbxr
[2025-05-21 01:16:17] [INFO] [MovementSystem] Updated movement path from [2, 10] to [3, 10] for Dajbxr
[2025-05-21 01:16:17] [INFO] [Component] Setting water_dragon_Dajbxr_d37a9ff2-d124-42bf-b8b7-739da6574d9b on to {"row":3,"column":10,"base_elevation":0,"spawn_region":"Right","collider":"","unit":"water_dragon_Dajbxr_d37a9ff2-d124-42bf-b8b7-739da6574d9b","structure":"","total_elevation":4}.
[2025-05-21 01:16:17] [INFO] [MovementSystem] Moved from [2, 10] to [3, 10]
[2025-05-21 01:16:17] [INFO] [SelectedTilePanel] Checksum updated, getting units at selected tiles.
[2025-05-21 01:16:17] [INFO] [SelectedTilePanel] Updated selected tile display to view Dajbxr
[2025-05-21 01:16:17] [INFO] [InputHandler] Gliding 0 camera to new tile 3_10_5fe00996-dfb7-4436-ac1c-270b367c88da
[2025-05-21 01:16:17] [INFO] [InputHandler] Gliding 1 camera to new tile 3_10_5fe00996-dfb7-4436-ac1c-270b367c88da
[2025-05-21 01:16:17] [INFO] [AbilityPanel] Updating ability selection for earth_dragon_Kaoee_e052ec56-eb23-42b5-a002-d294d5fdb976
[2025-05-21 01:16:17] [INFO] [AbilityPanel] Finished ability selection for earth_dragon_Kaoee_e052ec56-eb23-42b5-a002-d294d5fdb976
[2025-05-21 01:16:17] [INFO] [MovementPanel] Started update to Movement Information panel.
[2025-05-21 01:16:17] [INFO] [MovementPanel] Finished update to Movement Information panel.
[2025-05-21 01:16:17] [INFO] [TimeLinePanel] Started updating the timeline panel after turn order has changed.
[2025-05-21 01:16:17] [INFO] [TimeLinePanel] Finished updating the timeline panel after turn order has changed.
[2025-05-21 01:16:17] [INFO] [StatisticsPanel] Started updating Statistics Information Panel for entity earth_dragon_Kaoee_e052ec56-eb23-42b5-a002-d294d5fdb976
[2025-05-21 01:16:17] [INFO] [StatisticsPanel] Finished updating Statistics Information Panel for entity earth_dragon_Kaoee_e052ec56-eb23-42b5-a002-d294d5fdb976
[2025-05-21 01:16:17] [INFO] [SelectedTilePanel] Checksum updated, getting units at selected tiles.
[2025-05-21 01:16:17] [INFO] [SelectedTilePanel] Updated selected tile display to view Kaoee
[2025-05-21 01:16:17] [INFO] [InputHandler] Gliding 0 camera to new tile 4_11_c61a77ff-6dc1-4a70-89c5-e65b5571af2d
[2025-05-21 01:16:17] [INFO] [InputHandler] Gliding 1 camera to new tile 4_11_c61a77ff-6dc1-4a70-89c5-e65b5571af2d
[2025-05-21 01:16:18] [INFO] [AbilitySystem] Kaoee is planning to use blunt_attack on [4, 10]
[2025-05-21 01:16:18] [INFO] [AbilitySystem] Updated area of sight for Kaoee, viewing 4 tiles
[2025-05-21 01:16:18] [INFO] [AbilitySystem] Updated line of sight for Kaoee, viewing 2 tiles
[2025-05-21 01:16:18] [INFO] [AbilitySystem] Updated area of effect for Kaoee viewing 1 tiles
[2025-05-21 01:16:18] [INFO] [CombatSystem] Started constructing cost mappings for Kaoee to use blunt_attack
[2025-05-21 01:16:18] [INFO] [CombatSystem] Finished constructing cost mappings for Kaoee to use blunt_attack
[2025-05-21 01:16:18] [INFO] [CombatSystem] Checking cost requirements for Kaoee to use blunt_attack
[2025-05-21 01:16:18] [INFO] [CombatSystem] Kaoee is able to pay for blunt_attack
[2025-05-21 01:16:18] [INFO] [CombatSystem] Started constructing cost mappings for Kaoee to use blunt_attack
[2025-05-21 01:16:18] [INFO] [CombatSystem] Finished constructing cost mappings for Kaoee to use blunt_attack
[2025-05-21 01:16:18] [INFO] [CombatSystem] Paying cost requirements for Kaoee using blunt_attack
[2025-05-21 01:16:18] [INFO] [CombatSystem] Paying 2.0 stamina out of 20.0 stamina to use blunt_attack
[2025-05-21 01:16:18] [INFO] [AbilitySystem] Used from blunt_attack on [4, 10]
[2025-05-21 01:16:18] [INFO] [AbilityPanel] Updating ability selection for earth_dragon_Kaoee_e052ec56-eb23-42b5-a002-d294d5fdb976
[2025-05-21 01:16:18] [INFO] [AbilityPanel] Finished ability selection for earth_dragon_Kaoee_e052ec56-eb23-42b5-a002-d294d5fdb976
[2025-05-21 01:16:18] [INFO] [MovementPanel] Started update to Movement Information panel.
[2025-05-21 01:16:18] [INFO] [MovementPanel] Finished update to Movement Information panel.
[2025-05-21 01:16:18] [INFO] [StatisticsPanel] Started updating Statistics Information Panel for entity earth_dragon_Kaoee_e052ec56-eb23-42b5-a002-d294d5fdb976
[2025-05-21 01:16:18] [INFO] [StatisticsPanel] Finished updating Statistics Information Panel for entity earth_dragon_Kaoee_e052ec56-eb23-42b5-a002-d294d5fdb976
[2025-05-21 01:16:18] [INFO] [AbilitySystem] Started updating {} because of ability
[2025-05-21 01:16:18] [INFO] [AbilitySystem] Finished update updating {} because of ability
[2025-05-21 01:16:18] [INFO] [AbilityPanel] Updating ability selection for earth_dragon_Kaoee_e052ec56-eb23-42b5-a002-d294d5fdb976
[2025-05-21 01:16:18] [INFO] [AbilityPanel] Finished ability selection for earth_dragon_Kaoee_e052ec56-eb23-42b5-a002-d294d5fdb976
[2025-05-21 01:16:18] [INFO] [MovementPanel] Started update to Movement Information panel.
[2025-05-21 01:16:18] [INFO] [MovementPanel] Finished update to Movement Information panel.
[2025-05-21 01:16:18] [INFO] [StatisticsPanel] Started updating Statistics Information Panel for entity earth_dragon_Kaoee_e052ec56-eb23-42b5-a002-d294d5fdb976
[2025-05-21 01:16:18] [INFO] [StatisticsPanel] Finished updating Statistics Information Panel for entity earth_dragon_Kaoee_e052ec56-eb23-42b5-a002-d294d5fdb976
[2025-05-21 01:16:18] [INFO] [AbilitySystem] Started updating {} because of ability
[2025-05-21 01:16:18] [INFO] [AbilitySystem] Finished update updating {} because of ability
[2025-05-21 01:16:18] [INFO] [AbilityDamageReport] Started constructing damage mappings for Kaoee to use blunt_attack
[2025-05-21 01:16:18] [INFO] [AbilityDamageReport] Finished constructing damage mappings for Kaoee to use blunt_attack
[2025-05-21 01:16:18] [INFO] [AbilityDamageReport] Started constructing damage mappings after defense Kaoee to use blunt_attack
[2025-05-21 01:16:18] [INFO] [AbilityDamageReport] Started calculating damage after modifiers for Kaoee
[2025-05-21 01:16:18] [INFO] [AbilityDamageReport] 20.0 Raw damage before modifiers for blunt_attack
[2025-05-21 01:16:18] [INFO] [AbilityDamageReport] 20.0 damage after modifiers for blunt_attack
[2025-05-21 01:16:18] [INFO] [AbilityDamageReport] Finished calculating damage after modifiers for Kaoee
[2025-05-21 01:16:18] [INFO] [AbilityDamageReport] Started calculating damage after defenses for Jour
[2025-05-21 01:16:18] [INFO] [AbilityDamageReport] 20.0 Raw damage after defenses for blunt_attack
[2025-05-21 01:16:18] [INFO] [AbilityDamageReport] Finished calculating damage after defenses for Jour
[2025-05-21 01:16:18] [INFO] [AbilityDamageReport] 16.666666 damage after defenses for blunt_attack
[2025-05-21 01:16:18] [INFO] [AbilityDamageReport] Finished constructing damage mappings after for Kaoee to use blunt_attack
[2025-05-21 01:16:18] [INFO] [CombatSystem] Started dealing damage with blunt_attack to Jour 
[2025-05-21 01:16:19] [INFO] [MovementSystem] Updated movement range to 5 for Kaoee
[2025-05-21 01:16:19] [INFO] [MovementSystem] Updated movement path from [4, 11] to [5, 11] for Kaoee
[2025-05-21 01:16:19] [INFO] [Component] Setting earth_dragon_Kaoee_e052ec56-eb23-42b5-a002-d294d5fdb976 on to {"row":5,"column":11,"base_elevation":0,"spawn_region":"Right","collider":"","unit":"earth_dragon_Kaoee_e052ec56-eb23-42b5-a002-d294d5fdb976","structure":"","total_elevation":5}.
[2025-05-21 01:16:19] [INFO] [MovementSystem] Moved from [4, 11] to [5, 11]
[2025-05-21 01:16:19] [INFO] [SelectedTilePanel] Checksum updated, getting units at selected tiles.
[2025-05-21 01:16:19] [INFO] [SelectedTilePanel] Updated selected tile display to view Kaoee
[2025-05-21 01:16:19] [INFO] [InputHandler] Gliding 0 camera to new tile 5_11_95e09898-2122-4bc7-9e3c-61c1a18699eb
[2025-05-21 01:16:19] [INFO] [InputHandler] Gliding 1 camera to new tile 5_11_95e09898-2122-4bc7-9e3c-61c1a18699eb
[2025-05-21 01:16:19] [INFO] [AbilityPanel] Updating ability selection for dark_dragon_Kojho_fd5387ef-ccab-459a-b6e5-5e36faffa5ec
[2025-05-21 01:16:19] [INFO] [AbilityPanel] Finished ability selection for dark_dragon_Kojho_fd5387ef-ccab-459a-b6e5-5e36faffa5ec
[2025-05-21 01:16:19] [INFO] [MovementPanel] Started update to Movement Information panel.
[2025-05-21 01:16:19] [INFO] [MovementPanel] Finished update to Movement Information panel.
[2025-05-21 01:16:19] [INFO] [TimeLinePanel] Started updating the timeline panel after turn order has changed.
[2025-05-21 01:16:19] [INFO] [TimeLinePanel] Finished updating the timeline panel after turn order has changed.
[2025-05-21 01:16:19] [INFO] [StatisticsPanel] Started updating Statistics Information Panel for entity dark_dragon_Kojho_fd5387ef-ccab-459a-b6e5-5e36faffa5ec
[2025-05-21 01:16:19] [INFO] [StatisticsPanel] Finished updating Statistics Information Panel for entity dark_dragon_Kojho_fd5387ef-ccab-459a-b6e5-5e36faffa5ec
[2025-05-21 01:16:19] [INFO] [SelectedTilePanel] Checksum updated, getting units at selected tiles.
[2025-05-21 01:16:19] [INFO] [SelectedTilePanel] Updated selected tile display to view Kojho
[2025-05-21 01:16:19] [INFO] [InputHandler] Gliding 0 camera to new tile 2_1_e1aa0af9-42a9-4128-b9d2-6443d9b92144
[2025-05-21 01:16:19] [INFO] [InputHandler] Gliding 1 camera to new tile 2_1_e1aa0af9-42a9-4128-b9d2-6443d9b92144
[2025-05-21 01:16:20] [INFO] [StatisticsPanel] Started updating Statistics Information Panel for entity dark_dragon_Vujlto_a7a627d0-9d0e-41b9-ad46-0864a0a8b819
[2025-05-21 01:16:20] [INFO] [StatisticsPanel] Finished updating Statistics Information Panel for entity dark_dragon_Vujlto_a7a627d0-9d0e-41b9-ad46-0864a0a8b819
[2025-05-21 01:16:20] [INFO] [SelectedTilePanel] Checksum updated, getting units at selected tiles.
[2025-05-21 01:16:20] [INFO] [SelectedTilePanel] Updated selected tile display to view Vujlto
