[2025-03-23 01:06:52] [INFO] [AssetPool] Started initializing AssetPool
[2025-03-23 01:06:52] [INFO] [AssetNameSpace] Started loading Sprite's from ./res/graphics
[2025-03-23 01:06:52] [INFO] [AssetNameSpace] Finished reading files for sprites
[2025-03-23 01:06:53] [INFO] [AssetNameSpace] Finished loading ./res/graphics
[2025-03-23 01:06:53] [INFO] [AssetPool] Finished initializing AssetPool
[2025-03-23 01:06:53] [INFO] [FontPoolV1] Started initializing FontPoolV1
[2025-03-23 01:06:53] [INFO] [FontPoolV1] Finished initializing FontPoolV1
[2025-03-23 01:06:53] [INFO] [UnitDatabase] Started initializing UnitDatabase
[2025-03-23 01:06:53] [INFO] [UnitDatabase] Successfully initialized UnitDatabase
[2025-03-23 01:06:53] [INFO] [UnitDatabase] Finished initializing UnitDatabase
[2025-03-23 01:06:53] [INFO] [JsonDatabase] Started initializing JsonDatabase
[2025-03-23 01:06:53] [INFO] [JsonTable] Started initializing JsonTable
[2025-03-23 01:06:53] [INFO] [JsonTable] Successfully initialized JsonTable
[2025-03-23 01:06:53] [INFO] [JsonTable] Finished initializing JsonTable
[2025-03-23 01:06:53] [INFO] [JsonTable] Started initializing JsonTable
[2025-03-23 01:06:53] [INFO] [JsonTable] Successfully initialized JsonTable
[2025-03-23 01:06:53] [INFO] [JsonTable] Finished initializing JsonTable
[2025-03-23 01:06:53] [INFO] [JsonTable] Started initializing JsonTable
[2025-03-23 01:06:53] [INFO] [JsonTable] Successfully initialized JsonTable
[2025-03-23 01:06:53] [INFO] [JsonTable] Finished initializing JsonTable
[2025-03-23 01:06:53] [INFO] [JsonDatabase] Successfully initialized JsonDatabase
[2025-03-23 01:06:53] [INFO] [JsonDatabase] Finished initializing JsonDatabase
[2025-03-23 01:06:53] [INFO] [Component] Setting 86e9dd56-428b-4d21-9c9d-4767fd85b946 on to d650d565-bfa4-41e0-950a-f70a015be28e.
[2025-03-23 01:06:53] [INFO] [SpeedQueue] Added unit enemy:Toryk into queue
[2025-03-23 01:06:53] [INFO] [Component] Setting b5ebea1c-2dfb-4843-a6cb-4d56cd77a131 on to 0d2f5b97-4ba3-4ce5-b040-c9b0ee4ce205.
[2025-03-23 01:06:53] [INFO] [SpeedQueue] Added unit enemy:Vuxaa into queue
[2025-03-23 01:06:53] [INFO] [Component] Setting 25da011f-ff37-4ade-bde5-f0f6b6ebe245 on to 8e282d66-8910-4757-9617-f70c31135077.
[2025-03-23 01:06:53] [INFO] [SpeedQueue] Added unit enemy:Kuki into queue
[2025-03-23 01:06:53] [INFO] [Component] Setting c06ad04a-92da-466f-9d5d-1c7d8e326ad0 on to a675d88e-b1e5-473c-a55a-8f8d4583fe5f.
[2025-03-23 01:06:53] [INFO] [SpeedQueue] Added unit enemy:Mefknd into queue
[2025-03-23 01:06:53] [INFO] [Component] Setting 3b7ea7c1-5a8f-48ea-940d-2e92d051e24f on to 8cd30577-af61-4cb8-a9d8-60b89a69c837.
[2025-03-23 01:06:53] [INFO] [SpeedQueue] Added unit user:Kovyei into queue
[2025-03-23 01:06:53] [INFO] [Component] Setting adc5ac38-09ae-45e4-af4a-382bdbbfecaa on to f3e0eeed-da70-4dfa-b479-257104a53290.
[2025-03-23 01:06:53] [INFO] [SpeedQueue] Added unit user:Zona into queue
[2025-03-23 01:06:53] [INFO] [Component] Setting f62497c7-f806-426d-bdf9-9c58ac082c71 on to 7f7d5fe1-fa03-4fad-9e3f-57f73df6440b.
[2025-03-23 01:06:53] [INFO] [SpeedQueue] Added unit user:Fesi into queue
[2025-03-23 01:06:53] [INFO] [Component] Setting 452afd04-40ed-466e-be39-0d90743b579b on to a2281b50-1014-4143-af88-72f7acf0f49b.
[2025-03-23 01:06:53] [INFO] [SpeedQueue] Added unit user:Eukiju into queue
[2025-03-23 01:06:53] [INFO] [EngineController] Started setting scene to MENU_SCENE
[2025-03-23 01:06:53] [INFO] [EngineController] Finished setting scene to MENU_SCENE
[2025-03-23 01:06:53] [INFO] [EngineController] Started setting scene to MAP_EDITOR_SCENE
[2025-03-23 01:06:53] [INFO] [FontPool] Started initializing FontPool
[2025-03-23 01:06:53] [INFO] [FontPool] ✅ Successfully loaded font: Lilian
[2025-03-23 01:06:54] [INFO] [EngineController] Finished setting scene to MAP_EDITOR_SCENE
[2025-03-23 01:06:54] [INFO] [EngineController] Started setting scene to GAME_SCENE
[2025-03-23 01:06:54] [INFO] [EngineController] Finished setting scene to GAME_SCENE
[2025-03-23 01:06:54] [INFO] [SpeedQueue] Speed queue updated.
[2025-03-23 01:06:54] [INFO] [VisualsSystem] Started creating blurred background
[2025-03-23 01:06:54] [INFO] [TimeLinePanel] Started updating the timeline panel after turn order has changed.
[2025-03-23 01:06:54] [INFO] [TimeLinePanel] Finished updating the timeline panel after turn order has changed.
[2025-03-23 01:06:54] [INFO] [SelectedTilePanel] Checksum updated, getting units at selected tiles.
[2025-03-23 01:06:54] [INFO] [SelectedTilePanel] Either no unit selected or more than one unit selected
[2025-03-23 01:06:54] [INFO] [LesserStatisticsInformationPanel] Checksum has been updated, querying statistics for unit f62497c7-f806-426d-bdf9-9c58ac082c71
[2025-03-23 01:06:54] [INFO] [VisualsSystem] Finished creating blurred background after 0.49527692794799805 seconds
[2025-03-23 01:06:55] [INFO] [SelectedTilePanel] Checksum updated, getting units at selected tiles.
[2025-03-23 01:06:55] [INFO] [SelectedTilePanel] Either no unit selected or more than one unit selected
[2025-03-23 01:06:56] [INFO] [SelectedTilePanel] Checksum updated, getting units at selected tiles.
[2025-03-23 01:06:56] [INFO] [SelectedTilePanel] Either no unit selected or more than one unit selected
