[2025-04-18 16:36:03] [INFO] [UnitTable] Started initializing UnitTable
[2025-04-18 16:36:03] [INFO] [EmeritusDatabase] Started initializing EmeritusDatabase
[2025-04-18 16:36:03] [INFO] [EmeritusDatabase] Finished initializing EmeritusDatabase
[2025-04-18 16:36:03] [INFO] [UnitTable] Successfully initialized UnitTable
[2025-04-18 16:36:03] [INFO] [UnitTable] Finished initializing UnitTable
[2025-04-18 16:36:03] [INFO] [AbilityTable] Started initializing AbilityTable
[2025-04-18 16:36:04] [INFO] [AbilityTable] Finished initializing AbilityTable
[2025-04-18 16:36:04] [INFO] [UserSaveStateManager] Started loading user save data
[2025-04-18 16:36:04] [INFO] [UserSaveStateManager] Finished loading user save data
[2025-04-18 16:36:04] [INFO] [AssetPool] Started initializing AssetPool
[2025-04-18 16:36:04] [INFO] [AssetNameSpace] Started loading Sprite's from ./res/graphics
[2025-04-18 16:36:04] [INFO] [AssetNameSpace] Finished reading files for sprites
[2025-04-18 16:36:05] [INFO] [AssetNameSpace] Finished loading ./res/graphics
[2025-04-18 16:36:05] [INFO] [AssetPool] Finished initializing AssetPool
[2025-04-18 16:36:05] [INFO] [Component] Setting air_dragon_Vepua_2f5f4c4b-87df-4d0b-ad9a-94dd596260a1 on to {"row":0,"column":5,"height":0,"spawn_region":[],"collider":"","unit":"air_dragon_Vepua_2f5f4c4b-87df-4d0b-ad9a-94dd596260a1","structure":""}.
[2025-04-18 16:36:05] [INFO] [SpeedQueue] Added unit user:Vepua into queue
[2025-04-18 16:36:05] [INFO] [EngineController] Started setting scene to MENU_SCENE
[2025-04-18 16:36:05] [INFO] [EngineController] Finished setting scene to MENU_SCENE
[2025-04-18 16:36:05] [INFO] [EngineController] Started setting scene to GAME_SCENE
[2025-04-18 16:36:05] [INFO] [FontPool] Started initializing FontPool
[2025-04-18 16:36:05] [INFO] [FontPool] ✅ Successfully loaded font: Lilian
[2025-04-18 16:36:05] [INFO] [EngineController] Finished setting scene to GAME_SCENE
[2025-04-18 16:36:05] [INFO] [SpeedQueue] Speed queue updated.
[2025-04-18 16:36:05] [INFO] [AbilityPanel] Updating ability selection for air_dragon_Vepua_2f5f4c4b-87df-4d0b-ad9a-94dd596260a1
[2025-04-18 16:36:05] [INFO] [AbilityPanel] Finished ability selection for air_dragon_Vepua_2f5f4c4b-87df-4d0b-ad9a-94dd596260a1
[2025-04-18 16:36:05] [INFO] [MovementPanel] Started update to Movement Information panel.
[2025-04-18 16:36:05] [INFO] [MovementPanel] Finished update to Movement Information panel.
[2025-04-18 16:36:05] [INFO] [TimeLinePanel] Started updating the timeline panel after turn order has changed.
[2025-04-18 16:36:05] [INFO] [TimeLinePanel] Finished updating the timeline panel after turn order has changed.
[2025-04-18 16:36:05] [INFO] [StatisticsPanel] Started updating Statistics Information Panel for entity air_dragon_Vepua_2f5f4c4b-87df-4d0b-ad9a-94dd596260a1
[2025-04-18 16:36:05] [INFO] [StatisticsPanel] Finished updating Statistics Information Panel for entity air_dragon_Vepua_2f5f4c4b-87df-4d0b-ad9a-94dd596260a1
[2025-04-18 16:36:05] [INFO] [SelectedTilePanel] Checksum updated, getting units at selected tiles.
[20