[2025-06-03 00:59:51] [INFO] [AssetPool] Started initializing AssetPool
[2025-06-03 00:59:51] [INFO] [AssetNameSpace] Started loading Sprite's from ./res/graphics
[2025-06-03 00:59:51] [INFO] [AssetNameSpace] Finished reading files for sprites
[2025-06-03 00:59:51] [INFO] [AssetNameSpace] Finished loading ./res/graphics
[2025-06-03 00:59:51] [INFO] [AssetPool] Finished initializing AssetPool
[2025-06-03 00:59:51] [INFO] [FontPool] Started initializing FontPool
[2025-06-03 00:59:51] [INFO] [FontPool] ✅ Successfully loaded font: Lilian
[2025-06-03 00:59:52] [INFO] [UnitTable] Started initializing UnitTable
[2025-06-03 00:59:52] [INFO] [EmeritusDatabase] Started initializing EmeritusDatabase
[2025-06-03 00:59:52] [INFO] [EmeritusDatabase] Finished initializing EmeritusDatabase
[2025-06-03 00:59:52] [INFO] [UnitTable] Successfully initialized UnitTable
[2025-06-03 00:59:52] [INFO] [UnitTable] Finished initializing UnitTable
[2025-06-03 00:59:52] [INFO] [Component] Setting UNIT_light_dragon___NICKNAME_Uudzw___7333e9a7-0770-4572-929c-6a2c97ce0b3e on to {"row":4,"column":4,"base_elevation":0,"unit":"UNIT_light_dragon___NICKNAME_Uudzw___7333e9a7-0770-4572-929c-6a2c97ce0b3e","layers":{"empty":false},"total_elevation":10}.
[2025-06-03 00:59:52] [INFO] [SpeedQueue] Added unit UNIT_light_dragon___NICKNAME_Uudzw___7333e9a7-0770-4572-929c-6a2c97ce0b3e into queue
[2025-06-03 00:59:52] [INFO] [Component] Setting UNIT_dragon___NICKNAME_Meijyu___5e5f3a57-8ce0-44f1-b317-1c16b154598a on to {"row":4,"column":5,"base_elevation":0,"unit":"UNIT_dragon___NICKNAME_Meijyu___5e5f3a57-8ce0-44f1-b317-1c16b154598a","layers":{"empty":false},"total_elevation":10}.
[2025-06-03 00:59:52] [INFO] [SpeedQueue] Added unit UNIT_dragon___NICKNAME_Meijyu___5e5f3a57-8ce0-44f1-b317-1c16b154598a into queue
[2025-06-03 00:59:52] [INFO] [SpeedQueue] Speed queue updated.
[2025-06-03 00:59:52] [INFO] [AbilityPanel] Updating ability selection for UNIT_light_dragon___NICKNAME_Uudzw___7333e9a7-0770-4572-929c-6a2c97ce0b3e
[2025-06-03 00:59:52] [INFO] [AbilityPanel] Finished ability selection for UNIT_light_dragon___NICKNAME_Uudzw___7333e9a7-0770-4572-929c-6a2c97ce0b3e
[2025-06-03 00:59:52] [INFO] [MovementPanel] Started update to Movement Information panel.
[2025-06-03 00:59:52] [INFO] [MovementPanel] Finished update to Movement Information panel.
[2025-06-03 00:59:52] [INFO] [TimeLinePanel] Started updating the timeline panel after turn order has changed.
[2025-06-03 00:59:52] [INFO] [TimeLinePanel] Finished updating the timeline panel after turn order has changed.
[2025-06-03 00:59:52] [INFO] [SelectedTilePanel] Checksum updated, getting units at selected tiles.
[2025-06-03 00:59:52] [INFO] [SelectedTilePanel] Either no unit selected or more than one unit selected
[2025-06-03 00:59:52] [INFO] [VisualsSystem] Started creating blurred background
[2025-06-03 00:59:52] [INFO] [VisualsSystem] Finished creating blurred background after 0.3290969729423523 seconds
[2025-06-03 00:59:52] [INFO] [AbilitySystem] Started updating {} because of ability
[2025-06-03 00:59:52] [INF