[2025-04-06 16:12:11] [INFO] [UnitTable] Started initializing UnitTable
[2025-04-06 16:12:11] [INFO] [EmeritusDatabase] Started initializing EmeritusDatabase
[2025-04-06 16:12:11] [INFO] [EmeritusDatabase] Finished initializing EmeritusDatabase
[2025-04-06 16:12:11] [INFO] [UnitTable] Successfully initialized UnitTable
[2025-04-06 16:12:11] [INFO] [UnitTable] Finished initializing UnitTable
[2025-04-06 16:12:11] [INFO] [AbilityTable] Started initializing AbilityTable
[2025-04-06 16:12:11] [INFO] [AbilityTable] Finished initializing AbilityTable
[2025-04-06 16:12:11] [INFO] [UserSaveStateManager] Started loading user save data
[2025-04-06 16:12:11] [INFO] [UserSaveStateManager] Finished loading user save data
[2025-04-06 16:12:11] [INFO] [AssetPool] Started initializing AssetPool
[2025-04-06 16:12:11] [INFO] [AssetNameSpace] Started loading Sprite's from ./res/graphics
[2025-04-06 16:12:11] [INFO] [AssetNameSpace] Finished reading files for sprites
[2025-04-06 16:12:12] [INFO] [AssetNameSpace] Finished loading ./res/graphics
[2025-04-06 16:12:12] [INFO] [AssetPool] Finished initializing AssetPool
[2025-04-06 16:12:12] [INFO] [Component] Setting fire_dragon_Wapwe_ef316882-8363-4586-b2e9-a701904c1b20 on to 0_2_41887784-80ab-490f-abcd-f1a3aff89727.
[2025-04-06 16:12:12] [INFO] [SpeedQueue] Added unit enemy:Wapwe into queue
[2025-04-06 16:12:12] [INFO] [Component] Setting air_dragon_Yitwdb_ad81cbfa-b292-4563-a964-b3317d4f1f87 on to 9_0_cd7b70b0-17a0-4af6-90f0-266e40f56647.
[2025-04-06 16:12:12] [INFO] [SpeedQueue] Added unit enemy:Yitwdb into queue
[2025-04-06 16:12:12] [INFO] [Component] Setting earth_dragon_Myvied_b6fa5392-4171-4644-9e5d-e44bfdc1bdb4 on to 13_3_dc56f422-ab32-4d34-8381-bffc4f8ec545.
[2025-04-06 16:12:12] [INFO] [SpeedQueue] Added unit enemy:Myvied into queue
[2025-04-06 16:12:12] [INFO] [Component] Setting fire_dragon_Janoi_4d6d8fe8-7990-47ee-a622-42898f3f2f91 on to 9_5_f28b3451-ed65-46aa-98d6-83d491e49391.
[2025-04-06 16:12:12] [INFO] [SpeedQueue] Added unit enemy:Janoi into queue
[2025-04-06 16:12:12] [INFO] [Component] Setting light_dragon_Eyrop_5b96d0cc-f119-49a1-8167-a12bed619650 on to 10_6_ee44ccdb-48a8-46e2-8991-834f7bd26855.
[2025-04-06 16:12:12] [INFO] [SpeedQueue] Added unit enemy:Eyrop into queue
[2025-04-06 16:12:12] [INFO] [Component] Setting air_dragon_Rula_8b81aeb8-7c12-4d31-9619-7b8f9d0dcb75 on to 4_3_6c6e2420-8e6d-46f4-a631-ad94618af3ef.
[2025-04-06 16:12:12] [INFO] [SpeedQueue] Added unit enemy:Rula into queue
[2025-04-06 16:12:12] [INFO] [Component] Setting water_dragon_Piewue_1e3da58d-ee96-42dd-bbc1-b98634eae469 on to 7_5_1833e8df-03fd-4b85-aa32-b86f51ceb242.
[2025-04-06 16:12:12] [INFO] [SpeedQueue] Added unit enemy:Piewue into queue
[2025-04-06 16:12:12] [INFO] [Component] Setting dark_dragon_Celeo_e06fc1a8-4bc0-4f14-ad18-7ea1c80a0c40 on to 14_9_2c33e8f5-d5dc-49de-b41c-642fc3b025a3.
[2025-04-06 16:12:12] [INFO] [SpeedQueue] Added unit enemy:Celeo into queue
[2025-04-06 16:12:12] [INFO] [Component] Setting light_dragon_Juud_5b7fe6b8-9491-4caf-a1c9-986f99b44f10 on to 4_0_3fd9fb3a-34fb-42a3-bbe1-1b4935b83f07.
[2025-04-06 16:12:12] [INFO] [SpeedQueue] Added unit enemy:Juud into queue
[2025-04-06 16:12:12] [INFO] [Component] Setting dragon_Reoai_13de410f-a840-4bad-bef4-f5d9fbd6dfaa on to 12_0_04c4d18f-6fc1-4fff-a775-3867cf41af17.
[2025-04-06 16:12:12] [INFO] [SpeedQueue] Added unit enemy:Reoai into queue
[2025-04-06 16:12:12] [INFO] [Component] Setting air_dragon_Bidiu_f51fca9e-031e-4fcb-8a01-1f5994f0acd6 on to 5_10_e4dbc5eb-0362-4805-9acc-f09c5ed58b1a.
[2025-04-06 16:12:12] [INFO] [SpeedQueue] Added unit enemy:Bidiu into queue
[2025-04-06 16:12:12] [INFO] [Component] Setting fire_dragon_Zizysy_1ad9dc6a-4fce-41c2-a946-7b02d13085ae on to 14_14_4ca48c53-42ab-4395-bf7d-12ba507426b9.
[2025-04-06 16:12:12] [INFO] [SpeedQueue] Added unit enemy:Zizysy into queue
[2025-04-06 16:12:12] [INFO] [Component] Setting water_dragon_Pydqi_f2c92342-a9c3-42cf-bafc-0c9bc1ec0abe on to 6_14_fc7bb18c-0b9b-45fc-9c37-51a1e0586b0f.
[2025-04-06 16:12:12] [INFO] [SpeedQueue] Added unit enemy:Pydqi into queue
[2025-04-06 16:12:12] [INFO] [Component] Setting air_dragon_Eibyiy_2ba0e50d-99d5-470a-b724-eeaf0bcc56fb on to 7_3_6b64cf19-7386-4c3d-aada-88a3ebfade40.
[2025-04-06 16:12:12] [INFO] [SpeedQueue] Added unit enemy:Eibyiy into queue
[2025-04-06 16:12:12] [INFO] [Component] Setting dragon_Dyvn_daa3b71f-fa75-417c-abd4-350d08af64e1 on to 6_0_894435cd-5bb2-4d8f-89e0-ad62a34adc4e.
[2025-04-06 16:12:12] [INFO] [SpeedQueue] Added unit enemy:Dyvn into queue
[2025-04-06 16:12:12] [INFO] [Component] Setting light_dragon_Cacy_d9f81266-78fa-450c-baea-1d25b30d0434 on to 10_8_63cb3c36-0e8e-4296-a92e-bfb79c6ed1fe.
[2025-04-06 16:12:12] [INFO] [SpeedQueue] Added unit enemy:Cacy into queue
[2025-04-06 16:12:12] [INFO] [Component] Setting air_dragon_Yype_cd8fbb04-b078-4e71-8a26-93433fa368c3 on to 2_3_4f8d1081-4a56-4fd7-91c3-9c217f1e2546.
[2025-04-06 16:12:12] [INFO] [SpeedQueue] Added unit enemy:Yype into queue
[2025-04-06 16:12:12] [INFO] [Component] Setting dragon_Biuyc_faff5188-acd8-4780-91d8-a5ac08e2d9cd on to 4_10_d547bcdb-b0c7-48b9-ad84-bce191990b35.
[2025-04-06 16:12:12] [INFO] [SpeedQueue] Added unit enemy:Biuyc into queue
[2025-04-06 16:12:12] [INFO] [Component] Setting water_dragon_Muwo_27bff607-9e02-4cc9-bcb6-037eb14b4606 on to 8_3_07891435-a25b-42cb-b830-d705b413cfd2.
[2025-04-06 16:12:12] [INFO] [SpeedQueue] Added unit enemy:Muwo into queue
[2025-04-06 16:12:12] [INFO] [Component] Setting dragon_Wonoe_430884ef-3cd2-47de-8491-cc923333abc7 on to 10_4_ccc5ac08-eae6-4526-8357-9f07d4579a76.
[2025-04-06 16:12:12] [INFO] [SpeedQueue] Added unit enemy:Wonoe into queue
[2025-04-06 16:12:12] [INFO] [Component] Setting dragon_Uixaf_4461c836-7fc2-4ae6-8803-c21514984699 on to 13_6_c51601cc-1a8e-478c-be4a-f92e3bf3f22f.
[2025-04-06 16:12:12] [INFO] [SpeedQueue] Added unit user:Uixaf into queue
[2025-04-06 16:12:12] [INFO] [Component] Setting fire_dragon_Seba_61dab221-3f02-44c9-9967-6952f3dbc993 on to 2_9_aeed79e0-0a1a-4f5d-967b-94e2e45a07af.
[2025-04-06 16:12:12] [INFO] [SpeedQueue] Added unit user:Seba into queue
[2025-04-06 16:12:12] [INFO] [Co