[2025-04-15 18:46:16] [INFO] [UnitTable] Started initializing UnitTable
[2025-04-15 18:46:16] [INFO] [EmeritusDatabase] Started initializing EmeritusDatabase
[2025-04-15 18:46:16] [INFO] [EmeritusDatabase] Finished initializing EmeritusDatabase
[2025-04-15 18:46:16] [INFO] [UnitTable] Successfully initialized UnitTable
[2025-04-15 18:46:16] [INFO] [UnitTable] Finished initializing UnitTable
[2025-04-15 18:46:16] [INFO] [AbilityTable] Started initializing AbilityTable
[2025-04-15 18:46:16] [INFO] [AbilityTable] Finished initializing AbilityTable
[2025-04-15 18:46:16] [INFO] [UserSaveStateManager] Started loading user save data
[2025-04-15 18:46:16] [INFO] [UserSaveStateManager] Finished loading user save data
[2025-04-15 18:46:16] [INFO] [AssetPool] Started initializing AssetPool
[2025-04-15 18:46:16] [INFO] [AssetNameSpace] Started loading Sprite's from ./res/graphics
[2025-04-15 18:46:16] [INFO] [AssetNameSpace] Finished reading files for sprites
[2025-04-15 18:46:17] [INFO] [AssetNameSpace] Finished loading ./res/graphics
[2025-04-15 18:46:17] [INFO] [AssetPool] Finished initializing AssetPool
[2025-04-15 18:46:17] [INFO] [Component] Setting water_dragon_Poyuao_2d375752-489b-4492-add5-cd36e4735ea6 on to {"spawn_region":[],"collider":"","unit":"water_dragon_Poyuao_2d375752-489b-4492-add5-cd36e4735ea6","column":0,"row":2,"structure":"","height":0}.
[2025-04-15 18:46:17] [INFO] [SpeedQueue] Added unit enemy:Poyuao into queue
[2025-04-15 18:46:17] [INFO] [Component] Setting water_dragon_Eyroy_c3a9e55a-1a0c-437e-ac68-9935357af7bd on to {"spawn_region":[],"collider":"","unit":"water_dragon_Eyroy_c3a9e55a-1a0c-437e-ac68-9935357af7bd","column":5,"row":3,"structure":"","height":0}.
[2025-04-15 18:46:17] [INFO] [SpeedQueue] Added unit enemy:Eyroy into queue
[2025-04-15 18:46:17] [INFO] [Component] Setting dark_dragon_Yyti_92b6a43e-47f7-42ef-848d-94393d1fa786 on to {"spawn_region":[],"collider":"","unit":"dark_dragon_Yyti_92b6a43e-47f7-42ef-848d-94393d1fa786","column":2,"row":2,"structure":"","height":0}.
[2025-04-15 18:46:17] [INFO] [SpeedQueue] Added unit enemy:Yyti into queue
[2025-04-15 18:46:17] [INFO] [Component] Setting dark_dragon_Putiy_9ec5436f-69a8-4041-9938-063b8d3468de on to {"spawn_region":[],"collider":"","unit":"dark_dragon_Putiy_9ec5436f-69a8-4041-9938-063b8d3468de","column":6,"row":4,"structure":"","height":0}.
[2025-04-15 18:46:17] [INFO] [SpeedQueue] Added unit enemy:Putiy into queue
[2025-04-15 18:46:17] [INFO] [Component] Setting water_dragon_Ionge_0e744af5-c46c-4a47-a7a1-f1326bbcfb61 on to {"spawn_region":[],"collider":"","unit":"water_dragon_Ionge_0e744af5-c46c-4a47-a7a1-f1326bbcfb61","column":6,"row":0,"structure":"","height":0}.
[2025-04-15 18:46:17] [INFO] [SpeedQueue] Added unit user:Ionge into queue
[2025-04-15 18:46:17] [INFO] [EngineController] Started setting scene to MENU_SCENE
[2025-04-15 18:46:17] [INFO] [EngineController] Finished setting scene to MENU_SCENE
[2025-04-15 18:46:17] [INFO] [EngineController] Started setting scene to MAP_EDITOR_SCENE
[2025-04-15 18:46:17] [INFO] [FontPool] Started initializing FontPool
[2025-04-15 18:46:17] [INFO] [FontPool] ✅ Successfully loaded font: Lilian
[2025-04-15 18:46:17] [INFO] [MapEditorScene] Starting to create new GameController!
[2025-04-15 18:46:17] [INFO] [MapEditorScene] Successfully created new GameController!
[2025-04-15 18:46:17] [INFO] [EngineController] Finished setting scene to MAP_EDITOR_SCENE
[2025-04-15 18:46:17] [INFO] [InputHandler] Gliding 0 camera to new tile 10_12_6e971847-aed9-4cf7-aacd-3611c96d53f2
[2025-04-15 18:46:17] [INFO] [TimeLinePanel] Started updating the timeline panel after turn order has changed.
[2025-04-15 18:46:17] [INFO] [TimeLinePanel] Finished updating the timeline panel after turn order has changed.
[2025-04-15 18:46:17] [INFO] [SelectedTilePanel] Checksum updated, getting units at selected tiles.
[2025-04-15 18:46:17] [INFO] [SelectedTilePanel] Either no unit selected or more than one unit selected
[2025-04-15 18:46:18] [INFO] [VisualsSystem] Started creating blurred background
[2025-04-15 18:46:18] [INFO] [VisualsSystem] Finished creating blurred background after 0.495168000459671 seconds
