[2025-04-16 22:48:04] [INFO] [UnitTable] Started initializing UnitTable
[2025-04-16 22:48:04] [INFO] [EmeritusDatabase] Started initializing EmeritusDatabase
[2025-04-16 22:48:04] [INFO] [EmeritusDatabase] Finished initializing EmeritusDatabase
[2025-04-16 22:48:04] [INFO] [UnitTable] Successfully initialized UnitTable
[2025-04-16 22:48:04] [INFO] [UnitTable] Finished initializing UnitTable
[2025-04-16 22:48:04] [INFO] [AbilityTable] Started initializing AbilityTable
[2025-04-16 22:48:04] [INFO] [AbilityTable] Finished initializing AbilityTable
[2025-04-16 22:48:04] [INFO] [UserSaveStateManager] Started loading user save data
[2025-04-16 22:48:04] [INFO] [UserSaveStateManager] Finished loading user save data
[2025-04-16 22:48:04] [INFO] [AssetPool] Started initializing AssetPool
[2025-04-16 22:48:04] [INFO] [AssetNameSpace] Started loading Sprite's from ./res/graphics
[2025-04-16 22:48:04] [INFO] [AssetNameSpace] Finished reading files for sprites
[2025-04-16 22:48:04] [INFO] [AssetNameSpace] Finished loading ./res/graphics
[2025-04-16 22:48:04] [INFO] [AssetPool] Finished initializing AssetPool
[2025-04-16 22:48:04] [INFO] [Component] Setting dragon_Kaho_d6e6e098-8bd8-47d6-afde-c2df61ee9750 on to {"spawn_region":[],"collider":"","unit":"dragon_Kaho_d6e6e098-8bd8-47d6-afde-c2df61ee9750","column":6,"row":2,"structure":"","height":0}.
[2025-04-16 22:48:04] [INFO] [SpeedQueue] Added unit enemy:Kaho into queue
[2025-04-16 22:48:04] [INFO] [Component] Setting water_dragon_Cydnv_2ddfc065-ea19-4587-8905-9456e3454850 on to {"spawn_region":[],"collider":"","unit":"water_dragon_Cydnv_2ddfc065-ea19-4587-8905-9456e3454850","column":5,"row":3,"structure":"","height":0}.
[2025-04-16 22:48:04] [INFO] [SpeedQueue] Added unit enemy:Cydnv into queue
[2025-04-16 22:48:04] [INFO] [Component] Setting dragon_Xuvy_ff6cf5af-414f-4103-bb0d-259f4b3ca0bb on to {"spawn_region":[],"collider":"","unit":"dragon_Xuvy_ff6cf5af-414f-4103-bb0d-259f4b3ca0bb","column":6,"row":3,"structure":"","height":0}.
[2025-04-16 22:48:04] [INFO] [SpeedQueue] Added unit enemy:Xuvy into queue
[2025-04-16 22:48:04] [INFO] [Component] Setting air_dragon_Zeaga_c70be196-5508-419c-b95c-f99343512589 on to {"spawn_region":[],"collider":"","unit":"air_dragon_Zeaga_c70be196-5508-419c-b95c-f99343512589","column":3,"row":4,"structure":"","height":0}.
[2025-04-16 22:48:04] [INFO] [SpeedQueue] Added unit enemy:Zeaga into queue
[2025-04-16 22:48:04] [INFO] [Component] Setting earth_dragon_Liipfo_16ca7017-dcb4-470b-a52a-a2b41211f2bf on to {"spawn_region":[],"collider":"","unit":"earth_dragon_Liipfo_16ca7017-dcb4-470b-a52a-a2b41211f2bf","column":3,"row":1,"structure":"","height":0}.
[2025-04-16 22:48:04] [INFO] [SpeedQueue] Added unit user:Liipfo into queue
[2025-04-16 22:48:04] [INFO] [EngineController] Started setting scene to MENU_SCENE
[2025-04-16 22:48:04] [INFO] [EngineController] Finished setting scene to MENU_SCENE
[2025-04-16 22:48:04] [INFO] [EngineController] Started setting scene to MAP_EDITOR_SCENE
[2025-04-16 22:48:04] [INFO] [FontPool] Started initializing FontPool
[2025-04-16 22:48:04] [INFO] [FontPool] ✅ Successfully loaded font: Lilian
[2025-04-16 22:48:05] [INFO] [MapEditorScene] Starting to create new GameController!
[2025-04-16 22:48:05] [INFO] [MapEditorScene] Successfully created new GameController!
[2025-04-16 22:48:05] [INFO] [EngineController] Finished setting scene to MAP_EDITOR_SCENE
[2025-04-16 22:48:05] [INFO] [InputHandler] Gliding 0 camera to new tile 10_12_f7ab6b44-3a92-4290-9aad-fc7d3130e5e9
[2025-04-16 22:48:05] [INFO] [TimeLinePanel] Started updating the timeline panel after turn order has changed.
[2025-04-16 22:48:05] [INFO] [TimeLinePanel] Finished updating the timeline panel after turn order has changed.
[2025-04-16 22:48:05] [INFO] [SelectedTilePanel] Checksum updated, getting units at selected tiles.
[2025-04-16 22:48:05] [INFO] [SelectedTilePanel] Either no unit selected or more than one unit selected
[2025-04-16 22:48:05] [INFO] [VisualsSystem] Started creating blurred background
[2025-04-16 22:48:05] [INFO] [VisualsSystem] Finished creating blurred background after 0.49339622259140015 seconds
[2025-04-16 22:48:06] [INFO] [MapEditorScene] Updated hoveredTilePanes 814,368
[2025-04-16 22:48:06] [INFO] [MapEditorScene] Updated hoveredTilePanes 811,369
[2025-04-16 22:48:06] [INFO] [MapEditorScene] Updated hoveredTilePanes 806,371
[2025-04-16 22:48:06] [INFO] [MapEditorScene] Updated hoveredTilePanes 802,373
[2025-04-16 22:48:06] [INFO] [MapEditorScene] Updated hoveredTilePanes 795,375
[2025-04-16 22:48:06] [INFO] [MapEditorScene] Updated hoveredTilePanes 790,377
[2025-04-16 22:48:06] [INFO] [MapEditorScene] Updated hoveredTilePanes 785,379
[2025-04-16 22:48:06] [INFO] [MapEditorScene] Updated hoveredTilePanes 776,381
[2025-04-16 22:48:06] [INFO] [MapEditorScene] Updated hoveredTilePanes 767,384
[2025-04-16 22:48:06] [INFO] [MapEditorScene] Updated hoveredTilePanes 758,387
[2025-04-16 22:48:06] [INFO] [MapEditorScene] Updated hoveredTilePanes 749,389
[2025-04-16 22:48:06] [INFO] [MapEditorScene] Updated hoveredTilePanes 724,400
[2025-04-16 22:48:06] [INFO] [MapEditorScene] Updated hoveredTilePanes 715,404
[2025-04-16 22:48:06] [INFO] [MapEditorScene] Updated hoveredTilePanes 697,413
[2025-04-16 22:48:06] [INFO] [MapEditorScene] Updated hoveredTilePanes 681,421
[2025-04-16 22:48:06] [INFO] [MapEditorScene] Updated hoveredTilePanes 666,430
[2025-04-16 22:48:06] [INFO] [MapEditorScene] Updated hoveredTilePanes 661,433
[2025-04-16 22:48:06] [INFO] [MapEditorScene] Updated hoveredTilePanes 639,445
[2025-04-16 22:48:06] [INFO] [MapEditorScene] Updated hoveredTilePanes 636,448
[2025-04-16 22:48:06] [INFO] [MapEditorScene] Updated hoveredTilePanes 626,453
[2025-04-16 22:48:06] [INFO] [MapEditorScene] Updated hoveredTilePanes 619,456
[2025-04-16 22:48:06] [INFO] [MapEditorScene] Updated hoveredTilePanes 614,459
[2025-04-16 22:48:06] [INFO] [MapEditorScene] Updated hoveredTilePanes 611,462
[2025-04-16 22:48:06] [INFO] [MapEditorScene] Updated hoveredTilePanes 609,464
[2025-04-16 22:48:06] [INFO] [MapEditorScene] Updated hoveredTilePanes 607,464
[2025-04-16 22:48:06] [INFO] [MapEditorScene] Updated hoveredTilePanes 606,465
[2025-04-16 22:48:06] [INFO] [MapEditorScene] Updated hoveredTilePanes 605,465
[2025-04-16 22:48:06] [INFO] [MapEditorScene] Updated hoveredTilePanes 604,466
[2025-04-16 22:48:06] [INFO] [MapEditorScene] Updated hoveredTilePanes 605,462
[2025-04-16 22:48:06] [INFO] [MapEditorScene] Updated hoveredTilePanes 606,460
[2025-04-16 22:48:06] [INFO] [MapEditorScene] Updated hoveredTilePanes 608,458
[2025-04-16 22:48:06] [INFO] [MapEditorScene] Updated hoveredTilePanes 613,451
[2025-04-16 22:48:06] [INFO] [MapEditorScene] Updated hoveredTilePanes 614,449
[2025-04-16 22:48:06] [INFO] [MapEditorScene] Updated hoveredTilePanes 616,444
[2025-04-16 22:48:06] [INFO] [MapEditorScene] Updated hoveredTilePanes 619,439
[2025-04-16 22:48:06] [INFO] [MapEditorScene] Updated hoveredTilePanes 620,436
[2025-04-16 22:48:06] [INFO] [MapEditorScene] Updated hoveredTilePanes 623,431
[2025-04-16 22:48:06] [INFO] [MapEditorScene] Updated hoveredTilePanes 626,427
[2025-04-16 22:48:06] [INFO] [MapEditorScene] Updated hoveredTilePanes 628,423
[2025-04-16 22:48:06] [INFO] [MapEditorScene] Updated hoveredTilePanes 631,419
[2025-04-16 22:48:06] [INFO] [MapEditorScene] Updated hoveredTilePanes 633,414
[2025-04-16 22:48:06] [INFO] [MapEditorScene] Updated hoveredTilePanes 636,410
[2025-04-16 22:48:06] [INFO] [MapEditorScene] Updated hoveredTilePanes 639,406
[2025-04-16 22:48:06] [INFO] [MapEditorScene] Updated hoveredTilePanes 641,401
[2025-04-16 22:48:06] [INFO] [MapEditorScene] Updated hoveredTilePanes 643,398
[2025-04-16 22:48:06] [INFO] [MapEditorScene] Updated hoveredTilePanes 646,393
[2025-04-16 22:48:06] [INFO] [MapEditorScene] Updated hoveredTilePanes 650,388
[2025-04-16 22:48:06] [INFO] [MapEditorScene] Updated hoveredTilePanes 653,384
[2025-04-16 22:48:06] [INFO] [MapEditorScene] Updated hoveredTilePanes 656,379
[2025-04-16 22:48:06] [INFO] [MapEditorScene] Updated hoveredTilePanes 659,375
[2025-04-16 22:48:06] [INFO] [MapEditorScene] Updated hoveredTilePanes 661,372
[2025-04-16 22:48:06] [INFO] [MapEditorScene] Updated hoveredTilePanes 663,368
[2025-04-16 22:48:06] [INFO] [MapEditorScene] Updated hoveredTilePanes 664,367
[2025-04-16 22:48:06] [INFO] [MapEditorScene] Updated hoveredTilePanes 665,365
[2025-04-16 22:48:06] [INFO] [MapEditorScene] Updated hoveredTilePanes 666,365
[2025-04-16 22:48:06] [INFO] [MapEditorScene] Updated hoveredTilePanes 666,364
[2025-04-16 22:48:06] [INFO] [MapEditorScene] Updated hoveredTilePanes 666,363
[2025-04-16 22:48:06] [INFO] [MapEditorScene] Updated hoveredTilePanes 667,363
[2025-04-16 22:48:06] [INFO] [MapEditorScene] Updated hoveredTilePanes 668,363
[2025-04-16 22:48:07] [INFO] [MapEditorScene] Updated hoveredTilePanes 669,363
[2025-04-16 22:48:07] [INFO] [MapEditorScene] Updated hoveredTilePanes 670,362
[2025-04-16 22:48:07] [INFO] [MapEditorScene] Updated hoveredTilePanes 671,362
[2025-04-16 22:48:07] [INFO] [MapEditorScene] Updated hoveredTilePanes 672,362
[2025-04-16 22:48:07] [INFO] [MapEditorScene] Updated hoveredTilePanes 673,362
[2025-04-16 22:48:07] [INFO] [MapEditorScene] Updated hoveredTilePanes 673,364
[2025-04-16 22:48:07] [INFO] [MapEditorScene] Updated hoveredTilePanes 669,370
[2025-04-16 22:48:07] [INFO] [MapEditorScene] Updated hoveredTilePanes 662,377
[2025-04-16 22:48:07] [INFO] [MapEditorScene] Updated hoveredTilePanes 653,388
[2025-04-16 22:48:07] [INFO] [MapEditorScene] Updated hoveredTilePanes 644,399
[2025-04-16 22:48:07] [INFO] [MapEditorScene] Updated hoveredTilePanes 633,409
[2025-04-16 22:48:07] [INFO] [MapEditorScene] Updated hoveredTilePanes 624,420
[2025-04-16 22:48:07] [INFO] [MapEditorScene] Updated hoveredTilePanes 621,424
[2025-04-16 22:48:07] [INFO] [MapEditorScene] Updated hoveredTilePanes 612,432
[2025-04-16 22:48:07] [INFO] [MapEditorScene] Updated hoveredTilePanes 606,440
[2025-04-16 22:48:07] [INFO] [MapEditorScene] Updated hoveredTilePanes 600,446
[2025-04-16 22:48:07] [INFO] [MapEditorScene] Updated hoveredTilePanes 591,457
[2025-04-16 22:48:07] [INFO] [MapEditorScene] Updated hoveredTilePanes 584,463
[2025-04-16 22:48:07] [INFO] [MapEditorScene] Updated hoveredTilePanes 578,470
[2025-04-16 22:48:07] [INFO] [MapEditorScene] Updated hoveredTilePanes 571,476
[2025-04-16 22:48:07] [INFO] [MapEditorScene] Updated hoveredTilePanes 564,483
[2025-04-16 22:48:07] [INFO] [MapEditorScene] Updated hoveredTilePanes 561,486
[2025-04-16 22:48:07] [INFO] [MapEditorScene] Updated hoveredTilePanes 555,491
[2025-04-16 22:48:07] [INFO] [MapEditorScene] Updated hoveredTilePanes 549,497
[2025-04-16 22:48:07] [INFO] [MapEditorScene] Updated hoveredTilePanes 543,501
[2025-04-16 22:48:07] [INFO] [MapEditorScene] Updated hoveredTilePanes 538,506
[2025-04-16 22:48:07] [INFO] [MapEditorScene] Updated hoveredTilePanes 534,508
[2025-04-16 22:48:07] [INFO] [MapEditorScene] Updated hoveredTilePanes 531,511
[2025-04-16 22:48:07] [INFO] [MapEditorScene] Updated hoveredTilePanes 528,514
[2025-04-16 22:48:07] [INFO] [MapEditorScene] Updated hoveredTilePanes 524,518
[2025-04-16 22:48:07] [INFO] [MapEditorScene] Updated hoveredTilePanes 520,521
[2025-04-16 22:48:07] [INFO] [MapEditorScene] Updated hoveredTilePanes 518,523
[2025-04-16 22:48:07] [INFO] [MapEditorScene] Updated hoveredTilePanes 514,526
[2025-04-16 22:48:07] [INFO] [MapEditorScene] Updated hoveredTilePanes 511,530
[2025-04-16 22:48:07] [INFO] [MapEditorScene] Updated hoveredTilePanes 508,533
[2025-04-16 22:48:07] [INFO] [MapEditorScene] Updated hoveredTilePanes 504,537
[2025-04-16 22:48:07] [INFO] [MapEditorScene] Updated hoveredTilePanes 502,540
[2025-04-16 22:48:07] [INFO] [MapEditorScene] Updated hoveredTilePanes 499,544
[2025-04-16 22:48:07] [INFO] [MapEditorScene] Updated hoveredTilePanes 496,547
[2025-04-16 22:48:07] [INFO] [MapEditorScene] Updated hoveredTilePanes 493,551
[2025-04-16 22:48:07] [INFO] [MapEditorScene] Updated hoveredTilePanes 488,559
[2025-04-16 22:48:07] [INFO] [MapEditorScene] Updated hoveredTilePanes 484,562
[2025-04-16 22:48:07] [INFO] [MapEditorScene] Updated hoveredTilePanes 480,568
[2025-04-16 22:48:07] [INFO] [MapEditorScene] Updated hoveredTilePanes 477,573
[2025-04-16 22:48:07] [INFO] [MapEditorScene] Updated hoveredTilePanes 472,580
[2025-04-16 22:48:07] [INFO] [MapEditorScene] Updated hoveredTilePanes 467,588
[2025-04-16 22:48:07] [INFO] [MapEditorScene] Updated hoveredTilePanes 464,594
[2025-04-16 22:48:07] [INFO] [MapEditorScene] Updated hoveredTilePanes 458,604
[2025-04-16 22:48:07] [INFO] [MapEditorScene] Updated hoveredTilePanes 454,613
[2025-04-16 22:48:07] [INFO] [MapEditorScene] Updated hoveredTilePanes 451,622
[2025-04-16 22:48:07] [INFO] [MapEditorScene] Updated hoveredTilePanes 447,630
[2025-04-16 22:48:07] [INFO] [MapEditorScene] Updated hoveredTilePanes 444,639
[2025-04-16 22:48:07] [INFO] [MapEditorScene] Updated hoveredTilePanes 441,648
[2025-04-16 22:48:07] [INFO] [MapEditorScene] Updated hoveredTilePanes 436,659
[2025-04-16 22:48:07] [INFO] [MapEditorScene] Updated hoveredTilePanes 432,670
[2025-04-16 22:48:07] [INFO] [MapEditorScene] Updated hoveredTilePanes 428,681
[2025-04-16 22:48:07] [INFO] [MapEditorScene] Updated hoveredTilePanes 424,690
[2025-04-16 22:48:07] [INFO] [MapEditorScene] Updated hoveredTilePanes 420,701
[2025-04-16 22:48:07] [INFO] [MapEditorScene] Updated hoveredTilePanes 416,710
[2025-04-16 22:48:07] [INFO] [MapEditorScene] Updated hoveredTilePanes 414,715
[2025-04-16 22:48:07] [INFO] [MapEditorScene] Updated hoveredTilePanes 411,724
[2025-04-16 22:48:07] [INFO] [MapEditorScene] Updated hoveredTilePanes 407,730
[2025-04-16 22:48:07] [INFO] [MapEditorScene] Updated hoveredTilePanes 405,735
[2025-04-16 22:48:07] [INFO] [MapEditorScene] Updated hoveredTilePanes 403,738
[2025-04-16 22:48:07] [INFO] [MapEditorScene] Updated hoveredTilePanes 402,742
[2025-04-16 22:48:07] [INFO] [MapEditorScene] Updated hoveredTilePanes 401,744
[2025-04-16 22:48:07] [INFO] [MapEditorScene] Updated hoveredTilePanes 400,745
[2025-04-16 22:48:07] [INFO] [MapEditorScene] Updated hoveredTilePanes 399,745
[2025-04-16 22:48:07] [INFO] [MapEditorScene] Updated hoveredTilePanes 398,746
[2025-04-16 22:48:07] [INFO] [MapEditorScene] Updated hoveredTilePanes 397,746
[2025-04-16 22:48:07] [INFO] [MapEditorScene] Updated hoveredTilePanes 396,746
[2025-04-16 22:48:07] [INFO] [MapEditorScene] Updated hoveredTilePanes 395,746
[2025-04-16 22:48:07] [INFO] [MapEditorScene] Updated hoveredTilePanes 394,746
[2025-04-16 22:48:07] [INFO] [MapEditorScene] Updated hoveredTilePanes 393,746
[2025-04-16 22:48:07] [INFO] [MapEditorScene] Updated hoveredTilePanes 392,746
[2025-04-16 22:48:07] [INFO] [MapEditorScene] Updated hoveredTilePanes 391,744
[2025-04-16 22:48:07] [INFO] [MapEditorScene] Updated hoveredTilePanes 389,739
[2025-04-16 22:48:07] [INFO] [MapEditorScene] Updated hoveredTilePanes 388,737
[2025-04-16 22:48:07] [INFO] [MapEditorScene] Updated hoveredTilePanes 385,728
[2025-04-16 22:48:07] [INFO] [MapEditorScene] Updated hoveredTilePanes 383,720
[2025-04-16 22:48:07] [INFO] [MapEditorScene] Updated hoveredTilePanes 380,711
[2025-04-16 22:48:07] [INFO] [MapEditorScene] Updated hoveredTilePanes 377,700
[2025-04-16 22:48:07] [INFO] [MapEditorScene] Updated hoveredTilePanes 376,688
[2025-04-16 22:48:07] [INFO] [MapEditorScene] Updated hoveredTilePanes 375,677
[2025-04-16 22:48:07] [INFO] [MapEditorScene] Updated hoveredTilePanes 374,674
[2025-04-16 22:48:07] [INFO] [MapEditorScene] Updated hoveredTilePanes 372,663
[2025-04-16 22:48:07] [INFO] [MapEditorScene] Updated hoveredTilePanes 371,656
[2025-04-16 22:48:07] [INFO] [MapEditorScene] Updated hoveredTilePanes 371,647
[2025-04-16 22:48:07] [INFO] [MapEditorScene] Updated hoveredTilePanes 370,641
[2025-04-16 22:48:07] [INFO] [MapEditorScene] Updated hoveredTilePanes 369,636
[2025-04-16 22:48:07] [INFO] [MapEditorScene] Updated hoveredTilePanes 369,629
[2025-04-16 22:48:07] [INFO] [MapEditorScene] Updated hoveredTilePanes 368,625
[2025-04-16 22:48:07] [INFO] [MapEditorScene] Updated hoveredTilePanes 368,618
[2025-04-16 22:48:07] [INFO] [MapEditorScene] Updated hoveredTilePanes 367,613
[2025-04-16 22:48:07] [INFO] [MapEditorScene] Updated hoveredTilePanes 367,602
[2025-04-16 22:48:07] [INFO] [MapEditorScene] Updated hoveredTilePanes 366,593
[2025-04-16 22:48:07] [INFO] [MapEditorScene] Updated hoveredTilePanes 366,587
[2025-04-16 22:48:07] [INFO] [MapEditorScene] Updated hoveredTilePanes 366,578
[2025-04-16 22:48:07] [INFO] [MapEditorScene] Updated hoveredTilePanes 366,567
[2025-04-16 22:48:07] [INFO] [MapEditorScene] Updated hoveredTilePanes 366,558
[2025-04-16 22:48:07] [INFO] [MapEditorScene] Updated hoveredTilePanes 366,547
[2025-04-16 22:48:07] [INFO] [MapEditorScene] Updated hoveredTilePanes 366,536
[2025-04-16 22:48:07] [INFO] [MapEditorScene] Updated hoveredTilePanes 366,524
[2025-04-16 22:48:07] [INFO] [MapEditorScene] Updated hoveredTilePanes 366,511
[2025-04-16 22:48:07] [INFO] [MapEditorScene] Updated hoveredTilePanes 366,497
[2025-04-16 22:48:07] [INFO] [MapEditorScene] Updated hoveredTilePanes 366,483
[2025-04-16 22:48:07] [INFO] [MapEditorScene] Updated hoveredTilePanes 366,466
[2025-04-16 22:48:07] [INFO] [MapEditorScene] Updated hoveredTilePanes 366,452
[2025-04-16 22:48:07] [INFO] [MapEditorScene] Updated hoveredTilePanes 366,438
[2025-04-16 22:48:07] [INFO] [MapEditorScene] Updated hoveredTilePanes 366,421
[2025-04-16 22:48:07] [INFO] [MapEditorScene] Updated hoveredTilePanes 366,407
[2025-04-16 22:48:08] [INFO] [MapEditorScene] Updated hoveredTilePanes 366,393
[2025-04-16 22:48:08] [INFO] [MapEditorScene] Updated hoveredTilePanes 366,379
[2025-04-16 22:48:08] [INFO] [MapEditorScene] Updated hoveredTilePanes 366,368
[2025-04-16 22:48:08] [INFO] [MapEditorScene] Updated hoveredTilePanes 362,357
[2025-04-16 22:48:08] [INFO] [MapEditorScene] Updated hoveredTilePanes 358,348
[2025-04-16 22:48:08] [INFO] [MapEditorScene] Updated hoveredTilePanes 356,344
[2025-04-16 22:48:08] [INFO] [MapEditorScene] Updated hoveredTilePanes 348,328
[2025-04-16 22:48:08] [INFO] [MapEditorScene] Updated hoveredTilePanes 346,325
[2025-04-16 22:48:08] [INFO] [MapEditorScene] Updated hoveredTilePanes 338,310
[2025-04-16 22:48:08] [INFO] [MapEditorScene] Updated hoveredTilePanes 333,302
[2025-04-16 22:48:08] [INFO] [MapEditorScene] Updated hoveredTilePanes 330,299
[2025-04-16 22:48:08] [INFO] [MapEditorScene] Updated hoveredTilePanes 325,293
[2025-04-16 22:48:08] [INFO] [MapEditorScene] Updated hoveredTilePanes 322,289
[2025-04-16 22:48:08] [INFO] [MapEditorScene] Updated hoveredTilePanes 316,285
[2025-04-16 22:48:08] [INFO] [MapEditorScene] Updated hoveredTilePanes 306,279
[2025-04-16 22:48:08] [INFO] [MapEditorScene] Updated hoveredTilePanes 300,277
[2025-04-16 22:48:08] [INFO] [MapEditorScene] Updated hoveredTilePanes 293,275
[2025-04-16 22:48:08] [INFO] [MapEditorScene] Updated hoveredTilePanes 284,274
[2025-04-16 22:48:08] [INFO] [MapEditorScene] Updated hoveredTilePanes 276,274
[2025-04-16 22:48:08] [INFO] [MapEditorScene] Updated hoveredTilePanes 267,272
[2025-04-16 22:48:08] [INFO] [MapEditorScene] Updated hoveredTilePanes 258,272
[2025-04-16 22:48:08] [INFO] [MapEditorScene] Updated hoveredTilePanes 247,272
[2025-04-16 22:48:08] [INFO] [MapEditorScene] Updated hoveredTilePanes 238,272
[2025-04-16 22:48:08] [INFO] [MapEditorScene] Updated hoveredTilePanes 227,272
[2025-04-16 22:48:08] [INFO] [MapEditorScene] Updated hoveredTilePanes 213,272
[2025-04-16 22:48:08] [INFO] [MapEditorScene] Updated hoveredTilePanes 199,272
[2025-04-16 22:48:08] [INFO] [MapEditorScene] Updated hoveredTilePanes 185,272
[2025-04-16 22:48:08] [INFO] [MapEditorScene] Updated hoveredTilePanes 174,272
[2025-04-16 22:48:08] [INFO] [MapEditorScene] Updated hoveredTilePanes 168,273
[2025-04-16 22:48:08] [INFO] [MapEditorScene] Updated hoveredTilePanes 157,275
[2025-04-16 22:48:08] [INFO] [MapEditorScene] Updated hoveredTilePanes 148,276
[2025-04-16 22:48:08] [INFO] [MapEditorScene] Updated hoveredTilePanes 139,278
[2025-04-16 22:48:08] [INFO] [MapEditorScene] Updated hoveredTilePanes 132,280
[2025-04-16 22:48:08] [INFO] [MapEditorScene] Updated hoveredTilePanes 128,281
[2025-04-16 22:48:08] [INFO] [MapEditorScene] Updated hoveredTilePanes 123,281
[2025-04-16 22:48:08] [INFO] [MapEditorScene] Updated hoveredTilePanes 120,282
[2025-04-16 22:48:08] [INFO] [MapEditorScene] Updated hoveredTilePanes 116,283
[2025-04-16 22:48:08] [INFO] [MapEditorScene] Updated hoveredTilePanes 113,284
[2025-04-16 22:48:08] [INFO] [MapEditorScene] Updated hoveredTilePanes 111,285
[2025-04-16 22:48:08] [INFO] [MapEditorScene] Updated hoveredTilePanes 109,285
[2025-04-16 22:48:08] [INFO] [MapEditorScene] Updated hoveredTilePanes 108,285
[2025-04-16 22:48:08] [INFO] [MapEditorScene] Updated hoveredTilePanes 106,286
[2025-04-16 22:48:08] [INFO] [MapEditorScene] Updated hoveredTilePanes 105,286
[2025-04-16 22:48:08] [INFO] [MapEditorScene] Updated hoveredTilePanes 103,287
[2025-04-16 22:48:08] [INFO] [MapEditorScene] Updated hoveredTilePanes 102,287
[2025-04-16 22:48:08] [INFO] [MapEditorScene] Updated hoveredTilePanes 102,286
[2025-04-16 22:48:08] [INFO] [MapEditorScene] Updated hoveredTilePanes 102,277
[2025-04-16 22:48:08] [INFO] [MapEditorScene] Updated hoveredTilePanes 102,269
[2025-04-16 22:48:08] [INFO] [MapEditorScene] Updated hoveredTilePanes 102,258
[2025-04-16 22:48:08] [INFO] [MapEditorScene] Updated hoveredTilePanes 102,246
[2025-04-16 22:48:08] [INFO] [MapEditorScene] Updated hoveredTilePanes 102,238
[2025-04-16 22:48:08] [INFO] [MapEditorScene] Updated hoveredTilePanes 102,214
[2025-04-16 22:48:08] [INFO] [MapEditorScene] Updated hoveredTilePanes 100,190
[2025-04-16 22:48:08] [INFO] [MapEditorScene] Updated hoveredTilePanes 100,167
[2025-04-16 22:48:08] [INFO] [MapEditorScene] Updated hoveredTilePanes 98,143
[2025-04-16 22:48:08] [INFO] [MapEditorScene] Updated hoveredTilePanes 98,119
[2025-04-16 22:48:08] [INFO] [MapEditorScene] Updated hoveredTilePanes 97,98
[2025-04-16 22:48:08] [INFO] [MapEditorScene] Updated hoveredTilePanes 97,78
[2025-04-16 22:48:08] [INFO] [MapEditorScene] Updated hoveredTilePanes 97,73
[2025-04-16 22:48:08] [INFO] [MapEditorScene] Updated hoveredTilePanes 95,46
[2025-04-16 22:48:08] [INFO] [MapEditorScene] Updated hoveredTilePanes 94,42
[2025-04-16 22:48:08] [INFO] [MapEditorScene] Updated hoveredTilePanes 92,31
[2025-04-16 22:48:08] [INFO] [MapEditorScene] Updated hoveredTilePanes 90,25
[2025-04-16 22:48:08] [INFO] [MapEditorScene] Updated hoveredTilePanes 88,18
[2025-04-16 22:48:08] [INFO] [MapEditorScene] Updated hoveredTilePanes 86,13
[2025-04-16 22:48:08] [INFO] [MapEditorScene] Updated hoveredTilePanes 82,4
[2025-04-16 22:48:08] [INFO] [MapEditorScene] Updated hoveredTilePanes 81,2
