[2025-03-30 22:33:47] [INFO] [UserSaveStateManager] Started loading user save data
[2025-03-30 22:33:47] [INFO] [UserSaveStateManager] Finished loading user save data
[2025-03-30 22:33:47] [INFO] [JsonDatabase] Started initializing JsonDatabase
[2025-03-30 22:33:47] [INFO] [JsonTable] Started initializing JsonTable
[2025-03-30 22:33:47] [INFO] [JsonTable] Successfully initialized JsonTable
[2025-03-30 22:33:47] [INFO] [JsonTable] Finished initializing JsonTable
[2025-03-30 22:33:47] [INFO] [JsonTable] Started initializing JsonTable
[2025-03-30 22:33:47] [INFO] [JsonTable] Successfully initialized JsonTable
[2025-03-30 22:33:47] [INFO] [JsonTable] Finished initializing JsonTable
[2025-03-30 22:33:47] [INFO] [JsonTable] Started initializing JsonTable
[2025-03-30 22:33:47] [INFO] [JsonTable] Successfully initialized JsonTable
[2025-03-30 22:33:47] [INFO] [JsonTable] Finished initializing JsonTable
[2025-03-30 22:33:47] [INFO] [JsonDatabase] Successfully initialized JsonDatabase
[2025-03-30 22:33:47] [INFO] [JsonDatabase] Finished initializing JsonDatabase
[2025-03-30 22:33:47] [INFO] [AssetPool] Started initializing AssetPool
[2025-03-30 22:33:47] [INFO] [AssetNameSpace] Started loading Sprite's from ./res/graphics
[2025-03-30 22:33:47] [INFO] [AssetNameSpace] Finished reading files for sprites
[2025-03-30 22:33:48] [INFO] [AssetNameSpace] Finished loading ./res/graphics
[2025-03-30 22:33:48] [INFO] [AssetPool] Finished initializing AssetPool
[2025-03-30 22:33:48] [INFO] [UnitDatabase] Started initializing UnitDatabase
[2025-03-30 22:33:48] [INFO] [UnitDatabase] Successfully initialized UnitDatabase
[2025-03-30 22:33:48] [INFO] [UnitDatabase] Finished initializing UnitDatabase
[2025-03-30 22:33:48] [INFO] [Component] Setting 08b338d0-6f10-4065-b090-42053345422d on to 654188a2-bb92-46b4-abe4-1f90b6d5cb10.
[2025-03-30 22:33:48] [INFO] [SpeedQueue] Added unit enemy:Moeaoo into queue
[2025-03-30 22:33:48] [INFO] [Component] Setting 28385c9f-c713-423c-9fb5-cc888a63d2d1 on to 368f6cdc-6e27-4f73-9d95-db3212e2908c.
[2025-03-30 22:33:48] [INFO] [SpeedQueue] Added unit enemy:Hertv into queue
[2025-03-30 22:33:48] [INFO] [Component] Setting 1130f7ad-494b-4039-92a9-d50175c53e9f on to 2d8a83cf-4910-4296-814d-e4e5f06213e7.
[2025-03-30 22:33:48] [INFO] [SpeedQueue] Added unit enemy:Kyca into queue
[2025-03-30 22:33:48] [INFO] [Component] Setting 8acdf67d-b52f-4523-a29b-cd7d35630996 on to cf78c27f-c528-4f63-aa4a-ea3ef18c4f6f.
[2025-03-30 22:33:48] [INFO] [SpeedQueue] Added unit enemy:Cecmli into queue
[2025-03-30 22:33:48] [INFO] [Component] Setting 841be519-00cf-4820-9436-40727c39990c on to 928f3788-1f10-4dfc-9228-778e69fd930b.
[2025-03-30 22:33:48] [INFO] [SpeedQueue] Added unit user:Niqv into queue
[2025-03-30 22:33:48] [INFO] [Component] Setting c6226ed6-d3a7-4814-89a1-a887a1a0be71 on to 7a29f9e8-6d12-4787-9a1c-b9baabfa017b.
[2025-03-30 22:33:48] [INFO] [SpeedQueue] Added unit user:Lezei into queue
[2025-03-30 22:33:48] [INFO] [Component] Setting cdad2f87-0bc9-4395-9447-6fbaef4ffb36 on to 02041535-dc27-47c4-9207-7bd1728e2d49.
[2025-03-30 22:33:48] [INFO] [SpeedQueue] Added unit user:Syyug into queue
[2025-03-30 22:33:48] [INFO] [EngineController] Started setting scene to MENU_SCENE
[2025-03-30 22:33:48] [INFO] [EngineController] Finished setting scene to MENU_SCENE
[2025-03-30 22:33:48] [INFO] [EngineController] Started setting scene to MAP_EDITOR_SCENE
[2025-03-30 22:33:48] [INFO] [FontPool] Started initializing FontPool
[2025-03-30 22:33:48] [INFO] [FontPool] ✅ Successfully loaded font: Lilian
[2025-03-30 22:33:48] [INFO] [MapEditorScene] Starting to create new GameController!
[2025-03-30 22:33:48] [INFO] [MapEditorScene] Successfully created new GameController!
[2025-03-30 22:33:49] [INFO] [EngineController] Finished setting scene to MAP_EDITOR_SCENE
[2025-03-30 22:33:49] [INFO] [InputHandler] Gliding main.camera camera to new tile 63267f40-7c5a-44b7-9bf7-5c6aca67bfb3
[2025-03-30 22:33:49] [INFO] [VisualsSystem] Started creating blurred background
[2025-03-30 22:33:49] [INFO] [TimeLinePanel] Started updating the timeline panel after turn order has changed.
[2025-03-30 22:33:49] [INFO] [TimeLinePanel] Finished updating the timeline panel after turn order has changed.
[2025-03-30 22:33:49] [INFO] [SelectedTilePanel] Checksum updated, getting units at selected tiles.
[2025-03-30 22:33:49] [INFO] [SelectedTilePanel] Either no unit selected or more than one unit selected
[2025-03-30 22:33:49] [INFO] [VisualsSystem] Finished creating blurred background after 0.30186912417411804 seconds
[2025-03-30 22:33:50] [INFO] [MapEditorScene] Updated hoveredTilePanes 1120,278
[2025-03-30 22:33:50] [INFO] [MapEditorScene] Updated hoveredTilePanes 1113,284
[2025-03-30 22:33:50] [INFO] [MapEditorScene] Updated hoveredTilePanes 1110,287
[2025-03-30 22:33:50] [INFO] [MapEditorScene] Updated hoveredTilePanes 1108,288
[2025-03-30 22:33:50] [INFO] [MapEditorScene] Updated hoveredTilePanes 1106,289
[2025-03-30 22:33:50] [INFO] [MapEditorScene] Updated hoveredTilePanes 1103,290
[2025-03-30 22:33:50] [INFO] [MapEditorScene] Updated hoveredTilePanes 1099,293
[2025-03-30 22:33:50] [INFO] [MapEditorScene] Updated hoveredTilePanes 1094,296
[2025-03-30 22:33:50] [INFO] [MapEditorScene] Updated hoveredTilePanes 1090,299
[2025-03-30 22:33:50] [INFO] [MapEditorScene] Updated hoveredTilePanes 1085,302
[2025-03-30 22:33:50] [INFO] [MapEditorScene] Updated hoveredTilePanes 1080,304
[2025-03-30 22:33:50] [INFO] [MapEditorScene] Updated hoveredTilePanes 1073,306
[2025-03-30 22:33:50] [INFO] [MapEditorScene] Updated hoveredTilePanes 1067,308
[2025-03-30 22:33:50] [INFO] [MapEditorScene] Updated hoveredTilePanes 1062,309
[2025-03-30 22:33:50] [INFO] [MapEditorScene] Updated hoveredTilePanes 1057,310
[2025-03-30 22:33:50] [INFO] [MapEditorScene] Updated hoveredTilePanes 1052,311
[2025-03-30 22:33:50] [INFO] [MapEditorScene] Updated hoveredTilePanes 1049,311
[2025-03-30 22:33:50] [INFO] [MapEditorScene] Updated hoveredTilePanes 1046,311
[2025-03-30 22:33:50] [INFO] [MapEditorScene] Updated hoveredTilePanes 1045,311
[2025-03-30 22:33:50] [INFO] [MapEditorScene] Updated hoveredTilePanes 1044,311
[2025-03-30 22:33:50] [INFO] [MapEditorScene] Updated hoveredTilePanes 1045,309
[2025-03-30 22:33:50] [INFO] [MapEditorScene] Updated hoveredTilePanes 1050,307
[2025-03-30 22:33:50] [INFO] [MapEditorScene] Updated hoveredTilePanes 1055,305
[2025-03-30 22:33:50] [INFO] [MapEditorScene] Updated hoveredTilePanes 1059,304
[2025-03-30 22:33:50] [INFO] [MapEditorScene] Updated hoveredTilePanes 1070,300
[2025-03-30 22:33:50] [INFO] [MapEditorScene] Updated hoveredTilePanes 1075,300
[2025-03-30 22:33:50] [INFO] [MapEditorScene] Updated hoveredTilePanes 1089,297
[2025-03-30 22:33:50] [INFO] [MapEditorScene] Updated hoveredTilePanes 1100,296
[2025-03-30 22:33:50] [INFO] [MapEditorScene] Updated hoveredTilePanes 1111,296
[2025-03-30 22:33:50] [INFO] [MapEditorScene] Updated hoveredTilePanes 1123,296
[2025-03-30 22:33:51] [INFO] [MapEditorScene] Updated hoveredTilePanes 1120,302
[2025-03-30 22:33:51] [INFO] [MapEditorScene] Updated hoveredTilePanes 1083,297
[2025-03-30 22:33:51] [INFO] [MapEditorScene] Updated hoveredTilePanes 1037,294
[2025-03-30 22:33:51] [INFO] [MapEditorScene] Updated hoveredTilePanes 946,283
[2025-03-30 22:33:51] [INFO] [MapEditorScene] Updated hoveredTilePanes 875,276
[2025-03-30 22:33:51] [INFO] [MapEditorScene] Updated hoveredTilePanes 838,271
[2025-03-30 22:33:51] [INFO] [MapEditorScene] Updated hoveredTilePanes 761,264
[2025-03-30 22:33:51] [INFO] [MapEditorScene] Updated hoveredTilePanes 617,245
[2025-03-30 22:33:51] [INFO] [MapEditorScene] Updated hoveredTilePanes 576,242
[2025-03-30 22:33:51] [INFO] [MapEditorScene] Updated hoveredTilePanes 505,232
[2025-03-30 22:33:51] [INFO] [MapEditorScene] Updated hoveredTilePanes 435,222
[2025-03-30 22:33:51] [INFO] [MapEditorScene] Updated hoveredTilePanes 370,216
[2025-03-30 22:33:51] [INFO] [MapEditorScene] Updated hoveredTilePanes 350,212
[2025-03-30 22:33:51] [INFO] [MapEditorScene] Updated hoveredTilePanes 309,207
[2025-03-30 22:33:51] [INFO] [MapEditorScene] Updated hoveredTilePanes 298,206
[2025-03-30 22:33:51] [INFO] [MapEditorScene] Updated hoveredTilePanes 270,203
[2025-03-30 22:33:51] [INFO] [MapEditorScene] Updated hoveredTilePanes 253,200
[2025-03-30 22:33:51] [INFO] [MapEditorScene] Updated hoveredTilePanes 244,199
[2025-03-30 22:33:51] [INFO] [MapEditorScene] Updated hoveredTilePanes 238,198
[2025-03-30 22:33:51] [INFO] [MapEditorScene] Updated hoveredTilePanes 236,198
[2025-03-30 22:33:51] [INFO] [MapEditorScene] Updated hoveredTilePanes 235,197
[2025-03-30 22:33:51] [INFO] [MapEditorScene] Updated hoveredTilePanes 234,197
[2025-03-30 22:33:51] [INFO] [MapEditorScene] Updated hoveredTilePanes 228,195
[2025-03-30 22:33:51] [INFO] [MapEditorScene] Updated hoveredTilePanes 218,188
[2025-03-30 22:33:51] [INFO] [MapEditorScene] Updated hoveredTilePanes 195,171
[2025-03-30 22:33:51] [INFO] [MapEditorScene] Updated hoveredTilePanes 187,165
[2025-03-30 22:33:51] [INFO] [MapEditorScene] Updated hoveredTilePanes 169,149
[2025-03-30 22:33:51] [INFO] [MapEditorScene] Updated hoveredTilePanes 149,133
[2025-03-30 22:33:51] [INFO] [MapEditorScene] Updated hoveredTilePanes 135,117
[2025-03-30 22:33:51] [INFO] [MapEditorScene] Updated hoveredTilePanes 119,99
[2025-03-30 22:33:51] [INFO] [MapEditorScene] Updated hoveredTilePanes 103,81
[2025-03-30 22:33:51] [INFO] [MapEditorScene] Updated hoveredTilePanes 90,65
[2025-03-30 22:33:51] [INFO] [MapEditorScene] Updated hoveredTilePanes 85,57
[2025-03-30 22:33:51] [INFO] [MapEditorScene] Updated hoveredTilePanes 76,46
[2025-03-30 22:33:51] [INFO] [MapEditorScene] Updated hoveredTilePanes 69,37
[2025-03-30 22:33:51] [INFO] [MapEditorScene] Updated hoveredTilePanes 64,27
[2025-03-30 22:33:51] [INFO] [MapEditorScene] Updated hoveredTilePanes 59,21
[2025-03-30 22:33:51] [INFO] [MapEditorScene] Updated hoveredTilePanes 56,16
[2025-03-30 22:33:51] [INFO] [MapEditorScene] Updated hoveredTilePanes 53,12
[2025-03-30 22:33:51] [INFO] [MapEditorScene] Updated hoveredTilePanes 52,8
[2025-03-30 22:33:51] [INFO] [MapEditorScene] Updated hoveredTilePanes 50,6
[2025-03-30 22:33:51] [INFO] [MapEditorScene] Updated hoveredTilePanes 49,4
[2025-03-30 22:33:51] [INFO] [MapEditorScene] Updated hoveredTilePanes 48,2
[2025-03-30 22:33:51] [INFO] [MapEditorScene] Updated hoveredTilePanes 47,1
[2025-03-30 22:33:52] [INFO] [MapEditorScene] Updated hoveredTilePanes 34,4
[2025-03-30 22:33:52] [INFO] [MapEditorScene] Updated hoveredTilePanes 39,12
[2025-03-30 22:33:52] [INFO] [MapEditorScene] Updated hoveredTilePanes 44,19
[2025-03-30 22:33:52] [INFO] [MapEditorScene] Updated hoveredTilePanes 50,27
[2025-03-30 22:33:52] [INFO] [MapEditorScene] Updated hoveredTilePanes 57,36
[2025-03-30 22:33:52] [INFO] [MapEditorScene] Updated hoveredTilePanes 61,39
[2025-03-30 22:33:52] [INFO] [MapEditorScene] Updated hoveredTilePanes 65,45
[2025-03-30 22:33:52] [INFO] [MapEditorScene] Updated hoveredTilePanes 71,51
[2025-03-30 22:33:52] [INFO] [MapEditorScene] Updated hoveredTilePanes 75,55
[2025-03-30 22:33:52] [INFO] [MapEditorScene] Updated hoveredTilePanes 79,59
[2025-03-30 22:33:52] [INFO] [MapEditorScene] Updated hoveredTilePanes 83,62
[2025-03-30 22:33:52] [INFO] [MapEditorScene] Updated hoveredTilePanes 87,65
[2025-03-30 22:33:52] [INFO] [MapEditorScene] Updated hoveredTilePanes 89,67
[2025-03-30 22:33:52] [INFO] [SelectedTilePanel] Checksum updated, getting units at selected tiles.
[2025-03-30 22:33:52] [INFO] [SelectedTilePanel] Either no unit selected or more than one unit selected
[2025-03-30 22:33:53] [INFO] [MapEditorScene] Updated hoveredTilePanes 346,365
[2025-03-30 22:33:53] [INFO] [MapEditorScene] Updated hoveredTilePanes 343,360
[2025-03-30 22:33:53] [INFO] [MapEditorScene] Updated hoveredTilePanes 335,352
[2025-03-30 22:33:53] [INFO] [MapEditorScene] Updated hoveredTilePanes 327,345
[2025-03-30 22:33:53] [INFO] [MapEditorScene] Updated hoveredTilePanes 317,335
[2025-03-30 22:33:53] [INFO] [MapEditorScene] Updated hoveredTilePanes 306,324
[2025-03-30 22:33:53] [INFO] [MapEditorScene] Updated hoveredTilePanes 292,312
[2025-03-30 22:33:53] [INFO] [MapEditorScene] Updated hoveredTilePanes 279,300
[2025-03-30 22:33:53] [INFO] [MapEditorScene] Updated hoveredTilePanes 268,289
[2025-03-30 22:33:53] [INFO] [MapEditorScene] Updated hoveredTilePanes 253,275
[2025-03-30 22:33:53] [INFO] [MapEditorScene] Updated hoveredTilePanes 242,264
[2025-03-30 22:33:53] [INFO] [MapEditorScene] Updated hoveredTilePanes 229,252
[2025-03-30 22:33:53] [INFO] [MapEditorScene] Updated hoveredTilePanes 221,244
[2025-03-30 22:33:53] [INFO] [MapEditorScene] Updated hoveredTilePanes 217,240
[2025-03-30 22:33:53] [INFO] [MapEditorScene] Updated hoveredTilePanes 209,234
[2025-03-30 22:33:53] [INFO] [MapEditorScene] Updated hoveredTilePanes 204,229
[2025-03-30 22:33:53] [INFO] [MapEditorScene] Updated hoveredTilePanes 200,226
[2025-03-30 22:33:53] [INFO] [MapEditorScene] Updated hoveredTilePanes 198,224
[2025-03-30 22:33:53] [INFO] [MapEditorScene] Updated hoveredTilePanes 197,223
[2025-03-30 22:33:53] [INFO] [MapEditorScene] Updated hoveredTilePanes 195,222
[2025-03-30 22:33:53] [INFO] [MapEditorScene] Updated hoveredTilePanes 195,221
[2025-03-30 22:33:53] [INFO] [MapEditorScene] Updated hoveredTilePanes 194,221
[2025-03-30 22:33:53] [INFO] [MapEditorScene] Updated hoveredTilePanes 193,220
[2025-03-30 22:33:53] [INFO] [MapEditorScene] Updated hoveredTilePanes 192,220
[2025-03-30 22:33:54] [INFO] [MapEditorScene] Updated hoveredTilePanes 191,219
[2025-03-30 22:33:54] [INFO] [MapEditorScene] Updated hoveredTilePanes 190,217
[2025-03-30 22:33:54] [INFO] [MapEditorScene] Updated hoveredTilePanes 189,216
[2025-03-30 22:33:54] [INFO] [MapEditorScene] Updated hoveredTilePanes 187,214
[2025-03-30 22:33:54] [INFO] [MapEditorScene] Updated hoveredTilePanes 185,211
[2025-03-30 22:33:54] [INFO] [MapEditorScene] Updated hoveredTilePanes 183,208
[2025-03-30 22:33:54] [INFO] [MapEditorScene] Updated hoveredTilePanes 181,206
[2025-03-30 22:33:54] [INFO] [MapEditorScene] Updated hoveredTilePanes 180,204
[2025-03-30 22:33:54] [INFO] [MapEditorScene] Updated hoveredTilePanes 177,200
[2025-03-30 22:33:54] [INFO] [MapEditorScene] Updated hoveredTilePanes 175,198
[2025-03-30 22:33:54] [INFO] [MapEditorScene] Updated hoveredTilePanes 174,196
[2025-03-30 22:33:54] [INFO] [MapEditorScene] Updated hoveredTilePanes 173,194
[2025-03-30 22:33:54] [INFO] [MapEditorScene] Updated hoveredTilePanes 171,192
[2025-03-30 22:33:54] [INFO] [MapEditorScene] Updated hoveredTilePanes 170,191
[2025-03-30 22:33:54] [INFO] [MapEditorScene] Updated hoveredTilePanes 169,189
[2025-03-30 22:33:54] [INFO] [MapEditorScene] Updated hoveredTilePanes 168,187
[2025-03-30 22:33:54] [INFO] [MapEditorScene] Updated hoveredTilePanes 167,185
[2025-03-30 22:33:54] [INFO] [MapEditorScene] Updated hoveredTilePanes 165,183
[2025-03-30 22:33:54] [INFO] [MapEditorScene] Updated hoveredTilePanes 164,181
[2025-03-30 22:33:54] [INFO] [MapEditorScene] Updated hoveredTilePanes 162,179
[2025-03-30 22:33:54] [INFO] [MapEditorScene] Updated hoveredTilePanes 160,177
[2025-03-30 22:33:54] [INFO] [MapEditorScene] Updated hoveredTilePanes 159,175
[2025-03-30 22:33:54] [INFO] [MapEditorScene] Updated hoveredTilePanes 156,173
[2025-03-30 22:33:54] [INFO] [MapEditorScene] Updated hoveredTilePanes 152,170
[2025-03-30 22:33:54] [INFO] [MapEditorScene] Updated hoveredTilePanes 150,167
[2025-03-30 22:33:54] [INFO] [MapEditorScene] Updated hoveredTilePanes 146,164
[2025-03-30 22:33:54] [INFO] [MapEditorScene] Updated hoveredTilePanes 142,161
[2025-03-30 22:33:54] [INFO] [MapEditorScene] Updated hoveredTilePanes 138,158
[2025-03-30 22:33:54] [INFO] [MapEditorScene] Updated hoveredTilePanes 133,153
[2025-03-30 22:33:54] [INFO] [MapEditorScene] Updated hoveredTilePanes 125,147
[2025-03-30 22:33:54] [INFO] [MapEditorScene] Updated hoveredTilePanes 123,145
[2025-03-30 22:33:54] [INFO] [MapEditorScene] Updated hoveredTilePanes 112,135
[2025-03-30 22:33:54] [INFO] [MapEditorScene] Updated hoveredTilePanes 110,133
[2025-03-30 22:33:54] [INFO] [MapEditorScene] Updated hoveredTilePanes 104,127
[2025-03-30 22:33:54] [INFO] [MapEditorScene] Updated hoveredTilePanes 100,123
[2025-03-30 22:33:54] [INFO] [MapEditorScene] Updated hoveredTilePanes 96,119
[2025-03-30 22:33:54] [INFO] [MapEditorScene] Updated hoveredTilePanes 91,114
[2025-03-30 22:33:54] [INFO] [MapEditorScene] Updated hoveredTilePanes 88,110
[2025-03-30 22:33:54] [INFO] [MapEditorScene] Updated hoveredTilePanes 85,106
[2025-03-30 22:33:54] [INFO] [MapEditorScene] Updated hoveredTilePanes 82,101
[2025-03-30 22:33:54] [INFO] [MapEditorScene] Updated hoveredTilePanes 79,97
[2025-03-30 22:33:54] [INFO] [MapEditorScene] Updated hoveredTilePanes 77,92
[2025-03-30 22:33:54] [INFO] [MapEditorScene] Updated hoveredTilePanes 75,89
[2025-03-30 22:33:54] [INFO] [MapEditorScene] Updated hoveredTilePanes 74,84
[2025-03-30 22:33:54] [INFO] [MapEditorScene] Updated hoveredTilePanes 72,80
[2025-03-30 22:33:54] [INFO] [MapEditorScene] Updated hoveredTilePanes 71,76
[2025-03-30 22:33:54] [INFO] [MapEditorScene] Updated hoveredTilePanes 69,72
[2025-03-30 22:33:54] [INFO] [MapEditorScene] Updated hoveredTilePanes 67,68
[2025-03-30 22:33:54] [INFO] [MapEditorScene] Updated hoveredTilePanes 66,65
[2025-03-30 22:33:54] [INFO] [MapEditorScene] Updated hoveredTilePanes 65,62
[2025-03-30 22:33:54] [INFO] [MapEditorScene] Updated hoveredTilePanes 64,61
[2025-03-30 22:33:54] [INFO] [MapEditorScene] Updated hoveredTilePanes 64,59
[2025-03-30 22:33:54] [INFO] [MapEditorScene] Updated hoveredTilePanes 63,58
[2025-03-30 22:33:54] [INFO] [MapEditorScene] Updated hoveredTilePanes 63,57
[2025-03-30 22:33:54] [INFO] [MapEditorScene] Updated hoveredTilePanes 62,57
[2025-03-30 22:33:54] [INFO] [MapEditorScene] Updated hoveredTilePanes 60,56
[2025-03-30 22:33:54] [INFO] [MapEditorScene] Updated hoveredTilePanes 55,53
[2025-03-30 22:33:54] [INFO] [MapEditorScene] Updated hoveredTilePanes 53,52
[2025-03-30 22:33:54] [INFO] [MapEditorScene] Updated hoveredTilePanes 49,50
[2025-03-30 22:33:54] [INFO] [MapEditorScene] Updated hoveredTilePanes 45,47
[2025-03-30 22:33:54] [INFO] [MapEditorScene] Updated hoveredTilePanes 40,44
[2025-03-30 22:33:54] [INFO] [MapEditorScene] Updated hoveredTilePanes 36,42
[2025-03-30 22:33:54] [INFO] [MapEditorScene] Updated hoveredTilePanes 32,39
[2025-03-30 22:33:54] [INFO] [MapEditorScene] Updated hoveredTilePanes 28,36
[2025-03-30 22:33:54] [INFO] [MapEditorScene] Updated hoveredTilePanes 24,33
[2025-03-30 22:33:54] [INFO] [MapEditorScene] Updated hoveredTilePanes 20,30
[2025-03-30 22:33:54] [INFO] [MapEditorScene] Updated hoveredTilePanes 16,27
[2025-03-30 22:33:54] [INFO] [MapEditorScene] Updated hoveredTilePanes 14,25
[2025-03-30 22:33:54] [INFO] [MapEditorScene] Updated hoveredTilePanes 11,22
[2025-03-30 22:33:54] [INFO] [MapEditorScene] Updated hoveredTilePanes 10,20
[2025-03-30 22:33:54] [INFO] [MapEditorScene] Updated hoveredTilePanes 8,18
[2025-03-30 22:33:54] [INFO] [MapEditorScene] Updated hoveredTilePanes 6,16
[2025-03-30 22:33:54] [INFO] [MapEditorScene] Updated hoveredTilePanes 5,14
[2025-03-30 22:33:54] [INFO] [MapEditorScene] Updated hoveredTilePanes 4,12
[2025-03-30 22:33:54] [INFO] [MapEditorScene] Updated hoveredTilePanes 1,9
[2025-03-30 22:33:54] [INFO] [MapEditorScene] Updated hoveredTilePanes 0,7
[2025-03-30 22:33:55] [INFO] [MapEditorScene] Updated hoveredTilePanes 49,4
[2025-03-30 22:33:55] [INFO] [MapEditorScene] Updated hoveredTilePanes 59,11
[2025-03-30 22:33:55] [INFO] [MapEditorScene] Updated hoveredTilePanes 69,18
[2025-03-30 22:33:55] [INFO] [MapEditorScene] Updated hoveredTilePanes 78,24
[2025-03-30 22:33:55] [INFO] [MapEditorScene] Updated hoveredTilePanes 88,34
[2025-03-30 22:33:55] [INFO] [MapEditorScene] Updated hoveredTilePanes 99,43
[2025-03-30 22:33:55] [INFO] [MapEditorScene] Updated hoveredTilePanes 110,52
[2025-03-30 22:33:55] [INFO] [MapEditorScene] Updated hoveredTilePanes 124,62
[2025-03-30 22:33:55] [INFO] [MapEditorScene] Updated hoveredTilePanes 134,72
[2025-03-30 22:33:55] [INFO] [MapEditorScene] Updated hoveredTilePanes 148,82
[2025-03-30 22:33:55] [INFO] [MapEditorScene] Updated hoveredTilePanes 160,89
[2025-03-30 22:33:55] [INFO] [MapEditorScene] Updated hoveredTilePanes 171,99
[2025-03-30 22:33:55] [INFO] [MapEditorScene] Updated hoveredTilePanes 183,106
[2025-03-30 22:33:55] [INFO] [MapEditorScene] Updated hoveredTilePanes 193,113
[2025-03-30 22:33:55] [INFO] [MapEditorScene] Updated hoveredTilePanes 197,116
[2025-03-30 22:33:55] [INFO] [MapEditorScene] Updated hoveredTilePanes 204,122
[2025-03-30 22:33:55] [INFO] [MapEditorScene] Updated hoveredTilePanes 212,129
[2025-03-30 22:33:55] [INFO] [MapEditorScene] Updated hoveredTilePanes 219,134
[2025-03-30 22:33:55] [INFO] [MapEditorScene] Updated hoveredTilePanes 223,138
[2025-03-30 22:33:55] [INFO] [MapEditorScene] Updated hoveredTilePanes 227,141
[2025-03-30 22:33:55] [INFO] [MapEditorScene] Updated hoveredTilePanes 231,145
[2025-03-30 22:33:55] [INFO] [MapEditorScene] Updated hoveredTilePanes 235,149
[2025-03-30 22:33:55] [INFO] [MapEditorScene] Updated hoveredTilePanes 237,151
[2025-03-30 22:33:55] [INFO] [MapEditorScene] Updated hoveredTilePanes 241,154
[2025-03-30 22:33:55] [INFO] [MapEditorScene] Updated hoveredTilePanes 244,157
[2025-03-30 22:33:55] [INFO] [MapEditorScene] Updated hoveredTilePanes 246,161
[2025-03-30 22:33:55] [INFO] [MapEditorScene] Updated hoveredTilePanes 250,163
[2025-03-30 22:33:55] [INFO] [MapEditorScene] Updated hoveredTilePanes 253,166
[2025-03-30 22:33:55] [INFO] [MapEditorScene] Updated hoveredTilePanes 255,168
[2025-03-30 22:33:55] [INFO] [MapEditorScene] Updated hoveredTilePanes 259,171
[2025-03-30 22:33:55] [INFO] [MapEditorScene] Updated hoveredTilePanes 263,175
[2025-03-30 22:33:55] [INFO] [MapEditorScene] Updated hoveredTilePanes 265,178
[2025-03-30 22:33:55] [INFO] [MapEditorScene] Updated hoveredTilePanes 269,180
[2025-03-30 22:33:56] [INFO] [MapEditorScene] Updated hoveredTilePanes 272,182
[2025-03-30 22:33:56] [INFO] [MapEditorScene] Updated hoveredTilePanes 275,184
[2025-03-30 22:33:56] [INFO] [MapEditorScene] Updated hoveredTilePanes 277,186
[2025-03-30 22:33:56] [INFO] [MapEditorScene] Updated hoveredTilePanes 279,187
[2025-03-30 22:33:56] [INFO] [MapEditorScene] Updated hoveredTilePanes 281,188
[2025-03-30 22:33:56] [INFO] [MapEditorScene] Updated hoveredTilePanes 282,188
[2025-03-30 22:33:56] [INFO] [MapEditorScene] Updated hoveredTilePanes 284,189
[2025-03-30 22:33:56] [INFO] [MapEditorScene] Updated hoveredTilePanes 285,189
[2025-03-30 22:33:56] [INFO] [MapEditorScene] Updated hoveredTilePanes 286,190
[2025-03-30 22:33:56] [INFO] [MapEditorScene] Updated hoveredTilePanes 288,191
[2025-03-30 22:33:56] [INFO] [MapEditorScene] Updated hoveredTilePanes 289,191
[2025-03-30 22:33:56] [INFO] [MapEditorScene] Updated hoveredTilePanes 291,191
[2025-03-30 22:33:56] [INFO] [MapEditorScene] Updated hoveredTilePanes 292,192
[2025-03-30 22:33:56] [INFO] [MapEditorScene] Updated hoveredTilePanes 293,192
[2025-03-30 22:33:56] [INFO] [MapEditorScene] Updated hoveredTilePanes 295,193
[2025-03-30 22:33:56] [INFO] [MapEditorScene] Updated hoveredTilePanes 296,193
[2025-03-30 22:33:56] [INFO] [MapEditorScene] Updated hoveredTilePanes 298,194
[2025-03-30 22:33:56] [INFO] [MapEditorScene] Updated hoveredTilePanes 300,195
[2025-03-30 22:33:56] [INFO] [MapEditorScene] Updated hoveredTilePanes 301,195
[2025-03-30 22:33:56] [INFO] [MapEditorScene] Updated hoveredTilePanes 303,195
[2025-03-30 22:33:56] [INFO] [MapEditorScene] Updated hoveredTilePanes 304,196
[2025-03-30 22:33:56] [INFO] [MapEditorScene] Updated hoveredTilePanes 306,197
[2025-03-30 22:33:56] [INFO] [MapEditorScene] Updated hoveredTilePanes 307,197
[2025-03-30 22:33:56] [INFO] [MapEditorScene] Updated hoveredTilePanes 309,198
[2025-03-30 22:33:56] [INFO] [MapEditorScene] Updated hoveredTilePanes 310,198
[2025-03-30 22:33:56] [INFO] [MapEditorScene] Updated hoveredTilePanes 310,197
[2025-03-30 22:33:56] [INFO] [MapEditorScene] Updated hoveredTilePanes 310,195
[2025-03-30 22:33:56] [INFO] [MapEditorScene] Updated hoveredTilePanes 309,193
[2025-03-30 22:33:56] [INFO] [MapEditorScene] Updated hoveredTilePanes 308,191
[2025-03-30 22:33:56] [INFO] [MapEditorScene] Updated hoveredTilePanes 307,189
[2025-03-30 22:33:56] [INFO] [MapEditorScene] Updated hoveredTilePanes 305,186
[2025-03-30 22:33:56] [INFO] [MapEditorScene] Updated hoveredTilePanes 304,184
[2025-03-30 22:33:56] [INFO] [MapEditorScene] Updated hoveredTilePanes 302,182
[2025-03-30 22:33:56] [INFO] [MapEditorScene] Updated hoveredTilePanes 301,180
[2025-03-30 22:33:56] [INFO] [MapEditorScene] Updated hoveredTilePanes 300,178
[2025-03-30 22:33:56] [INFO] [MapEditorScene] Updated hoveredTilePanes 298,177
[2025-03-30 22:33:56] [INFO] [MapEditorScene] Updated hoveredTilePanes 297,175
[2025-03-30 22:33:56] [INFO] [MapEditorScene] Updated hoveredTilePanes 297,174
[2025-03-30 22:33:56] [INFO] [MapEditorScene] Updated hoveredTilePanes 296,174
[2025-03-30 22:33:56] [INFO] [MapEditorScene] Updated hoveredTilePanes 295,173
[2025-03-30 22:33:56] [INFO] [MapEditorScene] Updated hoveredTilePanes 295,172
[2025-03-30 22:33:56] [INFO] [MapEditorScene] Updated hoveredTilePanes 294,172
[2025-03-30 22:33:56] [INFO] [MapEditorScene] Updated hoveredTilePanes 294,171
[2025-03-30 22:33:56] [INFO] [MapEditorScene] Updated hoveredTilePanes 294,170
[2025-03-30 22:33:56] [INFO] [MapEditorScene] Updated hoveredTilePanes 293,170
[2025-03-30 22:33:56] [INFO] [MapEditorScene] Updated hoveredTilePanes 293,169
[2025-03-30 22:33:56] [INFO] [MapEditorScene] Updated hoveredTilePanes 292,168
[2025-03-30 22:33:56] [INFO] [MapEditorScene] Updated hoveredTilePanes 292,167
[2025-03-30 22:33:56] [INFO] [MapEditorScene] Updated hoveredTilePanes 291,165
[2025-03-30 22:33:56] [INFO] [MapEditorScene] Updated hoveredTilePanes 290,164
[2025-03-30 22:33:56] [INFO] [MapEditorScene] Updated hoveredTilePanes 289,162
[2025-03-30 22:33:56] [INFO] [MapEditorScene] Updated hoveredTilePanes 288,160
[2025-03-30 22:33:56] [INFO] [MapEditorScene] Updated hoveredTilePanes 287,158
[2025-03-30 22:33:56] [INFO] [MapEditorScene] Updated hoveredTilePanes 285,156
[2025-03-30 22:33:56] [INFO] [MapEditorScene] Updated hoveredTilePanes 284,155
[2025-03-30 22:33:56] [INFO] [MapEditorScene] Updated hoveredTilePanes 283,154
[2025-03-30 22:33:56] [INFO] [MapEditorScene] Updated hoveredTilePanes 283,153
[2025-03-30 22:33:56] [INFO] [MapEditorScene] Updated hoveredTilePanes 282,152
[2025-03-30 22:33:56] [INFO] [MapEditorScene] Updated hoveredTilePanes 281,152
[2025-03-30 22:33:56] [INFO] [MapEditorScene] Updated hoveredTilePanes 281,151
[2025-03-30 22:33:56] [INFO] [MapEditorScene] Updated hoveredTilePanes 280,150
[2025-03-30 22:33:56] [INFO] [MapEditorScene] Updated hoveredTilePanes 279,150
[2025-03-30 22:33:56] [INFO] [MapEditorScene] Updated hoveredTilePanes 278,150
[2025-03-30 22:33:56] [INFO] [MapEditorScene] Updated hoveredTilePanes 278,151
[2025-03-30 22:33:56] [INFO] [MapEditorScene] Updated hoveredTilePanes 277,152
[2025-03-30 22:33:56] [INFO] [MapEditorScene] Updated hoveredTilePanes 277,153
[2025-03-30 22:33:56] [INFO] [MapEditorScene] Updated hoveredTilePanes 276,155
[2025-03-30 22:33:56] [INFO] [MapEditorScene] Updated hoveredTilePanes 275,158
[2025-03-30 22:33:56] [INFO] [MapEditorScene] Updated hoveredTilePanes 275,160
[2025-03-30 22:33:56] [INFO] [MapEditorScene] Updated hoveredTilePanes 275,163
[2025-03-30 22:33:56] [INFO] [MapEditorScene] Updated hoveredTilePanes 275,168
[2025-03-30 22:33:56] [INFO] [MapEditorScene] Updated hoveredTilePanes 275,171
[2025-03-30 22:33:56] [INFO] [MapEditorScene] Updated hoveredTilePanes 275,175
[2025-03-30 22:33:56] [INFO] [MapEditorScene] Updated hoveredTilePanes 275,178
[2025-03-30 22:33:56] [INFO] [MapEditorScene] Updated hoveredTilePanes 275,181
[2025-03-30 22:33:56] [INFO] [MapEditorScene] Updated hoveredTilePanes 275,184
[2025-03-30 22:33:56] [INFO] [MapEditorScene] Updated hoveredTilePanes 275,185
[2025-03-30 22:33:56] [INFO] [MapEditorScene] Updated hoveredTilePanes 275,187
[2025-03-30 22:33:56] [INFO] [MapEditorScene] Updated hoveredTilePanes 275,189
[2025-03-30 22:33:56] [INFO] [MapEditorScene] Updated hoveredTilePanes 275,190
[2025-03-30 22:33:56] [INFO] [MapEditorScene] Updated hoveredTilePanes 276,191
[2025-03-30 22:33:56] [INFO] [MapEditorScene] Updated hoveredTilePanes 276,193
[2025-03-30 22:33:57] [INFO] [MapEditorScene] Updated hoveredTilePanes 277,194
[2025-03-30 22:33:57] [INFO] [MapEditorScene] Updated hoveredTilePanes 278,195
[2025-03-30 22:33:57] [INFO] [MapEditorScene] Updated hoveredTilePanes 280,196
[2025-03-30 22:33:57] [INFO] [MapEditorScene] Updated hoveredTilePanes 281,197
[2025-03-30 22:33:57] [INFO] [MapEditorScene] Updated hoveredTilePanes 283,199
[2025-03-30 22:33:57] [INFO] [MapEditorScene] Updated hoveredTilePanes 285,201
[2025-03-30 22:33:57] [INFO] [MapEditorScene] Updated hoveredTilePanes 287,202
[2025-03-30 22:33:57] [INFO] [MapEditorScene] Updated hoveredTilePanes 289,203
[2025-03-30 22:33:57] [INFO] [MapEditorScene] Updated hoveredTilePanes 292,206
[2025-03-30 22:33:57] [INFO] [MapEditorScene] Updated hoveredTilePanes 295,208
[2025-03-30 22:33:57] [INFO] [MapEditorScene] Updated hoveredTilePanes 297,209
[2025-03-30 22:33:57] [INFO] [MapEditorScene] Updated hoveredTilePanes 300,210
[2025-03-30 22:33:57] [INFO] [MapEditorScene] Updated hoveredTilePanes 302,212
[2025-03-30 22:33:57] [INFO] [MapEditorScene] Updated hoveredTilePanes 305,213
[2025-03-30 22:33:57] [INFO] [MapEditorScene] Updated hoveredTilePanes 309,214
[2025-03-30 22:33:57] [INFO] [MapEditorScene] Updated hoveredTilePanes 313,216
[2025-03-30 22:33:57] [INFO] [MapEditorScene] Updated hoveredTilePanes 318,218
[2025-03-30 22:33:57] [INFO] [MapEditorScene] Updated hoveredTilePanes 323,219
[2025-03-30 22:33:57] [INFO] [MapEditorScene] Updated hoveredTilePanes 326,221
[2025-03-30 22:33:57] [INFO] [MapEditorScene] Updated hoveredTilePanes 333,223
[2025-03-30 22:33:57] [INFO] [MapEditorScene] Updated hoveredTilePanes 338,224
[2025-03-30 22:33:57] [INFO] [MapEditorScene] Updated hoveredTilePanes 341,225
[2025-03-30 22:33:57] [INFO] [MapEditorScene] Updated hoveredTilePanes 346,226
[2025-03-30 22:33:57] [INFO] [MapEditorScene] Updated hoveredTilePanes 349,228
[2025-03-30 22:33:57] [INFO] [MapEditorScene] Updated hoveredTilePanes 352,229
[2025-03-30 22:33:57] [INFO] [MapEditorScene] Updated hoveredTilePanes 355,231
[2025-03-30 22:33:57] [INFO] [MapEditorScene] Updated hoveredTilePanes 359,232
[2025-03-30 22:33:57] [INFO] [MapEditorScene] Updated hoveredTilePanes 361,233
[2025-03-30 22:33:57] [INFO] [MapEditorScene] Updated hoveredTilePanes 362,234
[2025-03-30 22:33:57] [INFO] [MapEditorScene] Updated hoveredTilePanes 364,235
[2025-03-30 22:33:57] [INFO] [MapEditorScene] Updated hoveredTilePanes 365,236
[2025-03-30 22:33:57] [INFO] [MapEditorScene] Updated hoveredTilePanes 366,237
[2025-03-30 22:33:57] [INFO] [MapEditorScene] Updated hoveredTilePanes 367,238
[2025-03-30 22:33:57] [INFO] [MapEditorScene] Updated hoveredTilePanes 368,238
[2025-03-30 22:33:57] [INFO] [MapEditorScene] Updated hoveredTilePanes 368,239
[2025-03-30 22:33:57] [INFO] [MapEditorScene] Updated hoveredTilePanes 369,240
[2025-03-30 22:33:57] [INFO] [MapEditorScene] Updated hoveredTilePanes 369,241
[2025-03-30 22:33:57] [INFO] [MapEditorScene] Updated hoveredTilePanes 370,241
[2025-03-30 22:33:57] [INFO] [MapEditorScene] Updated hoveredTilePanes 369,241
[2025-03-30 22:33:57] [INFO] [MapEditorScene] Updated hoveredTilePanes 368,241
[2025-03-30 22:33:57] [INFO] [MapEditorScene] Updated hoveredTilePanes 367,240
[2025-03-30 22:33:57] [INFO] [MapEditorScene] Updated hoveredTilePanes 365,240
[2025-03-30 22:33:57] [INFO] [MapEditorScene] Updated hoveredTilePanes 364,239
[2025-03-30 22:33:57] [INFO] [MapEditorScene] Updated hoveredTilePanes 363,239
[2025-03-30 22:33:57] [INFO] [MapEditorScene] Updated hoveredTilePanes 361,237
[2025-03-30 22:33:57] [INFO] [MapEditorScene] Updated hoveredTilePanes 359,237
[2025-03-30 22:33:57] [INFO] [MapEditorScene] Updated hoveredTilePanes 357,235
[2025-03-30 22:33:57] [INFO] [MapEditorScene] Updated hoveredTilePanes 355,234
[2025-03-30 22:33:57] [INFO] [MapEditorScene] Updated hoveredTilePanes 353,233
[2025-03-30 22:33:57] [INFO] [MapEditorScene] Updated hoveredTilePanes 350,231
[2025-03-30 22:33:57] [INFO] [MapEditorScene] Updated hoveredTilePanes 348,230
[2025-03-30 22:33:57] [INFO] [MapEditorScene] Updated hoveredTilePanes 344,228
[2025-03-30 22:33:57] [INFO] [MapEditorScene] Updated hoveredTilePanes 342,226
[2025-03-30 22:33:57] [INFO] [MapEditorScene] Updated hoveredTilePanes 339,224
[2025-03-30 22:33:57] [INFO] [MapEditorScene] Updated hoveredTilePanes 333,220
[2025-03-30 22:33:57] [INFO] [MapEditorScene] Updated hoveredTilePanes 329,216
[2025-03-30 22:33:57] [INFO] [MapEditorScene] Updated hoveredTilePanes 327,215
[2025-03-30 22:33:57] [INFO] [MapEditorScene] Updated hoveredTilePanes 324,211
[2025-03-30 22:33:57] [INFO] [MapEditorScene] Updated hoveredTilePanes 316,205
[2025-03-30 22:33:57] [INFO] [MapEditorScene] Updated hoveredTilePanes 314,202
[2025-03-30 22:33:57] [INFO] [MapEditorScene] Updated hoveredTilePanes 310,198
[2025-03-30 22:33:57] [INFO] [MapEditorScene] Updated hoveredTilePanes 306,196
[2025-03-30 22:33:57] [INFO] [MapEditorScene] Updated hoveredTilePanes 302,193
[2025-03-30 22:33:57] [INFO] [MapEditorScene] Updated hoveredTilePanes 300,190
[2025-03-30 22:33:57] [INFO] [MapEditorScene] Updated hoveredTilePanes 298,188
[2025-03-30 22:33:57] [INFO] [MapEditorScene] Updated hoveredTilePanes 297,187
[2025-03-30 22:33:57] [INFO] [MapEditorScene] Updated hoveredTilePanes 296,186
[2025-03-30 22:33:57] [INFO] [MapEditorScene] Updated hoveredTilePanes 295,186
[2025-03-30 22:33:57] [INFO] [MapEditorScene] Updated hoveredTilePanes 295,185
[2025-03-30 22:33:57] [INFO] [MapEditorScene] Updated hoveredTilePanes 294,185
[2025-03-30 22:33:58] [INFO] [MapEditorScene] Updated hoveredTilePanes 295,186
[2025-03-30 22:33:58] [INFO] [MapEditorScene] Updated hoveredTilePanes 298,189
[2025-03-30 22:33:58] [INFO] [MapEditorScene] Updated hoveredTilePanes 301,192
[2025-03-30 22:33:58] [INFO] [MapEditorScene] Updated hoveredTilePanes 305,197
[2025-03-30 22:33:58] [INFO] [MapEditorScene] Updated hoveredTilePanes 311,204
[2025-03-30 22:33:58] [INFO] [MapEditorScene] Updated hoveredTilePanes 318,211
[2025-03-30 22:33:58] [INFO] [MapEditorScene] Updated hoveredTilePanes 328,222
[2025-03-30 22:33:58] [INFO] [MapEditorScene] Updated hoveredTilePanes 339,231
[2025-03-30 22:33:58] [INFO] [MapEditorScene] Updated hoveredTilePanes 353,241
[2025-03-30 22:33:58] [INFO] [MapEditorScene] Updated hoveredTilePanes 357,245
[2025-03-30 22:33:58] [INFO] [MapEditorScene] Updated hoveredTilePanes 367,254
[2025-03-30 22:33:58] [INFO] [MapEditorScene] Updated hoveredTilePanes 375,260
[2025-03-30 22:33:58] [INFO] [MapEditorScene] Updated hoveredTilePanes 382,265
[2025-03-30 22:33:58] [INFO] [MapEditorScene] Updated hoveredTilePanes 386,268
[2025-03-30 22:33:58] [INFO] [MapEditorScene] Updated hoveredTilePanes 390,271
[2025-03-30 22:33:58] [INFO] [MapEditorScene] Updated hoveredTilePanes 392,272
[2025-03-30 22:33:58] [INFO] [MapEditorScene] Updated hoveredTilePanes 392,273
[2025-03-30 22:33:58] [INFO] [MapEditorScene] Updated hoveredTilePanes 393,273
[2025-03-30 22:33:58] [INFO] [MapEditorScene] Updated hoveredTilePanes 394,274
[2025-03-30 22:33:58] [INFO] [MapEditorScene] Updated hoveredTilePanes 393,274
[2025-03-30 22:33:58] [INFO] [MapEditorScene] Updated hoveredTilePanes 391,273
[2025-03-30 22:33:58] [INFO] [MapEditorScene] Updated hoveredTilePanes 388,271
[2025-03-30 22:33:58] [INFO] [MapEditorScene] Updated hoveredTilePanes 385,270
[2025-03-30 22:33:58] [INFO] [MapEditorScene] Updated hoveredTilePanes 380,267
[2025-03-30 22:33:58] [INFO] [MapEditorScene] Updated hoveredTilePanes 375,264
[2025-03-30 22:33:58] [INFO] [MapEditorScene] Updated hoveredTilePanes 369,261
[2025-03-30 22:33:58] [INFO] [MapEditorScene] Updated hoveredTilePanes 361,256
[2025-03-30 22:33:58] [INFO] [MapEditorScene] Updated hoveredTilePanes 354,251
[2025-03-30 22:33:58] [INFO] [MapEditorScene] Updated hoveredTilePanes 346,246
[2025-03-30 22:33:58] [INFO] [MapEditorScene] Updated hoveredTilePanes 342,243
[2025-03-30 22:33:58] [INFO] [MapEditorScene] Updated hoveredTilePanes 335,238
[2025-03-30 22:33:58] [INFO] [MapEditorScene] Updated hoveredTilePanes 329,233
[2025-03-30 22:33:58] [INFO] [MapEditorScene] Updated hoveredTilePanes 324,229
[2025-03-30 22:33:58] [INFO] [MapEditorScene] Updated hoveredTilePanes 320,225
[2025-03-30 22:33:58] [INFO] [MapEditorScene] Updated hoveredTilePanes 316,222
[2025-03-30 22:33:58] [INFO] [MapEditorScene] Updated hoveredTilePanes 312,219
[2025-03-30 22:33:58] [INFO] [MapEditorScene] Updated hoveredTilePanes 311,218
[2025-03-30 22:33:58] [INFO] [MapEditorScene] Updated hoveredTilePanes 310,217
[2025-03-30 22:33:58] [INFO] [MapEditorScene] Updated hoveredTilePanes 309,216
[2025-03-30 22:33:58] [INFO] [MapEditorScene] Updated hoveredTilePanes 308,216
[2025-03-30 22:33:58] [INFO] [MapEditorScene] Updated hoveredTilePanes 308,215
[2025-03-30 22:33:58] [INFO] [MapEditorScene] Updated hoveredTilePanes 307,215
[2025-03-30 22:33:58] [INFO] [MapEditorScene] Updated hoveredTilePanes 307,214
[2025-03-30 22:33:58] [INFO] [MapEditorScene] Updated hoveredTilePanes 306,214
[2025-03-30 22:33:58] [INFO] [MapEditorScene] Updated hoveredTilePanes 305,213
[2025-03-30 22:33:58] [INFO] [MapEditorScene] Updated hoveredTilePanes 303,213
[2025-03-30 22:33:58] [INFO] [MapEditorScene] Updated hoveredTilePanes 302,212
[2025-03-30 22:33:59] [INFO] [MapEditorScene] Updated hoveredTilePanes 300,211
[2025-03-30 22:33:59] [INFO] [MapEditorScene] Updated hoveredTilePanes 299,210
[2025-03-30 22:33:59] [INFO] [MapEditorScene] Updated hoveredTilePanes 297,209
[2025-03-30 22:33:59] [INFO] [MapEditorScene] Updated hoveredTilePanes 295,208
[2025-03-30 22:33:59] [INFO] [MapEditorScene] Updated hoveredTilePanes 293,206
[2025-03-30 22:33:59] [INFO] [MapEditorScene] Updated hoveredTilePanes 291,206
[2025-03-30 22:33:59] [INFO] [MapEditorScene] Updated hoveredTilePanes 290,205
[2025-03-30 22:33:59] [INFO] [MapEditorScene] Updated hoveredTilePanes 288,204
[2025-03-30 22:33:59] [INFO] [MapEditorScene] Updated hoveredTilePanes 287,203
[2025-03-30 22:33:59] [INFO] [MapEditorScene] Updated hoveredTilePanes 285,202
[2025-03-30 22:33:59] [INFO] [MapEditorScene] Updated hoveredTilePanes 283,201
[2025-03-30 22:33:59] [INFO] [MapEditorScene] Updated hoveredTilePanes 282,201
[2025-03-30 22:33:59] [INFO] [MapEditorScene] Updated hoveredTilePanes 280,199
[2025-03-30 22:33:59] [INFO] [MapEditorScene] Updated hoveredTilePanes 279,198
[2025-03-30 22:33:59] [INFO] [MapEditorScene] Updated hoveredTilePanes 277,197
[2025-03-30 22:33:59] [INFO] [MapEditorScene] Updated hoveredTilePanes 276,196
[2025-03-30 22:33:59] [INFO] [MapEditorScene] Updated hoveredTilePanes 274,195
[2025-03-30 22:33:59] [INFO] [MapEditorScene] Updated hoveredTilePanes 273,194
[2025-03-30 22:33:59] [INFO] [MapEditorScene] Updated hoveredTilePanes 272,193
[2025-03-30 22:33:59] [INFO] [MapEditorScene] Updated hoveredTilePanes 271,192
[2025-03-30 22:33:59] [INFO] [MapEditorScene] Updated hoveredTilePanes 270,192
[2025-03-30 22:33:59] [INFO] [MapEditorScene] Updated hoveredTilePanes 270,191
[2025-03-30 22:33:59] [INFO] [MapEditorScene] Updated hoveredTilePanes 269,191
[2025-03-30 22:33:59] [INFO] [MapEditorScene] Updated hoveredTilePanes 268,190
[2025-03-30 22:33:59] [INFO] [MapEditorScene] Updated hoveredTilePanes 268,189
[2025-03-30 22:33:59] [INFO] [MapEditorScene] Updated hoveredTilePanes 267,189
[2025-03-30 22:33:59] [INFO] [MapEditorScene] Updated hoveredTilePanes 267,188
[2025-03-30 22:33:59] [INFO] [MapEditorScene] Updated hoveredTilePanes 266,188
[2025-03-30 22:33:59] [INFO] [MapEditorScene] Updated hoveredTilePanes 265,187
[2025-03-30 22:33:59] [INFO] [MapEditorScene] Updated hoveredTilePanes 263,186
[2025-03-30 22:33:59] [INFO] [MapEditorScene] Updated hoveredTilePanes 259,184
[2025-03-30 22:33:59] [INFO] [MapEditorScene] Updated hoveredTilePanes 255,181
[2025-03-30 22:33:59] [INFO] [MapEditorScene] Updated hoveredTilePanes 250,179
[2025-03-30 22:33:59] [INFO] [MapEditorScene] Updated hoveredTilePanes 243,176
[2025-03-30 22:33:59] [INFO] [MapEditorScene] Updated hoveredTilePanes 237,173
[2025-03-30 22:33:59] [INFO] [MapEditorScene] Updated hoveredTilePanes 228,169
[2025-03-30 22:33:59] [INFO] [MapEditorScene] Updated hoveredTilePanes 219,165
[2025-03-30 22:33:59] [INFO] [MapEditorScene] Updated hoveredTilePanes 210,161
[2025-03-30 22:33:59] [INFO] [MapEditorScene] Updated hoveredTilePanes 199,159
[2025-03-30 22:33:59] [INFO] [MapEditorScene] Updated hoveredTilePanes 190,155
[2025-03-30 22:33:59] [INFO] [MapEditorScene] Updated hoveredTilePanes 179,151
[2025-03-30 22:33:59] [INFO] [MapEditorScene] Updated hoveredTilePanes 168,147
[2025-03-30 22:33:59] [INFO] [MapEditorScene] Updated hoveredTilePanes 157,142
[2025-03-30 22:33:59] [INFO] [MapEditorScene] Updated hoveredTilePanes 143,138
[2025-03-30 22:33:59] [INFO] [MapEditorScene] Updated hoveredTilePanes 132,134
[2025-03-30 22:33:59] [INFO] [MapEditorScene] Updated hoveredTilePanes 117,125
[2025-03-30 22:33:59] [INFO] [MapEditorScene] Updated hoveredTilePanes 106,120
[2025-03-30 22:33:59] [INFO] [MapEditorScene] Updated hoveredTilePanes 92,109
[2025-03-30 22:33:59] [INFO] [MapEditorScene] Updated hoveredTilePanes 82,102
[2025-03-30 22:33:59] [INFO] [MapEditorScene] Updated hoveredTilePanes 74,94
[2025-03-30 22:33:59] [INFO] [MapEditorScene] Updated hoveredTilePanes 65,83
[2025-03-30 22:33:59] [INFO] [MapEditorScene] Updated hoveredTilePanes 55,73
[2025-03-30 22:33:59] [INFO] [MapEditorScene] Updated hoveredTilePanes 49,65
[2025-03-30 22:33:59] [INFO] [MapEditorScene] Updated hoveredTilePanes 44,55
[2025-03-30 22:33:59] [INFO] [MapEditorScene] Updated hoveredTilePanes 41,52
[2025-03-30 22:33:59] [INFO] [MapEditorScene] Updated hoveredTilePanes 31,38
[2025-03-30 22:33:59] [INFO] [MapEditorScene] Updated hoveredTilePanes 28,34
[2025-03-30 22:33:59] [INFO] [MapEditorScene] Updated hoveredTilePanes 23,29
[2025-03-30 22:33:59] [INFO] [MapEditorScene] Updated hoveredTilePanes 18,21
[2025-03-30 22:33:59] [INFO] [MapEditorScene] Updated hoveredTilePanes 14,16
[2025-03-30 22:33:59] [INFO] [MapEditorScene] Updated hoveredTilePanes 11,9
[2025-03-30 22:33:59] [INFO] [MapEditorScene] Updated hoveredTilePanes 8,4
[2025-03-30 22:33:59] [INFO] [MapEditorScene] Updated hoveredTilePanes 5,0
