[2025-05-26 00:50:41] [INFO] [UnitTable] Started initializing UnitTable
[2025-05-26 00:50:41] [INFO] [EmeritusDatabase] Started initializing EmeritusDatabase
[2025-05-26 00:50:41] [INFO] [EmeritusDatabase] Finished initializing EmeritusDatabase
[2025-05-26 00:50:41] [INFO] [UnitTable] Successfully initialized UnitTable
[2025-05-26 00:50:41] [INFO] [UnitTable] Finished initializing UnitTable
[2025-05-26 00:50:41] [INFO] [AbilityTable] Started initializing AbilityTable
[2025-05-26 00:50:41] [INFO] [AbilityTable] Finished initializing AbilityTable
[2025-05-26 00:50:41] [INFO] [UserSaveStateManager] Started loading user save data
[2025-05-26 00:50:41] [INFO] [UserSaveStateManager] Finished loading user save data
[2025-05-26 00:50:41] [INFO] [AssetPool] Started initializing AssetPool
[2025-05-26 00:50:41] [INFO] [AssetNameSpace] Started loading Sprite's from ./res/graphics
[2025-05-26 00:50:41] [INFO] [AssetNameSpace] Finished reading files for sprites
[2025-05-26 00:50:41] [INFO] [AssetNameSpace] Finished loading ./res/graphics
[2025-05-26 00:50:41] [INFO] [AssetPool] Finished initializing AssetPool
[2025-05-26 00:50:41] [INFO] [Component] Setting UNIT_light_dragon___NICKNAME_Baid___bff0d372-0359-4205-9c2f-922ad06a2cc2 on to {"row":9,"column":1,"base_elevation":-3,"spawn_region":"Left","unit":"UNIT_light_dragon___NICKNAME_Baid___bff0d372-0359-4205-9c2f-922ad06a2cc2","layers":{"empty":false},"total_elevation":5}.
[2025-05-26 00:50:41] [INFO] [SpeedQueue] Added unit UNIT_light_dragon___NICKNAME_Baid___bff0d372-0359-4205-9c2f-922ad06a2cc2 into queue
[2025-05-26 00:50:41] [INFO] [Component] Setting UNIT_fire_dragon___NICKNAME_Eofo___46580014-7b2e-4650-80e1-95de091986d0 on to {"row":3,"column":1,"base_elevation":-3,"spawn_region":"Left","unit":"UNIT_fire_dragon___NICKNAME_Eofo___46580014-7b2e-4650-80e1-95de091986d0","layers":{"empty":false},"total_elevation":5}.
[2025-05-26 00:50:41] [INFO] [SpeedQueue] Added unit UNIT_fire_dragon___NICKNAME_Eofo___46580014-7b2e-4650-80e1-95de091986d0 into queue
[2025-05-26 00:50:41] [INFO] [Component] Setting UNIT_dragon___NICKNAME_Famcy___6c8e49d5-81ef-4df8-a661-ae435d4a9d4f on to {"row":7,"column":1,"base_elevation":-3,"spawn_region":"Left","unit":"UNIT_dragon___NICKNAME_Famcy___6c8e49d5-81ef-4df8-a661-ae435d4a9d4f","layers":{"empty":false},"total_elevation":5}.
[2025-05-26 00:50:41] [INFO] [SpeedQueue] Added unit UNIT_dragon___NICKNAME_Famcy___6c8e49d5-81ef-4df8-a661-ae435d4a9d4f into queue
[2025-05-26 00:50:41] [INFO] [Component] Setting UNIT_dark_dragon___NICKNAME_Kaxag___99ec03be-bf25-412f-af8e-b8b4efc0704c on to {"row":4,"column":0,"base_elevation":-3,"spawn_region":"Left","unit":"UNIT_dark_dragon___NICKNAME_Kaxag___99ec03be-bf25-412f-af8e-b8b4efc0704c","layers":{"empty":false},"total_elevation":5}.
[2025-05-26 00:50:41] [INFO] [SpeedQueue] Added unit UNIT_dark_dragon___NICKNAME_Kaxag___99ec03be-bf25-412f-af8e-b8b4efc0704c into queue
[2025-05-26 00:50:41] [INFO] [Component] Setting UNIT_light_dragon___NICKNAME_Pexe___8c325e1b-220e-4ec9-a1fd-f32aafaef69d on to {"row":6,"column":0,"base_elevation":-3,"spawn_region":"Left","unit":"UNIT_light_dragon___NICKNAME_Pexe___8c325e1b-220e-4ec9-a1fd-f32aafaef69d","layers":{"empty":false},"total_elevation":5}.
[2025-05-26 00:50:41] [INFO] [SpeedQueue] Added unit UNIT_light_dragon___NICKNAME_Pexe___8c325e1b-220e-4ec9-a1fd-f32aafaef69d into queue
[2025-05-26 00:50:41] [INFO] [Component] Setting UNIT_dark_dragon___NICKNAME_Saqy___eeb97137-c50b-434d-8098-f39ba2cf4e1c on to {"row":5,"column":8,"base_elevation":-3,"spawn_region":"Right","unit":"UNIT_dark_dragon___NICKNAME_Saqy___eeb97137-c50b-434d-8098-f39ba2cf4e1c","layers":{"empty":false},"total_elevation":3}.
[2025-05-26 00:50:41] [INFO] [SpeedQueue] Added unit UNIT_dark_dragon___NICKNAME_Saqy___eeb97137-c50b-434d-8098-f39ba2cf4e1c into queue
[2025-05-26 00:50:41] [INFO] [Component] Setting UNIT_water_dragon___NICKNAME_Pijvi___88c19d3a-1367-415e-96cd-7a790e7d5865 on to {"row":5,"column":9,"base_elevation":-3,"spawn_region":"Right","unit":"UNIT_water_dragon___NICKNAME_Pijvi___88c19d3a-1367-415e-96cd-7a790e7d5865","layers":{"empty":false},"total_elevation":3}.
[2025-05-26 00:50:41] [INFO] [SpeedQueue] Added unit UNIT_water_dragon___NICKNAME_Pijvi___88c19d3a-1367-415e-96cd-7a790e7d5865 into queue
[2025-05-26 00:50:41] [INFO] [Component] Setting UNIT_dragon___NICKNAME_Jowjao___f00bfc8d-bd81-4516-87da-dbd34f46ebb3 on to {"row":6,"column":9,"base_elevation":-3,"spawn_region":"Right","unit":"UNIT_dragon___NICKNAME_Jowjao___f00bfc8d-bd81-4516-87da-dbd34f46ebb3","layers":{"empty":false},"total_elevation":3}.
[2025-05-26 00:50:41] [INFO] [SpeedQueue] Added unit UNIT_dragon___NICKNAME_Jowjao___f00bfc8d-bd81-4516-87da-dbd34f46ebb3 into queue
[2025-05-26 00:50:41] [INFO] [Component] Setting UNIT_dragon___NICKNAME_Qibo___a3b1b14f-03ba-454b-8122-e6dfac98aefa on to {"row":4,"column":9,"base_elevation":-3,"spawn_region":"Right","unit":"UNIT_dragon___NICKNAME_Qibo___a3b1b14f-03ba-454b-8122-e6dfac98aefa","layers":{"empty":false},"total_elevation":3}.
[2025-05-26 00:50:41] [INFO] [SpeedQueue] Added unit UNIT_dragon___NICKNAME_Qibo___a3b1b14f-03ba-454b-8122-e6dfac98aefa into queue
[2025-05-26 00:50:41] [INFO] [Component] Setting UNIT_dark_dragon___NICKNAME_Iegl___da66f4bd-6baa-4ead-b18a-b916b1779c4b on to {"row":4,"column":8,"base_elevation":-3,"spawn_region":"Right","unit":"UNIT_dark_dragon___NICKNAME_Iegl___da66f4bd-6baa-4ead-b18a-b916b1779c4b","layers":{"empty":false},"total_elevation":3}.
[2025-05-26 00:50:41] [INFO] [SpeedQueue] Added unit UNIT_dark_dragon___NICKNAME_Iegl___da66f4bd-6baa-4ead-b18a-b916b1779c4b into queue
[2025-05-26 00:50:41] [INFO] [EngineController] Started setting scene to MENU_SCENE
[2025-05-26 00:50:41] [INFO] [EngineController] Finished setting scene to MENU_SCENE
[2025-05-26 00:50:41] [INFO] [EngineController] Started setting scene to MAP_EDITOR_SCENE
[2025-05-26 00:50:41] [INFO] [FontPool] Started initializing FontPool
[2025-05-26 00:50:41] [INFO] [FontPool] ✅ Successfully loaded font: Lilian
[2025-05-26 00:50:41] [INFO] [MapEditorScene] Starting to create new GameController!
[2025-05-26 00:50:41] [INFO] [MapEditorScene] Successfully created new GameController!
[2025-05-26 00:50:41] [INFO] [EngineController] Finished setting scene to MAP_EDITOR_SCENE
[2025-05-26 00:50:41] [INFO] [EngineController] Started setting scene to GAME_SCENE
[2025-05-26 00:50:42] [INFO] [EngineController] Finished setting scene to GAME_SCENE
[2025-05-26 00:50:42] [INFO] [AbilitySystem] Started updating {} because of ability
[2025-05-26 00:50:42] [INFO] [AbilitySystem] Finished update updating {} because of ability
[2025-05-26 00:50:42] [INFO] [AbilitySystem] Started updating {} because of ability
[2025-05-26 00:50:42] [INFO] [AbilitySystem] Finished update updating {} because of ability
[2025-05-26 00:50:42] [INFO] [AbilitySystem] Started updating {} because of ability
[2025-05-26 00:50:42] [INFO] [AbilitySystem] Finished update updating {} because of ability
[2025-05-26 00:50:42] [INFO] [AbilitySystem] Started updating {} because of ability
[2025-05-26 00:50:42] [INFO] [AbilitySystem] Finished update updating {} because of ability
[2025-05-26 00:50:42] [INFO] [AbilitySystem] Started updating {} because of ability
[2025-05-26 00:50:42] [INFO] [AbilitySystem] Finished update updating {} because of ability
[2025-05-26 00:50:42] [INFO] [AbilitySystem] Started updating {} because of ability
[2025-05-26 00:50:42] [INFO] [AbilitySystem] Finished update updating {} because of ability
[2025-05-26 00:50:42] [INFO] [AbilitySystem] Started updating {} because of ability
[2025-05-26 00:50:42] [INFO] [AbilitySystem] Finished update updating {} because of ability
[2025-05-26 00:50:42] [INFO] [AbilitySystem] Started updating {} because of ability
[2025-05-26 00:50:42] [INFO] [AbilitySystem] Finished update updating {} because of ability
[2025-05-26 00:50:42] [INFO] [AbilitySystem] Started updating {} because of ability
[2025-05-26 00:50:42] [INFO] [AbilitySystem] Finished update updating {} because of ability
[2025-05-26 00:50:42] [INFO] [AbilitySystem] Started updating {} because of ability
[2025-05-26 00:50:42] [INFO] [AbilitySystem] Finished update updating {} because of ability
[2025-05-26 00:50:42] [INFO] [SpeedQueue] Speed queue updated.
[2025-05-26 00:50:42] [INFO] [AbilityPanel] Updating ability selection for UNIT_fire_dragon___NICKNAME_Eofo___46580014-7b2e-4650-80e1-95de091986d0
[2025-05-26 00:50:42] [INFO] [AbilityPanel] Finished ability selection for UNIT_fire_dragon___NICKNAME_Eofo___46580014-7b2e-4650-80e1-95de091986d0
[2025-05-26 00:50:42] [INFO] [MovementPanel] Started update to Movement Information panel.
[2025-05-26 00:50:42] [INFO] [MovementPanel] Finished update to Movement Information panel.
[2025-05-26 00:50:42] [INFO] [TimeLinePanel] Started updating the timeline panel after turn order has changed.
[2025-05-26 00:50:42] [INFO] [TimeLinePanel] Finished updating the timeline panel after turn order has changed.
[2025-05-26 00:50:42] [INFO] [SelectedTilePanel] Checksum updated, getting units at selected tiles.
[2025-05-26 00:50:42] [INFO] [SelectedTilePanel] Either no unit selected or more than one unit selected
[2025-05-26 00:50:42] [INFO] [VisualsSystem] Started creating blurred background
[2025-05-26 00:50:42] [INFO] [VisualsSystem] Finished creating blurred background after 0.48302704095840454 seconds
[2025-05-26 00:50:42] [INFO] [AbilitySystem] Started updating {} because of ability
[2025-05-26 00:50:42] [INFO] [AbilitySystem] Finished update updating {} because of ability
[2025-05-26 00:50:42] [INFO] [AbilitySystem] Started updating {} because of ability
[2025-05-26 00:50:42] [INFO] [AbilitySystem] Finished update updating {} because of ability
[2025-05-26 00:50:42] [INFO] [AbilitySystem] Started updating {} because of ability
[2025-05-26 00:50:42] [INFO] [AbilitySystem] Finished update updating {} because of ability
[2025-05-26 00:50:42] [INFO] [AbilitySystem] Started updating {} because of ability
[2025-05-26 00:50:42] [INFO] [AbilitySystem] Finished update updating {} because of ability
[2025-05-26 00:50:42] [INFO] [AbilitySystem] Started updating {} because of ability
[2025-05-26 00:50:42] [INFO] [AbilitySystem] Finished update updating {} because of ability
[2025-05-26 00:50:42] [INFO] [AbilitySystem] Started updating {} because of ability
[2025-05-26 00:50:42] [INFO] [AbilitySystem] Finished update updating {} because of ability
[2025-05-26 00:50:42] [INFO] [AbilitySystem] Started updating {} because of ability
[2025-05-26 00:50:42] [INFO] [AbilitySystem] Finished update updating {} because of ability
[2025-05-26 00:50:42] [INFO] [AbilityPanel] Updating ability selection for UNIT_fire_dragon___NICKNAME_Eofo___46580014-7b2e-4650-80e1-95de091986d0
[2025-05-26 00:50:42] [INFO] [AbilityPanel] Finished ability selection for UNIT_fire_dragon___NICKNAME_Eofo___46580014-7b2e-4650-80e1-95de091986d0
[2025-05-26 00:50:42] [INFO] [MovementPanel] Started update to Movement Information panel.
[2025-05-26 00:50:42] [INFO] [MovementPanel] Finished update to Movement Information panel.
[2025-05-26 00:50:42] [INFO] [AbilitySystem] Started updating {} because of ability
[2025-05-26 00:50:42] [INFO] [AbilitySystem] Finished update updating {} because of ability
[2025-05-26 00:50:42] [INFO] [AbilitySystem] Started updating {} because of ability
[2025-05-26 00:50:42] [INFO] [AbilitySystem] Finished update updating {} because of ability
[2025-05-26 00:50:42] [INFO] [AbilitySystem] Started updating {} because of ability
[2025-05-26 00:50:42] [INFO] [AbilitySystem] Finished update updating {} because of ability
[2025-05-26 00:50:42] [INFO] [AbilitySystem] Started updating {} because of ability
[2025-05-26 00:50:42] [INFO] [AbilitySystem] Finished update updating {} because of ability
[2025-05-26 00:50:42] [INFO] [AbilitySystem] Started updating {} because of ability
[2025-05-26 00:50:42] [INFO] [AbilitySystem] Finished update updating {} because of ability
[2025-05-26 00:50:42] [INFO] [AbilitySystem] Started updating {} because of ability
[2025-05-26 00:50:42] [INFO] [AbilitySystem] Finished update updating {} because of ability
[2025-05-26 00:50:42] [INFO] [AbilitySystem] Started updating {} because of ability
[2025-05-26 00:50:42] [INFO] [AbilitySystem] Finished update updating {} because of ability
