[2025-03-26 20:42:29] [INFO] [UserSaveStateManager] Started loading user save data
[2025-03-26 20:42:29] [INFO] [UserSaveStateManager] Finished loading user save data
[2025-03-26 20:42:29] [INFO] [JsonDatabase] Started initializing JsonDatabase
[2025-03-26 20:42:29] [INFO] [JsonTable] Started initializing JsonTable
[2025-03-26 20:42:29] [INFO] [JsonTable] Successfully initialized JsonTable
[2025-03-26 20:42:29] [INFO] [JsonTable] Finished initializing JsonTable
[2025-03-26 20:42:29] [INFO] [JsonTable] Started initializing JsonTable
[2025-03-26 20:42:29] [INFO] [JsonTable] Successfully initialized JsonTable
[2025-03-26 20:42:29] [INFO] [JsonTable] Finished initializing JsonTable
[2025-03-26 20:42:29] [INFO] [JsonTable] Started initializing JsonTable
[2025-03-26 20:42:29] [INFO] [JsonTable] Successfully initialized JsonTable
[2025-03-26 20:42:29] [INFO] [JsonTable] Finished initializing JsonTable
[2025-03-26 20:42:29] [INFO] [JsonDatabase] Successfully initialized JsonDatabase
[2025-03-26 20:42:29] [INFO] [JsonDatabase] Finished initializing JsonDatabase
[2025-03-26 20:42:29] [INFO] [AssetPool] Started initializing AssetPool
[2025-03-26 20:42:29] [INFO] [AssetNameSpace] Started loading Sprite's from ./res/graphics
[2025-03-26 20:42:29] [INFO] [AssetNameSpace] Finished reading files for sprites
[2025-03-26 20:42:29] [INFO] [AssetNameSpace] Finished loading ./res/graphics
[2025-03-26 20:42:29] [INFO] [AssetPool] Finished initializing AssetPool
[2025-03-26 20:42:29] [INFO] [UnitDatabase] Started initializing UnitDatabase
[2025-03-26 20:42:29] [INFO] [UnitDatabase] Successfully initialized UnitDatabase
[2025-03-26 20:42:29] [INFO] [UnitDatabase] Finished initializing UnitDatabase
[2025-03-26 20:42:29] [INFO] [Component] Setting b14c47bc-4b94-4ef2-a415-462eb9267b44 on to 8f97a802-6d50-487b-b60e-34e9734f76b7.
[2025-03-26 20:42:29] [INFO] [SpeedQueue] Added unit enemy:Mayk into queue
[2025-03-26 20:42:29] [INFO] [Component] Setting 2dd13a3f-a5b9-49af-994d-b366475d54b4 on to eb0b419b-55f2-4103-92f7-e5e0341be4db.
[2025-03-26 20:42:29] [INFO] [SpeedQueue] Added unit enemy:Pyyq into queue
[2025-03-26 20:42:29] [INFO] [Component] Setting 8d76810d-25a0-41c2-afac-a2212f7a7d0f on to 0c83bfe5-032b-49bf-8ffe-a5a04fb9d523.
[2025-03-26 20:42:29] [INFO] [SpeedQueue] Added unit enemy:Resy into queue
[2025-03-26 20:42:29] [INFO] [Component] Setting ac35b2ee-2419-410b-af58-6faf15526b55 on to ecbeafa6-36d6-4296-a1e8-c602cb839a77.
[2025-03-26 20:42:29] [INFO] [SpeedQueue] Added unit enemy:Pesl into queue
[2025-03-26 20:42:29] [INFO] [Component] Setting 3be0e2f1-517f-4220-9877-f9784137f013 on to 31e029d0-22b5-49fc-86bb-b87d36684851.
[2025-03-26 20:42:29] [INFO] [SpeedQueue] Added unit user:Mautu into queue
[2025-03-26 20:42:29] [INFO] [Component] Setting cc395a7f-4a3a-489d-b602-ae63d21f1dfb on to 1e928b67-771f-4438-b92f-54d74e6ea336.
[2025-03-26 20:42:29] [INFO] [SpeedQueue] Added unit user:Guay into queue
[2025-03-26 20:42:29] [INFO] [Component] Setting 930df75c-9ff2-4c9c-ab70-94d15ee09260 on to 7a936b75-f35a-4589-b6d7-6394532e6989.
[2025-03-26 20:42:29] [INFO] [SpeedQueue] Added unit user:Royn into queue
[2025-03-26 20:42:29] [INFO] [Component] Setting 96363442-9d8e-4ca0-a8f0-8a7597776bab on to 69bcf1f3-ea2f-4f21-9f9d-e4d8835ec344.
[2025-03-26 20:42:29] [INFO] [SpeedQueue] Added unit user:Vuca into queue
[2025-03-26 20:42:29] [INFO] [EngineController] Started setting scene to MENU_SCENE
[2025-03-26 20:42:30] [INFO] [EngineController] Finished setting scene to MENU_SCENE
[2025-03-26 20:42:30] [INFO] [EngineController] Started setting scene to MAP_EDITOR_SCENE
[2025-03-26 20:42:30] [INFO] [FontPool] Started initializing FontPool
[2025-03-26 20:42:30] [INFO] [FontPool] ✅ Successfully loaded font: Lilian
[2025-03-26 20:42:30] [INFO] [MapEditorScene] Starting to create new GameController!
[2025-03-26 20:42:30] [INFO] [MapEditorScene] Successfully created new GameController!
[2025-03-26 20:42:30] [INFO] [EngineController] Finished setting scene to MAP_EDITOR_SCENE
[2025-03-26 20:42:30] [INFO] [InputHandler] Gliding main.camera camera to new tile 784cde43-3fb2-4c24-a058-2deac3b7788a
[2025-03-26 20:42:30] [INFO] [VisualsSystem] Started creating blurred background
[2025-03-26 20:42:30] [INFO] [TimeLinePanel] Started updating the timeline panel after turn order has changed.
[2025-03-26 20:42:30] [INFO] [TimeLinePanel] Finished updating the timeline panel after turn order has changed.
[2025-03-26 20:42:30] [INFO] [SelectedTilePanel] Checksum updated, getting units at selected tiles.
[2025-03-26 20:42:30] [INFO] [SelectedTilePanel] Either no unit selected or more than one unit selected
[2025-03-26 20:42:31] [INFO] [VisualsSystem] Finished creating blurred background after 0.29065728187561035 seconds
