[2025-04-05 19:56:33] [INFO] [UnitDatabase] Started initializing UnitDatabase
[2025-04-05 19:56:33] [INFO] [UnitDatabase] Successfully initialized UnitDatabase
[2025-04-05 19:56:33] [INFO] [UnitDatabase] Finished initializing UnitDatabase
[2025-04-05 19:56:33] [INFO] [AbilityDatabase] Started initializing AbilityDatabase
[2025-04-05 19:56:33] [INFO] [AbilityDatabase] Successfully initialized AbilityDatabase
[2025-04-05 19:56:33] [INFO] [AbilityDatabase] Finished initializing AbilityDatabase
[2025-04-05 19:56:33] [INFO] [UserSaveStateManager] Started loading user save data
[2025-04-05 19:56:33] [INFO] [UserSaveStateManager] Finished loading user save data
[2025-04-05 19:56:33] [INFO] [AssetPool] Started initializing AssetPool
[2025-04-05 19:56:33] [INFO] [AssetNameSpace] Started loading Sprite's from ./res/graphics
[2025-04-05 19:56:33] [INFO] [AssetNameSpace] Finished reading files for sprites
[2025-04-05 19:56:33] [INFO] [AssetNameSpace] Finished loading ./res/graphics
[2025-04-05 19:56:33] [INFO] [AssetPool] Finished initializing AssetPool
[2025-04-05 19:56:33] [INFO] [JsonDatabase] Started initializing JsonDatabase
[2025-04-05 19:56:33] [INFO] [JsonTable] Started initializing JsonTable
[2025-04-05 19:56:33] [INFO] [JsonTable] Successfully initialized JsonTable
[2025-04-05 19:56:33] [INFO] [JsonTable] Finished initializing JsonTable
[2025-04-05 19:56:33] [INFO] [JsonTable] Started initializing JsonTable
[2025-04-05 19:56:33] [INFO] [JsonTable] Successfully initialized JsonTable
[2025-04-05 19:56:33] [INFO] [JsonTable] Finished initializing JsonTable
[2025-04-05 19:56:33] [INFO] [JsonTable] Started initializing JsonTable
[2025-04-05 19:56:33] [INFO] [JsonTable] Successfully initialized JsonTable
[2025-04-05 19:56:33] [INFO] [JsonTable] Finished initializing JsonTable
[2025-04-05 19:56:33] [INFO] [JsonDatabase] Successfully initialized JsonDatabase
[2025-04-05 19:56:33] [INFO] [JsonDatabase] Finished initializing JsonDatabase
[2025-04-05 19:56:33] [INFO] [EmeritusDatabase] Started initializing EmeritusDatabase
[2025-04-05 19:56:33] [INFO] [EmeritusDatabase] Finished initializing EmeritusDatabase
[2025-04-05 19:56:33] [INFO] [Component] Setting dragon_Naajfi_9408aba7-e0bc-4356-bce1-b2b8bf5da794 on to 13_10_5a13cacc-e0f5-4ce8-bf6d-28c3ad6d35f0.
[2025-04-05 19:56:33] [INFO] [SpeedQueue] Added unit enemy:Naajfi into queue
[2025-04-05 19:56:33] [INFO] [Component] Setting fire_dragon_Nynueu_6aa9d6fc-a8ae-434c-8f2d-80430142e213 on to 10_7_e85f1af9-8a25-4056-b771-43692a9b1de3.
[2025-04-05 19:56:33] [INFO] [SpeedQueue] Added unit enemy:Nynueu into queue
[2025-04-05 19:56:33] [INFO] [Component] Setting water_dragon_Fejlbb_421ab7c7-ae13-417a-85e3-f193871874cf on to 4_0_9dc9b322-3655-48b5-9a25-69b839893d58.
[2025-04-05 19:56:33] [INFO] [SpeedQueue] Added unit enemy:Fejlbb into queue
[2025-04-05 19:56:33] [INFO] [Component] Setting dark_dragon_Uodv_270e7892-2980-4317-8307-f64cb2b88550 on to 5_0_0433388c-415f-4496-b5bc-f7bd1fe02e8e.
[2025-04-05 19:56:33] [INFO] [SpeedQueue] Added unit enemy:Uodv into queue
[2025-04-05 19:56:33] [INFO] [Component] Setting fire_dragon_Tykehk_67870ecc-a543-4414-8d46-dbb47aeebd37 on to 0_13_d6358589-81be-426b-9425-6896282d84b1.
[2025-04-05 19:56:33] [INFO] [SpeedQueue] Added unit enemy:Tykehk into queue
[2025-04-05 19:56:33] [INFO] [Component] Setting dragon_Vunuoo_ad9d910b-4153-4fb3-be33-911f8d1d42f7 on to 4_13_9da4eb67-37d8-44fc-b387-ef5f87277380.
[2025-04-05 19:56:33] [INFO] [SpeedQueue] Added unit enemy:Vunuoo into queue
[2025-04-05 19:56:33] [INFO] [Component] Setting air_dragon_Wapqv_2163154a-9890-4651-b472-8ae323ab14ac on to 7_14_cb83c5c5-dccd-46e5-b231-bcbc0fc96f8e.
[2025-04-05 19:56:33] [INFO] [SpeedQueue] Added unit enemy:Wapqv into queue
[2025-04-05 19:56:33] [INFO] [Component] Setting dragon_Lunj_4fcf2d0e-b910-4a62-b5bb-c05f30621379 on to 3_10_fd54bc0d-ed32-4999-8046-9534804b9e0a.
[2025-04-05 19:56:33] [INFO] [SpeedQueue] Added unit enemy:Lunj into queue
[2025-04-05 19:56:33] [INFO] [Component] Setting water_dragon_Eezs_ee1c865b-79dd-48b6-b1c6-64b08e1c3db8 on to 8_4_9ffd4cfc-2fca-42b7-baf4-f8cc0b8dfa4a.
[2025-04-05 19:56:33] [INFO] [SpeedQueue] Added unit enemy:Eezs into queue
[2025-04-05 19:56:33] [INFO] [Component] Setting air_dragon_Gyhyre_d026e03c-cd73-468f-8158-eababcf05ea1 on to 3_4_81ee4987-d75e-41c7-ba5e-d56ca893f664.
[2025-04-05 19:56:33] [INFO] [SpeedQueue] Added unit enemy:Gyhyre into queue
[2025-04-05 19:56:33] [INFO] [Component] Setting water_dragon_Lemvyo_dd74860a-3db2-4c70-babb-cc2a2b5853ed on to 5_11_ef4ee752-7f36-44b4-ac07-2702e5ce2b4f.
[2025-04-05 19:56:33] [INFO] [SpeedQueue] Added unit enemy:Lemvyo into queue
[2025-04-05 19:56:33] [INFO] [Component] Setting earth_dragon_Punyyo_ba84906a-a3b9-46f5-b414-99c4135ebd63 on to 14_3_225830a9-dc87-45f9-9794-5d4faddb6975.
[2025-04-05 19:56:33] [INFO] [SpeedQueue] Added unit enemy:Punyyo into queue
[2025-04-05 19:56:33] [INFO] [Component] Setting water_dragon_Ooztoe_25c516f8-d06b-4117-9167-4c36036b5c66 on to 13_0_1f5ea710-127b-4ec5-83ef-1eea21b09a33.
[2025-04-05 19:56:33] [INFO] [SpeedQueue] Added unit enemy:Ooztoe into queue
[2025-04-05 19:56:33] [INFO] [Component] Setting light_dragon_Kafj_57a14dd7-3f0d-4e7f-85ec-b48731052146 on to 10_9_47bee07c-b51e-4e62-8263-87577828f933.
[2025-04-05 19:56:33] [INFO] [SpeedQueue] Added unit enemy:Kafj into queue
[2025-04-05 19:56:33] [INFO] [Component] Setting water_dragon_Sawujy_cb6a0337-cc09-42e6-8070-065f2d2e0a5e on to 1_2_2b93a453-2470-4290-a4c3-2ed49b5e8bfc.
[2025-04-05 19:56:33] [INFO] [SpeedQueue] Added unit enemy:Sawujy into queue
[2025-04-05 19:56:33] [INFO] [Component] Setting dragon_Uyji_012717fc-f08f-4dee-8fe1-f6c102754799 on to 4_1_a7aad12f-48b7-403f-a75b-2fcdca1eb91b.
[2025-04-05 19:56:33] [INFO] [SpeedQueue] Added unit enemy:Uyji into queue
[2025-04-05 19:56:33] [INFO] [Component] Setting dark_dragon_Jaba_e575e9e5-91ff-42ac-a5f0-1386a112b677 on to 11_12_2cdefdb7-e3b8-4a08-9158-ffe1c0cc454d.
[2025-04-05 19:56:33] [INFO] [SpeedQueue] Added unit enemy:Jaba into queue
[2025-04-05 19:56:33] [INFO] [Component] Setting water_dragon_Tacv_4276761f-bc27-4a34-8540-51491862a94f on to 9_5_844b20c2-7a92-47e6-9b0e-ff8daee91352.
[2025-04-05 19:56:33] [INFO] [SpeedQueue] Added unit enemy:Tacv into queue
[2025-04-05 19:56:33] [INFO] [Component] Setting earth_dragon_Vowsio_e3f1e37a-cced-4461-a790-67c12f924f3a on to 3_2_da4becaf-8b17-4791-ac08-fe9c54ab2124.
[2025-04-05 19:56:33] [INFO] [SpeedQueue] Added unit enemy:Vowsio into queue
[2025-04-05 19:56:33] [INFO] [Component] Setting earth_dragon_Weea_47c0296a-38a0-4608-a0d3-0218e37cc4a6 on to 7_1_a9bc4ebf-5902-49f3-9615-b536e563861e.
[2025-04-05 19:56:33] [INFO] [SpeedQueue] Added unit enemy:Weea into queue
[2025-04-05 19:56:33] [INFO] [Component] Setting dark_dragon_Baan_06e02aa8-80ce-4a3d-ba64-ba6b5cc9b65f on to 11_3_ea149336-cf5b-41b9-9d54-6f4ee1a6ce30.
[2025-04-05 19:56:33] [INFO] [SpeedQueue] Added unit enemy:Baan into queue
[2025-04-05 19:56:33] [INFO] [Component] Setting dragon_Muqq_239afec0-d1d8-489d-9f34-a0fb0cf7b38d on to 3_3_87688553-3048-43c7-8ebc-ec692411e197.
[2025-04-05 19:56:33] [INFO] [SpeedQueue] Added unit enemy:Muqq into queue
[2025-04-05 19:56:33] [INFO] [Component] Setting fire_dragon_Gini_6a0e1526-3ff4-4721-9b39-8ad1acdf5667 on to 7_7_68b771b7-8b5e-47be-b713-71772b8f87e1.
[2025-04-05 19:56:33] [INFO] [SpeedQueue] Added unit enemy:Gini into queue
[2025-04-05 19:56:33] [INFO] [Component] Setting fire_dragon_Eudd_45f1e758-26df-4812-937f-956d04adcb1f on to 12_12_85b577ce-51a4-4c97-8fab-1d872643935a.
[2025-04-05 19:56:33] [INFO] [SpeedQueue] Added unit enemy:Eudd into queue
[2025-04-05 19:56:33] [INFO] [Component] Setting fire_dragon_Ceduyo_d054539b-9d4b-4871-b7ca-1470b89b1a57 on to 9_11_a37b8640-8c5b-4189-a287-d4371a9cd68f.
[2025-04-05 19:56:33] [INFO] [SpeedQueue] Added unit enemy:Ceduyo into queue
[2025-04-05 19:56:33] [INFO] [EngineController] Started setting scene to MENU_SCENE
[2025-04-05 19:56:33] [INFO] [EngineController] Finished setting scene to MENU_SCENE
[2025-04-05 19:56:33] [INFO] [EngineController] Started setting scene to GAME_SCENE
[2025-04-05 19:56:33] [INFO] [FontPool] Started initializing FontPool
[2025-04-05 19:56:33] [INFO] [FontPool] ✅ Successfully loaded font: Lilian
[2025-04-05 19:56:34] [INFO] [EngineController] Finished setting scene to GAME_SCENE
[2025-04-05 19:56:34] [INFO] [SpeedQueue] Speed queue updated.
[2025-04-05 19:56:34] [INFO] [TimeLinePanel] Started updating the timeline panel after turn order has changed.
[2025-04-05 19:56:34] [INFO] [TimeLinePanel] Finished updating the timeline panel after turn order has changed.
[2025-04-05 19:56:34] [INFO] [SelectedTilePanel] Checksum updated, getting units at selected tiles.
[2025-04-05 19:56:34] [INFO] [SelectedTilePanel] Either no unit selected or more than one unit selected
[2025-04-05 19:56:34] [INFO] [VisualsSystem] Started creating blurred background
[2025-04-05 19:56:35] [INFO] [VisualsSystem] Finished creating blurred background after 0.49376457929611206 seconds
[2025-04-05 19:56:35] [INFO] [MovementSystem] Uodv is planning to move from [5, 0] to [6, 0]
[2025-04-05 19:56:35] [INFO] [MovementSystem] Updated movement area for Uodv
[2025-04-05 19:56:35] [INFO] [MovementSystem] Updated movement path for Uodv
[2025-04-05 19:56:35] [INFO] [Component] Setting dark_dragon_Uodv_270e7892-2980-4317-8307-f64cb2b88550 on to 6_0_6610a4b8-1e54-426b-83e8-4d3779a3f943.
[2025-04-05 19:56:35] [INFO] [MovementSystem] Moved from [5, 0] to [6, 0]
[2025-04-05 19:56:35] [INFO] [MovementSystem] {} has moved
[2025-04-05 19:56:35] [INFO] [AbilitySystem] Eezs Triggered ability system
[2025-04-05 19:56:35] [INFO] [AbilitySystem] Muqq Triggered ability system
[2025-04-05 19:56:35] [INFO] [AbilitySystem] Sawujy Triggered ability system
[2025-04-05 19:56:35] [INFO] [AbilitySystem] Vowsio Triggered ability system
[2025-04-05 19:56:35] [INFO] [AbilitySystem] Vunuoo Triggered ability system
[2025-04-05 19:56:35] [INFO] [AbilitySystem] Ceduyo Triggered ability system
[2025-04-05 19:56:35] [INFO] [AbilitySystem] Baan Triggered ability system
[2025-04-05 19:56:35] [INFO] [AbilitySystem] Fejlbb Triggered ability system
[2025-04-05 19:56:35] [INFO] [AbilitySystem] Ooztoe Triggered ability system
[2025-04-05 19:56:35] [INFO] [AbilitySystem] Weea Triggered ability system
[2025-04-05 19:56:35] [INFO] [AbilitySystem] Tacv Triggered ability system
[2025-04-05 19:56:35] [INFO] [AbilitySystem] Tykehk Triggered ability system
[2025-04-05 19:56:35] [INFO] [AbilitySystem] Uyji Triggered ability system
[2025-04-05 19:56:35] [INFO] [AbilitySystem] Jaba Triggered ability system
[2025-04-05 19:56:35] [INFO] [AbilitySystem] Lemvyo Triggered ability system
[2025-04-05 19:56:35] [INFO] [AbilitySystem] Gyhyre Triggered ability system
[2025-04-05 19:56:35] [INFO] [AbilitySystem] Gini Triggered ability system
[2025-04-05 19:56:35] [INFO] [AbilitySystem] Nynueu Triggered ability system
[2025-04-05 19:56:35] [INFO] [AbilitySystem] Lunj Triggered ability system
[2025-04-05 19:56:35] [INFO] [AbilitySystem] Punyyo Triggered ability system
[2025-04-05 19:56:35] [INFO] [AbilitySystem] Naajfi Triggered ability system
[2025-04-05 19:56:35] [INFO] [AbilitySystem] Kafj Triggered ability system
[2025-04-05 19:56:35] [INFO] [AbilitySystem] Eudd Triggered ability system
[2025-04-05 19:56:35] [INFO] [AbilitySystem] Wapqv Triggered ability system
[2025-04-05 19:56:36] [INFO] [AbilitySystem] Uodv Triggered ability system
[2025-04-05 19:56:37] [INFO] [InputHandler] Gliding 0 camera to new tile 7_14_cb83c5c5-dccd-46e5-b231-bcbc0fc96f8e
[2025-04-05 19:56:37] [INFO] [InputHandler] Gliding 1 camera to new tile 7_14_cb83c5c5-dccd-46e5-b231-bcbc0fc96f8e
[2025-04-05 19:56:37] [INFO] [SelectedTilePanel] Checksum updated, getting units at selected tiles.
[2025-04-05 19:56:37] [INFO] [SelectedTilePanel] Updated selected tile display to view Wapqv
[2025-04-05 19:56:37] [INFO] [LesserStatisticsInformationPanel] Finished updating Greater UI
[2025-04-05 19:56:37] [INFO] [TimeLinePanel] Started updating the timeline panel after turn order has changed.
[2025-04-05 19:56:37] [INFO] [TimeLinePanel] Finished updating the timeline panel after turn order has changed.
[2025-04-05 19:56:37] [INFO] [MovementSystem] Wapqv is planning to move from [7, 14] to [6, 13]
[2025-04-05 19:56:37] [INFO] [MovementSystem] Updated movement area for Wapqv
[2025-04-05 19:56:37] [INFO] [MovementSystem] Updated movement path for Wapqv
[2025-04-05 19:56:37] [INFO] [Component] Setting air_dragon_Wapqv_2163154a-9890-4651-b472-8ae323ab14ac on to 6_13_22384391-bc84-466e-9fa6-c95984748a4a.
[2025-04-05 19:56:37] [INFO] [MovementSystem] Moved from [7, 14] to [6, 13]
[2025-04-05 19:56:37] [INFO] [MovementSystem] {} has moved
[2025-04-05 19:56:38] [INFO] [AbilitySystem] Uodv Triggered ability system
[2025-04-05 19:56:38] [INFO] [TimeLinePanel] Started updating the timeline panel after turn order has changed.
[2025-04-05 19:56:38] [INFO] [TimeLinePanel] Finished updating the timeline panel after turn order has changed.
[2025-04-05 19:56:38] [INFO] [MovementSystem] Eudd is planning to move from [12, 12] to [12, 12]
[2025-04-05 19:56:38] [INFO] [MovementSystem] Updated movement area for Eudd
[2025-04-05 19:56:38] [INFO] [MovementSystem] Updated movement path for Eudd
[2025-04-05 19:56:38] [INFO] [MovementSystem] Eudd is planning to move from [12, 12] to [12, 12]
[2025-04-05 19:56:38] [INFO] [MovementSystem] Updated movement area for Eudd
[2025-04-05 19:56:38] [INFO] [MovementSystem] Updated movement path for Eudd
[2025-04-05 19:56:39] [INFO] [MovementSystem] Eudd is planning to move from [12, 12] to [11, 11]
[2025-04-05 19:56:39] [INFO] [MovementSystem] Updated movement path for Eudd
[2025-04-05 19:56:39] [INFO] [Component] Setting fire_dragon_Eudd_45f1e758-26df-4812-937f-956d04adcb1f on to 11_11_47e6d2fd-74a1-4a0c-81be-4f8249edb358.
[2025-04-05 19:56:39] [INFO] [MovementSystem] Moved from [12, 12] to [11, 11]
[2025-04-05 19:56:39] [INFO] [MovementSystem] {} has moved
[2025-04-05 19:56:39] [INFO] [AbilitySystem] Wapqv Triggered ability system
[2025-04-05 19:56:40] [INFO] [TimeLinePanel] Started updating the timeline panel after turn order has changed.
[2025-04-05 19:56:40] [INFO] [TimeLinePanel] Finished updating the timeline panel after turn order has changed.
[2025-04-05 19:56:40] [INFO] [MovementSystem] Kafj is planning to move from [10, 9] to [12, 9]
[2025-04-05 19:56:40] [INFO] [MovementSystem] Updated movement area for Kafj
[2025-04-05 19:56:40] [INFO] [MovementSystem] Updated movement path for Kafj
[2025-04-05 19:56:40] [INFO] [Component] Setting light_dragon_Kafj_57a14dd7-3f0d-4e7f-85ec-b48731052146 on to 12_9_0a7f856c-4057-4854-bf6e-690c04a3864a.
[2025-04-05 19:56:40] [INFO] [MovementSystem] Moved from [10, 9] to [12, 9]
[2025-04-05 19:56:40] [INFO] [MovementSystem] {} has moved
[2025-04-05 19:56:41] [INFO] [AbilitySystem] Eudd Triggered ability system
[2025-04-05 19:56:41] [INFO] [TimeLinePanel] Started updating the timeline panel after turn order has changed.
[2025-04-05 19:56:41] [INFO] [TimeLinePanel] Finished updating the timeline panel after turn order has changed.
[2025-04-05 19:56:41] [INFO] [MovementSystem] Naajfi is planning to move from [13, 10] to [12, 11]
[2025-04-05 19:56:41] [INFO] [MovementSystem] Updated movement area for Naajfi
[2025-04-05 19:56:41] [INFO] [MovementSystem] Updated movement path for Naajfi
[2025-04-05 19:56:41] [INFO] [Component] Setting dragon_Naajfi_9408aba7-e0bc-4356-bce1-b2b8bf5da794 on to 12_11_47c25f51-85c2-4c00-ab5d-83495f92e943.
[2025-04-05 19:56:41] [INFO] [MovementSystem] Moved from [13, 10] to [12, 11]
[2025-04-05 19:56:41] [INFO] [MovementSystem] {} has moved
[2025-04-05 19:56:42] [INFO] [AbilitySystem] Kafj Triggered ability system
[2025-04-05 19:56:42] [INFO] [TimeLinePanel] Started updating the timeline panel after turn order has changed.
[2025-04-05 19:56:42] [INFO] [TimeLinePanel] Finished updating the timeline panel after turn order has changed.
[2025-04-05 19:56:42] [INFO] [MovementSystem] Punyyo is planning to move from [14, 3] to [14, 3]
[2025-04-05 19:56:42] [INFO] [MovementSystem] Updated movement area for Punyyo
[2025-04-05 19:56:42] [INFO] [MovementSystem] Updated movement path for Punyyo
[2025-04-05 19:56:42] [INFO] [MovementSystem] Punyyo is planning to move from [14, 3] to [14, 3]
[2025-04-05 19:56:42] [INFO] [MovementSystem] Updated movement area for Punyyo
[2025-04-05 19:56:42] [INFO] [MovementSystem] Updated movement path for Punyyo
[2025-04-05 19:56:42] [INFO] [InputHandler] Gliding 0 camera to new tile 14_3_225830a9-dc87-45f9-9794-5d4faddb6975
[2025-04-05 19:56:42] [INFO] [InputHandler] Gliding 1 camera to new tile 14_3_225830a9-dc87-45f9-9794-5d4faddb6975
[2025-04-05 19:56:42] [INFO] [SelectedTilePanel] Checksum updated, getting units at selected tiles.
[2025-04-05 19:56:42] [INFO] [SelectedTilePanel] Updated selected tile display to view Punyyo
[2025-04-05 19:56:42] [INFO] [LesserStatisticsInformationPanel] Finished updating Greater UI
[2025-04-05 19:56:43] [INFO] [MovementSystem] Punyyo is planning to move from [14, 3] to [14, 5]
[2025-04-05 19:56:43] [INFO] [MovementSystem] Updated movement path for Punyyo
[2025-04-05 19:56:43] [INFO] [Component] Setting earth_dragon_Punyyo_ba84906a-a3b9-46f5-b414-99c4135ebd63 on to 14_5_ed8a438b-ced3-4c93-8f8a-02c5b695a4af.
[2025-04-05 19:56:43] [INFO] [MovementSystem] Moved from [14, 3] to [14, 5]
[2025-04-05 19:56:43] [INFO] [MovementSystem] {} has moved
[2025-04-05 19:56:43] [INFO] [AbilitySystem] Naajfi Triggered ability system
[2025-04-05 19:56:43] [INFO] [InputHandler] Gliding 1 camera to new tile 14_5_ed8a438b-ced3-4c93-8f8a-02c5b695a4af
[2025-04-05 19:56:43] [INFO] [SelectedTilePanel] Checksum updated, getting units at selected tiles.
[2025-04-05 19:56:43] [INFO] [SelectedTilePanel] Updated selected tile display to view Punyyo
[2025-04-05 19:56:43] [INFO] [LesserStatisticsInformationPanel] Finished updating Greater UI
[2025-04-05 19:56:44] [INFO] [TimeLinePanel] Started updating the timeline panel after turn order has changed.
[2025-04-05 19:56:44] [INFO] [TimeLinePanel] Finished updating the timeline panel after turn order has changed.
[2025-04-05 19:56:44] [INFO] [MovementSystem] Lunj is planning to move from [3, 10] to [3, 9]
[2025-04-05 19:56:44] [INFO] [MovementSystem] Updated movement area for Lunj
[2025-04-05 19:56:44] [INFO] [MovementSystem] Updated movement path for Lunj
[2025-04-05 19:56:44] [INFO] [Component] Setting dragon_Lunj_4fcf2d0e-b910-4a62-b5bb-c05f30621379 on to 3_9_3ba2777f-d6fb-402c-81d2-74fa061189ba.
[2025-04-05 19:56:44] [INFO] [MovementSystem] Moved from [3, 10] to [3, 9]
[2025-04-05 19:56:44] [INFO] [MovementSystem] {} has moved
[2025-04-05 19:56:45] [INFO] [AbilitySystem] Punyyo Triggered ability system
[2025-04-05 19:56:45] [INFO] [TimeLinePanel] Started updating the timeline panel after turn order has changed.
[2025-04-05 19:56:45] [INFO] [TimeLinePanel] Finished updating the timeline panel after turn order has changed.
[2025-04-05 19:56:45] [INFO] [MovementSystem] Nynueu is planning to move from [10, 7] to [10, 5]
[2025-04-05 19:56:45] [INFO] [MovementSystem] Updated movement area for Nynueu
[2025-04-05 19:56:45] [INFO] [MovementSystem] Updated movement path for Nynueu
[2025-04-05 19:56:45] [INFO] [Component] Setting fire_dragon_Nynueu_6aa9d6fc-a8ae-434c-8f2d-80430142e213 on to 10_5_fbb93ada-6e87-4b03-bbdd-89c1b1b584f7.
[2025-04-05 19:56:45] [INFO] [MovementSystem] Moved from [10, 7] to [10, 5]
[2025-04-05 19:56:45] [INFO] [MovementSystem] {} has moved
[2025-04-05 19:56:45] [INFO] [InputHandler] Gliding 0 camera to new tile 10_5_fbb93ada-6e87-4b03-bbdd-89c1b1b584f7
[2025-04-05 19:56:45] [INFO] [InputHandler] Gliding 1 camera to new tile 10_5_fbb93ada-6e87-4b03-bbdd-89c1b1b584f7
[2025-04-05 19:56:45] [INFO] [SelectedTilePanel] Checksum updated, getting units at selected tiles.
[2025-04-05 19:56:45] [INFO] [SelectedTilePanel] Updated selected tile display to view Nynueu
[2025-04-05 19:56:45] [INFO] [LesserStatisticsInformationPanel] Finished updating Greater UI
[2025-04-05 19:56:46] [INFO] [AbilitySystem] Lunj Triggered ability system
[2025-04-05 19:56:46] [INFO] [TimeLinePanel] Started updating the timeline panel after turn order has changed.
[2025-04-05 19:56:46] [INFO] [TimeLinePanel] Finished updating the timeline panel after turn order has changed.
[2025-04-05 19:56:46] [INFO] [MovementSystem] Gini is planning to move from [7, 7] to [6, 8]
[2025-04-05 19:56:46] [INFO] [MovementSystem] Updated movement area for Gini
[2025-04-05 19:56:46] [INFO] [MovementSystem] Updated movement path for Gini
[2025-04-05 19:56:46] [INFO] [Component] Setting fire_dragon_Gini_6a0e1526-3ff4-4721-9b39-8ad1acdf5667 on to 6_8_257de65e-1c50-4749-bf71-7a6cd127602d.
[2025-04-05 19:56:46] [INFO] [MovementSystem] Moved from [7, 7] to [6, 8]
[2025-04-05 19:56:46] [INFO] [MovementSystem] {} has moved
[2025-04-05 19:56:46] [INFO] [InputHandler] Gliding 0 camera to new tile 3_4_81ee4987-d75e-41c7-ba5e-d56ca893f664
[2025-04-05 19:56:46] [INFO] [InputHandler] Gliding 1 camera to new tile 3_4_81ee4987-d75e-41c7-ba5e-d56ca893f664
[2025-04-05 19:56:46] [INFO] [SelectedTilePanel] Checksum updated, getting units at selected tiles.
[2025-04-05 19:56:46] [INFO] [SelectedTilePanel] Updated selected tile display to view Gyhyre
[2025-04-05 19:56:46] [INFO] [LesserStatisticsInformationPanel] Finished updating Greater UI
[2025-04-05 19:56:47] [INFO] [AbilitySystem] Nynueu Triggered ability system
[2025-04-05 19:56:47] [INFO] [TimeLinePanel] Started updating the timeline panel after turn order has changed.
[2025-04-05 19:56:47] [INFO] [TimeLinePanel] Finished updating the timeline panel after turn order has changed.
[2025-04-05 19:56:47] [INFO] [MovementSystem] Gyhyre is planning to move from [3, 4] to [2, 5]
[2025-04-05 19:56:47] [INFO] [MovementSystem] Updated movement area for Gyhyre
[2025-04-05 19:56:47] [INFO] [MovementSystem] Updated movement path for Gyhyre
[2025-04-05 19:56:47] [INFO] [Component] Setting air_dragon_Gyhyre_d026e03c-cd73-468f-8158-eababcf05ea1 on to 2_5_094e23c5-2247-41ba-8e0f-a0b7e84be002.
[2025-04-05 19:56:47] [INFO] [MovementSystem] Moved from [3, 4] to [2, 5]
[2025-04-05 19:56:47] [INFO] [MovementSystem] {} has moved
[2025-04-05 19:56:48] [INFO] [AbilitySystem] Gini Triggered ability system
[2025-04-05 19:56:48] [INFO] [TimeLinePanel] Started updating the timeline panel after turn order has changed.
[2025-04-05 19:56:48] [INFO] [TimeLinePanel] Finished updating the timeline panel after turn order has changed.
[2025-04-05 19:56:48] [INFO] [MovementSystem] Lemvyo is planning to move from [5, 11] to [5, 13]
[2025-04-05 19:56:48] [INFO] [MovementSystem] Updated movement area for Lemvyo
[2025-04-05 19:56:48] [INFO] [MovementSystem] Updated movement path for Lemvyo
[2025-04-05 19:56:48] [INFO] [Component] Setting water_dragon_Lemvyo_dd74860a-3db2-4c70-babb-cc2a2b5853ed on to 5_13_babe4b29-3882-4431-b480-8ed7117c862c.
[2025-04-05 19:56:48] [INFO] [MovementSystem] Moved from [5, 11] to [5, 13]
[2025-04-05 19:56:48] [INFO] [MovementSystem] {} has moved
