[2025-04-07 17:11:37] [INFO] [UnitTable] Started initializing UnitTable
[2025-04-07 17:11:37] [INFO] [EmeritusDatabase] Started initializing EmeritusDatabase
[2025-04-07 17:11:37] [INFO] [EmeritusDatabase] Finished initializing EmeritusDatabase
[2025-04-07 17:11:37] [INFO] [UnitTable] Successfully initialized UnitTable
[2025-04-07 17:11:37] [INFO] [UnitTable] Finished initializing UnitTable
[2025-04-07 17:11:37] [INFO] [AbilityTable] Started initializing AbilityTable
[2025-04-07 17:11:37] [INFO] [AbilityTable] Finished initializing AbilityTable
[2025-04-07 17:11:37] [INFO] [UserSaveStateManager] Started loading user save data
[2025-04-07 17:11:37] [INFO] [UserSaveStateManager] Finished loading user save data
[2025-04-07 17:11:37] [INFO] [AssetPool] Started initializing AssetPool
[2025-04-07 17:11:37] [INFO] [AssetNameSpace] Started loading Sprite's from ./res/graphics
[2025-04-07 17:11:37] [INFO] [AssetNameSpace] Finished reading files for sprites
[2025-04-07 17:11:38] [INFO] [AssetNameSpace] Finished loading ./res/graphics
[2025-04-07 17:11:38] [INFO] [AssetPool] Finished initializing AssetPool
[2025-04-07 17:11:38] [INFO] [Component] Setting fire_dragon_Nuduo_93fe292e-338b-4cbe-a20d-75e2c0914a56 on to 13_13_364a70da-c991-41d3-aa1f-48561f587b85.
[2025-04-07 17:11:38] [INFO] [SpeedQueue] Added unit enemy:Nuduo into queue
[2025-04-07 17:11:38] [INFO] [Component] Setting air_dragon_Cyvyj_429b77c8-2730-4668-b118-4fe6a222f640 on to 2_4_2063fc94-daa5-4d09-a105-026abee1e47b.
[2025-04-07 17:11:38] [INFO] [SpeedQueue] Added unit enemy:Cyvyj into queue
[2025-04-07 17:11:38] [INFO] [Component] Setting air_dragon_Yovo_63c15359-1b22-4cc6-8309-4a1024f11906 on to 13_10_625785f5-c0be-424c-a74b-63b4b4457718.
[2025-04-07 17:11:38] [INFO] [SpeedQueue] Added unit enemy:Yovo into queue
[2025-04-07 17:11:38] [INFO] [Component] Setting dragon_Bylue_570767a1-6a50-45b6-a664-2fc88a2cd5c2 on to 11_3_057e9a1e-792d-485c-8dc3-1fbf8923b553.
[2025-04-07 17:11:38] [INFO] [SpeedQueue] Added unit enemy:Bylue into queue
[2025-04-07 17:11:38] [INFO] [Component] Setting fire_dragon_Byske_37357def-d5ea-4d43-a723-e9ce0988e7dd on to 9_14_ed5e038f-656d-4f6c-ab46-c17417117b33.
[2025-04-07 17:11:38] [INFO] [SpeedQueue] Added unit enemy:Byske into queue
[2025-04-07 17:11:38] [INFO] [Component] Setting light_dragon_Buoee_e353a152-77e9-47c2-baf7-791aaf4ad43b on to 10_10_bf9dd85c-91be-4288-933d-c2afa7d9a734.
[2025-04-07 17:11:38] [INFO] [SpeedQueue] Added unit enemy:Buoee into queue
[2025-04-07 17:11:38] [INFO] [Component] Setting air_dragon_Mipa_327f758e-2ebe-4644-bb99-416a6471fa3f on to 0_8_f4e949ba-0173-4553-aa06-630b721dadcd.
[2025-04-07 17:11:38] [INFO] [SpeedQueue] Added unit enemy:Mipa into queue
[2025-04-07 17:11:38] [INFO] [Component] Setting earth_dragon_Ueqzap_7c43c839-c0fe-47ce-b5e7-00927466fd06 on to 3_1_16630572-d3d8-4721-8069-109ed3a0489f.
[2025-04-07 17:11:38] [INFO] [SpeedQueue] Added unit enemy:Ueqzap into queue
[2025-04-07 17:11:38] [INFO] [Component] Setting light_dragon_Eugv_a2d59af4-267c-4e82-9ec4-91d5917ae171 on to 0_2_043b327b-dc0e-4b02-8573-ae792bdb20c4.
[2025-04-07 17:11:38] [INFO] [SpeedQueue] Added unit enemy:Eugv into queue
[2025-04-07 17:11:38] [INFO] [Component] Setting light_dragon_Yyzuee_96d0d004-7b13-485e-95d9-3a53f99872a9 on to 10_14_73bdecbe-590d-4b26-9d2f-a7653594aa6c.
[2025-04-07 17:11:38] [INFO] [SpeedQueue] Added unit enemy:Yyzuee into queue
[2025-04-07 17:11:38] [INFO] [Component] Setting fire_dragon_Miza_27520ca2-c959-4751-a8e6-8877873ff20d on to 11_4_4784b7ad-ce30-4836-8cd0-150cc3b8ba6d.
[2025-04-07 17:11:38] [INFO] [SpeedQueue] Added unit enemy:Miza into queue
[2025-04-07 17:11:38] [INFO] [Component] Setting fire_dragon_Buiaeq_3d894513-7488-4775-b734-42046f4400d4 on to 14_11_3a2499ee-e162-4f28-93e4-b1212a9d130f.
[2025-04-07 17:11:38] [INFO] [SpeedQueue] Added unit enemy:Buiaeq into queue
[2025-04-07 17:11:38] [INFO] [Component] Setting light_dragon_Bozai_c1a666c8-2b40-40b5-89fd-49175179f945 on to 8_4_1c08feb0-1af6-4de5-bd96-59b14447c143.
[2025-04-07 17:11:38] [INFO] [SpeedQueue] Added unit enemy:Bozai into queue
[2025-04-07 17:11:38] [INFO] [Component] Setting air_dragon_Rybb_090f4712-9e86-4c80-bde3-3996ac6a8fb7 on to 1_6_be3839b7-3b32-4193-9d3c-0f1e37333276.
[2025-04-07 17:11:38] [INFO] [SpeedQueue] Added unit enemy:Rybb into queue
[2025-04-07 17:11:38] [INFO] [Component] Setting air_dragon_Misyo_ed5a5a59-1cac-4afd-9747-dc27a96cfc92 on to 5_12_1ff769f6-ca31-40fa-91e0-2228d1417bcd.
[2025-04-07 17:11:38] [INFO] [SpeedQueue] Added unit enemy:Misyo into queue
[2025-04-07 17:11:38] [INFO] [Component] Setting light_dragon_Jeuce_352da21c-36a1-4324-a306-136e81c76adf on to 7_10_c3f72164-97ab-4472-8f22-193ac94d2089.
[2025-04-07 17:11:38] [INFO] [SpeedQueue] Added unit enemy:Jeuce into queue
[2025-04-07 17:11:38] [INFO] [Component] Setting dragon_Nehl_4ac1571f-72ec-42c7-a3d0-d5465970a660 on to 11_12_368621c9-7207-4979-9b4f-42609105bbdd.
[2025-04-07 17:11:38] [INFO] [SpeedQueue] Added unit enemy:Nehl into queue
[2025-04-07 17:11:38] [INFO] [Component] Setting fire_dragon_Uudyyg_8803988a-4655-46df-8013-3fca238f7b49 on to 14_9_dee8eca4-2545-4829-9df1-478aa4258eb6.
[2025-04-07 17:11:38] [INFO] [SpeedQueue] Added unit enemy:Uudyyg into queue
[2025-04-07 17:11:38] [INFO] [Component] Setting dark_dragon_Zovfji_5782b8d1-3210-431c-8958-76c4084197fc on to 6_9_330855e7-7126-46c6-b773-71824e0db912.
[2025-04-07 17:11:38] [INFO] [SpeedQueue] Added unit enemy:Zovfji into queue
[2025-04-07 17:11:38] [INFO] [Component] Setting light_dragon_Yaaa_c11b6d19-cbbb-4559-b4b9-5e5f18da5b21 on to 14_1_2950dd00-d0be-4324-a4bb-179ed695838b.
[2025-04-07 17:11:38] [INFO] [SpeedQueue] Added unit enemy:Yaaa into queue
[2025-04-07 17:11:38] [INFO] [Component] Setting water_dragon_Rajfve_b43a28b1-8c48-45e6-8e0e-fd43e59e601a on to 14_8_3655120e-0031-4a6a-acdd-20916976c963.
[2025-04-07 17:11:38] [INFO] [SpeedQueue] Added unit enemy:Rajfve into queue
[2025-04-07 17:11:38] [INFO] [Component] Setting light_dragon_Piyyyu_99a26ba1-f835-4f53-a1d9-667169a9e79d on to 1_8_1582c361-07fc-41f7-bd6a-56f1c2394bf1.
[2025-04-07 17:11:38] [INFO] [SpeedQueue] Added unit enemy:Piyyyu into queue
[2025-04-07 17:11:38] [INFO] [Component] Setting dragon_Nyfapu_d688609e-0a97-4f31-942d-e16d8dd75c11 on to 13_14_88e98847-6522-448a-9969-c029f5948896.
[2025-04-07 17:11:38] [INFO] [SpeedQueue] Added unit user:Nyfapu into queue
[2025-04-07 17:11:38] [INFO] [Component] Setting earth_dragon_Qihei_6c4094ea-097e-4b87-95a9-f5f48a3da934 on to 10_7_83db9695-f218-4a83-8045-1a167d059190.
[2025-04-07 17:11:38] [INFO] [SpeedQueue] Added unit user:Qihei into queue
[2025-04-07 17:11:38] [INFO] [Component] Setting air_dragon_Iile_0a8839e6-c0dc-455e-aed0-34e36f363c99 on to 10_13_91dff763-e75f-4306-ac65-1dbf784c9cd5.
[2025-04-07 17:11:38] [INFO] [SpeedQueue] Added unit user:Iile into queue
[2025-04-07 17:11:38] [INFO] [Component] Setting water_dragon_Ruixa_e8fdd13c-d510-4446-be60-c327e35f4983 on to 1_13_97221021-e0e5-4cbf-a4ad-eb5106e28854.
[2025-04-07 17:11:38] [INFO] [SpeedQueue] Added unit user:Ruixa into queue
[2025-04-07 17:11:38] [INFO] [Component] Setting fire_dragon_Oiqy_af6aa4f9-0824-47a7-bac4-b277a09d4af0 on to 0_12_202b781f-982c-4915-ab1d-1907d344d85f.
[2025-04-07 17:11:38] [INFO] [SpeedQueue] Added unit user:Oiqy into queue
[2025-04-07 17:11:38] [INFO] [Component] Setting earth_dragon_Yogoe_a527f419-a387-444a-89ae-80c40313ec06 on to 14_6_9b9eb54a-0320-40ab-ba93-d65b98329587.
[2025-04-07 17:11:38] [INFO] [SpeedQueue] Added unit user:Yogoe into queue
[2025-04-07 17:11:38] [INFO] [Component] Setting air_dragon_Yuxe_affe3125-2a0c-4223-aa7d-8a0ab13c668b on to 11_0_c70f5afc-0718-4abd-9908-5c5b2f9cfb73.
[2025-04-07 17:11:38] [INFO] [SpeedQueue] Added unit user:Yuxe into queue
[2025-04-07 17:11:38] [INFO] [Component] Setting air_dragon_Vurvr_d59cb6c1-d30f-49d3-8794-5b07bd35f18b on to 4_4_50415d4f-3dde-4218-acd4-523b37e700c4.
[2025-04-07 17:11:38] [INFO] [SpeedQueue] Added unit user:Vurvr into queue
[2025-04-07 17:11:38] [INFO] [Component] Setting air_dragon_Tonaw_212dfb05-69ea-4918-81d7-1afcca329349 on to 14_0_ff389d14-610e-460a-8cdb-18ee1d90951d.
[2025-04-07 17:11:38] [INFO] [SpeedQueue] Added unit user:Tonaw into queue
[2025-04-07 17:11:38] [INFO] [Component] Setting dark_dragon_Fyqyb_7fa8be9b-afce-40bc-a84c-bcef1f76f712 on to 4_8_a8f3173a-64a6-4dfc-9a54-2f3627dec21d.
[2025-04-07 17:11:38] [INFO] [SpeedQueue] Added unit user:Fyqyb into queue
[2025-04-07 17:11:38] [INFO] [EngineController] Started setting scene to MENU_SCENE
[2025-04-07 17:11:38] [INFO] [EngineController] Finished setting scene to MENU_SCENE
[2025-04-07 17:11:38] [INFO] [EngineController] Started setting scene to GAME_SCENE
[2025-04-07 17:11:38] [INFO] [FontPool] Started initializing FontPool
[2025-04-07 17:11:38] [INFO] [FontPool] ✅ Successfully loaded font: Lilian
[2025-04-07 17:11:38] [INFO] [EngineController] Finished setting scene to GAME_SCENE
[2025-04-07 17:11:39] [INFO] [SpeedQueue] Speed queue updated.
[2025-04-07 17:11:39] [INFO] [MovementInformationPanel] Started update to Movement Information panel.
[2025-04-07 17:11:39] [INFO] [MovementInformationPanel] Finished update to Movement Information panel.
[2025-04-07 17:11:39] [INFO] [TimeLinePanel] Started updating the timeline panel after turn order has changed.
[2025-04-07 17:11:39] [INFO] [TimeLinePanel] Finished updating the timeline panel after turn order has changed.
[2025-04-07 17:11:39] [INFO] [SelectedTilePanel] Checksum updated, getting units at selected tiles.
[2025-04-07 17:11:39] [INFO] [SelectedTilePanel] Either no unit selected or more than one unit selected
[2025-04-07 17:11:39] [INFO] [VisualsSystem] Started creating blurred background
[2025-04-07 17:11:40] [INFO] [VisualsSystem] Finished creating blurred background after 0.4856785833835602 seconds
[2025-04-07 17:11:41] [INFO] [InputHandler] Gliding 0 camera to new tile 5_12_1ff769f6-ca31-40fa-91e0-2228d1417bcd
[2025-04-07 17:11:41] [INFO] [InputHandler] Gliding 1 camera to new tile 5_12_1ff769f6-ca31-40fa-91e0-2228d1417bcd
[2025-04-07 17:11:41] [INFO] [SelectedTilePanel] Checksum updated, getting units at selected tiles.
[2025-04-07 17:11:41] [INFO] [SelectedTilePanel] Updated selected tile display to view Misyo
[2025-04-07 17:11:44] [INFO] [InputHandler] Gliding 0 camera to new tile 5_12_1ff769f6-ca31-40fa-91e0-2228d1417bcd
[2025-04-07 17:11:44] [INFO] [MovementSystem] Updated movement range for Misyo
[2025-04-07 17:11:44] [INFO] [MovementSystem] Updated movement path for Misyo
[2025-04-07 17:11:44] [INFO] [MovementSystem] Updated movement range for Misyo
[2025-04-07 17:11:44] [INFO] [MovementSystem] Updated movement path for Misyo
[2025-04-07 17:11:44] [INFO] [MovementSystem] Updated movement path for Misyo
[2025-04-07 17:11:44] [INFO] [MovementSystem] Updated movement path for Misyo
[2025-04-07 17:11:45] [INFO] [MovementSystem] Updated movement path for Misyo
[2025-04-07 17:11:45] [INFO] [MovementSystem] Updated movement path for Misyo
[2025-04-07 17:11:47] [INFO] [InputHandler] Gliding 0 camera to new tile 5_12_1ff769f6-ca31-40fa-91e0-2228d1417bcd
