[2025-05-26 00:36:34] [INFO] [UnitTable] Started initializing UnitTable
[2025-05-26 00:36:34] [INFO] [EmeritusDatabase] Started initializing EmeritusDatabase
[2025-05-26 00:36:35] [INFO] [EmeritusDatabase] Finished initializing EmeritusDatabase
[2025-05-26 00:36:35] [INFO] [UnitTable] Successfully initialized UnitTable
[2025-05-26 00:36:35] [INFO] [UnitTable] Finished initializing UnitTable
[2025-05-26 00:36:35] [INFO] [AbilityTable] Started initializing AbilityTable
[2025-05-26 00:36:35] [INFO] [AbilityTable] Finished initializing AbilityTable
[2025-05-26 00:36:35] [INFO] [UserSaveStateManager] Started loading user save data
[2025-05-26 00:36:35] [INFO] [UserSaveStateManager] Finished loading user save data
[2025-05-26 00:36:35] [INFO] [AssetPool] Started initializing AssetPool
[2025-05-26 00:36:35] [INFO] [AssetNameSpace] Started loading Sprite's from ./res/graphics
[2025-05-26 00:36:35] [INFO] [AssetNameSpace] Finished reading files for sprites
[2025-05-26 00:36:35] [INFO] [AssetNameSpace] Finished loading ./res/graphics
[2025-05-26 00:36:35] [INFO] [AssetPool] Finished initializing AssetPool
[2025-05-26 00:36:35] [INFO] [Component] Setting UNIT_fire_dragon___NICKNAME_Syyeu___f5328b68-7a15-4f15-9efb-8ad7cf79d215 on to {"row":0,"column":0,"base_elevation":-3,"spawn_region":"Left","unit":"UNIT_fire_dragon___NICKNAME_Syyeu___f5328b68-7a15-4f15-9efb-8ad7cf79d215","layers":{"empty":false},"total_elevation":3}.
[2025-05-26 00:36:35] [INFO] [SpeedQueue] Added unit UNIT_fire_dragon___NICKNAME_Syyeu___f5328b68-7a15-4f15-9efb-8ad7cf79d215 into queue
[2025-05-26 00:36:35] [INFO] [Component] Setting UNIT_light_dragon___NICKNAME_Haxyiw___e8b71380-8a86-4a75-9f0e-cc0512823f1c on to {"row":9,"column":1,"base_elevation":-3,"spawn_region":"Left","unit":"UNIT_light_dragon___NICKNAME_Haxyiw___e8b71380-8a86-4a75-9f0e-cc0512823f1c","layers":{"empty":false},"total_elevation":4}.
[2025-05-26 00:36:35] [INFO] [SpeedQueue] Added unit UNIT_light_dragon___NICKNAME_Haxyiw___e8b71380-8a86-4a75-9f0e-cc0512823f1c into queue
[2025-05-26 00:36:35] [INFO] [Component] Setting UNIT_water_dragon___NICKNAME_Fylye___aaab9145-2fc2-4a83-9333-295a00f524bc on to {"row":5,"column":1,"base_elevation":-3,"spawn_region":"Left","unit":"UNIT_water_dragon___NICKNAME_Fylye___aaab9145-2fc2-4a83-9333-295a00f524bc","layers":{"empty":false},"total_elevation":4}.
[2025-05-26 00:36:35] [INFO] [SpeedQueue] Added unit UNIT_water_dragon___NICKNAME_Fylye___aaab9145-2fc2-4a83-9333-295a00f524bc into queue
[2025-05-26 00:36:35] [INFO] [Component] Setting UNIT_dark_dragon___NICKNAME_Eyhz___f30c8013-fd8e-4d90-a863-5dfbf22b9002 on to {"row":6,"column":1,"base_elevation":-3,"spawn_region":"Left","unit":"UNIT_dark_dragon___NICKNAME_Eyhz___f30c8013-fd8e-4d90-a863-5dfbf22b9002","layers":{"empty":false},"total_elevation":5}.
[2025-05-26 00:36:35] [INFO] [SpeedQueue] Added unit UNIT_dark_dragon___NICKNAME_Eyhz___f30c8013-fd8e-4d90-a863-5dfbf22b9002 into queue
[2025-05-26 00:36:35] [INFO] [Component] Setting UNIT_fire_dragon___NICKNAME_Toeyed___4c21c103-42eb-46ce-8b4f-e65fb943eea1 on to {"row":2,"column":0,"base_elevation":-3,"spawn_region":"Left","unit":"UNIT_fire_dragon___NICKNAME_Toeyed___4c21c103-42eb-46ce-8b4f-e65fb943eea1","layers":{"empty":false},"total_elevation":3}.
[2025-05-26 00:36:35] [INFO] [SpeedQueue] Added unit UNIT_fire_dragon___NICKNAME_Toeyed___4c21c103-42eb-46ce-8b4f-e65fb943eea1 into queue
[2025-05-26 00:36:35] [INFO] [Component] Setting UNIT_light_dragon___NICKNAME_Cipfi___bd5cfe56-1a7c-40fb-b267-47435617a3fc on to {"row":2,"column":9,"base_elevation":-3,"spawn_region":"Right","unit":"UNIT_light_dragon___NICKNAME_Cipfi___bd5cfe56-1a7c-40fb-b267-47435617a3fc","layers":{"empty":false},"total_elevation":5}.
[2025-05-26 00:36:35] [INFO] [SpeedQueue] Added unit UNIT_light_dragon___NICKNAME_Cipfi___bd5cfe56-1a7c-40fb-b267-47435617a3fc into queue
[2025-05-26 00:36:35] [INFO] [Component] Setting UNIT_earth_dragon___NICKNAME_Dyycx___746832fa-77d0-4aba-9b94-52733abe8f24 on to {"row":2,"column":8,"base_elevation":-3,"spawn_region":"Right","unit":"UNIT_earth_dragon___NICKNAME_Dyycx___746832fa-77d0-4aba-9b94-52733abe8f24","layers":{"empty":false},"total_elevation":5}.
[2025-05-26 00:36:35] [INFO] [SpeedQueue] Added unit UNIT_earth_dragon___NICKNAME_Dyycx___746832fa-77d0-4aba-9b94-52733abe8f24 into queue
[2025-05-26 00:36:35] [INFO] [Component] Setting UNIT_dragon___NICKNAME_Makn___35c0d194-3479-4f33-9e16-9c4c5de412c7 on to {"row":9,"column":9,"base_elevation":-3,"spawn_region":"Right","unit":"UNIT_dragon___NICKNAME_Makn___35c0d194-3479-4f33-9e16-9c4c5de412c7","layers":{"empty":false},"total_elevation":3}.
[2025-05-26 00:36:35] [INFO] [SpeedQueue] Added unit UNIT_dragon___NICKNAME_Makn___35c0d194-3479-4f33-9e16-9c4c5de412c7 into queue
[2025-05-26 00:36:35] [INFO] [Component] Setting UNIT_earth_dragon___NICKNAME_Cuiuu___5d0f5324-95e8-43b2-a3ca-b5da4c5819c7 on to {"row":7,"column":8,"base_elevation":-3,"spawn_region":"Right","unit":"UNIT_earth_dragon___NICKNAME_Cuiuu___5d0f5324-95e8-43b2-a3ca-b5da4c5819c7","layers":{"empty":false},"total_elevation":4}.
[2025-05-26 00:36:35] [INFO] [SpeedQueue] Added unit UNIT_earth_dragon___NICKNAME_Cuiuu___5d0f5324-95e8-43b2-a3ca-b5da4c5819c7 into queue
[2025-05-26 00:36:35] [INFO] [Component] Setting UNIT_water_dragon___NICKNAME_Cyeu___b788fd47-56ce-46cb-b460-896fe45a0b69 on to {"row":0,"column":9,"base_elevation":-3,"spawn_region":"Right","unit":"UNIT_water_dragon___NICKNAME_Cyeu___b788fd47-56ce-46cb-b460-896fe45a0b69","layers":{"empty":false},"total_elevation":5}.
[2025-05-26 00:36:35] [INFO] [SpeedQueue] Added unit UNIT_water_dragon___NICKNAME_Cyeu___b788fd47-56ce-46cb-b460-896fe45a0b69 into queue
[2025-05-26 00:36:35] [INFO] [EngineController] Started setting scene to MENU_SCENE
[2025-05-26 00:36:35] [INFO] [EngineController] Finished setting scene to MENU_SCENE
[2025-05-26 00:36:35] [INFO] [EngineController] Started setting scene to MAP_EDITOR_SCENE
[2025-05-26 00:36:35] [INFO] [FontPool] Started initializing FontPool
[2025-05-26 00:36:35] [INFO] [FontPool] ✅ Successfully loaded font: Lilian
[2025-05-26 00:36:35] [INFO] [MapEditorScene] Starting to create new GameController!
[2025-05-26 00:36:35] [INFO] [MapEditorScene] Successfully created new GameController!
[2025-05-26 00:36:35] [INFO] [EngineController] Finished setting scene to MAP_EDITOR_SCENE
[2025-05-26 00:36:35] [INFO] [EngineController] Started setting scene to GAME_SCENE
[2025-05-26 00:36:35] [INFO] [EngineController] Finished setting scene to GAME_SCENE
[2025-05-26 00:36:35] [INFO] [AbilitySystem] Started updating {} because of ability
[2025-05-26 00:36:35] [INFO] [AbilitySystem] Finished update updating {} because of ability
[2025-05-26 00:36:35] [INFO] [AbilitySystem] Started updating {} because of ability
[2025-05-26 00:36:35] [INFO] [AbilitySystem] Finished update updating {} because of ability
[2025-05-26 00:36:35] [INFO] [AbilitySystem] Started updating {} because of ability
[2025-05-26 00:36:35] [INFO] [AbilitySystem] Finished update updating {} because of ability
[2025-05-26 00:36:35] [INFO] [AbilitySystem] Started updating {} because of ability
[2025-05-26 00:36:35] [INFO] [AbilitySystem] Finished update updating {} because of ability
[2025-05-26 00:36:35] [INFO] [AbilitySystem] Started updating {} because of ability
[2025-05-26 00:36:35] [INFO] [AbilitySystem] Finished update updating {} because of ability
[2025-05-26 00:36:35] [INFO] [AbilitySystem] Started updating {} because of ability
[2025-05-26 00:36:35] [INFO] [AbilitySystem] Finished update updating {} because of ability
[2025-05-26 00:36:35] [INFO] [AbilitySystem] Started updating {} because of ability
[2025-05-26 00:36:35] [INFO] [AbilitySystem] Finished update updating {} because of ability
[2025-05-26 00:36:35] [INFO] [AbilitySystem] Started updating {} because of ability
[2025-05-26 00:36:35] [INFO] [AbilitySystem] Finished update updating {} because of ability
[2025-05-26 00:36:35] [INFO] [AbilitySystem] Started updating {} because of ability
[2025-05-26 00:36:35] [INFO] [AbilitySystem] Finished update updating {} because of ability
[2025-05-26 00:36:35] [INFO] [AbilitySystem] Started updating {} because of ability
[2025-05-26 00:36:35] [INFO] [AbilitySystem] Finished update updating {} because of ability
[2025-05-26 00:36:36] [INFO] [SpeedQueue] Speed queue updated.
[2025-05-26 00:36:36] [INFO] [AbilityPanel] Updating ability selection for UNIT_fire_dragon___NICKNAME_Syyeu___f5328b68-7a15-4f15-9efb-8ad7cf79d215
[2025-05-26 00:36:36] [INFO] [AbilityPanel] Finished ability selection for UNIT_fire_dragon___NICKNAME_Syyeu___f5328b68-7a15-4f15-9efb-8ad7cf79d215
[2025-05-26 00:36:36] [INFO] [MovementPanel] Started update to Movement Information panel.
[2025-05-26 00:36:36] [INFO] [MovementPanel] Finished update to Movement Information panel.
[2025-05-26 00:36:36] [INFO] [TimeLinePanel] Started updating the timeline panel after turn order has changed.
[2025-05-26 00:36:36] [INFO] [TimeLinePanel] Finished updating the timeline panel after turn order has changed.
[2025-05-26 00:36:36] [INFO] [SelectedTilePanel] Checksum updated, getting units at selected tiles.
[2025-05-26 00:36:36] [INFO] [SelectedTilePanel] Either no unit selected or more than one unit selected
[2025-05-26 00:36:36] [INFO] [VisualsSystem] Started creating blurred background
[2025-05-26 00:36:36] [INFO] [VisualsSystem] Finished creating blurred background after 0.4868831932544708 seconds
[2025-05-26 00:36:36] [INFO] [AbilitySystem] Started updating {} because of ability
[2025-05-26 00:36:36] [INFO] [AbilitySystem] Finished update updating {} because of ability
[2025-05-26 00:36:36] [INFO] [AbilitySystem] Started updating {} because of ability
[2025-05-26 00:36:36] [INFO] [AbilitySystem] Finished update updating {} because of ability
[2025-05-26 00:36:36] [INFO] [AbilitySystem] Started updating {} because of ability
[2025-05-26 00:36:36] [INFO] [AbilitySystem] Finished update updating {} because of ability
[2025-05-26 00:36:36] [INFO] [AbilitySystem] Started updating {} because of ability
[2025-05-26 00:36:36] [INFO] [AbilitySystem] Finished update updating {} because of ability
[2025-05-26 00:36:36] [INFO] [AbilitySystem] Started updating {} because of ability
[2025-05-26 00:36:36] [INFO] [AbilitySystem] Finished update updating {} because of ability
[2025-05-26 00:36:36] [INFO] [AbilitySystem] Started updating {} because of ability
[2025-05-26 00:36:36] [INFO] [AbilitySystem] Finished update updating {} because of ability
[2025-05-26 00:36:36] [INFO] [AbilitySystem] Started updating {} because of ability
[2025-05-26 00:36:36] [INFO] [AbilitySystem] Finished update updating {} because of ability
[2025-05-26 00:36:36] [INFO] [AbilitySystem] Started updating {} because of ability
[2025-05-26 00:36:36] [INFO] [AbilitySystem] Finished update updating {} because of ability
[2025-05-26 00:36:36] [INFO] [AbilitySystem] Started updating {} because of ability
[2025-05-26 00:36:36] [INFO] [AbilitySystem] Finished update updating {} because of ability
[2025-05-26 00:36:36] [INFO] [AbilityPanel] Updating ability selection for UNIT_fire_dragon___NICKNAME_Syyeu___f5328b68-7a15-4f15-9efb-8ad7cf79d215
[2025-05-26 00:36:36] [INFO] [AbilityPanel] Finished ability selection for UNIT_fire_dragon___NICKNAME_Syyeu___f5328b68-7a15-4f15-9efb-8ad7cf79d215
[2025-05-26 00:36:36] [INFO] [MovementPanel] Started update to Movement Information panel.
[2025-05-26 00:36:36] [INFO] [MovementPanel] Finished update to Movement Information panel.
[2025-05-26 00:36:36] [INFO] [AbilitySystem] Started updating {} because of ability
[2025-05-26 00:36:36] [INFO] [AbilitySystem] Finished update updating {} because of ability
[2025-05-26 00:36:36] [INFO] [AbilitySystem] Started updating {} because of ability
[2025-05-26 00:36:36] [INFO] [AbilitySystem] Finished update updating {} because of ability
[2025-05-26 00:36:36] [INFO] [AbilitySystem] Started updating {} because of ability
[2025-05-26 00:36:36] [INFO] [AbilitySystem] Finished update updating {} because of ability
[2025-05-26 00:36:36] [INFO] [AbilitySystem] Started updating {} because of ability
[2025-05-26 00:36:36] [INFO] [AbilitySystem] Finished update updating {} because of ability
[2025-05-26 00:36:36] [INFO] [AbilitySystem] Started updating {} because of abil