[2025-03-22 11:54:07] [INFO] [AssetPool] Started initializing AssetPool
[2025-03-22 11:54:07] [INFO] [SpriteSheetOG] Started loading Sprite's from ./res/graphics
[2025-03-22 11:54:07] [INFO] [SpriteSheetOG] Finished reading files for sprites
[2025-03-22 11:54:08] [INFO] [Sprite] Finished loading ./res/graphics/misc/blue_reticle.png
[2025-03-22 11:54:08] [INFO] [Sprite] Finished loading ./res/graphics/misc/pink_spawn.png
[2025-03-22 11:54:08] [INFO] [Sprite] Finished loading ./res/graphics/misc/reticle.png
[2025-03-22 11:54:08] [INFO] [Sprite] Finished loading ./res/graphics/misc/yellow_spawn.png
[2025-03-22 11:54:08] [INFO] [Sprite] Finished loading ./res/graphics/misc/blue_spawn.png
[2025-03-22 11:54:08] [INFO] [Sprite] Finished loading ./res/graphics/misc/red_reticle.png
[2025-03-22 11:54:08] [INFO] [Sprite] Finished loading ./res/graphics/misc/depth_shadows.png
[2025-03-22 11:54:08] [INFO] [Sprite] Finished loading ./res/graphics/misc/yellow_reticle.png
[2025-03-22 11:54:08] [INFO] [Sprite] Finished loading ./res/graphics/misc/red_spawn.png
[2025-03-22 11:54:08] [INFO] [Sprite] Finished loading ./res/graphics/misc/directional_shadows.png
[2025-03-22 11:54:08] [INFO] [Sprite] Finished loading ./res/graphics/shadows/northwest.png
[2025-03-22 11:54:08] [INFO] [Sprite] Finished loading ./res/graphics/shadows/west.png
[2025-03-22 11:54:08] [INFO] [Sprite] Finished loading ./res/graphics/shadows/north.png
[2025-03-22 11:54:08] [INFO] [Sprite] Finished loading ./res/graphics/shadows/east.png
[2025-03-22 11:54:08] [INFO] [Sprite] Finished loading ./res/graphics/shadows/northeast.png
[2025-03-22 11:54:08] [INFO] [Sprite] Finished loading ./res/graphics/shadows/south.png
[2025-03-22 11:54:08] [INFO] [Sprite] Finished loading ./res/graphics/shadows/southwest.png
[2025-03-22 11:54:08] [INFO] [Sprite] Finished loading ./res/graphics/shadows/southeast.png
[2025-03-22 11:54:08] [INFO] [Sprite] Finished loading ./res/graphics/structures/tree3_structure.png
[2025-03-22 11:54:08] [INFO] [Sprite] Finished loading ./res/graphics/structures/tree4_structure.png
[2025-03-22 11:54:08] [INFO] [Sprite] Finished loading ./res/graphics/structures/tree1_structure.png
[2025-03-22 11:54:08] [INFO] [Sprite] Finished loading ./res/graphics/structures/tree5_structure.png
[2025-03-22 11:54:08] [INFO] [Sprite] Finished loading ./res/graphics/structures/tree2_structure.png
[2025-03-22 11:54:08] [INFO] [Sprite] Finished loading ./res/graphics/structures/tree6_structure.png
[2025-03-22 11:54:08] [INFO] [Sprite] Finished loading ./res/graphics/wall_tiles/rock_wall2.png
[2025-03-22 11:54:08] [INFO] [Sprite] Finished loading ./res/graphics/wall_tiles/sandstone_wall.png
[2025-03-22 11:54:08] [INFO] [Sprite] Finished loading ./res/graphics/wall_tiles/elden_yellow_wall.png
[2025-03-22 11:54:08] [INFO] [Sprite] Finished loading ./res/graphics/wall_tiles/vine_on_wall.png
[2025-03-22 11:54:08] [INFO] [Sprite] Finished loading ./res/graphics/wall_tiles/boulder_wall.png
[2025-03-22 11:54:08] [INFO] [Sprite] Finished loading ./res/graphics/wall_tiles/white_marble_wall.png
[2025-03-22 11:54:08] [INFO] [Sprite] Finished loading ./res/graphics/wall_tiles/elden_green_wall.png
[2025-03-22 11:54:08] [INFO] [Sprite] Finished loading ./res/graphics/wall_tiles/brown_marble_wall.png
[2025-03-22 11:54:08] [INFO] [Sprite] Finished loading ./res/graphics/wall_tiles/small_brick_wall.png
[2025-03-22 11:54:08] [INFO] [Sprite] Finished loading ./res/graphics/wall_tiles/moss_wall.png
[2025-03-22 11:54:08] [INFO] [Sprite] Finished loading ./res/graphics/wall_tiles/dirt_brick_vine_wall.png
[2025-03-22 11:54:08] [INFO] [Sprite] Finished loading ./res/graphics/wall_tiles/elden_purple_wall.png
[2025-03-22 11:54:08] [INFO] [Sprite] Finished loading ./res/graphics/wall_tiles/large_brick_wall.png
[2025-03-22 11:54:08] [INFO] [Sprite] Finished loading ./res/graphics/wall_tiles/dirt_wall.png
[2025-03-22 11:54:08] [INFO] [Sprite] Finished loading ./res/graphics/wall_tiles/alien_wall.png
[2025-03-22 11:54:08] [INFO] [Sprite] Finished loading ./res/graphics/wall_tiles/industrial_brick_wall.png
[2025-03-22 11:54:08] [INFO] [Sprite] Finished loading ./res/graphics/wall_tiles/rock_wall.png
[2025-03-22 11:54:08] [INFO] [Sprite] Finished loading ./res/graphics/wall_tiles/dirt_wall2.png
[2025-03-22 11:54:08] [INFO] [Sprite] Finished loading ./res/graphics/wall_tiles/moss_wall2.png
[2025-03-22 11:54:08] [INFO] [Sprite] Finished loading ./res/graphics/wall_tiles/moss_wall3.png
[2025-03-22 11:54:08] [INFO] [Sprite] Finished loading ./res/graphics/wall_tiles/no_wall.png
[2025-03-22 11:54:08] [INFO] [Sprite] Finished loading ./res/graphics/wall_tiles/alien_rune_wall.png
[2025-03-22 11:54:08] [INFO] [Sprite] Finished loading ./res/graphics/wall_tiles/industrial_wall.png
[2025-03-22 11:54:08] [INFO] [Sprite] Finished loading ./res/graphics/wall_tiles/small_brick_wall2.png
[2025-03-22 11:54:08] [INFO] [Sprite] Finished loading ./res/graphics/old/liquids 2.png
[2025-03-22 11:54:08] [INFO] [Sprite] Finished loading ./res/graphics/old/gems.png
[2025-03-22 11:54:08] [INFO] [Sprite] Finished loading ./res/graphics/old/floors.png
[2025-03-22 11:54:08] [INFO] [Sprite] Finished loading ./res/graphics/old/terrains.png
[2025-03-22 11:54:08] [INFO] [Sprite] Finished loading ./res/graphics/old/gemsRaw.png
[2025-03-22 11:54:08] [INFO] [Sprite] Finished loading ./res/graphics/old/walls.png
[2025-03-22 11:54:08] [INFO] [Sprite] Finished loading ./res/graphics/old/special2.png
[2025-03-22 11:54:08] [INFO] [Sprite] Finished loading ./res/graphics/old/structures.png
[2025-03-22 11:54:08] [INFO] [Sprite] Finished loading ./res/graphics/old/special.png
[2025-03-22 11:54:08] [INFO] [Sprite] Finished loading ./res/graphics/old/liquids.png
[2025-03-22 11:54:08] [INFO] [Sprite] Finished loading ./res/graphics/old/units.png
[2025-03-22 11:54:08] [INFO] [Sprite] Finished loading ./res/graphics/old/terrains2.png
[2025-03-22 11:54:08] [INFO] [Sprite] Finished loading ./res/graphics/old/floors2.png
[2025-03-22 11:54:08] [INFO] [Sprite] Finished loading ./res/graphics/floor_tiles/sand_1_floor.png
[2025-03-22 11:54:08] [INFO] [Sprite] Finished loading ./res/graphics/floor_tiles/sand_dark_floor.png
[2025-03-22 11:54:08] [INFO] [Sprite] Finished loading ./res/graphics/floor_tiles/dirty_grass_1_floor.png
[2025-03-22 11:54:08] [INFO] [Sprite] Finished loading ./res/graphics/floor_tiles/white_sand_floor.png
[2025-03-22 11:54:08] [INFO] [Sprite] Finished loading ./res/graphics/floor_tiles/white_sands_2.png
[2025-03-22 11:54:08] [INFO] [Sprite] Finished loading ./res/graphics/floor_tiles/dirty_grass_2_floor.png
[2025-03-22 11:54:08] [INFO] [Sprite] Finished loading ./res/graphics/floor_tiles/sand_3_floor.png
[2025-03-22 11:54:08] [INFO] [Sprite] Finished loading ./res/graphics/floor_tiles/obsidian_floor.png
[2025-03-22 11:54:08] [INFO] [Sprite] Finished loading ./res/graphics/floor_tiles/base_floor.png
[2025-03-22 11:54:08] [INFO] [Sprite] Finished loading ./res/graphics/floor_tiles/sand_floor.png
[2025-03-22 11:54:08] [INFO] [Sprite] Finished loading ./res/graphics/floor_tiles/dirty_grass_3_floor.png
[2025-03-22 11:54:08] [INFO] [Sprite] Finished loading ./res/graphics/floor_tiles/sand_2_floor.png
[2025-03-22 11:54:08] [INFO] [Sprite] Finished loading ./res/graphics/units/Air_Dragon.png
[2025-03-22 11:54:08] [INFO] [Sprite] Finished loading ./res/graphics/units/Dragon.png
[2025-03-22 11:54:08] [INFO] [Sprite] Finished loading ./res/graphics/units/Dark_Dragon.png
[2025-03-22 11:54:08] [INFO] [Sprite] Finished loading ./res/graphics/units/Earth_Dragon.png
[2025-03-22 11:54:08] [INFO] [Sprite] Finished loading ./res/graphics/units/Light_Dragon.png
[2025-03-22 11:54:08] [INFO] [Sprite] Finished loading ./res/graphics/units/Water_Dragon.png
[2025-03-22 11:54:08] [INFO] [Sprite] Finished loading ./res/graphics/units/Fire_Dragon.png
[2025-03-22 11:54:08] [INFO] [Sprite] Finished loading ./res/graphics/actions/StatsDown.png
[2025-03-22 11:54:08] [INFO] [Sprite] Finished loading ./res/graphics/actions/PhysicalHit4.png
[2025-03-22 11:54:08] [INFO] [Sprite] Finished loading ./res/graphics/actions/Slash.png
[2025-03-22 11:54:08] [INFO] [Sprite] Finished loading ./res/graphics/actions/Air.png
[2025-03-22 11:54:08] [INFO] [Sprite] Finished loading ./res/graphics/actions/Dark.png
[2025-03-22 11:54:08] [INFO] [Sprite] Finished loading ./res/graphics/actions/Blunt.png
[2025-03-22 11:54:08] [INFO] [Sprite] Finished loading ./res/graphics/actions/Fire.png
[2025-03-22 11:54:08] [INFO] [Sprite] Finished loading ./res/graphics/actions/Earth.png
[2025-03-22 11:54:08] [INFO] [Sprite] Finished loading ./res/graphics/actions/Light.png
[2025-03-22 11:54:08] [INFO] [Sprite] Finished loading ./res/graphics/actions/StatsUp.png
[2025-03-22 11:54:08] [INFO] [Sprite] Finished loading ./res/graphics/actions/Water.png
[2025-03-22 11:54:08] [INFO] [Sprite] Finished loading ./res/graphics/actions/Pierce.png
[2025-03-22 11:54:08] [INFO] [Sprite] Finished loading ./res/graphics/spells/LightSpell.png
[2025-03-22 11:54:08] [INFO] [Sprite] Finished loading ./res/graphics/spells/StatsDown.png
[2025-03-22 11:54:08] [INFO] [Sprite] Finished loading ./res/graphics/spells/WindSpell.png
[2025-03-22 11:54:08] [INFO] [Sprite] Finished loading ./res/graphics/spells/WaterSpell.png
[2025-03-22 11:54:08] [INFO] [Sprite] Finished loading ./res/graphics/spells/PhysicalHit4.png
[2025-03-22 11:54:08] [INFO] [Sprite] Finished loading ./res/graphics/spells/PhysicalHit1.png
[2025-03-22 11:54:08] [INFO] [Sprite] Finished loading ./res/graphics/spells/LightningSpell.png
[2025-03-22 11:54:08] [INFO] [Sprite] Finished loading ./res/graphics/spells/PhysicalHit3.png
[2025-03-22 11:54:08] [INFO] [Sprite] Finished loading ./res/graphics/spells/PhysicalHit2.png
[2025-03-22 11:54:08] [INFO] [Sprite] Finished loading ./res/graphics/spells/FireSpell.png
[2025-03-22 11:54:08] [INFO] [Sprite] Finished loading ./res/graphics/spells/DarkSpell.png
[2025-03-22 11:54:08] [INFO] [Sprite] Finished loading ./res/graphics/spells/StatsUp.png
[2025-03-22 11:54:08] [INFO] [Sprite] Finished loading ./res/graphics/spells/EarthSpell.png
[2025-03-22 11:54:08] [INFO] [Sprite] Finished loading ./res/graphics/liquids/greater_leafage_liquid.png
[2025-03-22 11:54:08] [INFO] [Sprite] Finished loading ./res/graphics/liquids/waterV4_liquid.png
[2025-03-22 11:54:08] [INFO] [Sprite] Finished loading ./res/graphics/liquids/shallow_swamp.png
[2025-03-22 11:54:08] [INFO] [Sprite] Finished loading ./res/graphics/liquids/water5.png
[2025-03-22 11:54:08] [INFO] [Sprite] Finished loading ./res/graphics/liquids/swamp_2.png
[2025-03-22 11:54:08] [INFO] [Sprite] Finished loading ./res/graphics/liquids/Lava_liquid.png
[2025-03-22 11:54:08] [INFO] [Sprite] Finished loading ./res/graphics/liquids/swamp2.png
[2025-03-22 11:54:08] [INFO] [Sprite] Finished loading ./res/graphics/liquids/waterV33_liquid.png
[2025-03-22 11:54:08] [INFO] [Sprite] Finished loading ./res/graphics/liquids/shallow_water_liquid.png
[2025-03-22 11:54:08] [INFO] [Sprite] Finished loading ./res/graphics/liquids/water_liquid.png
[2025-03-22 11:54:08] [INFO] [Sprite] Finished loading ./res/graphics/liquids/waterV2_liquid.png
[2025-03-22 11:54:08] [INFO] [Sprite] Finished loading ./res/graphics/liquids/swamp2_liquid.png
[2025-03-22 11:54:08] [INFO] [SpriteSheetOG] Finished loading ./res/graphics
[2025-03-22 11:54:08] [INFO] [AssetPool] Finished initializing AssetPool
[2025-03-22 11:54:08] [INFO] [FontPoolV1] Started initializing FontPoolV1
[2025-03-22 11:54:08] [INFO] [FontPoolV1] Finished initializing FontPoolV1
[2025-03-22 11:54:08] [INFO] [UnitDatabase] Started initializing UnitDatabase
[2025-03-22 11:54:08] [INFO] [UnitDatabase] Successfully initialized UnitDatabase
[2025-03-22 11:54:08] [INFO] [UnitDatabase] Finished initializing UnitDatabase
[2025-03-22 11:54:08] [INFO] [JsonDatabase] Started initializing JsonDatabase
[2025-03-22 11:54:08] [INFO] [JsonTable] Started initializing JsonTable
[2025-03-22 11:54:08] [INFO] [JsonTable] Successfully initialized JsonTable
[2025-03-22 11:54:08] [INFO] [JsonTable] Finished initializing JsonTable
[2025-03-22 11:54:08] [INFO] [JsonTable] Started initializing JsonTable
[2025-03-22 11:54:08] [INFO] [JsonTable] Successfully initialized JsonTable
[2025-03-22 11:54:08] [INFO] [JsonTable] Finished initializing JsonTable
[2025-03-22 11:54:08] [INFO] [JsonTable] Started initializing JsonTable
[2025-03-22 11:54:08] [INFO] [JsonTable] Successfully initialized JsonTable
[2025-03-22 11:54:08] [INFO] [JsonTable] Finished initializing JsonTable
[2025-03-22 11:54:08] [INFO] [JsonDatabase] Successfully initialized JsonDatabase
[2025-03-22 11:54:08] [INFO] [JsonDatabase] Finished initializing JsonDatabase
[2025-03-22 11:54:08] [INFO] [Component] Setting afe20913-2c64-4323-82be-76b4d7765743 on to 6f94cd6d-17ae-4621-a63c-c142f124b929.
[2025-03-22 11:54:08] [INFO] [SpeedQueue] Added unit enemy:Tufrx into queue
[2025-03-22 11:54:08] [INFO] [Component] Setting a773b7f3-7681-4725-ba7b-bf02fba58f89 on to 6975e08f-60c5-4ea1-9063-a302ee9392be.
[2025-03-22 11:54:08] [INFO] [SpeedQueue] Added unit enemy:Xiiee into queue
[2025-03-22 11:54:08] [INFO] [Component] Setting 2fa8aaea-db02-413a-9d73-a405adc00be0 on to b956bff0-96de-4aec-b264-a97adaf77a32.
[2025-03-22 11:54:08] [INFO] [SpeedQueue] Added unit enemy:Ouxd into queue
[2025-03-22 11:54:08] [INFO] [Component] Setting b0d6f508-55b8-495b-a306-39560679f5b9 on to 392dfb09-1316-4cc7-ab97-121fa00ff732.
[2025-03-22 11:54:08] [INFO] [SpeedQueue] Added unit enemy:Vuso into queue
[2025-03-22 11:54:08] [INFO] [Component] Setting b19a0138-25e6-4967-9e52-2318742b701e on to eae564d2-3411-46b2-b3a3-fae082daae54.
[2025-03-22 11:54:08] [INFO] [SpeedQueue] Added unit user:Aiimle into queue
[2025-03-22 11:54:08] [INFO] [Component] Setting 87d1d48f-53fc-4802-ba75-ff7427f08e02 on to 59067625-dad1-4128-b3d4-3c1d1fd9270a.
[2025-03-22 11:54:08] [INFO] [SpeedQueue] Added unit user:Euryb into queue
[2025-03-22 11:54:08] [INFO] [Component] Setting d3f6286c-f865-4078-b65d-f4c6a1e896cc on to f8e7ee04-bc6b-4370-bd99-25822762c6e9.
[2025-03-22 11:54:08] [INFO] [SpeedQueue] Added unit user:Yejmao into queue
[2025-03-22 11:54:08] [INFO] [FontPool] Started initializing FontPool
[2025-03-22 11:54:08] [INFO] [FontPool] ✅ Successfully loaded font: Lilian
[2025-03-22 11:54:09] [INFO] [SpeedQueue] Speed queue updated.
[2025-03-22 11:54:09] [INFO] [VisualsSystem] Started creating blurred background
[2025-03-22 11:54:09] [INFO] [TimeLinePanel] Started updating the timeline panel after turn order has changed.
[2025-03-22 11:54:09] [INFO] [TimeLinePanel] Finished updating the timeline panel after turn order has changed.
[2025-03-22 11:54:09] [INFO] [SelectedTilePanel] Checksum updated, getting units at selected tiles.
[2025-03-22 11:54:09] [INFO] [SelectedTilePanel] Either no unit selected or more than one unit selected
[2025-03-22 11:54:09] [INFO] [LesserStatisticsInformationPanel] Checksum has been updated, querying statistics for unit d3f6286c-f865-4078-b65d-f4c6a1e896cc
[2025-03-22 11:54:09] [INFO] [VisualsSystem] Finished creating blurred background after 0.5006883144378662 seconds
[2025-03-22 11:54:20] [INFO] [SelectedTilePanel] Checksum updated, getting units at selected tiles.
[2025-03-22 11:54:20] [INFO] [SelectedTilePanel] Either no unit selected or more than one unit selected
[2025-03-22 11:54:22] [INFO] [SelectedTilePanel] Checksum updated, getting units at selected tiles.
[2025-03-22 11:54:22] [INFO] [SelectedTilePanel] Updated selected tile display to view Xiiee
[2025-03-22 11:54:22] [INFO] [LesserStatisticsInformationPanel] Finished updating Greater UI
