[2025-03-12 20:35:10] [INFO] [AssetPool] Started initializing AssetPool
[2025-03-12 20:35:10] [INFO] [Engine] HEAP ALLOCATION INCREASED! 1.0 GB of 16.0 GB used
[2025-03-12 20:35:10] [INFO] [SpriteSheetOG] Started loading Sprite's from ./res/graphics
[2025-03-12 20:35:10] [INFO] [SpriteSheetOG] Finished reading files for sprites
[2025-03-12 20:35:10] [INFO] [Sprite] Finished loading ./res/graphics/misc/blue_reticle.png
[2025-03-12 20:35:10] [INFO] [Sprite] Finished loading ./res/graphics/misc/pink_spawn.png
[2025-03-12 20:35:10] [INFO] [Sprite] Finished loading ./res/graphics/misc/reticle.png
[2025-03-12 20:35:10] [INFO] [Sprite] Finished loading ./res/graphics/misc/yellow_spawn.png
[2025-03-12 20:35:10] [INFO] [Sprite] Finished loading ./res/graphics/misc/blue_spawn.png
[2025-03-12 20:35:10] [INFO] [Sprite] Finished loading ./res/graphics/misc/red_reticle.png
[2025-03-12 20:35:10] [INFO] [Sprite] Finished loading ./res/graphics/misc/depth_shadows.png
[2025-03-12 20:35:10] [INFO] [Sprite] Finished loading ./res/graphics/misc/yellow_reticle.png
[2025-03-12 20:35:10] [INFO] [Sprite] Finished loading ./res/graphics/misc/red_spawn.png
[2025-03-12 20:35:10] [INFO] [Sprite] Finished loading ./res/graphics/misc/directional_shadows.png
[2025-03-12 20:35:10] [INFO] [Sprite] Finished loading ./res/graphics/shadows/northwest.png
[2025-03-12 20:35:10] [INFO] [Sprite] Finished loading ./res/graphics/shadows/west.png
[2025-03-12 20:35:10] [INFO] [Sprite] Finished loading ./res/graphics/shadows/north.png
[2025-03-12 20:35:10] [INFO] [Sprite] Finished loading ./res/graphics/shadows/east.png
[2025-03-12 20:35:10] [INFO] [Sprite] Finished loading ./res/graphics/shadows/northeast.png
[2025-03-12 20:35:10] [INFO] [Sprite] Finished loading ./res/graphics/shadows/south.png
[2025-03-12 20:35:10] [INFO] [Sprite] Finished loading ./res/graphics/shadows/southwest.png
[2025-03-12 20:35:10] [INFO] [Sprite] Finished loading ./res/graphics/shadows/southeast.png
[2025-03-12 20:35:10] [INFO] [Sprite] Finished loading ./res/graphics/structures/tree3_structure.png
[2025-03-12 20:35:10] [INFO] [Sprite] Finished loading ./res/graphics/structures/tree4_structure.png
[2025-03-12 20:35:10] [INFO] [Sprite] Finished loading ./res/graphics/structures/tree1_structure.png
[2025-03-12 20:35:10] [INFO] [Sprite] Finished loading ./res/graphics/structures/tree5_structure.png
[2025-03-12 20:35:10] [INFO] [Sprite] Finished loading ./res/graphics/structures/tree2_structure.png
[2025-03-12 20:35:10] [INFO] [Sprite] Finished loading ./res/graphics/structures/tree6_structure.png
[2025-03-12 20:35:10] [INFO] [Sprite] Finished loading ./res/graphics/wall_tiles/rock_wall2.png
[2025-03-12 20:35:10] [INFO] [Sprite] Finished loading ./res/graphics/wall_tiles/sandstone_wall.png
[2025-03-12 20:35:10] [INFO] [Sprite] Finished loading ./res/graphics/wall_tiles/elden_yellow_wall.png
[2025-03-12 20:35:10] [INFO] [Sprite] Finished loading ./res/graphics/wall_tiles/vine_on_wall.png
[2025-03-12 20:35:10] [INFO] [Sprite] Finished loading ./res/graphics/wall_tiles/boulder_wall.png
[2025-03-12 20:35:10] [INFO] [Sprite] Finished loading ./res/graphics/wall_tiles/white_marble_wall.png
[2025-03-12 20:35:10] [INFO] [Sprite] Finished loading ./res/graphics/wall_tiles/elden_green_wall.png
[2025-03-12 20:35:10] [INFO] [Sprite] Finished loading ./res/graphics/wall_tiles/brown_marble_wall.png
[2025-03-12 20:35:10] [INFO] [Sprite] Finished loading ./res/graphics/wall_tiles/small_brick_wall.png
[2025-03-12 20:35:10] [INFO] [Sprite] Finished loading ./res/graphics/wall_tiles/moss_wall.png
[2025-03-12 20:35:10] [INFO] [Sprite] Finished loading ./res/graphics/wall_tiles/dirt_brick_vine_wall.png
[2025-03-12 20:35:10] [INFO] [Sprite] Finished loading ./res/graphics/wall_tiles/elden_purple_wall.png
[2025-03-12 20:35:10] [INFO] [Sprite] Finished loading ./res/graphics/wall_tiles/large_brick_wall.png
[2025-03-12 20:35:10] [INFO] [Sprite] Finished loading ./res/graphics/wall_tiles/dirt_wall.png
[2025-03-12 20:35:10] [INFO] [Sprite] Finished loading ./res/graphics/wall_tiles/alien_wall.png
[2025-03-12 20:35:10] [INFO] [Sprite] Finished loading ./res/graphics/wall_tiles/industrial_brick_wall.png
[2025-03-12 20:35:10] [INFO] [Sprite] Finished loading ./res/graphics/wall_tiles/rock_wall.png
[2025-03-12 20:35:10] [INFO] [Sprite] Finished loading ./res/graphics/wall_tiles/dirt_wall2.png
[2025-03-12 20:35:10] [INFO] [Sprite] Finished loading ./res/graphics/wall_tiles/moss_wall2.png
[2025-03-12 20:35:10] [INFO] [Sprite] Finished loading ./res/graphics/wall_tiles/moss_wall3.png
[2025-03-12 20:35:10] [INFO] [Sprite] Finished loading ./res/graphics/wall_tiles/no_wall.png
[2025-03-12 20:35:10] [INFO] [Sprite] Finished loading ./res/graphics/wall_tiles/alien_rune_wall.png
[2025-03-12 20:35:10] [INFO] [Sprite] Finished loading ./res/graphics/wall_tiles/industrial_wall.png
[2025-03-12 20:35:10] [INFO] [Sprite] Finished loading ./res/graphics/wall_tiles/small_brick_wall2.png
[2025-03-12 20:35:10] [INFO] [Sprite] Finished loading ./res/graphics/old/liquids 2.png
[2025-03-12 20:35:10] [INFO] [Sprite] Finished loading ./res/graphics/old/gems.png
[2025-03-12 20:35:10] [INFO] [Sprite] Finished loading ./res/graphics/old/floors.png
[2025-03-12 20:35:10] [INFO] [Sprite] Finished loading ./res/graphics/old/terrains.png
[2025-03-12 20:35:10] [INFO] [Sprite] Finished loading ./res/graphics/old/gemsRaw.png
[2025-03-12 20:35:10] [INFO] [Sprite] Finished loading ./res/graphics/old/walls.png
[2025-03-12 20:35:10] [INFO] [Sprite] Finished loading ./res/graphics/old/special2.png
[2025-03-12 20:35:10] [INFO] [Sprite] Finished loading ./res/graphics/old/structures.png
[2025-03-12 20:35:10] [INFO] [Sprite] Finished loading ./res/graphics/old/special.png
[2025-03-12 20:35:10] [INFO] [Sprite] Finished loading ./res/graphics/old/liquids.png
[2025-03-12 20:35:10] [INFO] [Sprite] Finished loading ./res/graphics/old/units.png
[2025-03-12 20:35:10] [INFO] [Sprite] Finished loading ./res/graphics/old/terrains2.png
[2025-03-12 20:35:10] [INFO] [Sprite] Finished loading ./res/graphics/old/floors2.png
[2025-03-12 20:35:10] [INFO] [Sprite] Finished loading ./res/graphics/floor_tiles/sand_1_floor.png
[2025-03-12 20:35:10] [INFO] [Sprite] Finished loading ./res/graphics/floor_tiles/sand_dark_floor.png
[2025-03-12 20:35:10] [INFO] [Sprite] Finished loading ./res/graphics/floor_tiles/dirty_grass_1_floor.png
[2025-03-12 20:35:10] [INFO] [Sprite] Finished loading ./res/graphics/floor_tiles/white_sand_floor.png
[2025-03-12 20:35:10] [INFO] [Sprite] Finished loading ./res/graphics/floor_tiles/white_sands_2.png
[2025-03-12 20:35:10] [INFO] [Sprite] Finished loading ./res/graphics/floor_tiles/dirty_grass_2_floor.png
[2025-03-12 20:35:10] [INFO] [Sprite] Finished loading ./res/graphics/floor_tiles/sand_3_floor.png
[2025-03-12 20:35:10] [INFO] [Sprite] Finished loading ./res/graphics/floor_tiles/obsidian_floor.png
[2025-03-12 20:35:10] [INFO] [Sprite] Finished loading ./res/graphics/floor_tiles/base_floor.png
[2025-03-12 20:35:10] [INFO] [Sprite] Finished loading ./res/graphics/floor_tiles/sand_floor.png
[2025-03-12 20:35:10] [INFO] [Sprite] Finished loading ./res/graphics/floor_tiles/dirty_grass_3_floor.png
[2025-03-12 20:35:10] [INFO] [Sprite] Finished loading ./res/graphics/floor_tiles/sand_2_floor.png
[2025-03-12 20:35:10] [INFO] [Sprite] Finished loading ./res/graphics/units/Air_Dragon.png
[2025-03-12 20:35:10] [INFO] [Sprite] Finished loading ./res/graphics/units/Dragon.png
[2025-03-12 20:35:10] [INFO] [Sprite] Finished loading ./res/graphics/units/Dark_Dragon.png
[2025-03-12 20:35:10] [INFO] [Sprite] Finished loading ./res/graphics/units/Earth_Dragon.png
[2025-03-12 20:35:10] [INFO] [Sprite] Finished loading ./res/graphics/units/Light_Dragon.png
[2025-03-12 20:35:10] [INFO] [Sprite] Finished loading ./res/graphics/units/Water_Dragon.png
[2025-03-12 20:35:10] [INFO] [Sprite] Finished loading ./res/graphics/units/Fire_Dragon.png
[2025-03-12 20:35:10] [INFO] [Sprite] Finished loading ./res/graphics/actions/StatsDown.png
[2025-03-12 20:35:10] [INFO] [Sprite] Finished loading ./res/graphics/actions/PhysicalHit4.png
[2025-03-12 20:35:10] [INFO] [Sprite] Finished loading ./res/graphics/actions/Slash.png
[2025-03-12 20:35:10] [INFO] [Sprite] Finished loading ./res/graphics/actions/Air.png
[2025-03-12 20:35:10] [INFO] [Sprite] Finished loading ./res/graphics/actions/Dark.png
[2025-03-12 20:35:10] [INFO] [Sprite] Finished loading ./res/graphics/actions/Blunt.png
[2025-03-12 20:35:10] [INFO] [Sprite] Finished loading ./res/graphics/actions/Fire.png
[2025-03-12 20:35:10] [INFO] [Sprite] Finished loading ./res/graphics/actions/Earth.png
[2025-03-12 20:35:10] [INFO] [Sprite] Finished loading ./res/graphics/actions/Light.png
[2025-03-12 20:35:10] [INFO] [Sprite] Finished loading ./res/graphics/actions/StatsUp.png
[2025-03-12 20:35:10] [INFO] [Sprite] Finished loading ./res/graphics/actions/Water.png
[2025-03-12 20:35:10] [INFO] [Sprite] Finished loading ./res/graphics/actions/Pierce.png
[2025-03-12 20:35:10] [INFO] [Sprite] Finished loading ./res/graphics/spells/LightSpell.png
[2025-03-12 20:35:10] [INFO] [Sprite] Finished loading ./res/graphics/spells/StatsDown.png
[2025-03-12 20:35:10] [INFO] [Sprite] Finished loading ./res/graphics/spells/WindSpell.png
[2025-03-12 20:35:10] [INFO] [Sprite] Finished loading ./res/graphics/spells/WaterSpell.png
[2025-03-12 20:35:10] [INFO] [Sprite] Finished loading ./res/graphics/spells/PhysicalHit4.png
[2025-03-12 20:35:10] [INFO] [Sprite] Finished loading ./res/graphics/spells/PhysicalHit1.png
[2025-03-12 20:35:10] [INFO] [Sprite] Finished loading ./res/graphics/spells/LightningSpell.png
[2025-03-12 20:35:10] [INFO] [Sprite] Finished loading ./res/graphics/spells/PhysicalHit3.png
[2025-03-12 20:35:10] [INFO] [Sprite] Finished loading ./res/graphics/spells/PhysicalHit2.png
[2025-03-12 20:35:10] [INFO] [Sprite] Finished loading ./res/graphics/spells/FireSpell.png
[2025-03-12 20:35:10] [INFO] [Sprite] Finished loading ./res/graphics/spells/DarkSpell.png
[2025-03-12 20:35:10] [INFO] [Sprite] Finished loading ./res/graphics/spells/StatsUp.png
[2025-03-12 20:35:10] [INFO] [Sprite] Finished loading ./res/graphics/spells/EarthSpell.png
[2025-03-12 20:35:10] [INFO] [Sprite] Finished loading ./res/graphics/liquids/greater_leafage_liquid.png
[2025-03-12 20:35:10] [INFO] [Sprite] Finished loading ./res/graphics/liquids/waterV4_liquid.png
[2025-03-12 20:35:10] [INFO] [Sprite] Finished loading ./res/graphics/liquids/shallow_swamp.png
[2025-03-12 20:35:10] [INFO] [Sprite] Finished loading ./res/graphics/liquids/water5.png
[2025-03-12 20:35:10] [INFO] [Sprite] Finished loading ./res/graphics/liquids/swamp_2.png
[2025-03-12 20:35:10] [INFO] [Sprite] Finished loading ./res/graphics/liquids/Lava_liquid.png
[2025-03-12 20:35:10] [INFO] [Sprite] Finished loading ./res/graphics/liquids/swamp2.png
[2025-03-12 20:35:10] [INFO] [Sprite] Finished loading ./res/graphics/liquids/waterV33_liquid.png
[2025-03-12 20:35:10] [INFO] [Sprite] Finished loading ./res/graphics/liquids/shallow_water_liquid.png
[2025-03-12 20:35:10] [INFO] [Sprite] Finished loading ./res/graphics/liquids/water_liquid.png
[2025-03-12 20:35:10] [INFO] [Sprite] Finished loading ./res/graphics/liquids/waterV2_liquid.png
[2025-03-12 20:35:10] [INFO] [Sprite] Finished loading ./res/graphics/liquids/swamp2_liquid.png
[2025-03-12 20:35:10] [INFO] [SpriteSheetOG] Finished loading ./res/graphics
[2025-03-12 20:35:10] [INFO] [AssetPool] Finished initializing AssetPool
[2025-03-12 20:35:10] [INFO] [FontPoolV1] Started initializing FontPoolV1
[2025-03-12 20:35:11] [INFO] [FontPoolV1] Finished initializing FontPoolV1
[2025-03-12 20:35:11] [INFO] [UnitDatabase] Started initializing UnitDatabase
[2025-03-12 20:35:11] [INFO] [UnitDatabase] Successfully initialized UnitDatabase
[2025-03-12 20:35:11] [INFO] [UnitDatabase] Finished initializing UnitDatabase
[2025-03-12 20:35:11] [INFO] [JsonDatabase] Started initializing JsonDatabase
[2025-03-12 20:35:11] [INFO] [JsonTable] Started initializing JsonTable
[2025-03-12 20:35:11] [INFO] [JsonTable] Successfully initialized JsonTable
[2025-03-12 20:35:11] [INFO] [JsonTable] Finished initializing JsonTable
[2025-03-12 20:35:11] [INFO] [JsonTable] Started initializing JsonTable
[2025-03-12 20:35:11] [INFO] [JsonTable] Successfully initialized JsonTable
[2025-03-12 20:35:11] [INFO] [JsonTable] Finished initializing JsonTable
[2025-03-12 20:35:11] [INFO] [JsonTable] Started initializing JsonTable
[2025-03-12 20:35:11] [INFO] [JsonTable] Successfully initialized JsonTable
[2025-03-12 20:35:11] [INFO] [JsonTable] Finished initializing JsonTable
[2025-03-12 20:35:11] [INFO] [JsonDatabase] Successfully initialized JsonDatabase
[2025-03-12 20:35:11] [INFO] [JsonDatabase] Finished initializing JsonDatabase
[2025-03-12 20:35:11] [INFO] [Component] Setting be09a205-d8a3-4ced-a1d6-7536f964763c on to 32cd632f-2a6d-4d35-b43e-09c0d1102323.
[2025-03-12 20:35:11] [INFO] [SpeedQueue] Added unit enemy:Pasmi into queue
[2025-03-12 20:35:11] [INFO] [Component] Setting 19a1a27e-d9bd-4037-ae69-b061b13091f5 on to d85badfa-6d82-4120-b539-f1f4bfbdd83e.
[2025-03-12 20:35:11] [INFO] [SpeedQueue] Added unit enemy:Lapi into queue
[2025-03-12 20:35:11] [INFO] [Component] Setting f17687d9-9025-4777-be9b-793533b480c3 on to b1385061-bbec-4202-94ac-1654d2e7a58d.
[2025-03-12 20:35:11] [INFO] [SpeedQueue] Added unit enemy:Pohuyy into queue
[2025-03-12 20:35:11] [INFO] [Component] Setting 0fc74202-b047-4f5e-9078-0598cfab44cd on to 73f50e20-3df1-46ec-bcc0-2b3b46d346e2.
[2025-03-12 20:35:11] [INFO] [SpeedQueue] Added unit enemy:Yaoe into queue
[2025-03-12 20:35:11] [INFO] [Component] Setting 54f0562c-a0ea-4ad7-b15f-3a8be3bc25e4 on to c3130787-dede-4434-b2c8-8067a5821411.
[2025-03-12 20:35:11] [INFO] [SpeedQueue] Added unit user:Iykasm into queue
[2025-03-12 20:35:11] [INFO] [Component] Setting cfbb2df9-b858-49f5-a3dc-114516f29cdd on to 0fdfa824-0503-42da-b66e-331e765972bf.
[2025-03-12 20:35:11] [INFO] [SpeedQueue] Added unit user:Paguuc into queue
[2025-03-12 20:35:11] [INFO] [Component] Setting b1674483-53d0-4701-a44c-1f3a54b7ba56 on to 122c969a-91be-4cf9-8f35-7b332b004188.
[2025-03-12 20:35:11] [INFO] [SpeedQueue] Added unit user:Tykv into queue
[2025-03-12 20:35:11] [INFO] [FontPool] Started initializing FontPool
[2025-03-12 20:35:11] [INFO] [FontPool] ✅ Successfully loaded font: Lilian
[2025-03-12 20:35:11] [INFO] [SpeedQueue] Speed queue updated.
[2025-03-12 20:35:11] [INFO] [VisualsSystem] Started creating blurred background
[2025-03-12 20:35:11] [INFO] [TimeLinePanel] Started updating the timeline panel after turn order has changed.
[2025-03-12 20:35:11] [INFO] [TimeLinePanel] Finished updating the timeline panel after turn order has changed.
[2025-03-12 20:35:12] [INFO] [SelectedTilePanel] Checksum updated, getting units at selected tiles.
[2025-03-12 20:35:12] [INFO] [SelectedTilePanel] Either no unit selected or more than one unit selected
[2025-03-12 20:35:12] [INFO] [LesserStatisticsInformationPanel] Checksum has been updated, querying statistics for unit cfbb2df9-b858-49f5-a3dc-114516f29cdd
[2025-03-12 20:35:12] [INFO] [VisualsSystem] Finished creating blurred background after 0.5023975372314453 seconds
[2025-03-12 20:35:19] [INFO] [SelectedTilePanel] Checksum updated, getting units at selected tiles.
[2025-03-12 20:35:19] [INFO] [SelectedTilePanel] Updated selected tile display to view Pasmi
[2025-03-12 20:35:19] [INFO] [LesserStatisticsInformationPanel] Finished updating Greater UI
[2025-03-12 20:35:25] [INFO] [Main] {
  "map.generation.zoom": 0.75,
  "map.generation.min.height": -10,
  "hovered.tiles": ["dd42a0b9-0726-4c61-8d49-8d9d4103b740"],
  "view_sprite_height": 96,
  "delta_time": 0.016658125,
  "map.generation.starting.camerra.height": 950,
  "spawn.placement.policy": "everywhere",
  "gameplay.water.level": 0,
  "statistics.panel.is.open": false,
  "automatically.go.to.home.controls": false,
  "camera_map": {
    "main_camera": {},
    "selection_camera": {}
  },
  "map.generation.starting.y": 0,
  "map.generation.base.level": 1,
  "map.generation.starting.x": 0,
  "show.heights": true,
  "hide.gameplay.ui": true,
  "tile.to.glide.to": "",
  "map.generation.max.height": 10,
  "selected.tiles.checksum": -2105664779,
  "map.generation.base.terrain": "obsidian_floor",
  "debug_mode_for_the_game_state": false,
  "movement.panel.is.open": false,
  "gameplay.rows": 10,
  "view_sprite_width": 96,
  "map.generation.starting.sprite.width": 96,
  "ability.panel.is.open": false,
  "gameplay.mode": "gameplay.mode.regular",
  "map.generation.structure.assets": ["tree4_structure"],
  "floating_text_map": {},
  "map.center.on.startup": true,
  "gameplay.columns": 10,
  "gameplay.water.asset": "water_liquid",
  "selected.tiles": ["32cd632f-2a6d-4d35-b43e-09c0d1102323"],
  "map.generation.starting.camera.width": 1500,
  "selected_ability_from_ui": "",
  "map.generation.starting.sprite.height": 96,
  "map.generation.use.noise": true,
  "floating_text_font_size": 30,
  "map.generation.base.asset": "base_floor"
}
