[2025-05-25 19:45:33] [INFO] [UnitTable] Started initializing UnitTable
[2025-05-25 19:45:33] [INFO] [EmeritusDatabase] Started initializing EmeritusDatabase
[2025-05-25 19:45:34] [INFO] [EmeritusDatabase] Finished initializing EmeritusDatabase
[2025-05-25 19:45:34] [INFO] [UnitTable] Successfully initialized UnitTable
[2025-05-25 19:45:34] [INFO] [UnitTable] Finished initializing UnitTable
[2025-05-25 19:45:34] [INFO] [AbilityTable] Started initializing AbilityTable
[2025-05-25 19:45:34] [INFO] [AbilityTable] Finished initializing AbilityTable
[2025-05-25 19:45:34] [INFO] [UserSaveStateManager] Started loading user save data
[2025-05-25 19:45:34] [INFO] [UserSaveStateManager] Finished loading user save data
[2025-05-25 19:45:34] [INFO] [AssetPool] Started initializing AssetPool
[2025-05-25 19:45:34] [INFO] [AssetNameSpace] Started loading Sprite's from ./res/graphics
[2025-05-25 19:45:34] [INFO] [AssetNameSpace] Finished reading files for sprites
[2025-05-25 19:45:34] [INFO] [AssetNameSpace] Finished loading ./res/graphics
[2025-05-25 19:45:34] [INFO] [AssetPool] Finished initializing AssetPool
[2025-05-25 19:47:06] [INFO] [Component] Setting UNIT_fire_dragon___NICKNAME_Seta___94f19256-a060-4cd5-9423-6b8d654fa09e on to {"row":0,"column":0,"base_elevation":0,"spawn_region":"Left","unit":"UNIT_fire_dragon___NICKNAME_Seta___94f19256-a060-4cd5-9423-6b8d654fa09e","total_elevation":5}.
[2025-05-25 19:47:06] [INFO] [SpeedQueue] Added unit UNIT_fire_dragon___NICKNAME_Seta___94f19256-a060-4cd5-9423-6b8d654fa09e into queue
[2025-05-25 19:47:06] [INFO] [Component] Setting UNIT_fire_dragon___NICKNAME_Ouwauu___702e5e1c-9e11-4224-944a-0aebe495bb10 on to {"row":5,"column":1,"base_elevation":0,"spawn_region":"Left","unit":"UNIT_fire_dragon___NICKNAME_Ouwauu___702e5e1c-9e11-4224-944a-0aebe495bb10","total_elevation":6}.
[2025-05-25 19:47:06] [INFO] [SpeedQueue] Added unit UNIT_fire_dragon___NICKNAME_Ouwauu___702e5e1c-9e11-4224-944a-0aebe495bb10 into queue
[2025-05-25 19:47:06] [INFO] [Component] Setting UNIT_dark_dragon___NICKNAME_Vagiil___9cf0422b-b2be-47f0-88f0-e23aef5efc35 on to {"row":2,"column":0,"base_elevation":0,"spawn_region":"Left","unit":"UNIT_dark_dragon___NICKNAME_Vagiil___9cf0422b-b2be-47f0-88f0-e23aef5efc35","total_elevation":5}.
[2025-05-25 19:47:06] [INFO] [SpeedQueue] Added unit UNIT_dark_dragon___NICKNAME_Vagiil___9cf0422b-b2be-47f0-88f0-e23aef5efc35 into queue
[2025-05-25 19:47:06] [INFO] [Component] Setting UNIT_fire_dragon___NICKNAME_Loyavr___15058864-c62a-4d4b-a9a1-d0f4c6af77d6 on to {"row":5,"column":0,"base_elevation":0,"spawn_region":"Left","unit":"UNIT_fire_dragon___NICKNAME_Loyavr___15058864-c62a-4d4b-a9a1-d0f4c6af77d6","total_elevation":6}.
[2025-05-25 19:47:06] [INFO] [SpeedQueue] Added unit UNIT_fire_dragon___NICKNAME_Loyavr___15058864-c62a-4d4b-a9a1-d0f4c6af77d6 into queue
[2025-05-25 19:47:06] [INFO] [Component] Setting UNIT_fire_dragon___NICKNAME_Oipu___97385b6b-4c98-404a-a425-e546b5cf91b5 on to {"row":1,"column":1,"base_elevation":0,"spawn_region":"Left","unit":"UNIT_fire_dragon___NICKNAME_Oipu___97