[2025-04-03 03:21:57] [INFO] [UserSaveStateManager] Started loading user save data
[2025-04-03 03:21:57] [INFO] [UserSaveStateManager] Finished loading user save data
[2025-04-03 03:21:57] [INFO] [AssetPool] Started initializing AssetPool
[2025-04-03 03:21:57] [INFO] [AssetNameSpace] Started loading Sprite's from ./res/graphics
[2025-04-03 03:21:57] [INFO] [AssetNameSpace] Finished reading files for sprites
[2025-04-03 03:21:57] [INFO] [AssetNameSpace] Finished loading ./res/graphics
[2025-04-03 03:21:57] [INFO] [AssetPool] Finished initializing AssetPool
[2025-04-03 03:21:57] [INFO] [UnitDatabase] Started initializing UnitDatabase
[2025-04-03 03:21:57] [INFO] [UnitDatabase] Successfully initialized UnitDatabase
[2025-04-03 03:21:57] [INFO] [UnitDatabase] Finished initializing UnitDatabase
[2025-04-03 03:21:57] [INFO] [JsonDatabase] Started initializing JsonDatabase
[2025-04-03 03:21:57] [INFO] [JsonTable] Started initializing JsonTable
[2025-04-03 03:21:57] [INFO] [JsonTable] Successfully initialized JsonTable
[2025-04-03 03:21:57] [INFO] [JsonTable] Finished initializing JsonTable
[2025-04-03 03:21:57] [INFO] [JsonTable] Started initializing JsonTable
[2025-04-03 03:21:57] [INFO] [JsonTable] Successfully initialized JsonTable
[2025-04-03 03:21:57] [INFO] [JsonTable] Finished initializing JsonTable
[2025-04-03 03:21:57] [INFO] [JsonTable] Started initializing JsonTable
[2025-04-03 03:21:57] [INFO] [JsonTable] Successfully initialized JsonTable
[2025-04-03 03:21:57] [INFO] [JsonTable] Finished initializing JsonTable
[2025-04-03 03:21:57] [INFO] [JsonDatabase] Successfully initialized JsonDatabase
[2025-04-03 03:21:57] [INFO] [JsonDatabase] Finished initializing JsonDatabase
[2025-04-03 03:21:57] [INFO] [Component] Setting bb3b214d-5fbe-4957-b8c1-c1b89f9e33f4 on to 37f3c391-7e00-4dbf-9c43-c09dc247633d.
[2025-04-03 03:21:57] [INFO] [SpeedQueue] Added unit enemy:Dexiy into queue
[2025-04-03 03:21:57] [INFO] [Component] Setting 9dd3840c-36f2-43fb-b7d7-3f9b2207afab on to 8f018055-b2be-496c-81d7-489fa85bef44.
[2025-04-03 03:21:57] [INFO] [SpeedQueue] Added unit enemy:Xicya into queue
[2025-04-03 03:21:57] [INFO] [Component] Setting ca16c7b0-f61f-4851-bad8-078be2018d29 on to 0efaf336-719b-439b-bf9c-dc4f3b62fa05.
[2025-04-03 03:21:57] [INFO] [SpeedQueue] Added unit enemy:Dobi into queue
[2025-04-03 03:21:57] [INFO] [Component] Setting b7e3cd64-7078-4d59-bf98-f8c89711dbb5 on to d9a575ef-194a-4e45-a92f-18e919cd34fb.
[2025-04-03 03:21:57] [INFO] [SpeedQueue] Added unit user:Wyjyyi into queue
[2025-04-03 03:21:57] [INFO] [Component] Setting 2c532b50-c868-43de-b2e3-f722f2496a59 on to c4b64752-08df-45f6-b902-a028265cc6d7.
[2025-04-03 03:21:57] [INFO] [SpeedQueue] Added unit user:Voly into queue
[2025-04-03 03:21:57] [INFO] [Component] Setting f7478764-cc92-4712-b340-a42b6487bb15 on to 9b04b821-502e-4b0e-8c9f-8634e8061774.
[2025-04-03 03:21:57] [INFO] [SpeedQueue] Added unit user:Hahyyt into queue
[2025-04-03 03:21:57] [INFO] [Component] Setting fbacbc97-44e7-4a31-89e9-8e5b61e1ea37 on to b0441c94-39b7-4ed8-84d9-92c8aa27416a.
[2025-