[2025-03-17 22:04:29] [INFO] [AssetPool] Started initializing AssetPool
[2025-03-17 22:04:29] [INFO] [Engine] HEAP ALLOCATION INCREASED! 1.0 GB of 16.0 GB used
[2025-03-17 22:04:29] [INFO] [SpriteSheetOG] Started loading Sprite's from ./res/graphics
[2025-03-17 22:04:29] [INFO] [SpriteSheetOG] Finished reading files for sprites
[2025-03-17 22:04:29] [INFO] [Sprite] Finished loading ./res/graphics/misc/blue_reticle.png
[2025-03-17 22:04:29] [INFO] [Sprite] Finished loading ./res/graphics/misc/pink_spawn.png
[2025-03-17 22:04:29] [INFO] [Sprite] Finished loading ./res/graphics/misc/reticle.png
[2025-03-17 22:04:29] [INFO] [Sprite] Finished loading ./res/graphics/misc/yellow_spawn.png
[2025-03-17 22:04:29] [INFO] [Sprite] Finished loading ./res/graphics/misc/blue_spawn.png
[2025-03-17 22:04:29] [INFO] [Sprite] Finished loading ./res/graphics/misc/red_reticle.png
[2025-03-17 22:04:29] [INFO] [Sprite] Finished loading ./res/graphics/misc/depth_shadows.png
[2025-03-17 22:04:29] [INFO] [Sprite] Finished loading ./res/graphics/misc/yellow_reticle.png
[2025-03-17 22:04:29] [INFO] [Sprite] Finished loading ./res/graphics/misc/red_spawn.png
[2025-03-17 22:04:29] [INFO] [Sprite] Finished loading ./res/graphics/misc/directional_shadows.png
[2025-03-17 22:04:29] [INFO] [Sprite] Finished loading ./res/graphics/shadows/northwest.png
[2025-03-17 22:04:29] [INFO] [Sprite] Finished loading ./res/graphics/shadows/west.png
[2025-03-17 22:04:29] [INFO] [Sprite] Finished loading ./res/graphics/shadows/north.png
[2025-03-17 22:04:29] [INFO] [Sprite] Finished loading ./res/graphics/shadows/east.png
[2025-03-17 22:04:29] [INFO] [Sprite] Finished loading ./res/graphics/shadows/northeast.png
[2025-03-17 22:04:29] [INFO] [Sprite] Finished loading ./res/graphics/shadows/south.png
[2025-03-17 22:04:29] [INFO] [Sprite] Finished loading ./res/graphics/shadows/southwest.png
[2025-03-17 22:04:29] [INFO] [Sprite] Finished loading ./res/graphics/shadows/southeast.png
[2025-03-17 22:04:29] [INFO] [Sprite] Finished loading ./res/graphics/structures/tree3_structure.png
[2025-03-17 22:04:29] [INFO] [Sprite] Finished loading ./res/graphics/structures/tree4_structure.png
[2025-03-17 22:04:29] [INFO] [Sprite] Finished loading ./res/graphics/structures/tree1_structure.png
[2025-03-17 22:04:29] [INFO] [Sprite] Finished loading ./res/graphics/structures/tree5_structure.png
[2025-03-17 22:04:29] [INFO] [Sprite] Finished loading ./res/graphics/structures/tree2_structure.png
[2025-03-17 22:04:29] [INFO] [Sprite] Finished loading ./res/graphics/structures/tree6_structure.png
[2025-03-17 22:04:29] [INFO] [Sprite] Finished loading ./res/graphics/wall_tiles/rock_wall2.png
[2025-03-17 22:04:29] [INFO] [Sprite] Finished loading ./res/graphics/wall_tiles/sandstone_wall.png
[2025-03-17 22:04:29] [INFO] [Sprite] Finished loading ./res/graphics/wall_tiles/elden_yellow_wall.png
[2025-03-17 22:04:29] [INFO] [Sprite] Finished loading ./res/graphics/wall_tiles/vine_on_wall.png
[2025-03-17 22:04:29] [INFO] [Sprite] Finished loading ./res/graphics/wall_tiles/boulder_wall.png
[2025-03-17 22:04:29] [INFO] [Sprite] Finished loading ./res/graphics/wall_tiles/white_marble_wall.png
[2025-03-17 22:04:29] [INFO] [Sprite] Finished loading ./res/graphics/wall_tiles/elden_green_wall.png
[2025-03-17 22:04:29] [INFO] [Sprite] Finished loading ./res/graphics/wall_tiles/brown_marble_wall.png
[2025-03-17 22:04:29] [INFO] [Sprite] Finished loading ./res/graphics/wall_tiles/small_brick_wall.png
[2025-03-17 22:04:29] [INFO] [Sprite] Finished loading ./res/graphics/wall_tiles/moss_wall.png
[2025-03-17 22:04:29] [INFO] [Sprite] Finished loading ./res/graphics/wall_tiles/dirt_brick_vine_wall.png
[2025-03-17 22:04:29] [INFO] [Sprite] Finished loading ./res/graphics/wall_tiles/elden_purple_wall.png
[2025-03-17 22:04:29] [INFO] [Sprite] Finished loading ./res/graphics/wall_tiles/large_brick_wall.png
[2025-03-17 22:04:29] [INFO] [Sprite] Finished loading ./res/graphics/wall_tiles/dirt_wall.png
[2025-03-17 22:04:29] [INFO] [Sprite] Finished loading ./res/graphics/wall_tiles/alien_wall.png
[2025-03-17 22:04:29] [INFO] [Sprite] Finished loading ./res/graphics/wall_tiles/industrial_brick_wall.png
[2025-03-17 22:04:29] [INFO] [Sprite] Finished loading ./res/graphics/wall_tiles/rock_wall.png
[2025-03-17 22:04:29] [INFO] [Sprite] Finished loading ./res/graphics/wall_tiles/dirt_wall2.png
[2025-03-17 22:04:29] [INFO] [Sprite] Finished loading ./res/graphics/wall_tiles/moss_wall2.png
[2025-03-17 22:04:29] [INFO] [Sprite] Finished loading ./res/graphics/wall_tiles/moss_wall3.png
[2025-03-17 22:04:29] [INFO] [Sprite] Finished loading ./res/graphics/wall_tiles/no_wall.png
[2025-03-17 22:04:29] [INFO] [Sprite] Finished loading ./res/graphics/wall_tiles/alien_rune_wall.png
[2025-03-17 22:04:29] [INFO] [Sprite] Finished loading ./res/graphics/wall_tiles/industrial_wall.png
[2025-03-17 22:04:29] [INFO] [Sprite] Finished loading ./res/graphics/wall_tiles/small_brick_wall2.png
[2025-03-17 22:04:29] [INFO] [Sprite] Finished loading ./res/graphics/old/liquids 2.png
[2025-03-17 22:04:29] [INFO] [Sprite] Finished loading ./res/graphics/old/gems.png
[2025-03-17 22:04:29] [INFO] [Sprite] Finished loading ./res/graphics/old/floors.png
[2025-03-17 22:04:29] [INFO] [Sprite] Finished loading ./res/graphics/old/terrains.png
[2025-03-17 22:04:29] [INFO] [Sprite] Finished loading ./res/graphics/old/gemsRaw.png
[2025-03-17 22:04:29] [INFO] [Sprite] Finished loading ./res/graphics/old/walls.png
[2025-03-17 22:04:29] [INFO] [Sprite] Finished loading ./res/graphics/old/special2.png
[2025-03-17 22:04:29] [INFO] [Sprite] Finished loading ./res/graphics/old/structures.png
[2025-03-17 22:04:29] [INFO] [Sprite] Finished loading ./res/graphics/old/special.png
[2025-03-17 22:04:29] [INFO] [Sprite] Finished loading ./res/graphics/old/liquids.png
[2025-03-17 22:04:29] [INFO] [Sprite] Finished loading ./res/graphics/old/units.png
[2025-03-17 22:04:29] [INFO] [Sprite] Finished loading ./res/graphics/old/terrains2.png
[2025-03-17 22:04:29] [INFO] [Sprite] Finished loading ./res/graphics/old/floors2.png
[2025-03-17 22:04:29] [INFO] [Sprite] Finished loading ./res/graphics/floor_tiles/sand_1_floor.png
[2025-03-17 22:04:29] [INFO] [Sprite] Finished loading ./res/graphics/floor_tiles/sand_dark_floor.png
[2025-03-17 22:04:29] [INFO] [Sprite] Finished loading ./res/graphics/floor_tiles/dirty_grass_1_floor.png
[2025-03-17 22:04:29] [INFO] [Sprite] Finished loading ./res/graphics/floor_tiles/white_sand_floor.png
[2025-03-17 22:04:29] [INFO] [Sprite] Finished loading ./res/graphics/floor_tiles/white_sands_2.png
[2025-03-17 22:04:29] [INFO] [Sprite] Finished loading ./res/graphics/floor_tiles/dirty_grass_2_floor.png
[2025-03-17 22:04:29] [INFO] [Sprite] Finished loading ./res/graphics/floor_tiles/sand_3_floor.png
[2025-03-17 22:04:29] [INFO] [Sprite] Finished loading ./res/graphics/floor_tiles/obsidian_floor.png
[2025-03-17 22:04:29] [INFO] [Sprite] Finished loading ./res/graphics/floor_tiles/base_floor.png
[2025-03-17 22:04:29] [INFO] [Sprite] Finished loading ./res/graphics/floor_tiles/sand_floor.png
[2025-03-17 22:04:29] [INFO] [Sprite] Finished loading ./res/graphics/floor_tiles/dirty_grass_3_floor.png
[2025-03-17 22:04:29] [INFO] [Sprite] Finished loading ./res/graphics/floor_tiles/sand_2_floor.png
[2025-03-17 22:04:29] [INFO] [Sprite] Finished loading ./res/graphics/units/Air_Dragon.png
[2025-03-17 22:04:29] [INFO] [Sprite] Finished loading ./res/graphics/units/Dragon.png
[2025-03-17 22:04:29] [INFO] [Sprite] Finished loading ./res/graphics/units/Dark_Dragon.png
[2025-03-17 22:04:29] [INFO] [Sprite] Finished loading ./res/graphics/units/Earth_Dragon.png
[2025-03-17 22:04:29] [INFO] [Sprite] Finished loading ./res/graphics/units/Light_Dragon.png
[2025-03-17 22:04:29] [INFO] [Sprite] Finished loading ./res/graphics/units/Water_Dragon.png
[2025-03-17 22:04:29] [INFO] [Sprite] Finished loading ./res/graphics/units/Fire_Dragon.png
[2025-03-17 22:04:29] [INFO] [Sprite] Finished loading ./res/graphics/actions/StatsDown.png
[2025-03-17 22:04:29] [INFO] [Sprite] Finished loading ./res/graphics/actions/PhysicalHit4.png
[2025-03-17 22:04:29] [INFO] [Sprite] Finished loading ./res/graphics/actions/Slash.png
[2025-03-17 22:04:29] [INFO] [Sprite] Finished loading ./res/graphics/actions/Air.png
[2025-03-17 22:04:29] [INFO] [Sprite] Finished loading ./res/graphics/actions/Dark.png
[2025-03-17 22:04:29] [INFO] [Sprite] Finished loading ./res/graphics/actions/Blunt.png
[2025-03-17 22:04:29] [INFO] [Sprite] Finished loading ./res/graphics/actions/Fire.png
[2025-03-17 22:04:29] [INFO] [Sprite] Finished loading ./res/graphics/actions/Earth.png
[2025-03-17 22:04:29] [INFO] [Sprite] Finished loading ./res/graphics/actions/Light.png
[2025-03-17 22:04:29] [INFO] [Sprite] Finished loading ./res/graphics/actions/StatsUp.png
[2025-03-17 22:04:29] [INFO] [Sprite] Finished loading ./res/graphics/actions/Water.png
[2025-03-17 22:04:29] [INFO] [Sprite] Finished loading ./res/graphics/actions/Pierce.png
[2025-03-17 22:04:29] [INFO] [Sprite] Finished loading ./res/graphics/spells/LightSpell.png
[2025-03-17 22:04:29] [INFO] [Sprite] Finished loading ./res/graphics/spells/StatsDown.png
[2025-03-17 22:04:29] [INFO] [Sprite] Finished loading ./res/graphics/spells/WindSpell.png
[2025-03-17 22:04:29] [INFO] [Sprite] Finished loading ./res/graphics/spells/WaterSpell.png
[2025-03-17 22:04:29] [INFO] [Sprite] Finished loading ./res/graphics/spells/PhysicalHit4.png
[2025-03-17 22:04:29] [INFO] [Sprite] Finished loading ./res/graphics/spells/PhysicalHit1.png
[2025-03-17 22:04:29] [INFO] [Sprite] Finished loading ./res/graphics/spells/LightningSpell.png
[2025-03-17 22:04:29] [INFO] [Sprite] Finished loading ./res/graphics/spells/PhysicalHit3.png
[2025-03-17 22:04:29] [INFO] [Sprite] Finished loading ./res/graphics/spells/PhysicalHit2.png
[2025-03-17 22:04:29] [INFO] [Sprite] Finished loading ./res/graphics/spells/FireSpell.png
[2025-03-17 22:04:29] [INFO] [Sprite] Finished loading ./res/graphics/spells/DarkSpell.png
[2025-03-17 22:04:29] [INFO] [Sprite] Finished loading ./res/graphics/spells/StatsUp.png
[2025-03-17 22:04:29] [INFO] [Sprite] Finished loading ./res/graphics/spells/EarthSpell.png
[2025-03-17 22:04:29] [INFO] [Sprite] Finished loading ./res/graphics/liquids/greater_leafage_liquid.png
[2025-03-17 22:04:29] [INFO] [Sprite] Finished loading ./res/graphics/liquids/waterV4_liquid.png
[2025-03-17 22:04:29] [INFO] [Sprite] Finished loading ./res/graphics/liquids/shallow_swamp.png
[2025-03-17 22:04:29] [INFO] [Sprite] Finished loading ./res/graphics/liquids/water5.png
[2025-03-17 22:04:29] [INFO] [Sprite] Finished loading ./res/graphics/liquids/swamp_2.png
[2025-03-17 22:04:29] [INFO] [Sprite] Finished loading ./res/graphics/liquids/Lava_liquid.png
[2025-03-17 22:04:29] [INFO] [Sprite] Finished loading ./res/graphics/liquids/swamp2.png
[2025-03-17 22:04:29] [INFO] [Sprite] Finished loading ./res/graphics/liquids/waterV33_liquid.png
[2025-03-17 22:04:29] [INFO] [Sprite] Finished loading ./res/graphics/liquids/shallow_water_liquid.png
[2025-03-17 22:04:29] [INFO] [Sprite] Finished loading ./res/graphics/liquids/water_liquid.png
[2025-03-17 22:04:29] [INFO] [Sprite] Finished loading ./res/graphics/liquids/waterV2_liquid.png
[2025-03-17 22:04:29] [INFO] [Sprite] Finished loading ./res/graphics/liquids/swamp2_liquid.png
[2025-03-17 22:04:29] [INFO] [SpriteSheetOG] Finished loading ./res/graphics
[2025-03-17 22:04:29] [INFO] [AssetPool] Finished initializing AssetPool
[2025-03-17 22:04:30] [INFO] [FontPoolV1] Started initializing FontPoolV1
[2025-03-17 22:04:30] [INFO] [FontPoolV1] Finished initializing FontPoolV1
[2025-03-17 22:04:30] [INFO] [UnitDatabase] Started initializing UnitDatabase
[2025-03-17 22:04:30] [INFO] [UnitDatabase] Successfully initialized UnitDatabase
[2025-03-17 22:04:30] [INFO] [UnitDatabase] Finished initializing UnitDatabase
[2025-03-17 22:04:30] [INFO] [JsonDatabase] Started initializing JsonDatabase
[2025-03-17 22:04:30] [INFO] [JsonTable] Started initializing JsonTable
[2025-03-17 22:04:30] [INFO] [JsonTable] Successfully initialized JsonTable
[2025-03-17 22:04:30] [INFO] [JsonTable] Finished initializing JsonTable
[2025-03-17 22:04:30] [INFO] [JsonTable] Started initializing JsonTable
[2025-03-17 22:04:30] [INFO] [JsonTable] Successfully initialized JsonTable
[2025-03-17 22:04:30] [INFO] [JsonTable] Finished initializing JsonTable
[2025-03-17 22:04:30] [INFO] [JsonTable] Started initializing JsonTable
[2025-03-17 22:04:30] [INFO] [JsonTable] Successfully initialized JsonTable
[2025-03-17 22:04:30] [INFO] [JsonTable] Finished initializing JsonTable
[2025-03-17 22:04:30] [INFO] [JsonDatabase] Successfully initialized JsonDatabase
[2025-03-17 22:04:30] [INFO] [JsonDatabase] Finished initializing JsonDatabase
[2025-03-17 22:04:30] [INFO] [Component] Setting 8c2aa94c-0ee9-4809-bdac-7be484d6b683 on to 5cc26590-b485-46a7-ae2a-7304d332beef.
[2025-03-17 22:04:30] [INFO] [SpeedQueue] Added unit enemy:Selap into queue
[2025-03-17 22:04:30] [INFO] [Component] Setting 1bac2d63-740e-43b1-810e-bfddd2663c2f on to a19a48bf-798f-4466-8216-88efedc1f7a6.
[2025-03-17 22:04:30] [INFO] [SpeedQueue] Added unit enemy:Yafei into queue
[2025-03-17 22:04:30] [INFO] [Component] Setting 73df12fa-a180-4a74-bd0d-798880e52aaf on to 3258f4b2-705b-4516-b8bd-cb65da23986e.
[2025-03-17 22:04:30] [INFO] [SpeedQueue] Added unit enemy:Dyrmgg into queue
[2025-03-17 22:04:30] [INFO] [Component] Setting fff72480-411e-404c-9d70-b4978407c2fa on to 382830e0-6a5e-431b-9be6-34168e4b061f.
[2025-03-17 22:04:30] [INFO] [SpeedQueue] Added unit enemy:Eyzu into queue
[2025-03-17 22:04:30] [INFO] [Component] Setting 2027a8a1-7cf9-4652-8d5a-d81ea7c4d403 on to 10dbb703-2c27-4a25-b9be-a54ad789a49e.
[2025-03-17 22:04:30] [INFO] [SpeedQueue] Added unit user:Lagre into queue
[2025-03-17 22:04:30] [INFO] [Component] Setting b5a12fd8-4f64-4343-83a8-b083cc94da3e on to 69125255-a60a-48fc-a480-edd4223db44a.
[2025-03-17 22:04:30] [INFO] [SpeedQueue] Added unit user:Qipy into queue
[2025-03-17 22:04:30] [INFO] [Component] Setting 25dd9fa6-1860-4cdd-9283-4bb8301f3dd1 on to 0ab57383-990d-4d3a-8d7e-c6d702c30428.
[2025-03-17 22:04:30] [INFO] [SpeedQueue] Added unit user:Iugi into queue
[2025-03-17 22:04:30] [INFO] [Component] Setting 4821a57a-c043-4bbf-bf9f-aa7d69a38611 on to 1ba9b215-85ec-46df-b95b-f05484012a09.
[2025-03-17 22:04:30] [INFO] [SpeedQueue] Added unit user:Uoghxo into queue
[2025-03-17 22:04:30] [INFO] [FontPool] Started initializing FontPool
[2025-03-17 22:04:30] [INFO] [FontPool] ✅ Successfully loaded font: Lilian
[2025-03-17 22:04:31] [INFO] [SpeedQueue] Speed queue updated.
[2025-03-17 22:04:31] [INFO] [VisualsSystem] Started creating blurred background
[2025-03-17 22:04:31] [INFO] [TimeLinePanel] Started updating the timeline panel after turn order has changed.
[2025-03-17 22:04:31] [INFO] [TimeLinePanel] Finished updating the timeline panel after turn order has changed.
[2025-03-17 22:04:31] [INFO] [SelectedTilePanel] Checksum updated, getting units at selected tiles.
[2025-03-17 22:04:31] [INFO] [SelectedTilePanel] Either no unit selected or more than one unit selected
[2025-03-17 22:04:31] [INFO] [LesserStatisticsInformationPanel] Checksum has been updated, querying statistics for unit 2027a8a1-7cf9-4652-8d5a-d81ea7c4d403
[2025-03-17 22:04:31] [INFO] [VisualsSystem] Finished creating blurred background after 0.49770015478134155 seconds
[2025-03-17 22:04:52] [INFO] [InputHandler] Gliding secondary.camera camera to new tile 10dbb703-2c27-4a25-b9be-a54ad789a49e
[2025-03-17 22:04:52] [INFO] [InputHandler] Gliding main.camera camera to new tile 10dbb703-2c27-4a25-b9be-a54ad789a49e
[2025-03-17 22:04:52] [INFO] [SelectedTilePanel] Checksum updated, getting units at selected tiles.
[2025-03-17 22:04:52] [INFO] [SelectedTilePanel] Updated selected tile display to view Lagre
[2025-03-17 22:04:52] [INFO] [LesserStatisticsInformationPanel] Finished updating Greater UI
[2025-03-17 22:04:54] [INFO] [MovementSystem] Lagre is planning to move from [9, 7] to null
[2025-03-17 22:04:54] [INFO] [MovementSystem] Updated movement area for Lagre
[2025-03-17 22:04:54] [INFO] [MovementSystem] Updated movement path for Lagre
[2025-03-17 22:04:55] [INFO] [MovementSystem] Lagre is planning to move from [9, 7] to [9, 9]
[2025-03-17 22:04:55] [INFO] [MovementSystem] Updated movement path for Lagre
[2025-03-17 22:04:55] [INFO] [MovementSystem] Lagre is planning to move from [9, 7] to [8, 9]
[2025-03-17 22:04:55] [INFO] [MovementSystem] Updated movement path for Lagre
[2025-03-17 22:04:55] [INFO] [MovementSystem] Lagre is planning to move from [9, 7] to [8, 8]
[2025-03-17 22:04:55] [INFO] [MovementSystem] Updated movement path for Lagre
[2025-03-17 22:04:56] [INFO] [Component] Setting 2027a8a1-7cf9-4652-8d5a-d81ea7c4d403 on to 2c510993-d63e-40fd-9c0d-8667d70c5dea.
[2025-03-17 22:04:56] [INFO] [MovementSystem] Moved from [9, 7] to [8, 8]
[2025-03-17 22:04:56] [INFO] [SelectedTilePanel] Checksum updated, getting units at selected tiles.
[2025-03-17 22:04:56] [INFO] [SelectedTilePanel] Updated selected tile display to view Lagre
[2025-03-17 22:04:56] [INFO] [LesserStatisticsInformationPanel] Finished updating Greater UI
