[2025-03-15 11:07:52] [INFO] [AssetPool] Started initializing AssetPool
[2025-03-15 11:07:52] [INFO] [Engine] HEAP ALLOCATION INCREASED! 1.0 GB of 16.0 GB used
[2025-03-15 11:07:52] [INFO] [SpriteSheetOG] Started loading Sprite's from ./res/graphics
[2025-03-15 11:07:52] [INFO] [SpriteSheetOG] Finished reading files for sprites
[2025-03-15 11:07:52] [INFO] [Sprite] Finished loading ./res/graphics/misc/blue_reticle.png
[2025-03-15 11:07:52] [INFO] [Sprite] Finished loading ./res/graphics/misc/pink_spawn.png
[2025-03-15 11:07:52] [INFO] [Sprite] Finished loading ./res/graphics/misc/reticle.png
[2025-03-15 11:07:52] [INFO] [Sprite] Finished loading ./res/graphics/misc/yellow_spawn.png
[2025-03-15 11:07:52] [INFO] [Sprite] Finished loading ./res/graphics/misc/blue_spawn.png
[2025-03-15 11:07:52] [INFO] [Sprite] Finished loading ./res/graphics/misc/red_reticle.png
[2025-03-15 11:07:52] [INFO] [Sprite] Finished loading ./res/graphics/misc/depth_shadows.png
[2025-03-15 11:07:52] [INFO] [Sprite] Finished loading ./res/graphics/misc/yellow_reticle.png
[2025-03-15 11:07:52] [INFO] [Sprite] Finished loading ./res/graphics/misc/red_spawn.png
[2025-03-15 11:07:52] [INFO] [Sprite] Finished loading ./res/graphics/misc/directional_shadows.png
[2025-03-15 11:07:52] [INFO] [Sprite] Finished loading ./res/graphics/shadows/northwest.png
[2025-03-15 11:07:52] [INFO] [Sprite] Finished loading ./res/graphics/shadows/west.png
[2025-03-15 11:07:52] [INFO] [Sprite] Finished loading ./res/graphics/shadows/north.png
[2025-03-15 11:07:52] [INFO] [Sprite] Finished loading ./res/graphics/shadows/east.png
[2025-03-15 11:07:52] [INFO] [Sprite] Finished loading ./res/graphics/shadows/northeast.png
[2025-03-15 11:07:52] [INFO] [Sprite] Finished loading ./res/graphics/shadows/south.png
[2025-03-15 11:07:52] [INFO] [Sprite] Finished loading ./res/graphics/shadows/southwest.png
[2025-03-15 11:07:52] [INFO] [Sprite] Finished loading ./res/graphics/shadows/southeast.png
[2025-03-15 11:07:52] [INFO] [Sprite] Finished loading ./res/graphics/structures/tree3_structure.png
[2025-03-15 11:07:52] [INFO] [Sprite] Finished loading ./res/graphics/structures/tree4_structure.png
[2025-03-15 11:07:52] [INFO] [Sprite] Finished loading ./res/graphics/structures/tree1_structure.png
[2025-03-15 11:07:52] [INFO] [Sprite] Finished loading ./res/graphics/structures/tree5_structure.png
[2025-03-15 11:07:52] [INFO] [Sprite] Finished loading ./res/graphics/structures/tree2_structure.png
[2025-03-15 11:07:52] [INFO] [Sprite] Finished loading ./res/graphics/structures/tree6_structure.png
[2025-03-15 11:07:52] [INFO] [Sprite] Finished loading ./res/graphics/wall_tiles/rock_wall2.png
[2025-03-15 11:07:52] [INFO] [Sprite] Finished loading ./res/graphics/wall_tiles/sandstone_wall.png
[2025-03-15 11:07:52] [INFO] [Sprite] Finished loading ./res/graphics/wall_tiles/elden_yellow_wall.png
[2025-03-15 11:07:52] [INFO] [Sprite] Finished loading ./res/graphics/wall_tiles/vine_on_wall.png
[2025-03-15 11:07:52] [INFO] [Sprite] Finished loading ./res/graphics/wall_tiles/boulder_wall.png
[2025-03-15 11:07:52] [INFO] [Sprite] Finished loading ./res/graphics/wall_tiles/white_marble_wall.png
[2025-03-15 11:07:52] [INFO] [Sprite] Finished loading ./res/graphics/wall_tiles/elden_green_wall.png
[2025-03-15 11:07:52] [INFO] [Sprite] Finished loading ./res/graphics/wall_tiles/brown_marble_wall.png
[2025-03-15 11:07:52] [INFO] [Sprite] Finished loading ./res/graphics/wall_tiles/small_brick_wall.png
[2025-03-15 11:07:52] [INFO] [Sprite] Finished loading ./res/graphics/wall_tiles/moss_wall.png
[2025-03-15 11:07:52] [INFO] [Sprite] Finished loading ./res/graphics/wall_tiles/dirt_brick_vine_wall.png
[2025-03-15 11:07:52] [INFO] [Sprite] Finished loading ./res/graphics/wall_tiles/elden_purple_wall.png
[2025-03-15 11:07:52] [INFO] [Sprite] Finished loading ./res/graphics/wall_tiles/large_brick_wall.png
[2025-03-15 11:07:52] [INFO] [Sprite] Finished loading ./res/graphics/wall_tiles/dirt_wall.png
[2025-03-15 11:07:52] [INFO] [Sprite] Finished loading ./res/graphics/wall_tiles/alien_wall.png
[2025-03-15 11:07:52] [INFO] [Sprite] Finished loading ./res/graphics/wall_tiles/industrial_brick_wall.png
[2025-03-15 11:07:52] [INFO] [Sprite] Finished loading ./res/graphics/wall_tiles/rock_wall.png
[2025-03-15 11:07:52] [INFO] [Sprite] Finished loading ./res/graphics/wall_tiles/dirt_wall2.png
[2025-03-15 11:07:52] [INFO] [Sprite] Finished loading ./res/graphics/wall_tiles/moss_wall2.png
[2025-03-15 11:07:52] [INFO] [Sprite] Finished loading ./res/graphics/wall_tiles/moss_wall3.png
[2025-03-15 11:07:52] [INFO] [Sprite] Finished loading ./res/graphics/wall_tiles/no_wall.png
[2025-03-15 11:07:52] [INFO] [Sprite] Finished loading ./res/graphics/wall_tiles/alien_rune_wall.png
[2025-03-15 11:07:52] [INFO] [Sprite] Finished loading ./res/graphics/wall_tiles/industrial_wall.png
[2025-03-15 11:07:52] [INFO] [Sprite] Finished loading ./res/graphics/wall_tiles/small_brick_wall2.png
[2025-03-15 11:07:52] [INFO] [Sprite] Finished loading ./res/graphics/old/liquids 2.png
[2025-03-15 11:07:52] [INFO] [Sprite] Finished loading ./res/graphics/old/gems.png
[2025-03-15 11:07:52] [INFO] [Sprite] Finished loading ./res/graphics/old/floors.png
[2025-03-15 11:07:52] [INFO] [Sprite] Finished loading ./res/graphics/old/terrains.png
[2025-03-15 11:07:52] [INFO] [Sprite] Finished loading ./res/graphics/old/gemsRaw.png
[2025-03-15 11:07:52] [INFO] [Sprite] Finished loading ./res/graphics/old/walls.png
[2025-03-15 11:07:52] [INFO] [Sprite] Finished loading ./res/graphics/old/special2.png
[2025-03-15 11:07:52] [INFO] [Sprite] Finished loading ./res/graphics/old/structures.png
[2025-03-15 11:07:52] [INFO] [Sprite] Finished loading ./res/graphics/old/special.png
[2025-03-15 11:07:52] [INFO] [Sprite] Finished loading ./res/graphics/old/liquids.png
[2025-03-15 11:07:52] [INFO] [Sprite] Finished loading ./res/graphics/old/units.png
[2025-03-15 11:07:52] [INFO] [Sprite] Finished loading ./res/graphics/old/terrains2.png
[2025-03-15 11:07:52] [INFO] [Sprite] Finished loading ./res/graphics/old/floors2.png
[2025-03-15 11:07:52] [INFO] [Sprite] Finished loading ./res/graphics/floor_tiles/sand_1_floor.png
[2025-03-15 11:07:52] [INFO] [Sprite] Finished loading ./res/graphics/floor_tiles/sand_dark_floor.png
[2025-03-15 11:07:52] [INFO] [Sprite] Finished loading ./res/graphics/floor_tiles/dirty_grass_1_floor.png
[2025-03-15 11:07:52] [INFO] [Sprite] Finished loading ./res/graphics/floor_tiles/white_sand_floor.png
[2025-03-15 11:07:52] [INFO] [Sprite] Finished loading ./res/graphics/floor_tiles/white_sands_2.png
[2025-03-15 11:07:52] [INFO] [Sprite] Finished loading ./res/graphics/floor_tiles/dirty_grass_2_floor.png
[2025-03-15 11:07:52] [INFO] [Sprite] Finished loading ./res/graphics/floor_tiles/sand_3_floor.png
[2025-03-15 11:07:52] [INFO] [Sprite] Finished loading ./res/graphics/floor_tiles/obsidian_floor.png
[2025-03-15 11:07:52] [INFO] [Sprite] Finished loading ./res/graphics/floor_tiles/base_floor.png
[2025-03-15 11:07:52] [INFO] [Sprite] Finished loading ./res/graphics/floor_tiles/sand_floor.png
[2025-03-15 11:07:52] [INFO] [Sprite] Finished loading ./res/graphics/floor_tiles/dirty_grass_3_floor.png
[2025-03-15 11:07:52] [INFO] [Sprite] Finished loading ./res/graphics/floor_tiles/sand_2_floor.png
[2025-03-15 11:07:52] [INFO] [Sprite] Finished loading ./res/graphics/units/Air_Dragon.png
[2025-03-15 11:07:52] [INFO] [Sprite] Finished loading ./res/graphics/units/Dragon.png
[2025-03-15 11:07:52] [INFO] [Sprite] Finished loading ./res/graphics/units/Dark_Dragon.png
[2025-03-15 11:07:52] [INFO] [Sprite] Finished loading ./res/graphics/units/Earth_Dragon.png
[2025-03-15 11:07:52] [INFO] [Sprite] Finished loading ./res/graphics/units/Light_Dragon.png
[2025-03-15 11:07:52] [INFO] [Sprite] Finished loading ./res/graphics/units/Water_Dragon.png
[2025-03-15 11:07:52] [INFO] [Sprite] Finished loading ./res/graphics/units/Fire_Dragon.png
[2025-03-15 11:07:52] [INFO] [Sprite] Finished loading ./res/graphics/actions/StatsDown.png
[2025-03-15 11:07:52] [INFO] [Sprite] Finished loading ./res/graphics/actions/PhysicalHit4.png
[2025-03-15 11:07:52] [INFO] [Sprite] Finished loading ./res/graphics/actions/Slash.png
[2025-03-15 11:07:52] [INFO] [Sprite] Finished loading ./res/graphics/actions/Air.png
[2025-03-15 11:07:52] [INFO] [Sprite] Finished loading ./res/graphics/actions/Dark.png
[2025-03-15 11:07:52] [INFO] [Sprite] Finished loading ./res/graphics/actions/Blunt.png
[2025-03-15 11:07:52] [INFO] [Sprite] Finished loading ./res/graphics/actions/Fire.png
[2025-03-15 11:07:52] [INFO] [Sprite] Finished loading ./res/graphics/actions/Earth.png
[2025-03-15 11:07:52] [INFO] [Sprite] Finished loading ./res/graphics/actions/Light.png
[2025-03-15 11:07:52] [INFO] [Sprite] Finished loading ./res/graphics/actions/StatsUp.png
[2025-03-15 11:07:52] [INFO] [Sprite] Finished loading ./res/graphics/actions/Water.png
[2025-03-15 11:07:52] [INFO] [Sprite] Finished loading ./res/graphics/actions/Pierce.png
[2025-03-15 11:07:52] [INFO] [Sprite] Finished loading ./res/graphics/spells/LightSpell.png
[2025-03-15 11:07:52] [INFO] [Sprite] Finished loading ./res/graphics/spells/StatsDown.png
[2025-03-15 11:07:52] [INFO] [Sprite] Finished loading ./res/graphics/spells/WindSpell.png
[2025-03-15 11:07:52] [INFO] [Sprite] Finished loading ./res/graphics/spells/WaterSpell.png
[2025-03-15 11:07:52] [INFO] [Sprite] Finished loading ./res/graphics/spells/PhysicalHit4.png
[2025-03-15 11:07:52] [INFO] [Sprite] Finished loading ./res/graphics/spells/PhysicalHit1.png
[2025-03-15 11:07:52] [INFO] [Sprite] Finished loading ./res/graphics/spells/LightningSpell.png
[2025-03-15 11:07:52] [INFO] [Sprite] Finished loading ./res/graphics/spells/PhysicalHit3.png
[2025-03-15 11:07:52] [INFO] [Sprite] Finished loading ./res/graphics/spells/PhysicalHit2.png
[2025-03-15 11:07:52] [INFO] [Sprite] Finished loading ./res/graphics/spells/FireSpell.png
[2025-03-15 11:07:52] [INFO] [Sprite] Finished loading ./res/graphics/spells/DarkSpell.png
[2025-03-15 11:07:52] [INFO] [Sprite] Finished loading ./res/graphics/spells/StatsUp.png
[2025-03-15 11:07:52] [INFO] [Sprite] Finished loading ./res/graphics/spells/EarthSpell.png
[2025-03-15 11:07:52] [INFO] [Sprite] Finished loading ./res/graphics/liquids/greater_leafage_liquid.png
[2025-03-15 11:07:52] [INFO] [Sprite] Finished loading ./res/graphics/liquids/waterV4_liquid.png
[2025-03-15 11:07:52] [INFO] [Sprite] Finished loading ./res/graphics/liquids/shallow_swamp.png
[2025-03-15 11:07:52] [INFO] [Sprite] Finished loading ./res/graphics/liquids/water5.png
[2025-03-15 11:07:52] [INFO] [Sprite] Finished loading ./res/graphics/liquids/swamp_2.png
[2025-03-15 11:07:52] [INFO] [Sprite] Finished loading ./res/graphics/liquids/Lava_liquid.png
[2025-03-15 11:07:52] [INFO] [Sprite] Finished loading ./res/graphics/liquids/swamp2.png
[2025-03-15 11:07:52] [INFO] [Sprite] Finished loading ./res/graphics/liquids/waterV33_liquid.png
[2025-03-15 11:07:52] [INFO] [Sprite] Finished loading ./res/graphics/liquids/shallow_water_liquid.png
[2025-03-15 11:07:52] [INFO] [Sprite] Finished loading ./res/graphics/liquids/water_liquid.png
[2025-03-15 11:07:52] [INFO] [Sprite] Finished loading ./res/graphics/liquids/waterV2_liquid.png
[2025-03-15 11:07:52] [INFO] [Sprite] Finished loading ./res/graphics/liquids/swamp2_liquid.png
[2025-03-15 11:07:52] [INFO] [SpriteSheetOG] Finished loading ./res/graphics
[2025-03-15 11:07:52] [INFO] [AssetPool] Finished initializing AssetPool
[2025-03-15 11:07:52] [INFO] [FontPoolV1] Started initializing FontPoolV1
[2025-03-15 11:07:53] [INFO] [FontPoolV1] Finished initializing FontPoolV1
[2025-03-15 11:07:53] [INFO] [UnitDatabase] Started initializing UnitDatabase
[2025-03-15 11:07:53] [INFO] [UnitDatabase] Successfully initialized UnitDatabase
[2025-03-15 11:07:53] [INFO] [UnitDatabase] Finished initializing UnitDatabase
[2025-03-15 11:07:53] [INFO] [JsonDatabase] Started initializing JsonDatabase
[2025-03-15 11:07:53] [INFO] [JsonTable] Started initializing JsonTable
[2025-03-15 11:07:53] [INFO] [JsonTable] Successfully initialized JsonTable
[2025-03-15 11:07:53] [INFO] [JsonTable] Finished initializing JsonTable
[2025-03-15 11:07:53] [INFO] [JsonTable] Started initializing JsonTable
[2025-03-15 11:07:53] [INFO] [JsonTable] Successfully initialized JsonTable
[2025-03-15 11:07:53] [INFO] [JsonTable] Finished initializing JsonTable
[2025-03-15 11:07:53] [INFO] [JsonTable] Started initializing JsonTable
[2025-03-15 11:07:53] [INFO] [JsonTable] Successfully initialized JsonTable
[2025-03-15 11:07:53] [INFO] [JsonTable] Finished initializing JsonTable
[2025-03-15 11:07:53] [INFO] [JsonDatabase] Successfully initialized JsonDatabase
[2025-03-15 11:07:53] [INFO] [JsonDatabase] Finished initializing JsonDatabase
[2025-03-15 11:07:53] [INFO] [Component] Setting b6b4aaad-597a-4ca5-a8c7-6a162178cacd on to aa933418-34ac-4cde-b9ac-d3968a19a78e.
[2025-03-15 11:07:53] [INFO] [SpeedQueue] Added unit enemy:Nadtb into queue
[2025-03-15 11:07:53] [INFO] [Component] Setting 73b87a84-4ef9-4e40-b1bc-c26461147602 on to 4647fd1c-8fc5-4be5-a38d-ea23bd0c9e9a.
[2025-03-15 11:07:53] [INFO] [SpeedQueue] Added unit enemy:Yeytz into queue
[2025-03-15 11:07:53] [INFO] [Component] Setting 96c0a1c7-7564-4dd8-a5e0-8594581ad6f5 on to 63c33385-fb12-409f-89dd-762f627a42df.
[2025-03-15 11:07:53] [INFO] [SpeedQueue] Added unit enemy:Aujeuo into queue
[2025-03-15 11:07:53] [INFO] [Component] Setting 22a41125-b8c0-424e-807c-73ea8e957033 on to 6ad820f1-d602-40fe-83b5-c20fbd724091.
[2025-03-15 11:07:53] [INFO] [SpeedQueue] Added unit enemy:Hufya into queue
[2025-03-15 11:07:53] [INFO] [Component] Setting 89e202d9-1fa4-47ab-943a-6bb0b82b82eb on to a3757ef7-de2e-42b6-a199-4ea7ed99441c.
[2025-03-15 11:07:53] [INFO] [SpeedQueue] Added unit user:Koiq into queue
[2025-03-15 11:07:53] [INFO] [Component] Setting 71854351-01eb-482b-af8a-a33767331de4 on to c1617f5d-ffd3-4c62-921a-4629aebaeae4.
[2025-03-15 11:07:53] [INFO] [SpeedQueue] Added unit user:Ravpeg into queue
[2025-03-15 11:07:53] [INFO] [Component] Setting 3cb123ba-f7ea-412a-8c64-c1cac6642615 on to 3f3eb560-52c1-49b0-bb78-ae1d89a81f6f.
[2025-03-15 11:07:53] [INFO] [SpeedQueue] Added unit user:Vuiiia into queue
[2025-03-15 11:07:53] [INFO] [FontPool] Started initializing FontPool
[2025-03-15 11:07:53] [INFO] [FontPool] ✅ Successfully loaded font: Lilian
[2025-03-15 11:07:53] [INFO] [SpeedQueue] Speed queue updated.
[2025-03-15 11:07:53] [INFO] [VisualsSystem] Started creating blurred background
[2025-03-15 11:07:53] [INFO] [TimeLinePanel] Started updating the timeline panel after turn order has changed.
[2025-03-15 11:07:53] [INFO] [TimeLinePanel] Finished updating the timeline panel after turn order has changed.
[2025-03-15 11:07:53] [INFO] [SelectedTilePanel] Checksum updated, getting units at selected tiles.
[2025-03-15 11:07:53] [INFO] [SelectedTilePanel] Either no unit selected or more than one unit selected
[2025-03-15 11:07:53] [INFO] [LesserStatisticsInformationPanel] Checksum has been updated, querying statistics for unit 73b87a84-4ef9-4e40-b1bc-c26461147602
[2025-03-15 11:07:54] [INFO] [VisualsSystem] Finished creating blurred background after 0.4994547963142395 seconds
[2025-03-15 11:07:55] [INFO] [AbilityDatabase] Started initializing AbilityDatabase
[2025-03-15 11:07:55] [INFO] [AbilityDatabase] Successfully initialized AbilityDatabase
[2025-03-15 11:07:55] [INFO] [AbilityDatabase] Finished initializing AbilityDatabase
[2025-03-15 11:07:57] [INFO] [MovementSystem] Yeytz is planning to move from [1, 7] to [1, 5]
[2025-03-15 11:07:57] [INFO] [MovementSystem] Updated movement area for Yeytz
[2025-03-15 11:07:57] [INFO] [MovementSystem] Updated movement path for Yeytz
[2025-03-15 11:07:57] [INFO] [Component] Setting 73b87a84-4ef9-4e40-b1bc-c26461147602 on to de546bd5-f954-4194-9836-230bcaa8558d.
[2025-03-15 11:07:57] [INFO] [MovementSystem] Moved from [1, 7] to [1, 5]
[2025-03-15 11:07:57] [INFO] [SelectedTilePanel] Checksum updated, getting units at selected tiles.
[2025-03-15 11:07:57] [INFO] [SelectedTilePanel] Either no unit selected or more than one unit selected
[2025-03-15 11:07:59] [INFO] [TimeLinePanel] Started updating the timeline panel after turn order has changed.
[2025-03-15 11:07:59] [INFO] [TimeLinePanel] Finished updating the timeline panel after turn order has changed.
[2025-03-15 11:07:59] [INFO] [MovementSystem] Nadtb is planning to move from [4, 0] to [4, 0]
[2025-03-15 11:07:59] [INFO] [MovementSystem] Updated movement area for Nadtb
[2025-03-15 11:07:59] [INFO] [MovementSystem] Updated movement path for Nadtb
[2025-03-15 11:07:59] [INFO] [SelectedTilePanel] Checksum updated, getting units at selected tiles.
[2025-03-15 11:07:59] [INFO] [SelectedTilePanel] Either no unit selected or more than one unit selected
[2025-03-15 11:08:01] [INFO] [MovementSystem] Nadtb is planning to move from [4, 0] to [5, 1]
[2025-03-15 11:08:01] [INFO] [MovementSystem] Updated movement path for Nadtb
[2025-03-15 11:08:01] [INFO] [Component] Setting b6b4aaad-597a-4ca5-a8c7-6a162178cacd on to b67e6a4b-c086-4e03-be3b-ca604276b50c.
[2025-03-15 11:08:01] [INFO] [MovementSystem] Moved from [4, 0] to [5, 1]
[2025-03-15 11:08:02] [INFO] [SelectedTilePanel] Checksum updated, getting units at selected tiles.
[2025-03-15 11:08:02] [INFO] [SelectedTilePanel] Either no unit selected or more than one unit selected
[2025-03-15 11:08:05] [INFO] [SelectedTilePanel] Checksum updated, getting units at selected tiles.
[2025-03-15 11:08:05] [INFO] [SelectedTilePanel] Updated selected tile display to view Koiq
[2025-03-15 11:08:05] [INFO] [LesserStatisticsInformationPanel] Finished updating Greater UI
[2025-03-15 11:08:05] [INFO] [TimeLinePanel] Started updating the timeline panel after turn order has changed.
[2025-03-15 11:08:05] [INFO] [TimeLinePanel] Finished updating the timeline panel after turn order has changed.
[2025-03-15 11:08:08] [INFO] [Main] {
  "map.generation.zoom": 0.75,
  "map.generation.min.height": -10,
  "hovered.tiles": ["ded44452-e9a2-4fb1-9ab9-65cd0b183121"],
  "view_sprite_height": 96,
  "delta_time": 0.016561625,
  "map.generation.starting.camerra.height": 950,
  "spawn.placement.policy": "everywhere",
  "gameplay.water.level": 0,
  "statistics.panel.is.open": false,
  "automatically.go.to.home.controls": false,
  "camera_map": {
    "main_camera": {},
    "selection_camera": {}
  },
  "map.generation.starting.y": 0,
  "map.generation.base.level": 1,
  "map.generation.starting.x": 0,
  "show.heights": true,
  "hide.gameplay.ui": true,
  "tile.to.glide.to": "",
  "map.generation.max.height": 10,
  "selected.tiles.checksum": 913983052,
  "map.generation.base.terrain": "white_sands_2",
  "debug_mode_for_the_game_state": false,
  "movement.panel.is.open": false,
  "gameplay.rows": 10,
  "view_sprite_width": 96,
  "map.generation.starting.sprite.width": 96,
  "ability.panel.is.open": false,
  "gameplay.mode": "gameplay.mode.regular",
  "map.generation.structure.assets": ["tree4_structure"],
  "floating_text_map": {},
  "map.center.on.startup": true,
  "gameplay.columns": 10,
  "gameplay.water.asset": "water_liquid",
  "selected.tiles": ["a3757ef7-de2e-42b6-a199-4ea7ed99441c"],
  "map.generation.starting.camera.width": 1500,
  "should.end.the.turn": false,
  "selected_ability_from_ui": "",
  "map.generation.starting.sprite.height": 96,
  "map.generation.use.noise": true,
  "floating_text_font_size": 30,
  "map.generation.base.asset": "base_floor"
}
