[2025-04-17 09:00:13] [INFO] [UnitTable] Started initializing UnitTable
[2025-04-17 09:00:13] [INFO] [EmeritusDatabase] Started initializing EmeritusDatabase
[2025-04-17 09:00:13] [INFO] [EmeritusDatabase] Finished initializing EmeritusDatabase
[2025-04-17 09:00:13] [INFO] [UnitTable] Successfully initialized UnitTable
[2025-04-17 09:00:13] [INFO] [UnitTable] Finished initializing UnitTable
[2025-04-17 09:00:13] [INFO] [AbilityTable] Started initializing AbilityTable
[2025-04-17 09:00:13] [INFO] [AbilityTable] Finished initializing AbilityTable
[2025-04-17 09:00:13] [INFO] [UserSaveStateManager] Started loading user save data
[2025-04-17 09:00:13] [INFO] [UserSaveStateManager] Finished loading user save data
[2025-04-17 09:00:13] [INFO] [AssetPool] Started initializing AssetPool
[2025-04-17 09:00:13] [INFO] [AssetNameSpace] Started loading Sprite's from ./res/graphics
[2025-04-17 09:00:13] [INFO] [AssetNameSpace] Finished reading files for sprites
[2025-04-17 09:00:13] [INFO] [AssetNameSpace] Finished loading ./res/graphics
[2025-04-17 09:00:13] [INFO] [AssetPool] Finished initializing AssetPool
[2025-04-17 09:00:13] [INFO] [Component] Setting earth_dragon_Ousoio_87a9f71c-47c5-44f9-ba18-c488e48831e6 on to {"spawn_region":[],"collider":"","unit":"earth_dragon_Ousoio_87a9f71c-47c5-44f9-ba18-c488e48831e6","column":3,"row":3,"structure":"","height":0}.
[2025-04-17 09:00:13] [INFO] [SpeedQueue] Added unit enemy:Ousoio into queue
[2025-04-17 09:00:13] [INFO] [Component] Setting dragon_Yoviqu_b87cda38-4525-42bc-9d33-22e9741e9d7d on to {"spawn_region":[],"collider":"","unit":"dragon_Yoviqu_b87cda38-4525-42bc-9d33-22e9741e9d7d","column":7,"row":2,"structure":"","height":0}.
[2025-04-17 09:00:13] [INFO] [SpeedQueue] Added unit enemy:Yoviqu into queue
[2025-04-17 09:00:13] [INFO] [Component] Setting earth_dragon_Baio_5ab9b64c-1175-4937-86db-f1b9a06c26b9 on to {"spawn_region":[],"collider":"","unit":"earth_dragon_Baio_5ab9b64c-1175-4937-86db-f1b9a06c26b9","column":5,"row":0,"structure":"","height":0}.
[2025-04-17 09:00:13] [INFO] [SpeedQueue] Added unit enemy:Baio into queue
[2025-04-17 09:00:13] [INFO] [Component] Setting dragon_Zayosy_21c53f8d-8730-4160-a78f-ee120856e14e on to {"spawn_region":[],"collider":"","unit":"dragon_Zayosy_21c53f8d-8730-4160-a78f-ee120856e14e","column":1,"row":1,"structure":"","height":0}.
[2025-04-17 09:00:13] [INFO] [SpeedQueue] Added unit enemy:Zayosy into queue
[2025-04-17 09:00:13] [INFO] [Component] Setting earth_dragon_Nase_258c8866-63af-4663-a6ca-06f42bc5f8fe on to {"spawn_region":[],"collider":"","unit":"earth_dragon_Nase_258c8866-63af-4663-a6ca-06f42bc5f8fe","column":0,"row":2,"structure":"","height":0}.
[2025-04-17 09:00:13] [INFO] [SpeedQueue] Added unit user:Nase into queue
[2025-04-17 09:00:13] [INFO] [EngineController] Started setting scene to MENU_SCENE
[2025-04-17 09:00:14] [INFO] [EngineController] Finished setting scene to MENU_SCENE
[2025-04-17 09:00:14] [INFO] [EngineController] Started setting scene to MAP_EDITOR_SCENE
[2025-04-17 09:00:14] [INFO] [FontPool] Started initializing FontPool
[2025-04-17 09:00:14] [INFO] [FontPool] ✅ Successfully loaded font: Lilian
[2025-04-17 09:00:14] [INFO] [MapEditorScene] Starting to create new GameController!
[2025-04-17 09:00:14] [INFO] [MapEditorScene] Successfully created new GameController!
[2025-04-17 09:00:14] [INFO] [EngineController] Finished setting scene to MAP_EDITOR_SCENE
[2025-04-17 09:00:14] [INFO] [InputHandler] Gliding 0 camera to new tile 10_12_fd23cb98-bc0b-4131-92e0-37d30a6ce9f5
[2025-04-17 09:00:14] [INFO] [TimeLinePanel] Started updating the timeline panel after turn order has changed.
[2025-04-17 09:00:14] [INFO] [TimeLinePanel] Finished updating the timeline panel after turn order has changed.
[2025-04-17 09:00:14] [INFO] [SelectedTilePanel] Checksum updated, getting units at selected tiles.
[2025-04-17 09:00:14] [INFO] [SelectedTilePanel] Either no unit selected or more than one unit selected
[2025-04-17 09:00:14] [INFO] [VisualsSystem] Started creating blurred background
[2025-04-17 09:00:15] [INFO] [VisualsSystem] Finished creating blurred background after 0.4864724576473236 seconds
[2025-04-17 09:00:17] [INFO] [MapEditorScene] Updated hoveredTilePanes 1092,142
[2025-04-17 09:00:17] [INFO] [MapEditorScene] Updated hoveredTilePanes 1085,143
[2025-04-17 09:00:17] [INFO] [MapEditorScene] Updated hoveredTilePanes 1071,146
[2025-04-17 09:00:17] [INFO] [MapEditorScene] Updated hoveredTilePanes 1060,148
[2025-04-17 09:00:17] [INFO] [MapEditorScene] Updated hoveredTilePanes 1051,149
[2025-04-17 09:00:17] [INFO] [MapEditorScene] Updated hoveredTilePanes 1045,150
[2025-04-17 09:00:17] [INFO] [MapEditorScene] Updated hoveredTilePanes 1038,151
[2025-04-17 09:00:17] [INFO] [MapEditorScene] Updated hoveredTilePanes 1035,152
[2025-04-17 09:00:17] [INFO] [MapEditorScene] Updated hoveredTilePanes 1033,152
[2025-04-17 09:00:17] [INFO] [MapEditorScene] Updated hoveredTilePanes 1031,152
[2025-04-17 09:00:17] [INFO] [MapEditorScene] Updated hoveredTilePanes 1029,152
[2025-04-17 09:00:17] [INFO] [MapEditorScene] Updated hoveredTilePanes 1028,152
[2025-04-17 09:00:17] [INFO] [MapEditorScene] Updated hoveredTilePanes 1027,152
[2025-04-17 09:00:17] [INFO] [MapEditorScene] Updated hoveredTilePanes 1026,152
[2025-04-17 09:00:17] [INFO] [MapEditorScene] Updated hoveredTilePanes 1025,152
[2025-04-17 09:00:17] [INFO] [MapEditorScene] Updated hoveredTilePanes 1024,152
[2025-04-17 09:00:17] [INFO] [MapEditorScene] Updated hoveredTilePanes 1022,152
[2025-04-17 09:00:17] [INFO] [MapEditorScene] Updated hoveredTilePanes 1021,153
[2025-04-17 09:00:17] [INFO] [MapEditorScene] Updated hoveredTilePanes 1018,153
[2025-04-17 09:00:17] [INFO] [MapEditorScene] Updated hoveredTilePanes 1013,154
[2025-04-17 09:00:17] [INFO] [MapEditorScene] Updated hoveredTilePanes 1008,155
[2025-04-17 09:00:17] [INFO] [MapEditorScene] Updated hoveredTilePanes 1002,156
[2025-04-17 09:00:17] [INFO] [MapEditorScene] Updated hoveredTilePanes 995,158
[2025-04-17 09:00:17] [INFO] [MapEditorScene] Updated hoveredTilePanes 990,160
[2025-04-17 09:00:17] [INFO] [MapEditorScene] Updated hoveredTilePanes 979,163
[2025-04-17 09:00:17] [INFO] [MapEditorScene] Updated hoveredTilePanes 970,167
[2025-04-17 09:00:17] [INFO] [MapEditorScene] Updated hoveredTilePanes 961,169
[2025-04-17 09:00:17] [INFO] [MapEditorScene] Updated hoveredTilePanes 953,173
[2025-04-17 09:00:17] [INFO] [MapEditorScene] Updated hoveredTilePanes 942,177
[2025-04-17 09:00:17] [INFO] [MapEditorScene] Updated hoveredTilePanes 933,181
[2025-04-17 09:00:17] [INFO] [MapEditorScene] Updated hoveredTilePanes 919,187
[2025-04-17 09:00:17] [INFO] [MapEditorScene] Updated hoveredTilePanes 908,193
[2025-04-17 09:00:17] [INFO] [MapEditorScene] Updated hoveredTilePanes 892,201
[2025-04-17 09:00:17] [INFO] [MapEditorScene] Updated hoveredTilePanes 877,209
[2025-04-17 09:00:17] [INFO] [MapEditorScene] Updated hoveredTilePanes 862,220
[2025-04-17 09:00:17] [INFO] [MapEditorScene] Updated hoveredTilePanes 847,230
[2025-04-17 09:00:17] [INFO] [MapEditorScene] Updated hoveredTilePanes 833,242
[2025-04-17 09:00:17] [INFO] [MapEditorScene] Updated hoveredTilePanes 818,252
[2025-04-17 09:00:17] [INFO] [MapEditorScene] Updated hoveredTilePanes 804,264
[2025-04-17 09:00:17] [INFO] [MapEditorScene] Updated hoveredTilePanes 794,273
[2025-04-17 09:00:17] [INFO] [MapEditorScene] Updated hoveredTilePanes 789,275
[2025-04-17 09:00:17] [INFO] [MapEditorScene] Updated hoveredTilePanes 781,281
[2025-04-17 09:00:17] [INFO] [MapEditorScene] Updated hoveredTilePanes 777,284
[2025-04-17 09:00:17] [INFO] [MapEditorScene] Updated hoveredTilePanes 773,287
[2025-04-17 09:00:17] [INFO] [MapEditorScene] Updated hoveredTilePanes 771,287
[2025-04-17 09:00:17] [INFO] [MapEditorScene] Updated hoveredTilePanes 770,288
[2025-04-17 09:00:17] [INFO] [MapEditorScene] Updated hoveredTilePanes 769,288
[2025-04-17 09:00:17] [INFO] [MapEditorScene] Updated hoveredTilePanes 770,288
[2025-04-17 09:00:17] [INFO] [MapEditorScene] Updated hoveredTilePanes 772,288
[2025-04-17 09:00:17] [INFO] [MapEditorScene] Updated hoveredTilePanes 777,288
[2025-04-17 09:00:17] [INFO] [MapEditorScene] Updated hoveredTilePanes 780,288
[2025-04-17 09:00:17] [INFO] [MapEditorScene] Updated hoveredTilePanes 785,288
[2025-04-17 09:00:17] [INFO] [MapEditorScene] Updated hoveredTilePanes 788,289
[2025-04-17 09:00:17] [INFO] [MapEditorScene] Updated hoveredTilePanes 790,290
[2025-04-17 09:00:17] [INFO] [MapEditorScene] Updated hoveredTilePanes 791,292
[2025-04-17 09:00:17] [INFO] [MapEditorScene] Updated hoveredTilePanes 792,294
[2025-04-17 09:00:17] [INFO] [MapEditorScene] Updated hoveredTilePanes 794,296
[2025-04-17 09:00:17] [INFO] [MapEditorScene] Updated hoveredTilePanes 794,298
[2025-04-17 09:00:17] [INFO] [MapEditorScene] Updated hoveredTilePanes 794,300
[2025-04-17 09:00:17] [INFO] [MapEditorScene] Updated hoveredTilePanes 794,301
[2025-04-17 09:00:17] [INFO] [MapEditorScene] Updated hoveredTilePanes 794,303
[2025-04-17 09:00:17] [INFO] [MapEditorScene] Updated hoveredTilePanes 794,306
[2025-04-17 09:00:17] [INFO] [MapEditorScene] Updated hoveredTilePanes 794,309
[2025-04-17 09:00:17] [INFO] [MapEditorScene] Updated hoveredTilePanes 790,313
[2025-04-17 09:00:17] [INFO] [MapEditorScene] Updated hoveredTilePanes 786,317
[2025-04-17 09:00:17] [INFO] [MapEditorScene] Updated hoveredTilePanes 780,323
[2025-04-17 09:00:17] [INFO] [MapEditorScene] Updated hoveredTilePanes 772,329
[2025-04-17 09:00:17] [INFO] [MapEditorScene] Updated hoveredTilePanes 768,332
[2025-04-17 09:00:17] [INFO] [MapEditorScene] Updated hoveredTilePanes 761,337
[2025-04-17 09:00:17] [INFO] [MapEditorScene] Updated hoveredTilePanes 755,343
[2025-04-17 09:00:17] [INFO] [MapEditorScene] Updated hoveredTilePanes 749,348
[2025-04-17 09:00:17] [INFO] [MapEditorScene] Updated hoveredTilePanes 744,352
[2025-04-17 09:00:17] [INFO] [MapEditorScene] Updated hoveredTilePanes 739,355
[2025-04-17 09:00:17] [INFO] [MapEditorScene] Updated hoveredTilePanes 735,359
[2025-04-17 09:00:17] [INFO] [MapEditorScene] Updated hoveredTilePanes 731,362
[2025-04-17 09:00:17] [INFO] [MapEditorScene] Updated hoveredTilePanes 727,365
[2025-04-17 09:00:17] [INFO] [MapEditorScene] Updated hoveredTilePanes 724,368
[2025-04-17 09:00:17] [INFO] [MapEditorScene] Updated hoveredTilePanes 721,371
[2025-04-17 09:00:17] [INFO] [MapEditorScene] Updated hoveredTilePanes 718,375
[2025-04-17 09:00:17] [INFO] [MapEditorScene] Updated hoveredTilePanes 715,378
[2025-04-17 09:00:17] [INFO] [MapEditorScene] Updated hoveredTilePanes 712,381
[2025-04-17 09:00:17] [INFO] [MapEditorScene] Updated hoveredTilePanes 710,384
[2025-04-17 09:00:17] [INFO] [MapEditorScene] Updated hoveredTilePanes 709,386
[2025-04-17 09:00:17] [INFO] [MapEditorScene] Updated hoveredTilePanes 708,387
[2025-04-17 09:00:17] [INFO] [MapEditorScene] Updated hoveredTilePanes 706,389
[2025-04-17 09:00:17] [INFO] [MapEditorScene] Updated hoveredTilePanes 705,390
[2025-04-17 09:00:19] [INFO] [MapEditorScene] Updated hoveredTilePanes 706,390
[2025-04-17 09:00:19] [INFO] [MapEditorScene] Updated hoveredTilePanes 711,390
[2025-04-17 09:00:19] [INFO] [MapEditorScene] Updated hoveredTilePanes 716,389
[2025-04-17 09:00:19] [INFO] [MapEditorScene] Updated hoveredTilePanes 727,386
[2025-04-17 09:00:19] [INFO] [MapEditorScene] Updated hoveredTilePanes 734,384
[2025-04-17 09:00:19] [INFO] [MapEditorScene] Updated hoveredTilePanes 738,383
[2025-04-17 09:00:19] [INFO] [MapEditorScene] Updated hoveredTilePanes 752,380
[2025-04-17 09:00:19] [INFO] [MapEditorScene] Updated hoveredTilePanes 761,379
[2025-04-17 09:00:19] [INFO] [MapEditorScene] Updated hoveredTilePanes 772,377
[2025-04-17 09:00:19] [INFO] [MapEditorScene] Updated hoveredTilePanes 786,377
[2025-04-17 09:00:19] [INFO] [MapEditorScene] Updated hoveredTilePanes 800,376
[2025-04-17 09:00:19] [INFO] [MapEditorScene] Updated hoveredTilePanes 814,376
[2025-04-17 09:00:19] [INFO] [MapEditorScene] Updated hoveredTilePanes 825,376
[2025-04-17 09:00:19] [INFO] [MapEditorScene] Updated hoveredTilePanes 839,374
[2025-04-17 09:00:19] [INFO] [MapEditorScene] Updated hoveredTilePanes 850,374
[2025-04-17 09:00:19] [INFO] [MapEditorScene] Updated hoveredTilePanes 861,374
[2025-04-17 09:00:19] [INFO] [MapEditorScene] Updated hoveredTilePanes 866,374
[2025-04-17 09:00:19] [INFO] [MapEditorScene] Updated hoveredTilePanes 882,374
[2025-04-17 09:00:19] [INFO] [MapEditorScene] Updated hoveredTilePanes 887,374
[2025-04-17 09:00:19] [INFO] [MapEditorScene] Updated hoveredTilePanes 901,373
[2025-04-17 09:00:19] [INFO] [MapEditorScene] Updated hoveredTilePanes 910,373
[2025-04-17 09:00:19] [INFO] [MapEditorScene] Updated hoveredTilePanes 921,370
[2025-04-17 09:00:19] [INFO] [MapEditorScene] Updated hoveredTilePanes 932,369
[2025-04-17 09:00:19] [INFO] [MapEditorScene] Updated hoveredTilePanes 943,367
[2025-04-17 09:00:19] [INFO] [MapEditorScene] Updated hoveredTilePanes 954,364
[2025-04-17 09:00:19] [INFO] [MapEditorScene] Updated hoveredTilePanes 959,364
[2025-04-17 09:00:19] [INFO] [MapEditorScene] Updated hoveredTilePanes 968,363
[2025-04-17 09:00:19] [INFO] [MapEditorScene] Updated hoveredTilePanes 977,362
[2025-04-17 09:00:19] [INFO] [MapEditorScene] Updated hoveredTilePanes 983,361
[2025-04-17 09:00:19] [INFO] [MapEditorScene] Updated hoveredTilePanes 990,360
[2025-04-17 09:00:19] [INFO] [MapEditorScene] Updated hoveredTilePanes 995,359
[2025-04-17 09:00:19] [INFO] [MapEditorScene] Updated hoveredTilePanes 999,359
[2025-04-17 09:00:19] [INFO] [MapEditorScene] Updated hoveredTilePanes 1004,358
[2025-04-17 09:00:19] [INFO] [MapEditorScene] Updated hoveredTilePanes 1007,357
[2025-04-17 09:00:19] [INFO] [MapEditorScene] Updated hoveredTilePanes 1011,357
[2025-04-17 09:00:19] [INFO] [MapEditorScene] Updated hoveredTilePanes 1014,356
[2025-04-17 09:00:19] [INFO] [MapEditorScene] Updated hoveredTilePanes 1017,355
[2025-04-17 09:00:19] [INFO] [MapEditorScene] Updated hoveredTilePanes 1019,355
[2025-04-17 09:00:19] [INFO] [MapEditorScene] Updated hoveredTilePanes 1022,354
[2025-04-17 09:00:19] [INFO] [MapEditorScene] Updated hoveredTilePanes 1026,353
[2025-04-17 09:00:19] [INFO] [MapEditorScene] Updated hoveredTilePanes 1029,352
[2025-04-17 09:00:19] [INFO] [MapEditorScene] Updated hoveredTilePanes 1032,351
[2025-04-17 09:00:19] [INFO] [MapEditorScene] Updated hoveredTilePanes 1035,351
[2025-04-17 09:00:19] [INFO] [MapEditorScene] Updated hoveredTilePanes 1040,350
[2025-04-17 09:00:19] [INFO] [MapEditorScene] Updated hoveredTilePanes 1043,349
[2025-04-17 09:00:19] [INFO] [MapEditorScene] Updated hoveredTilePanes 1047,348
[2025-04-17 09:00:19] [INFO] [MapEditorScene] Updated hoveredTilePanes 1050,347
[2025-04-17 09:00:19] [INFO] [MapEditorScene] Updated hoveredTilePanes 1053,347
[2025-04-17 09:00:19] [INFO] [MapEditorScene] Updated hoveredTilePanes 1055,346
[2025-04-17 09:00:19] [INFO] [MapEditorScene] Updated hoveredTilePanes 1058,346
[2025-04-17 09:00:19] [INFO] [MapEditorScene] Updated hoveredTilePanes 1060,346
[2025-04-17 09:00:19] [INFO] [MapEditorScene] Updated hoveredTilePanes 1061,346
[2025-04-17 09:00:19] [INFO] [MapEditorScene] Updated hoveredTilePanes 1062,346
[2025-04-17 09:00:19] [INFO] [MapEditorScene] Updated hoveredTilePanes 1063,346
[2025-04-17 09:00:19] [INFO] [MapEditorScene] Updated hoveredTilePanes 1062,346
[2025-04-17 09:00:19] [INFO] [MapEditorScene] Updated hoveredTilePanes 1061,346
[2025-04-17 09:00:19] [INFO] [MapEditorScene] Updated hoveredTilePanes 1059,345
[2025-04-17 09:00:19] [INFO] [MapEditorScene] Updated hoveredTilePanes 1057,345
[2025-04-17 09:00:19] [INFO] [MapEditorScene] Updated hoveredTilePanes 1052,344
[2025-04-17 09:00:19] [INFO] [MapEditorScene] Updated hoveredTilePanes 1046,344
[2025-04-17 09:00:19] [INFO] [MapEditorScene] Updated hoveredTilePanes 1037,344
[2025-04-17 09:00:19] [INFO] [MapEditorScene] Updated hoveredTilePanes 1026,344
[2025-04-17 09:00:19] [INFO] [MapEditorScene] Updated hoveredTilePanes 1015,344
[2025-04-17 09:00:19] [INFO] [MapEditorScene] Updated hoveredTilePanes 1001,344
[2025-04-17 09:00:19] [INFO] [MapEditorScene] Updated hoveredTilePanes 996,344
[2025-04-17 09:00:19] [INFO] [MapEditorScene] Updated hoveredTilePanes 985,344
[2025-04-17 09:00:19] [INFO] [MapEditorScene] Updated hoveredTilePanes 978,344
[2025-04-17 09:00:19] [INFO] [MapEditorScene] Updated hoveredTilePanes 969,344
[2025-04-17 09:00:19] [INFO] [MapEditorScene] Updated hoveredTilePanes 965,345
[2025-04-17 09:00:19] [INFO] [MapEditorScene] Updated hoveredTilePanes 961,346
[2025-04-17 09:00:19] [INFO] [MapEditorScene] Updated hoveredTilePanes 958,347
[2025-04-17 09:00:19] [INFO] [MapEditorScene] Updated hoveredTilePanes 955,348
[2025-04-17 09:00:19] [INFO] [MapEditorScene] Updated hoveredTilePanes 954,348
[2025-04-17 09:00:19] [INFO] [MapEditorScene] Updated hoveredTilePanes 953,348
[2025-04-17 09:00:19] [INFO] [MapEditorScene] Updated hoveredTilePanes 951,349
[2025-04-17 09:00:19] [INFO] [MapEditorScene] Updated hoveredTilePanes 950,349
[2025-04-17 09:00:19] [INFO] [MapEditorScene] Updated hoveredTilePanes 949,349
[2025-04-17 09:00:19] [INFO] [MapEditorScene] Updated hoveredTilePanes 948,350
[2025-04-17 09:00:19] [INFO] [MapEditorScene] Updated hoveredTilePanes 947,350
[2025-04-17 09:00:19] [INFO] [MapEditorScene] Updated hoveredTilePanes 947,351
[2025-04-17 09:00:19] [INFO] [MapEditorScene] Updated hoveredTilePanes 947,352
[2025-04-17 09:00:19] [INFO] [MapEditorScene] Updated hoveredTilePanes 948,353
[2025-04-17 09:00:19] [INFO] [MapEditorScene] Updated hoveredTilePanes 952,354
[2025-04-17 09:00:19] [INFO] [MapEditorScene] Updated hoveredTilePanes 956,355
[2025-04-17 09:00:19] [INFO] [MapEditorScene] Updated hoveredTilePanes 963,357
[2025-04-17 09:00:19] [INFO] [MapEditorScene] Updated hoveredTilePanes 972,358
[2025-04-17 09:00:19] [INFO] [MapEditorScene] Updated hoveredTilePanes 983,359
[2025-04-17 09:00:19] [INFO] [MapEditorScene] Updated hoveredTilePanes 997,361
[2025-04-17 09:00:19] [INFO] [MapEditorScene] Updated hoveredTilePanes 1011,363
[2025-04-17 09:00:19] [INFO] [MapEditorScene] Updated hoveredTilePanes 1028,366
[2025-04-17 09:00:19] [INFO] [MapEditorScene] Updated hoveredTilePanes 1041,367
[2025-04-17 09:00:19] [INFO] [MapEditorScene] Updated hoveredTilePanes 1055,369
[2025-04-17 09:00:19] [INFO] [MapEditorScene] Updated hoveredTilePanes 1069,371
[2025-04-17 09:00:19] [INFO] [MapEditorScene] Updated hoveredTilePanes 1083,372
[2025-04-17 09:00:19] [INFO] [MapEditorScene] Updated hoveredTilePanes 1092,373
[2025-04-17 09:00:19] [INFO] [MapEditorScene] Updated hoveredTilePanes 1103,375
[2025-04-17 09:00:19] [INFO] [MapEditorScene] Updated hoveredTilePanes 1108,376
[2025-04-17 09:00:19] [INFO] [MapEditorScene] Updated hoveredTilePanes 1115,376
[2025-04-17 09:00:19] [INFO] [MapEditorScene] Updated hoveredTilePanes 1121,377
[2025-04-17 09:00:24] [INFO] [MapEditorScene] Updated hoveredTilePanes 1105,214
[2025-04-17 09:00:24] [INFO] [MapEditorScene] Updated hoveredTilePanes 1066,229
[2025-04-17 09:00:24] [INFO] [MapEditorScene] Updated hoveredTilePanes 1025,240
[2025-04-17 09:00:24] [INFO] [MapEditorScene] Updated hoveredTilePanes 988,252
[2025-04-17 09:00:24] [INFO] [MapEditorScene] Updated hoveredTilePanes 947,262
[2025-04-17 09:00:24] [INFO] [MapEditorScene] Updated hoveredTilePanes 930,267
[2025-04-17 09:00:24] [INFO] [MapEditorScene] Updated hoveredTilePanes 893,277
[2025-04-17 09:00:24] [INFO] [MapEditorScene] Updated hoveredTilePanes 861,286
[2025-04-17 09:00:24] [INFO] [MapEditorScene] Updated hoveredTilePanes 833,295
[2025-04-17 09:00:24] [INFO] [MapEditorScene] Updated hoveredTilePanes 805,301
[2025-04-17 09:00:24] [INFO] [MapEditorScene] Updated hoveredTilePanes 781,307
[2025-04-17 09:00:24] [INFO] [MapEditorScene] Updated hoveredTilePanes 761,313
[2025-04-17 09:00:24] [INFO] [MapEditorScene] Updated hoveredTilePanes 755,314
[2025-04-17 09:00:24] [INFO] [MapEditorScene] Updated hoveredTilePanes 741,318
[2025-04-17 09:00:24] [INFO] [MapEditorScene] Updated hoveredTilePanes 732,320
[2025-04-17 09:00:24] [INFO] [MapEditorScene] Updated hoveredTilePanes 723,322
[2025-04-17 09:00:24] [INFO] [MapEditorScene] Updated hoveredTilePanes 717,324
[2025-04-17 09:00:24] [INFO] [MapEditorScene] Updated hoveredTilePanes 712,324
[2025-04-17 09:00:24] [INFO] [MapEditorScene] Updated hoveredTilePanes 708,326
[2025-04-17 09:00:24] [INFO] [MapEditorScene] Updated hoveredTilePanes 705,327
[2025-04-17 09:00:24] [INFO] [MapEditorScene] Updated hoveredTilePanes 703,327
[2025-04-17 09:00:24] [INFO] [MapEditorScene] Updated hoveredTilePanes 702,328
[2025-04-17 09:00:24] [INFO] [MapEditorScene] Updated hoveredTilePanes 701,329
[2025-04-17 09:00:24] [INFO] [MapEditorScene] Updated hoveredTilePanes 700,329
[2025-04-17 09:00:24] [INFO] [MapEditorScene] Updated hoveredTilePanes 699,329
[2025-04-17 09:00:24] [INFO] [MapEditorScene] Updated hoveredTilePanes 699,330
[2025-04-17 09:00:24] [INFO] [MapEditorScene] Updated hoveredTilePanes 698,330
[2025-04-17 09:00:24] [INFO] [MapEditorScene] Updated hoveredTilePanes 697,331
[2025-04-17 09:00:24] [INFO] [MapEditorScene] Updated hoveredTilePanes 696,331
[2025-04-17 09:00:24] [INFO] [MapEditorScene] Updated hoveredTilePanes 695,331
[2025-04-17 09:00:24] [INFO] [MapEditorScene] Updated hoveredTilePanes 694,332
[2025-04-17 09:00:24] [INFO] [MapEditorScene] Updated hoveredTilePanes 692,333
[2025-04-17 09:00:24] [INFO] [MapEditorScene] Updated hoveredTilePanes 691,333
[2025-04-17 09:00:24] [INFO] [SelectedTilePanel] Checksum updated, getting units at selected tiles.
[2025-04-17 09:00:24] [INFO] [SelectedTilePanel] Either no unit selected or more than one unit selected
[2025-04-17 09:00:24] [INFO] [MapEditorScene] Updated hoveredTilePanes 691,336
[2025-04-17 09:00:24] [INFO] [MapEditorScene] Updated hoveredTilePanes 691,341
[2025-04-17 09:00:24] [INFO] [MapEditorScene] Updated hoveredTilePanes 689,347
[2025-04-17 09:00:24] [INFO] [MapEditorScene] Updated hoveredTilePanes 687,350
[2025-04-17 09:00:24] [INFO] [MapEditorScene] Updated hoveredTilePanes 684,356
[2025-04-17 09:00:24] [INFO] [MapEditorScene] Updated hoveredTilePanes 680,363
[2025-04-17 09:00:24] [INFO] [MapEditorScene] Updated hoveredTilePanes 679,368
[2025-04-17 09:00:24] [INFO] [MapEditorScene] Updated hoveredTilePanes 674,373
[2025-04-17 09:00:24] [INFO] [MapEditorScene] Updated hoveredTilePanes 671,377
[2025-04-17 09:00:24] [INFO] [MapEditorScene] Updated hoveredTilePanes 669,380
[2025-04-17 09:00:24] [INFO] [MapEditorScene] Updated hoveredTilePanes 666,382
[2025-04-17 09:00:24] [INFO] [MapEditorScene] Updated hoveredTilePanes 665,383
[2025-04-17 09:00:24] [INFO] [MapEditorScene] Updated hoveredTilePanes 664,384
[2025-04-17 09:00:24] [INFO] [MapEditorScene] Updated hoveredTilePanes 663,385
[2025-04-17 09:00:24] [INFO] [MapEditorScene] Updated hoveredTilePanes 663,386
[2025-04-17 09:00:24] [INFO] [MapEditorScene] Updated hoveredTilePanes 662,386
[2025-04-17 09:00:24] [INFO] [MapEditorScene] Updated hoveredTilePanes 662,387
[2025-04-17 09:00:24] [INFO] [SelectedTilePanel] Checksum updated, getting units at selected tiles.
[2025-04-17 09:00:24] [INFO] [SelectedTilePanel] Either no unit selected or more than one unit selected
[2025-04-17 09:00:25] [INFO] [MapEditorScene] Updated hoveredTilePanes 661,387
[2025-04-17 09:00:25] [INFO] [MapEditorScene] Updated hoveredTilePanes 659,387
[2025-04-17 09:00:25] [INFO] [MapEditorScene] Updated hoveredTilePanes 657,387
[2025-04-17 09:00:25] [INFO] [MapEditorScene] Updated hoveredTilePanes 654,387
[2025-04-17 09:00:25] [INFO] [MapEditorScene] Updated hoveredTilePanes 651,387
[2025-04-17 09:00:25] [INFO] [MapEditorScene] Updated hoveredTilePanes 644,387
[2025-04-17 09:00:25] [INFO] [MapEditorScene] Updated hoveredTilePanes 637,388
[2025-04-17 09:00:25] [INFO] [MapEditorScene] Updated hoveredTilePanes 631,388
[2025-04-17 09:00:25] [INFO] [MapEditorScene] Updated hoveredTilePanes 622,389
[2025-04-17 09:00:25] [INFO] [MapEditorScene] Updated hoveredTilePanes 615,390
[2025-04-17 09:00:25] [INFO] [MapEditorScene] Updated hoveredTilePanes 612,390
[2025-04-17 09:00:25] [INFO] [MapEditorScene] Updated hoveredTilePanes 605,391
[2025-04-17 09:00:25] [INFO] [MapEditorScene] Updated hoveredTilePanes 601,391
[2025-04-17 09:00:25] [INFO] [MapEditorScene] Updated hoveredTilePanes 598,392
[2025-04-17 09:00:25] [INFO] [MapEditorScene] Updated hoveredTilePanes 594,392
[2025-04-17 09:00:25] [INFO] [MapEditorScene] Updated hoveredTilePanes 593,393
[2025-04-17 09:00:25] [INFO] [MapEditorScene] Updated hoveredTilePanes 592,393
[2025-04-17 09:00:25] [INFO] [MapEditorScene] Updated hoveredTilePanes 591,393
[2025-04-17 09:00:25] [INFO] [MapEditorScene] Updated hoveredTilePanes 591,392
[2025-04-17 09:00:25] [INFO] [MapEditorScene] Updated hoveredTilePanes 591,391
[2025-04-17 09:00:25] [INFO] [MapEditorScene] Updated hoveredTilePanes 592,389
[2025-04-17 09:00:25] [INFO] [MapEditorScene] Updated hoveredTilePanes 592,388
[2025-04-17 09:00:25] [INFO] [MapEditorScene] Updated hoveredTilePanes 593,387
[2025-04-17 09:00:25] [INFO] [MapEditorScene] Updated hoveredTilePanes 593,386
[2025-04-17 09:00:25] [INFO] [MapEditorScene] Updated hoveredTilePanes 594,385
[2025-04-17 09:00:25] [INFO] [MapEditorScene] Updated hoveredTilePanes 594,384
[2025-04-17 09:00:25] [INFO] [MapEditorScene] Updated hoveredTilePanes 594,383
[2025-04-17 09:00:25] [INFO] [MapEditorScene] Updated hoveredTilePanes 594,382
[2025-04-17 09:00:25] [INFO] [MapEditorScene] Updated hoveredTilePanes 595,382
[2025-04-17 09:00:25] [INFO] [MapEditorScene] Updated hoveredTilePanes 595,381
[2025-04-17 09:00:25] [INFO] [MapEditorScene] Updated hoveredTilePanes 595,380
[2025-04-17 09:00:25] [INFO] [SelectedTilePanel] Checksum updated, getting units at selected tiles.
[2025-04-17 09:00:25] [INFO] [SelectedTilePanel] Either no unit selected or more than one unit selected
[2025-04-17 09:00:25] [INFO] [MapEditorScene] Updated hoveredTilePanes 595,381
[2025-04-17 09:00:25] [INFO] [MapEditorScene] Updated hoveredTilePanes 595,384
[2025-04-17 09:00:25] [INFO] [MapEditorScene] Updated hoveredTilePanes 595,388
[2025-04-17 09:00:25] [INFO] [MapEditorScene] Updated hoveredTilePanes 594,391
[2025-04-17 09:00:25] [INFO] [MapEditorScene] Updated hoveredTilePanes 593,396
[2025-04-17 09:00:25] [INFO] [MapEditorScene] Updated hoveredTilePanes 593,397
[2025-04-17 09:00:25] [INFO] [MapEditorScene] Updated hoveredTilePanes 592,402
[2025-04-17 09:00:25] [INFO] [MapEditorScene] Updated hoveredTilePanes 590,405
[2025-04-17 09:00:25] [INFO] [MapEditorScene] Updated hoveredTilePanes 589,408
[2025-04-17 09:00:25] [INFO] [MapEditorScene] Updated hoveredTilePanes 588,410
[2025-04-17 09:00:25] [INFO] [MapEditorScene] Updated hoveredTilePanes 587,412
[2025-04-17 09:00:25] [INFO] [MapEditorScene] Updated hoveredTilePanes 586,414
[2025-04-17 09:00:25] [INFO] [MapEditorScene] Updated hoveredTilePanes 585,415
[2025-04-17 09:00:25] [INFO] [MapEditorScene] Updated hoveredTilePanes 584,415
[2025-04-17 09:00:25] [INFO] [MapEditorScene] Updated hoveredTilePanes 583,415
[2025-04-17 09:00:25] [INFO] [MapEditorScene] Updated hoveredTilePanes 581,416
[2025-04-17 09:00:25] [INFO] [MapEditorScene] Updated hoveredTilePanes 580,416
[2025-04-17 09:00:25] [INFO] [MapEditorScene] Updated hoveredTilePanes 578,416
[2025-04-17 09:00:25] [INFO] [MapEditorScene] Updated hoveredTilePanes 576,417
[2025-04-17 09:00:25] [INFO] [MapEditorScene] Updated hoveredTilePanes 574,417
[2025-04-17 09:00:25] [INFO] [MapEditorScene] Updated hoveredTilePanes 572,417
[2025-04-17 09:00:25] [INFO] [MapEditorScene] Updated hoveredTilePanes 570,417
[2025-04-17 09:00:25] [INFO] [MapEditorScene] Updated hoveredTilePanes 568,417
[2025-04-17 09:00:25] [INFO] [MapEditorScene] Updated hoveredTilePanes 567,418
[2025-04-17 09:00:25] [INFO] [MapEditorScene] Updated hoveredTilePanes 566,418
[2025-04-17 09:00:25] [INFO] [MapEditorScene] Updated hoveredTilePanes 565,418
[2025-04-17 09:00:25] [INFO] [MapEditorScene] Updated hoveredTilePanes 564,418
[2025-04-17 09:00:26] [INFO] [MapEditorScene] Updated hoveredTilePanes 563,418
[2025-04-17 09:00:26] [INFO] [MapEditorScene] Updated hoveredTilePanes 563,419
[2025-04-17 09:00:26] [INFO] [SelectedTilePanel] Checksum updated, getting units at selected tiles.
[2025-04-17 09:00:26] [INFO] [SelectedTilePanel] Either no unit selected or more than one unit selected
[2025-04-17 09:00:26] [INFO] [MapEditorScene] Updated hoveredTilePanes 564,419
[2025-04-17 09:00:26] [INFO] [MapEditorScene] Updated hoveredTilePanes 567,419
[2025-04-17 09:00:26] [INFO] [MapEditorScene] Updated hoveredTilePanes 570,419
[2025-04-17 09:00:26] [INFO] [MapEditorScene] Updated hoveredTilePanes 574,419
[2025-04-17 09:00:26] [INFO] [MapEditorScene] Updated hoveredTilePanes 576,419
[2025-04-17 09:00:26] [INFO] [MapEditorScene] Updated hoveredTilePanes 581,419
[2025-04-17 09:00:26] [INFO] [MapEditorScene] Updated hoveredTilePanes 583,419
[2025-04-17 09:00:26] [INFO] [MapEditorScene] Updated hoveredTilePanes 585,419
[2025-04-17 09:00:26] [INFO] [MapEditorScene] Updated hoveredTilePanes 588,419
[2025-04-17 09:00:26] [INFO] [MapEditorScene] Updated hoveredTilePanes 590,419
[2025-04-17 09:00:26] [INFO] [MapEditorScene] Updated hoveredTilePanes 592,419
[2025-04-17 09:00:26] [INFO] [MapEditorScene] Updated hoveredTilePanes 593,419
[2025-04-17 09:00:26] [INFO] [MapEditorScene] Updated hoveredTilePanes 595,419
[2025-04-17 09:00:26] [INFO] [MapEditorScene] Updated hoveredTilePanes 596,419
[2025-04-17 09:00:26] [INFO] [MapEditorScene] Updated hoveredTilePanes 597,419
[2025-04-17 09:00:26] [INFO] [MapEditorScene] Updated hoveredTilePanes 597,420
[2025-04-17 09:00:26] [INFO] [MapEditorScene] Updated hoveredTilePanes 598,420
[2025-04-17 09:00:26] [INFO] [SelectedTilePanel] Checksum updated, getting units at selected tiles.
[2025-04-17 09:00:26] [INFO] [SelectedTilePanel] Either no unit selected or more than one unit selected
[2025-04-17 09:00:26] [INFO] [MapEditorScene] Updated hoveredTilePanes 600,420
[2025-04-17 09:00:26] [INFO] [MapEditorScene] Updated hoveredTilePanes 603,420
[2025-04-17 09:00:26] [INFO] [MapEditorScene] Updated hoveredTilePanes 606,420
[2025-04-17 09:00:26] [INFO] [MapEditorScene] Updated hoveredTilePanes 608,420
[2025-04-17 09:00:26] [INFO] [MapEditorScene] Updated hoveredTilePanes 611,420
[2025-04-17 09:00:26] [INFO] [MapEditorScene] Updated hoveredTilePanes 616,420
[2025-04-17 09:00:26] [INFO] [MapEditorScene] Updated hoveredTilePanes 618,420
[2025-04-17 09:00:26] [INFO] [MapEditorScene] Updated hoveredTilePanes 621,420
[2025-04-17 09:00:26] [INFO] [MapEditorScene] Updated hoveredTilePanes 622,420
[2025-04-17 09:00:26] [INFO] [MapEditorScene] Updated hoveredTilePanes 626,420
[2025-04-17 09:00:26] [INFO] [MapEditorScene] Updated hoveredTilePanes 628,420
[2025-04-17 09:00:26] [INFO] [MapEditorScene] Updated hoveredTilePanes 629,420
[2025-04-17 09:00:26] [INFO] [MapEditorScene] Updated hoveredTilePanes 630,420
[2025-04-17 09:00:26] [INFO] [MapEditorScene] Updated hoveredTilePanes 631,420
[2025-04-17 09:00:26] [INFO] [MapEditorScene] Updated hoveredTilePanes 632,420
[2025-04-17 09:00:26] [INFO] [MapEditorScene] Updated hoveredTilePanes 633,420
[2025-04-17 09:00:26] [INFO] [SelectedTilePanel] Checksum updated, getting units at selected tiles.
[2025-04-17 09:00:26] [INFO] [SelectedTilePanel] Either no unit selected or more than one unit selected
[2025-04-17 09:00:27] [INFO] [MapEditorScene] Updated hoveredTilePanes 634,420
[2025-04-17 09:00:27] [INFO] [MapEditorScene] Updated hoveredTilePanes 635,420
[2025-04-17 09:00:27] [INFO] [MapEditorScene] Updated hoveredTilePanes 636,420
[2025-04-17 09:00:27] [INFO] [MapEditorScene] Updated hoveredTilePanes 637,420
[2025-04-17 09:00:27] [INFO] [MapEditorScene] Updated hoveredTilePanes 638,420
[2025-04-17 09:00:27] [INFO] [MapEditorScene] Updated hoveredTilePanes 639,420
[2025-04-17 09:00:27] [INFO] [MapEditorScene] Updated hoveredTilePanes 640,421
[2025-04-17 09:00:27] [INFO] [MapEditorScene] Updated hoveredTilePanes 641,421
[2025-04-17 09:00:27] [INFO] [MapEditorScene] Updated hoveredTilePanes 642,422
[2025-04-17 09:00:27] [INFO] [MapEditorScene] Updated hoveredTilePanes 644,423
[2025-04-17 09:00:27] [INFO] [MapEditorScene] Updated hoveredTilePanes 646,423
[2025-04-17 09:00:27] [INFO] [MapEditorScene] Updated hoveredTilePanes 649,424
[2025-04-17 09:00:27] [INFO] [MapEditorScene] Updated hoveredTilePanes 651,425
[2025-04-17 09:00:27] [INFO] [MapEditorScene] Updated hoveredTilePanes 654,425
[2025-04-17 09:00:27] [INFO] [MapEditorScene] Updated hoveredTilePanes 657,427
[2025-04-17 09:00:27] [INFO] [MapEditorScene] Updated hoveredTilePanes 661,428
[2025-04-17 09:00:27] [INFO] [MapEditorScene] Updated hoveredTilePanes 666,429
[2025-04-17 09:00:27] [INFO] [MapEditorScene] Updated hoveredTilePanes 669,430
[2025-04-17 09:00:27] [INFO] [MapEditorScene] Updated hoveredTilePanes 671,431
[2025-04-17 09:00:27] [INFO] [MapEditorScene] Updated hoveredTilePanes 673,432
[2025-04-17 09:00:27] [INFO] [MapEditorScene] Updated hoveredTilePanes 674,433
[2025-04-17 09:00:27] [INFO] [MapEditorScene] Updated hoveredTilePanes 675,434
[2025-04-17 09:00:27] [INFO] [MapEditorScene] Updated hoveredTilePanes 676,434
[2025-04-17 09:00:27] [INFO] [MapEditorScene] Updated hoveredTilePanes 676,435
[2025-04-17 09:00:27] [INFO] [MapEditorScene] Updated hoveredTilePanes 677,435
[2025-04-17 09:00:27] [INFO] [SelectedTilePanel] Checksum updated, getting units at selected tiles.
[2025-04-17 09:00:27] [INFO] [SelectedTilePanel] Either no unit selected or more than one unit selected
[2025-04-17 09:00:28] [INFO] [MapEditorScene] Updated hoveredTilePanes 677,434
[2025-04-17 09:00:28] [INFO] [MapEditorScene] Updated hoveredTilePanes 677,433
[2025-04-17 09:00:28] [INFO] [MapEditorScene] Updated hoveredTilePanes 677,432
[2025-04-17 09:00:28] [INFO] [MapEditorScene] Updated hoveredTilePanes 677,430
[2025-04-17 09:00:28] [INFO] [MapEditorScene] Updated hoveredTilePanes 677,429
[2025-04-17 09:00:28] [INFO] [MapEditorScene] Updated hoveredTilePanes 677,427
[2025-04-17 09:00:28] [INFO] [MapEditorScene] Updated hoveredTilePanes 677,424
[2025-04-17 09:00:28] [INFO] [MapEditorScene] Updated hoveredTilePanes 677,423
[2025-04-17 09:00:28] [INFO] [MapEditorScene] Updated hoveredTilePanes 677,422
[2025-04-17 09:00:28] [INFO] [MapEditorScene] Updated hoveredTilePanes 677,420
[2025-04-17 09:00:28] [INFO] [MapEditorScene] Updated hoveredTilePanes 677,419
[2025-04-17 09:00:28] [INFO] [MapEditorScene] Updated hoveredTilePanes 677,418
[2025-04-17 09:00:28] [INFO] [MapEditorScene] Updated hoveredTilePanes 677,417
[2025-04-17 09:00:28] [INFO] [MapEditorScene] Updated hoveredTilePanes 677,416
[2025-04-17 09:00:28] [INFO] [MapEditorScene] Updated hoveredTilePanes 677,415
[2025-04-17 09:00:28] [INFO] [MapEditorScene] Updated hoveredTilePanes 677,414
[2025-04-17 09:00:28] [INFO] [MapEditorScene] Updated hoveredTilePanes 677,413
[2025-04-17 09:00:28] [INFO] [MapEditorScene] Updated hoveredTilePanes 677,412
[2025-04-17 09:00:28] [INFO] [MapEditorScene] Updated hoveredTilePanes 677,410
[2025-04-17 09:00:28] [INFO] [MapEditorScene] Updated hoveredTilePanes 677,409
[2025-04-17 09:00:28] [INFO] [MapEditorScene] Updated hoveredTilePanes 677,408
[2025-04-17 09:00:28] [INFO] [MapEditorScene] Updated hoveredTilePanes 677,407
[2025-04-17 09:00:28] [INFO] [MapEditorScene] Updated hoveredTilePanes 677,406
[2025-04-17 09:00:28] [INFO] [MapEditorScene] Updated hoveredTilePanes 677,405
[2025-04-17 09:00:28] [INFO] [MapEditorScene] Updated hoveredTilePanes 677,404
[2025-04-17 09:00:28] [INFO] [MapEditorScene] Updated hoveredTilePanes 677,403
[2025-04-17 09:00:28] [INFO] [MapEditorScene] Updated hoveredTilePanes 677,402
[2025-04-17 09:00:28] [INFO] [MapEditorScene] Updated hoveredTilePanes 677,401
[2025-04-17 09:00:28] [INFO] [MapEditorScene] Updated hoveredTilePanes 677,400
[2025-04-17 09:00:28] [INFO] [MapEditorScene] Updated hoveredTilePanes 677,399
[2025-04-17 09:00:28] [INFO] [MapEditorScene] Updated hoveredTilePanes 677,398
[2025-04-17 09:00:28] [INFO] [MapEditorScene] Updated hoveredTilePanes 677,397
[2025-04-17 09:00:28] [INFO] [MapEditorScene] Updated hoveredTilePanes 677,395
[2025-04-17 09:00:28] [INFO] [MapEditorScene] Updated hoveredTilePanes 677,394
[2025-04-17 09:00:28] [INFO] [MapEditorScene] Updated hoveredTilePanes 677,393
[2025-04-17 09:00:28] [INFO] [MapEditorScene] Updated hoveredTilePanes 677,392
[2025-04-17 09:00:28] [INFO] [MapEditorScene] Updated hoveredTilePanes 677,391
[2025-04-17 09:00:28] [INFO] [MapEditorScene] Updated hoveredTilePanes 677,390
[2025-04-17 09:00:28] [INFO] [MapEditorScene] Updated hoveredTilePanes 677,389
[2025-04-17 09:00:29] [INFO] [MapEditorScene] Updated hoveredTilePanes 677,388
[2025-04-17 09:00:29] [INFO] [MapEditorScene] Updated hoveredTilePanes 677,387
[2025-04-17 09:00:29] [INFO] [MapEditorScene] Updated hoveredTilePanes 677,386
[2025-04-17 09:00:29] [INFO] [MapEditorScene] Updated hoveredTilePanes 677,385
[2025-04-17 09:00:29] [INFO] [MapEditorScene] Updated hoveredTilePanes 677,384
[2025-04-17 09:00:29] [INFO] [MapEditorScene] Updated hoveredTilePanes 677,383
[2025-04-17 09:00:29] [INFO] [MapEditorScene] Updated hoveredTilePanes 677,382
[2025-04-17 09:00:29] [INFO] [SelectedTilePanel] Checksum updated, getting units at selected tiles.
[2025-04-17 09:00:29] [INFO] [SelectedTilePanel] Either no unit selected or more than one unit selected
[2025-04-17 09:00:29] [INFO] [MapEditorScene] Updated hoveredTilePanes 677,383
[2025-04-17 09:00:29] [INFO] [MapEditorScene] Updated hoveredTilePanes 674,386
[2025-04-17 09:00:29] [INFO] [MapEditorScene] Updated hoveredTilePanes 668,396
[2025-04-17 09:00:29] [INFO] [MapEditorScene] Updated hoveredTilePanes 663,404
[2025-04-17 09:00:29] [INFO] [MapEditorScene] Updated hoveredTilePanes 660,408
[2025-04-17 09:00:29] [INFO] [MapEditorScene] Updated hoveredTilePanes 654,416
[2025-04-17 09:00:29] [INFO] [MapEditorScene] Updated hoveredTilePanes 653,419
[2025-04-17 09:00:29] [INFO] [MapEditorScene] Updated hoveredTilePanes 651,424
[2025-04-17 09:00:29] [INFO] [MapEditorScene] Updated hoveredTilePanes 648,428
[2025-04-17 09:00:29] [INFO] [MapEditorScene] Updated hoveredTilePanes 645,432
[2025-04-17 09:00:29] [INFO] [MapEditorScene] Updated hoveredTilePanes 643,434
[2025-04-17 09:00:29] [INFO] [MapEditorScene] Updated hoveredTilePanes 642,436
[2025-04-17 09:00:29] [INFO] [MapEditorScene] Updated hoveredTilePanes 641,437
[2025-04-17 09:00:29] [INFO] [MapEditorScene] Updated hoveredTilePanes 640,437
[2025-04-17 09:00:29] [INFO] [MapEditorScene] Updated hoveredTilePanes 639,438
[2025-04-17 09:00:29] [INFO] [SelectedTilePanel] Checksum updated, getting units at selected tiles.
[2025-04-17 09:00:29] [INFO] [SelectedTilePanel] Either no unit selected or more than one unit selected
[2025-04-17 09:00:29] [INFO] [MapEditorScene] Updated hoveredTilePanes 639,437
[2025-04-17 09:00:29] [INFO] [MapEditorScene] Updated hoveredTilePanes 639,436
[2025-04-17 09:00:29] [INFO] [MapEditorScene] Updated hoveredTilePanes 639,434
[2025-04-17 09:00:29] [INFO] [MapEditorScene] Updated hoveredTilePanes 639,432
[2025-04-17 09:00:29] [INFO] [MapEditorScene] Updated hoveredTilePanes 639,430
[2025-04-17 09:00:29] [INFO] [MapEditorScene] Updated hoveredTilePanes 639,427
[2025-04-17 09:00:29] [INFO] [MapEditorScene] Updated hoveredTilePanes 639,425
[2025-04-17 09:00:29] [INFO] [MapEditorScene] Updated hoveredTilePanes 639,422
[2025-04-17 09:00:29] [INFO] [MapEditorScene] Updated hoveredTilePanes 639,419
[2025-04-17 09:00:29] [INFO] [MapEditorScene] Updated hoveredTilePanes 639,415
[2025-04-17 09:00:29] [INFO] [MapEditorScene] Updated hoveredTilePanes 639,412
[2025-04-17 09:00:29] [INFO] [MapEditorScene] Updated hoveredTilePanes 639,411
[2025-04-17 09:00:29] [INFO] [MapEditorScene] Updated hoveredTilePanes 639,408
[2025-04-17 09:00:29] [INFO] [MapEditorScene] Updated hoveredTilePanes 639,406
[2025-04-17 09:00:29] [INFO] [MapEditorScene] Updated hoveredTilePanes 639,404
[2025-04-17 09:00:29] [INFO] [MapEditorScene] Updated hoveredTilePanes 639,402
[2025-04-17 09:00:29] [INFO] [MapEditorScene] Updated hoveredTilePanes 639,401
[2025-04-17 09:00:29] [INFO] [MapEditorScene] Updated hoveredTilePanes 639,399
[2025-04-17 09:00:29] [INFO] [MapEditorScene] Updated hoveredTilePanes 639,398
[2025-04-17 09:00:29] [INFO] [MapEditorScene] Updated hoveredTilePanes 639,397
[2025-04-17 09:00:29] [INFO] [MapEditorScene] Updated hoveredTilePanes 639,396
[2025-04-17 09:00:29] [INFO] [MapEditorScene] Updated hoveredTilePanes 640,396
[2025-04-17 09:00:29] [INFO] [MapEditorScene] Updated hoveredTilePanes 640,395
[2025-04-17 09:00:29] [INFO] [MapEditorScene] Updated hoveredTilePanes 641,395
[2025-04-17 09:00:30] [INFO] [SelectedTilePanel] Checksum updated, getting units at selected tiles.
[2025-04-17 09:00:30] [INFO] [SelectedTilePanel] Either no unit selected or more than one unit selected
[2025-04-17 09:00:30] [INFO] [MapEditorScene] Updated hoveredTilePanes 645,395
[2025-04-17 09:00:30] [INFO] [MapEditorScene] Updated hoveredTilePanes 649,395
[2025-04-17 09:00:30] [INFO] [MapEditorScene] Updated hoveredTilePanes 651,395
[2025-04-17 09:00:30] [INFO] [MapEditorScene] Updated hoveredTilePanes 658,395
[2025-04-17 09:00:30] [INFO] [MapEditorScene] Updated hoveredTilePanes 665,395
[2025-04-17 09:00:30] [INFO] [MapEditorScene] Updated hoveredTilePanes 671,395
[2025-04-17 09:00:30] [INFO] [MapEditorScene] Updated hoveredTilePanes 678,395
[2025-04-17 09:00:30] [INFO] [MapEditorScene] Updated hoveredTilePanes 680,395
[2025-04-17 09:00:30] [INFO] [MapEditorScene] Updated hoveredTilePanes 685,395
[2025-04-17 09:00:30] [INFO] [MapEditorScene] Updated hoveredTilePanes 689,395
[2025-04-17 09:00:30] [INFO] [MapEditorScene] Updated hoveredTilePanes 691,395
[2025-04-17 09:00:30] [INFO] [MapEditorScene] Updated hoveredTilePanes 695,395
[2025-04-17 09:00:30] [INFO] [MapEditorScene] Updated hoveredTilePanes 696,395
[2025-04-17 09:00:30] [INFO] [SelectedTilePanel] Checksum updated, getting units at selected tiles.
[2025-04-17 09:00:30] [INFO] [SelectedTilePanel] Either no unit selected or more than one unit selected
[2025-04-17 09:00:30] [INFO] [MapEditorScene] Updated hoveredTilePanes 697,395
[2025-04-17 09:00:30] [INFO] [MapEditorScene] Updated hoveredTilePanes 697,397
[2025-04-17 09:00:30] [INFO] [MapEditorScene] Updated hoveredTilePanes 698,398
[2025-04-17 09:00:30] [INFO] [MapEditorScene] Updated hoveredTilePanes 700,399
[2025-04-17 09:00:30] [INFO] [MapEditorScene] Updated hoveredTilePanes 702,400
[2025-04-17 09:00:30] [INFO] [MapEditorScene] Updated hoveredTilePanes 704,402
[2025-04-17 09:00:30] [INFO] [MapEditorScene] Updated hoveredTilePanes 706,403
[2025-04-17 09:00:30] [INFO] [MapEditorScene] Updated hoveredTilePanes 708,404
[2025-04-17 09:00:30] [INFO] [MapEditorScene] Updated hoveredTilePanes 709,406
[2025-04-17 09:00:30] [INFO] [MapEditorScene] Updated hoveredTilePanes 711,409
[2025-04-17 09:00:30] [INFO] [MapEditorScene] Updated hoveredTilePanes 712,410
[2025-04-17 09:00:30] [INFO] [MapEditorScene] Updated hoveredTilePanes 713,412
[2025-04-17 09:00:30] [INFO] [MapEditorScene] Updated hoveredTilePanes 715,414
[2025-04-17 09:00:30] [INFO] [MapEditorScene] Updated hoveredTilePanes 716,416
[2025-04-17 09:00:30] [INFO] [MapEditorScene] Updated hoveredTilePanes 717,418
[2025-04-17 09:00:30] [INFO] [MapEditorScene] Updated hoveredTilePanes 717,419
[2025-04-17 09:00:30] [INFO] [MapEditorScene] Updated hoveredTilePanes 718,421
[2025-04-17 09:00:30] [INFO] [MapEditorScene] Updated hoveredTilePanes 719,423
[2025-04-17 09:00:30] [INFO] [MapEditorScene] Updated hoveredTilePanes 720,425
[2025-04-17 09:00:30] [INFO] [MapEditorScene] Updated hoveredTilePanes 721,427
[2025-04-17 09:00:30] [INFO] [MapEditorScene] Updated hoveredTilePanes 721,429
[2025-04-17 09:00:30] [INFO] [MapEditorScene] Updated hoveredTilePanes 723,431
[2025-04-17 09:00:30] [INFO] [MapEditorScene] Updated hoveredTilePanes 723,434
[2025-04-17 09:00:30] [INFO] [MapEditorScene] Updated hoveredTilePanes 725,436
[2025-04-17 09:00:30] [INFO] [MapEditorScene] Updated hoveredTilePanes 725,438
[2025-04-17 09:00:30] [INFO] [MapEditorScene] Updated hoveredTilePanes 727,440
[2025-04-17 09:00:30] [INFO] [MapEditorScene] Updated hoveredTilePanes 727,442
[2025-04-17 09:00:30] [INFO] [MapEditorScene] Updated hoveredTilePanes 728,444
[2025-04-17 09:00:30] [INFO] [MapEditorScene] Updated hoveredTilePanes 729,445
[2025-04-17 09:00:30] [INFO] [MapEditorScene] Updated hoveredTilePanes 729,447
[2025-04-17 09:00:30] [INFO] [MapEditorScene] Updated hoveredTilePanes 730,449
[2025-04-17 09:00:30] [INFO] [MapEditorScene] Updated hoveredTilePanes 731,451
[2025-04-17 09:00:30] [INFO] [MapEditorScene] Updated hoveredTilePanes 731,452
[2025-04-17 09:00:30] [INFO] [MapEditorScene] Updated hoveredTilePanes 732,453
[2025-04-17 09:00:30] [INFO] [MapEditorScene] Updated hoveredTilePanes 732,454
[2025-04-17 09:00:30] [INFO] [MapEditorScene] Updated hoveredTilePanes 732,455
[2025-04-17 09:00:30] [INFO] [MapEditorScene] Updated hoveredTilePanes 732,456
[2025-04-17 09:00:30] [INFO] [MapEditorScene] Updated hoveredTilePanes 733,457
[2025-04-17 09:00:30] [INFO] [MapEditorScene] Updated hoveredTilePanes 733,458
[2025-04-17 09:00:30] [INFO] [MapEditorScene] Updated hoveredTilePanes 733,459
[2025-04-17 09:00:30] [INFO] [SelectedTilePanel] Checksum updated, getting units at selected tiles.
[2025-04-17 09:00:30] [INFO] [SelectedTilePanel] Either no unit selected or more than one unit selected
[2025-04-17 09:00:31] [INFO] [MapEditorScene] Updated hoveredTilePanes 732,459
[2025-04-17 09:00:31] [INFO] [MapEditorScene] Updated hoveredTilePanes 731,459
[2025-04-17 09:00:31] [INFO] [MapEditorScene] Updated hoveredTilePanes 728,459
[2025-04-17 09:00:31] [INFO] [MapEditorScene] Updated hoveredTilePanes 721,461
[2025-04-17 09:00:31] [INFO] [MapEditorScene] Updated hoveredTilePanes 716,461
[2025-04-17 09:00:31] [INFO] [MapEditorScene] Updated hoveredTilePanes 714,461
[2025-04-17 09:00:31] [INFO] [MapEditorScene] Updated hoveredTilePanes 708,461
[2025-04-17 09:00:31] [INFO] [MapEditorScene] Updated hoveredTilePanes 704,462
[2025-04-17 09:00:31] [INFO] [MapEditorScene] Updated hoveredTilePanes 700,462
[2025-04-17 09:00:31] [INFO] [MapEditorScene] Updated hoveredTilePanes 696,462
[2025-04-17 09:00:31] [INFO] [MapEditorScene] Updated hoveredTilePanes 693,462
[2025-04-17 09:00:31] [INFO] [MapEditorScene] Updated hoveredTilePanes 691,462
[2025-04-17 09:00:31] [INFO] [MapEditorScene] Updated hoveredTilePanes 689,462
[2025-04-17 09:00:31] [INFO] [MapEditorScene] Updated hoveredTilePanes 688,462
[2025-04-17 09:00:31] [INFO] [MapEditorScene] Updated hoveredTilePanes 687,462
[2025-04-17 09:00:31] [INFO] [SelectedTilePanel] Checksum updated, getting units at selected tiles.
[2025-04-17 09:00:31] [INFO] [SelectedTilePanel] Either no unit selected or more than one unit selected
[2025-04-17 09:00:31] [INFO] [MapEditorScene] Updated hoveredTilePanes 683,472
[2025-04-17 09:00:31] [INFO] [MapEditorScene] Updated hoveredTilePanes 677,482
[2025-04-17 09:00:31] [INFO] [MapEditorScene] Updated hoveredTilePanes 669,494
[2025-04-17 09:00:31] [INFO] [MapEditorScene] Updated hoveredTilePanes 664,504
[2025-04-17 09:00:31] [INFO] [MapEditorScene] Updated hoveredTilePanes 654,519
[2025-04-17 09:00:31] [INFO] [MapEditorScene] Updated hoveredTilePanes 643,533
[2025-04-17 09:00:31] [INFO] [MapEditorScene] Updated hoveredTilePanes 588,590
[2025-04-17 09:00:31] [INFO] [MapEditorScene] Updated hoveredTilePanes 585,591
[2025-04-17 09:00:31] [INFO] [MapEditorScene] Updated hoveredTilePanes 583,593
[2025-04-17 09:00:31] [INFO] [MapEditorScene] Updated hoveredTilePanes 582,593
[2025-04-17 09:00:31] [INFO] [MapEditorScene] Updated hoveredTilePanes 581,594
[2025-04-17 09:00:31] [INFO] [MapEditorScene] Updated hoveredTilePanes 580,594
[2025-04-17 09:00:32] [INFO] [SelectedTilePanel] Checksum updated, getting units at selected tiles.
[2025-04-17 09:00:32] [INFO] [SelectedTilePanel] Either no unit selected or more than one unit selected
[2025-04-17 09:00:32] [INFO] [MapEditorScene] Updated hoveredTilePanes 579,594
[2025-04-17 09:00:32] [INFO] [MapEditorScene] Updated hoveredTilePanes 576,594
[2025-04-17 09:00:32] [INFO] [MapEditorScene] Updated hoveredTilePanes 567,594
[2025-04-17 09:00:32] [INFO] [MapEditorScene] Updated hoveredTilePanes 556,594
[2025-04-17 09:00:32] [INFO] [MapEditorScene] Updated hoveredTilePanes 542,594
[2025-04-17 09:00:32] [INFO] [MapEditorScene] Updated hoveredTilePanes 528,597
[2025-04-17 09:00:32] [INFO] [MapEditorScene] Updated hoveredTilePanes 511,601
[2025-04-17 09:00:32] [INFO] [MapEditorScene] Updated hoveredTilePanes 494,604
[2025-04-17 09:00:32] [INFO] [MapEditorScene] Updated hoveredTilePanes 478,606
[2025-04-17 09:00:32] [INFO] [MapEditorScene] Updated hoveredTilePanes 454,612
[2025-04-17 09:00:32] [INFO] [MapEditorScene] Updated hoveredTilePanes 437,614
[2025-04-17 09:00:32] [INFO] [MapEditorScene] Updated hoveredTilePanes 420,617
[2025-04-17 09:00:32] [INFO] [MapEditorScene] Updated hoveredTilePanes 403,619
[2025-04-17 09:00:32] [INFO] [MapEditorScene] Updated hoveredTilePanes 398,619
[2025-04-17 09:00:32] [INFO] [MapEditorScene] Updated hoveredTilePanes 389,620
[2025-04-17 09:00:32] [INFO] [MapEditorScene] Updated hoveredTilePanes 383,621
[2025-04-17 09:00:32] [INFO] [MapEditorScene] Updated hoveredTilePanes 379,621
[2025-04-17 09:00:32] [INFO] [MapEditorScene] Updated hoveredTilePanes 376,621
[2025-04-17 09:00:32] [INFO] [MapEditorScene] Updated hoveredTilePanes 375,621
[2025-04-17 09:00:32] [INFO] [MapEditorScene] Updated hoveredTilePanes 374,621
[2025-04-17 09:00:32] [INFO] [SelectedTilePanel] Checksum updated, getting units at selected tiles.
[2025-04-17 09:00:32] [INFO] [SelectedTilePanel] Either no unit selected or more than one unit selected
[2025-04-17 09:00:33] [INFO] [MapEditorScene] Updated hoveredTilePanes 375,621
[2025-04-17 09:00:33] [INFO] [MapEditorScene] Updated hoveredTilePanes 376,620
[2025-04-17 09:00:33] [INFO] [MapEditorScene] Updated hoveredTilePanes 379,619
[2025-04-17 09:00:33] [INFO] [MapEditorScene] Updated hoveredTilePanes 383,616
[2025-04-17 09:00:33] [INFO] [MapEditorScene] Updated hoveredTilePanes 387,613
[2025-04-17 09:00:33] [INFO] [MapEditorScene] Updated hoveredTilePanes 392,610
[2025-04-17 09:00:33] [INFO] [MapEditorScene] Updated hoveredTilePanes 398,607
[2025-04-17 09:00:33] [INFO] [MapEditorScene] Updated hoveredTilePanes 406,602
[2025-04-17 09:00:33] [INFO] [MapEditorScene] Updated hoveredTilePanes 414,598
[2025-04-17 09:00:33] [INFO] [MapEditorScene] Updated hoveredTilePanes 422,593
[2025-04-17 09:00:33] [INFO] [MapEditorScene] Updated hoveredTilePanes 425,591
[2025-04-17 09:00:33] [INFO] [MapEditorScene] Updated hoveredTilePanes 432,588
[2025-04-17 09:00:33] [INFO] [MapEditorScene] Updated hoveredTilePanes 438,586
[2025-04-17 09:00:33] [INFO] [MapEditorScene] Updated hoveredTilePanes 443,584
[2025-04-17 09:00:33] [INFO] [MapEditorScene] Updated hoveredTilePanes 446,582
[2025-04-17 09:00:33] [INFO] [MapEditorScene] Updated hoveredTilePanes 451,580
[2025-04-17 09:00:33] [INFO] [MapEditorScene] Updated hoveredTilePanes 454,579
[2025-04-17 09:00:33] [INFO] [MapEditorScene] Updated hoveredTilePanes 458,577
[2025-04-17 09:00:33] [INFO] [MapEditorScene] Updated hoveredTilePanes 460,576
[2025-04-17 09:00:33] [INFO] [MapEditorScene] Updated hoveredTilePanes 462,575
[2025-04-17 09:00:33] [INFO] [MapEditorScene] Updated hoveredTilePanes 463,575
[2025-04-17 09:00:33] [INFO] [MapEditorScene] Updated hoveredTilePanes 464,573
[2025-04-17 09:00:33] [INFO] [MapEditorScene] Updated hoveredTilePanes 465,573
[2025-04-17 09:00:33] [INFO] [SelectedTilePanel] Checksum updated, getting units at selected tiles.
[2025-04-17 09:00:33] [INFO] [SelectedTilePanel] Either no unit selected or more than one unit selected
[2025-04-17 09:00:33] [INFO] [MapEditorScene] Updated hoveredTilePanes 461,573
[2025-04-17 09:00:33] [INFO] [MapEditorScene] Updated hoveredTilePanes 459,573
[2025-04-17 09:00:33] [INFO] [MapEditorScene] Updated hoveredTilePanes 456,573
[2025-04-17 09:00:33] [INFO] [MapEditorScene] Updated hoveredTilePanes 454,573
[2025-04-17 09:00:33] [INFO] [MapEditorScene] Updated hoveredTilePanes 452,573
[2025-04-17 09:00:33] [INFO] [MapEditorScene] Updated hoveredTilePanes 451,573
[2025-04-17 09:00:34] [INFO] [MapEditorScene] Updated hoveredTilePanes 452,573
[2025-04-17 09:00:34] [INFO] [MapEditorScene] Updated hoveredTilePanes 463,573
[2025-04-17 09:00:34] [INFO] [MapEditorScene] Updated hoveredTilePanes 470,570
[2025-04-17 09:00:34] [INFO] [MapEditorScene] Updated hoveredTilePanes 497,562
[2025-04-17 09:00:34] [INFO] [MapEditorScene] Updated hoveredTilePanes 525,551
[2025-04-17 09:00:34] [INFO] [MapEditorScene] Updated hoveredTilePanes 562,539
[2025-04-17 09:00:34] [INFO] [MapEditorScene] Updated hoveredTilePanes 611,519
[2025-04-17 09:00:34] [INFO] [MapEditorScene] Updated hoveredTilePanes 655,500
[2025-04-17 09:00:34] [INFO] [MapEditorScene] Updated hoveredTilePanes 710,478
[2025-04-17 09:00:34] [INFO] [MapEditorScene] Updated hoveredTilePanes 759,458
[2025-04-17 09:00:34] [INFO] [MapEditorScene] Updated hoveredTilePanes 811,440
[2025-04-17 09:00:34] [INFO] [MapEditorScene] Updated hoveredTilePanes 830,431
[2025-04-17 09:00:34] [INFO] [MapEditorScene] Updated hoveredTilePanes 879,414
[2025-04-17 09:00:34] [INFO] [MapEditorScene] Updated hoveredTilePanes 918,396
[2025-04-17 09:00:34] [INFO] [MapEditorScene] Updated hoveredTilePanes 957,380
[2025-04-17 09:00:34] [INFO] [MapEditorScene] Updated hoveredTilePanes 991,365
[2025-04-17 09:00:34] [INFO] [MapEditorScene] Updated hoveredTilePanes 1017,353
[2025-04-17 09:00:34] [INFO] [MapEditorScene] Updated hoveredTilePanes 1042,342
[2025-04-17 09:00:34] [INFO] [MapEditorScene] Updated hoveredTilePanes 1064,330
[2025-04-17 09:00:34] [INFO] [MapEditorScene] Updated hoveredTilePanes 1079,322
[2025-04-17 09:00:34] [INFO] [MapEditorScene] Updated hoveredTilePanes 1084,319
[2025-04-17 09:00:34] [INFO] [MapEditorScene] Updated hoveredTilePanes 1104,305
[2025-04-17 09:00:34] [INFO] [MapEditorScene] Updated hoveredTilePanes 1112,298
[2025-04-17 09:00:34] [INFO] [MapEditorScene] Updated hoveredTilePanes 1116,296
[2025-04-17 09:00:36] [INFO] [MapEditorScene] Updated hoveredTilePanes 1099,177
[2025-04-17 09:00:36] [INFO] [MapEditorScene] Updated hoveredTilePanes 1034,186
[2025-04-17 09:00:36] [INFO] [MapEditorScene] Updated hoveredTilePanes 976,195
[2025-04-17 09:00:36] [INFO] [MapEditorScene] Updated hoveredTilePanes 912,208
[2025-04-17 09:00:36] [INFO] [MapEditorScene] Updated hoveredTilePanes 854,217
[2025-04-17 09:00:36] [INFO] [MapEditorScene] Updated hoveredTilePanes 830,225
[2025-04-17 09:00:36] [INFO] [MapEditorScene] Updated hoveredTilePanes 789,236
[2025-04-17 09:00:36] [INFO] [MapEditorScene] Updated hoveredTilePanes 752,248
[2025-04-17 09:00:36] [INFO] [MapEditorScene] Updated hoveredTilePanes 722,262
[2025-04-17 09:00:36] [INFO] [MapEditorScene] Updated hoveredTilePanes 701,272
[2025-04-17 09:00:36] [INFO] [MapEditorScene] Updated hoveredTilePanes 696,275
[2025-04-17 09:00:36] [INFO] [MapEditorScene] Updated hoveredTilePanes 686,282
[2025-04-17 09:00:36] [INFO] [MapEditorScene] Updated hoveredTilePanes 676,289
[2025-04-17 09:00:36] [INFO] [MapEditorScene] Updated hoveredTilePanes 671,293
[2025-04-17 09:00:36] [INFO] [MapEditorScene] Updated hoveredTilePanes 666,298
[2025-04-17 09:00:36] [INFO] [MapEditorScene] Updated hoveredTilePanes 662,302
[2025-04-17 09:00:36] [INFO] [MapEditorScene] Updated hoveredTilePanes 661,304
[2025-04-17 09:00:36] [INFO] [MapEditorScene] Updated hoveredTilePanes 660,306
[2025-04-17 09:00:36] [INFO] [MapEditorScene] Updated hoveredTilePanes 658,308
[2025-04-17 09:00:36] [INFO] [MapEditorScene] Updated hoveredTilePanes 658,310
[2025-04-17 09:00:36] [INFO] [MapEditorScene] Updated hoveredTilePanes 657,312
[2025-04-17 09:00:36] [INFO] [MapEditorScene] Updated hoveredTilePanes 657,313
[2025-04-17 09:00:36] [INFO] [MapEditorScene] Updated hoveredTilePanes 657,314
[2025-04-17 09:00:36] [INFO] [MapEditorScene] Updated hoveredTilePanes 656,315
[2025-04-17 09:00:36] [INFO] [MapEditorScene] Updated hoveredTilePanes 656,317
[2025-04-17 09:00:36] [INFO] [MapEditorScene] Updated hoveredTilePanes 655,318
[2025-04-17 09:00:36] [INFO] [MapEditorScene] Updated hoveredTilePanes 655,319
[2025-04-17 09:00:36] [INFO] [MapEditorScene] Updated hoveredTilePanes 655,320
[2025-04-17 09:00:36] [INFO] [MapEditorScene] Updated hoveredTilePanes 655,321
[2025-04-17 09:00:36] [INFO] [MapEditorScene] Updated hoveredTilePanes 655,322
[2025-04-17 09:00:36] [INFO] [MapEditorScene] Updated hoveredTilePanes 655,325
[2025-04-17 09:00:36] [INFO] [MapEditorScene] Updated hoveredTilePanes 655,327
[2025-04-17 09:00:36] [INFO] [MapEditorScene] Updated hoveredTilePanes 655,330
[2025-04-17 09:00:36] [INFO] [MapEditorScene] Updated hoveredTilePanes 656,334
[2025-04-17 09:00:36] [INFO] [MapEditorScene] Updated hoveredTilePanes 657,338
[2025-04-17 09:00:36] [INFO] [MapEditorScene] Updated hoveredTilePanes 657,342
[2025-04-17 09:00:36] [INFO] [MapEditorScene] Updated hoveredTilePanes 658,346
[2025-04-17 09:00:36] [INFO] [MapEditorScene] Updated hoveredTilePanes 659,350
[2025-04-17 09:00:36] [INFO] [MapEditorScene] Updated hoveredTilePanes 660,354
[2025-04-17 09:00:36] [INFO] [MapEditorScene] Updated hoveredTilePanes 661,358
[2025-04-17 09:00:36] [INFO] [MapEditorScene] Updated hoveredTilePanes 662,360
[2025-04-17 09:00:36] [INFO] [MapEditorScene] Updated hoveredTilePanes 662,362
[2025-04-17 09:00:36] [INFO] [MapEditorScene] Updated hoveredTilePanes 662,364
[2025-04-17 09:00:36] [INFO] [MapEditorScene] Updated hoveredTilePanes 662,365
[2025-04-17 09:00:36] [INFO] [MapEditorScene] Updated hoveredTilePanes 662,366
[2025-04-17 09:00:37] [INFO] [MapEditorScene] Updated hoveredTilePanes 663,366
[2025-04-17 09:00:37] [INFO] [MapEditorScene] Updated hoveredTilePanes 665,366
[2025-04-17 09:00:37] [INFO] [MapEditorScene] Updated hoveredTilePanes 668,366
[2025-04-17 09:00:37] [INFO] [MapEditorScene] Updated hoveredTilePanes 672,366
[2025-04-17 09:00:37] [INFO] [MapEditorScene] Updated hoveredTilePanes 674,366
[2025-04-17 09:00:37] [INFO] [MapEditorScene] Updated hoveredTilePanes 675,367
[2025-04-17 09:00:37] [INFO] [MapEditorScene] Updated hoveredTilePanes 678,368
[2025-04-17 09:00:37] [INFO] [MapEditorScene] Updated hoveredTilePanes 681,369
[2025-04-17 09:00:37] [INFO] [MapEditorScene] Updated hoveredTilePanes 682,370
[2025-04-17 09:00:37] [INFO] [MapEditorScene] Updated hoveredTilePanes 684,371
[2025-04-17 09:00:37] [INFO] [MapEditorScene] Updated hoveredTilePanes 685,372
[2025-04-17 09:00:37] [INFO] [MapEditorScene] Updated hoveredTilePanes 686,372
[2025-04-17 09:00:37] [INFO] [MapEditorScene] Updated hoveredTilePanes 685,371
[2025-04-17 09:00:37] [INFO] [MapEditorScene] Updated hoveredTilePanes 678,365
[2025-04-17 09:00:37] [INFO] [MapEditorScene] Updated hoveredTilePanes 667,354
[2025-04-17 09:00:37] [INFO] [MapEditorScene] Updated hoveredTilePanes 653,344
[2025-04-17 09:00:37] [INFO] [MapEditorScene] Updated hoveredTilePanes 637,331
[2025-04-17 09:00:37] [INFO] [MapEditorScene] Updated hoveredTilePanes 601,301
[2025-04-17 09:00:37] [INFO] [MapEditorScene] Updated hoveredTilePanes 563,273
[2025-04-17 09:00:37] [INFO] [MapEditorScene] Updated hoveredTilePanes 508,238
[2025-04-17 09:00:37] [INFO] [MapEditorScene] Updated hoveredTilePanes 455,204
[2025-04-17 09:00:37] [INFO] [MapEditorScene] Updated hoveredTilePanes 403,165
[2025-04-17 09:00:37] [INFO] [MapEditorScene] Updated hoveredTilePanes 349,130
[2025-04-17 09:00:37] [INFO] [MapEditorScene] Updated hoveredTilePanes 294,95
[2025-04-17 09:00:37] [INFO] [MapEditorScene] Updated hoveredTilePanes 242,64
[2025-04-17 09:00:37] [INFO] [MapEditorScene] Updated hoveredTilePanes 221,54
[2025-04-17 09:00:37] [INFO] [MapEditorScene] Updated hoveredTilePanes 179,29
[2025-04-17 09:00:37] [INFO] [MapEditorScene] Updated hoveredTilePanes 150,13
[2025-04-17 09:00:37] [INFO] [MapEditorScene] Updated hoveredTilePanes 124,0
