[2025-06-02 04:11:59] [INFO] [AssetPool] Started initializing AssetPool
[2025-06-02 04:11:59] [INFO] [AssetNameSpace] Started loading Sprite's from ./res/graphics
[2025-06-02 04:11:59] [INFO] [AssetNameSpace] Finished reading files for sprites
[2025-06-02 04:11:59] [INFO] [AssetNameSpace] Finished loading ./res/graphics
[2025-06-02 04:11:59] [INFO] [AssetPool] Finished initializing AssetPool
[2025-06-02 04:11:59] [INFO] [FontPool] Started initializing FontPool
[2025-06-02 04:11:59] [INFO] [FontPool] ✅ Successfully loaded font: Lilian
[2025-06-02 04:11:59] [INFO] [UnitTable] Started initializing UnitTable
[2025-06-02 04:11:59] [INFO] [EmeritusDatabase] Started initializing EmeritusDatabase
[2025-06-02 04:11:59] [INFO] [EmeritusDatabase] Finished initializing EmeritusDatabase
[2025-06-02 04:11:59] [INFO] [UnitTable] Successfully initialized UnitTable
[2025-06-02 04:11:59] [INFO] [UnitTable] Finished initializing UnitTable
[2025-06-02 04:11:59] [INFO] [Component] Setting UNIT_fire_dragon___NICKNAME_Jube___56cd23c8-be56-4dcc-b2ed-9c39c3f61cbd on to {"row":4,"column":4,"base_elevation":0,"unit":"UNIT_fire_dragon___NICKNAME_Jube___56cd23c8-be56-4dcc-b2ed-9c39c3f61cbd","layers":{"empty":false},"total_elevation":10}.
[2025-06-02 04:12:00] [INFO] [SpeedQueue] Added unit UNIT_fire_dragon___NICKNAME_Jube___56cd23c8-be56-4dcc-b2ed-9c39c3f61cbd into queue
[2025-06-02 04:12:00] [INFO] [Component] Setting UNIT_dark_dragon___NICKNAME_Uuzomo___a84faa69-059a-4781-8e92-3eaebd1836e8 on to {"row":4,"column":5,"base_elevation":0,"unit":"UNIT_dark_dragon___NICKNAME_Uuzomo___a84faa69-059a-4781-8e92-3eaebd1836e8","layers":{"empty":false},"total_elevation":10}.
[2025-06-02 04:12:00] [INFO] [SpeedQueue] Added unit UNIT_dark_dragon___NICKNAME_Uuzomo___a84faa69-059a-4781-8e92-3eaebd1836e8 into queue
[2025-06-02 04:12:00] [INFO] [AbilityTable] Started initializing AbilityTable
[2025-06-02 04:12:00] [INFO] [AbilityTable] Finished initializing AbilityTable
[2025-06-02 04:12:00] [INFO] [GameModel] Updated area of sight for Jube, viewing 5 tiles
[2025-06-02 04:12:00] [INFO] [GameModel] Updated line of sight for Jube, viewing 2 tiles
[2025-06-02 04:12:00] [INFO] [GameModel] Updated area of sight for Jube, viewing 1 tiles
[2025-06-02 04:12:00] [INFO] [GameModel] Started gathering cost requirements for test_slash
[2025-06-02 04:12:00] [INFO] [GameModel] Finished gathering cost requirements for test_slash
[2025-06-02 04:12:00] [INFO] [GameModel] Finished checking cost requirements for test_slash
[2025-06-02 04:12:00] [INFO] [GameModel] Started paying cost requirements for test_slash
[2025-06-02 04:12:00] [INFO] [GameModel] Payed 25.0 out of 100 to use test_slash
[2025-06-02 04:12:00] [INFO] [GameModel] Payed 25.0 out of 100 to use test_slash
[2025-06-02 04:12:00] [INFO] [GameModel] Finished paying cost requirements for test_slash
[2025-06-02 04:12:00] [INFO] [SpeedQueue] Speed queue updated.
[2025-06-02 04:12:00] [INFO] [AbilityPanel] Updating ability selection for UNIT_fire_dragon___NICKNAME_Jube___56cd23c8-be56-4dcc-b2ed-9c39c3f61cbd
[2025-06-02 04:1