[2025-05-29 01:37:35] [INFO] [UnitTable] Started initializing UnitTable
[2025-05-29 01:37:35] [INFO] [EmeritusDatabase] Started initializing EmeritusDatabase
[2025-05-29 01:37:35] [INFO] [EmeritusDatabase] Finished initializing EmeritusDatabase
[2025-05-29 01:37:35] [INFO] [UnitTable] Successfully initialized UnitTable
[2025-05-29 01:37:35] [INFO] [UnitTable] Finished initializing UnitTable
[2025-05-29 01:37:35] [INFO] [AbilityTable] Started initializing AbilityTable
[2025-05-29 01:37:35] [INFO] [AbilityTable] Finished initializing AbilityTable
[2025-05-29 01:37:35] [INFO] [UserSaveStateManager] Started loading user save data
[2025-05-29 01:37:35] [INFO] [UserSaveStateManager] Finished loading user save data
[2025-05-29 01:37:35] [INFO] [AssetPool] Started initializing AssetPool
[2025-05-29 01:37:35] [INFO] [AssetNameSpace] Started loading Sprite's from ./res/graphics
[2025-05-29 01:37:35] [INFO] [AssetNameSpace] Finished reading files for sprites
[2025-05-29 01:37:35] [INFO] [AssetNameSpace] Finished loading ./res/graphics
[2025-05-29 01:37:35] [INFO] [AssetPool] Finished initializing AssetPool
[2025-05-29 01:37:36] [INFO] [Component] Setting UNIT_water_dragon___NICKNAME_Kegc___3f070bdb-d39a-455a-b7bb-69327d1eb5fb on to {"row":4,"column":1,"base_elevation":0,"spawn_region":"Left","unit":"UNIT_water_dragon___NICKNAME_Kegc___3f070bdb-d39a-455a-b7bb-69327d1eb5fb","layers":{"empty":false},"total_elevation":11}.
[2025-05-29 01:37:36] [INFO] [SpeedQueue] Added unit UNIT_water_dragon___NICKNAME_Kegc___3f070bdb-d39a-455a-b7bb-69327d1eb5fb into queue
[2025-05-29 01:37:36] [INFO] [Component] Setting UNIT_water_dragon___NICKNAME_Uygvuo___591e99a3-57be-47c1-827d-ec888458750e on to {"row":6,"column":0,"base_elevation":0,"spawn_region":"Left","unit":"UNIT_water_dragon___NICKNAME_Uygvuo___591e99a3-57be-47c1-827d-ec888458750e","layers":{"empty":false},"total_elevation":10}.
[2025-05-29 01:37:36] [INFO] [SpeedQueue] Added unit UNIT_water_dragon___NICKNAME_Uygvuo___591e99a3-57be-47c1-827d-ec888458750e into queue
[2025-05-29 01:37:36] [INFO] [Component] Setting UNIT_earth_dragon___NICKNAME_Hiwse___4aeccd57-4bab-4f34-b5d6-09b62467c959 on to {"row":6,"column":1,"base_elevation":0,"spawn_region":"Left","unit":"UNIT_earth_dragon___NICKNAME_Hiwse___4aeccd57-4bab-4f34-b5d6-09b62467c959","layers":{"empty":false},"total_elevation":10}.
[2025-05-29 01:37:36] [INFO] [SpeedQueue] Added unit UNIT_earth_dragon___NICKNAME_Hiwse___4aeccd57-4bab-4f34-b5d6-09b62467c959 into queue
[2025-05-29 01:37:36] [INFO] [Component] Setting UNIT_air_dragon___NICKNAME_Tejuiw___44266d44-a2aa-41f6-94cd-4dc570bb6ef6 on to {"row":7,"column":0,"base_elevation":0,"spawn_region":"Left","unit":"UNIT_air_dragon___NICKNAME_Tejuiw___44266d44-a2aa-41f6-94cd-4dc570bb6ef6","layers":{"empty":false},"total_elevation":10}.
[2025-05-29 01:37:36] [INFO] [SpeedQueue] Added unit UNIT_air_dragon___NICKNAME_Tejuiw___44266d44-a2aa-41f6-94cd-4dc570bb6ef6 into queue
[2025-05-29 01:37:36] [INFO] [Component] Setting UNIT_light_dragon___NICKNAME_Geweq___3d0ad0ca-f0e3-4b65-bfb3-7321b5ae93d5 on to {"row":0,"column":0,"base_elevation":0,"spawn_region":"Left","unit":"UNIT_light_dragon___NICKNAME_Geweq___3d0ad0ca-f0e3-4b65-bfb3-7321b5ae93d5","layers":{"empty":false},"total_elevation":10}.
[2025-05-29 01:37:36] [INFO] [SpeedQueue] Added unit UNIT_light_dragon___NICKNAME_Geweq___3d0ad0ca-f0e3-4b65-bfb3-7321b5ae93d5 into queue
[2025-05-29 01:37:36] [INFO] [Component] Setting UNIT_earth_dragon___NICKNAME_Nuxfi___2d8cf5df-97dc-4339-8e4b-0346f7adde74 on to {"row":0,"column":10,"base_elevation":0,"spawn_region":"Right","unit":"UNIT_earth_dragon___NICKNAME_Nuxfi___2d8cf5df-97dc-4339-8e4b-0346f7adde74","layers":{"empty":false},"total_elevation":11}.
[2025-05-29 01:37:36] [INFO] [SpeedQueue] Added unit UNIT_earth_dragon___NICKNAME_Nuxfi___2d8cf5df-97dc-4339-8e4b-0346f7adde74 into queue
[2025-05-29 01:37:36] [INFO] [Component] Setting UNIT_fire_dragon___NICKNAME_Oujv___f93c37de-0627-4f47-a16c-7a541fbd0e58 on to {"row":1,"column":10,"base_elevation":0,"spawn_region":"Right","unit":"UNIT_fire_dragon___NICKNAME_Oujv___f93c37de-0627-4f47-a16c-7a541fbd0e58","layers":{"empty":false},"total_elevation":11}.
[2025-05-29 01:37:36] [INFO] [SpeedQueue] Added unit UNIT_fire_dragon___NICKNAME_Oujv___f93c37de-0627-4f47-a16c-7a541fbd0e58 into queue
[2025-05-29 01:37:36] [INFO] [Component] Setting UNIT_dark_dragon___NICKNAME_Dezw___f730d7f8-e110-43ce-b927-2e9d1619b0be on to {"row":7,"column":11,"base_elevation":0,"spawn_region":"Right","unit":"UNIT_dark_dragon___NICKNAME_Dezw___f730d7f8-e110-43ce-b927-2e9d1619b0be","layers":{"empty":false},"total_elevation":10}.
[2025-05-29 01:37:36] [INFO] [SpeedQueue] Added unit UNIT_dark_dragon___NICKNAME_Dezw___f730d7f8-e110-43ce-b927-2e9d1619b0be into queue
[2025-05-29 01:37:36] [INFO] [Component] Setting UNIT_light_dragon___NICKNAME_Keia___0750a932-6b76-4aff-92f3-1b994fa4ad86 on to {"row":5,"column":11,"base_elevation":0,"spawn_region":"Right","unit":"UNIT_light_dragon___NICKNAME_Keia___0750a932-6b76-4aff-92f3-1b994fa4ad86","layers":{"empty":false},"total_elevation":10}.
[2025-05-29 01:37:36] [INFO] [SpeedQueue] Added unit UNIT_light_dragon___NICKNAME_Keia___0750a932-6b76-4aff-92f3-1b994fa4ad86 into queue
[2025-05-29 01:37:36] [INFO] [Component] Setting UNIT_dark_dragon___NICKNAME_Guoule___f3934ed5-6150-4380-82de-a2cdcd350540 on to {"row":5,"column":10,"base_elevation":0,"spawn_region":"Right","unit":"UNIT_dark_dragon___NICKNAME_Guoule___f3934ed5-6150-4380-82de-a2cdcd350540","layers":{"empty":false},"total_elevation":9}.
[2025-05-29 01:37:36] [INFO] [SpeedQueue] Added unit UNIT_dark_dragon___NICKNAME_Guoule___f3934ed5-6150-4380-82de-a2cdcd350540 into queue
[2025-05-29 01:37:36] [INFO] [EngineController] Started setting scene to MENU_SCENE
[2025-05-29 01:37:36] [INFO] [EngineController] Finished setting scene to MENU_SCENE
[2025-05-29 01:37:36] [INFO] [EngineController] Started setting scene to GAME_SCENE
[2025-05-29 01:37:36] [INFO] [FontPool] Started initializing FontPool
[2025-05-29 01:37:36] [INFO] [FontPool] ✅ Successfully loaded font: Lilian
[2025-05-29 01:37:36] [INFO] [EngineController] Finished setting scene to GAME_SCENE
[2025-05-29 01:37:36] [INFO] [AbilitySystem] Started updating {} because of ability
[2025-05-29 01:37:36] [INFO] [AbilitySystem] Finished update updating {} because of ability
[2025-05-29 01:37:36] [INFO] [AbilitySystem] Started updating {} because of ability
[2025-05-29 01:37:36] [INFO] [AbilitySystem] Finished update updating {} because of ability
[2025-05-29 01:37:36] [INFO] [AbilitySystem] Started updating {} because of ability
[2025-05-29 01:37:36] [INFO] [AbilitySystem] Finished update updating {} because of ability
[2025-05-29 01:37:36] [INFO] [AbilitySystem] Started updating {} because of ability
[2025-05-29 01:37:36] [INFO] [AbilitySystem] Finished update updating {} because of ability
[2025-05-29 01:37:36] [INFO] [AbilitySystem] Started updating {} because of ability
[2025-05-29 01:37:36] [INFO] [AbilitySystem] Finished update updating {} because of ability
[2025-05-29 01:37:36] [INFO] [AbilitySystem] Started updating {} because of ability
[2025-05-29 01:37:36] [INFO] [AbilitySystem] Finished update updating {} because of ability
[2025-05-29 01:37:36] [INFO] [AbilitySystem] Started updating {} because of ability
[2025-05-29 01:37:36] [INFO] [AbilitySystem] Finished update updating {} because of ability
[2025-05-29 01:37:36] [INFO] [AbilitySystem] Started updating {} because of ability
[2025-05-29 01:37:36] [INFO] [AbilitySystem] Finished update updating {} because of ability
[2025-05-29 01:37:36] [INFO] [AbilitySystem] Started updating {} because of ability
[2025-05-29 01:37:36] [INFO] [AbilitySystem] Finished update updating {} because of ability
[2025-05-29 01:37:36] [INFO] [AbilitySystem] Started updating {} because of ability
[2025-05-29 01:37:36] [INFO] [AbilitySystem] Finished update updating {} because of ability
[2025-05-29 01:37:36] [INFO] [SpeedQueue] Speed queue updated.
[2025-05-29 01:37:36] [INFO] [AbilityPanel] Updating ability selection for UNIT_air_dragon___NICKNAME_Tejuiw___44266d44-a2aa-41f6-94cd-4dc570bb6ef6
[2025-05-29 01:37:36] [INFO] [AbilityPanel] Finished ability selection for UNIT_air_dragon___NICKNAME_Tejuiw___44266d44-a2aa-41f6-94cd-4dc570bb6ef6
[2025-05-29 01:37:36] [INFO] [MovementPanel] Started update to Movement Information panel.
[2025-05-29 01:37:36] [INFO] [MovementPanel] Finished update to Movement Information panel.
[2025-05-29 01:37:36] [INFO] [TimeLinePanel] Started updating the timeline panel after turn order has changed.
[2025-05-29 01:37:36] [INFO] [TimeLinePanel] Finished updating the timeline panel after turn order has changed.
[2025-05-29 01:37:36] [INFO] [SelectedTilePanel] Checksum updated, getting units at selected tiles.
[2025-05-29 01:37:36] [INFO] [SelectedTilePanel] Either no unit selected or more than one unit selected
[2025-05-29 01:37:36] [INFO] [VisualsSystem] Started creating blurred background
[2025-05-29 01:37:37] [INFO] [VisualsSystem] Finished creating blurred background after 0.4917999804019928 seconds
[2025-05-29 01:37:37] [INFO] [AbilitySystem] Started updating {} because of ability
[2025-05-29 01:37:37] [INFO] [AbilitySystem] Finished update updating {} because of ability
[2025-05-29 01:37:37] [INFO] [AbilitySystem] Started updating {} because of ability
[2025-05-29 01:37:37] [INFO] [AbilitySystem] Finished update updating {} because of ability
[2025-05-29 01:37:37] [INFO] [AbilitySystem] Started updating {} because of ability
[2025-05-29 01:37:37] [INFO] [AbilitySystem] Finished update updating {} because of ability
[2025-05-29 01:37:37] [INFO] [AbilitySystem] Started updating {} because of ability
[2025-05-29 01:37:37] [INFO] [AbilitySystem] Finished update updating {} because of ability
[2025-05-29 01:37:37] [INFO] [AbilitySystem] Started updating {} because of ability
[2025-05-29 01:37:37] [INFO] [AbilitySystem] Finished update updating {} because of ability
[2025-05-29 01:37:37] [INFO] [AbilitySystem] Started updating {} because of ability
[2025-05-29 01:37:37] [INFO] [AbilitySystem] Finished update updating {} because of ability
[2025-05-29 01:37:37] [INFO] [AbilitySystem] Started updating {} because of ability
[2025-05-29 01:37:37] [INFO] [AbilitySystem] Finished update updating {} because of ability
[2025-05-29 01:37:37] [INFO] [AbilitySystem] Started updating {} because of ability
[2025-05-29 01:37:37] [INFO] [AbilitySystem] Finished update updating {} because of ability
[2025-05-29 01:37:37] [INFO] [AbilitySystem] Started updating {} because of ability
[2025-05-29 01:37:37] [INFO] [AbilitySystem] Finished update updating {} because of ability
[2025-05-29 01:37:37] [INFO] [AbilitySystem] Started updating {} because of ability
[2025-05-29 01:37:37] [INFO] [AbilitySystem] Finished update updating {} because of ability
[2025-05-29 01:37:37] [INFO] [AbilityPanel] Updating ability selection for UNIT_air_dragon___NICKNAME_Tejuiw___44266d44-a2aa-41f6-94cd-4dc570bb6ef6
[2025-05-29 01:37:37] [INFO] [AbilityPanel] Finished ability selection for UNIT_air_dragon___NICKNAME_Tejuiw___44266d44-a2aa-41f6-94cd-4dc570bb6ef6
[2025-05-29 01:37:37] [INFO] [MovementPanel] Started update to Movement Information panel.
[2025-05-29 01:37:37] [INFO] [MovementPanel] Finished update to Movement Information panel.
[2025-05-29 01:37:37] [INFO] [AbilitySystem] Started updating {} because of ability
[2025-05-29 01:37:37] [INFO] [AbilitySystem] Finished update updating {} because of ability
[2025-05-29 01:37:37] [INFO] [AbilitySystem] Started updating {} because of ability
[2025-05-29 01:37:37] [INFO] [AbilitySystem] Finished update updating {} because of ability
[2025-05-29 01:37:37] [INFO] [AbilitySystem] Started updating {} because of ability
[2025-05-29 01:37:37] [INFO] [AbilitySystem] Finished update updating {} because of ability
[2025-05-29 01:37:37] [INFO] [AbilitySystem] Started updating {} because of ability
[2025-05-29 01:37:37] [INFO] [AbilitySystem] Finished update updating {} because of ability
[2025-05-29 01:37:37] [INFO] [AbilitySystem] Started updating {} because of ability
[2025-05-29 01:37:37] [INFO] [AbilitySystem] Finished update updating {} because of ability
[2025-05-29 01:37:37] [INFO] [AbilitySystem] Started updating {} 