[2025-04-28 02:56:55] [INFO] [UnitTable] Started initializing UnitTable
[2025-04-28 02:56:55] [INFO] [EmeritusDatabase] Started initializing EmeritusDatabase
[2025-04-28 02:56:55] [INFO] [EmeritusDatabase] Finished initializing EmeritusDatabase
[2025-04-28 02:56:55] [INFO] [UnitTable] Successfully initialized UnitTable
[2025-04-28 02:56:55] [INFO] [UnitTable] Finished initializing UnitTable
[2025-04-28 02:56:55] [INFO] [AbilityTable] Started initializing AbilityTable
[2025-04-28 02:56:55] [INFO] [AbilityTable] Finished initializing AbilityTable
[2025-04-28 02:56:55] [INFO] [UserSaveStateManager] Started loading user save data
[2025-04-28 02:56:55] [INFO] [UserSaveStateManager] Finished loading user save data
[2025-04-28 02:56:55] [INFO] [AssetPool] Started initializing AssetPool
[2025-04-28 02:56:55] [INFO] [AssetNameSpace] Started loading Sprite's from ./res/graphics
[2025-04-28 02:56:55] [INFO] [AssetNameSpace] Finished reading files for sprites
[2025-04-28 02:56:55] [INFO] [AssetNameSpace] Finished loading ./res/graphics
[2025-04-28 02:56:55] [INFO] [AssetPool] Finished initializing AssetPool
[2025-04-28 02:56:55] [INFO] [Component] Setting fire_dragon_Aiyeu_d71289a6-09de-4a31-9214-bdf58b6f5f1f on to {"row":7,"column":6,"height":0,"spawn_region":[],"collider":"","unit":"fire_dragon_Aiyeu_d71289a6-09de-4a31-9214-bdf58b6f5f1f","structure":""}.
[2025-04-28 02:56:55] [INFO] [SpeedQueue] Added unit enemy:Aiyeu into queue
[2025-04-28 02:56:55] [INFO] [Component] Setting dragon_Jesir_126d6b82-0ccc-47b1-b4e6-eab6f882707a on to {"row":7,"column":1,"height":0,"spawn_region":[],"collider":"","unit":"dragon_Jesir_126d6b82-0ccc-47b1-b4e6-eab6f882707a","structure":""}.
[2025-04-28 02:56:55] [INFO] [SpeedQueue] Added unit enemy:Jesir into queue
[2025-04-28 02:56:55] [INFO] [Component] Setting water_dragon_Dyktn_cf04e458-665f-435a-9984-711b6e8da662 on to {"row":6,"column":3,"height":0,"spawn_region":[],"collider":"","unit":"water_dragon_Dyktn_cf04e458-665f-435a-9984-711b6e8da662","structure":""}.
[2025-04-28 02:56:55] [INFO] [SpeedQueue] Added unit enemy:Dyktn into queue
[2025-04-28 02:56:55] [INFO] [Component] Setting dragon_Hyom_4c8e3fb8-cb46-435c-8b64-428de274b59b on to {"row":6,"column":7,"height":0,"spawn_region":[],"collider":"","unit":"dragon_Hyom_4c8e3fb8-cb46-435c-8b64-428de274b59b","structure":""}.
[2025-04-28 02:56:55] [INFO] [SpeedQueue] Added unit enemy:Hyom into queue
[2025-04-28 02:56:55] [INFO] [Component] Setting dark_dragon_Uytayt_a7d70645-fc5d-4527-95c4-6bcf20fb039a on to {"row":2,"column":5,"height":0,"spawn_region":[],"collider":"","unit":"dark_dragon_Uytayt_a7d70645-fc5d-4527-95c4-6bcf20fb039a","structure":""}.
[2025-04-28 02:56:55] [INFO] [SpeedQueue] Added unit user:Uytayt into queue
[2025-04-28 02:56:55] [INFO] [Component] Setting dark_dragon_Toka_a99e4205-6968-402d-babd-5c7ad951cdf7 on to {"row":1,"column":7,"height":0,"spawn_region":[],"collider":"","unit":"dark_dragon_Toka_a99e4205-6968-402d-babd-5c7ad951cdf7","structure":""}.
[2025-04-28 02:56:55] [INFO] [SpeedQueue] Added unit user:Toka into queue
[2025-04-28 02:56:55] [INFO] [Component] Setting fire_dragon_Lewdou_2f8f6b18-940a-468a-bb46-33a26ef76e1b on to {"row":1,"column":4,"height":0,"spawn_region":[],"collider":"","unit":"fire_dragon_Lewdou_2f8f6b18-940a-468a-bb46-33a26ef76e1b","structure":""}.
[2025-04-28 02:56:55] [INFO] [SpeedQueue] Added unit user:Lewdou into queue
[2025-04-28 02:56:55] [INFO] [Component] Setting dragon_Cifoye_a6e7fd77-b865-4354-8e48-64a114830fc9 on to {"row":3,"column":5,"height":0,"spawn_region":[],"collider":"","unit":"dragon_Cifoye_a6e7fd77-b865-4354-8e48-64a114830fc9","structure":""}.
[2025-04-28 02:56:55] [INFO] [SpeedQueue] Added unit user:Cifoye into queue
[2025-04-28 02:56:55] [INFO] [Component] Setting earth_dragon_Niwxk_d432554a-5aba-47a0-a02c-9e357962200d on to {"row":3,"column":6,"height":0,"spawn_region":[],"collider":"","unit":"earth_dragon_Niwxk_d432554a-5aba-47a0-a02c-9e357962200d","structure":""}.
[2025-04-28 02:56:55] [INFO] [SpeedQueue] Added unit user:Niwxk into queue
[2025-04-28 02:56:55] [INFO] [EngineController] Started setting scene to MENU_SCENE
[2025-04-28 02:56:55] [INFO] [EngineController] Finished setting scene to MENU_SCENE
[2025-04-28 02:56:55] [INFO] [EngineController] Started setting scene to MAP_EDITOR_SCENE
[2025-04-28 02:56:55] [INFO] [FontPool] Started initializing FontPool
[2025-04-28 02:56:55] [INFO] [FontPool] ✅ Successfully loaded font: Lilian
[2025-04-28 02:56:55] [INFO] [MapEditorScene] Starting to create new GameController!
[2025-04-28 02:56:55] [INFO] [MapEditorScene] Successfully created new GameController!
[2025-04-28 02:56:56] [INFO] [EngineController] Finished setting scene to MAP_EDITOR_SCENE
[2025-04-28 02:56:56] [INFO] [EngineController] Started setting scene to GAME_SCENE
[2025-04-28 02:56:56] [INFO] [EngineController] Finished setting scene to GAME_SCENE
[2025-04-28 02:56:56] [INFO] [AbilitySystem] Started updating {} because of ability
[2025-04-28 02:56:56] [INFO] [AbilitySystem] Finished update updating {} because of ability
[2025-04-28 02:56:56] [INFO] [AbilitySystem] Started updating {} because of ability
[2025-04-28 02:56:56] [INFO] [AbilitySystem] Finished update updating {} because of ability
[2025-04-28 02:56:56] [INFO] [AbilitySystem] Started updating {} because of ability
[2025-04-28 02:56:56] [INFO] [AbilitySystem] Finished update updating {} because of ability
[2025-04-28 02:56:56] [INFO] [AbilitySystem] Started updating {} because of ability
[2025-04-28 02:56:56] [INFO] [AbilitySystem] Finished update updating {} because of ability
[2025-04-28 02:56:56] [INFO] [AbilitySystem] Started updating {} because of ability
[2025-04-28 02:56:56] [INFO] [AbilitySystem] Finished update updating {} because of ability
[2025-04-28 02:56:56] [INFO] [AbilitySystem] Started updating {} because of ability
[2025-04-28 02:56:56] [INFO] [AbilitySystem] Finished update updating {} because of ability
[2025-04-28 02:56:56] [INFO] [AbilitySystem] Started updating {} because of ability
[2025-04-28 02:56:56] [INFO] [AbilitySystem] Finished update updating {} because of ability
[2025-04-28 02:56:56] [INFO] [AbilitySystem] Started updating {} because of ability
[2025-04-28 02:56:56] [INFO] [AbilitySystem] Finished update updating {} because of ability
[2025-04-28 02:56:56] [INFO] [AbilitySystem] Started updating {} because of ability
[2025-04-28 02:56:56] [INFO] [AbilitySystem] Finished update updating {} because of ability
[2025-04-28 02:56:56] [INFO] [SpeedQueue] Speed queue updated.
[2025-04-28 02:56:56] [INFO] [AbilityPanel] Updating ability selection for fire_dragon_Aiyeu_d71289a6-09de-4a31-9214-bdf58b6f5f1f
[2025-04-28 02:56:56] [INFO] [AbilityPanel] Finished ability selection for fire_dragon_Aiyeu_d71289a6-09de-4a31-9214-bdf58b6f5f1f
[2025-04-28 02:56:56] [INFO] [MovementPanel] Started update to Movement Information panel.
[2025-04-28 02:56:56] [INFO] [MovementPanel] Finished update to Movement Information panel.
[2025-04-28 02:56:56] [INFO] [TimeLinePanel] Started updating the timeline panel after turn order has changed.
[2025-04-28 02:56:56] [INFO] [TimeLinePanel] Finished updating the timeline panel after turn order has changed.
[2025-04-28 02:56:56] [INFO] [SelectedTilePanel] Checksum updated, getting units at selected tiles.
[2025-04-28 02:56:56] [INFO] [SelectedTilePanel] Either no unit selected or more than one unit selected
[2025-04-28 02:56:56] [INFO] [VisualsSystem] Started creating blurred background
[2025-04-28 02:56:56] [INFO] [VisualsSystem] Finished creating blurred background after 0.5041847229003906 seconds
[2025-04-28 02:56:56] [INFO] [AbilitySystem] Started updating {} because of ability
[2025-04-28 02:56:56] [INFO] [AbilitySystem] Finished update updating {} because of ability
[2025-04-28 02:56:56] [INFO] [AbilitySystem] Started updating {} because of ability
[2025-04-28 02:56:56] [INFO] [AbilitySystem] Finished update updating {} because of ability
[2025-04-28 02:56:56] [INFO] [AbilitySystem] Started updating {} because of ability
[2025-04-28 02:56:56] [INFO] [AbilitySystem] Finished update updating {} because of ability
[2025-04-28 02:56:56] [INFO] [AbilitySystem] Started updating {} because of ability
[2025-04-28 02:56:56] [INFO] [AbilitySystem] Finished update updating {} because of ability
[2025-04-28 02:56:56] [INFO] [AbilitySystem] Started updating {} because of ability
[2025-04-28 02:56:56] [INFO] [AbilitySystem] Finished update updating {} because of ability
[2025-04-28 02:56:56] [INFO] [AbilitySystem] Started updating {} because of ability
[2025-04-28 02:56:56] [INFO] [AbilitySystem] Finished update updating {} because of ability
[2025-04-28 02:56:56] [INFO] [AbilityPanel] Updating ability selection for fire_dragon_Aiyeu_d71289a6-09de-4a31-9214-bdf58b6f5f1f
[2025-04-28 02:56:56] [INFO] [AbilityPanel] Finished ability selection for fire_dragon_Aiyeu_d71289a6-09de-4a31-9214-bdf58b6f5f1f
[2025-04-28 02:56:56] [INFO] [MovementPanel] Started update to Movement Information panel.
[2025-04-28 02:56:56] [INFO] [MovementPanel] Finished update to Movement Information panel.
[2025-04-28 02:56:56] [INFO] [AbilitySystem] Started updating {} because of ability
[2025-04-28 02:56:56] [INFO] [AbilitySystem] Finished update updating {} because of ability
[2025-04-28 02:56:56] [INFO] [AbilitySystem] Started updating {} because of ability
[2025-04-28 02:56:56] [INFO] [AbilitySystem] Finished update updating {} because of ability
[2025-04-28 02:56:56] [INFO] [AbilitySystem] Started updating {} because of ability
[2025-04-28 02:56:56] [INFO] [AbilitySystem] Finished update updating {} because of ability
[2025-04-28 02:56:56] [INFO] [AbilitySystem] Started updating {} because of ability
[2025-04-28 02:56:56] [INFO] [AbilitySystem] Finished update updating {} because of ability
[2025-04-28 02:56:56] [INFO] [AbilitySystem] Started updating {} because of ability
[2025-04-28 02:56:56] [INFO] [AbilitySystem] Finished update updating {} because of ability
[2025-04-28 02:56:56] [INFO] [AbilitySystem] Started updating {} because of ability
[2025-04-28 02:56:56] [INFO] [AbilitySystem] Finished update updating {} because of ability
