[2025-04-05 08:45:26] [INFO] [UnitDatabase] Started initializing UnitDatabase
[2025-04-05 08:45:26] [INFO] [UnitDatabase] Successfully initialized UnitDatabase
[2025-04-05 08:45:26] [INFO] [UnitDatabase] Finished initializing UnitDatabase
[2025-04-05 08:45:26] [INFO] [AbilityDatabase] Started initializing AbilityDatabase
[2025-04-05 08:45:26] [INFO] [AbilityDatabase] Successfully initialized AbilityDatabase
[2025-04-05 08:45:26] [INFO] [AbilityDatabase] Finished initializing AbilityDatabase
[2025-04-05 08:45:26] [INFO] [UserSaveStateManager] Started loading user save data
[2025-04-05 08:45:26] [INFO] [UserSaveStateManager] Finished loading user save data
[2025-04-05 08:45:26] [INFO] [AssetPool] Started initializing AssetPool
[2025-04-05 08:45:26] [INFO] [AssetNameSpace] Started loading Sprite's from ./res/graphics
[2025-04-05 08:45:26] [INFO] [AssetNameSpace] Finished reading files for sprites
[2025-04-05 08:45:26] [INFO] [AssetNameSpace] Finished loading ./res/graphics
[2025-04-05 08:45:26] [INFO] [AssetPool] Finished initializing AssetPool
[2025-04-05 08:45:26] [INFO] [JsonDatabase] Started initializing JsonDatabase
[2025-04-05 08:45:26] [INFO] [JsonTable] Started initializing JsonTable
[2025-04-05 08:45:26] [INFO] [JsonTable] Successfully initialized JsonTable
[2025-04-05 08:45:26] [INFO] [JsonTable] Finished initializing JsonTable
[2025-04-05 08:45:26] [INFO] [JsonTable] Started initializing JsonTable
[2025-04-05 08:45:26] [INFO] [JsonTable] Successfully initialized JsonTable
[2025-04-05 08:45:26] [INFO] [JsonTable] Finished initializing JsonTable
[2025-04-05 08:45:26] [INFO] [JsonTable] Started initializing JsonTable
[2025-04-05 08:45:26] [INFO] [JsonTable] Successfully initialized JsonTable
[2025-04-05 08:45:26] [INFO] [JsonTable] Finished initializing JsonTable
[2025-04-05 08:45:26] [INFO] [JsonDatabase] Successfully initialized JsonDatabase
[2025-04-05 08:45:26] [INFO] [JsonDatabase] Finished initializing JsonDatabase
[2025-04-05 08:45:26] [INFO] [Component] Setting 5ebae4ab-bf32-4d21-a6ff-32f180465fe4 on to de576f1c-d354-4308-a8e6-1586d3ff59b9.
[2025-04-05 08:45:26] [INFO] [SpeedQueue] Added unit enemy:Pihu into queue
[2025-04-05 08:45:26] [INFO] [Component] Setting ead8cd31-cf6e-469a-be25-9c77ea11ca8f on to 50a40785-cb8f-42c4-a2d6-f38f1a6e245f.
[2025-04-05 08:45:26] [INFO] [SpeedQueue] Added unit enemy:Eikye into queue
[2025-04-05 08:45:26] [INFO] [Component] Setting 6fe06886-5aec-4b2a-a1fc-af8196c3a88c on to c38512f4-d4be-4045-a6db-169cc392bc46.
[2025-04-05 08:45:26] [INFO] [SpeedQueue] Added unit enemy:Difau into queue
[2025-04-05 08:45:26] [INFO] [Component] Setting 9cef4e72-083b-4cb1-ae8a-80c70c2a8c08 on to 5d3d9474-f77f-4b94-90db-b8305dddbf0a.
[2025-04-05 08:45:26] [INFO] [SpeedQueue] Added unit enemy:Hisk into queue
[2025-04-05 08:45:26] [INFO] [Component] Setting bcc6436d-cf1f-4e3d-91c1-965dbb3ee7b7 on to 581020ea-5643-49a8-91b1-f482f618ecad.
[2025-04-05 08:45:26] [INFO] [SpeedQueue] Added unit enemy:Ainve into queue
[2025-04-05 08:45:26] [INFO] [Component] Setting 4581d1f9-d83e-4b29-8da5-bc8d068e3e86 on to 02eee25d-a4e1-48b4-b17c-2ca5559daa94.
[2025-04-05 08:45:26] [INFO] [SpeedQueue] Added unit enemy:Zuqiyx into queue
[2025-04-05 08:45:26] [INFO] [Component] Setting 38a17f45-9681-4d95-b37f-d6c47592acca on to 6431288d-27c9-46f6-96f9-eeb687271d96.
[2025-04-05 08:45:26] [INFO] [SpeedQueue] Added unit enemy:Aaqa into queue
[2025-04-05 08:45:26] [INFO] [Component] Setting 5c0d556d-c077-45b8-ae73-407f7e82e0d8 on to 31c6de45-74ab-4e42-bc3a-5ec9bc6cb5b0.
[2025-04-05 08:45:26] [INFO] [SpeedQueue] Added unit enemy:Mioiuu into queue
[2025-04-05 08:45:26] [INFO] [Component] Setting b4d209d6-21a0-4e42-b04d-bf2e89239464 on to ff9a429c-74fa-41d9-9aeb-3e68e5b59eae.
[2025-04-05 08:45:26] [INFO] [SpeedQueue] Added unit enemy:Aavs into queue
[2025-04-05 08:45:26] [INFO] [Component] Setting 687b9673-ab15-43f5-bf61-0a7e70ae7390 on to 05eb976c-fc06-47f3-8941-db4623a0b9a1.
[2025-04-05 08:45:26] [INFO] [SpeedQueue] Added unit enemy:Cibyvn into queue
[2025-04-05 08:45:26] [INFO] [Component] Setting f94f381f-41ad-4651-ad1d-5ac97c045bab on to 96179fed-8b46-47f4-a5b8-bb96909fb0f0.
[2025-04-05 08:45:26] [INFO] [SpeedQueue] Added unit enemy:Neygv into queue
[2025-04-05 08:45:26] [INFO] [Component] Setting 7dd41165-d39a-4739-b395-94e7471d8551 on to b84c1fe2-d164-4442-9c0b-aaf6b0c22e9f.
[2025-04-05 08:45:26] [INFO] [SpeedQueue] Added unit enemy:Basu into queue
[2025-04-05 08:45:26] [INFO] [Component] Setting 8be6a296-78fb-4ca8-bbaf-09090c7732a5 on to 7c6ba57e-7108-4c9a-be0f-4b1d5e552189.
[2025-04-05 08:45:26] [INFO] [SpeedQueue] Added unit enemy:Buakm into queue
[2025-04-05 08:45:26] [INFO] [Component] Setting 68031aa2-5159-4313-aa09-4f0c903fc4e2 on to c21fa6e2-d945-46cc-b6b2-c4d4a5c846dd.
[2025-04-05 08:45:26] [INFO] [SpeedQueue] Added unit enemy:Xyfy into queue
[2025-04-05 08:45:26] [INFO] [Component] Setting a0c2b9a7-4bd0-433f-91cb-19d4dd9cf43a on to d4fb51e6-2fc9-44f7-b071-3c96d6a63a64.
[2025-04-05 08:45:26] [INFO] [SpeedQueue] Added unit enemy:Qooep into queue
[2025-04-05 08:45:26] [INFO] [Component] Setting d5e62473-f47b-48d2-b53d-14ba05ed9a4f on to 1b1e2d99-8616-4519-8899-cefdd2fbdca1.
[2025-04-05 08:45:26] [INFO] [SpeedQueue] Added unit enemy:Givpzu into queue
[2025-04-05 08:45:26] [INFO] [Component] Setting c80bb4ba-2bbf-4ef1-81f2-4a555304b54e on to c649abc3-21d1-47cb-9b83-19d5dd91c87e.
[2025-04-05 08:45:26] [INFO] [SpeedQueue] Added unit enemy:Zijg into queue
[2025-04-05 08:45:26] [INFO] [Component] Setting b576d80f-2971-417d-a821-ee5496e887a0 on to 86314f8a-7630-465e-813f-043d37d69256.
[2025-04-05 08:45:26] [INFO] [SpeedQueue] Added unit enemy:Aykyo into queue
[2025-04-05 08:45:26] [INFO] [Component] Setting d90e8226-5be4-4bc1-b05f-e1b43a59434d on to 155640c8-74bc-4a10-95f8-ebe9693fbf9c.
[2025-04-05 08:45:26] [INFO] [SpeedQueue] Added unit enemy:Futw into queue
[2025-04-05 08:45:26] [INFO] [Component] Setting 3ed489ef-0b7d-464e-a04d-ca60ed8226b5 on to dccfc9fd-8094-448f-a31d-2de33a64183b.
[2025-04-05 08:45:26] [INFO] [SpeedQueue] Added unit enemy:Nukii into queue
[2025-04-05 08:45:26] [INFO] [Component] Setting d4dd1e6e-ad26-4826-9767-c20f3fc43454 on to b60f0301-ebcc-4f2b-b6d1-eb40c10f3526.
[2025-04-05 08:45:26] [INFO] [SpeedQueue] Added unit enemy:Lauia into queue
[2025-04-05 08:45:26] [INFO] [Component] Setting 12cd6760-d532-4d77-985e-9a23536824d2 on to 44c42277-b615-47e0-91e8-15f4782dc8ff.
[2025-04-05 08:45:26] [INFO] [SpeedQueue] Added unit enemy:Pixc into queue
[2025-04-05 08:45:26] [INFO] [Component] Setting a2fb3b70-d7b3-4a65-874f-bdb347bcc774 on to f0ffcf25-92dc-4c64-99bd-9416e333eb55.
[2025-04-05 08:45:26] [INFO] [SpeedQueue] Added unit enemy:Fuyyc into queue
[2025-04-05 08:45:26] [INFO] [EngineController] Started setting scene to MENU_SCENE
[2025-04-05 08:45:27] [INFO] [EngineController] Finished setting scene to MENU_SCENE
[2025-04-05 08:45:27] [INFO] [EngineController] Started setting scene to GAME_SCENE
[2025-04-05 08:45:27] [INFO] [FontPool] Started initializing FontPool
[2025-04-05 08:45:27] [INFO] [FontPool] ✅ Successfully loaded font: Lilian
[2025-04-05 08:45:27] [INFO] [EngineController] Finished setting scene to GAME_SCENE
[2025-04-05 08:45:27] [INFO] [SpeedQueue] Speed queue updated.
[2025-04-05 08:45:27] [INFO] [TimeLinePanel] Started updating the timeline panel after turn order has changed.
[2025-04-05 08:45:27] [INFO] [TimeLinePanel] Finished updating the timeline panel after turn order has changed.
[2025-04-05 08:45:27] [INFO] [SelectedTilePanel] Checksum updated, getting units at selected tiles.
[2025-04-05 08:45:27] [INFO] [SelectedTilePanel] Either no unit selected or more than one unit selected
[2025-04-05 08:45:27] [INFO] [LesserStatisticsInformationPanel] Checksum has been updated, querying statistics for unit b4d209d6-21a0-4e42-b04d-bf2e89239464
[2025-04-05 08:45:28] [INFO] [VisualsSystem] Started creating blurred background
[2025-04-05 08:45:28] [INFO] [VisualsSystem] Finished creating blurred background after 0.4910496771335602 seconds
[2025-04-05 08:45:28] [INFO] [MovementSystem] Aavs is planning to move from [4, 0] to [6, 0]
[2025-04-05 08:45:28] [INFO] [MovementSystem] Updated movement area for Aavs
[2025-04-05 08:45:28] [INFO] [MovementSystem] Updated movement path for Aavs
[2025-04-05 08:45:28] [INFO] [Component] Setting b4d209d6-21a0-4e42-b04d-bf2e89239464 on to 9670af24-391b-4163-9276-b7badb1d372f.
[2025-04-05 08:45:28] [INFO] [MovementSystem] Moved from [4, 0] to [6, 0]
[2025-04-05 08:45:28] [INFO] [MovementSystem] {} has moved
[2025-04-05 08:45:29] [INFO] [AbilitySystem] Aavs Triggered ability system
[2025-04-05 08:45:30] [INFO] [TimeLinePanel] Started updating the timeline panel after turn order has changed.
[2025-04-05 08:45:30] [INFO] [TimeLinePanel] Finished updating the timeline panel after turn order has changed.
[2025-04-05 08:45:30] [INFO] [MovementSystem] Qooep is planning to move from [12, 11] to [12, 13]
[2025-04-05 08:45:30] [INFO] [MovementSystem] Updated movement area for Qooep
[2025-04-05 08:45:30] [INFO] [MovementSystem] Updated movement path for Qooep
[2025-04-05 08:45:30] [INFO] [Component] Setting a0c2b9a7-4bd0-433f-91cb-19d4dd9cf43a on to 653c7622-4da5-4d69-8627-ac2bc2e45f88.
[20