[2025-05-25 18:37:43] [INFO] [UnitTable] Started initializing UnitTable
[2025-05-25 18:37:43] [INFO] [EmeritusDatabase] Started initializing EmeritusDatabase
[2025-05-25 18:37:43] [INFO] [EmeritusDatabase] Finished initializing EmeritusDatabase
[2025-05-25 18:37:43] [INFO] [UnitTable] Successfully initialized UnitTable
[2025-05-25 18:37:43] [INFO] [UnitTable] Finished initializing UnitTable
[2025-05-25 18:37:43] [INFO] [AbilityTable] Started initializing AbilityTable
[2025-05-25 18:37:43] [INFO] [AbilityTable] Finished initializing AbilityTable
[2025-05-25 18:37:43] [INFO] [UserSaveStateManager] Started loading user save data
[2025-05-25 18:37:43] [INFO] [UserSaveStateManager] Finished loading user save data
[2025-05-25 18:37:43] [INFO] [AssetPool] Started initializing AssetPool
[2025-05-25 18:37:43] [INFO] [AssetNameSpace] Started loading Sprite's from ./res/graphics
[2025-05-25 18:37:43] [INFO] [AssetNameSpace] Finished reading files for sprites
[2025-05-25 18:37:43] [INFO] [AssetNameSpace] Finished loading ./res/graphics
[2025-05-25 18:37:43] [INFO] [AssetPool] Finished initializing AssetPool
[2025-05-25 18:37:43] [INFO] [Component] Setting UNIT_air_dragon___NICKNAME_Muyib___ba0dfb6a-40ff-4cbf-a71b-8d3e23fb0a9f on to {"row":0,"column":1,"base_elevation":-3,"spawn_region":"Left","collider":"","unit":"UNIT_air_dragon___NICKNAME_Muyib___ba0dfb6a-40ff-4cbf-a71b-8d3e23fb0a9f","structure":"","total_elevation":0}.
[2025-05-25 18:37:43] [INFO] [SpeedQueue] Added unit UNIT_air_dragon___NICKNAME_Muyib___ba0dfb6a-40ff-4cbf-a71b-8d3e23fb0a9f into queue
[2025-05-25 18:37:43] [INFO] [Component] Setting UNIT_fire_dragon___NICKNAME_Dyjau___db7c0558-74e7-4b17-ae8c-aef1eec66ae7 on to {"row":3,"column":1,"base_elevation":-3,"spawn_region":"Left","collider":"","unit":"UNIT_fire_dragon___NICKNAME_Dyjau___db7c0558-74e7-4b17-ae8c-aef1eec66ae7","structure":"","total_elevation":0}.
[2025-05-25 18:37:43] [INFO] [SpeedQueue] Added unit UNIT_fire_dragon___NICKNAME_Dyjau___db7c0558-74e7-4b17-ae8c-aef1eec66ae7 into queue
[2025-05-25 18:37:43] [INFO] [Component] Setting UNIT_fire_dragon___NICKNAME_Oysk___0f47b012-e443-4d0e-b313-e17318bff1e9 on to {"row":1,"column":0,"base_elevation":-3,"spawn_region":"Left","collider":"","unit":"UNIT_fire_dragon___NICKNAME_Oysk___0f47b012-e443-4d0e-b313-e17318bff1e9","structure":"","total_elevation":0}.
[2025-05-25 18:37:43] [INFO] [SpeedQueue] Added unit UNIT_fire_dragon___NICKNAME_Oysk___0f47b012-e443-4d0e-b313-e17318bff1e9 into queue
[2025-05-25 18:37:43] [INFO] [Component] Setting UNIT_air_dragon___NICKNAME_Tatuec___707b14c8-5243-47fa-bab0-664d1a76c0fd on to {"row":4,"column":0,"base_elevation":-3,"spawn_region":"Left","collider":"","unit":"UNIT_air_dragon___NICKNAME_Tatuec___707b14c8-5243-47fa-bab0-664d1a76c0fd","structure":"","total_elevation":0}.
[2025-05-25 18:37:43] [INFO] [SpeedQueue] Added unit UNIT_air_dragon___NICKNAME_Tatuec___707b14c8-5243-47fa-bab0-664d1a76c0fd into queue
[2025-05-25 18:37:43] [INFO] [Component] Setting UNIT_dark_dragon___NICKNAME_Zizitv___6f2384a1-0e68-4528-a545-8c176fe11e95 on to {"row":7,"column":1,"base_elevation":-3,"spawn_region":"Left","collider":"","unit":"UNIT_dark_dragon___NICKNAME_Zizitv___6f2384a1-0e68-4528-a545-8c176fe11e95","structure":"","total_elevation":0}.
[2025-05-25 18:37:43] [INFO] [SpeedQueue] Added unit UNIT_dark_dragon___NICKNAME_Zizitv___6f2384a1-0e68-4528-a545-8c176fe11e95 into queue
[2025-05-25 18:37:43] [INFO] [Component] Setting UNIT_air_dragon___NICKNAME_Lygii___61879c7a-926f-4b5f-b747-eecb43f32f0e on to {"row":0,"column":10,"base_elevation":-3,"spawn_region":"Right","collider":"","unit":"UNIT_air_dragon___NICKNAME_Lygii___61879c7a-926f-4b5f-b747-eecb43f32f0e","structure":"","total_elevation":0}.
[2025-05-25 18:37:43] [INFO] [SpeedQueue] Added unit UNIT_air_dragon___NICKNAME_Lygii___61879c7a-926f-4b5f-b747-eecb43f32f0e into queue
[2025-05-25 18:37:43] [INFO] [Component] Setting UNIT_earth_dragon___NICKNAME_Hyhlam___f7491606-0e89-428b-8aa1-ad400de12820 on to {"row":6,"column":11,"base_elevation":-3,"spawn_region":"Right","collider":"","unit":"UNIT_earth_dragon___NICKNAME_Hyhlam___f7491606-0e89-428b-8aa1-ad400de12820","structure":"","total_elevation":0}.
[2025-05-25 18:37:43] [INFO] [SpeedQueue] Added unit UNIT_earth_dragon___NICKNAME_Hyhlam___f7491606-0e89-428b-8aa1-ad400de12820 into queue
[2025-05-25 18:37:43] [INFO] [Component] Setting UNIT_light_dragon___NICKNAME_Eehx___d8bb364e-430b-40fd-ac35-302f29a00b9f on to {"row":3,"column":10,"base_elevation":-3,"spawn_region":"Right","collider":"","unit":"UNIT_light_dragon___NICKNAME_Eehx___d8bb364e-430b-40fd-ac35-302f29a00b9f","structure":"","total_elevation":0}.
[2025-05-25 18:37:43] [INFO] [SpeedQueue] Added unit UNIT_light_dragon___NICKNAME_Eehx___d8bb364e-430b-40fd-ac35-302f29a00b9f into queue
[2025-05-25 18:37:43] [INFO] [Component] Setting UNIT_fire_dragon___NICKNAME_Qeqv___1a6d3a89-c31a-4e9c-9639-f841e607730c on to {"row":5,"column":11,"base_elevation":-3,"spawn_region":"Right","collider":"","unit":"UNIT_fire_dragon___NICKNAME_Qeqv___1a6d3a89-c31a-4e9c-9639-f841e607730c","structure":"","total_elevation":0}.
[2025-05-25 18:37:43] [INFO] [SpeedQueue] Added unit UNIT_fire_dragon___NICKNAME_Qeqv___1a6d3a89-c31a-4e9c-9639-f841e607730c into queue
[2025-05-25 18:37:43] [INFO] [Component] Setting UNIT_dark_dragon___NICKNAME_Luwbe___9036e6f9-add6-4700-ba63-4cb728078374 on to {"row":6,"column":10,"base_elevation":-3,"spawn_region":"Right","collider":"","unit":"UNIT_dark_dragon___NICKNAME_Luwbe___9036e6f9-add6-4700-ba63-4cb728078374","structure":"","total_elevation":0}.
[2025-05-25 18:37:43] [INFO] [SpeedQueue] Added unit UNIT_dark_dragon___NICKNAME_Luwbe___9036e6f9-add6-4700-ba63-4cb728078374 into queue
[2025-05-25 18:37:43] [INFO] [EngineController] Started setting scene to MENU_SCENE
[2025-05-25 18:37:43] [INFO] [EngineController] Finished setting scene to MENU_SCENE
[2025-05-25 18:37:43] [INFO] [EngineController] Started setting scene to MAP_EDITOR_SCENE
[2025-05-25 18:37:43] [INFO] [FontPool] Started initializing FontPool
[2025-05-25 18:37:43] [INFO] [FontPool] ✅ Successfully loaded font: Lilian
[2025-05-25 18:37:43] [INFO] [MapEditorScene] Starting to create new GameController!
[2025-05-25 18:37:43] [INFO] [MapEditorScene] Successfully created new GameController!
[2025-05-25 18:37:44] [INFO] [EngineController] Finished setting scene to MAP_EDITOR_SCENE
[2025-05-25 18:37:44] [INFO] [InputHandler] Gliding 0 camera to new tile ROW_10___COLUMN_12___80090c7c-86cb-4191-b3b1-265c5a40e7ef
[2025-05-25 18:37:44] [INFO] [TimeLinePanel] Started updating the timeline panel after turn order has changed.
[2025-05-25 18:37:44] [INFO] [TimeLinePanel] Finished updating the timeline panel after turn order has changed.
[2025-05-25 18:37:44] [INFO] [SelectedTilePanel] Checksum updated, getting units at selected tiles.
[2025-05-25 18:37:44] [INFO] [SelectedTilePanel] Either no unit selected or more than one unit selected
[2025-05-25 18:37:44] [INFO] [VisualsSystem] Started creating blurred background
[2025-05-25 18:37:44] [INFO] [VisualsSystem] Finished creating blurred background after 0.49421608448028564 seconds
