[2025-03-06 09:19:32] [INFO] [AssetPool] Started initializing AssetPool
[2025-03-06 09:19:32] [INFO] [Engine] HEAP ALLOCATION INCREASED! 1.0 GB of 16.0 GB used
[2025-03-06 09:19:32] [INFO] [SpriteSheetOG] Started loading Sprite's from ./res/graphics
[2025-03-06 09:19:32] [INFO] [SpriteSheetOG] Finished reading files for sprites
[2025-03-06 09:19:33] [INFO] [Sprite] Finished loading ./res/graphics/misc/blue_reticle.png
[2025-03-06 09:19:33] [INFO] [Sprite] Finished loading ./res/graphics/misc/pink_spawn.png
[2025-03-06 09:19:33] [INFO] [Sprite] Finished loading ./res/graphics/misc/reticle.png
[2025-03-06 09:19:33] [INFO] [Sprite] Finished loading ./res/graphics/misc/yellow_spawn.png
[2025-03-06 09:19:33] [INFO] [Sprite] Finished loading ./res/graphics/misc/blue_spawn.png
[2025-03-06 09:19:33] [INFO] [Sprite] Finished loading ./res/graphics/misc/red_reticle.png
[2025-03-06 09:19:33] [INFO] [Sprite] Finished loading ./res/graphics/misc/depth_shadows.png
[2025-03-06 09:19:33] [INFO] [Sprite] Finished loading ./res/graphics/misc/yellow_reticle.png
[2025-03-06 09:19:33] [INFO] [Sprite] Finished loading ./res/graphics/misc/red_spawn.png
[2025-03-06 09:19:33] [INFO] [Sprite] Finished loading ./res/graphics/misc/directional_shadows.png
[2025-03-06 09:19:33] [INFO] [Sprite] Finished loading ./res/graphics/shadows/northwest.png
[2025-03-06 09:19:33] [INFO] [Sprite] Finished loading ./res/graphics/shadows/west.png
[2025-03-06 09:19:33] [INFO] [Sprite] Finished loading ./res/graphics/shadows/north.png
[2025-03-06 09:19:33] [INFO] [Sprite] Finished loading ./res/graphics/shadows/east.png
[2025-03-06 09:19:33] [INFO] [Sprite] Finished loading ./res/graphics/shadows/northeast.png
[2025-03-06 09:19:33] [INFO] [Sprite] Finished loading ./res/graphics/shadows/south.png
[2025-03-06 09:19:33] [INFO] [Sprite] Finished loading ./res/graphics/shadows/southwest.png
[2025-03-06 09:19:33] [INFO] [Sprite] Finished loading ./res/graphics/shadows/southeast.png
[2025-03-06 09:19:33] [INFO] [Sprite] Finished loading ./res/graphics/structures/tree3_structure.png
[2025-03-06 09:19:33] [INFO] [Sprite] Finished loading ./res/graphics/structures/tree4_structure.png
[2025-03-06 09:19:33] [INFO] [Sprite] Finished loading ./res/graphics/structures/tree1_structure.png
[2025-03-06 09:19:33] [INFO] [Sprite] Finished loading ./res/graphics/structures/tree5_structure.png
[2025-03-06 09:19:33] [INFO] [Sprite] Finished loading ./res/graphics/structures/tree2_structure.png
[2025-03-06 09:19:33] [INFO] [Sprite] Finished loading ./res/graphics/structures/tree6_structure.png
[2025-03-06 09:19:33] [INFO] [Sprite] Finished loading ./res/graphics/wall_tiles/rock_wall2.png
[2025-03-06 09:19:33] [INFO] [Sprite] Finished loading ./res/graphics/wall_tiles/sandstone_wall.png
[2025-03-06 09:19:33] [INFO] [Sprite] Finished loading ./res/graphics/wall_tiles/elden_yellow_wall.png
[2025-03-06 09:19:33] [INFO] [Sprite] Finished loading ./res/graphics/wall_tiles/vine_on_wall.png
[2025-03-06 09:19:33] [INFO] [Sprite] Finished loading ./res/graphics/wall_tiles/boulder_wall.png
[2025-03-06 09:19:33] [INFO] [Sprite] Finished loading ./res/graphics/wall_tiles/white_marble_wall.png
[2025-03-06 09:19:33] [INFO] [Sprite] Finished loading ./res/graphics/wall_tiles/elden_green_wall.png
[2025-03-06 09:19:33] [INFO] [Sprite] Finished loading ./res/graphics/wall_tiles/brown_marble_wall.png
[2025-03-06 09:19:33] [INFO] [Sprite] Finished loading ./res/graphics/wall_tiles/small_brick_wall.png
[2025-03-06 09:19:33] [INFO] [Sprite] Finished loading ./res/graphics/wall_tiles/moss_wall.png
[2025-03-06 09:19:33] [INFO] [Sprite] Finished loading ./res/graphics/wall_tiles/dirt_brick_vine_wall.png
[2025-03-06 09:19:33] [INFO] [Sprite] Finished loading ./res/graphics/wall_tiles/elden_purple_wall.png
[2025-03-06 09:19:33] [INFO] [Sprite] Finished loading ./res/graphics/wall_tiles/large_brick_wall.png
[2025-03-06 09:19:33] [INFO] [Sprite] Finished loading ./res/graphics/wall_tiles/dirt_wall.png
[2025-03-06 09:19:33] [INFO] [Sprite] Finished loading ./res/graphics/wall_tiles/alien_wall.png
[2025-03-06 09:19:33] [INFO] [Sprite] Finished loading ./res/graphics/wall_tiles/industrial_brick_wall.png
[2025-03-06 09:19:33] [INFO] [Sprite] Finished loading ./res/graphics/wall_tiles/rock_wall.png
[2025-03-06 09:19:33] [INFO] [Sprite] Finished loading ./res/graphics/wall_tiles/dirt_wall2.png
[2025-03-06 09:19:33] [INFO] [Sprite] Finished loading ./res/graphics/wall_tiles/moss_wall2.png
[2025-03-06 09:19:33] [INFO] [Sprite] Finished loading ./res/graphics/wall_tiles/moss_wall3.png
[2025-03-06 09:19:33] [INFO] [Sprite] Finished loading ./res/graphics/wall_tiles/no_wall.png
[2025-03-06 09:19:33] [INFO] [Sprite] Finished loading ./res/graphics/wall_tiles/alien_rune_wall.png
[2025-03-06 09:19:33] [INFO] [Sprite] Finished loading ./res/graphics/wall_tiles/industrial_wall.png
[2025-03-06 09:19:33] [INFO] [Sprite] Finished loading ./res/graphics/wall_tiles/small_brick_wall2.png
[2025-03-06 09:19:33] [INFO] [Sprite] Finished loading ./res/graphics/old/liquids 2.png
[2025-03-06 09:19:33] [INFO] [Sprite] Finished loading ./res/graphics/old/gems.png
[2025-03-06 09:19:33] [INFO] [Sprite] Finished loading ./res/graphics/old/floors.png
[2025-03-06 09:19:33] [INFO] [Sprite] Finished loading ./res/graphics/old/terrains.png
[2025-03-06 09:19:33] [INFO] [Sprite] Finished loading ./res/graphics/old/gemsRaw.png
[2025-03-06 09:19:33] [INFO] [Sprite] Finished loading ./res/graphics/old/walls.png
[2025-03-06 09:19:33] [INFO] [Sprite] Finished loading ./res/graphics/old/special2.png
[2025-03-06 09:19:33] [INFO] [Sprite] Finished loading ./res/graphics/old/structures.png
[2025-03-06 09:19:33] [INFO] [Sprite] Finished loading ./res/graphics/old/special.png
[2025-03-06 09:19:33] [INFO] [Sprite] Finished loading ./res/graphics/old/liquids.png
[2025-03-06 09:19:33] [INFO] [Sprite] Finished loading ./res/graphics/old/units.png
[2025-03-06 09:19:33] [INFO] [Sprite] Finished loading ./res/graphics/old/terrains2.png
[2025-03-06 09:19:33] [INFO] [Sprite] Finished loading ./res/graphics/old/floors2.png
[2025-03-06 09:19:33] [INFO] [Sprite] Finished loading ./res/graphics/floor_tiles/sand_1_floor.png
[2025-03-06 09:19:33] [INFO] [Sprite] Finished loading ./res/graphics/floor_tiles/sand_dark_floor.png
[2025-03-06 09:19:33] [INFO] [Sprite] Finished loading ./res/graphics/floor_tiles/dirty_grass_1_floor.png
[2025-03-06 09:19:33] [INFO] [Sprite] Finished loading ./res/graphics/floor_tiles/white_sand_floor.png
[2025-03-06 09:19:33] [INFO] [Sprite] Finished loading ./res/graphics/floor_tiles/white_sands_2.png
[2025-03-06 09:19:33] [INFO] [Sprite] Finished loading ./res/graphics/floor_tiles/dirty_grass_2_floor.png
[2025-03-06 09:19:33] [INFO] [Sprite] Finished loading ./res/graphics/floor_tiles/sand_3_floor.png
[2025-03-06 09:19:33] [INFO] [Sprite] Finished loading ./res/graphics/floor_tiles/obsidian_floor.png
[2025-03-06 09:19:33] [INFO] [Sprite] Finished loading ./res/graphics/floor_tiles/base_floor.png
[2025-03-06 09:19:33] [INFO] [Sprite] Finished loading ./res/graphics/floor_tiles/sand_floor.png
[2025-03-06 09:19:33] [INFO] [Sprite] Finished loading ./res/graphics/floor_tiles/dirty_grass_3_floor.png
[2025-03-06 09:19:33] [INFO] [Sprite] Finished loading ./res/graphics/floor_tiles/sand_2_floor.png
[2025-03-06 09:19:33] [INFO] [Sprite] Finished loading ./res/graphics/units/Air_Dragon.png
[2025-03-06 09:19:33] [INFO] [Sprite] Finished loading ./res/graphics/units/Dragon.png
[2025-03-06 09:19:33] [INFO] [Sprite] Finished loading ./res/graphics/units/Dark_Dragon.png
[2025-03-06 09:19:33] [INFO] [Sprite] Finished loading ./res/graphics/units/Earth_Dragon.png
[2025-03-06 09:19:33] [INFO] [Sprite] Finished loading ./res/graphics/units/Light_Dragon.png
[2025-03-06 09:19:33] [INFO] [Sprite] Finished loading ./res/graphics/units/Water_Dragon.png
[2025-03-06 09:19:33] [INFO] [Sprite] Finished loading ./res/graphics/units/Fire_Dragon.png
[2025-03-06 09:19:33] [INFO] [Sprite] Finished loading ./res/graphics/actions/StatsDown.png
[2025-03-06 09:19:33] [INFO] [Sprite] Finished loading ./res/graphics/actions/PhysicalHit4.png
[2025-03-06 09:19:33] [INFO] [Sprite] Finished loading ./res/graphics/actions/Slash.png
[2025-03-06 09:19:33] [INFO] [Sprite] Finished loading ./res/graphics/actions/Air.png
[2025-03-06 09:19:33] [INFO] [Sprite] Finished loading ./res/graphics/actions/Dark.png
[2025-03-06 09:19:33] [INFO] [Sprite] Finished loading ./res/graphics/actions/Blunt.png
[2025-03-06 09:19:33] [INFO] [Sprite] Finished loading ./res/graphics/actions/Fire.png
[2025-03-06 09:19:33] [INFO] [Sprite] Finished loading ./res/graphics/actions/Earth.png
[2025-03-06 09:19:33] [INFO] [Sprite] Finished loading ./res/graphics/actions/Light.png
[2025-03-06 09:19:33] [INFO] [Sprite] Finished loading ./res/graphics/actions/StatsUp.png
[2025-03-06 09:19:33] [INFO] [Sprite] Finished loading ./res/graphics/actions/Water.png
[2025-03-06 09:19:33] [INFO] [Sprite] Finished loading ./res/graphics/actions/Pierce.png
[2025-03-06 09:19:33] [INFO] [Sprite] Finished loading ./res/graphics/spells/LightSpell.png
[2025-03-06 09:19:33] [INFO] [Sprite] Finished loading ./res/graphics/spells/StatsDown.png
[2025-03-06 09:19:33] [INFO] [Sprite] Finished loading ./res/graphics/spells/WindSpell.png
[2025-03-06 09:19:33] [INFO] [Sprite] Finished loading ./res/graphics/spells/WaterSpell.png
[2025-03-06 09:19:33] [INFO] [Sprite] Finished loading ./res/graphics/spells/PhysicalHit4.png
[2025-03-06 09:19:33] [INFO] [Sprite] Finished loading ./res/graphics/spells/PhysicalHit1.png
[2025-03-06 09:19:33] [INFO] [Sprite] Finished loading ./res/graphics/spells/LightningSpell.png
[2025-03-06 09:19:33] [INFO] [Sprite] Finished loading ./res/graphics/spells/PhysicalHit3.png
[2025-03-06 09:19:33] [INFO] [Sprite] Finished loading ./res/graphics/spells/PhysicalHit2.png
[2025-03-06 09:19:33] [INFO] [Sprite] Finished loading ./res/graphics/spells/FireSpell.png
[2025-03-06 09:19:33] [INFO] [Sprite] Finished loading ./res/graphics/spells/DarkSpell.png
[2025-03-06 09:19:33] [INFO] [Sprite] Finished loading ./res/graphics/spells/StatsUp.png
[2025-03-06 09:19:33] [INFO] [Sprite] Finished loading ./res/graphics/spells/EarthSpell.png
[2025-03-06 09:19:33] [INFO] [Sprite] Finished loading ./res/graphics/liquids/greater_leafage_liquid.png
[2025-03-06 09:19:33] [INFO] [Sprite] Finished loading ./res/graphics/liquids/waterV4_liquid.png
[2025-03-06 09:19:33] [INFO] [Sprite] Finished loading ./res/graphics/liquids/shallow_swamp.png
[2025-03-06 09:19:33] [INFO] [Sprite] Finished loading ./res/graphics/liquids/water5.png
[2025-03-06 09:19:33] [INFO] [Sprite] Finished loading ./res/graphics/liquids/swamp_2.png
[2025-03-06 09:19:33] [INFO] [Sprite] Finished loading ./res/graphics/liquids/Lava_liquid.png
[2025-03-06 09:19:33] [INFO] [Sprite] Finished loading ./res/graphics/liquids/swamp2.png
[2025-03-06 09:19:33] [INFO] [Sprite] Finished loading ./res/graphics/liquids/waterV33_liquid.png
[2025-03-06 09:19:33] [INFO] [Sprite] Finished loading ./res/graphics/liquids/shallow_water_liquid.png
[2025-03-06 09:19:33] [INFO] [Sprite] Finished loading ./res/graphics/liquids/water_liquid.png
[2025-03-06 09:19:33] [INFO] [Sprite] Finished loading ./res/graphics/liquids/waterV2_liquid.png
[2025-03-06 09:19:33] [INFO] [Sprite] Finished loading ./res/graphics/liquids/swamp2_liquid.png
[2025-03-06 09:19:33] [INFO] [SpriteSheetOG] Finished loading ./res/graphics
[2025-03-06 09:19:33] [INFO] [AssetPool] Finished initializing AssetPool
[2025-03-06 09:19:33] [INFO] [FontPoolV1] Started initializing FontPoolV1
[2025-03-06 09:19:33] [INFO] [FontPoolV1] Finished initializing FontPoolV1
[2025-03-06 09:19:33] [INFO] [UnitDatabase] Started initializing UnitDatabase
[2025-03-06 09:19:33] [INFO] [UnitDatabase] Successfully initialized UnitDatabase
[2025-03-06 09:19:33] [INFO] [UnitDatabase] Finished initializing UnitDatabase
[2025-03-06 09:19:33] [INFO] [JsonDatabase] Started initializing JsonDatabase
[2025-03-06 09:19:33] [INFO] [JsonTable] Started initializing JsonTable
[2025-03-06 09:19:33] [INFO] [JsonTable] Successfully initialized JsonTable
[2025-03-06 09:19:33] [INFO] [JsonTable] Finished initializing JsonTable
[2025-03-06 09:19:33] [INFO] [JsonTable] Started initializing JsonTable
[2025-03-06 09:19:33] [INFO] [JsonTable] Successfully initialized JsonTable
[2025-03-06 09:19:33] [INFO] [JsonTable] Finished initializing JsonTable
[2025-03-06 09:19:33] [INFO] [JsonTable] Started initializing JsonTable
[2025-03-06 09:19:33] [INFO] [JsonTable] Successfully initialized JsonTable
[2025-03-06 09:19:33] [INFO] [JsonTable] Finished initializing JsonTable
[2025-03-06 09:19:33] [INFO] [JsonDatabase] Successfully initialized JsonDatabase
[2025-03-06 09:19:33] [INFO] [JsonDatabase] Finished initializing JsonDatabase
[2025-03-06 09:19:33] [INFO] [Component] Setting 04f72a59-888e-4bf0-b2a9-41ea9d56e3b6 on to 942582e2-5334-4dad-9204-63669833bf98.
[2025-03-06 09:19:33] [INFO] [SpeedQueue] Added unit enemy:Oixzyi into queue
[2025-03-06 09:19:33] [INFO] [Component] Setting e96b24ed-7f63-4bb0-8b36-fd12548268c9 on to 7196e70e-49f5-4990-a24a-849bbfd8cfe5.
[2025-03-06 09:19:33] [INFO] [SpeedQueue] Added unit enemy:Nymbab into queue
[2025-03-06 09:19:33] [INFO] [Component] Setting b0d2d38c-97d2-4066-9e2d-f3141c88655c on to 1cd10743-df7d-4360-9873-8d790bbc86f6.
[2025-03-06 09:19:33] [INFO] [SpeedQueue] Added unit enemy:Lixkdy into queue
[2025-03-06 09:19:33] [INFO] [Component] Setting a8a06f32-e312-4c3f-a7ea-15852e45d964 on to 9e0f5988-d152-4c07-9aaf-c276233db73a.
[2025-03-06 09:19:33] [INFO] [SpeedQueue] Added unit enemy:Yawza into queue
[2025-03-06 09:19:33] [INFO] [Component] Setting 7587c247-d74f-4a7f-bf1f-e3ab685af1dc on to d7e45fd5-91ed-465a-a085-b0c584ee2de7.
[2025-03-06 09:19:33] [INFO] [SpeedQueue] Added unit user:Qeiaoi into queue
[2025-03-06 09:19:33] [INFO] [FontPool] Started initializing FontPool
[2025-03-06 09:19:33] [INFO] [FontPool] ✅ Successfully loaded font: Lilian
[2025-03-06 09:19:34] [INFO] [SpeedQueue] Speed queue updated.
[2025-03-06 09:19:34] [INFO] [VisualsSystem] Started creating blurred background
[2025-03-06 09:19:34] [INFO] [TimeLinePanel] Updating timeline HUD
[2025-03-06 09:19:34] [INFO] [VisualsSystem] Finished creating blurred background after 0.512509822845459 seconds
[2025-03-06 09:19:35] [INFO] [AbilityDatabase] Started initializing AbilityDatabase
[2025-03-06 09:19:35] [INFO] [AbilityDatabase] Successfully initialized AbilityDatabase
[2025-03-06 09:19:35] [INFO] [AbilityDatabase] Finished initializing AbilityDatabase
[2025-03-06 09:19:37] [INFO] [MovementSystem] Nymbab is planning to move from [8, 4] to [9, 3]
[2025-03-06 09:19:37] [INFO] [MovementSystem] Updated movement area for Nymbab
[2025-03-06 09:19:37] [INFO] [MovementSystem] Updated movement path for Nymbab
[2025-03-06 09:19:37] [INFO] [Component] Setting e96b24ed-7f63-4bb0-8b36-fd12548268c9 on to 4b74c2bb-d43d-43da-ab33-0fd0cb61d83d.
[2025-03-06 09:19:37] [INFO] [MovementSystem] Moved from [8, 4] to [9, 3]
[2025-03-06 09:19:39] [INFO] [TimeLinePanel] Updating timeline HUD
[2025-03-06 09:19:39] [INFO] [MovementSystem] Yawza is planning to move from [6, 3] to [5, 3]
[2025-03-06 09:19:39] [INFO] [MovementSystem] Updated movement area for Yawza
[2025-03-06 09:19:39] [INFO] [MovementSystem] Updated movement path for Yawza
[2025-03-06 09:19:39] [INFO] [Component] Setting a8a06f32-e312-4c3f-a7ea-15852e45d964 on to f5669c8e-164a-45f1-a146-04e2423ccfa3.
[2025-03-06 09:19:39] [INFO] [MovementSystem] Moved fr