[2025-04-02 22:02:39] [INFO] [UserSaveStateManager] Started loading user save data
[2025-04-02 22:02:39] [INFO] [UserSaveStateManager] Finished loading user save data
[2025-04-02 22:02:39] [INFO] [AssetPool] Started initializing AssetPool
[2025-04-02 22:02:39] [INFO] [AssetNameSpace] Started loading Sprite's from ./res/graphics
[2025-04-02 22:02:39] [INFO] [AssetNameSpace] Finished reading files for sprites
[2025-04-02 22:02:39] [INFO] [AssetNameSpace] Finished loading ./res/graphics
[2025-04-02 22:02:39] [INFO] [AssetPool] Finished initializing AssetPool
[2025-04-02 22:02:39] [INFO] [UnitDatabase] Started initializing UnitDatabase
[2025-04-02 22:02:39] [INFO] [UnitDatabase] Successfully initialized UnitDatabase
[2025-04-02 22:02:39] [INFO] [UnitDatabase] Finished initializing UnitDatabase
[2025-04-02 22:02:39] [INFO] [JsonDatabase] Started initializing JsonDatabase
[2025-04-02 22:02:39] [INFO] [JsonTable] Started initializing JsonTable
[2025-04-02 22:02:39] [INFO] [JsonTable] Successfully initialized JsonTable
[2025-04-02 22:02:39] [INFO] [JsonTable] Finished initializing JsonTable
[2025-04-02 22:02:39] [INFO] [JsonTable] Started initializing JsonTable
[2025-04-02 22:02:39] [INFO] [JsonTable] Successfully initialized JsonTable
[2025-04-02 22:02:39] [INFO] [JsonTable] Finished initializing JsonTable
[2025-04-02 22:02:39] [INFO] [JsonTable] Started initializing JsonTable
[2025-04-02 22:02:39] [INFO] [JsonTable] Successfully initialized JsonTable
[2025-04-02 22:02:39] [INFO] [JsonTable] Finished initializing JsonTable
[2025-04-02 22:02:39] [INFO] [JsonDatabase] Successfully initialized JsonDatabase
[2025-04-02 22:02:39] [INFO] [JsonDatabase] Finished initializing JsonDatabase
[2025-04-02 22:02:39] [INFO] [Component] Setting 8e0a1434-c1cd-4459-bd2f-3b1c400f891a on to f6855a2a-e771-4593-b6c3-7766f8473176.
[2025-04-02 22:02:39] [INFO] [SpeedQueue] Added unit enemy:Ludofr into queue
[2025-04-02 22:02:39] [INFO] [Component] Setting eef12203-b0b6-4203-841a-03bcf17ea7e4 on to 66d9b86e-35d8-4f89-929a-b5d93d4559db.
[2025-04-02 22:02:39] [INFO] [SpeedQueue] Added unit enemy:Haaj into queue
[2025-04-02 22:02:39] [INFO] [Component] Setting 75381b80-bf36-4157-ac1b-43e8bc5779e7 on to d1d208fd-2ae8-47f2-a547-61b08629c864.
[2025-04-02 22:02:39] [INFO] [SpeedQueue] Added unit enemy:Comaa into queue
[2025-04-02 22:02:39] [INFO] [Component] Setting 7d3d888c-7124-47a5-8f64-736e907bc55c on to 8cab9228-7938-40bd-9d7b-75226404845c.
[2025-04-02 22:02:39] [INFO] [SpeedQueue] Added unit user:Uukuu into queue
[2025-04-02 22:02:39] [INFO] [Component] Setting 62988467-4f7f-45d2-9544-b324a9855f16 on to 6b9a8b2e-5cf0-4d2e-a582-39008c151146.
[2025-04-02 22:02:39] [INFO] [SpeedQueue] Added unit user:Bucioo into queue
[2025-04-02 22:02:39] [INFO] [Component] Setting e5d2986b-b06d-4548-81c8-f1c3e841cb94 on to d4c5f13c-7ebe-4bc5-9e6b-264706ef7c68.
[2025-04-02 22:02:39] [INFO] [SpeedQueue] Added unit user:Tileix into queue
[2025-04-02 22:02:39] [INFO] [Component] Setting 601709d3-9247-4637-a0a2-5978ef9d5522 on to 43bfaee0-1b88-43c2-9c8d-8a6dd69cbdc1.
[2025-04-02 22:02:39] [INFO] [SpeedQueue] Added unit user:Xeqqxx into queue
[2025-04-02 22:02:39] [INFO] [EngineController] Started setting scene to MENU_SCENE
[2025-04-02 22:02:40] [INFO] [EngineController] Finished setting scene to MENU_SCENE
[2025-04-02 22:02:40] [INFO] [EngineController] Started setting scene to GAME_SCENE
[2025-04-02 22:02:40] [INFO] [FontPool] Started initializing FontPool
[2025-04-02 22:02:40] [INFO] [FontPool] ✅ Successfully loaded font: Lilian
[2025-04-02 22:02:40] [INFO] [EngineController] Finished setting scene to GAME_SCENE
[2025-04-02 22:02:40] [INFO] [SpeedQueue] Speed queue updated.
[2025-04-02 22:02:40] [INFO] [VisualsSystem] Started creating blurred background
[2025-04-02 22:02:40] [INFO] [TimeLinePanel] Started updating the timeline panel after turn order has changed.
[2025-04-02 22:02:40] [INFO] [TimeLinePanel] Finished updating the timeline panel after turn order has changed.
[2025-04-02 22:02:40] [INFO] [SelectedTilePanel] Checksum updated, getting units at selected tiles.
[2025-04-02 22:02:40] [INFO] [SelectedTilePanel] Either no unit selected or more than one unit selected
[2025-04-02 22:02:40] [INFO] [LesserStatisticsInformationPanel] Checksum has been updated, querying statistics for unit 8e0a1434-c1cd-4459-bd2f-3b1c400f891a
[2025-04-02 22:02:41] [INFO] [VisualsSystem] Finished creating blurred background after 0.49611783027648926 seconds
[2025-04-02 22:02:41] [INFO] [MovementSystem] Ludofr is planning to move from [0, 3] to [0, 3]
[2025-04-02 22:02:41] [INFO] [MovementSystem] Updated movement area for Ludofr
[2025-04-02 22:02:41] [INFO] [MovementSystem] Updated movement path for Ludofr
[2025-04-02 22:02:43] [INFO] [InputHandler] Gliding secondary.camera camera to new tile d4c5f13c-7ebe-4bc5-9e6b-264706ef7c68
[2025-04-02 22:02:43] [INFO] [InputHandler] Gliding main.camera camera to new tile d4c5f13c-7ebe-4bc5-9e6b-264706ef7c68
[2025-04-02 22:02:43] [INFO] [SelectedTilePanel] Checksum updated, getting units at selected tiles.
[2025-04-02 22:02:43] [INFO] [SelectedTilePanel] Updated selected tile display to view Tileix
[2025-04-02 22:02:43] [INFO] [LesserStatisticsInformationPanel] Finished updating Greater UI
[2025-04-02 22:02:43] [INFO] [MovementSystem] Ludofr is planning to move from [0, 3] to [1, 3]
[2025-04-02 22:02:43] [INFO] [MovementSystem] Updated movement path for Ludofr
[2025-04-02 22:02:43] [INFO] [Component] Setting 8e0a1434-c1cd-4459-bd2f-3b1c400f891a on to 34a19fe5-8476-4f38-90bf-91694075250c.
[2025-04-02 22:02:43] [INFO] [MovementSystem] Moved from [0, 3] to [1, 3]
[2025-04-02 22:02:43] [INFO] [MovementSystem] {} has moved
[2025-04-02 22:02:45] [INFO] [AbilityDatabase] Started initializing AbilityDatabase
[2025-04-02 22:02:45] [INFO] [AbilityDatabase] Successfully initialized AbilityDatabase
[2025-04-02 22:02:45] [INFO] [AbilityDatabase] Finished initializing AbilityDatabase
