[2025-03-23 18:25:47] [INFO] [AssetPool] Started initializing AssetPool
[2025-03-23 18:25:47] [INFO] [AssetNameSpace] Started loading Sprite's from ./res/graphics
[2025-03-23 18:25:47] [INFO] [AssetNameSpace] Finished reading files for sprites
[2025-03-23 18:25:47] [INFO] [AssetNameSpace] Finished loading ./res/graphics
[2025-03-23 18:25:47] [INFO] [AssetPool] Finished initializing AssetPool
[2025-03-23 18:25:47] [INFO] [FontPoolV1] Started initializing FontPoolV1
[2025-03-23 18:25:47] [INFO] [FontPoolV1] Finished initializing FontPoolV1
[2025-03-23 18:25:47] [INFO] [UnitDatabase] Started initializing UnitDatabase
[2025-03-23 18:25:47] [INFO] [UnitDatabase] Successfully initialized UnitDatabase
[2025-03-23 18:25:47] [INFO] [UnitDatabase] Finished initializing UnitDatabase
[2025-03-23 18:25:47] [INFO] [JsonDatabase] Started initializing JsonDatabase
[2025-03-23 18:25:47] [INFO] [JsonTable] Started initializing JsonTable
[2025-03-23 18:25:47] [INFO] [JsonTable] Successfully initialized JsonTable
[2025-03-23 18:25:47] [INFO] [JsonTable] Finished initializing JsonTable
[2025-03-23 18:25:47] [INFO] [JsonTable] Started initializing JsonTable
[2025-03-23 18:25:47] [INFO] [JsonTable] Successfully initialized JsonTable
[2025-03-23 18:25:47] [INFO] [JsonTable] Finished initializing JsonTable
[2025-03-23 18:25:47] [INFO] [JsonTable] Started initializing JsonTable
[2025-03-23 18:25:47] [INFO] [JsonTable] Successfully initialized JsonTable
[2025-03-23 18:25:47] [INFO] [JsonTable] Finished initializing JsonTable
[2025-03-23 18:25:47] [INFO] [JsonDatabase] Successfully initialized JsonDatabase
[2025-03-23 18:25:47] [INFO] [JsonDatabase] Finished initializing JsonDatabase
[2025-03-23 18:25:47] [INFO] [Component] Setting 404aa3f3-3928-4e03-a484-17af668a8490 on to 8c2b9d42-9da0-45cd-80dd-7891a9e140d4.
[2025-03-23 18:25:47] [INFO] [SpeedQueue] Added unit enemy:Iokyu into queue
[2025-03-23 18:25:47] [INFO] [Component] Setting a17a3adf-8bbe-4cce-a91f-ed7579e97d28 on to 13358eee-b45e-44a8-9067-cada88720b0f.
[2025-03-23 18:25:47] [INFO] [SpeedQueue] Added unit enemy:Cyke into queue
[2025-03-23 18:25:47] [INFO] [Component] Setting 5569e42a-4b0b-4e99-b892-9f8d7a25a839 on to 3d6b42f8-b159-4b8b-87bb-facf9cb7226e.
[2025-03-23 18:25:47] [INFO] [SpeedQueue] Added unit enemy:Iedgu into queue
[2025-03-23 18:25:47] [INFO] [Component] Setting 0ffba30b-ea72-45ce-a114-c443475e6cb0 on to 78346c01-caa4-4212-af10-2e81ea710f16.
[2025-03-23 18:25:47] [INFO] [SpeedQueue] Added unit user:Vyofa into queue
[2025-03-23 18:25:47] [INFO] [Component] Setting 8d1fa00d-071d-4571-9393-6c3e533e0714 on to 8dc27d8d-0713-4e29-9647-0463ba2c5f6b.
[2025-03-23 18:25:47] [INFO] [SpeedQueue] Added unit user:Vukp into queue
[2025-03-23 18:25:47] [INFO] [Component] Setting 05f386ac-93c4-4e05-9b0d-0fcab35d788e on to d578127c-6cc4-4a39-88e0-64cf1bf96477.
[2025-03-23 18:25:47] [INFO] [SpeedQueue] Added unit user:Jysoi into queue
[2025-03-23 18:25:47] [INFO] [EngineController] Started setting scene to MENU_SCENE
[2025-03-23 18:25:48] [INFO] [EngineController] Finished setting scene to MENU_SCENE
[2025-03-23 18:25:48] [INFO] [EngineController] Started setting scene to MAP_EDITOR_SCENE
[2025-03-23 18:25:48] [INFO] [FontPool] Started initializing FontPool
[2025-03-23 18:25:48] [INFO] [FontPool] ✅ Successfully loaded font: Lilian
[2025-03-23 18:25:48] [INFO] [EngineController] Finished setting scene to MAP_EDITOR_SCENE
[2025-03-23 18:25:48] [INFO] [EngineController] Started setting scene to GAME_SCENE
[2025-03-23 18:25:48] [INFO] [EngineController] Finished setting scene to GAME_SCENE
[2025-03-23 18:25:48] [INFO] [SpeedQueue] Speed queue updated.
[2025-03-23 18:25:48] [INFO] [VisualsSystem] Started creating blurred background
[2025-03-23 18:25:48] [INFO] [TimeLinePanel] Started updating the timeline panel after turn order has changed.
[2025-03-23 18:25:48] [INFO] [TimeLinePanel] Finished updating the timeline panel after turn order has changed.
[2025-03-23 18:25:48] [INFO] [SelectedTilePanel] Checksum updated, getting units at selected tiles.
[2025-03-23 18:25:48] [INFO] [SelectedTilePanel] Either no unit selected or more than one unit selected
[2025-03-23 18:25:48] [INFO] [LesserStatisticsInformationPanel] Checksum has been updated, querying statistics for unit 5569e42a-4b0b-4e99-b892-9f8d7a25a839
[2025-03-23 18:25:49] [INFO] [VisualsSystem] Finished creating blurred background after 0.5043717622756958 seconds
[2025-03-23 18:25:49] [INFO] [MovementSystem] Iedgu is planning to move from [7, 4] to [6, 5]
[2025-03-23 18:25:49] [INFO] [MovementSystem] Updated movement area for Iedgu
[2025-03-23 18:25:49] [INFO] [MovementSystem] Updated movement path for Iedgu
[2025-03-23 18:25:49] [INFO] [Component] Setting 5569e42a-4b0b-4e99-b892-9f8d7a25a839 on to 2d321d4e-e05c-46dd-8bd7-8b86b3baac94.
[2025-03-23 18:25:49] [INFO] [MovementSystem] Moved from [7, 4] to [6, 5]
[2025-03-23 18:25:50] [INFO] [EngineController] Started setting scene to MAP_EDITOR_SCENE
[2025-03-23 18:25:50] [INFO] [EngineController] Finished setting scene to MAP_EDITOR_SCENE
[2025-03-23 18:25:50] [INFO] [VisualsSystem] Started creating blurred background
[2025-03-23 18:25:50] [INFO] [TimeLinePanel] Started updating the timeline panel after turn order has changed.
[2025-03-23 18:25:50] [INFO] [TimeLinePanel] Finished updating the timeline panel after turn order has changed.
[2025-03-23 18:25:50] [INFO] [SelectedTilePanel] Checksum updated, getting units at selected tiles.
[2025-03-23 18:25:50] [INFO] [SelectedTilePanel] Either no unit selected or more than one unit selected
[2025-03-23 18:25:51] [INFO] [VisualsSystem] Finished creating blurred background after 0.37850359082221985 seconds
[2025-03-23 18:25:52] [INFO] [EngineController] Started setting scene to MENU_SCENE
[2025-03-23 18:25:52] [INFO] [EngineController] Finished setting scene to MENU_SCENE
[2025-03-23 18:25:54] [INFO] [EngineController] Started setting scene to MAP_EDITOR_SCENE
[2025-03-23 18:25:54] [INFO] [EngineController] Finished setting scene to MAP_EDITOR_SCENE
[2025-03-23 18:25:54] [INFO] [TimeLinePanel] Started updating the timeline panel after turn order has changed.
[2025-03-23 18:25:54] [INFO] [VisualsSystem] Started creating blurred background
[2025-03-23 18:25:54] [INFO] [TimeLinePanel] Finished updating the timeline panel after turn order has changed.
[2025-03-23 18:25:54] [INFO] [SelectedTilePanel] Checksum updated, getting units at selected tiles.
[2025-03-23 18:25:54] [INFO] [SelectedTilePanel] Either no unit selected or more than one unit selected
[2025-03-23 18:25:54] [INFO] [VisualsSystem] Finished creating blurred background after 0.37262317538261414 seconds
