[2025-03-12 00:15:32] [INFO] [AssetPool] Started initializing AssetPool
[2025-03-12 00:15:32] [INFO] [Engine] HEAP ALLOCATION INCREASED! 1.0 GB of 16.0 GB used
[2025-03-12 00:15:32] [INFO] [SpriteSheetOG] Started loading Sprite's from ./res/graphics
[2025-03-12 00:15:32] [INFO] [SpriteSheetOG] Finished reading files for sprites
[2025-03-12 00:15:32] [INFO] [Sprite] Finished loading ./res/graphics/misc/blue_reticle.png
[2025-03-12 00:15:32] [INFO] [Sprite] Finished loading ./res/graphics/misc/pink_spawn.png
[2025-03-12 00:15:32] [INFO] [Sprite] Finished loading ./res/graphics/misc/reticle.png
[2025-03-12 00:15:32] [INFO] [Sprite] Finished loading ./res/graphics/misc/yellow_spawn.png
[2025-03-12 00:15:32] [INFO] [Sprite] Finished loading ./res/graphics/misc/blue_spawn.png
[2025-03-12 00:15:32] [INFO] [Sprite] Finished loading ./res/graphics/misc/red_reticle.png
[2025-03-12 00:15:32] [INFO] [Sprite] Finished loading ./res/graphics/misc/depth_shadows.png
[2025-03-12 00:15:32] [INFO] [Sprite] Finished loading ./res/graphics/misc/yellow_reticle.png
[2025-03-12 00:15:32] [INFO] [Sprite] Finished loading ./res/graphics/misc/red_spawn.png
[2025-03-12 00:15:32] [INFO] [Sprite] Finished loading ./res/graphics/misc/directional_shadows.png
[2025-03-12 00:15:32] [INFO] [Sprite] Finished loading ./res/graphics/shadows/northwest.png
[2025-03-12 00:15:32] [INFO] [Sprite] Finished loading ./res/graphics/shadows/west.png
[2025-03-12 00:15:32] [INFO] [Sprite] Finished loading ./res/graphics/shadows/north.png
[2025-03-12 00:15:32] [INFO] [Sprite] Finished loading ./res/graphics/shadows/east.png
[2025-03-12 00:15:32] [INFO] [Sprite] Finished loading ./res/graphics/shadows/northeast.png
[2025-03-12 00:15:32] [INFO] [Sprite] Finished loading ./res/graphics/shadows/south.png
[2025-03-12 00:15:32] [INFO] [Sprite] Finished loading ./res/graphics/shadows/southwest.png
[2025-03-12 00:15:32] [INFO] [Sprite] Finished loading ./res/graphics/shadows/southeast.png
[2025-03-12 00:15:32] [INFO] [Sprite] Finished loading ./res/graphics/structures/tree3_structure.png
[2025-03-12 00:15:32] [INFO] [Sprite] Finished loading ./res/graphics/structures/tree4_structure.png
[2025-03-12 00:15:32] [INFO] [Sprite] Finished loading ./res/graphics/structures/tree1_structure.png
[2025-03-12 00:15:32] [INFO] [Sprite] Finished loading ./res/graphics/structures/tree5_structure.png
[2025-03-12 00:15:32] [INFO] [Sprite] Finished loading ./res/graphics/structures/tree2_structure.png
[2025-03-12 00:15:32] [INFO] [Sprite] Finished loading ./res/graphics/structures/tree6_structure.png
[2025-03-12 00:15:32] [INFO] [Sprite] Finished loading ./res/graphics/wall_tiles/rock_wall2.png
[2025-03-12 00:15:32] [INFO] [Sprite] Finished loading ./res/graphics/wall_tiles/sandstone_wall.png
[2025-03-12 00:15:32] [INFO] [Sprite] Finished loading ./res/graphics/wall_tiles/elden_yellow_wall.png
[2025-03-12 00:15:32] [INFO] [Sprite] Finished loading ./res/graphics/wall_tiles/vine_on_wall.png
[2025-03-12 00:15:32] [INFO] [Sprite] Finished loading ./res/graphics/wall_tiles/boulder_wall.png
[2025-03-12 00:15:32] [INFO] [Sprite] Finished loading ./res/graphics/wall_tiles/white_marble_wall.png
[2025-03-12 00:15:32] [INFO] [Sprite] Finished loading ./res/graphics/wall_tiles/elden_green_wall.png
[2025-03-12 00:15:32] [INFO] [Sprite] Finished loading ./res/graphics/wall_tiles/brown_marble_wall.png
[2025-03-12 00:15:32] [INFO] [Sprite] Finished loading ./res/graphics/wall_tiles/small_brick_wall.png
[2025-03-12 00:15:32] [INFO] [Sprite] Finished loading ./res/graphics/wall_tiles/moss_wall.png
[2025-03-12 00:15:32] [INFO] [Sprite] Finished loading ./res/graphics/wall_tiles/dirt_brick_vine_wall.png
[2025-03-12 00:15:32] [INFO] [Sprite] Finished loading ./res/graphics/wall_tiles/elden_purple_wall.png
[2025-03-12 00:15:32] [INFO] [Sprite] Finished loading ./res/graphics/wall_tiles/large_brick_wall.png
[2025-03-12 00:15:32] [INFO] [Sprite] Finished loading ./res/graphics/wall_tiles/dirt_wall.png
[2025-03-12 00:15:32] [INFO] [Sprite] Finished loading ./res/graphics/wall_tiles/alien_wall.png
[2025-03-12 00:15:32] [INFO] [Sprite] Finished loading ./res/graphics/wall_tiles/industrial_brick_wall.png
[2025-03-12 00:15:32] [INFO] [Sprite] Finished loading ./res/graphics/wall_tiles/rock_wall.png
[2025-03-12 00:15:32] [INFO] [Sprite] Finished loading ./res/graphics/wall_tiles/dirt_wall2.png
[2025-03-12 00:15:32] [INFO] [Sprite] Finished loading ./res/graphics/wall_tiles/moss_wall2.png
[2025-03-12 00:15:32] [INFO] [Sprite] Finished loading ./res/graphics/wall_tiles/moss_wall3.png
[2025-03-12 00:15:32] [INFO] [Sprite] Finished loading ./res/graphics/wall_tiles/no_wall.png
[2025-03-12 00:15:32] [INFO] [Sprite] Finished loading ./res/graphics/wall_tiles/alien_rune_wall.png
[2025-03-12 00:15:32] [INFO] [Sprite] Finished loading ./res/graphics/wall_tiles/industrial_wall.png
[2025-03-12 00:15:32] [INFO] [Sprite] Finished loading ./res/graphics/wall_tiles/small_brick_wall2.png
[2025-03-12 00:15:32] [INFO] [Sprite] Finished loading ./res/graphics/old/liquids 2.png
[2025-03-12 00:15:32] [INFO] [Sprite] Finished loading ./res/graphics/old/gems.png
[2025-03-12 00:15:32] [INFO] [Sprite] Finished loading ./res/graphics/old/floors.png
[2025-03-12 00:15:32] [INFO] [Sprite] Finished loading ./res/graphics/old/terrains.png
[2025-03-12 00:15:32] [INFO] [Sprite] Finished loading ./res/graphics/old/gemsRaw.png
[2025-03-12 00:15:32] [INFO] [Sprite] Finished loading ./res/graphics/old/walls.png
[2025-03-12 00:15:32] [INFO] [Sprite] Finished loading ./res/graphics/old/special2.png
[2025-03-12 00:15:32] [INFO] [Sprite] Finished loading ./res/graphics/old/structures.png
[2025-03-12 00:15:32] [INFO] [Sprite] Finished loading ./res/graphics/old/special.png
[2025-03-12 00:15:32] [INFO] [Sprite] Finished loading ./res/graphics/old/liquids.png
[2025-03-12 00:15:32] [INFO] [Sprite] Finished loading ./res/graphics/old/units.png
[2025-03-12 00:15:32] [INFO] [Sprite] Finished loading ./res/graphics/old/terrains2.png
[2025-03-12 00:15:32] [INFO] [Sprite] Finished loading ./res/graphics/old/floors2.png
[2025-03-12 00:15:32] [INFO] [Sprite] Finished loading ./res/graphics/floor_tiles/sand_1_floor.png
[2025-03-12 00:15:32] [INFO] [Sprite] Finished loading ./res/graphics/floor_tiles/sand_dark_floor.png
[2025-03-12 00:15:32] [INFO] [Sprite] Finished loading ./res/graphics/floor_tiles/dirty_grass_1_floor.png
[2025-03-12 00:15:32] [INFO] [Sprite] Finished loading ./res/graphics/floor_tiles/white_sand_floor.png
[2025-03-12 00:15:32] [INFO] [Sprite] Finished loading ./res/graphics/floor_tiles/white_sands_2.png
[2025-03-12 00:15:32] [INFO] [Sprite] Finished loading ./res/graphics/floor_tiles/dirty_grass_2_floor.png
[2025-03-12 00:15:32] [INFO] [Sprite] Finished loading ./res/graphics/floor_tiles/sand_3_floor.png
[2025-03-12 00:15:32] [INFO] [Sprite] Finished loading ./res/graphics/floor_tiles/obsidian_floor.png
[2025-03-12 00:15:32] [INFO] [Sprite] Finished loading ./res/graphics/floor_tiles/base_floor.png
[2025-03-12 00:15:32] [INFO] [Sprite] Finished loading ./res/graphics/floor_tiles/sand_floor.png
[2025-03-12 00:15:32] [INFO] [Sprite] Finished loading ./res/graphics/floor_tiles/dirty_grass_3_floor.png
[2025-03-12 00:15:32] [INFO] [Sprite] Finished loading ./res/graphics/floor_tiles/sand_2_floor.png
[2025-03-12 00:15:32] [INFO] [Sprite] Finished loading ./res/graphics/units/Air_Dragon.png
[2025-03-12 00:15:32] [INFO] [Sprite] Finished loading ./res/graphics/units/Dragon.png
[2025-03-12 00:15:32] [INFO] [Sprite] Finished loading ./res/graphics/units/Dark_Dragon.png
[2025-03-12 00:15:32] [INFO] [Sprite] Finished loading ./res/graphics/units/Earth_Dragon.png
[2025-03-12 00:15:32] [INFO] [Sprite] Finished loading ./res/graphics/units/Light_Dragon.png
[2025-03-12 00:15:32] [INFO] [Sprite] Finished loading ./res/graphics/units/Water_Dragon.png
[2025-03-12 00:15:32] [INFO] [Sprite] Finished loading ./res/graphics/units/Fire_Dragon.png
[2025-03-12 00:15:32] [INFO] [Sprite] Finished loading ./res/graphics/actions/StatsDown.png
[2025-03-12 00:15:32] [INFO] [Sprite] Finished loading ./res/graphics/actions/PhysicalHit4.png
[2025-03-12 00:15:32] [INFO] [Sprite] Finished loading ./res/graphics/actions/Slash.png
[2025-03-12 00:15:32] [INFO] [Sprite] Finished loading ./res/graphics/actions/Air.png
[2025-03-12 00:15:32] [INFO] [Sprite] Finished loading ./res/graphics/actions/Dark.png
[2025-03-12 00:15:32] [INFO] [Sprite] Finished loading ./res/graphics/actions/Blunt.png
[2025-03-12 00:15:32] [INFO] [Sprite] Finished loading ./res/graphics/actions/Fire.png
[2025-03-12 00:15:32] [INFO] [Sprite] Finished loading ./res/graphics/actions/Earth.png
[2025-03-12 00:15:32] [INFO] [Sprite] Finished loading ./res/graphics/actions/Light.png
[2025-03-12 00:15:32] [INFO] [Sprite] Finished loading ./res/graphics/actions/StatsUp.png
[2025-03-12 00:15:32] [INFO] [Sprite] Finished loading ./res/graphics/actions/Water.png
[2025-03-12 00:15:32] [INFO] [Sprite] Finished loading ./res/graphics/actions/Pierce.png
[2025-03-12 00:15:32] [INFO] [Sprite] Finished loading ./res/graphics/spells/LightSpell.png
[2025-03-12 00:15:32] [INFO] [Sprite] Finished loading ./res/graphics/spells/StatsDown.png
[2025-03-12 00:15:32] [INFO] [Sprite] Finished loading ./res/graphics/spells/WindSpell.png
[2025-03-12 00:15:32] [INFO] [Sprite] Finished loading ./res/graphics/spells/WaterSpell.png
[2025-03-12 00:15:32] [INFO] [Sprite] Finished loading ./res/graphics/spells/PhysicalHit4.png
[2025-03-12 00:15:32] [INFO] [Sprite] Finished loading ./res/graphics/spells/PhysicalHit1.png
[2025-03-12 00:15:32] [INFO] [Sprite] Finished loading ./res/graphics/spells/LightningSpell.png
[2025-03-12 00:15:32] [INFO] [Sprite] Finished loading ./res/graphics/spells/PhysicalHit3.png
[2025-03-12 00:15:32] [INFO] [Sprite] Finished loading ./res/graphics/spells/PhysicalHit2.png
[2025-03-12 00:15:32] [INFO] [Sprite] Finished loading ./res/graphics/spells/FireSpell.png
[2025-03-12 00:15:32] [INFO] [Sprite] Finished loading ./res/graphics/spells/DarkSpell.png
[2025-03-12 00:15:32] [INFO] [Sprite] Finished loading ./res/graphics/spells/StatsUp.png
[2025-03-12 00:15:32] [INFO] [Sprite] Finished loading ./res/graphics/spells/EarthSpell.png
[2025-03-12 00:15:32] [INFO] [Sprite] Finished loading ./res/graphics/liquids/greater_leafage_liquid.png
[2025-03-12 00:15:32] [INFO] [Sprite] Finished loading ./res/graphics/liquids/waterV4_liquid.png
[2025-03-12 00:15:32] [INFO] [Sprite] Finished loading ./res/graphics/liquids/shallow_swamp.png
[2025-03-12 00:15:32] [INFO] [Sprite] Finished loading ./res/graphics/liquids/water5.png
[2025-03-12 00:15:32] [INFO] [Sprite] Finished loading ./res/graphics/liquids/swamp_2.png
[2025-03-12 00:15:32] [INFO] [Sprite] Finished loading ./res/graphics/liquids/Lava_liquid.png
[2025-03-12 00:15:32] [INFO] [Sprite] Finished loading ./res/graphics/liquids/swamp2.png
[2025-03-12 00:15:32] [INFO] [Sprite] Finished loading ./res/graphics/liquids/waterV33_liquid.png
[2025-03-12 00:15:32] [INFO] [Sprite] Finished loading ./res/graphics/liquids/shallow_water_liquid.png
[2025-03-12 00:15:32] [INFO] [Sprite] Finished loading ./res/graphics/liquids/water_liquid.png
[2025-03-12 00:15:32] [INFO] [Sprite] Finished loading ./res/graphics/liquids/waterV2_liquid.png
[2025-03-12 00:15:32] [INFO] [Sprite] Finished loading ./res/graphics/liquids/swamp2_liquid.png
[2025-03-12 00:15:32] [INFO] [SpriteSheetOG] Finished loading ./res/graphics
[2025-03-12 00:15:32] [INFO] [AssetPool] Finished initializing AssetPool
[2025-03-12 00:15:33] [INFO] [FontPoolV1] Started initializing FontPoolV1
[2025-03-12 00:15:33] [INFO] [FontPoolV1] Finished initializing FontPoolV1
[2025-03-12 00:15:33] [INFO] [UnitDatabase] Started initializing UnitDatabase
[2025-03-12 00:15:33] [INFO] [UnitDatabase] Successfully initialized UnitDatabase
[2025-03-12 00:15:33] [INFO] [UnitDatabase] Finished initializing UnitDatabase
[2025-03-12 00:15:33] [INFO] [JsonDatabase] Started initializing JsonDatabase
[2025-03-12 00:15:33] [INFO] [JsonTable] Started initializing JsonTable
[2025-03-12 00:15:33] [INFO] [JsonTable] Successfully initialized JsonTable
[2025-03-12 00:15:33] [INFO] [JsonTable] Finished initializing JsonTable
[2025-03-12 00:15:33] [INFO] [JsonTable] Started initializing JsonTable
[2025-03-12 00:15:33] [INFO] [JsonTable] Successfully initialized JsonTable
[2025-03-12 00:15:33] [INFO] [JsonTable] Finished initializing JsonTable
[2025-03-12 00:15:33] [INFO] [JsonTable] Started initializing JsonTable
[2025-03-12 00:15:33] [INFO] [JsonTable] Successfully initialized JsonTable
[2025-03-12 00:15:33] [INFO] [JsonTable] Finished initializing JsonTable
[2025-03-12 00:15:33] [INFO] [JsonDatabase] Successfully initialized JsonDatabase
[2025-03-12 00:15:33] [INFO] [JsonDatabase] Finished initializing JsonDatabase
[2025-03-12 00:15:33] [INFO] [Component] Setting 0ccef32b-a546-4de1-8997-2e1f6146d25a on to b52e59b0-9f05-4911-a299-b922d0defe81.
[2025-03-12 00:15:33] [INFO] [SpeedQueue] Added unit enemy:Kubiod into queue
[2025-03-12 00:15:33] [INFO] [Component] Setting cce5a805-436d-493d-99e6-b7c08eacf48b on to 956ea65c-c5c7-4cd6-96cf-d6590cd64619.
[2025-03-12 00:15:33] [INFO] [SpeedQueue] Added unit enemy:Huza into queue
[2025-03-12 00:15:33] [INFO] [Component] Setting af169cde-184d-4089-b0e7-8b4f4e57c35c on to aed9ea73-e70a-4164-b9f4-cc63117425f2.
[2025-03-12 00:15:33] [INFO] [SpeedQueue] Added unit enemy:Seuyz into queue
[2025-03-12 00:15:33] [INFO] [Component] Setting 9f9f8855-aba0-4b40-bcf2-03c648246e39 on to f3da2e95-3e83-487f-b8c4-5523f71b3e8d.
[2025-03-12 00:15:33] [INFO] [SpeedQueue] Added unit user:Aaoz into queue
[2025-03-12 00:15:33] [INFO] [Component] Setting 8b204ff5-ec70-45e1-9981-baae05b4f0d7 on to 81431191-369b-4e05-8b1e-8faea7a1f9b8.
[2025-03-12 00:15:33] [INFO] [SpeedQueue] Added unit user:Vanoea into queue
[2025-03-12 00:15:33] [INFO] [Component] Setting 2b7ce6cf-4a6f-4b7c-9cac-d2c9057ef7a3 on to 2a265b7b-dc86-49cd-8fdd-43d012eabd92.
[2025-03-12 00:15:33] [INFO] [SpeedQueue] Added unit user:Ficoi into queue
[2025-03-12 00:15:33] [INFO] [Component] Setting 59a91a77-2e7c-472a-8bc8-c5906cb2a1bb on to aa24e522-2136-4a79-ada6-5750816ca17d.
[2025-03-12 00:15:33] [INFO] [SpeedQueue] Added unit user:Dyfbuy into queue
[2025-03-12 00:15:33] [INFO] [FontPool] Started initializing FontPool
[2025-03-12 00:15:33] [INFO] [FontPool] ✅ Successfully loaded font: Lilian
[2025-03-12 00:15:34] [INFO] [SpeedQueue] Speed queue updated.
[2025-03-12 00:15:34] [INFO] [VisualsSystem] Started creating blurred background
[2025-03-12 00:15:34] [INFO] [TimeLinePanel] Started updating the timeline panel after turn order has changed.
[2025-03-12 00:15:34] [INFO] [TimeLinePanel] Finished updating the timeline panel after turn order has changed.
[2025-03-12 00:15:34] [INFO] [SelectedTilePanel] Checksum updated, getting units at selected tiles.
[2025-03-12 00:15:34] [INFO] [SelectedTilePanel] Either no unit selected or more than one unit selected
[2025-03-12 00:15:34] [INFO] [LesserStatisticsInformationPanel] Checksum has been updated, querying statistics for unit 2b7ce6cf-4a6f-4b7c-9cac-d2c9057ef7a3
[2025-03-12 00:15:34] [INFO] [VisualsSystem] Finished creating blurred background after 0.5046322345733643 seconds
[2025-03-12 00:15:37] [INFO] [SelectedTilePanel] Checksum updated, getting units at selected tiles.
[2025-03-12 00:15:37] [INFO] [SelectedTilePanel] Updated selected tile display to view Ficoi
[2025-03-12 00:15:37] [INFO] [LesserStatisticsInformationPanel] Finished updating Greater UI
[2025-03-12 00:15:44] [INFO] [SelectedTilePanel] Checksum updated, getting units at selected tiles.
[2025-03-12 00:15:44] [INFO] [SelectedTilePanel] Either no unit selected or more than one unit selected
[2025-03-12 00:15:45] [INFO] [SelectedTilePanel] Checksum updated, getting units at selected tiles.
[2025-03-12 00:15:45] [INFO] [SelectedTilePanel] Either no unit selected or more than one unit selected
[2025-03-12 00:15:45] [INFO] [SelectedTilePanel] Checksum updated, getting units at selected tiles.
[2025-03-12 00:15:45] [INFO] [SelectedTilePanel] Either no unit selected or more than one unit selected
[2025-03-12 00:15:46] [INFO] [SelectedTilePanel] Checksum updated, getting units at selected tiles.
[2025-03-12 00:15:46] [INFO] [SelectedTilePanel] Either no unit selected or more than one unit selected
[2025-03-12 00:15:47] [INFO] [SelectedTilePanel] Checksum updated, getting units at selected tiles.
[2025-03-12 00:15:47] [INFO] [SelectedTilePanel] Either no unit selected or more than one unit selected
[2025-03-12 00:15:49] [INFO] [Main] {
  "map.generation.zoom": 0.75,
  "map.generation.min.height": -10,
  "hovered.tiles": ["5dfeffa4-d413-40ec-8dca-9530ec9969ca"],
  "view_sprite_height": 96,
  "delta_time": 0.016680292,
  "map.generation.starting.camerra.height": 950,
  "spawn.placement.policy": "everywhere",
  "gameplay.water.level": 0,
  "statistics.panel.is.open": false,
  "automatically.go.to.home.controls": false,
  "camera_map": {
    "main_camera": {},
    "selection_camera": {}
  },
  "map.generation.starting.y": 0,
  "map.generation.base.level": 1,
  "map.generation.starting.x": 0,
  "show.heights": true,
  "hide.gameplay.ui": true,
  "tile.to.glide.to": "",
  "map.generation.max.height": 10,
  "selected.tiles.checksum": -338227592,
  "map.generation.base.terrain": "white_sand_floor",
  "debug_mode_for_the_game_state": false,
  "movement.panel.is.open": false,
  "gameplay.rows": 10,
  "view_sprite_width": 96,
  "map.generation.starting.sprite.width": 96,
  "ability.panel.is.open": false,
  "gameplay.mode": "gameplay.mode.regular",
  "map.generation.structure.assets": ["tree4_structure"],
  "floating_text_map": {},
  "map.center.on.startup": true,
  "gameplay.columns": 10,
  "gameplay.water.asset": "water_liquid",
  "selected.tiles": ["c0108a0b-1eb3-4aa7-a60d-f197533878cf"],
  "map.generation.starting.camera.width": 1500,
  "selected_ability_from_ui": "",
  "map.generation.starting.sprite.height": 96,
  "map.generation.use.noise": true,
  "floating_text_font_size": 30,
  "map.generation.base.asset": "base_floor"
}
