[2025-03-14 22:50:34] [INFO] [AssetPool] Started initializing AssetPool
[2025-03-14 22:50:35] [INFO] [Engine] HEAP ALLOCATION INCREASED! 1.0 GB of 16.0 GB used
[2025-03-14 22:50:35] [INFO] [SpriteSheetOG] Started loading Sprite's from ./res/graphics
[2025-03-14 22:50:35] [INFO] [SpriteSheetOG] Finished reading files for sprites
[2025-03-14 22:50:35] [INFO] [Sprite] Finished loading ./res/graphics/misc/blue_reticle.png
[2025-03-14 22:50:35] [INFO] [Sprite] Finished loading ./res/graphics/misc/pink_spawn.png
[2025-03-14 22:50:35] [INFO] [Sprite] Finished loading ./res/graphics/misc/reticle.png
[2025-03-14 22:50:35] [INFO] [Sprite] Finished loading ./res/graphics/misc/yellow_spawn.png
[2025-03-14 22:50:35] [INFO] [Sprite] Finished loading ./res/graphics/misc/blue_spawn.png
[2025-03-14 22:50:35] [INFO] [Sprite] Finished loading ./res/graphics/misc/red_reticle.png
[2025-03-14 22:50:35] [INFO] [Sprite] Finished loading ./res/graphics/misc/depth_shadows.png
[2025-03-14 22:50:35] [INFO] [Sprite] Finished loading ./res/graphics/misc/yellow_reticle.png
[2025-03-14 22:50:35] [INFO] [Sprite] Finished loading ./res/graphics/misc/red_spawn.png
[2025-03-14 22:50:35] [INFO] [Sprite] Finished loading ./res/graphics/misc/directional_shadows.png
[2025-03-14 22:50:35] [INFO] [Sprite] Finished loading ./res/graphics/shadows/northwest.png
[2025-03-14 22:50:35] [INFO] [Sprite] Finished loading ./res/graphics/shadows/west.png
[2025-03-14 22:50:35] [INFO] [Sprite] Finished loading ./res/graphics/shadows/north.png
[2025-03-14 22:50:35] [INFO] [Sprite] Finished loading ./res/graphics/shadows/east.png
[2025-03-14 22:50:35] [INFO] [Sprite] Finished loading ./res/graphics/shadows/northeast.png
[2025-03-14 22:50:35] [INFO] [Sprite] Finished loading ./res/graphics/shadows/south.png
[2025-03-14 22:50:35] [INFO] [Sprite] Finished loading ./res/graphics/shadows/southwest.png
[2025-03-14 22:50:35] [INFO] [Sprite] Finished loading ./res/graphics/shadows/southeast.png
[2025-03-14 22:50:35] [INFO] [Sprite] Finished loading ./res/graphics/structures/tree3_structure.png
[2025-03-14 22:50:35] [INFO] [Sprite] Finished loading ./res/graphics/structures/tree4_structure.png
[2025-03-14 22:50:35] [INFO] [Sprite] Finished loading ./res/graphics/structures/tree1_structure.png
[2025-03-14 22:50:35] [INFO] [Sprite] Finished loading ./res/graphics/structures/tree5_structure.png
[2025-03-14 22:50:35] [INFO] [Sprite] Finished loading ./res/graphics/structures/tree2_structure.png
[2025-03-14 22:50:35] [INFO] [Sprite] Finished loading ./res/graphics/structures/tree6_structure.png
[2025-03-14 22:50:35] [INFO] [Sprite] Finished loading ./res/graphics/wall_tiles/rock_wall2.png
[2025-03-14 22:50:35] [INFO] [Sprite] Finished loading ./res/graphics/wall_tiles/sandstone_wall.png
[2025-03-14 22:50:35] [INFO] [Sprite] Finished loading ./res/graphics/wall_tiles/elden_yellow_wall.png
[2025-03-14 22:50:35] [INFO] [Sprite] Finished loading ./res/graphics/wall_tiles/vine_on_wall.png
[2025-03-14 22:50:35] [INFO] [Sprite] Finished loading ./res/graphics/wall_tiles/boulder_wall.png
[2025-03-14 22:50:35] [INFO] [Sprite] Finished loading ./res/graphics/wall_tiles/white_marble_wall.png
[2025-03-14 22:50:35] [INFO] [Sprite] Finished loading ./res/graphics/wall_tiles/elden_green_wall.png
[2025-03-14 22:50:35] [INFO] [Sprite] Finished loading ./res/graphics/wall_tiles/brown_marble_wall.png
[2025-03-14 22:50:35] [INFO] [Sprite] Finished loading ./res/graphics/wall_tiles/small_brick_wall.png
[2025-03-14 22:50:35] [INFO] [Sprite] Finished loading ./res/graphics/wall_tiles/moss_wall.png
[2025-03-14 22:50:35] [INFO] [Sprite] Finished loading ./res/graphics/wall_tiles/dirt_brick_vine_wall.png
[2025-03-14 22:50:35] [INFO] [Sprite] Finished loading ./res/graphics/wall_tiles/elden_purple_wall.png
[2025-03-14 22:50:35] [INFO] [Sprite] Finished loading ./res/graphics/wall_tiles/large_brick_wall.png
[2025-03-14 22:50:35] [INFO] [Sprite] Finished loading ./res/graphics/wall_tiles/dirt_wall.png
[2025-03-14 22:50:35] [INFO] [Sprite] Finished loading ./res/graphics/wall_tiles/alien_wall.png
[2025-03-14 22:50:35] [INFO] [Sprite] Finished loading ./res/graphics/wall_tiles/industrial_brick_wall.png
[2025-03-14 22:50:35] [INFO] [Sprite] Finished loading ./res/graphics/wall_tiles/rock_wall.png
[2025-03-14 22:50:35] [INFO] [Sprite] Finished loading ./res/graphics/wall_tiles/dirt_wall2.png
[2025-03-14 22:50:35] [INFO] [Sprite] Finished loading ./res/graphics/wall_tiles/moss_wall2.png
[2025-03-14 22:50:35] [INFO] [Sprite] Finished loading ./res/graphics/wall_tiles/moss_wall3.png
[2025-03-14 22:50:35] [INFO] [Sprite] Finished loading ./res/graphics/wall_tiles/no_wall.png
[2025-03-14 22:50:35] [INFO] [Sprite] Finished loading ./res/graphics/wall_tiles/alien_rune_wall.png
[2025-03-14 22:50:35] [INFO] [Sprite] Finished loading ./res/graphics/wall_tiles/industrial_wall.png
[2025-03-14 22:50:35] [INFO] [Sprite] Finished loading ./res/graphics/wall_tiles/small_brick_wall2.png
[2025-03-14 22:50:35] [INFO] [Sprite] Finished loading ./res/graphics/old/liquids 2.png
[2025-03-14 22:50:35] [INFO] [Sprite] Finished loading ./res/graphics/old/gems.png
[2025-03-14 22:50:35] [INFO] [Sprite] Finished loading ./res/graphics/old/floors.png
[2025-03-14 22:50:35] [INFO] [Sprite] Finished loading ./res/graphics/old/terrains.png
[2025-03-14 22:50:35] [INFO] [Sprite] Finished loading ./res/graphics/old/gemsRaw.png
[2025-03-14 22:50:35] [INFO] [Sprite] Finished loading ./res/graphics/old/walls.png
[2025-03-14 22:50:35] [INFO] [Sprite] Finished loading ./res/graphics/old/special2.png
[2025-03-14 22:50:35] [INFO] [Sprite] Finished loading ./res/graphics/old/structures.png
[2025-03-14 22:50:35] [INFO] [Sprite] Finished loading ./res/graphics/old/special.png
[2025-03-14 22:50:35] [INFO] [Sprite] Finished loading ./res/graphics/old/liquids.png
[2025-03-14 22:50:35] [INFO] [Sprite] Finished loading ./res/graphics/old/units.png
[2025-03-14 22:50:35] [INFO] [Sprite] Finished loading ./res/graphics/old/terrains2.png
[2025-03-14 22:50:35] [INFO] [Sprite] Finished loading ./res/graphics/old/floors2.png
[2025-03-14 22:50:35] [INFO] [Sprite] Finished loading ./res/graphics/floor_tiles/sand_1_floor.png
[2025-03-14 22:50:35] [INFO] [Sprite] Finished loading ./res/graphics/floor_tiles/sand_dark_floor.png
[2025-03-14 22:50:35] [INFO] [Sprite] Finished loading ./res/graphics/floor_tiles/dirty_grass_1_floor.png
[2025-03-14 22:50:35] [INFO] [Sprite] Finished loading ./res/graphics/floor_tiles/white_sand_floor.png
[2025-03-14 22:50:35] [INFO] [Sprite] Finished loading ./res/graphics/floor_tiles/white_sands_2.png
[2025-03-14 22:50:35] [INFO] [Sprite] Finished loading ./res/graphics/floor_tiles/dirty_grass_2_floor.png
[2025-03-14 22:50:35] [INFO] [Sprite] Finished loading ./res/graphics/floor_tiles/sand_3_floor.png
[2025-03-14 22:50:35] [INFO] [Sprite] Finished loading ./res/graphics/floor_tiles/obsidian_floor.png
[2025-03-14 22:50:35] [INFO] [Sprite] Finished loading ./res/graphics/floor_tiles/base_floor.png
[2025-03-14 22:50:35] [INFO] [Sprite] Finished loading ./res/graphics/floor_tiles/sand_floor.png
[2025-03-14 22:50:35] [INFO] [Sprite] Finished loading ./res/graphics/floor_tiles/dirty_grass_3_floor.png
[2025-03-14 22:50:35] [INFO] [Sprite] Finished loading ./res/graphics/floor_tiles/sand_2_floor.png
[2025-03-14 22:50:35] [INFO] [Sprite] Finished loading ./res/graphics/units/Air_Dragon.png
[2025-03-14 22:50:35] [INFO] [Sprite] Finished loading ./res/graphics/units/Dragon.png
[2025-03-14 22:50:35] [INFO] [Sprite] Finished loading ./res/graphics/units/Dark_Dragon.png
[2025-03-14 22:50:35] [INFO] [Sprite] Finished loading ./res/graphics/units/Earth_Dragon.png
[2025-03-14 22:50:35] [INFO] [Sprite] Finished loading ./res/graphics/units/Light_Dragon.png
[2025-03-14 22:50:35] [INFO] [Sprite] Finished loading ./res/graphics/units/Water_Dragon.png
[2025-03-14 22:50:35] [INFO] [Sprite] Finished loading ./res/graphics/units/Fire_Dragon.png
[2025-03-14 22:50:35] [INFO] [Sprite] Finished loading ./res/graphics/actions/StatsDown.png
[2025-03-14 22:50:35] [INFO] [Sprite] Finished loading ./res/graphics/actions/PhysicalHit4.png
[2025-03-14 22:50:35] [INFO] [Sprite] Finished loading ./res/graphics/actions/Slash.png
[2025-03-14 22:50:35] [INFO] [Sprite] Finished loading ./res/graphics/actions/Air.png
[2025-03-14 22:50:35] [INFO] [Sprite] Finished loading ./res/graphics/actions/Dark.png
[2025-03-14 22:50:35] [INFO] [Sprite] Finished loading ./res/graphics/actions/Blunt.png
[2025-03-14 22:50:35] [INFO] [Sprite] Finished loading ./res/graphics/actions/Fire.png
[2025-03-14 22:50:35] [INFO] [Sprite] Finished loading ./res/graphics/actions/Earth.png
[2025-03-14 22:50:35] [INFO] [Sprite] Finished loading ./res/graphics/actions/Light.png
[2025-03-14 22:50:35] [INFO] [Sprite] Finished loading ./res/graphics/actions/StatsUp.png
[2025-03-14 22:50:35] [INFO] [Sprite] Finished loading ./res/graphics/actions/Water.png
[2025-03-14 22:50:35] [INFO] [Sprite] Finished loading ./res/graphics/actions/Pierce.png
[2025-03-14 22:50:35] [INFO] [Sprite] Finished loading ./res/graphics/spells/LightSpell.png
[2025-03-14 22:50:35] [INFO] [Sprite] Finished loading ./res/graphics/spells/StatsDown.png
[2025-03-14 22:50:35] [INFO] [Sprite] Finished loading ./res/graphics/spells/WindSpell.png
[2025-03-14 22:50:35] [INFO] [Sprite] Finished loading ./res/graphics/spells/WaterSpell.png
[2025-03-14 22:50:35] [INFO] [Sprite] Finished loading ./res/graphics/spells/PhysicalHit4.png
[2025-03-14 22:50:35] [INFO] [Sprite] Finished loading ./res/graphics/spells/PhysicalHit1.png
[2025-03-14 22:50:35] [INFO] [Sprite] Finished loading ./res/graphics/spells/LightningSpell.png
[2025-03-14 22:50:35] [INFO] [Sprite] Finished loading ./res/graphics/spells/PhysicalHit3.png
[2025-03-14 22:50:35] [INFO] [Sprite] Finished loading ./res/graphics/spells/PhysicalHit2.png
[2025-03-14 22:50:35] [INFO] [Sprite] Finished loading ./res/graphics/spells/FireSpell.png
[2025-03-14 22:50:35] [INFO] [Sprite] Finished loading ./res/graphics/spells/DarkSpell.png
[2025-03-14 22:50:35] [INFO] [Sprite] Finished loading ./res/graphics/spells/StatsUp.png
[2025-03-14 22:50:35] [INFO] [Sprite] Finished loading ./res/graphics/spells/EarthSpell.png
[2025-03-14 22:50:35] [INFO] [Sprite] Finished loading ./res/graphics/liquids/greater_leafage_liquid.png
[2025-03-14 22:50:35] [INFO] [Sprite] Finished loading ./res/graphics/liquids/waterV4_liquid.png
[2025-03-14 22:50:35] [INFO] [Sprite] Finished loading ./res/graphics/liquids/shallow_swamp.png
[2025-03-14 22:50:35] [INFO] [Sprite] Finished loading ./res/graphics/liquids/water5.png
[2025-03-14 22:50:35] [INFO] [Sprite] Finished loading ./res/graphics/liquids/swamp_2.png
[2025-03-14 22:50:35] [INFO] [Sprite] Finished loading ./res/graphics/liquids/Lava_liquid.png
[2025-03-14 22:50:35] [INFO] [Sprite] Finished loading ./res/graphics/liquids/swamp2.png
[2025-03-14 22:50:35] [INFO] [Sprite] Finished loading ./res/graphics/liquids/waterV33_liquid.png
[2025-03-14 22:50:35] [INFO] [Sprite] Finished loading ./res/graphics/liquids/shallow_water_liquid.png
[2025-03-14 22:50:35] [INFO] [Sprite] Finished loading ./res/graphics/liquids/water_liquid.png
[2025-03-14 22:50:35] [INFO] [Sprite] Finished loading ./res/graphics/liquids/waterV2_liquid.png
[2025-03-14 22:50:35] [INFO] [Sprite] Finished loading ./res/graphics/liquids/swamp2_liquid.png
[2025-03-14 22:50:35] [INFO] [SpriteSheetOG] Finished loading ./res/graphics
[2025-03-14 22:50:35] [INFO] [AssetPool] Finished initializing AssetPool
[2025-03-14 22:50:35] [INFO] [FontPoolV1] Started initializing FontPoolV1
[2025-03-14 22:50:35] [INFO] [FontPoolV1] Finished initializing FontPoolV1
[2025-03-14 22:50:35] [INFO] [UnitDatabase] Started initializing UnitDatabase
[2025-03-14 22:50:35] [INFO] [UnitDatabase] Successfully initialized UnitDatabase
[2025-03-14 22:50:35] [INFO] [UnitDatabase] Finished initializing UnitDatabase
[2025-03-14 22:50:35] [INFO] [JsonDatabase] Started initializing JsonDatabase
[2025-03-14 22:50:35] [INFO] [JsonTable] Started initializing JsonTable
[2025-03-14 22:50:35] [INFO] [JsonTable] Successfully initialized JsonTable
[2025-03-14 22:50:35] [INFO] [JsonTable] Finished initializing JsonTable
[2025-03-14 22:50:35] [INFO] [JsonTable] Started initializing JsonTable
[2025-03-14 22:50:35] [INFO] [JsonTable] Successfully initialized JsonTable
[2025-03-14 22:50:35] [INFO] [JsonTable] Finished initializing JsonTable
[2025-03-14 22:50:35] [INFO] [JsonTable] Started initializing JsonTable
[2025-03-14 22:50:35] [INFO] [JsonTable] Successfully initialized JsonTable
[2025-03-14 22:50:35] [INFO] [JsonTable] Finished initializing JsonTable
[2025-03-14 22:50:35] [INFO] [JsonDatabase] Successfully initialized JsonDatabase
[2025-03-14 22:50:35] [INFO] [JsonDatabase] Finished initializing JsonDatabase
[2025-03-14 22:50:35] [INFO] [Component] Setting 4228dac3-e164-4b8a-b851-f9ab1de4d455 on to 407b59b2-56e6-40d9-8613-1145a0e18c67.
[2025-03-14 22:50:35] [INFO] [SpeedQueue] Added unit enemy:Jupeo into queue
[2025-03-14 22:50:35] [INFO] [Component] Setting 1cd18211-5776-4f08-9a18-eb8d28257063 on to 4334364d-5aaa-47fc-8fb3-b62f6093d2a3.
[2025-03-14 22:50:35] [INFO] [SpeedQueue] Added unit enemy:Zabky into queue
[2025-03-14 22:50:35] [INFO] [Component] Setting 203bd044-ed70-4753-8455-4d5188dc1601 on to 61c695f9-0847-4fd1-a60c-d63b05b770b4.
[2025-03-14 22:50:35] [INFO] [SpeedQueue] Added unit enemy:Lama into queue
[2025-03-14 22:50:35] [INFO] [Component] Setting 1a82a98b-38fb-43a4-9d73-fc9dcb1d1202 on to 96e66121-092e-48cb-bde7-1e7ac67f572a.
[2025-03-14 22:50:35] [INFO] [SpeedQueue] Added unit enemy:Eutvyi into queue
[2025-03-14 22:50:35] [INFO] [Component] Setting 4a2a038f-3dc2-4c49-af4f-da36c78862e9 on to d1fca256-847d-42d8-83b7-6a80b0c57525.
[2025-03-14 22:50:35] [INFO] [SpeedQueue] Added unit user:Fofye into queue
[2025-03-14 22:50:35] [INFO] [Component] Setting 5301483e-4cd2-4e03-8d04-f026a5b1f790 on to f07742e1-a4a7-4842-88e1-c3e007cbfa32.
[2025-03-14 22:50:35] [INFO] [SpeedQueue] Added unit user:Haxioy into queue
[2025-03-14 22:50:35] [INFO] [Component] Setting ba9e2347-274a-40c2-a861-a94e9d1ee1f1 on to 92e33948-5154-47ac-b8b3-38f199c5448b.
[2025-03-14 22:50:35] [INFO] [SpeedQueue] Added unit user:Sanv into queue
[2025-03-14 22:50:35] [INFO] [Component] Setting cd8e87cb-439a-4b68-b134-1f32568cf47d on to 1823491d-0caf-49e6-823c-c39cf7017b7a.
[2025-03-14 22:50:35] [INFO] [SpeedQueue] Added unit user:Matfui into queue
[2025-03-14 22:50:35] [INFO] [FontPool] Started initializing FontPool
[2025-03-14 22:50:35] [INFO] [FontPool] ✅ Successfully loaded font: Lilian
[2025-03-14 22:50:36] [INFO] [SpeedQueue] Speed queue updated.
[2025-03-14 22:50:36] [INFO] [VisualsSystem] Started creating blurred background
[2025-03-14 22:50:36] [INFO] [TimeLinePanel] Started updating the timeline panel after turn order has changed.
[2025-03-14 22:50:36] [INFO] [TimeLinePanel] Finished updating the timeline panel after turn order has changed.
[2025-03-14 22:50:36] [INFO] [SelectedTilePanel] Checksum updated, getting units at selected tiles.
[2025-03-14 22:50:36] [INFO] [SelectedTilePanel] Either no unit selected or more than one unit selected
[2025-03-14 22:50:36] [INFO] [LesserStatisticsInformationPanel] Checksum has been updated, querying statistics for unit 1cd18211-5776-4f08-9a18-eb8d28257063
[2025-03-14 22:50:37] [INFO] [VisualsSystem] Finished creating blurred background after 0.5051456093788147 seconds
[2025-03-14 22:50:37] [INFO] [AbilityDatabase] Started initializing AbilityDatabase
[2025-03-14 22:50:37] [INFO] [AbilityDatabase] Successfully initialized AbilityDatabase
[2025-03-14 22:50:37] [INFO] [AbilityDatabase] Finished initializing AbilityDatabase
[2025-03-14 22:50:39] [INFO] [MovementSystem] Zabky is planning to move from [3, 8] to [4, 9]
[2025-03-14 22:50:39] [INFO] [MovementSystem] Updated movement area for Zabky
[2025-03-14 22:50:39] [INFO] [MovementSystem] Updated movement path for Zabky
[2025-03-14 22:50:39] [INFO] [Component] Setting 1cd18211-5776-4f08-9a18-eb8d28257063 on to 85945bc8-cb73-4352-bc54-168bdf2fd717.
[2025-03-14 22:50:39] [INFO] [MovementSystem] Moved from [3, 8] to [4, 9]
[2025-03-14 22:50:41] [INFO] [SelectedTilePanel] Checksum updated, getting units at selected tiles.
[2025-03-14 22:50:41] [INFO] [SelectedTilePanel] Updated selected tile display to view Jupeo
[2025-03-14 22:50:41] [INFO] [LesserStatisticsInformationPanel] Finished updating Greater UI
[2025-03-14 22:50:41] [INFO] [TimeLinePanel] Started updating the timeline panel after turn order has changed.
[2025-03-14 22:50:41] [INFO] [TimeLinePanel] Finished updating the timeline panel after turn order has changed.
[2025-03-14 22:50:42] [INFO] [SelectedTilePanel] Checksum updated, getting units at selected tiles.
[2025-03-14 22:50:42] [INFO] [SelectedTilePanel] Updated selected tile display to view Fofye
[2025-03-14 22:50:42] [INFO] [LesserStatisticsInformationPanel] Finished updating Greater UI
[2025-03-14 22:50:43] [INFO] [SelectedTilePanel] Checksum updated, getting units at selected tiles.
[2025-03-14 22:50:43] [INFO] [SelectedTilePanel] Either no unit selected or more than one unit selected
[2025-03-14 22:50:43] [INFO] [MovementSystem] Jupeo is planning to move from [5, 5] to [6, 5]
[2025-03-14 22:50:43] [INFO] [MovementSystem] Updated movement area for Jupeo
[2025-03-14 22:50:43] [INFO] [MovementSystem] Updated movement path for Jupeo
[2025-03-14 22:50:43] [INFO] [Component] Setting 4228dac3-e164-4b8a-b851-f9ab1de4d455 on to 3ca22800-7867-49a4-ae4a-a48897711ce2.
[2025-03-14 22:50:43] [INFO] [MovementSystem] Moved from [5, 5] to [6, 5]
[2025-03-14 22:50:45] [INFO] [SelectedTilePanel] Checksum updated, getting units at selected tiles.
[2025-03-14 22:50:45] [INFO] [SelectedTilePanel] Updated selected tile display to view Jupeo
[2025-03-14 22:50:45] [INFO] [LesserStatisticsInformationPanel] Finished updating Greater UI
[2025-03-14 22:50:45] [INFO] [TimeLinePanel] Started updating the timeline panel after turn order has changed.
[2025-03-14 22:50:45] [INFO] [TimeLinePanel] Finished updating the timeline panel after turn order has changed.
[2025-03-14 22:50:46] [INFO] [MovementSystem] Sanv is planning to move from [2, 5] to [9, 9]
[2025-03-14 22:50:46] [INFO] [MovementSystem] Updated movement area for Sanv
[2025-03-14 22:50:46] [INFO] [MovementSystem] Updated movement path for Sanv
[2025-03-14 22:50:46] [INFO] [MovementSystem] Sanv is planning to move from [2, 5] to null
[2025-03-14 22:50:46] [INFO] [MovementSystem] Updated movement path for Sanv
[2025-03-14 22:50:47] [INFO] [MovementSystem] Sanv is planning to move from [2, 5] to [9, 9]
[2025-03-14 22:50:47] [INFO] [MovementSystem] Updated movement path for Sanv
[2025-03-14 22:50:47] [INFO] [MovementSystem] Sanv is planning to move from [2, 5] to [9, 8]
[2025-03-14 22:50:47] [INFO] [MovementSystem] Updated movement path for Sanv
[2025-03-14 22:50:47] [INFO] [MovementSystem] Sanv is planning to move from [2, 5] to [8, 8]
[2025-03-14 22:50:47] [INFO] [MovementSystem] Updated movement path for Sanv
[2025-03-14 22:50:47] [INFO] [MovementSystem] Sanv is planning to move from [2, 5] to [8, 7]
[2025-03-14 22:50:47] [INFO] [MovementSystem] Updated movement path for Sanv
[2025-03-14 22:50:47] [INFO] [MovementSystem] Sanv is planning to move from [2, 5] to [8, 6]
[2025-03-14 22:50:47] [INFO] [MovementSystem] Updated movement path for Sanv
[2025-03-14 22:50:47] [INFO] [MovementSystem] Sanv is planning to move from [2, 5] to [7, 5]
[2025-03-14 22:50:47] [INFO] [MovementSystem] Updated movement path for Sanv
[2025-03-14 22:50:47] [INFO] [MovementSystem] Sanv is planning to move from [2, 5] to [6, 5]
[2025-03-14 22:50:47] [INFO] [MovementSystem] Updated movement path for Sanv
[2025-03-14 22:50:47] [INFO] [MovementSystem] Sanv is planning to move from [2, 5] to [6, 4]
[2025-03-14 22:50:47] [INFO] [MovementSystem] Updated movement path for Sanv
[2025-03-14 22:50:47] [INFO] [MovementSystem] Sanv is planning to move from [2, 5] to [5, 4]
[2025-03-14 22:50:47] [INFO] [MovementSystem] Updated movement path for Sanv
[2025-03-14 22:50:47] [INFO] [MovementSystem] Sanv is planning to move from [2, 5] to [4, 4]
[2025-03-14 22:50:47] [INFO] [MovementSystem] Updated movement path for Sanv
[2025-03-14 22:50:47] [INFO] [MovementSystem] Sanv is planning to move from [2, 5] to [3, 4]
[2025-03-14 22:50:47] [INFO] [MovementSystem] Updated movement path for Sanv
[2025-03-14 22:50:48] [INFO] [Component] Setting ba9e2347-274a-40c2-a861-a94e9d1ee1f1 on to 6df1c179-388d-473c-a279-d5a3c694294e.
[2025-03-14 22:50:48] [INFO] [MovementSystem] Moved from [2, 5] to [3, 4]
[2025-03-14 22:50:48] [INFO] [SelectedTilePanel] Checksum updated, getting units at selected tiles.
[2025-03-14 22:50:48] [INFO] [SelectedTilePanel] Updated selected tile display to view Sanv
[2025-03-14 22:50:48] [INFO] [LesserStatisticsInformationPanel] Finished updating Greater UI
[2025-03-14 22:51:01] [INFO] [AbilitySelectionPanel] Selecting energy_beam
[2025-03-14 22:51:01] [INFO] [AbilitySystem] Sanv is planning to use energy_beam on [6, 9]
[2025-03-14 22:51:01] [INFO] [AbilitySystem] Updated area of sight for Sanv, viewing 13 tiles
[2025-03-14 22:51:01] [INFO] [AbilitySystem] Updated line of sight for Sanv, viewing 3 tiles
[2025-03-14 22:51:01] [INFO] [AbilitySystem] Updated area of effect for Sanv viewing 1 tiles
[2025-03-14 22:51:01] [INFO] [AbilitySystem] Sanv is planning to use energy_beam on [5, 8]
[2025-03-14 22:51:01] [INFO] [AbilitySystem] Updated line of sight for Sanv, viewing 3 tiles
[2025-03-14 22:51:01] [INFO] [AbilitySystem] Updated area of effect for Sanv viewing 1 tiles
[2025-03-14 22:51:01] [INFO] [AbilitySystem] Sanv is planning to use energy_beam on [5, 7]
[2025-03-14 22:51:01] [INFO] [AbilitySystem] Updated line of sight for Sanv, viewing 3 tiles
[2025-03-14 22:51:01] [INFO] [AbilitySystem] Updated area of effect for Sanv viewing 1 tiles
[2025-03-14 22:51:01] [INFO] [AbilitySystem] Sanv is planning to use energy_beam on [4, 7]
[2025-03-14 22:51:01] [INFO] [AbilitySystem] Updated line of sight for Sanv, viewing 3 tiles
[2025-03-14 22:51:01] [INFO] [AbilitySystem] Updated area of effect for Sanv viewing 1 tiles
[2025-03-14 22:51:01] [INFO] [AbilitySystem] Sanv is planning to use energy_beam on [4, 6]
[2025-03-14 22:51:01] [INFO] [AbilitySystem] Updated line of sight for Sanv, viewing 3 tiles
[2025-03-14 22:51:01] [INFO] [AbilitySystem] Updated area of effect for Sanv viewing 1 tiles
[2025-03-14 22:51:02] [INFO] [AbilitySystem] Sanv is planning to use energy_beam on [3, 6]
[2025-03-14 22:51:02] [INFO] [AbilitySystem] Updated line of sight for Sanv, viewing 3 tiles
[2025-03-14 22:51:02] [INFO] [AbilitySystem] Updated area of effect for Sanv viewing 1 tiles
[2025-03-14 22:51:02] [INFO] [AbilitySystem] Used from energy_beam on [3, 6]
[2025-03-14 22:51:04] [INFO] [TimeLinePanel] Started updating the timeline panel after turn order has changed.
[2025-03-14 22:51:04] [INFO] [TimeLinePanel] Finished updating the timeline panel after turn order has changed.
[2025-03-14 22:51:05] [INFO] [SelectedTilePanel] Checksum updated, getting units at selected tiles.
[2025-03-14 22:51:05] [INFO] [SelectedTilePanel] Updated selected tile display to view Matfui
[2025-03-14 22:51:05] [INFO] [LesserStatisticsInformationPanel] Finished updating Greater UI
[2025-03-14 22:51:10] [INFO] [SelectedTilePanel] Checksum updated, getting units at selected tiles.
[2025-03-14 22:51:10] [INFO] [SelectedTilePanel] Updated selected tile display to view Sanv
[2025-03-14 22:51:10] [INFO] [LesserStatisticsInformationPanel] Finished updating Greater UI
[2025-03-14 22:51:11] [INFO] [SelectedTilePanel] Checksum updated, getting units at selected tiles.
[2025-03-14 22:51:11] [INFO] [SelectedTilePanel] Updated selected tile display to view Matfui
[2025-03-14 22:51:11] [INFO] [LesserStatisticsInformationPanel] Finished updating Greater UI
[2025-03-14 22:51:12] [INFO] [SelectedTilePanel] Checksum updated, getting units at selected tiles.
[2025-03-14 22:51:12] [INFO] [SelectedTilePanel] Updated selected tile display to view Sanv
[2025-03-14 22:51:12] [INFO] [LesserStatisticsInformationPanel] Finished updating Greater UI
[2025-03-14 22:51:17] [INFO] [SelectedTilePanel] Checksum updated, getting units at selected tiles.
[2025-03-14 22:51:17] [INFO] [SelectedTilePanel] Updated selected tile display to view Matfui
[2025-03-14 22:51:17] [INFO] [LesserStatisticsInformationPanel] Finished updating Greater UI
[2025-03-14 22:51:20] [INFO] [SelectedTilePanel] Checksum updated, getting units at selected tiles.
[2025-03-14 22:51:20] [INFO] [SelectedTilePanel] Updated selected tile display to view Sanv
[2025-03-14 22:51:20] [INFO] [LesserStatisticsInformationPanel] Finished updating Greater UI
[2025-03-14 22:51:25] [INFO] [SelectedTilePanel] Checksum updated, getting units at selected tiles.
[2025-03-14 22:51:25] [INFO] [SelectedTilePanel] Updated selected tile display to view Matfui
[2025-03-14 22:51:25] [INFO] [LesserStatisticsInformationPanel] Finished updating Greater UI
[2025-03-14 22:51:28] [INFO] [SelectedTilePanel] Checksum updated, getting units at selected tiles.
[2025-03-14 22:51:28] [INFO] [SelectedTilePanel] Updated selected tile display to view Sanv
[2025-03-14 22:51:28] [INFO] [LesserStatisticsInformationPanel] Finished updating Greater UI
[2025-03-14 22:52:02] [INFO] [Main] {
  "map.generation.zoom": 0.75,
  "map.generation.min.height": -10,
  "hovered.tiles": ["7f4d9473-50db-430c-9487-d1e7ef381b60"],
  "view_sprite_height": 96,
  "delta_time": 0.016365333,
  "map.generation.starting.camerra.height": 950,
  "spawn.placement.policy": "everywhere",
  "gameplay.water.level": 0,
  "statistics.panel.is.open": false,
  "automatically.go.to.home.controls": false,
  "camera_map": {
    "main_camera": {},
    "selection_camera": {}
  },
  "map.generation.starting.y": 0,
  "map.generation.base.level": 1,
  "map.generation.starting.x": 0,
  "show.heights": true,
  "hide.gameplay.ui": true,
  "tile.to.glide.to": "",
  "map.generation.max.height": 10,
  "selected.tiles.checksum": 1611480141,
  "map.generation.base.terrain": "sand_1_floor",
  "debug_mode_for_the_game_state": false,
  "movement.panel.is.open": false,
  "gameplay.rows": 10,
  "view_sprite_width": 96,
  "map.generation.starting.sprite.width": 96,
  "ability.panel.is.open": false,
  "gameplay.mode": "gameplay.mode.regular",
  "map.generation.structure.assets": ["tree4_structure"],
  "floating_text_map": {},
  "map.center.on.startup": true,
  "gameplay.columns": 10,
  "gameplay.water.asset": "water_liquid",
  "selected.tiles": ["6df1c179-388d-473c-a279-d5a3c694294e"],
  "map.generation.starting.camera.width": 1500,
  "should.end.the.turn": false,
  "selected_ability_from_ui": "",
  "map.generation.starting.sprite.height": 96,
  "map.generation.use.noise": true,
  "floating_text_font_size": 30,
  "map.generation.base.asset": "base_floor"
}
