[2025-04-12 00:56:01] [INFO] [UnitTable] Started initializing UnitTable
[2025-04-12 00:56:01] [INFO] [EmeritusDatabase] Started initializing EmeritusDatabase
[2025-04-12 00:56:01] [INFO] [EmeritusDatabase] Finished initializing EmeritusDatabase
[2025-04-12 00:56:01] [INFO] [UnitTable] Successfully initialized UnitTable
[2025-04-12 00:56:01] [INFO] [UnitTable] Finished initializing UnitTable
[2025-04-12 00:56:01] [INFO] [AbilityTable] Started initializing AbilityTable
[2025-04-12 00:56:01] [INFO] [AbilityTable] Finished initializing AbilityTable
[2025-04-12 00:56:01] [INFO] [UserSaveStateManager] Started loading user save data
[2025-04-12 00:56:01] [INFO] [UserSaveStateManager] Finished loading user save data
[2025-04-12 00:56:01] [INFO] [AssetPool] Started initializing AssetPool
[2025-04-12 00:56:01] [INFO] [AssetNameSpace] Started loading Sprite's from ./res/graphics
[2025-04-12 00:56:01] [INFO] [AssetNameSpace] Finished reading files for sprites
[2025-04-12 00:56:01] [INFO] [AssetNameSpace] Finished loading ./res/graphics
[2025-04-12 00:56:01] [INFO] [AssetPool] Finished initializing AssetPool
[2025-04-12 00:56:01] [INFO] [Component] Setting dragon_Aufyo_1a3e3f32-b6f0-4804-b8a9-a7c020c374ce on to {"spawn_region":[],"collider":"","unit":"dragon_Aufyo_1a3e3f32-b6f0-4804-b8a9-a7c020c374ce","column":7,"layers":[],"row":5,"structure":"","height":0}.
[2025-04-12 00:56:01] [INFO] [SpeedQueue] Added unit enemy:Aufyo into queue
[2025-04-12 00:56:01] [INFO] [Component] Setting fire_dragon_Yyhuy_9d3b4561-56e5-44b6-b4fe-6f2cd403408f on to {"spawn_region":[],"collider":"","unit":"fire_dragon_Yyhuy_9d3b4561-56e5-44b6-b4fe-6f2cd403408f","column":5,"layers":[],"row":2,"structure":"","height":0}.
[2025-04-12 00:56:01] [INFO] [SpeedQueue] Added unit enemy:Yyhuy into queue
[2025-04-12 00:56:01] [INFO] [Component] Setting water_dragon_Naze_a26d88d4-0c51-4b42-a90d-eb68569ee87c on to {"spawn_region":[],"collider":"","unit":"water_dragon_Naze_a26d88d4-0c51-4b42-a90d-eb68569ee87c","column":13,"layers":[],"row":7,"structure":"","height":0}.
[2025-04-12 00:56:01] [INFO] [SpeedQueue] Added unit enemy:Naze into queue
[2025-04-12 00:56:01] [INFO] [Component] Setting light_dragon_Uegia_f6920672-fed9-4a81-8b93-6522a61f12ed on to {"spawn_region":[],"collider":"","unit":"light_dragon_Uegia_f6920672-fed9-4a81-8b93-6522a61f12ed","column":2,"layers":[],"row":3,"structure":"","height":0}.
[2025-04-12 00:56:01] [INFO] [SpeedQueue] Added unit enemy:Uegia into queue
[2025-04-12 00:56:01] [INFO] [Component] Setting dragon_Borsu_bc6ef448-27bc-4dea-9a37-731fab1d1754 on to {"spawn_region":[],"collider":"","unit":"dragon_Borsu_bc6ef448-27bc-4dea-9a37-731fab1d1754","column":11,"layers":[],"row":4,"structure":"","height":0}.
[2025-04-12 00:56:01] [INFO] [SpeedQueue] Added unit enemy:Borsu into queue
[2025-04-12 00:56:01] [INFO] [Component] Setting water_dragon_Cazlce_42d21e3c-9039-4e38-8974-0346fe2c5c84 on to {"spawn_region":[],"collider":"","unit":"water_dragon_Cazlce_42d21e3c-9039-4e38-8974-0346fe2c5c84","column":0,"layers":[],"row":12,"structure":"","height":0}.
[2025-04-12 00:56:01] [INFO] [SpeedQueue] Added unit enemy:Cazlce into queue
[2025-04-12 00:56:01] [INFO] [Component] Setting air_dragon_Gaaz_fda85be4-e7b2-4d11-8321-b19e36f03216 on to {"spawn_region":[],"collider":"","unit":"air_dragon_Gaaz_fda85be4-e7b2-4d11-8321-b19e36f03216","column":13,"layers":[],"row":13,"structure":"","height":0}.
[2025-04-12 00:56:01] [INFO] [SpeedQueue] Added unit enemy:Gaaz into queue
[2025-04-12 00:56:01] [INFO] [Component] Setting earth_dragon_Doha_b8fc6be9-c24d-4807-81aa-acd5501f3c08 on to {"spawn_region":[],"collider":"","unit":"earth_dragon_Doha_b8fc6be9-c24d-4807-81aa-acd5501f3c08","column":13,"layers":[],"row":3,"structure":"","height":0}.
[2025-04-12 00:56:01] [INFO] [SpeedQueue] Added unit enemy:Doha into queue
[2025-04-12 00:56:01] [INFO] [Component] Setting dark_dragon_Yuxoyy_267aaf75-bf43-4676-a636-ed28249008db on to {"spawn_region":[],"collider":"","unit":"dark_dragon_Yuxoyy_267aaf75-bf43-4676-a636-ed28249008db","column":1,"layers":[],"row":6,"structure":"","height":0}.
[2025-04-12 00:56:01] [INFO] [SpeedQueue] Added unit enemy:Yuxoyy into queue
[2025-04-12 00:56:01] [INFO] [Component] Setting fire_dragon_Gihnu_2c6f63c7-af4b-42cd-9d4e-6283744934bf on to {"spawn_region":[],"collider":"","unit":"fire_dragon_Gihnu_2c6f63c7-af4b-42cd-9d4e-6283744934bf","column":12,"layers":[],"row":0,"structure":"","height":0}.
[2025-04-12 00:56:01] [INFO] [SpeedQueue] Added unit enemy:Gihnu into queue
[2025-04-12 00:56:01] [INFO] [Component] Setting air_dragon_Powc_4f1400f3-56dc-4fde-9694-32b7394893df on to {"spawn_region":[],"collider":"","unit":"air_dragon_Powc_4f1400f3-56dc-4fde-9694-32b7394893df","column":10,"layers":[],"row":13,"structure":"","height":0}.
[2025-04-12 00:56:01] [INFO] [SpeedQueue] Added unit enemy:Powc into queue
[2025-04-12 00:56:01] [INFO] [Component] Setting earth_dragon_Yinep_fe58cbed-f601-4eb9-b2c3-e6244d2f7608 on to {"spawn_region":[],"collider":"","unit":"earth_dragon_Yinep_fe58cbed-f601-4eb9-b2c3-e6244d2f7608","column":4,"layers":[],"row":5,"structure":"","height":0}.
[2025-04-12 00:56:01] [INFO] [SpeedQueue] Added unit enemy:Yinep into queue
[2025-04-12 00:56:01] [INFO] [Component] Setting light_dragon_Mosrw_c4a31e55-63f7-499c-a705-639ab49ef2eb on to {"spawn_region":[],"collider":"","unit":"light_dragon_Mosrw_c4a31e55-63f7-499c-a705-639ab49ef2eb","column":10,"layers":[],"row":3,"structure":"","height":0}.
[2025-04-12 00:56:01] [INFO] [SpeedQueue] Added unit enemy:Mosrw into queue
[2025-04-12 00:56:01] [INFO] [Component] Setting dragon_Eyva_c5913d18-81ec-4add-b523-c07b6b653fdc on to {"spawn_region":[],"collider":"","unit":"dragon_Eyva_c5913d18-81ec-4add-b523-c07b6b653fdc","column":14,"layers":[],"row":0,"structure":"","height":0}.
[2025-04-12 00:56:01] [INFO] [SpeedQueue] Added unit enemy:Eyva into queue
[2025-04-12 00:56:01] [INFO] [Component] Setting fire_dragon_Jezyo_16a7214e-381b-4207-a3a5-4d7dbba381ee on to {"spawn_region":[],"collider":"","unit":"fire_dragon_Jezyo_16a7214e-381b-4207-a3a5-4d7dbba381ee","column":4,"layers":[],"row":3,"structure":"","height":0}.
[2025-04-12 00:56:01] [INFO] [SpeedQueue] Added unit enemy:Jezyo into queue
[2025-04-12 00:56:01] [INFO] [Component] Setting earth_dragon_Eeyo_5f4e131b-7eac-4a30-9fae-8180e76b5eba on to {"spawn_region":[],"collider":"","unit":"earth_dragon_Eeyo_5f4e131b-7eac-4a30-9fae-8180e76b5eba","column":12,"layers":[],"row":7,"structure":"","height":0}.
[2025-04-12 00:56:01] [INFO] [SpeedQueue] Added unit enemy:Eeyo into queue
[2025-04-12 00:56:01] [INFO] [Component] Setting fire_dragon_Punyv_0a7e20ea-264c-4b54-bf1d-1fc7c9103cd2 on to {"spawn_region":[],"collider":"","unit":"fire_dragon_Punyv_0a7e20ea-264c-4b54-bf1d-1fc7c9103cd2","column":10,"layers":[],"row":2,"structure":"","height":0}.
[2025-04-12 00:56:01] [INFO] [SpeedQueue] Added unit enemy:Punyv into queue
[2025-04-12 00:56:01] [INFO] [Component] Setting dark_dragon_Teiso_fa6d25d9-1935-4270-918a-68e50d2be3f2 on to {"spawn_region":[],"collider":"","unit":"dark_dragon_Teiso_fa6d25d9-1935-4270-918a-68e50d2be3f2","column":6,"layers":[],"row":0,"structure":"","height":0}.
[2025-04-12 00:56:01] [INFO] [SpeedQueue] Added unit enemy:Teiso into queue
[2025-04-12 00:56:01] [INFO] [Component] Setting water_dragon_Geqeyo_925b72de-d959-4f12-ba26-f5b19a6d68e1 on to {"spawn_region":[],"collider":"","unit":"water_dragon_Geqeyo_925b72de-d959-4f12-ba26-f5b19a6d68e1","column":8,"layers":[],"row":11,"structure":"","height":0}.
[2025-04-12 00:56:01] [INFO] [SpeedQueue] Added unit enemy:Geqeyo into queue
[2025-04-12 00:56:01] [INFO] [Component] Setting fire_dragon_Xagyii_06e9cb3d-436b-46f3-8ebc-90b6fd7fda33 on to {"spawn_region":[],"collider":"","unit":"fire_dragon_Xagyii_06e9cb3d-436b-46f3-8ebc-90b6fd7fda33","column":2,"layers":[],"row":8,"structure":"","height":0}.
[2025-04-12 00:56:01] [INFO] [SpeedQueue] Added unit enemy:Xagyii into queue
[2025-04-12 00:56:01] [INFO] [Component] Setting dark_dragon_Eiau_a8856a4f-7fd7-4781-bf61-975f584a0ae9 on to {"spawn_region":[],"collider":"","unit":"dark_dragon_Eiau_a8856a4f-7fd7-4781-bf61-975f584a0ae9","column":13,"layers":[],"row":5,"structure":"","height":0}.
[2025-04-12 00:56:01] [INFO] [SpeedQueue] Added unit enemy:Eiau into queue
[2025-04-12 00:56:01] [INFO] [Component] Setting light_dragon_Giwrvu_d30b4d73-7f98-4ac2-8963-199eaa992cb2 on to {"spawn_region":[],"collider":"","unit":"light_dragon_Giwrvu_d30b4d73-7f98-4ac2-8963-199eaa992cb2","column":4,"layers":[],"row":14,"structure":"","height":0}.
[2025-04-12 00:56:01] [INFO] [SpeedQueue] Added unit enemy:Giwrvu into queue
[2025-04-12 00:56:01] [INFO] [Component] Setting light_dragon_Jiwamx_55ddd6e0-865d-4d95-960a-ae13d4964e6c on to {"spawn_region":[],"collider":"","unit":"light_dragon_Jiwamx_55ddd6e0-865d-4d95-960a-ae13d4964e6c","column":11,"layers":[],"row":1,"structure":"","height":0}.
[2025-04-12 00:56:01] [INFO] [SpeedQueue] Added unit user:Jiwamx into queue
[2025-04-12 00:56:01] [INFO] [Component] Setting earth_dragon_Myqayc_93990e27-fbc1-4143-99c9-8dff669aa2e3 on to {"spawn_region":[],"collider":"","unit":"earth_dragon_Myqayc_93990e27-fbc1-4143-99c9-8dff669aa2e3","column":2,"layers":[],"row":10,"structure":"","height":0}.
[2025-04-12 00:56:01] [INFO] [SpeedQueue] Added unit user:Myqayc into queue
[2025-04-12 00:56:01] [INFO] [Component] Setting dark_dragon_Oiig_07c193fd-0db5-4c49-9679-24d6b197a505 on to {"spawn_region":[],"collider":"","unit":"dark_dragon_Oiig_07c193fd-0db5-4c49-9679-24d6b197a505","column":7,"layers":[],"row":13,"structure":"","height":0}.
[2025-04-12 00:56:01] [INFO] [SpeedQueue] Added unit user:Oiig into queue
[2025-04-12 00:56:01] [INFO] [Component] Setting dragon_Cyveo_08423e18-d581-41dc-a0cf-780ee7e723c7 on to {"spawn_region":[],"collider":"","unit":"dragon_Cyveo_08423e18-d581-41dc-a0cf-780ee7e723c7","column":10,"layers":[],"row":7,"structure":"","height":0}.
[2025-04-12 00:56:01] [INFO] [SpeedQueue] Added unit user:Cyveo into queue
[2025-04-12 00:56:01] [INFO] [Component] Setting air_dragon_Jetao_961bd8a0-82b4-40dd-b9a6-e9a971830fb6 on to {"spawn_region":[],"collider":"","unit":"air_dragon_Jetao_961bd8a0-82b4-40dd-b9a6-e9a971830fb6","column":14,"layers":[],"row":10,"structure":"","height":0}.
[2025-04-12 00:56:01] [INFO] [SpeedQueue] Added unit user:Jetao into queue
[2025-04-12 00:56:01] [INFO] [Component] Setting water_dragon_Rulgyy_a3a95883-189e-40ff-8f53-5180b4168ab0 on to {"spawn_region":[],"collider":"","unit":"water_dragon_Rulgyy_a3a95883-189e-40ff-8f53-5180b4168ab0","column":2,"layers":[],"row":12,"structure":"","height":0}.
[2025-04-12 00:56:01] [INFO] [SpeedQueue] Added unit user:Rulgyy into queue
[2025-04-12 00:56:01] [INFO] [Component] Setting light_dragon_Bajir_af2b1e3e-ebbb-4f02-b87f-9701e1388840 on to {"spawn_region":[],"collider":"","unit":"light_dragon_Bajir_af2b1e3e-ebbb-4f02-b87f-9701e1388840","column":14,"layers":[],"row":5,"structure":"","height":0}.
[2025-04-12 00:56:01] [INFO] [SpeedQueue] Added unit user:Bajir into queue
[2025-04-12 00:56:01] [INFO] [Component] Setting dragon_Aiey_671e29a7-34d9-40d6-abe1-4565c54a4d5f on to {"spawn_region":[],"collider":"","unit":"dragon_Aiey_671e29a7-34d9-40d6-abe1-4565c54a4d5f","column":13,"layers":[],"row":4,"structure":"","height":0}.
[2025-04-12 00:56:01] [INFO] [SpeedQueue] Added unit user:Aiey into queue
[2025-04-12 00:56:01] [INFO] [Component] Setting fire_dragon_Lerig_7c0c49cd-05f1-4cc6-b193-caa52ebcfc3b on to {"spawn_region":[],"collider":"","unit":"fire_dragon_Lerig_7c0c49cd-05f1-4cc6-b193-caa52ebcfc3b","column":7,"layers":[],"row":11,"structure":"","height":0}.
[2025-04-12 00:56:01] [INFO] [SpeedQueue] Added unit user:Lerig into queue
[2025-04-12 00:56:01] [INFO] [Component] Setting dragon_Yytu_970c0295-1654-4688-924e-a18ebbe98a7c on to {"spawn_region":[],"collider":"","unit":"dragon_Yytu_970c0295-1654-4688-924e-a18ebbe98a7c","column":14,"layers":[],"row":8,"structure":"","height":0}.
[2025-04-12 00:56:01] [INFO] [SpeedQueue] Added unit user:Yytu into queue
[2025-04-12 00:56:01] [INFO] [Component] Setting dark_dragon_Cyuwei_3d8839c1-5118-4819-85e9-62ecc3dcbb43 on to {"spawn_region":[],"collider":"","unit":"dark_dragon_Cyuwei_3d8839c1-5118-4819-85e9-62ecc3dcbb43","column":11,"layers":[],"row":10,"structure":"","he