[2025-05-24 23:29:33] [INFO] [UnitTable] Started initializing UnitTable
[2025-05-24 23:29:33] [INFO] [EmeritusDatabase] Started initializing EmeritusDatabase
[2025-05-24 23:29:33] [INFO] [EmeritusDatabase] Finished initializing EmeritusDatabase
[2025-05-24 23:29:33] [INFO] [UnitTable] Successfully initialized UnitTable
[2025-05-24 23:29:33] [INFO] [UnitTable] Finished initializing UnitTable
[2025-05-24 23:29:33] [INFO] [AbilityTable] Started initializing AbilityTable
[2025-05-24 23:29:33] [INFO] [AbilityTable] Finished initializing AbilityTable
[2025-05-24 23:29:33] [INFO] [UserSaveStateManager] Started loading user save data
[2025-05-24 23:29:33] [INFO] [UserSaveStateManager] Finished loading user save data
[2025-05-24 23:29:33] [INFO] [AssetPool] Started initializing AssetPool
[2025-05-24 23:29:33] [INFO] [AssetNameSpace] Started loading Sprite's from ./res/graphics
[2025-05-24 23:29:33] [INFO] [AssetNameSpace] Finished reading files for sprites
[2025-05-24 23:29:33] [INFO] [AssetNameSpace] Finished loading ./res/graphics
[2025-05-24 23:29:33] [INFO] [AssetPool] Finished initializing AssetPool
[2025-05-24 23:29:33] [INFO] [Component] Setting UNIT_dark_dragon___NICKNAME_Laqie___0554e981-f9b3-404d-b686-2a0d2ba60ce5 on to {"row":2,"column":0,"base_elevation":0,"spawn_region":"Left","collider":"","unit":"UNIT_dark_dragon___NICKNAME_Laqie___0554e981-f9b3-404d-b686-2a0d2ba60ce5","structure":"","total_elevation":4}.
[2025-05-24 23:29:33] [INFO] [SpeedQueue] Added unit UNIT_dark_dragon___NICKNAME_Laqie___0554e981-f9b3-404d-b686-2a0d2ba60ce5 into queue
[2025-05-24 23:29:33] [INFO] [Component] Setting UNIT_fire_dragon___NICKNAME_Aizb___005bf7a9-3ec9-4433-88e3-3a3ac232ce66 on to {"row":3,"column":0,"base_elevation":0,"spawn_region":"Left","collider":"","unit":"UNIT_fire_dragon___NICKNAME_Aizb___005bf7a9-3ec9-4433-88e3-3a3ac232ce66","structure":"","total_elevation":4}.
[2025-05-24 23:29:33] [INFO] [SpeedQueue] Added unit UNIT_fire_dragon___NICKNAME_Aizb___005bf7a9-3ec9-4433-88e3-3a3ac232ce66 into queue
[2025-05-24 23:29:33] [INFO] [Component] Setting UNIT_earth_dragon___NICKNAME_Kixd___9e12fafa-3af1-4b5b-add7-facace73b7ba on to {"row":7,"column":0,"base_elevation":0,"spawn_region":"Left","collider":"","unit":"UNIT_earth_dragon___NICKNAME_Kixd___9e12fafa-3af1-4b5b-add7-facace73b7ba","structure":"","total_elevation":6}.
[2025-05-24 23:29:33] [INFO] [SpeedQueue] Added unit UNIT_earth_dragon___NICKNAME_Kixd___9e12fafa-3af1-4b5b-add7-facace73b7ba into queue
[2025-05-24 23:29:33] [INFO] [Component] Setting UNIT_dark_dragon___NICKNAME_Tujyj___09fb6a07-497f-4b7d-bc0a-321ad7f3bca0 on to {"row":5,"column":1,"base_elevation":0,"spawn_region":"Left","collider":"","unit":"UNIT_dark_dragon___NICKNAME_Tujyj___09fb6a07-497f-4b7d-bc0a-321ad7f3bca0","structure":"","total_elevation":7}.
[2025-05-24 23:29:33] [INFO] [SpeedQueue] Added unit UNIT_dark_dragon___NICKNAME_Tujyj___09fb6a07-497f-4b7d-bc0a-321ad7f3bca0 into queue
[2025-05-24 23:29:33] [INFO] [Component] Setting UNIT_air_dragon___NICKNAME_Milr___84f2960e-a8da-44b0-9e47-f41a0f8e24f7 on to {"row":6,"column":0,"base_elevation":0,"spawn_region":"Left","collider":"","unit":"UNIT_air_dragon___NICKNAME_Milr___84f2960e-a8da-44b0-9e47-f41a0f8e24f7","structure":"","total_elevation":7}.
[2025-05-24 23:29:33] [INFO] [SpeedQueue] Added unit UNIT_air_dragon___NICKNAME_Milr___84f2960e-a8da-44b0-9e47-f41a0f8e24f7 into queue
[2025-05-24 23:29:33] [INFO] [Component] Setting UNIT_fire_dragon___NICKNAME_Hurb___12d418fc-7c12-4ab6-a804-cf63f175168c on to {"row":1,"column":10,"base_elevation":0,"spawn_region":"Right","collider":"","unit":"UNIT_fire_dragon___NICKNAME_Hurb___12d418fc-7c12-4ab6-a804-cf63f175168c","structure":"","total_elevation":7}.
[2025-05-24 23:29:33] [INFO] [SpeedQueue] Added unit UNIT_fire_dragon___NICKNAME_Hurb___12d418fc-7c12-4ab6-a804-cf63f175168c into queue
[2025-05-24 23:29:33] [INFO] [Component] Setting UNIT_dragon___NICKNAME_Cimad___afdcc332-65ee-480c-85f4-1f3f507220e1 on to {"row":4,"column":10,"base_elevation":0,"spawn_region":"Right","collider":"","unit":"UNIT_dragon___NICKNAME_Cimad___afdcc332-65ee-480c-85f4-1f3f507220e1","structure":"","total_elevation":6}.
[2025-05-24 23:29:33] [INFO] [SpeedQueue] Added unit UNIT_dragon___NICKNAME_Cimad___afdcc332-65ee-480c-85f4-1f3f507220e1 into queue
[2025-05-24 23:29:33] [INFO] [Component] Setting UNIT_earth_dragon___NICKNAME_Gacau___12db78cc-0dd6-4140-b6db-6c855018f08b on to {"row":7,"column":11,"base_elevation":0,"spawn_region":"Right","collider":"","unit":"UNIT_earth_dragon___NICKNAME_Gacau___12db78cc-0dd6-4140-b6db-6c855018f08b","structure":"","total_elevation":3}.
[2025-05-24 23:29:33] [INFO] [SpeedQueue] Added unit UNIT_earth_dragon___NICKNAME_Gacau___12db78cc-0dd6-4140-b6db-6c855018f08b into queue
[2025-05-24 23:29:33] [INFO] [Component] Setting UNIT_water_dragon___NICKNAME_Aocohz___543897f1-1a29-47f2-81db-f265f3133c45 on to {"row":7,"column":10,"base_elevation":0,"spawn_region":"Right","collider":"","unit":"UNIT_water_dragon___NICKNAME_Aocohz___543897f1-1a29-47f2-81db-f265f3133c45","structure":"","total_elevation":4}.
[2025-05-24 23:29:33] [INFO] [SpeedQueue] Added unit UNIT_water_dragon___NICKNAME_Aocohz___543897f1-1a29-47f2-81db-f265f3133c45 into queue
[2025-05-24 23:29:33] [INFO] [Component] Setting UNIT_air_dragon___NICKNAME_Vorur___6aaac496-9ba4-46f4-8473-9a8d9b6eda3f on to {"row":3,"column":10,"base_elevation":0,"spawn_region":"Right","collider":"","unit":"UNIT_air_dragon___NICKNAME_Vorur___6aaac496-9ba4-46f4-8473-9a8d9b6eda3f","structure":"","total_elevation":7}.
[2025-05-24 23:29:33] [INFO] [SpeedQueue] Added unit UNIT_air_dragon___NICKNAME_Vorur___6aaac496-9ba4-46f4-8473-9a8d9b6eda3f into queue
[2025-05-24 23:29:33] [INFO] [EngineController] Started setting scene to MENU_SCENE
[2025-05-24 23:29:33] [INFO] [EngineController] Finished setting scene to MENU_SCENE
[2025-05-24 23:29:33] [INFO] [EngineController] Started setting scene to MAP_EDITOR_SCENE
[2025-05-24 23:29:33] [INFO] [FontPool] Started initializing FontPool
[2025-05-24 23:29:33] [INFO] [FontPool] ✅ Successfully loaded font: Lilian
[2025-05-24 23:29:34] [INFO] [MapEditorScene] Starting to create new GameController!
[2025-05-24 23:29:34] [INFO] [MapEditorScene] Successfully created new GameController!
[2025-05-24 23:29:34] [INFO] [EngineController] Finished setting scene to MAP_EDITOR_SCENE
[2025-05-24 23:29:34] [INFO] [EngineController] Started setting scene to GAME_SCENE
[2025-05-24 23:29:34] [INFO] [EngineController] Finished setting scene to GAME_SCENE
[2025-05-24 23:29:34] [INFO] [AbilitySystem] Started updating {} because of ability
[2025-05-24 23:29:34] [INFO] [AbilitySystem] Finished update updating {} because of ability
[2025-05-24 23:29:34] [INFO] [AbilitySystem] Started updating {} because of ability
[2025-05-24 23:29:34] [INFO] [AbilitySystem] Finished update updating {} because of ability
[2025-05-24 23:29:34] [INFO] [AbilitySystem] Started updating {} because of ability
[2025-05-24 23:29:34] [INFO] [AbilitySystem] Finished update updating {} because of ability
[2025-05-24 23:29:34] [INFO] [AbilitySystem] Started updating {} because of ability
[2025-05-24 23:29:34] [INFO] [AbilitySystem] Finished update updating {} because of ability
[2025-05-24 23:29:34] [INFO] [AbilitySystem] Started updating {} because of ability
[2025-05-24 23:29:34] [INFO] [AbilitySystem] Finished update updating {} because of ability
[2025-05-24 23:29:34] [INFO] [AbilitySystem] Started updating {} because of ability
[2025-05-24 23:29:34] [INFO] [AbilitySystem] Finished update updating {} because of ability
[2025-05-24 23:29:34] [INFO] [AbilitySystem] Started updating {} because of ability
[2025-05-24 23:29:34] [INFO] [AbilitySystem] Finished update updating {} because of ability
[2025-05-24 23:29:34] [INFO] [AbilitySystem] Started updating {} because of ability
[2025-05-24 23:29:34] [INFO] [AbilitySystem] Finished update updating {} because of ability
[2025-05-24 23:29:34] [INFO] [AbilitySystem] Started updating {} because of ability
[2025-05-24 23:29:34] [INFO] [AbilitySystem] Finished update updating {} because of ability
[2025-05-24 23:29:34] [INFO] [AbilitySystem] Started updating {} because of ability
[2025-05-24 23:29:34] [INFO] [AbilitySystem] Finished update updating {} because of ability
[2025-05-24 23:29:34] [INFO] [SpeedQueue] Speed queue updated.
[2025-05-24 23:29:34] [INFO] [AbilityPanel] Updating ability selection for UNIT_fire_dragon___NICKNAME_Aizb___005bf7a9-3ec9-4433-88e3-3a3ac232ce66
[2025-05-24 23:29:34] [INFO] [AbilityPanel] Finished ability selection for UNIT_fire_dragon___NICKNAME_Aizb___005bf7a9-3ec9-4433-88e3-3a3ac232ce66
[2025-05-24 23:29:34] [INFO] [MovementPanel] Started update to Movement Information panel.
[2025-05-24 23:29:34] [INFO] [MovementPanel] Finished update to Movement Information panel.
[2025-05-24 23:29:34] [INFO] [TimeLinePanel] Started updating the timeline panel after turn order has changed.
[2025-05-24 23:29:34] [INFO] [TimeLinePanel] Finished updating the timeline panel after turn order has changed.
[2025-05-24 23:29:34] [INFO] [SelectedTilePanel] Checksum updated, getting units at selected tiles.
[2025-05-24 23:29:34] [INFO] [SelectedTilePanel] Either no unit selected or more than one unit selected
[2025-05-24 23:29:34] [INFO] [VisualsSystem] Started creating blurred background
[2025-05-24 23:29:35] [INFO] [VisualsSystem] Finished creating blurred background after 0.4861707389354706 seconds
[2025-05-24 23:29:35] [INFO] [AbilitySystem] Started updating {} because of ability
[2025-05-24 23:29:35] [INFO] [AbilitySystem] Finished update updating {} because of ability
[2025-05-24 23:29:35] [INFO] [AbilitySystem] Started updating {} because of ability
[2025-05-24 23:29:35] [INFO] [AbilitySystem] Finished update updating {} because of ability
[2025-05-24 23:29:35] [INFO] [AbilitySystem] Started updating {} because of ability
[2025-05-24 23:29:35] [INFO] [AbilitySystem] Finished update updating {} because of ability
[2025-05-24 23:29:35] [INFO] [AbilitySystem] Started updating {} because of ability
[2025-05-24 23:29:35] [INFO] [AbilitySystem] Finished update updating {} because of ability
[2025-05-24 23:29:35] [INFO] [AbilitySystem] Started updating {} because of ability
[2025-05-24 23:29:35] [INFO] [AbilitySystem] Finished update updating {} because of ability
[2025-05-24 23:29:35] [INFO] [AbilitySystem] Started updating {} because of ability
[2025-05-24 23:29:35] [INFO] [AbilitySystem] Finished update updating {} because of ability
[2025-05-24 23:29:35] [INFO] [AbilitySystem] Started updating {} because of ability
[2025-05-24 23:29:35] [INFO] [AbilitySystem] Finished update updating {} because of ability
[2025-05-24 23:29:35] [INFO] [AbilitySystem] Started updating {} because of ability
[2025-05-24 23:29:35] [INFO] [AbilitySystem] Finished update updating {} because of ability
[2025-05-24 23:29:35] [INFO] [AbilitySystem] Started updating {} because of ability
[2025-05-24 23:29:35] [INFO] [AbilitySystem] Finished update updating {} because of ability
[2025-05-24 23:29:35] [INFO] [AbilityPanel] Updating ability selection for UNIT_fire_dragon___NICKNAME_Aizb___005bf7a9-3ec9-4433-88e3-3a3ac232ce66
[2025-05-24 23:29:35] [INFO] [AbilityPanel] Finished ability selection for UNIT_fire_dragon___NICKNAME_Aizb___005bf7a9-3ec9-4433-88e3-3a3ac232ce66
[2025-05-24 23:29:35] [INFO] [MovementPanel] Started update to Movement Information panel.
[2025-05-24 23:29:35] [INFO] [MovementPanel] Finished update to Movement Information panel.
[2025-05-24 23:29:35] [INFO] [AbilitySystem] Started updating {} because of ability
[2025-05-24 23:29:35] [INFO] [AbilitySystem] Finished update updating {} because of ability
[2025-05-24 23:29:35] [INFO] [AbilitySystem] Started updating {} because of ability
[2025-05-24 23:29:35] [INFO] [AbilitySystem] Finished update updating {} because of ability
[2025-05-24 23:29:35] [INFO] [AbilitySystem] Started updating {} because of ability
[2025-05-24 23:29:35] [INFO] [AbilitySystem] Finished update updating {} because of ability
[2025-05-24 23:29:35] [INFO] [AbilitySystem] Started updating {} because of ability
[2025-05-24 23:29:35] [INFO] [AbilitySystem] Finished update updating {} because of ability
[2025-05-24 23:29:35] [INFO] [AbilitySystem] Started updating {} because of ability
[2025-05-24 23:29:35] [INFO] [AbilitySystem] Finished update updating {} because of ability
[2025-05-24 23:29:35] [INFO] [AbilitySystem] Started updating {} because of ability
[2025-05-24 23:29:35] [INFO] [AbilitySystem] Finished update updating {} because of ability
[2025-05-24 23:29:35] [INFO] [AbilitySystem] Started updating {} because of ability
[2025-05-24 23:29:35] [INFO] [AbilitySystem] Finished update updating {} because of ability
[2025-05-24 23:29:35] [INFO] [AbilitySystem] Started updating {} because of ability
[2025-05-24 23:29:35] [INFO] [AbilitySystem] Finished update updating {} because of ability
[2025-05-24 23:29:35] [INFO] [AbilitySystem] Started updating {} because of ability
[2025-05-24 23:29:35] [INFO] [AbilitySystem] Finished update updating {} because of ability
[2025-05-24 23:29:35] [INFO] [AbilitySystem] Started updating {} because of ability
[2025-05-24 23:29:35] [INFO] [AbilitySystem] Finished update updating {} because of ability
[2025-05-24 23:29:35] [INFO] [AbilitySystem] Started updating {} because of ability
[2025-05-24 23:29:35] [INFO] [AbilitySystem] Finished update updating {} because of ability
[2025-05-24 23:29:39] [INFO] [InputHandler] Gliding 0 camera to new tile ROW_3___COLUMN_0___d789f630-8409-4c59-93a8-2e6cdf88a940
[2025-05-24 23:29:39] [INFO] [InputHandler] Gliding 1 camera to new tile ROW_3___COLUMN_0___d789f630-8409-4c59-93a8-2e6cdf88a940
[2025-05-24 23:29:39] [INFO] [StatisticsPanel] Started updating Statistics Information Panel for entity UNIT_fire_dragon___NICKNAME_Aizb___005bf7a9-3ec9-4433-88e3-3a3ac232ce66
[2025-05-24 23:29:39] [INFO] [StatisticsPanel] Finished updating Statistics Information Panel for entity UNIT_fire_dragon___NICKNAME_Aizb___005bf7a9-3ec9-4433-88e3-3a3ac232ce66
[2025-05-24 23:29:39] [INFO] [SelectedTilePanel] Checksum updated, getting units at selected tiles.
[2025-05-24 23:29:39] [INFO] [SelectedTilePanel] Updated selected tile display to view Aizb
[2025-05-24 23:29:57] [INFO] [InputHandler] Gliding 0 camera to new tile ROW_3___COLUMN_0___d789f630-8409-4c59-93a8-2e6cdf88a940
[2025-05-24 23:29:57] [INFO] [StatisticsPanel] Started updating statistics information panel
[2025-05-24 23:29:57] [INFO] [StatisticsPanel] Finished updating statistics information panel
[2025-05-24 23:30:11] [INFO] [MovementSystem] Updated movement range to 6 for Aizb
[2025-05-24 23:30:11] [INFO] [MovementSystem] Updated movement path from [3, 0] to [6, 4] for Aizb
[2025-05-24 23:30:11] [INFO] [MovementSystem] Updated movement range to 6 for Aizb
[2025-05-24 23:30:11] [INFO] [MovementSystem] Updated movement path from [3, 0] to [6, 4] for Aizb
[2025-05-24 23:30:12] [INFO] [MovementSystem] Updated movement path from [3, 0] to [0, 4] for Aizb
[2025-05-24 23:30:12] [INFO] [MovementSystem] Updated movement path from [3, 0] to [0, 4] for Aizb
[2025-05-24 23:30:12] [INFO] [MovementSystem] Updated movement path from [3, 0] to [0, 3] for Aizb
[2025-05-24 23:30:12] [INFO] [MovementSystem] Updated movement path from [3, 0] to [0, 3] for Aizb
[2025-05-24 23:30:12] [INFO] [MovementSystem] Updated movement path from [3, 0] to [1, 2] for Aizb
[2025-05-24 23:30:12] [INFO] [MovementSystem] Updated movement path from [3, 0] to [1, 2] for Aizb
[2025-05-24 23:30:13] [INFO] [MovementSystem] Updated movement path from [3, 0] to [1, 1] for Aizb
[2025-05-24 23:30:13] [INFO] [MovementSystem] Updated movement path from [3, 0] to [1, 1] for Aizb
[2025-05-24 23:30:13] [INFO] [MovementSystem] Updated movement path from [3, 0] to [2, 1] for Aizb
[2025-05-24 23:30:13] [INFO] [MovementSystem] Updated movement path from [3, 0] to [2, 1] for Aizb
[2025-05-24 23:30:13] [INFO] [MovementSystem] Updated movement path from [3, 0] to [2, 2] for Aizb
[2025-05-24 23:30:13] [INFO] [MovementSystem] Updated movement path from [3, 0] to [2, 2] for Aizb
[2025-05-24 23:30:13] [INFO] [MovementSystem] Updated movement path from [3, 0] to [3, 2] for Aizb
[2025-05-24 23:30:13] [INFO] [MovementSystem] Updated movement path from [3, 0] to [3, 2] for Aizb
[2025-05-24 23:30:13] [INFO] [MovementSystem] Updated movement path from [3, 0] to [3, 1] for Aizb
[2025-05-24 23:30:13] [INFO] [MovementSystem] Updated movement path from [3, 0] to [3, 1] for Aizb
[2025-05-24 23:30:13] [INFO] [MovementSystem] Updated movement path from [3, 0] to [4, 1] for Aizb
[2025-05-24 23:30:13] [INFO] [MovementSystem] Updated movement path from [3, 0] to [4, 1] for Aizb
[2025-05-24 23:30:14] [INFO] [MovementSystem] Updated movement path from [3, 0] to [4, 0] for Aizb
[2025-05-24 23:30:14] [INFO] [MovementSystem] Updated movement path from [3, 0] to [4, 0] for Aizb
[2025-05-24 23:30:14] [INFO] [MovementSystem] Updated movement path from [3, 0] to [4, 1] for Aizb
[2025-05-24 23:30:14] [INFO] [MovementSystem] Updated movement path from [3, 0] to [4, 1] for Aizb
[2025-05-24 23:30:14] [INFO] [MovementSystem] Updated movement path from [3, 0] to [3, 1] for Aizb
[2025-05-24 23:30:14] [INFO] [MovementSystem] Updated movement path from [3, 0] to [3, 1] for Aizb
[2025-05-24 23:30:14] [INFO] [MovementSystem] Updated movement path from [3, 0] to [3, 0] for Aizb
[2025-05-24 23:30:14] [INFO] [MovementSystem] Updated movement path from [3, 0] to [3, 0] for Aizb
[2025-05-24 23:30:14] [INFO] [MovementSystem] Updated movement path from [3, 0] to [4, 0] for Aizb
[2025-05-24 23:30:14] [INFO] [MovementSystem] Updated movement path from [3, 0] to [4, 0] for Aizb
[2025-05-24 23:30:15] [INFO] [MovementSystem] Updated movement path from [3, 0] to [5, 0] for Aizb
[2025-05-24 23:30:15] [INFO] [MovementSystem] Updated movement path from [3, 0] to [5, 0] for Aizb
[2025-05-24 23:30:17] [INFO] [MovementSystem] Updated movement path from [3, 0] to [4, 0] for Aizb
[2025-05-24 23:30:17] [INFO] [MovementSystem] Updated movement path from [3, 0] to [4, 0] for Aizb
[2025-05-24 23:30:17] [INFO] [MovementSystem] Updated movement path from [3, 0] to [4, 1] for Aizb
[2025-05-24 23:30:17] [INFO] [MovementSystem] Updated movement path from [3, 0] to [4, 1] for Aizb
[2025-05-24 23:30:18] [INFO] [MovementSystem] Updated movement path from [3, 0] to [3, 1] for Aizb
[2025-05-24 23:30:18] [INFO] [MovementSystem] Updated movement path from [3, 0] to [3, 1] for Aizb
[2025-05-24 23:30:18] [INFO] [MovementSystem] Updated movement path from [3, 0] to [3, 2] for Aizb
[2025-05-24 23:30:18] [INFO] [MovementSystem] Updated movement path from [3, 0] to [3, 2] for Aizb
[2025-05-24 23:30:18] [INFO] [MovementSystem] Updated movement path from [3, 0] to [2, 2] for Aizb
[2025-05-24 23:30:18] [INFO] [MovementSystem] Updated movement path from [3, 0] to [2, 2] for Aizb
[2025-05-24 23:30:18] [INFO] [MovementSystem] Updated movement path from [3, 0] to [2, 3] for Aizb
[2025-05-24 23:30:18] [INFO] [MovementSystem] Updated movement path from [3, 0] to [2, 3] for Aizb
[2025-05-24 23:30:18] [INFO] [MovementSystem] Updated movement path from [3, 0] to [2, 2] for Aizb
[2025-05-24 23:30:18] [INFO] [MovementSystem] Updated movement path from [3, 0] to [2, 2] for Aizb
[2025-05-24 23:30:18] [INFO] [MovementSystem] Updated movement path from [3, 0] to [1, 2] for Aizb
[2025-05-24 23:30:18] [INFO] [MovementSystem] Updated movement path from [3, 0] to [1, 2] for Aizb
[2025-05-24 23:30:23] [INFO] [MovementSystem] Updated movement path from [3, 0] to [1, 1] for Aizb
[2025-05-24 23:30:23] [INFO] [MovementSystem] Updated movement path from [3, 0] to [1, 1] for Aizb
[2025-05-24 23:30:23] [INFO] [MovementSystem] Updated movement path from [3, 0] to [1, 0] for Aizb
[2025-05-24 23:30:23] [INFO] [MovementSystem] Updated movement path from [3, 0] to [1, 0] for Aizb
[2025-05-24 23:30:30] [INFO] [MovementSystem] Updated movement path from [3, 0] to [2, 4] for Aizb
[2025-05-24 23:30:30] [INFO] [MovementSystem] Updated movement path from [3, 0] to [2, 4] for Aizb
[2025-05-24 23:30:30] [INFO] [MovementSystem] Updated movement path from [3, 0] to [2, 3] for Aizb
[2025-05-24 23:30:30] [INFO] [MovementSystem] Updated movement path from [3, 0] to [2, 3] for Aizb
[2025-05-24 23:30:30] [INFO] [MovementSystem] Updated movement path from [3, 0] to [3, 3] for Aizb
[2025-05-24 23:30:30] [INFO] [MovementSystem] Updated movement path from [3, 0] to [3, 3] for Aizb
[2025-05-24 23:30:30] [INFO] [MovementSystem] Updated movement path from [3, 0] to [3, 2] for Aizb
[2025-05-24 23:30:30] [INFO] [MovementSystem] Updated movement path from [3, 0] to [3, 2] for Aizb
[2025-05-24 23:30:30] [INFO] [MovementSystem] Updated movement path from [3, 0] to [4, 1] for Aizb
[2025-05-24 23:30:30] [INFO] [MovementSystem] Updated movement path from [3, 0] to [4, 1] for Aizb
[2025-05-24 23:30:30] [INFO] [MovementSystem] Updated movement path from [3, 0] to [4, 0] for Aizb
[2025-05-24 23:30:30] [INFO] [MovementSystem] Updated movement path from [3, 0] to [4, 0] for Aizb
[2025-05-24 23:30:31] [INFO] [MovementSystem] Updated movement path from [3, 0] to [5, 0] for Aizb
[2025-05-24 23:30:31] [INFO] [MovementSystem] Updated movement path from [3, 0] to [5, 0] for Aizb
[2025-05-24 23:36:15] [INFO] [MovementSystem] Updated movement path from [3, 0] to [4, 0] for Aizb
[2025-05-24 23:36:15] [INFO] [MovementSystem] Updated movement path from [3, 0] to [4, 0] for Aizb
