[2025-03-07 02:06:09] [INFO] [AssetPool] Started initializing AssetPool
[2025-03-07 02:06:09] [INFO] [Engine] HEAP ALLOCATION INCREASED! 1.0 GB of 16.0 GB used
[2025-03-07 02:06:09] [INFO] [SpriteSheetOG] Started loading Sprite's from ./res/graphics
[2025-03-07 02:06:09] [INFO] [SpriteSheetOG] Finished reading files for sprites
[2025-03-07 02:06:09] [INFO] [Sprite] Finished loading ./res/graphics/misc/blue_reticle.png
[2025-03-07 02:06:09] [INFO] [Sprite] Finished loading ./res/graphics/misc/pink_spawn.png
[2025-03-07 02:06:09] [INFO] [Sprite] Finished loading ./res/graphics/misc/reticle.png
[2025-03-07 02:06:09] [INFO] [Sprite] Finished loading ./res/graphics/misc/yellow_spawn.png
[2025-03-07 02:06:09] [INFO] [Sprite] Finished loading ./res/graphics/misc/blue_spawn.png
[2025-03-07 02:06:09] [INFO] [Sprite] Finished loading ./res/graphics/misc/red_reticle.png
[2025-03-07 02:06:09] [INFO] [Sprite] Finished loading ./res/graphics/misc/depth_shadows.png
[2025-03-07 02:06:09] [INFO] [Sprite] Finished loading ./res/graphics/misc/yellow_reticle.png
[2025-03-07 02:06:09] [INFO] [Sprite] Finished loading ./res/graphics/misc/red_spawn.png
[2025-03-07 02:06:09] [INFO] [Sprite] Finished loading ./res/graphics/misc/directional_shadows.png
[2025-03-07 02:06:09] [INFO] [Sprite] Finished loading ./res/graphics/shadows/northwest.png
[2025-03-07 02:06:09] [INFO] [Sprite] Finished loading ./res/graphics/shadows/west.png
[2025-03-07 02:06:09] [INFO] [Sprite] Finished loading ./res/graphics/shadows/north.png
[2025-03-07 02:06:09] [INFO] [Sprite] Finished loading ./res/graphics/shadows/east.png
[2025-03-07 02:06:09] [INFO] [Sprite] Finished loading ./res/graphics/shadows/northeast.png
[2025-03-07 02:06:09] [INFO] [Sprite] Finished loading ./res/graphics/shadows/south.png
[2025-03-07 02:06:09] [INFO] [Sprite] Finished loading ./res/graphics/shadows/southwest.png
[2025-03-07 02:06:09] [INFO] [Sprite] Finished loading ./res/graphics/shadows/southeast.png
[2025-03-07 02:06:09] [INFO] [Sprite] Finished loading ./res/graphics/structures/tree3_structure.png
[2025-03-07 02:06:09] [INFO] [Sprite] Finished loading ./res/graphics/structures/tree4_structure.png
[2025-03-07 02:06:09] [INFO] [Sprite] Finished loading ./res/graphics/structures/tree1_structure.png
[2025-03-07 02:06:09] [INFO] [Sprite] Finished loading ./res/graphics/structures/tree5_structure.png
[2025-03-07 02:06:09] [INFO] [Sprite] Finished loading ./res/graphics/structures/tree2_structure.png
[2025-03-07 02:06:09] [INFO] [Sprite] Finished loading ./res/graphics/structures/tree6_structure.png
[2025-03-07 02:06:09] [INFO] [Sprite] Finished loading ./res/graphics/wall_tiles/rock_wall2.png
[2025-03-07 02:06:09] [INFO] [Sprite] Finished loading ./res/graphics/wall_tiles/sandstone_wall.png
[2025-03-07 02:06:09] [INFO] [Sprite] Finished loading ./res/graphics/wall_tiles/elden_yellow_wall.png
[2025-03-07 02:06:09] [INFO] [Sprite] Finished loading ./res/graphics/wall_tiles/vine_on_wall.png
[2025-03-07 02:06:09] [INFO] [Sprite] Finished loading ./res/graphics/wall_tiles/boulder_wall.png
[2025-03-07 02:06:09] [INFO] [Sprite] Finished loading ./res/graphics/wall_tiles/white_marble_wall.png
[2025-03-07 02:06:09] [INFO] [Sprite] Finished loading ./res/graphics/wall_tiles/elden_green_wall.png
[2025-03-07 02:06:09] [INFO] [Sprite] Finished loading ./res/graphics/wall_tiles/brown_marble_wall.png
[2025-03-07 02:06:09] [INFO] [Sprite] Finished loading ./res/graphics/wall_tiles/small_brick_wall.png
[2025-03-07 02:06:09] [INFO] [Sprite] Finished loading ./res/graphics/wall_tiles/moss_wall.png
[2025-03-07 02:06:09] [INFO] [Sprite] Finished loading ./res/graphics/wall_tiles/dirt_brick_vine_wall.png
[2025-03-07 02:06:09] [INFO] [Sprite] Finished loading ./res/graphics/wall_tiles/elden_purple_wall.png
[2025-03-07 02:06:09] [INFO] [Sprite] Finished loading ./res/graphics/wall_tiles/large_brick_wall.png
[2025-03-07 02:06:09] [INFO] [Sprite] Finished loading ./res/graphics/wall_tiles/dirt_wall.png
[2025-03-07 02:06:09] [INFO] [Sprite] Finished loading ./res/graphics/wall_tiles/alien_wall.png
[2025-03-07 02:06:09] [INFO] [Sprite] Finished loading ./res/graphics/wall_tiles/industrial_brick_wall.png
[2025-03-07 02:06:09] [INFO] [Sprite] Finished loading ./res/graphics/wall_tiles/rock_wall.png
[2025-03-07 02:06:09] [INFO] [Sprite] Finished loading ./res/graphics/wall_tiles/dirt_wall2.png
[2025-03-07 02:06:09] [INFO] [Sprite] Finished loading ./res/graphics/wall_tiles/moss_wall2.png
[2025-03-07 02:06:09] [INFO] [Sprite] Finished loading ./res/graphics/wall_tiles/moss_wall3.png
[2025-03-07 02:06:09] [INFO] [Sprite] Finished loading ./res/graphics/wall_tiles/no_wall.png
[2025-03-07 02:06:09] [INFO] [Sprite] Finished loading ./res/graphics/wall_tiles/alien_rune_wall.png
[2025-03-07 02:06:09] [INFO] [Sprite] Finished loading ./res/graphics/wall_tiles/industrial_wall.png
[2025-03-07 02:06:09] [INFO] [Sprite] Finished loading ./res/graphics/wall_tiles/small_brick_wall2.png
[2025-03-07 02:06:09] [INFO] [Sprite] Finished loading ./res/graphics/old/liquids 2.png
[2025-03-07 02:06:09] [INFO] [Sprite] Finished loading ./res/graphics/old/gems.png
[2025-03-07 02:06:09] [INFO] [Sprite] Finished loading ./res/graphics/old/floors.png
[2025-03-07 02:06:09] [INFO] [Sprite] Finished loading ./res/graphics/old/terrains.png
[2025-03-07 02:06:09] [INFO] [Sprite] Finished loading ./res/graphics/old/gemsRaw.png
[2025-03-07 02:06:09] [INFO] [Sprite] Finished loading ./res/graphics/old/walls.png
[2025-03-07 02:06:09] [INFO] [Sprite] Finished loading ./res/graphics/old/special2.png
[2025-03-07 02:06:09] [INFO] [Sprite] Finished loading ./res/graphics/old/structures.png
[2025-03-07 02:06:09] [INFO] [Sprite] Finished loading ./res/graphics/old/special.png
[2025-03-07 02:06:09] [INFO] [Sprite] Finished loading ./res/graphics/old/liquids.png
[2025-03-07 02:06:09] [INFO] [Sprite] Finished loading ./res/graphics/old/units.png
[2025-03-07 02:06:09] [INFO] [Sprite] Finished loading ./res/graphics/old/terrains2.png
[2025-03-07 02:06:09] [INFO] [Sprite] Finished loading ./res/graphics/old/floors2.png
[2025-03-07 02:06:09] [INFO] [Sprite] Finished loading ./res/graphics/floor_tiles/sand_1_floor.png
[2025-03-07 02:06:09] [INFO] [Sprite] Finished loading ./res/graphics/floor_tiles/sand_dark_floor.png
[2025-03-07 02:06:09] [INFO] [Sprite] Finished loading ./res/graphics/floor_tiles/dirty_grass_1_floor.png
[2025-03-07 02:06:09] [INFO] [Sprite] Finished loading ./res/graphics/floor_tiles/white_sand_floor.png
[2025-03-07 02:06:09] [INFO] [Sprite] Finished loading ./res/graphics/floor_tiles/white_sands_2.png
[2025-03-07 02:06:09] [INFO] [Sprite] Finished loading ./res/graphics/floor_tiles/dirty_grass_2_floor.png
[2025-03-07 02:06:09] [INFO] [Sprite] Finished loading ./res/graphics/floor_tiles/sand_3_floor.png
[2025-03-07 02:06:09] [INFO] [Sprite] Finished loading ./res/graphics/floor_tiles/obsidian_floor.png
[2025-03-07 02:06:09] [INFO] [Sprite] Finished loading ./res/graphics/floor_tiles/base_floor.png
[2025-03-07 02:06:09] [INFO] [Sprite] Finished loading ./res/graphics/floor_tiles/sand_floor.png
[2025-03-07 02:06:09] [INFO] [Sprite] Finished loading ./res/graphics/floor_tiles/dirty_grass_3_floor.png
[2025-03-07 02:06:09] [INFO] [Sprite] Finished loading ./res/graphics/floor_tiles/sand_2_floor.png
[2025-03-07 02:06:09] [INFO] [Sprite] Finished loading ./res/graphics/units/Air_Dragon.png
[2025-03-07 02:06:09] [INFO] [Sprite] Finished loading ./res/graphics/units/Dragon.png
[2025-03-07 02:06:09] [INFO] [Sprite] Finished loading ./res/graphics/units/Dark_Dragon.png
[2025-03-07 02:06:09] [INFO] [Sprite] Finished loading ./res/graphics/units/Earth_Dragon.png
[2025-03-07 02:06:09] [INFO] [Sprite] Finished loading ./res/graphics/units/Light_Dragon.png
[2025-03-07 02:06:09] [INFO] [Sprite] Finished loading ./res/graphics/units/Water_Dragon.png
[2025-03-07 02:06:09] [INFO] [Sprite] Finished loading ./res/graphics/units/Fire_Dragon.png
[2025-03-07 02:06:09] [INFO] [Sprite] Finished loading ./res/graphics/actions/StatsDown.png
[2025-03-07 02:06:09] [INFO] [Sprite] Finished loading ./res/graphics/actions/PhysicalHit4.png
[2025-03-07 02:06:09] [INFO] [Sprite] Finished loading ./res/graphics/actions/Slash.png
[2025-03-07 02:06:09] [INFO] [Sprite] Finished loading ./res/graphics/actions/Air.png
[2025-03-07 02:06:09] [INFO] [Sprite] Finished loading ./res/graphics/actions/Dark.png
[2025-03-07 02:06:09] [INFO] [Sprite] Finished loading ./res/graphics/actions/Blunt.png
[2025-03-07 02:06:09] [INFO] [Sprite] Finished loading ./res/graphics/actions/Fire.png
[2025-03-07 02:06:09] [INFO] [Sprite] Finished loading ./res/graphics/actions/Earth.png
[2025-03-07 02:06:09] [INFO] [Sprite] Finished loading ./res/graphics/actions/Light.png
[2025-03-07 02:06:09] [INFO] [Sprite] Finished loading ./res/graphics/actions/StatsUp.png
[2025-03-07 02:06:09] [INFO] [Sprite] Finished loading ./res/graphics/actions/Water.png
[2025-03-07 02:06:09] [INFO] [Sprite] Finished loading ./res/graphics/actions/Pierce.png
[2025-03-07 02:06:09] [INFO] [Sprite] Finished loading ./res/graphics/spells/LightSpell.png
[2025-03-07 02:06:09] [INFO] [Sprite] Finished loading ./res/graphics/spells/StatsDown.png
[2025-03-07 02:06:09] [INFO] [Sprite] Finished loading ./res/graphics/spells/WindSpell.png
[2025-03-07 02:06:09] [INFO] [Sprite] Finished loading ./res/graphics/spells/WaterSpell.png
[2025-03-07 02:06:09] [INFO] [Sprite] Finished loading ./res/graphics/spells/PhysicalHit4.png
[2025-03-07 02:06:09] [INFO] [Sprite] Finished loading ./res/graphics/spells/PhysicalHit1.png
[2025-03-07 02:06:09] [INFO] [Sprite] Finished loading ./res/graphics/spells/LightningSpell.png
[2025-03-07 02:06:09] [INFO] [Sprite] Finished loading ./res/graphics/spells/PhysicalHit3.png
[2025-03-07 02:06:09] [INFO] [Sprite] Finished loading ./res/graphics/spells/PhysicalHit2.png
[2025-03-07 02:06:09] [INFO] [Sprite] Finished loading ./res/graphics/spells/FireSpell.png
[2025-03-07 02:06:09] [INFO] [Sprite] Finished loading ./res/graphics/spells/DarkSpell.png
[2025-03-07 02:06:09] [INFO] [Sprite] Finished loading ./res/graphics/spells/StatsUp.png
[2025-03-07 02:06:09] [INFO] [Sprite] Finished loading ./res/graphics/spells/EarthSpell.png
[2025-03-07 02:06:09] [INFO] [Sprite] Finished loading ./res/graphics/liquids/greater_leafage_liquid.png
[2025-03-07 02:06:09] [INFO] [Sprite] Finished loading ./res/graphics/liquids/waterV4_liquid.png
[2025-03-07 02:06:09] [INFO] [Sprite] Finished loading ./res/graphics/liquids/shallow_swamp.png
[2025-03-07 02:06:09] [INFO] [Sprite] Finished loading ./res/graphics/liquids/water5.png
[2025-03-07 02:06:09] [INFO] [Sprite] Finished loading ./res/graphics/liquids/swamp_2.png
[2025-03-07 02:06:09] [INFO] [Sprite] Finished loading ./res/graphics/liquids/Lava_liquid.png
[2025-03-07 02:06:09] [INFO] [Sprite] Finished loading ./res/graphics/liquids/swamp2.png
[2025-03-07 02:06:09] [INFO] [Sprite] Finished loading ./res/graphics/liquids/waterV33_liquid.png
[2025-03-07 02:06:09] [INFO] [Sprite] Finished loading ./res/graphics/liquids/shallow_water_liquid.png
[2025-03-07 02:06:09] [INFO] [Sprite] Finished loading ./res/graphics/liquids/water_liquid.png
[2025-03-07 02:06:09] [INFO] [Sprite] Finished loading ./res/graphics/liquids/waterV2_liquid.png
[2025-03-07 02:06:09] [INFO] [Sprite] Finished loading ./res/graphics/liquids/swamp2_liquid.png
[2025-03-07 02:06:09] [INFO] [SpriteSheetOG] Finished loading ./res/graphics
[2025-03-07 02:06:09] [INFO] [AssetPool] Finished initializing AssetPool
[2025-03-07 02:06:09] [INFO] [FontPoolV1] Started initializing FontPoolV1
[2025-03-07 02:06:09] [INFO] [FontPoolV1] Finished initializing FontPoolV1
[2025-03-07 02:06:09] [INFO] [UnitDatabase] Started initializing UnitDatabase
[2025-03-07 02:06:09] [INFO] [UnitDatabase] Successfully initialized UnitDatabase
[2025-03-07 02:06:09] [INFO] [UnitDatabase] Finished initializing UnitDatabase
[2025-03-07 02:06:09] [INFO] [JsonDatabase] Started initializing JsonDatabase
[2025-03-07 02:06:09] [INFO] [JsonTable] Started initializing JsonTable
[2025-03-07 02:06:09] [INFO] [JsonTable] Successfully initialized JsonTable
[2025-03-07 02:06:09] [INFO] [JsonTable] Finished initializing JsonTable
[2025-03-07 02:06:09] [INFO] [JsonTable] Started initializing JsonTable
[2025-03-07 02:06:09] [INFO] [JsonTable] Successfully initialized JsonTable
[2025-03-07 02:06:09] [INFO] [JsonTable] Finished initializing JsonTable
[2025-03-07 02:06:09] [INFO] [JsonTable] Started initializing JsonTable
[2025-03-07 02:06:09] [INFO] [JsonTable] Successfully initialized JsonTable
[2025-03-07 02:06:09] [INFO] [JsonTable] Finished initializing JsonTable
[2025-03-07 02:06:09] [INFO] [JsonDatabase] Successfully initialized JsonDatabase
[2025-03-07 02:06:09] [INFO] [JsonDatabase] Finished initializing JsonDatabase
[2025-03-07 02:06:09] [INFO] [Component] Setting 18737737-9c41-43ad-b24e-d2b8fa3fc332 on to 8a749df7-cb00-46c4-92ed-93b6609f28bc.
[2025-03-07 02:06:09] [INFO] [SpeedQueue] Added unit enemy:Hiva into queue
[2025-03-07 02:06:09] [INFO] [Component] Setting 0eca990e-44fa-4fb3-bb1a-ca13b6623f3f on to e4f19199-60a3-403c-8497-d16af721a8a2.
[2025-03-07 02:06:09] [INFO] [SpeedQueue] Added unit enemy:Uekjh into queue
[2025-03-07 02:06:09] [INFO] [Component] Setting 60ac6e4a-9066-49ec-ac86-8344cb42fbc5 on to 493c4d09-710e-4c65-862e-811737caab86.
[2025-03-07 02:06:09] [INFO] [SpeedQueue] Added unit enemy:Suza into queue
[2025-03-07 02:06:09] [INFO] [Component] Setting 99b15d34-c4e7-44a0-8255-588c7b0823e7 on to 2a6236a7-d487-4900-98ec-f83571dce8a0.
[2025-03-07 02:06:09] [INFO] [SpeedQueue] Added unit user:Fehua into queue
[2025-03-07 02:06:09] [INFO] [Component] Setting 8a873197-e4e5-48eb-9ba7-c9f9809dd1c6 on to a54935a8-1b59-43c0-b662-87b9bfe674bc.
[2025-03-07 02:06:09] [INFO] [SpeedQueue] Added unit user:Feqegr into queue
[2025-03-07 02:06:09] [INFO] [Component] Setting ca1ba1a3-c2d1-4368-8f7a-f24a601b9553 on to 0563c507-80f5-47a1-9691-0fa35cce0999.
[2025-03-07 02:06:09] [INFO] [SpeedQueue] Added unit user:Watu into queue
[2025-03-07 02:06:09] [INFO] [Component] Setting 3fd67f20-3b89-4a18-8d21-d106882f33b4 on to 87f3275a-bc79-487c-b73d-2816b132f9ee.
[2025-03-07 02:06:09] [INFO] [SpeedQueue] Added unit user:Oozikh into queue
[2025-03-07 02:06:09] [INFO] [FontPool] Started initializing FontPool
[2025-03-07 02:06:09] [INFO] [FontPool] ✅ Successfully loaded font: Lilian
[2025-03-07 02:06:10] [INFO] [SpeedQueue] Speed queue updated.
[2025-03-07 02:06:10] [INFO] [VisualsSystem] Started creating blurred background
[2025-03-07 02:06:10] [INFO] [TimeLinePanel] Updating timeline HUD
[2025-03-07 02:06:11] [INFO] [VisualsSystem] Finished creating blurred background after 0.5141146779060364 seconds
[2025-03-07 02:06:12] [INFO] [MovementSystem] Oozikh is planning to move from [6, 4] to null
[2025-03-07 02:06:12] [INFO] [MovementSystem] Updated movement area for Oozikh
[2025-03-07 02:06:12] [INFO] [MovementSystem] Updated movement path for Oozikh
[2025-03-07 02:06:13] [INFO] [MovementSystem] Oozikh is planning to move from [6, 4] to [8, 9]
[2025-03-07 02:06:13] [INFO] [MovementSystem] Updated movement path for Oozikh
[2025-03-07 02:06:13] [INFO] [MovementSystem] Oozikh is planning to move from [6, 4] to [6, 7]
[2025-03-07 02:06:13] [INFO] [MovementSystem] Updated movement path for Oozikh
[2025-03-07 02:06:13] [INFO] [MovementSystem] Oozikh is planning to move from [6, 4] to [5, 5]
[2025-03-07 02:06:13] [INFO] [MovementSystem] Updated movement path for Oozikh
[2025-03-07 02:06:13] [INFO] [Movemen