[2025-04-19 14:46:45] [INFO] [UnitTable] Started initializing UnitTable
[2025-04-19 14:46:45] [INFO] [EmeritusDatabase] Started initializing EmeritusDatabase
[2025-04-19 14:46:45] [INFO] [EmeritusDatabase] Finished initializing EmeritusDatabase
[2025-04-19 14:46:45] [INFO] [UnitTable] Successfully initialized UnitTable
[2025-04-19 14:46:45] [INFO] [UnitTable] Finished initializing UnitTable
[2025-04-19 14:46:45] [INFO] [AbilityTable] Started initializing AbilityTable
[2025-04-19 14:46:45] [INFO] [AbilityTable] Finished initializing AbilityTable
[2025-04-19 14:46:45] [INFO] [UserSaveStateManager] Started loading user save data
[2025-04-19 14:46:45] [INFO] [UserSaveStateManager] Finished loading user save data
[2025-04-19 14:46:45] [INFO] [AssetPool] Started initializing AssetPool
[2025-04-19 14:46:45] [INFO] [AssetNameSpace] Started loading Sprite's from ./res/graphics
[2025-04-19 14:46:45] [INFO] [AssetNameSpace] Finished reading files for sprites
[2025-04-19 14:46:45] [INFO] [AssetNameSpace] Finished loading ./res/graphics
[2025-04-19 14:46:45] [INFO] [AssetPool] Finished initializing AssetPool
[2025-04-19 14:46:46] [INFO] [Component] Setting water_dragon_Kofic_23cb9cbc-fea3-45bb-8bf6-0709a5e780cd on to {"row":6,"column":1,"height":0,"spawn_region":[],"collider":"","unit":"water_dragon_Kofic_23cb9cbc-fea3-45bb-8bf6-0709a5e780cd","structure":""}.
[2025-04-19 14:46:46] [INFO] [SpeedQueue] Added unit enemy:Kofic into queue
[2025-04-19 14:46:46] [INFO] [Component] Setting earth_dragon_Nowi_238baef8-8805-418f-9382-e297851ac478 on to {"row":0,"column":0,"height":0,"spawn_region":[],"collider":"","unit":"earth_dragon_Nowi_238baef8-8805-418f-9382-e297851ac478","structure":""}.
[2025-04-19 14:46:46] [INFO] [SpeedQueue] Added unit enemy:Nowi into queue
[2025-04-19 14:46:46] [INFO] [Component] Setting dark_dragon_Tiwyuu_4b1c5547-ef60-44ba-99ae-3b39b78714b5 on to {"row":4,"column":6,"height":0,"spawn_region":[],"collider":"","unit":"dark_dragon_Tiwyuu_4b1c5547-ef60-44ba-99ae-3b39b78714b5","structure":""}.
[2025-04-19 14:46:46] [INFO] [SpeedQueue] Added unit enemy:Tiwyuu into queue
[2025-04-19 14:46:46] [INFO] [Component] Setting air_dragon_Lyqhwe_73b5066c-f458-4f90-9ca1-e48198b9d715 on to {"row":5,"column":2,"height":0,"spawn_region":[],"collider":"","unit":"air_dragon_Lyqhwe_73b5066c-f458-4f90-9ca1-e48198b9d715","structure":""}.
[2025-04-19 14:46:46] [INFO] [SpeedQueue] Added unit enemy:Lyqhwe into queue
[2025-04-19 14:46:46] [INFO] [Component] Setting dragon_Turo_c4ba15ce-6e17-4410-8869-39324f4949dc on to {"row":2,"column":6,"height":0,"spawn_region":[],"collider":"","unit":"dragon_Turo_c4ba15ce-6e17-4410-8869-39324f4949dc","structure":""}.
[2025-04-19 14:46:46] [INFO] [SpeedQueue] Added unit enemy:Turo into queue
[2025-04-19 14:46:46] [INFO] [Component] Setting fire_dragon_Wumeue_52c650ef-c8c3-49dd-894a-3a59e1394141 on to {"row":7,"column":4,"height":0,"spawn_region":[],"collider":"","unit":"fire_dragon_Wumeue_52c650ef-c8c3-49dd-894a-3a59e1394141","structure":""}.
[2025-04-19 14:46:46] [INFO] [SpeedQueue] Added unit user:Wumeue into queue
[2025-04-19 14:46:46] [INFO] [EngineController] Started setting scene to MENU_SCENE
[2025-04-19 14:46:46] [INFO] [EngineController] Finished setting scene to MENU_SCENE
[2025-04-19 14:46:46] [INFO] [EngineController] Started setting scene to MAP_EDITOR_SCENE
[2025-04-19 14:46:46] [INFO] [FontPool] Started initializing FontPool
[2025-04-19 14:46:46] [INFO] [FontPool] ✅ Successfully loaded font: Lilian
[2025-04-19 14:46:46] [INFO] [MapEditorScene] Starting to create new GameController!
[2025-04-19 14:46:46] [INFO] [MapEditorScene] Successfully created new GameController!
[2025-04-19 14:46:46] [INFO] [EngineController] Finished setting scene to MAP_EDITOR_SCENE
[2025-04-19 14:46:46] [INFO] [InputHandler] Gliding 0 camera to new tile 10_12_e4c5f382-f3fa-48cd-803e-925b8655cdc6
[2025-04-19 14:46:46] [INFO] [TimeLinePanel] Started updating the timeline panel after turn order has changed.
[2025-04-19 14:46:46] [INFO] [TimeLinePanel] Finished updating the timeline panel after turn order has changed.
[2025-04-19 14:46:46] [INFO] [SelectedTilePanel] Checksum updated, getting units at selected tiles.
[2025-04-19 14:46:46] [INFO] [SelectedTilePanel] Either no unit selected or more than one unit selected
[2025-04-19 14:46:46] [INFO] [VisualsSystem] Started creating blurred background
[2025-04-19 14:46:47] [INFO] [VisualsSystem] Finished creating blurred background after 0.511293351650238 seconds
