[2025-04-18 02:16:20] [INFO] [UnitTable] Started initializing UnitTable
[2025-04-18 02:16:20] [INFO] [EmeritusDatabase] Started initializing EmeritusDatabase
[2025-04-18 02:16:20] [INFO] [EmeritusDatabase] Finished initializing EmeritusDatabase
[2025-04-18 02:16:20] [INFO] [UnitTable] Successfully initialized UnitTable
[2025-04-18 02:16:20] [INFO] [UnitTable] Finished initializing UnitTable
[2025-04-18 02:16:20] [INFO] [AbilityTable] Started initializing AbilityTable
[2025-04-18 02:16:20] [INFO] [AbilityTable] Finished initializing AbilityTable
[2025-04-18 02:16:20] [INFO] [UserSaveStateManager] Started loading user save data
[2025-04-18 02:16:20] [INFO] [UserSaveStateManager] Finished loading user save data
[2025-04-18 02:16:20] [INFO] [AssetPool] Started initializing AssetPool
[2025-04-18 02:16:20] [INFO] [AssetNameSpace] Started loading Sprite's from ./res/graphics
[2025-04-18 02:16:20] [INFO] [AssetNameSpace] Finished reading files for sprites
[2025-04-18 02:16:20] [INFO] [AssetNameSpace] Finished loading ./res/graphics
[2025-04-18 02:16:20] [INFO] [AssetPool] Finished initializing AssetPool
[2025-04-18 02:16:20] [INFO] [Component] Setting light_dragon_Tityve_5fecc9e6-69ae-402f-9358-9219a9a426cf on to {"spawn_region":[],"collider":"","unit":"light_dragon_Tityve_5fecc9e6-69ae-402f-9358-9219a9a426cf","column":0,"row":0,"structure":"","height":0}.
[2025-04-18 02:16:20] [INFO] [SpeedQueue] Added unit enemy:Tityve into queue
[2025-04-18 02:16:20] [INFO] [Component] Setting earth_dragon_Fucan_a423606b-e86c-4652-8751-e7a6e5e65e5e on to {"spawn_region":[],"collider":"","unit":"earth_dragon_Fucan_a423606b-e86c-4652-8751-e7a6e5e65e5e","column":1,"row":4,"structure":"","height":0}.
[2025-04-18 02:16:20] [INFO] [SpeedQueue] Added unit enemy:Fucan into queue
[2025-04-18 02:16:20] [INFO] [Component] Setting air_dragon_Oowii_88eb77f9-a8bb-4ffc-a5d1-a2303b980d99 on to {"spawn_region":[],"collider":"","unit":"air_dragon_Oowii_88eb77f9-a8bb-4ffc-a5d1-a2303b980d99","column":0,"row":5,"structure":"","height":0}.
[2025-04-18 02:16:20] [INFO] [SpeedQueue] Added unit enemy:Oowii into queue
[2025-04-18 02:16:20] [INFO] [Component] Setting dragon_Sappwo_27b73cf1-a4e5-415b-a760-b6fb657aba1c on to {"spawn_region":[],"collider":"","unit":"dragon_Sappwo_27b73cf1-a4e5-415b-a760-b6fb657aba1c","column":4,"row":7,"structure":"","height":0}.
[2025-04-18 02:16:20] [INFO] [SpeedQueue] Added unit enemy:Sappwo into queue
[2025-04-18 02:16:20] [INFO] [Component] Setting dragon_Ceirnp_6cd0e374-04c6-4732-9950-bd775260fac1 on to {"spawn_region":[],"collider":"","unit":"dragon_Ceirnp_6cd0e374-04c6-4732-9950-bd775260fac1","column":7,"row":6,"structure":"","height":0}.
[2025-04-18 02:16:20] [INFO] [SpeedQueue] Added unit enemy:Ceirnp into queue
[2025-04-18 02:16:20] [INFO] [Component] Setting water_dragon_Jurwe_0adc712f-98e1-436c-a8fe-61a576a14813 on to {"spawn_region":[],"collider":"","unit":"water_dragon_Jurwe_0adc712f-98e1-436c-a8fe-61a576a14813","column":6,"row":7,"structure":"","height":0}.
[2025-04-18 02:16:20] [INFO] [SpeedQueue] Added unit user:Jurwe into queue
[2025-04-18 02:16:20] [INFO] [Component] Setting light_dragon_Zikaye_41f7c4e0-6200-4d97-9cff-bef82afe0c45 on to {"spawn_region":[],"collider":"","unit":"light_dragon_Zikaye_41f7c4e0-6200-4d97-9cff-bef82afe0c45","column":6,"row":3,"structure":"","height":0}.
[2025-04-18 02:16:20] [INFO] [SpeedQueue] Added unit user:Zikaye into queue
[2025-04-18 02:16:20] [INFO] [EngineController] Started setting scene to MENU_SCENE
[2025-04-18 02:16:20] [INFO] [EngineController] Finished setting scene to MENU_SCENE
[2025-04-18 02:16:20] [INFO] [EngineController] Started setting scene to MAP_EDITOR_SCENE
[2025-04-18 02:16:20] [INFO] [FontPool] Started initializing FontPool
[2025-04-18 02:16:20] [INFO] [FontPool] ✅ Successfully loaded font: Lilian
[2025-04-18 02:16:20] [INFO] [MapEditorScene] Starting to create new GameController!
[2025-04-18 02:16:20] [INFO] [MapEditorScene] Successfully created new GameController!
[2025-04-18 02:16:21] [INFO] [EngineController] Finished setting scene to MAP_EDITOR_SCENE
[2025-04-18 02:16:21] [INFO] [InputHandler] Gliding 0 camera to new tile 10_12_5f93088b-9828-425c-91f1-fc967fa9e6ad
[2025-04-18 02:16:21] [INFO] [TimeLinePanel] Started updating the timeline panel after turn order has changed.
[2025-04-18 02:16:21] [INFO] [TimeLinePanel] Finished updating the timeline panel after turn order has changed.
[2025-04-18 02:16:21] [INFO] [SelectedTilePanel] Checksum updated, getting units at selected tiles.
[2025-04-18 02:16:21] [INFO] [SelectedTilePanel] Either no unit selected or more than one unit selected
[2025-04-18 02:16:21] [INFO] [VisualsSystem] Started creating blurred background
[2025-04-18 02:16:21] [INFO] [VisualsSystem] Finished creating blurred background after 0.4890017807483673 seconds
[2025-04-18 02:16:22] [INFO] [MapEditorScene] Updated hoveredTilePanes 994,184
[2025-04-18 02:16:22] [INFO] [MapEditorScene] Updated hoveredTilePanes 970,201
[2025-04-18 02:16:22] [INFO] [MapEditorScene] Updated hoveredTilePanes 950,215
[2025-04-18 02:16:22] [INFO] [MapEditorScene] Updated hoveredTilePanes 930,229
[2025-04-18 02:16:22] [INFO] [MapEditorScene] Updated hoveredTilePanes 917,239
[2025-04-18 02:16:22] [INFO] [MapEditorScene] Updated hoveredTilePanes 912,242
[2025-04-18 02:16:22] [INFO] [MapEditorScene] Updated hoveredTilePanes 905,247
[2025-04-18 02:16:22] [INFO] [MapEditorScene] Updated hoveredTilePanes 897,252
[2025-04-18 02:16:22] [INFO] [MapEditorScene] Updated hoveredTilePanes 893,255
[2025-04-18 02:16:22] [INFO] [MapEditorScene] Updated hoveredTilePanes 891,255
[2025-04-18 02:16:22] [INFO] [MapEditorScene] Updated hoveredTilePanes 879,255
[2025-04-18 02:16:22] [INFO] [MapEditorScene] Updated hoveredTilePanes 873,256
[2025-04-18 02:16:22] [INFO] [MapEditorScene] Updated hoveredTilePanes 866,257
[2025-04-18 02:16:22] [INFO] [MapEditorScene] Updated hoveredTilePanes 857,260
[2025-04-18 02:16:22] [INFO] [MapEditorScene] Updated hoveredTilePanes 843,261
[2025-04-18 02:16:22] [INFO] [MapEditorScene] Updated hoveredTilePanes 829,264
[2025-04-18 02:16:22] [INFO] [MapEditorScene] Updated hoveredTilePanes 793,272
[2025-04-18 02:16:22] [INFO] [MapEditorScene] Updated hoveredTilePanes 782,273
[2025-04-18 02:16:22] [INFO] [MapEditorScene] Updated hoveredTilePanes 758,275
[2025-04-18 02:16:22] [INFO] [MapEditorScene] Updated hoveredTilePanes 734,277
[2025-04-18 02:16:22] [INFO] [MapEditorScene] Updated hoveredTilePanes 710,281
[2025-04-18 02:16:22] [INFO] [MapEditorScene] Updated hoveredTilePanes 686,283
[2025-04-18 02:16:22] [INFO] [MapEditorScene] Updated hoveredTilePanes 666,285
[2025-04-18 02:16:22] [INFO] [MapEditorScene] Updated hoveredTilePanes 645,287
[2025-04-18 02:16:22] [INFO] [MapEditorScene] Updated hoveredTilePanes 639,288
[2025-04-18 02:16:22] [INFO] [MapEditorScene] Updated hoveredTilePanes 615,292
[2025-04-18 02:16:22] [INFO] [MapEditorScene] Updated hoveredTilePanes 610,294
[2025-04-18 02:16:22] [INFO] [MapEditorScene] Updated hoveredTilePanes 599,298
[2025-04-18 02:16:22] [INFO] [MapEditorScene] Updated hoveredTilePanes 592,301
[2025-04-18 02:16:22] [INFO] [MapEditorScene] Updated hoveredTilePanes 584,305
[2025-04-18 02:16:22] [INFO] [MapEditorScene] Updated hoveredTilePanes 579,308
[2025-04-18 02:16:22] [INFO] [MapEditorScene] Updated hoveredTilePanes 568,317
[2025-04-18 02:16:22] [INFO] [MapEditorScene] Updated hoveredTilePanes 566,319
[2025-04-18 02:16:22] [INFO] [MapEditorScene] Updated hoveredTilePanes 559,327
[2025-04-18 02:16:22] [INFO] [MapEditorScene] Updated hoveredTilePanes 557,329
[2025-04-18 02:16:22] [INFO] [MapEditorScene] Updated hoveredTilePanes 550,339
[2025-04-18 02:16:22] [INFO] [MapEditorScene] Updated hoveredTilePanes 547,346
[2025-04-18 02:16:22] [INFO] [MapEditorScene] Updated hoveredTilePanes 543,352
[2025-04-18 02:16:22] [INFO] [MapEditorScene] Updated hoveredTilePanes 540,359
[2025-04-18 02:16:22] [INFO] [MapEditorScene] Updated hoveredTilePanes 537,368
[2025-04-18 02:16:22] [INFO] [MapEditorScene] Updated hoveredTilePanes 534,376
[2025-04-18 02:16:22] [INFO] [MapEditorScene] Updated hoveredTilePanes 532,388
[2025-04-18 02:16:22] [INFO] [MapEditorScene] Updated hoveredTilePanes 530,396
[2025-04-18 02:16:22] [INFO] [MapEditorScene] Updated hoveredTilePanes 530,408
[2025-04-18 02:16:22] [INFO] [MapEditorScene] Updated hoveredTilePanes 530,412
[2025-04-18 02:16:22] [INFO] [MapEditorScene] Updated hoveredTilePanes 530,429
[2025-04-18 02:16:22] [INFO] [MapEditorScene] Updated hoveredTilePanes 530,434
[2025-04-18 02:16:22] [INFO] [MapEditorScene] Updated hoveredTilePanes 530,448
[2025-04-18 02:16:22] [INFO] [MapEditorScene] Updated hoveredTilePanes 530,451
[2025-04-18 02:16:22] [INFO] [MapEditorScene] Updated hoveredTilePanes 530,458
[2025-04-18 02:16:22] [INFO] [MapEditorScene] Updated hoveredTilePanes 533,463
[2025-04-18 02:16:22] [INFO] [MapEditorScene] Updated hoveredTilePanes 535,467
[2025-04-18 02:16:22] [INFO] [MapEditorScene] Updated hoveredTilePanes 537,471
[2025-04-18 02:16:22] [INFO] [MapEditorScene] Updated hoveredTilePanes 540,475
[2025-04-18 02:16:22] [INFO] [MapEditorScene] Updated hoveredTilePanes 542,477
[2025-04-18 02:16:22] [INFO] [MapEditorScene] Updated hoveredTilePanes 543,480
[2025-04-18 02:16:22] [INFO] [MapEditorScene] Updated hoveredTilePanes 544,480
[2025-04-18 02:16:23] [INFO] [MapEditorScene] Updated hoveredTilePanes 546,480
[2025-04-18 02:16:23] [INFO] [MapEditorScene] Updated hoveredTilePanes 551,480
[2025-04-18 02:16:23] [INFO] [MapEditorScene] Updated hoveredTilePanes 556,479
[2025-04-18 02:16:23] [INFO] [MapEditorScene] Updated hoveredTilePanes 559,479
[2025-04-18 02:16:23] [INFO] [MapEditorScene] Updated hoveredTilePanes 564,479
[2025-04-18 02:16:23] [INFO] [MapEditorScene] Updated hoveredTilePanes 567,479
[2025-04-18 02:16:23] [INFO] [MapEditorScene] Updated hoveredTilePanes 570,479
[2025-04-18 02:16:23] [INFO] [MapEditorScene] Updated hoveredTilePanes 575,479
[2025-04-18 02:16:23] [INFO] [MapEditorScene] Updated hoveredTilePanes 578,479
[2025-04-18 02:16:23] [INFO] [MapEditorScene] Updated hoveredTilePanes 581,479
[2025-04-18 02:16:23] [INFO] [MapEditorScene] Updated hoveredTilePanes 583,480
[2025-04-18 02:16:23] [INFO] [MapEditorScene] Updated hoveredTilePanes 590,482
[2025-04-18 02:16:23] [INFO] [MapEditorScene] Updated hoveredTilePanes 593,483
[2025-04-18 02:16:23] [INFO] [MapEditorScene] Updated hoveredTilePanes 595,485
[2025-04-18 02:16:23] [INFO] [MapEditorScene] Updated hoveredTilePanes 598,486
[2025-04-18 02:16:23] [INFO] [MapEditorScene] Updated hoveredTilePanes 600,487
[2025-04-18 02:16:23] [INFO] [MapEditorScene] Updated hoveredTilePanes 602,488
[2025-04-18 02:16:23] [INFO] [MapEditorScene] Updated hoveredTilePanes 604,489
[2025-04-18 02:16:23] [INFO] [MapEditorScene] Updated hoveredTilePanes 606,490
[2025-04-18 02:16:23] [INFO] [MapEditorScene] Updated hoveredTilePanes 608,490
[2025-04-18 02:16:23] [INFO] [MapEditorScene] Updated hoveredTilePanes 609,491
[2025-04-18 02:16:23] [INFO] [MapEditorScene] Updated hoveredTilePanes 610,491
[2025-04-18 02:16:23] [INFO] [MapEditorScene] Updated hoveredTilePanes 610,492
[2025-04-18 02:16:23] [INFO] [MapEditorScene] Updated hoveredTilePanes 611,492
[2025-04-18 02:16:23] [INFO] [MapEditorScene] Updated hoveredTilePanes 612,492
[2025-04-18 02:16:23] [INFO] [MapEditorScene] Updated hoveredTilePanes 612,493
[2025-04-18 02:16:23] [INFO] [MapEditorScene] Updated hoveredTilePanes 612,494
[2025-04-18 02:16:23] [INFO] [MapEditorScene] Updated hoveredTilePanes 613,494
[2025-04-18 02:16:23] [INFO] [MapEditorScene] Updated hoveredTilePanes 613,495
[2025-04-18 02:16:23] [INFO] [MapEditorScene] Updated hoveredTilePanes 613,496
[2025-04-18 02:16:23] [INFO] [MapEditorScene] Updated hoveredTilePanes 612,496
[2025-04-18 02:16:23] [INFO] [MapEditorScene] Updated hoveredTilePanes 609,496
[2025-04-18 02:16:23] [INFO] [MapEditorScene] Updated hoveredTilePanes 604,494
[2025-04-18 02:16:23] [INFO] [MapEditorScene] Updated hoveredTilePanes 599,491
[2025-04-18 02:16:23] [INFO] [MapEditorScene] Updated hoveredTilePanes 593,488
[2025-04-18 02:16:23] [INFO] [MapEditorScene] Updated hoveredTilePanes 584,484
[2025-04-18 02:16:23] [INFO] [MapEditorScene] Updated hoveredTilePanes 572,476
[2025-04-18 02:16:23] [INFO] [MapEditorScene] Updated hoveredTilePanes 560,470
[2025-04-18 02:16:23] [INFO] [MapEditorScene] Updated hoveredTilePanes 545,460
[2025-04-18 02:16:23] [INFO] [MapEditorScene] Updated hoveredTilePanes 533,453
[2025-04-18 02:16:23] [INFO] [MapEditorScene] Updated hoveredTilePanes 518,442
[2025-04-18 02:16:23] [INFO] [MapEditorScene] Updated hoveredTilePanes 504,432
[2025-04-18 02:16:23] [INFO] [MapEditorScene] Updated hoveredTilePanes 491,422
[2025-04-18 02:16:23] [INFO] [MapEditorScene] Updated hoveredTilePanes 477,412
[2025-04-18 02:16:23] [INFO] [MapEditorScene] Updated hoveredTilePanes 468,401
[2025-04-18 02:16:23] [INFO] [MapEditorScene] Updated hoveredTilePanes 457,392
[2025-04-18 02:16:23] [INFO] [MapEditorScene] Updated hoveredTilePanes 449,383
[2025-04-18 02:16:23] [INFO] [MapEditorScene] Updated hoveredTilePanes 446,380
[2025-04-18 02:16:23] [INFO] [MapEditorScene] Updated hoveredTilePanes 439,372
[2025-04-18 02:16:23] [INFO] [MapEditorScene] Updated hoveredTilePanes 435,367
[2025-04-18 02:16:23] [INFO] [MapEditorScene] Updated hoveredTilePanes 432,362
[2025-04-18 02:16:23] [INFO] [MapEditorScene] Updated hoveredTilePanes 429,358
[2025-04-18 02:16:23] [INFO] [MapEditorScene] Updated hoveredTilePanes 428,356
[2025-04-18 02:16:23] [INFO] [MapEditorScene] Updated hoveredTilePanes 427,353
[2025-04-18 02:16:23] [INFO] [MapEditorScene] Updated hoveredTilePanes 426,350
[2025-04-18 02:16:23] [INFO] [MapEditorScene] Updated hoveredTilePanes 424,347
[2025-04-18 02:16:23] [INFO] [MapEditorScene] Updated hoveredTilePanes 418,343
[2025-04-18 02:16:23] [INFO] [MapEditorScene] Updated hoveredTilePanes 414,339
[2025-04-18 02:16:23] [INFO] [MapEditorScene] Updated hoveredTilePanes 409,335
[2025-04-18 02:16:23] [INFO] [MapEditorScene] Updated hoveredTilePanes 406,333
[2025-04-18 02:16:24] [INFO] [MapEditorScene] Updated hoveredTilePanes 400,329
[2025-04-18 02:16:24] [INFO] [MapEditorScene] Updated hoveredTilePanes 396,325
[2025-04-18 02:16:24] [INFO] [MapEditorScene] Updated hoveredTilePanes 391,320
[2025-04-18 02:16:24] [INFO] [MapEditorScene] Updated hoveredTilePanes 383,314
[2025-04-18 02:16:24] [INFO] [MapEditorScene] Updated hoveredTilePanes 379,311
[2025-04-18 02:16:24] [INFO] [MapEditorScene] Updated hoveredTilePanes 377,308
[2025-04-18 02:16:24] [INFO] [MapEditorScene] Updated hoveredTilePanes 374,306
[2025-04-18 02:16:24] [INFO] [MapEditorScene] Updated hoveredTilePanes 373,304
[2025-04-18 02:16:24] [INFO] [MapEditorScene] Updated hoveredTilePanes 372,302
[2025-04-18 02:16:24] [INFO] [MapEditorScene] Updated hoveredTilePanes 370,300
[2025-04-18 02:16:24] [INFO] [MapEditorScene] Updated hoveredTilePanes 369,299
[2025-04-18 02:16:24] [INFO] [MapEditorScene] Updated hoveredTilePanes 368,298
[2025-04-18 02:16:24] [INFO] [MapEditorScene] Updated hoveredTilePanes 367,297
[2025-04-18 02:16:24] [INFO] [MapEditorScene] Updated hoveredTilePanes 366,297
[2025-04-18 02:16:24] [INFO] [MapEditorScene] Updated hoveredTilePanes 366,296
[2025-04-18 02:16:24] [INFO] [MapEditorScene] Updated hoveredTilePanes 366,295
[2025-04-18 02:16:24] [INFO] [MapEditorScene] Updated hoveredTilePanes 364,295
[2025-04-18 02:16:24] [INFO] [MapEditorScene] Updated hoveredTilePanes 361,295
[2025-04-18 02:16:24] [INFO] [MapEditorScene] Updated hoveredTilePanes 356,294
[2025-04-18 02:16:24] [INFO] [MapEditorScene] Updated hoveredTilePanes 351,292
[2025-04-18 02:16:24] [INFO] [MapEditorScene] Updated hoveredTilePanes 348,291
[2025-04-18 02:16:24] [INFO] [MapEditorScene] Updated hoveredTilePanes 344,290
[2025-04-18 02:16:24] [INFO] [MapEditorScene] Updated hoveredTilePanes 341,288
[2025-04-18 02:16:24] [INFO] [MapEditorScene] Updated hoveredTilePanes 338,287
[2025-04-18 02:16:24] [INFO] [MapEditorScene] Updated hoveredTilePanes 335,286
[2025-04-18 02:16:24] [INFO] [MapEditorScene] Updated hoveredTilePanes 331,285
[2025-04-18 02:16:24] [INFO] [MapEditorScene] Updated hoveredTilePanes 329,284
[2025-04-18 02:16:24] [INFO] [MapEditorScene] Updated hoveredTilePanes 327,284
[2025-04-18 02:16:24] [INFO] [MapEditorScene] Updated hoveredTilePanes 324,283
[2025-04-18 02:16:24] [INFO] [MapEditorScene] Updated hoveredTilePanes 322,282
[2025-04-18 02:16:24] [INFO] [MapEditorScene] Updated hoveredTilePanes 319,281
[2025-04-18 02:16:24] [INFO] [MapEditorScene] Updated hoveredTilePanes 317,281
[2025-04-18 02:16:24] [INFO] [MapEditorScene] Updated hoveredTilePanes 314,279
[2025-04-18 02:16:24] [INFO] [MapEditorScene] Updated hoveredTilePanes 312,278
[2025-04-18 02:16:24] [INFO] [MapEditorScene] Updated hoveredTilePanes 308,277
[2025-04-18 02:16:24] [INFO] [MapEditorScene] Updated hoveredTilePanes 306,276
[2025-04-18 02:16:24] [INFO] [MapEditorScene] Updated hoveredTilePanes 303,274
[2025-04-18 02:16:24] [INFO] [MapEditorScene] Updated hoveredTilePanes 300,273
[2025-04-18 02:16:24] [INFO] [MapEditorScene] Updated hoveredTilePanes 298,271
[2025-04-18 02:16:24] [INFO] [MapEditorScene] Updated hoveredTilePanes 295,270
[2025-04-18 02:16:24] [INFO] [MapEditorScene] Updated hoveredTilePanes 293,268
[2025-04-18 02:16:24] [INFO] [MapEditorScene] Updated hoveredTilePanes 289,267
[2025-04-18 02:16:24] [INFO] [MapEditorScene] Updated hoveredTilePanes 287,266
[2025-04-18 02:16:24] [INFO] [MapEditorScene] Updated hoveredTilePanes 285,264
[2025-04-18 02:16:24] [INFO] [MapEditorScene] Updated hoveredTilePanes 283,262
[2025-04-18 02:16:24] [INFO] [MapEditorScene] Updated hoveredTilePanes 280,259
[2025-04-18 02:16:24] [INFO] [MapEditorScene] Updated hoveredTilePanes 278,258
[2025-04-18 02:16:24] [INFO] [MapEditorScene] Updated hoveredTilePanes 276,255
[2025-04-18 02:16:24] [INFO] [MapEditorScene] Updated hoveredTilePanes 274,254
[2025-04-18 02:16:24] [INFO] [MapEditorScene] Updated hoveredTilePanes 273,252
[2025-04-18 02:16:24] [INFO] [MapEditorScene] Updated hoveredTilePanes 271,251
[2025-04-18 02:16:24] [INFO] [MapEditorScene] Updated hoveredTilePanes 270,250
[2025-04-18 02:16:24] [INFO] [MapEditorScene] Updated hoveredTilePanes 269,249
[2025-04-18 02:16:24] [INFO] [MapEditorScene] Updated hoveredTilePanes 268,248
[2025-04-18 02:16:24] [INFO] [MapEditorScene] Updated hoveredTilePanes 267,247
[2025-04-18 02:16:24] [INFO] [MapEditorScene] Updated hoveredTilePanes 267,246
[2025-04-18 02:16:24] [INFO] [MapEditorScene] Updated hoveredTilePanes 266,244
[2025-04-18 02:16:25] [INFO] [MapEditorScene] Updated hoveredTilePanes 265,244
[2025-04-18 02:16:25] [INFO] [MapEditorScene] Updated hoveredTilePanes 263,242
[2025-04-18 02:16:25] [INFO] [MapEditorScene] Updated hoveredTilePanes 260,239
[2025-04-18 02:16:25] [INFO] [MapEditorScene] Updated hoveredTilePanes 253,232
[2025-04-18 02:16:25] [INFO] [MapEditorScene] Updated hoveredTilePanes 248,228
[2025-04-18 02:16:25] [INFO] [MapEditorScene] Updated hoveredTilePanes 243,222
[2025-04-18 02:16:25] [INFO] [MapEditorScene] Updated hoveredTilePanes 239,217
[2025-04-18 02:16:25] [INFO] [MapEditorScene] Updated hoveredTilePanes 236,214
[2025-04-18 02:16:25] [INFO] [MapEditorScene] Updated hoveredTilePanes 231,207
[2025-04-18 02:16:25] [INFO] [MapEditorScene] Updated hoveredTilePanes 225,197
[2025-04-18 02:16:25] [INFO] [MapEditorScene] Updated hoveredTilePanes 220,190
[2025-04-18 02:16:25] [INFO] [MapEditorScene] Updated hoveredTilePanes 218,188
[2025-04-18 02:16:25] [INFO] [MapEditorScene] Updated hoveredTilePanes 213,180
[2025-04-18 02:16:25] [INFO] [MapEditorScene] Updated hoveredTilePanes 210,176
[2025-04-18 02:16:25] [INFO] [MapEditorScene] Updated hoveredTilePanes 207,171
[2025-04-18 02:16:25] [INFO] [MapEditorScene] Updated hoveredTilePanes 206,169
[2025-04-18 02:16:25] [INFO] [MapEditorScene] Updated hoveredTilePanes 204,166
[2025-04-18 02:16:25] [INFO] [MapEditorScene] Updated hoveredTilePanes 202,165
[2025-04-18 02:16:25] [INFO] [MapEditorScene] Updated hoveredTilePanes 202,164
[2025-04-18 02:16:25] [INFO] [MapEditorScene] Updated hoveredTilePanes 201,163
[2025-04-18 02:16:25] [INFO] [MapEditorScene] Updated hoveredTilePanes 201,162
[2025-04-18 02:16:25] [INFO] [MapEditorScene] Updated hoveredTilePanes 200,162
[2025-04-18 02:16:25] [INFO] [MapEditorScene] Updated hoveredTilePanes 200,163
[2025-04-18 02:16:25] [INFO] [MapEditorScene] Updated hoveredTilePanes 200,166
[2025-04-18 02:16:25] [INFO] [MapEditorScene] Updated hoveredTilePanes 200,171
[2025-04-18 02:16:25] [INFO] [MapEditorScene] Updated hoveredTilePanes 200,174
[2025-04-18 02:16:25] [INFO] [MapEditorScene] Updated hoveredTilePanes 200,183
[2025-04-18 02:16:25] [INFO] [MapEditorScene] Updated hoveredTilePanes 200,186
[2025-04-18 02:16:25] [INFO] [MapEditorScene] Updated hoveredTilePanes 200,191
[2025-04-18 02:16:25] [INFO] [MapEditorScene] Updated hoveredTilePanes 200,197
[2025-04-18 02:16:25] [INFO] [MapEditorScene] Updated hoveredTilePanes 200,202
[2025-04-18 02:16:25] [INFO] [MapEditorScene] Updated hoveredTilePanes 200,205
[2025-04-18 02:16:25] [INFO] [MapEditorScene] Updated hoveredTilePanes 200,210
[2025-04-18 02:16:25] [INFO] [MapEditorScene] Updated hoveredTilePanes 201,218
[2025-04-18 02:16:25] [INFO] [MapEditorScene] Updated hoveredTilePanes 203,223
[2025-04-18 02:16:25] [INFO] [MapEditorScene] Updated hoveredTilePanes 205,226
[2025-04-18 02:16:25] [INFO] [MapEditorScene] Updated hoveredTilePanes 208,231
[2025-04-18 02:16:25] [INFO] [MapEditorScene] Updated hoveredTilePanes 209,234
[2025-04-18 02:16:25] [INFO] [MapEditorScene] Updated hoveredTilePanes 212,239
[2025-04-18 02:16:25] [INFO] [MapEditorScene] Updated hoveredTilePanes 214,244
[2025-04-18 02:16:25] [INFO] [MapEditorScene] Updated hoveredTilePanes 216,247
[2025-04-18 02:16:25] [INFO] [MapEditorScene] Updated hoveredTilePanes 217,252
[2025-04-18 02:16:25] [INFO] [MapEditorScene] Updated hoveredTilePanes 218,257
[2025-04-18 02:16:25] [INFO] [MapEditorScene] Updated hoveredTilePanes 219,260
[2025-04-18 02:16:25] [INFO] [MapEditorScene] Updated hoveredTilePanes 221,265
[2025-04-18 02:16:25] [INFO] [MapEditorScene] Updated hoveredTilePanes 222,268
[2025-04-18 02:16:25] [INFO] [MapEditorScene] Updated hoveredTilePanes 223,273
[2025-04-18 02:16:25] [INFO] [MapEditorScene] Updated hoveredTilePanes 225,279
[2025-04-18 02:16:25] [INFO] [MapEditorScene] Updated hoveredTilePanes 225,282
[2025-04-18 02:16:25] [INFO] [MapEditorScene] Updated hoveredTilePanes 227,286
[2025-04-18 02:16:25] [INFO] [MapEditorScene] Updated hoveredTilePanes 228,289
[2025-04-18 02:16:25] [INFO] [MapEditorScene] Updated hoveredTilePanes 229,292
[2025-04-18 02:16:25] [INFO] [MapEditorScene] Updated hoveredTilePanes 230,295
[2025-04-18 02:16:25] [INFO] [MapEditorScene] Updated hoveredTilePanes 231,297
[2025-04-18 02:16:25] [INFO] [MapEditorScene] Updated hoveredTilePanes 233,301
[2025-04-18 02:16:25] [INFO] [MapEditorScene] Updated hoveredTilePanes 233,303
[2025-04-18 02:16:25] [INFO] [MapEditorScene] Updated hoveredTilePanes 234,305
[2025-04-18 02:16:25] [INFO] [MapEditorScene] Updated hoveredTilePanes 234,306
[2025-04-18 02:16:25] [INFO] [MapEditorScene] Updated hoveredTilePanes 235,307
[2025-04-18 02:16:25] [INFO] [MapEditorScene] Updated hoveredTilePanes 235,308
[2025-04-18 02:16:25] [INFO] [MapEditorScene] Updated hoveredTilePanes 236,308
[2025-04-18 02:16:25] [INFO] [MapEditorScene] Updated hoveredTilePanes 236,309
[2025-04-18 02:16:25] [INFO] [MapEditorScene] Updated hoveredTilePanes 237,309
[2025-04-18 02:16:25] [INFO] [MapEditorScene] Updated hoveredTilePanes 237,310
[2025-04-18 02:16:25] [INFO] [MapEditorScene] Updated hoveredTilePanes 238,310
[2025-04-18 02:16:26] [INFO] [MapEditorScene] Updated hoveredTilePanes 238,308
[2025-04-18 02:16:26] [INFO] [MapEditorScene] Updated hoveredTilePanes 238,306
[2025-04-18 02:16:26] [INFO] [MapEditorScene] Updated hoveredTilePanes 238,303
[2025-04-18 02:16:26] [INFO] [MapEditorScene] Updated hoveredTilePanes 238,299
[2025-04-18 02:16:26] [INFO] [MapEditorScene] Updated hoveredTilePanes 238,296
[2025-04-18 02:16:26] [INFO] [MapEditorScene] Updated hoveredTilePanes 238,293
[2025-04-18 02:16:26] [INFO] [MapEditorScene] Updated hoveredTilePanes 238,289
[2025-04-18 02:16:26] [INFO] [MapEditorScene] Updated hoveredTilePanes 238,286
[2025-04-18 02:16:26] [INFO] [MapEditorScene] Updated hoveredTilePanes 237,283
[2025-04-18 02:16:26] [INFO] [MapEditorScene] Updated hoveredTilePanes 236,280
[2025-04-18 02:16:26] [INFO] [MapEditorScene] Updated hoveredTilePanes 235,276
[2025-04-18 02:16:26] [INFO] [MapEditorScene] Updated hoveredTilePanes 234,273
[2025-04-18 02:16:26] [INFO] [MapEditorScene] Updated hoveredTilePanes 233,268
[2025-04-18 02:16:26] [INFO] [MapEditorScene] Updated hoveredTilePanes 232,264
[2025-04-18 02:16:26] [INFO] [MapEditorScene] Updated hoveredTilePanes 230,259
[2025-04-18 02:16:26] [INFO] [MapEditorScene] Updated hoveredTilePanes 226,242
[2025-04-18 02:16:26] [INFO] [MapEditorScene] Updated hoveredTilePanes 224,238
[2025-04-18 02:16:26] [INFO] [MapEditorScene] Updated hoveredTilePanes 224,234
[2025-04-18 02:16:26] [INFO] [MapEditorScene] Updated hoveredTilePanes 222,231
[2025-04-18 02:16:26] [INFO] [MapEditorScene] Updated hoveredTilePanes 220,228
[2025-04-18 02:16:26] [INFO] [MapEditorScene] Updated hoveredTilePanes 220,225
[2025-04-18 02:16:26] [INFO] [MapEditorScene] Updated hoveredTilePanes 218,223
[2025-04-18 02:16:26] [INFO] [MapEditorScene] Updated hoveredTilePanes 217,219
[2025-04-18 02:16:26] [INFO] [MapEditorScene] Updated hoveredTilePanes 216,217
[2025-04-18 02:16:26] [INFO] [MapEditorScene] Updated hoveredTilePanes 215,216
[2025-04-18 02:16:26] [INFO] [MapEditorScene] Updated hoveredTilePanes 214,214
[2025-04-18 02:16:26] [INFO] [MapEditorScene] Updated hoveredTilePanes 212,212
[2025-04-18 02:16:26] [INFO] [MapEditorScene] Updated hoveredTilePanes 212,210
[2025-04-18 02:16:26] [INFO] [MapEditorScene] Updated hoveredTilePanes 210,208
[2025-04-18 02:16:26] [INFO] [MapEditorScene] Updated hoveredTilePanes 209,207
[2025-04-18 02:16:26] [INFO] [MapEditorScene] Updated hoveredTilePanes 208,205
[2025-04-18 02:16:26] [INFO] [MapEditorScene] Updated hoveredTilePanes 207,204
[2025-04-18 02:16:26] [INFO] [MapEditorScene] Updated hoveredTilePanes 206,203
[2025-04-18 02:16:26] [INFO] [MapEditorScene] Updated hoveredTilePanes 204,202
[2025-04-18 02:16:26] [INFO] [MapEditorScene] Updated hoveredTilePanes 203,201
[2025-04-18 02:16:26] [INFO] [MapEditorScene] Updated hoveredTilePanes 203,200
[2025-04-18 02:16:26] [INFO] [MapEditorScene] Updated hoveredTilePanes 202,199
[2025-04-18 02:16:26] [INFO] [MapEditorScene] Updated hoveredTilePanes 201,199
[2025-04-18 02:16:26] [INFO] [MapEditorScene] Updated hoveredTilePanes 199,196
[2025-04-18 02:16:26] [INFO] [MapEditorScene] Updated hoveredTilePanes 198,195
[2025-04-18 02:16:26] [INFO] [MapEditorScene] Updated hoveredTilePanes 196,193
[2025-04-18 02:16:26] [INFO] [MapEditorScene] Updated hoveredTilePanes 193,190
[2025-04-18 02:16:26] [INFO] [MapEditorScene] Updated hoveredTilePanes 189,187
[2025-04-18 02:16:26] [INFO] [MapEditorScene] Updated hoveredTilePanes 183,181
[2025-04-18 02:16:26] [INFO] [MapEditorScene] Updated hoveredTilePanes 177,175
[2025-04-18 02:16:26] [INFO] [MapEditorScene] Updated hoveredTilePanes 171,171
[2025-04-18 02:16:26] [INFO] [MapEditorScene] Updated hoveredTilePanes 165,164
[2025-04-18 02:16:26] [INFO] [MapEditorScene] Updated hoveredTilePanes 157,158
[2025-04-18 02:16:26] [INFO] [MapEditorScene] Updated hoveredTilePanes 149,150
[2025-04-18 02:16:26] [INFO] [MapEditorScene] Updated hoveredTilePanes 137,136
[2025-04-18 02:16:26] [INFO] [MapEditorScene] Updated hoveredTilePanes 123,121
[2025-04-18 02:16:26] [INFO] [MapEditorScene] Updated hoveredTilePanes 100,96
[2025-04-18 02:16:26] [INFO] [MapEditorScene] Updated hoveredTilePanes 84,76
[2025-04-18 02:16:26] [INFO] [MapEditorScene] Updated hoveredTilePanes 74,65
[2025-04-18 02:16:26] [INFO] [MapEditorScene] Updated hoveredTilePanes 58,46
[2025-04-18 02:16:26] [INFO] [MapEditorScene] Updated hoveredTilePanes 43,28
[2025-04-18 02:16:26] [INFO] [MapEditorScene] Updated hoveredTilePanes 38,22
[2025-04-18 02:16:26] [INFO] [MapEditorScene] Updated hoveredTilePanes 26,9
[2025-04-18 02:16:26] [INFO] [MapEditorScene] Updated hoveredTilePanes 18,0
