[2025-04-06 16:43:53] [INFO] [UnitTable] Started initializing UnitTable
[2025-04-06 16:43:53] [INFO] [EmeritusDatabase] Started initializing EmeritusDatabase
[2025-04-06 16:43:53] [INFO] [EmeritusDatabase] Finished initializing EmeritusDatabase
[2025-04-06 16:43:53] [INFO] [UnitTable] Successfully initialized UnitTable
[2025-04-06 16:43:53] [INFO] [UnitTable] Finished initializing UnitTable
[2025-04-06 16:43:53] [INFO] [AbilityTable] Started initializing AbilityTable
[2025-04-06 16:43:53] [INFO] [AbilityTable] Finished initializing AbilityTable
[2025-04-06 16:43:53] [INFO] [UserSaveStateManager] Started loading user save data
[2025-04-06 16:43:53] [INFO] [UserSaveStateManager] Finished loading user save data
[2025-04-06 16:43:53] [INFO] [AssetPool] Started initializing AssetPool
[2025-04-06 16:43:53] [INFO] [AssetNameSpace] Started loading Sprite's from ./res/graphics
[2025-04-06 16:43:53] [INFO] [AssetNameSpace] Finished reading files for sprites
[2025-04-06 16:43:53] [INFO] [AssetNameSpace] Finished loading ./res/graphics
[2025-04-06 16:43:53] [INFO] [AssetPool] Finished initializing AssetPool
[2025-04-06 16:43:53] [INFO] [Component] Setting air_dragon_Pytny_ea19d08b-8df5-459f-878f-0d65c02b4544 on to 8_14_4dfa9364-8f93-4265-9483-8e9fac672203.
[2025-04-06 16:43:53] [INFO] [SpeedQueue] Added unit enemy:Pytny into queue
[2025-04-06 16:43:53] [INFO] [Component] Setting dark_dragon_Goky_f3fc9a2b-d326-4c41-9854-9dd8bf2c4fee on to 3_11_2bca4cbe-5149-4a54-a57d-f077454dc53c.
[2025-04-06 16:43:53] [INFO] [SpeedQueue] Added unit enemy:Goky into queue
[2025-04-06 16:43:53] [INFO] [Component] Setting light_dragon_Tieuo_752af8c3-9019-44b3-9181-511d6b3733b9 on to 2_12_e33465d8-753c-4c9a-babd-c3e5c8808ebe.
[2025-04-06 16:43:53] [INFO] [SpeedQueue] Added unit enemy:Tieuo into queue
[2025-04-06 16:43:53] [INFO] [Component] Setting water_dragon_Rurpiy_8ef6fef4-f81c-4796-8883-b39e7157f4fe on to 7_2_7fa576cb-b668-4196-8a27-8a89c8ef1d3f.
[2025-04-06 16:43:53] [INFO] [SpeedQueue] Added unit enemy:Rurpiy into queue
[2025-04-06 16:43:53] [INFO] [Component] Setting light_dragon_Doqemw_73c8cb85-7da9-4c0c-980d-fe9b4063bacb on to 0_14_8d3d10a8-2eba-493e-922a-508475b287f5.
[2025-04-06 16:43:53] [INFO] [SpeedQueue] Added unit enemy:Doqemw into queue
[2025-04-06 16:43:53] [INFO] [Component] Setting dark_dragon_Caey_bfb463a9-8e56-4bd5-9687-2334b70ddf0a on to 7_3_c5a5f88a-b69a-46fe-af91-d530a5eff43e.
[2025-04-06 16:43:53] [INFO] [SpeedQueue] Added unit enemy:Caey into queue
[2025-04-06 16:43:53] [INFO] [Component] Setting dragon_Aaswei_5410a768-3122-4c97-8823-02cc1cb64a34 on to 7_5_68990ed8-64d3-40e0-a074-3298e46841d6.
[2025-04-06 16:43:53] [INFO] [SpeedQueue] Added unit enemy:Aaswei into queue
[2025-04-06 16:43:53] [INFO] [Component] Setting dark_dragon_Oyoa_68bd108e-97e1-4397-96a0-634660db6f3d on to 2_9_a0adb87a-d81f-4b82-935a-bb5c12ff8e52.
[2025-04-06 16:43:53] [INFO] [SpeedQueue] Added unit enemy:Oyoa into queue
[2025-04-06 16:43:53] [INFO] [Component] Setting water_dragon_Uusqor_7138cdf8-51f2-43aa-9579-e1b6caadfa91 on to 10_10_1028d865-adad-4648-bc14-c490764fe647.
[2025-04-06 16:43:53] [INFO] [SpeedQueue] Added unit enemy:Uusqor into queue
[2025-04-06 16:43:53] [INFO] [Component] Setting light_dragon_Xevtbo_61a09ab6-f9fd-479e-bd0c-3739fdb154f2 on to 6_13_6cc9e0ab-ae47-458b-89a2-ec6860c2ea9a.
[2025-04-06 16:43:53] [INFO] [SpeedQueue] Added unit enemy:Xevtbo into queue
[2025-04-06 16:43:53] [INFO] [Component] Setting dark_dragon_Uybt_2771c9be-df2f-4b12-ad34-29194602b5da on to 10_14_991dd69c-e012-455e-a4b4-d608f7121aec.
[2025-04-06 16:43:53] [INFO] [SpeedQueue] Added unit enemy:Uybt into queue
[2025-04-06 16:43:53] [INFO] [Component] Setting dragon_Xotay_c49b977a-9413-4be4-a992-aed7c74e6025 on to 11_11_ab2d534e-f38a-441b-90dc-b933e730874e.
[2025-04-06 16:43:53] [INFO] [SpeedQueue] Added unit enemy:Xotay into queue
[2025-04-06 16:43:53] [INFO] [Component] Setting dragon_Iokk_d77b2c1d-921c-487d-9fc5-13495862a1a9 on to 4_7_c7b292ac-6978-433f-a344-b084483bff16.
[2025-04-06 16:43:53] [INFO] [SpeedQueue] Added unit enemy:Iokk into queue
[2025-04-06 16:43:53] [INFO] [Component] Setting earth_dragon_Iirmc_ddd05faf-89f0-4ef4-b4ed-f95d18bafc97 on to 3_9_74924fe5-f551-4a56-a19f-78d9ebe80344.
[2025-04-06 16:43:53] [INFO] [SpeedQueue] Added unit enemy:Iirmc into queue
[2025-04-06 16:43:53] [INFO] [Component] Setting air_dragon_Cywk_516d8438-52eb-4ba0-a681-09981bbcad16 on to 0_0_9d9e0e8a-0ebb-4550-b390-4ba27f3a6c40.
[2025-04-06 16:43:53] [INFO] [SpeedQueue] Added unit enemy:Cywk into queue
[2025-04-06 16:43:53] [INFO] [Component] Setting earth_dragon_Iipu_0a1c6060-e578-40e6-bd4e-3647b41977b7 on to 0_4_a7da21e1-12f3-4b86-8dbb-d5b503f4ba4b.
[2025-04-06 16:43:53] [INFO] [SpeedQueue] Added unit enemy:Iipu into queue
[2025-04-06 16:43:53] [INFO] [Component] Setting light_dragon_Zicmo_1d0e86a0-41fd-4bdf-8cf9-50cb572eca4a on to 5_14_7e0deae7-5aab-4836-bf6b-46ddef3ecff4.
[2025-04-06 16:43:53] [INFO] [SpeedQueue] Added unit enemy:Zicmo into queue
[2025-04-06 16:43:53] [INFO] [Component] Setting dragon_Xuoo_b76dbaa0-0333-4e84-9b73-c02aeb3e383c on to 9_13_aec6553f-90fb-44f9-85c0-e12423e444d4.
[2025-04-06 16:43:53] [INFO] [SpeedQueue] Added unit enemy:Xuoo into queue
[2025-04-06 16:43:53] [INFO] [Component] Setting air_dragon_Qohuf_84431faf-07d2-4243-a3f5-5a035ca19dd6 on to 7_7_43d302b4-b604-4ac2-a5c7-2c7403f04952.
[2025-04-06 16:43:53] [INFO] [SpeedQueue] Added unit enemy:Qohuf into queue
[2025-04-06 16:43:53] [INFO] [Component] Setting dark_dragon_Rouxlu_ffa29efe-c41c-4931-9bff-7bc25bed067f on to 3_10_c4ca5041-3f9a-45aa-acea-6bfbbd9e3766.
[2025-04-06 16:43:53] [INFO] [SpeedQueue] Added unit enemy:Rouxlu into queue
[2025-04-06 16:43:53] [INFO] [Component] Setting dragon_Fetv_2606dc53-a0c1-48c1-8fef-4d36681496a6 on to 3_3_2da221a8-bb09-4ddd-80f5-511f8e4d6d93.
[2025-04-06 16:43:53] [INFO] [SpeedQueue] Added unit enemy:Fetv into queue
[2025-04-06 16:43:53] [INFO] [Component] Setting dark_dragon_Duxw_40aab909-6f03-4210-8995-80a5e12bf673 on to 0_10_22ba09d0-f457-4446-a4e1-745bc608f716.
[2025-04-06 16:43:53] [INFO] [SpeedQueue] Added unit enemy:Duxw into queue
[2025-04-06 16:43:53] [INFO] [Component] Setting air_dragon_Iuyeo_b637be4a-39d2-400d-a3ee-09954ba8b3f9 on to 9_5_5b60fdaf-7c11-4835-ad88-f899613ea48f.
[2025-04-06 16:43:53] [INFO] [SpeedQueue] Added unit enemy:Iuyeo into queue
[2025-04-06 16:43:53] [INFO] [Component] Setting air_dragon_Vefeuu_b5db5e74-25a3-4ddc-86d7-c68acc2f689c on to 12_9_b2ee6092-697d-427e-8f50-de3331e63968.
[2025-04-06 16:43:53] [INFO] [SpeedQueue] Added unit user:Vefeuu into queue
[2025-04-06 16:43:53] [INFO] [Component] Setting dark_dragon_Xofa_0f9f8fde-7f94-4ab7-ab62-b2de10a55c86 on to 9_12_8d5b507c-fca1-4eb1-bb8e-795a54ada6c6.
[2025-04-06 16:43:53] [INFO] [SpeedQueue] Added unit user:Xofa into queue
[2025-04-06 16:43:53] [INFO] [Component] Setting light_dragon_Pilmae_a0a50bba-ef65-4213-ab08-9ee2d19d191b on to 1_4_9cf570a7-9298-41c0-8504-39d6e1e14a04.
[2025-04-06 16:43:53] [INFO] [SpeedQueue] Added unit user:Pilmae into queue
[2025-04-06 16:43:53] [INFO] [Component] Setting fire_dragon_Uabjya_7edbb589-95da-4906-afb0-32fdf1ec8914 on to 14_12_3d6de15d-9dbd-4930-ab70-65b8302646c9.
[2025-04-06 16:43:53] [INFO] [SpeedQueue] Added unit user:Uabjya into queue
[2025-04-06 16:43:53] [INFO] [Component] Setting fire_dragon_Iuniae_0330f114-e2a1-4b3a-a8e5-4eb7e3f94db5 on to 9_14_4ccbac4c-6bd2-4265-86bb-539e2466295f.
[2025-04-06 16:43:53] [INFO] [SpeedQueue] Added unit user:Iuniae into queue
[2025-04-06 16:43:53] [INFO] [Component] Setting air_dragon_Uics_02c589c0-10cc-4b5a-991e-35cd53fe0943 on to 8_2_29da347d-5d82-4014-a348-9ff9d81a79af.
[2025-04-06 16:43:53] [INFO] [SpeedQueue] Added unit user:Uics into queue
[2025-04-06 16:43:53] [INFO] [Component] Setting fire_dragon_Zueap_c7244bfd-06b0-4d96-b5a3-f77f154d6487 on to 3_14_df650822-2dff-4029-a6a8-ae432bc9716a.
[2025-04-06 16:43:53] [INFO] [SpeedQueue] Added unit user:Zueap into queue
[2025-04-06 16:43:53] [INFO] [EngineController] Started setting scene to MENU_SCENE
[2025-04-06 16:43:54] [INFO] [EngineController] Finished setting scene to MENU_SCENE
[2025-04-06 16:43:54] [INFO] [EngineController] Started setting scene to GAME_SCENE
[2025-04-06 16:43:54] [INFO] [FontPool] Started initializing FontPool
[2025-04-06 16:43:54] [INFO] [FontPool] ✅ Successfully loaded font: Lilian
[2025-04-06 16:43:54] [INFO] [EngineController] Finished setting scene to GAME_SCENE
[2025-04-06 16:43:54] [INFO] [SpeedQueue] Speed queue updated.
[2025-04-06 16:43:54] [INFO] [TimeLinePanel] Started updating the timeline panel after turn order has changed.
[2025-04-06 16:43:55] [INFO] [TimeLinePanel] Finished updating the timeline panel after turn order has changed.
[2025-04-06 16:43:55] [INFO] [SelectedTilePanel] Checksum updated, getting units at selected tiles.
[2025-04-06 16:43:55] [INFO] [SelectedTilePanel] Either no unit selected or more than one unit selected
[2025-04-06 16:43:55] [INFO] [LesserStatisticsInformationPanel] Checksum has been updated, querying statistics for unit earth_dragon_Iipu_0a1c6060-e578-40e6-bd4e-3647b41977b7
[2025-04-06 16:43:55] [INFO] [VisualsSystem] Started creating blurred background
[2025-04-06 16:43:55] [INFO] [VisualsSystem] Finished creating blurred background after 0.48752620816230774 seconds
[2025-04-06 16:43:56] [INFO] [AbilitySystem] Iipu is planning to use slash on [1, 4]
[2025-04-06 16:43:56] [INFO] [AbilitySystem] Updated area of sight for Iipu, viewing 5 tiles
[2025-04-06 16:43:56] [INFO] [AbilitySystem] Updated line of sight for Iipu, viewing 2 tiles
[2025-04-06 16:43:56] [INFO] [AbilitySystem] Updated area of effect for Iipu viewing 1 tiles
[2025-04-06 16:43:56] [INFO] [CombatSystem] Started constructing cost mappings for Iipu to use slash
[2025-04-06 16:43:56] [INFO] [CombatSystem] Finished constructing cost mappings for Iipu to use slash
[2025-04-06 16:43:56] [INFO] [CombatSystem] Checking cost requirements for Iipu to use slash
[2025-04-06 16:43:56] [INFO] [CombatSystem] Iipu is able to pay for slash
[2025-04-06 16:43:56] [INFO] [CombatSystem] Started constructing cost mappings for Iipu to use slash
[2025-04-06 16:43:56] [INFO] [CombatSystem] Finished constructing cost mappings for Iipu to use slash
[2025-04-06 16:43:56] [INFO] [CombatSystem] Paying cost requirements for Iipu using slash
[2025-04-06 16:43:56] [INFO] [CombatSystem] Paying 18.0 stamina out of 20.0 stamina to use slash
[2025-04-06 16:43:56] [INFO] [AbilitySystem] Used from slash on [1, 4]
[2025-04-06 16:43:56] [INFO] [DevPanel] Setting camera mode
[2025-04-06 16:43:56] [INFO] [CombatSystem] Started constructing damage mappings for Iipu to use slash
[2025-04-06 16:43:56] [INFO] [CombatSystem] Finished constructing damage mappings for Iipu to use slash
[2025-04-06 16:43:56] [INFO] [CombatSystem] Started dealing damage with slash to Pilmae 
[2025-04-06 16:43:56] [INFO] [CombatSystem] 10 = Raw Damage
[2025-04-06 16:43:56] [INFO] [CombatSystem] 10 = Damage after modifiers
[2025-04-06 16:43:56] [INFO] [CombatSystem] 9 = Damage after defenses
[2025-04-06 16:43:57] [INFO] [MovementSystem] Updated movement range for Iipu
[2025-04-06 16:43:57] [INFO] [MovementSystem] Updated movement path for Iipu
[2025-04-06 16:43:57] [INFO] [Component] Setting earth_dragon_Iipu_0a1c6060-e578-40e6-bd4e-3647b41977b7 on to 0_6_5389ad5b-b76d-4894-b75e-62db381c68f2.
[2025-04-06 16:43:57] [INFO] [MovementSystem] Moved from [0, 4] to [0, 6]
[2025-04-06 16:43:58] [INFO] [TimeLinePanel] Started updating the timeline panel after turn order has changed.
[2025-04-06 16:43:58] [INFO] [TimeLinePanel] Finished updating the timeline panel after turn order has changed.
[2025-04-06 16:43:59] [INFO] [MovementSystem] Updated movement range for Qohuf
[2025-04-06 16:43:59] [INFO] [MovementSystem] Updated movement path for Qohuf
[2025-04-06 16:43:59] [INFO] [Component] Setting air_dragon_Qohuf_84431faf-07d2-4243-a3f5-5a035ca19dd6 on to 6_7_eb92d6ca-e1fb-468e-bfbc-40c5fd6e6681.
[2025-04-06 16:43:59] [INFO] [MovementSystem] Moved from [7, 7] to [6, 7]
[2025-04-06 16:44:00] [INFO] [AbilitySystem] Qohuf is planning to use slash on [4, 7]
[2025-04-06 16:44:00] [INFO] [AbilitySystem] Updated area of sight for Qohuf, viewing 13 tiles
[2025-04-06 16:44:00] [INFO] [AbilitySystem] Updated line of sight for Qohuf, viewing 3 tiles
[2025-04-06 16:44:00] [INFO] [AbilitySystem] Updated area of effect for Qohuf viewing 1 tiles
[2025-04-06 16:44:00] [INFO] [CombatSystem] Started constructing cost mappings for Qohuf to use slash
[2025-04-06 16:44:00] [INFO] [CombatSystem] Finished constructing cost mappings for Qohuf to use slash
[2025-04-06 16:44:00] [INFO] [CombatSystem] Checking cost requirements for Qohuf to use slash
[2025-04-06 16:44:00] [INFO] [CombatSystem] Qohuf is able to pay for slash
[2025-04-06 16:44:00] [INFO] [CombatSystem] Started constructing cost mappings for Qohuf to use slash
[2025-04-06 16:44:00] [INFO] [CombatSystem] Finished constructing cost mappings for Qohuf to use slash
[2025-04-06 16:44:00] [INFO] [CombatSystem] Paying cost requirements for Qohuf using slash
[2025-04-06 16:44:00] [INFO] [CombatSystem] Paying 18.0 stamina out of 20.0 stamina to use slash
[2025-04-06 16:44:00] [INFO] [AbilitySystem] Used from slash on [4, 7]
[2025-04-06 16:44:00] [INFO] [CombatSystem] Started constructing damage mappings for Qohuf to use slash
[2025-04-06 16:44:00] [INFO] [CombatSystem] Finished constructing damage mappings for Qohuf to use slash
[2025-04-06 16:44:00] [INFO] [CombatSystem] Started dealing damage with slash to Iokk 
[2025-04-06 16:44:00] [INFO] [CombatSystem] 10 = Raw Damage
[2025-04-06 16:44:00] [INFO] [CombatSystem] 10 = Damage after modifiers
[2025-04-06 16:44:00] [INFO] [CombatSystem] 9 = Damage after defenses
[2025-04-06 16:44:00] [INFO] [TimeLinePanel] Started updating the timeline panel after turn order has changed.
[2025-04-06 16:44:00] [INFO] [TimeLinePanel] Finished updating the timeline panel after turn order has changed.
[2025-04-06 16:44:01] [INFO] [MovementSystem] Updated movement range for Rurpiy
[2025-04-06 16:44:01] [INFO] [MovementSystem] Updated movement path for Rurpiy
[2025-04-06 16:44:01] [INFO] [Component] Setting water_dragon_Rurpiy_8ef6fef4-f81c-4796-8883-b39e7157f4fe on to 7_0_128a0e3a-7bde-4aa3-91cd-477a34949506.
[2025-04-06 16:44:01] [INFO] [MovementSystem] Moved from [7, 2] to [7, 0]
[2025-04-06 16:44:02] [INFO] [TimeLinePanel] Started updating the timeline panel after turn order has changed.
[2025-04-06 16:44:02] [INFO] [TimeLinePanel] Finished updating the timeline panel after turn order has changed.
[2025-04-06 16:44:03] [INFO] [MovementSystem] Updated movement range for Iuyeo
[2025-04-06 16:44:03] [INFO] [MovementSystem] Updated movement path for Iuyeo
[2025-04-06 16:44:03] [INFO] [Component] Setting air_dragon_Iuyeo_b637be4a-39d2-400d-a3ee-09954ba8b3f9 on to 10_5_a6f18d66-6648-43b7-8c71-cd1e4e9e7680.
[2025-04-06 16:44:03] [INFO] [MovementSystem] Moved from [9, 5] to [10, 5]
[2025-04-06 16:44:04] [INFO] [TimeLinePanel] Started updating the timeline panel after turn order has changed.
[2025-04-06 16:44:04] [INFO] [TimeLinePanel] Finished updating the timeline panel after turn order has changed.
[2025-04-06 16:44:05] [INFO] [AbilitySystem] Rouxlu is planning to use slash on [2, 9]
[2025-04-06 16:44:05] [INFO] [AbilitySystem] Updated area of sight for Rouxlu, viewing 11 tiles
[2025-04-06 16:44:05] [INFO] [AbilitySystem] Updated line of sight for Rouxlu, viewing 3 tiles
[2025-04-06 16:44:05] [INFO] [AbilitySystem] Updated area of effect for Rouxlu viewing 1 tiles
[2025-04-06 16:44:05] [INFO] [CombatSystem] Started constructing cost mappings for Rouxlu to use slash
[2025-04-06 16:44:05] [INFO] [CombatSystem] Finished constructing cost mappings for Rouxlu to use slash
[2025-04-06 16:44:05] [INFO] [CombatSystem] Checking cost requirements for Rouxlu to use slash
[2025-04-06 16:44:05] [INFO] [CombatSystem] Rouxlu is able to pay for slash
[2025-04-06 16:44:05] [INFO] [CombatSystem] Started constructing cost mappings for Rouxlu to use slash
[2025-04-06 16:44:05] [INFO] [CombatSystem] Finished constructing cost mappings for Rouxlu to use slash
[2025-04-06 16:44:05] [INFO] [CombatSystem] Paying cost requirements for Rouxlu using slash
[2025-04-06 16:44:05] [INFO] [CombatSystem] Paying 18.0 stamina out of 20.0 stamina to use slash
[2025-04-06 16:44:05] [INFO] [AbilitySystem] Used from slash on [2, 9]
[2025-04-06 16:44:05] [INFO] [CombatSystem] Started constructing damage mappings for Rouxlu to use slash
[2025-04-06 16:44:05] [INFO] [CombatSystem] Finished constructing damage mappings for Rouxlu to use slash
[2025-04-06 16:44:05] [INFO] [CombatSystem] Started dealing damage with slash to Oyoa 
[2025-04-06 16:44:05] [INFO] [CombatSystem] 10 = Raw Damage
[2025-04-06 16:44:05] [INFO] [CombatSystem] 10 = Damage after modifiers
[2025-04-06 16:44:05] [INFO] [CombatSystem] 9 = Damage after defenses
[2025-04-06 16:44:06] [INFO] [MovementSystem] Updated movement range for Rouxlu
[2025-04-06 16:44:06] [INFO] [MovementSystem] Updated movement path for Rouxlu
[2025-04-06 16:44:06] [INFO] [Component] Setting dark_dragon_Rouxlu_ffa29efe-c41c-4931-9bff-7bc25bed067f on to 4_9_cf5e75ce-b05d-4489-a410-0ecccd6e8a55.
[2025-04-06 16:44:06] [INFO] [MovementSystem] Moved from [3, 10] to [4, 9]
[2025-04-06 16:44:07] [INFO] [TimeLinePanel] Started updating the timeline panel after turn order has changed.
[2025-04-06 16:44:07] [INFO] [TimeLinePanel] Finished updating the timeline panel after turn order has changed.
[2025-04-06 16:44:09] [INFO] [MovementSystem] Updated movement range for Doqemw
[2025-04-06 16:44:09] [INFO] [MovementSystem] Updated movement path for Doqemw
[2025-04-06 16:44:09] [INFO] [Component] Setting light_dragon_Doqemw_73c8cb85-7da9-4c0c-980d-fe9b4063bacb on to 0_13_18e17df0-1240-45e4-ba9e-0176df2244ca.
[2025-04-06 16:44:09] [INFO] [MovementSystem] Moved from [0, 14] to [0, 13]
[2025-04-06 16:44:09] [INFO] [TimeLinePanel] Started updating the timeline panel after turn order has changed.
[2025-04-06 16:44:09] [INFO] [TimeLinePanel] Finished updating the timeline panel after turn order has changed.
[2025-04-06 16:44:10] [INFO] [MovementSystem] Updated movement range for Iirmc
[2025-04-06 16:44:10] [INFO] [MovementSystem] Updated movement path for Iirmc
[2025-04-06 16:44:10] [INFO] [Component] Setting earth_dragon_Iirmc_ddd05faf-89f0-4ef4-b4ed-f95d18bafc97 on to 4_10_dff6741a-8881-4060-a38e-6e3ce594f970.
[2025-04-06 16:44:10] [INFO] [MovementSystem] Moved from [3, 9] to [4, 10]
[2025-04-06 16:44:11] [INFO] [AbilitySystem] Iirmc is planning to use slash on [3, 11]
[2025-04-06 16:44:11] [INFO] [AbilitySystem] Updated area of sight for Iirmc, viewing 12 tiles
[2025-04-06 16:44:11] [INFO] [AbilitySystem] Updated line of sight for Iirmc, viewing 3 tiles
[2025-04-06 16:44:11] [INFO] [AbilitySystem] Updated area of effect for Iirmc viewing 1 tiles
[2025-04-06 16:44:11] [INFO] [CombatSystem] Started constructing cost mappings for Iirmc to use slash
[2025-04-06 16:44:11] [INFO] [CombatSystem] Finished constructing cost mappings for Iirmc to use slash
[2025-04-06 16:44:11] [INFO] [CombatSystem] Checking cost requirements for Iirmc to use slash
[2025-04-06 16:44:11] [INFO] [CombatSystem] Iirmc is able to pay for slash
[2025-04-06 16:44:11] [INFO] [CombatSystem] Started constructing cost mappings for Iirmc to use slash
[2025-04-06 16:44:11] [INFO] [CombatSystem] Finished constructing cost mappings for Iirmc to use slash
[2025-04-06 16:44:11] [INFO] [CombatSystem] Paying cost requirements for Iirmc using slash
[2025-04-06 16:44:11] [INFO] [CombatSystem] Paying 18.0 stamina out of 20.0 stamina to use slash
[2025-04-06 16:44:11] [INFO] [AbilitySystem] Used from slash on [3, 11]
[2025-04-06 16:44:12] [INFO] [CombatSystem] Started constructing damage mappings for Iirmc to use slash
[2025-04-06 16:44:12] [INFO] [CombatSystem] Finished constructing damage mappings for Iirmc to use slash
[2025-04-06 16:44:12] [INFO] [CombatSystem] Started dealing damage with slash to Goky 
[2025-04-06 16:44:12] [INFO] [CombatSystem] 10 = Raw Damage
[2025-04-06 16:44:12] [INFO] [CombatSystem] 10 = Damage after modifiers
[2025-04-06 16:44:12] [INFO] [CombatSystem] 9 = Damage after defenses
[2025-04-06 16:44:12] [INFO] [TimeLinePanel] Started updating the timeline panel after turn order has changed.
[2025-04-06 16:44:12] [INFO] [TimeLinePanel] Finished updating the timeline panel after turn order has changed.
