[2025-03-30 08:13:58] [INFO] [UserSaveStateManager] Started loading user save data
[2025-03-30 08:13:58] [INFO] [UserSaveStateManager] Finished loading user save data
[2025-03-30 08:13:58] [INFO] [JsonDatabase] Started initializing JsonDatabase
[2025-03-30 08:13:58] [INFO] [JsonTable] Started initializing JsonTable
[2025-03-30 08:13:58] [INFO] [JsonTable] Successfully initialized JsonTable
[2025-03-30 08:13:58] [INFO] [JsonTable] Finished initializing JsonTable
[2025-03-30 08:13:58] [INFO] [JsonTable] Started initializing JsonTable
[2025-03-30 08:13:58] [INFO] [JsonTable] Successfully initialized JsonTable
[2025-03-30 08:13:58] [INFO] [JsonTable] Finished initializing JsonTable
[2025-03-30 08:13:58] [INFO] [JsonTable] Started initializing JsonTable
[2025-03-30 08:13:58] [INFO] [JsonTable] Successfully initialized JsonTable
[2025-03-30 08:13:58] [INFO] [JsonTable] Finished initializing JsonTable
[2025-03-30 08:13:58] [INFO] [JsonDatabase] Successfully initialized JsonDatabase
[2025-03-30 08:13:58] [INFO] [JsonDatabase] Finished initializing JsonDatabase
[2025-03-30 08:13:58] [INFO] [AssetPool] Started initializing AssetPool
[2025-03-30 08:13:58] [INFO] [AssetNameSpace] Started loading Sprite's from ./res/graphics
[2025-03-30 08:13:58] [INFO] [AssetNameSpace] Finished reading files for sprites
[2025-03-30 08:13:58] [INFO] [AssetNameSpace] Finished loading ./res/graphics
[2025-03-30 08:13:58] [INFO] [AssetPool] Finished initializing AssetPool
[2025-03-30 08:13:58] [INFO] [UnitDatabase] Started initializing UnitDatabase
[2025-03-30 08:13:58] [INFO] [UnitDatabase] Successfully initialized UnitDatabase
[2025-03-30 08:13:58] [INFO] [UnitDatabase] Finished initializing UnitDatabase
[2025-03-30 08:13:58] [INFO] [Component] Setting 946ad67d-20d9-44e7-a01a-e476a0090de9 on to b4dc56a8-7025-46db-9446-1a088b74d5fb.
[2025-03-30 08:13:58] [INFO] [SpeedQueue] Added unit enemy:Ziue into queue
[2025-03-30 08:13:58] [INFO] [Component] Setting 39492f94-2a10-4483-9336-3ed2225c7eb8 on to 97f0e179-6b8a-424f-9446-89978f63667e.
[2025-03-30 08:13:58] [INFO] [SpeedQueue] Added unit enemy:Eodnuo into queue
[2025-03-30 08:13:58] [INFO] [Component] Setting 6d5f2c37-9332-4e0c-acde-2e1f5cf1e073 on to e3d47eac-56a2-478a-b363-b2b6ff7a95f0.
[2025-03-30 08:13:58] [INFO] [SpeedQueue] Added unit enemy:Dosuy into queue
[2025-03-30 08:13:58] [INFO] [Component] Setting a7233b53-06f7-4a9e-8e9f-5d90b17206e4 on to a3a12056-4c51-4998-8de0-39451bdf474c.
[2025-03-30 08:13:58] [INFO] [SpeedQueue] Added unit user:Jizo into queue
[2025-03-30 08:13:58] [INFO] [Component] Setting 9e730912-33a8-4c80-9ccb-137597e4d08d on to 68f6a518-49d6-49c1-967a-802413e89a06.
[2025-03-30 08:13:58] [INFO] [SpeedQueue] Added unit user:Lawc into queue
[2025-03-30 08:13:58] [INFO] [Component] Setting 551eaf9e-2a44-43e6-8362-6cd5f5f997c8 on to a1e12781-7892-4e20-881e-f9ebe6689247.
[2025-03-30 08:13:58] [INFO] [SpeedQueue] Added unit user:Cyitf into queue
[2025-03-30 08:13:58] [INFO] [Component] Setting 08804677-25b2-4ed7-994a-da365e58272c on to a6f24b6a-c103-4111-b3b0-1e714ba9c631.
[2025-03-30 08:13:58] [INFO] [SpeedQueue] Added unit user:Hydami into queue
[2025-03-30 08:13:58] [INFO] [EngineController] Started setting scene to MENU_SCENE
[2025-03-30 08:13:59] [INFO] [EngineController] Finished setting scene to MENU_SCENE
[2025-03-30 08:13:59] [INFO] [EngineController] Started setting scene to MAP_EDITOR_SCENE
[2025-03-30 08:13:59] [INFO] [FontPool] Started initializing FontPool
[2025-03-30 08:13:59] [INFO] [FontPool] ✅ Successfully loaded font: Lilian
[2025-03-30 08:13:59] [INFO] [MapEditorScene] Starting to create new GameController!
[2025-03-30 08:13:59] [INFO] [MapEditorScene] Successfully created new GameController!
[2025-03-30 08:13:59] [INFO] [EngineController] Finished setting scene to MAP_EDITOR_SCENE
[2025-03-30 08:13:59] [INFO] [InputHandler] Gliding main.camera camera to new tile 92e0c89d-432a-49df-a083-bc728803dacb
[2025-03-30 08:14:00] [INFO] [VisualsSystem] Started creating blurred background
[2025-03-30 08:14:00] [INFO] [TimeLinePanel] Started updating the timeline panel after turn order has changed.
[2025-03-30 08:14:00] [INFO] [TimeLinePanel] Finished updating the timeline panel after turn order has changed.
[2025-03-30 08:14:00] [INFO] [SelectedTilePanel] Checksum updated, getting units at selected tiles.
[2025-03-30 08:14:00] [INFO] [SelectedTilePanel] Either no unit selected or more than one unit selected
[2025-03-30 08:14:00] [INFO] [VisualsSystem] Finished creating blurred background after 0.29907503724098206 seconds
