[2025-04-09 21:33:46] [INFO] [UnitTable] Started initializing UnitTable
[2025-04-09 21:33:46] [INFO] [EmeritusDatabase] Started initializing EmeritusDatabase
[2025-04-09 21:33:46] [INFO] [EmeritusDatabase] Finished initializing EmeritusDatabase
[2025-04-09 21:33:46] [INFO] [UnitTable] Successfully initialized UnitTable
[2025-04-09 21:33:46] [INFO] [UnitTable] Finished initializing UnitTable
[2025-04-09 21:33:46] [INFO] [AbilityTable] Started initializing AbilityTable
[2025-04-09 21:33:46] [INFO] [AbilityTable] Finished initializing AbilityTable
[2025-04-09 21:33:46] [INFO] [UserSaveStateManager] Started loading user save data
[2025-04-09 21:33:46] [INFO] [UserSaveStateManager] Finished loading user save data
[2025-04-09 21:33:46] [INFO] [AssetPool] Started initializing AssetPool
[2025-04-09 21:33:46] [INFO] [AssetNameSpace] Started loading Sprite's from ./res/graphics
[2025-04-09 21:33:46] [INFO] [AssetNameSpace] Finished reading files for sprites
[2025-04-09 21:33:46] [INFO] [AssetNameSpace] Finished loading ./res/graphics
[2025-04-09 21:33:46] [INFO] [AssetPool] Finished initializing AssetPool
[2025-04-09 21:33:46] [INFO] [Component] Setting air_dragon_Uytw_aff47245-c512-4762-b175-f5c9f929ef50 on to {"spawn_region":[],"collider":"","unit":"air_dragon_Uytw_aff47245-c512-4762-b175-f5c9f929ef50","column":1,"layers":[],"row":6,"structure":"","height":0}.
[2025-04-09 21:33:46] [INFO] [SpeedQueue] Added unit enemy:Uytw into queue
[2025-04-09 21:33:46] [INFO] [Component] Setting dark_dragon_Wexi_ae5b1f30-659f-4f46-b6c4-9f42e00700b9 on to {"spawn_region":[],"collider":"","unit":"dark_dragon_Wexi_ae5b1f30-659f-4f46-b6c4-9f42e00700b9","column":12,"layers":[],"row":9,"structure":"","height":0}.
[2025-04-09 21:33:46] [INFO] [SpeedQueue] Added unit enemy:Wexi into queue
[2025-04-09 21:33:46] [INFO] [Component] Setting light_dragon_Tiry_d9ee0e95-b896-4555-8ffb-ae715cc7b6f0 on to {"spawn_region":[],"collider":"","unit":"light_dragon_Tiry_d9ee0e95-b896-4555-8ffb-ae715cc7b6f0","column":10,"layers":[],"row":4,"structure":"","height":0}.
[2025-04-09 21:33:46] [INFO] [SpeedQueue] Added unit enemy:Tiry into queue
[2025-04-09 21:33:46] [INFO] [Component] Setting dark_dragon_Eeioz_bf9802b2-3f03-4f66-8f3d-c22953861953 on to {"spawn_region":[],"collider":"","unit":"dark_dragon_Eeioz_bf9802b2-3f03-4f66-8f3d-c22953861953","column":6,"layers":[],"row":8,"structure":"","height":0}.
[2025-04-09 21:33:46] [INFO] [SpeedQueue] Added unit enemy:Eeioz into queue
[2025-04-09 21:33:46] [INFO] [Component] Setting earth_dragon_Jifr_4d857425-b5d8-4d47-adc2-fc95b2ce3800 on to {"spawn_region":[],"collider":"","unit":"earth_dragon_Jifr_4d857425-b5d8-4d47-adc2-fc95b2ce3800","column":13,"layers":[],"row":10,"structure":"","height":0}.
[2025-04-09 21:33:46] [INFO] [SpeedQueue] Added unit enemy:Jifr into queue
[2025-04-09 21:33:46] [INFO] [Component] Setting earth_dragon_Dyknay_bd6cf9c2-48cd-4072-885a-50e9dc4ad955 on to {"spawn_region":[],"collider":"","unit":"earth_dragon_Dyknay_bd6cf9c2-48cd-4072-885a-50e9dc4ad955","column":14,"layers":[],"row":10,"structure":"","height":0}.
[2025-04-09 21:33:46] [INFO] [SpeedQueue] Added unit enemy:Dyknay into queue
[2025-04-09 21:33:46] [INFO] [Component] Setting fire_dragon_Geca_099e0bd2-929a-48ff-8e49-04d2fac453fc on to {"spawn_region":[],"collider":"","unit":"fire_dragon_Geca_099e0bd2-929a-48ff-8e49-04d2fac453fc","column":8,"layers":[],"row":12,"structure":"","height":0}.
[2025-04-09 21:33:46] [INFO] [SpeedQueue] Added unit enemy:Geca into queue
[2025-04-09 21:33:46] [INFO] [Component] Setting water_dragon_Boweyu_1c268372-8980-4b27-97ff-3d3c0d2e1b3c on to {"spawn_region":[],"collider":"","unit":"water_dragon_Boweyu_1c268372-8980-4b27-97ff-3d3c0d2e1b3c","column":3,"layers":[],"row":13,"structure":"","height":0}.
[2025-04-09 21:33:46] [INFO] [SpeedQueue] Added unit enemy:Boweyu into queue
[2025-04-09 21:33:46] [INFO] [Component] Setting earth_dragon_Iinaep_b670aafc-073f-4a29-b40e-496037cd28ef on to {"spawn_region":[],"collider":"","unit":"earth_dragon_Iinaep_b670aafc-073f-4a29-b40e-496037cd28ef","column":3,"layers":[],"row":0,"structure":"","height":0}.
[2025-04-09 21:33:46] [INFO] [SpeedQueue] Added unit enemy:Iinaep into queue
[2025-04-09 21:33:46] [INFO] [Component] Setting air_dragon_Basqp_6122884b-25b6-497e-a94e-e2d7a01987a3 on to {"spawn_region":[],"collider":"","unit":"air_dragon_Basqp_6122884b-25b6-497e-a94e-e2d7a01987a3","column":9,"layers":[],"row":6,"structure":"","height":0}.
[2025-04-09 21:33:46] [INFO] [SpeedQueue] Added unit enemy:Basqp into queue
[2025-04-09 21:33:46] [INFO] [Component] Setting air_dragon_Eufwlo_3058ee80-78a3-40ed-a758-44c150bb0fbc on to {"spawn_region":[],"collider":"","unit":"air_dragon_Eufwlo_3058ee80-78a3-40ed-a758-44c150bb0fbc","column":11,"layers":[],"row":0,"structure":"","height":0}.
[2025-04-09 21:33:46] [INFO] [SpeedQueue] Added unit enemy:Eufwlo into queue
[2025-04-09 21:33:46] [INFO] [Component] Setting dark_dragon_Bawy_14cea294-6d6e-4931-a921-efe97acf9960 on to {"spawn_region":[],"collider":"","unit":"dark_dragon_Bawy_14cea294-6d6e-4931-a921-efe97acf9960","column":6,"layers":[],"row":3,"structure":"","height":0}.
[2025-04-09 21:33:46] [INFO] [SpeedQueue] Added unit enemy:Bawy into queue
[2025-04-09 21:33:46] [INFO] [Component] Setting light_dragon_Auzo_54872b24-b147-4171-a3c8-87b4311cef47 on to {"spawn_region":[],"collider":"","unit":"light_dragon_Auzo_54872b24-b147-4171-a3c8-87b4311cef47","column":5,"layers":[],"row":3,"structure":"","height":0}.
[2025-04-09 21:33:46] [INFO] [SpeedQueue] Added unit enemy:Auzo into queue
[2025-04-09 21:33:46] [INFO] [Component] Setting earth_dragon_Oaguv_d2244e1b-5e94-4b71-810c-8b7d81cf12b6 on to {"spawn_region":[],"collider":"","unit":"earth_dragon_Oaguv_d2244e1b-5e94-4b71-810c-8b7d81cf12b6","column":3,"layers":[],"row":9,"structure":"","height":0}.
[2025-04-09 21:33:46] [INFO] [SpeedQueue] Added unit enemy:Oaguv into queue
[2025-04-09 21:33:46] [INFO] [Component] Setting earth_dragon_Tonmma_da1c102e-7f7a-4776-9a9f-6a98589cad9b on to {"spawn_region":[],"collider":"","unit":"earth_dragon_Tonmma_da1c102e-7f7a-4776-9a9f-6a98589cad9b","column":0,"layers":[],"row":13,"structure":"","height":0}.
[2025-04-09 21:33:46] [INFO] [SpeedQueue] Added unit enemy:Tonmma into queue
[2025-04-09 21:33:46] [INFO] [Component] Setting dark_dragon_Hafqam_3ccea954-2772-413d-bf62-5e9ffc682be1 on to {"spawn_region":[],"collider":"","unit":"dark_dragon_Hafqam_3ccea954-2772-413d-bf62-5e9ffc682be1","column":8,"layers":[],"row":0,"structure":"","height":0}.
[2025-04-09 21:33:46] [INFO] [SpeedQueue] Added unit enemy:Hafqam into queue
[2025-04-09 21:33:46] [INFO] [Component] Setting water_dragon_Quonh_98066329-392e-429f-ac14-cda1470312ff on to {"spawn_region":[],"collider":"","unit":"water_dragon_Quonh_98066329-392e-429f-ac14-cda1470312ff","column":7,"layers":[],"row":12,"structure":"","height":0}.
[2025-04-09 21:33:46] [INFO] [SpeedQueue] Added unit enemy:Quonh into queue
[2025-04-09 21:33:46] [INFO] [Component] Setting water_dragon_Forni_08f2f3c6-ebd0-47c8-a442-0db3a8bb5370 on to {"spawn_region":[],"collider":"","unit":"water_dragon_Forni_08f2f3c6-ebd0-47c8-a442-0db3a8bb5370","column":0,"layers":[],"row":8,"structure":"","height":0}.
[2025-04-09 21:33:46] [INFO] [SpeedQueue] Added unit enemy:Forni into queue
[2025-04-09 21:33:46] [INFO] [Component] Setting dark_dragon_Kicwp_09395ac4-39c6-4af2-a099-c4e849c72b43 on to {"spawn_region":[],"collider":"","unit":"dark_dragon_Kicwp_09395ac4-39c6-4af2-a099-c4e849c72b43","column":6,"layers":[],"row":7,"structure":"","height":0}.
[2025-04-09 21:33:46] [INFO] [SpeedQueue] Added unit enemy:Kicwp into queue
[2025-04-09 21:33:46] [INFO] [Component] Setting light_dragon_Gyqeui_0edea903-e1ea-4f63-b765-6349dd819d39 on to {"spawn_region":[],"collider":"","unit":"light_dragon_Gyqeui_0edea903-e1ea-4f63-b765-6349dd819d39","column":8,"layers":[],"row":13,"structure":"","height":0}.
[2025-04-09 21:33:46] [INFO] [SpeedQueue] Added unit enemy:Gyqeui into queue
[2025-04-09 21:33:46] [INFO] [Component] Setting water_dragon_Widuia_6d9bb5bf-3dee-4d79-ad5f-ffbe23d308e0 on to {"spawn_region":[],"collider":"","unit":"water_dragon_Widuia_6d9bb5bf-3dee-4d79-ad5f-ffbe23d308e0","column":14,"layers":[],"row":3,"structure":"","height":0}.
[2025-04-09 21:33:46] [INFO] [SpeedQueue] Added unit enemy:Widuia into queue
[2025-04-09 21:33:46] [INFO] [Component] Setting dragon_Bamuxa_6c719c25-974d-4a5d-8251-9e3d6d5b0718 on to {"spawn_region":[],"collider":"","unit":"dragon_Bamuxa_6c719c25-974d-4a5d-8251-9e3d6d5b0718","column":7,"layers":[],"row":1,"structure":"","height":0}.
[2025-04-09 21:33:46] [INFO] [SpeedQueue] Added unit user:Bamuxa into queue
[2025-04-09 21:33:46] [INFO] [Component] Setting air_dragon_Bioui_80d4fb2a-1d23-4353-9faf-09e9e31d4a5b on to {"spawn_region":[],"collider":"","unit":"air_dragon_Bioui_80d4fb2a-1d23-4353-9faf-09e9e31d4a5b","column":3,"layers":[],"row":5,"structure":"","height":0}.
[2025-04-09 21:33:46] [INFO] [SpeedQueue] Added unit user:Bioui into queue
[2025-04-09 21:33:46] [INFO] [Component] Setting dragon_Yowvy_3bf5f874-c86e-4357-9fbd-080cf4336fac on to {"spawn_region":[],"collider":"","unit":"dragon_Yowvy_3bf5f874-c86e-4357-9fbd-080cf4336fac","column":0,"layer