[2025-03-30 22:46:55] [INFO] [UserSaveStateManager] Started loading user save data
[2025-03-30 22:46:55] [INFO] [UserSaveStateManager] Finished loading user save data
[2025-03-30 22:46:55] [INFO] [JsonDatabase] Started initializing JsonDatabase
[2025-03-30 22:46:55] [INFO] [JsonTable] Started initializing JsonTable
[2025-03-30 22:46:55] [INFO] [JsonTable] Successfully initialized JsonTable
[2025-03-30 22:46:55] [INFO] [JsonTable] Finished initializing JsonTable
[2025-03-30 22:46:55] [INFO] [JsonTable] Started initializing JsonTable
[2025-03-30 22:46:55] [INFO] [JsonTable] Successfully initialized JsonTable
[2025-03-30 22:46:55] [INFO] [JsonTable] Finished initializing JsonTable
[2025-03-30 22:46:55] [INFO] [JsonTable] Started initializing JsonTable
[2025-03-30 22:46:55] [INFO] [JsonTable] Successfully initialized JsonTable
[2025-03-30 22:46:55] [INFO] [JsonTable] Finished initializing JsonTable
[2025-03-30 22:46:55] [INFO] [JsonDatabase] Successfully initialized JsonDatabase
[2025-03-30 22:46:55] [INFO] [JsonDatabase] Finished initializing JsonDatabase
[2025-03-30 22:46:55] [INFO] [AssetPool] Started initializing AssetPool
[2025-03-30 22:46:55] [INFO] [AssetNameSpace] Started loading Sprite's from ./res/graphics
[2025-03-30 22:46:55] [INFO] [AssetNameSpace] Finished reading files for sprites
[2025-03-30 22:46:55] [INFO] [AssetNameSpace] Finished loading ./res/graphics
[2025-03-30 22:46:55] [INFO] [AssetPool] Finished initializing AssetPool
[2025-03-30 22:46:55] [INFO] [UnitDatabase] Started initializing UnitDatabase
[2025-03-30 22:46:55] [INFO] [UnitDatabase] Successfully initialized UnitDatabase
[2025-03-30 22:46:55] [INFO] [UnitDatabase] Finished initializing UnitDatabase
[2025-03-30 22:46:55] [INFO] [Component] Setting cb8ca3fb-8f55-4940-825f-f69002389c3c on to 0d1e5498-06da-41f6-a651-897967315c82.
[2025-03-30 22:46:55] [INFO] [SpeedQueue] Added unit enemy:Toio into queue
[2025-03-30 22:46:55] [INFO] [Component] Setting 9d47d5a0-ae08-4efe-9f52-fee85ad6e886 on to 6cd86018-dcca-4085-a691-cbc56d924243.
[2025-03-30 22:46:55] [INFO] [SpeedQueue] Added unit enemy:Weys into queue
[2025-03-30 22:46:55] [INFO] [Component] Setting 81fb1b3b-f4b7-419a-af95-c7ae8cb3c721 on to 53bccc50-2aad-45c6-9027-a43bfb8de92c.
[2025-03-30 22:46:55] [INFO] [SpeedQueue] Added unit enemy:Yeai into queue
[2025-03-30 22:46:55] [INFO] [Component] Setting dbcf3c00-55a6-4ed5-9be9-22a32e51c2cd on to 1879c596-9cd4-4e21-9fe5-7c2106af0316.
[2025-03-30 22:46:55] [INFO] [SpeedQueue] Added unit user:Peuk into queue
[2025-03-30 22:46:55] [INFO] [Component] Setting 4f61100d-e99e-4ee5-a020-32942929391d on to 1f400ee1-fd82-4f8a-a071-dcf88c9c5bdf.
[2025-03-30 22:46:55] [INFO] [SpeedQueue] Added unit user:Pyxaju into queue
[2025-03-30 22:46:55] [INFO] [Component] Setting fe949efe-f387-4b16-a060-b53a5b185637 on to 0ef36dba-b1b0-4059-a283-909623e37198.
[2025-03-30 22:46:55] [INFO] [SpeedQueue] Added unit user:Dose into queue
[2025-03-30 22:46:55] [INFO] [Component] Setting 929540f6-5805-444d-aba2-b5fb7e957727 on to 9a0f2a29-d872-4f7f-a758-f3576f458169.
[2025-03-30 22:46:55] [INFO] [SpeedQueue] Added unit user:Ioyya into queue
[2025-03-30 22:46:55] [INFO] [EngineController] Started setting scene to MENU_SCENE
[2025-03-30 22:46:56] [INFO] [EngineController] Finished setting scene to MENU_SCENE
[2025-03-30 22:46:56] [INFO] [EngineController] Started setting scene to MAP_EDITOR_SCENE
[2025-03-30 22:46:56] [INFO] [FontPool] Started initializing FontPool
[2025-03-30 22:46:56] [INFO] [FontPool] ✅ Successfully loaded font: Lilian
[2025-03-30 22:46:56] [INFO] [MapEditorScene] Starting to create new GameController!
[2025-03-30 22:46:56] [INFO] [MapEditorScene] Successfully created new GameController!
[2025-03-30 22:46:56] [INFO] [EngineController] Finished setting scene to MAP_EDITOR_SCENE
[2025-03-30 22:46:56] [INFO] [InputHandler] Gliding main.camera camera to new tile d0f40183-536b-4647-8164-b63e5ef373a2
[2025-03-30 22:46:57] [INFO] [VisualsSystem] Started creating blurred background
[2025-03-30 22:46:57] [INFO] [TimeLinePanel] Started updating the timeline panel after turn order has changed.
[2025-03-30 22:46:57] [INFO] [TimeLinePanel] Finished updating the timeline panel after turn order has changed.
[2025-03-30 22:46:57] [INFO] [SelectedTilePanel] Checksum updated, getting units at selected tiles.
[2025-03-30 22:46:57] [INFO] [SelectedTilePanel] Either no unit selected or more than one unit selected
[2025-03-30 22:46:57] [INFO] [VisualsSystem] Finished creating blurred background after 0.2977040410041809 seconds
[2025-03-30 22:46:57] [INFO] [MapEditorScene] Updated hoveredTilePanes 1120,186
[2025-03-30 22:46:57] [INFO] [MapEditorScene] Updated hoveredTilePanes 1110,193
[2025-03-30 22:46:57] [INFO] [MapEditorScene] Updated hoveredTilePanes 1107,195
[2025-03-30 22:46:57] [INFO] [MapEditorScene] Updated hoveredTilePanes 1099,200
[2025-03-30 22:46:57] [INFO] [MapEditorScene] Updated hoveredTilePanes 1094,204
[2025-03-30 22:46:57] [INFO] [MapEditorScene] Updated hoveredTilePanes 1090,207
[2025-03-30 22:46:57] [INFO] [MapEditorScene] Updated hoveredTilePanes 1086,210
[2025-03-30 22:46:57] [INFO] [MapEditorScene] Updated hoveredTilePanes 1083,211
[2025-03-30 22:46:58] [INFO] [MapEditorScene] Updated hoveredTilePanes 1082,211
[2025-03-30 22:46:58] [INFO] [MapEditorScene] Updated hoveredTilePanes 1076,211
[2025-03-30 22:46:58] [INFO] [MapEditorScene] Updated hoveredTilePanes 1067,211
[2025-03-30 22:46:58] [INFO] [MapEditorScene] Updated hoveredTilePanes 1047,219
[2025-03-30 22:46:58] [INFO] [MapEditorScene] Updated hoveredTilePanes 1036,221
[2025-03-30 22:46:58] [INFO] [MapEditorScene] Updated hoveredTilePanes 1016,227
[2025-03-30 22:46:58] [INFO] [MapEditorScene] Updated hoveredTilePanes 996,232
[2025-03-30 22:46:58] [INFO] [MapEditorScene] Updated hoveredTilePanes 976,238
[2025-03-30 22:46:58] [INFO] [MapEditorScene] Updated hoveredTilePanes 952,244
[2025-03-30 22:46:58] [INFO] [MapEditorScene] Updated hoveredTilePanes 931,249
[2025-03-30 22:46:58] [INFO] [MapEditorScene] Updated hoveredTilePanes 885,258
[2025-03-30 22:46:58] [INFO] [MapEditorScene] Updated hoveredTilePanes 874,260
[2025-03-30 22:46:58] [INFO] [MapEditorScene] Updated hoveredTilePanes 846,265
[2025-03-30 22:46:58] [INFO] [MapEditorScene] Updated hoveredTilePanes 826,268
[2025-03-30 22:46:58] [INFO] [MapEditorScene] Updated hoveredTilePanes 806,270
[2025-03-30 22:46:58] [INFO] [MapEditorScene] Updated hoveredTilePanes 799,271
[2025-03-30 22:46:58] [INFO] [MapEditorScene] Updated hoveredTilePanes 785,273
[2025-03-30 22:46:58] [INFO] [MapEditorScene] Updated hoveredTilePanes 771,274
[2025-03-30 22:46:58] [INFO] [MapEditorScene] Updated hoveredTilePanes 762,274
[2025-03-30 22:46:58] [INFO] [MapEditorScene] Updated hoveredTilePanes 754,274
[2025-03-30 22:46:58] [INFO] [MapEditorScene] Updated hoveredTilePanes 749,274
[2025-03-30 22:46:58] [INFO] [MapEditorScene] Updated hoveredTilePanes 744,274
[2025-03-30 22:46:58] [INFO] [MapEditorScene] Updated hoveredTilePanes 741,274
[2025-03-30 22:46:58] [INFO] [MapEditorScene] Updated hoveredTilePanes 740,274
[2025-03-30 22:46:58] [INFO] [MapEditorScene] Updated hoveredTilePanes 738,274
[2025-03-30 22:46:58] [INFO] [MapEditorScene] Updated hoveredTilePanes 737,272
[2025-03-30 22:46:58] [INFO] [MapEditorScene] Updated hoveredTilePanes 737,271
[2025-03-30 22:46:58] [INFO] [MapEditorScene] Updated hoveredTilePanes 737,269
[2025-03-30 22:46:58] [INFO] [MapEditorScene] Updated hoveredTilePanes 737,268
[2025-03-30 22:46:58] [INFO] [MapEditorScene] Updated hoveredTilePanes 737,266
[2025-03-30 22:46:58] [INFO] [MapEditorScene] Updated hoveredTilePanes 737,265
[2025-03-30 22:46:58] [INFO] [MapEditorScene] Updated hoveredTilePanes 737,264
[2025-03-30 22:46:58] [INFO] [MapEditorScene] Updated hoveredTilePanes 737,262
[2025-03-30 22:46:58] [INFO] [MapEditorScene] Updated hoveredTilePanes 737,260
[2025-03-30 22:46:58] [INFO] [MapEditorScene] Updated hoveredTilePanes 737,259
[2025-03-30 22:46:58] [INFO] [MapEditorScene] Updated hoveredTilePanes 739,257
[2025-03-30 22:46:58] [INFO] [MapEditorScene] Updated hoveredTilePanes 743,254
[2025-03-30 22:46:58] [INFO] [MapEditorScene] Updated hoveredTilePanes 747,251
[2025-03-30 22:46:58] [INFO] [MapEditorScene] Updated hoveredTilePanes 751,248
[2025-03-30 22:46:58] [INFO] [MapEditorScene] Updated hoveredTilePanes 758,245
[2025-03-30 22:46:58] [INFO] [MapEditorScene] Updated hoveredTilePanes 765,242
[2025-03-30 22:46:58] [INFO] [MapEditorScene] Updated hoveredTilePanes 773,238
[2025-03-30 22:46:58] [INFO] [MapEditorScene] Updated hoveredTilePanes 785,235
[2025-03-30 22:46:58] [INFO] [MapEditorScene] Updated hoveredTilePanes 796,231
[2025-03-30 22:46:58] [INFO] [MapEditorScene] Updated hoveredTilePanes 807,228
[2025-03-30 22:46:58] [INFO] [MapEditorScene] Updated hoveredTilePanes 812,227
[2025-03-30 22:46:58] [INFO] [MapEditorScene] Updated hoveredTilePanes 820,225
[2025-03-30 22:46:58] [INFO] [MapEditorScene] Updated hoveredTilePanes 827,224
[2025-03-30 22:46:58] [INFO] [MapEditorScene] Updated hoveredTilePanes 830,223
[2025-03-30 22:46:58] [INFO] [MapEditorScene] Updated hoveredTilePanes 833,221
[2025-03-30 22:46:58] [INFO] [MapEditorScene] Updated hoveredTilePanes 835,221
[2025-03-30 22:46:58] [INFO] [MapEditorScene] Updated hoveredTilePanes 836,221
[2025-03-30 22:46:58] [INFO] [MapEditorScene] Updated hoveredTilePanes 837,220
[2025-03-30 22:46:58] [INFO] [SelectedTilePanel] Checksum updated, getting units at selected tiles.
[2025-03-30 22:46:58] [INFO] [SelectedTilePanel] Either no unit selected or more than one unit selected
[2025-03-30 22:47:00] [INFO] [MapEditorScene] Updated hoveredTilePanes 965,247
[2025-03-30 22:47:00] [INFO] [MapEditorScene] Updated hoveredTilePanes 958,247
[2025-03-30 22:47:00] [INFO] [MapEditorScene] Updated hoveredTilePanes 947,246
[2025-03-30 22:47:00] [INFO] [MapEditorScene] Updated hoveredTilePanes 927,239
[2025-03-30 22:47:00] [INFO] [MapEditorScene] Updated hoveredTilePanes 903,233
[2025-03-30 22:47:00] [INFO] [MapEditorScene] Updated hoveredTilePanes 871,224
[2025-03-30 22:47:00] [INFO] [MapEditorScene] Updated hoveredTilePanes 824,213
[2025-03-30 22:47:00] [INFO] [MapEditorScene] Updated hoveredTilePanes 778,204
[2025-03-30 22:47:00] [INFO] [MapEditorScene] Updated hoveredTilePanes 726,196
[2025-03-30 22:47:00] [INFO] [MapEditorScene] Updated hoveredTilePanes 668,190
[2025-03-30 22:47:00] [INFO] [MapEditorScene] Updated hoveredTilePanes 610,187
[2025-03-30 22:47:00] [INFO] [MapEditorScene] Updated hoveredTilePanes 589,187
[2025-03-30 22:47:00] [INFO] [MapEditorScene] Updated hoveredTilePanes 548,184
[2025-03-30 22:47:00] [INFO] [MapEditorScene] Updated hoveredTilePanes 511,184
[2025-03-30 22:47:00] [INFO] [MapEditorScene] Updated hoveredTilePanes 483,184
[2025-03-30 22:47:00] [INFO] [MapEditorScene] Updated hoveredTilePanes 463,184
[2025-03-30 22:47:00] [INFO] [MapEditorScene] Updated hoveredTilePanes 443,184
[2025-03-30 22:47:00] [INFO] [MapEditorScene] Updated hoveredTilePanes 438,184
[2025-03-30 22:47:00] [INFO] [MapEditorScene] Updated hoveredTilePanes 427,187
[2025-03-30 22:47:00] [INFO] [MapEditorScene] Updated hoveredTilePanes 416,191
[2025-03-30 22:47:00] [INFO] [MapEditorScene] Updated hoveredTilePanes 409,193
[2025-03-30 22:47:00] [INFO] [MapEditorScene] Updated hoveredTilePanes 404,196
[2025-03-30 22:47:00] [INFO] [MapEditorScene] Updated hoveredTilePanes 400,198
[2025-03-30 22:47:00] [INFO] [MapEditorScene] Updated hoveredTilePanes 396,200
[2025-03-30 22:47:00] [INFO] [MapEditorScene] Updated hoveredTilePanes 394,202
[2025-03-30 22:47:00] [INFO] [MapEditorScene] Updated hoveredTilePanes 392,203
[2025-03-30 22:47:00] [INFO] [MapEditorScene] Updated hoveredTilePanes 391,204
[2025-03-30 22:47:00] [INFO] [MapEditorScene] Updated hoveredTilePanes 389,206
[2025-03-30 22:47:00] [INFO] [MapEditorScene] Updated hoveredTilePanes 389,207
[2025-03-30 22:47:00] [INFO] [MapEditorScene] Updated hoveredTilePanes 388,208
[2025-03-30 22:47:00] [INFO] [MapEditorScene] Updated hoveredTilePanes 388,210
[2025-03-30 22:47:00] [INFO] [MapEditorScene] Updated hoveredTilePanes 388,212
[2025-03-30 22:47:00] [INFO] [MapEditorScene] Updated hoveredTilePanes 388,214
[2025-03-30 22:47:00] [INFO] [MapEditorScene] Updated hoveredTilePanes 388,215
[2025-03-30 22:47:00] [INFO] [MapEditorScene] Updated hoveredTilePanes 388,217
[2025-03-30 22:47:00] [INFO] [MapEditorScene] Updated hoveredTilePanes 388,220
[2025-03-30 22:47:00] [INFO] [MapEditorScene] Updated hoveredTilePanes 388,223
[2025-03-30 22:47:00] [INFO] [MapEditorScene] Updated hoveredTilePanes 388,226
[2025-03-30 22:47:00] [INFO] [MapEditorScene] Updated hoveredTilePanes 388,229
[2025-03-30 22:47:00] [INFO] [MapEditorScene] Updated hoveredTilePanes 388,234
[2025-03-30 22:47:00] [INFO] [MapEditorScene] Updated hoveredTilePanes 388,239
[2025-03-30 22:47:00] [INFO] [MapEditorScene] Updated hoveredTilePanes 388,244
[2025-03-30 22:47:00] [INFO] [MapEditorScene] Updated hoveredTilePanes 388,248
[2025-03-30 22:47:00] [INFO] [MapEditorScene] Updated hoveredTilePanes 388,253
[2025-03-30 22:47:00] [INFO] [MapEditorScene] Updated hoveredTilePanes 388,258
[2025-03-30 22:47:00] [INFO] [MapEditorScene] Updated hoveredTilePanes 389,263
[2025-03-30 22:47:00] [INFO] [MapEditorScene] Updated hoveredTilePanes 389,266
[2025-03-30 22:47:00] [INFO] [MapEditorScene] Updated hoveredTilePanes 390,271
[2025-03-30 22:47:00] [INFO] [MapEditorScene] Updated hoveredTilePanes 390,273
[2025-03-30 22:47:00] [INFO] [MapEditorScene] Updated hoveredTilePanes 390,276
[2025-03-30 22:47:00] [INFO] [MapEditorScene] Updated hoveredTilePanes 391,279
[2025-03-30 22:47:00] [INFO] [MapEditorScene] Updated hoveredTilePanes 391,281
[2025-03-30 22:47:00] [INFO] [MapEditorScene] Updated hoveredTilePanes 392,283
[2025-03-30 22:47:00] [INFO] [MapEditorScene] Updated hoveredTilePanes 392,285
[2025-03-30 22:47:00] [INFO] [MapEditorScene] Updated hoveredTilePanes 393,287
[2025-03-30 22:47:00] [INFO] [MapEditorScene] Updated hoveredTilePanes 393,289
[2025-03-30 22:47:00] [INFO] [MapEditorScene] Updated hoveredTilePanes 393,291
[2025-03-30 22:47:00] [INFO] [MapEditorScene] Updated hoveredTilePanes 393,293
[2025-03-30 22:47:00] [INFO] [MapEditorScene] Updated hoveredTilePanes 393,295
[2025-03-30 22:47:00] [INFO] [MapEditorScene] Updated hoveredTilePanes 393,297
[2025-03-30 22:47:00] [INFO] [MapEditorScene] Updated hoveredTilePanes 393,299
[2025-03-30 22:47:00] [INFO] [MapEditorScene] Updated hoveredTilePanes 393,302
[2025-03-30 22:47:00] [INFO] [MapEditorScene] Updated hoveredTilePanes 393,304
[2025-03-30 22:47:00] [INFO] [MapEditorScene] Updated hoveredTilePanes 393,308
[2025-03-30 22:47:00] [INFO] [MapEditorScene] Updated hoveredTilePanes 393,311
[2025-03-30 22:47:00] [INFO] [MapEditorScene] Updated hoveredTilePanes 393,316
[2025-03-30 22:47:00] [INFO] [MapEditorScene] Updated hoveredTilePanes 393,319
[2025-03-30 22:47:00] [INFO] [MapEditorScene] Updated hoveredTilePanes 393,322
[2025-03-30 22:47:00] [INFO] [MapEditorScene] Updated hoveredTilePanes 393,327
[2025-03-30 22:47:00] [INFO] [MapEditorScene] Updated hoveredTilePanes 393,332
[2025-03-30 22:47:00] [INFO] [MapEditorScene] Updated hoveredTilePanes 393,336
[2025-03-30 22:47:00] [INFO] [MapEditorScene] Updated hoveredTilePanes 393,341
[2025-03-30 22:47:00] [INFO] [MapEditorScene] Updated hoveredTilePanes 391,350
[2025-03-30 22:47:01] [INFO] [MapEditorScene] Updated hoveredTilePanes 390,353
[2025-03-30 22:47:01] [INFO] [MapEditorScene] Updated hoveredTilePanes 387,360
[2025-03-30 22:47:01] [INFO] [MapEditorScene] Updated hoveredTilePanes 384,366
[2025-03-30 22:47:01] [INFO] [MapEditorScene] Updated hoveredTilePanes 382,373
[2025-03-30 22:47:01] [INFO] [MapEditorScene] Updated hoveredTilePanes 379,380
[2025-03-30 22:47:01] [INFO] [MapEditorScene] Updated hoveredTilePanes 377,383
[2025-03-30 22:47:01] [INFO] [MapEditorScene] Updated hoveredTilePanes 375,388
[2025-03-30 22:47:01] [INFO] [MapEditorScene] Updated hoveredTilePanes 372,394
[2025-03-30 22:47:01] [INFO] [MapEditorScene] Updated hoveredTilePanes 370,401
[2025-03-30 22:47:01] [INFO] [MapEditorScene] Updated hoveredTilePanes 368,407
[2025-03-30 22:47:01] [INFO] [MapEditorScene] Updated hoveredTilePanes 365,412
[2025-03-30 22:47:01] [INFO] [MapEditorScene] Updated hoveredTilePanes 363,417
[2025-03-30 22:47:01] [INFO] [MapEditorScene] Updated hoveredTilePanes 361,422
[2025-03-30 22:47:01] [INFO] [MapEditorScene] Updated hoveredTilePanes 359,425
[2025-03-30 22:47:01] [INFO] [MapEditorScene] Updated hoveredTilePanes 358,428
[2025-03-30 22:47:01] [INFO] [MapEditorScene] Updated hoveredTilePanes 355,431
[2025-03-30 22:47:01] [INFO] [MapEditorScene] Updated hoveredTilePanes 354,434
[2025-03-30 22:47:01] [INFO] [MapEditorScene] Updated hoveredTilePanes 352,437
[2025-03-30 22:47:01] [INFO] [MapEditorScene] Updated hoveredTilePanes 350,440
[2025-03-30 22:47:01] [INFO] [MapEditorScene] Updated hoveredTilePanes 348,443
[2025-03-30 22:47:01] [INFO] [MapEditorScene] Updated hoveredTilePanes 345,447
[2025-03-30 22:47:01] [INFO] [MapEditorScene] Updated hoveredTilePanes 344,450
[2025-03-30 22:47:01] [INFO] [MapEditorScene] Updated hoveredTilePanes 341,454
[2025-03-30 22:47:01] [INFO] [MapEditorScene] Updated hoveredTilePanes 338,458
[2025-03-30 22:47:01] [INFO] [MapEditorScene] Updated hoveredTilePanes 336,461
[2025-03-30 22:47:01] [INFO] [MapEditorScene] Updated hoveredTilePanes 333,464
[2025-03-30 22:47:01] [INFO] [MapEditorScene] Updated hoveredTilePanes 329,468
[2025-03-30 22:47:01] [INFO] [MapEditorScene] Updated hoveredTilePanes 327,472
[2025-03-30 22:47:01] [INFO] [MapEditorScene] Updated hoveredTilePanes 324,476
[2025-03-30 22:47:01] [INFO] [MapEditorScene] Updated hoveredTilePanes 321,480
[2025-03-30 22:47:01] [INFO] [MapEditorScene] Updated hoveredTilePanes 316,487
[2025-03-30 22:47:01] [INFO] [MapEditorScene] Updated hoveredTilePanes 314,490
[2025-03-30 22:47:01] [INFO] [MapEditorScene] Updated hoveredTilePanes 309,497
[2025-03-30 22:47:01] [INFO] [MapEditorScene] Updated hoveredTilePanes 307,500
[2025-03-30 22:47:01] [INFO] [MapEditorScene] Updated hoveredTilePanes 304,505
[2025-03-30 22:47:01] [INFO] [MapEditorScene] Updated hoveredTilePanes 301,510
[2025-03-30 22:47:01] [INFO] [MapEditorScene] Updated hoveredTilePanes 297,515
[2025-03-30 22:47:01] [INFO] [MapEditorScene] Updated hoveredTilePanes 294,520
[2025-03-30 22:47:01] [INFO] [MapEditorScene] Updated hoveredTilePanes 291,525
[2025-03-30 22:47:01] [INFO] [MapEditorScene] Updated hoveredTilePanes 288,530
[2025-03-30 22:47:01] [INFO] [MapEditorScene] Updated hoveredTilePanes 286,534
[2025-03-30 22:47:01] [INFO] [MapEditorScene] Updated hoveredTilePanes 283,539
[2025-03-30 22:47:01] [INFO] [MapEditorScene] Updated hoveredTilePanes 280,544
[2025-03-30 22:47:01] [INFO] [MapEditorScene] Updated hoveredTilePanes 277,548
[2025-03-30 22:47:01] [INFO] [MapEditorScene] Updated hoveredTilePanes 274,551
[2025-03-30 22:47:01] [INFO] [MapEditorScene] Updated hoveredTilePanes 271,555
[2025-03-30 22:47:01] [INFO] [MapEditorScene] Updated hoveredTilePanes 268,559
[2025-03-30 22:47:01] [INFO] [MapEditorScene] Updated hoveredTilePanes 265,562
[2025-03-30 22:47:01] [INFO] [MapEditorScene] Updated hoveredTilePanes 262,564
[2025-03-30 22:47:01] [INFO] [MapEditorScene] Updated hoveredTilePanes 261,566
[2025-03-30 22:47:01] [INFO] [MapEditorScene] Updated hoveredTilePanes 258,569
[2025-03-30 22:47:01] [INFO] [MapEditorScene] Updated hoveredTilePanes 256,570
[2025-03-30 22:47:01] [INFO] [MapEditorScene] Updated hoveredTilePanes 254,572
[2025-03-30 22:47:01] [INFO] [MapEditorScene] Updated hoveredTilePanes 252,574
[2025-03-30 22:47:01] [INFO] [MapEditorScene] Updated hoveredTilePanes 250,575
[2025-03-30 22:47:01] [INFO] [MapEditorScene] Updated hoveredTilePanes 248,576
[2025-03-30 22:47:01] [INFO] [MapEditorScene] Updated hoveredTilePanes 246,577
[2025-03-30 22:47:01] [INFO] [MapEditorScene] Updated hoveredTilePanes 244,578
[2025-03-30 22:47:01] [INFO] [MapEditorScene] Updated hoveredTilePanes 242,580
[2025-03-30 22:47:01] [INFO] [MapEditorScene] Updated hoveredTilePanes 239,581
[2025-03-30 22:47:01] [INFO] [MapEditorScene] Updated hoveredTilePanes 237,582
[2025-03-30 22:47:01] [INFO] [MapEditorScene] Updated hoveredTilePanes 233,583
[2025-03-30 22:47:01] [INFO] [MapEditorScene] Updated hoveredTilePanes 229,584
[2025-03-30 22:47:01] [INFO] [MapEditorScene] Updated hoveredTilePanes 224,585
[2025-03-30 22:47:01] [INFO] [MapEditorScene] Updated hoveredTilePanes 215,586
[2025-03-30 22:47:01] [INFO] [MapEditorScene] Updated hoveredTilePanes 208,587
[2025-03-30 22:47:01] [INFO] [MapEditorScene] Updated hoveredTilePanes 200,588
[2025-03-30 22:47:01] [INFO] [MapEditorScene] Updated hoveredTilePanes 191,589
[2025-03-30 22:47:01] [INFO] [MapEditorScene] Updated hoveredTilePanes 188,590
[2025-03-30 22:47:01] [INFO] [MapEditorScene] Updated hoveredTilePanes 179,592
[2025-03-30 22:47:01] [INFO] [MapEditorScene] Updated hoveredTilePanes 172,593
[2025-03-30 22:47:01] [INFO] [MapEditorScene] Updated hoveredTilePanes 166,593
[2025-03-30 22:47:01] [INFO] [MapEditorScene] Updated hoveredTilePanes 161,594
[2025-03-30 22:47:01] [INFO] [MapEditorScene] Updated hoveredTilePanes 156,595
[2025-03-30 22:47:01] [INFO] [MapEditorScene] Updated hoveredTilePanes 153,595
[2025-03-30 22:47:01] [INFO] [MapEditorScene] Updated hoveredTilePanes 150,595
[2025-03-30 22:47:01] [INFO] [MapEditorScene] Updated hoveredTilePanes 148,595
[2025-03-30 22:47:01] [INFO] [MapEditorScene] Updated hoveredTilePanes 147,595
[2025-03-30 22:47:01] [INFO] [MapEditorScene] Updated hoveredTilePanes 145,595
[2025-03-30 22:47:01] [INFO] [MapEditorScene] Updated hoveredTilePanes 143,595
[2025-03-30 22:47:01] [INFO] [MapEditorScene] Updated hoveredTilePanes 142,595
[2025-03-30 22:47:01] [INFO] [MapEditorScene] Updated hoveredTilePanes 143,594
[2025-03-30 22:47:01] [INFO] [MapEditorScene] Updated hoveredTilePanes 146,593
[2025-03-30 22:47:01] [INFO] [MapEditorScene] Updated hoveredTilePanes 151,590
[2025-03-30 22:47:01] [INFO] [MapEditorScene] Updated hoveredTilePanes 158,587
[2025-03-30 22:47:01] [INFO] [MapEditorScene] Updated hoveredTilePanes 168,581
[2025-03-30 22:47:01] [INFO] [MapEditorScene] Updated hoveredTilePanes 175,576
[2025-03-30 22:47:01] [INFO] [MapEditorScene] Updated hoveredTilePanes 186,570
[2025-03-30 22:47:01] [INFO] [MapEditorScene] Updated hoveredTilePanes 196,563
[2025-03-30 22:47:01] [INFO] [MapEditorScene] Updated hoveredTilePanes 208,556
[2025-03-30 22:47:01] [INFO] [MapEditorScene] Updated hoveredTilePanes 224,546
[2025-03-30 22:47:01] [INFO] [MapEditorScene] Updated hoveredTilePanes 237,535
[2025-03-30 22:47:01] [INFO] [MapEditorScene] Updated hoveredTilePanes 252,526
[2025-03-30 22:47:01] [INFO] [MapEditorScene] Updated hoveredTilePanes 268,513
[2025-03-30 22:47:01] [INFO] [MapEditorScene] Updated hoveredTilePanes 283,503
[2025-03-30 22:47:01] [INFO] [MapEditorScene] Updated hoveredTilePanes 297,493
[2025-03-30 22:47:01] [INFO] [MapEditorScene] Updated hoveredTilePanes 302,488
[2025-03-30 22:47:01] [INFO] [MapEditorScene] Updated hoveredTilePanes 312,481
[2025-03-30 22:47:01] [INFO] [MapEditorScene] Updated hoveredTilePanes 319,476
[2025-03-30 22:47:01] [INFO] [MapEditorScene] Updated hoveredTilePanes 327,470
[2025-03-30 22:47:01] [INFO] [MapEditorScene] Updated hoveredTilePanes 332,467
[2025-03-30 22:47:01] [INFO] [MapEditorScene] Updated hoveredTilePanes 337,463
[2025-03-30 22:47:01] [INFO] [MapEditorScene] Updated hoveredTilePanes 341,460
[2025-03-30 22:47:01] [INFO] [MapEditorScene] Updated hoveredTilePanes 345,457
[2025-03-30 22:47:02] [INFO] [MapEditorScene] Updated hoveredTilePanes 349,454
[2025-03-30 22:47:02] [INFO] [MapEditorScene] Updated hoveredTilePanes 351,453
[2025-03-30 22:47:02] [INFO] [MapEditorScene] Updated hoveredTilePanes 354,450
[2025-03-30 22:47:02] [INFO] [MapEditorScene] Updated hoveredTilePanes 356,449
[2025-03-30 22:47:02] [INFO] [MapEditorScene] Updated hoveredTilePanes 360,446
[2025-03-30 22:47:02] [INFO] [MapEditorScene] Updated hoveredTilePanes 362,445
[2025-03-30 22:47:02] [INFO] [MapEditorScene] Updated hoveredTilePanes 364,443
[2025-03-30 22:47:02] [INFO] [MapEditorScene] Updated hoveredTilePanes 367,442
[2025-03-30 22:47:02] [INFO] [MapEditorScene] Updated hoveredTilePanes 371,440
[2025-03-30 22:47:02] [INFO] [MapEditorScene] Updated hoveredTilePanes 374,438
[2025-03-30 22:47:02] [INFO] [MapEditorScene] Updated hoveredTilePanes 381,435
[2025-03-30 22:47:02] [INFO] [MapEditorScene] Updated hoveredTilePanes 385,432
[2025-03-30 22:47:02] [INFO] [MapEditorScene] Updated hoveredTilePanes 390,429
[2025-03-30 22:47:02] [INFO] [MapEditorScene] Updated hoveredTilePanes 398,423
[2025-03-30 22:47:02] [INFO] [MapEditorScene] Updated hoveredTilePanes 405,418
[2025-03-30 22:47:02] [INFO] [MapEditorScene] Updated hoveredTilePanes 416,409
[2025-03-30 22:47:02] [INFO] [MapEditorScene] Updated hoveredTilePanes 426,402
[2025-03-30 22:47:02] [INFO] [MapEditorScene] Updated hoveredTilePanes 439,392
[2025-03-30 22:47:02] [INFO] [MapEditorScene] Updated hoveredTilePanes 453,382
[2025-03-30 22:47:02] [INFO] [MapEditorScene] Updated hoveredTilePanes 468,371
[2025-03-30 22:47:02] [INFO] [MapEditorScene] Updated hoveredTilePanes 481,361
[2025-03-30 22:47:02] [INFO] [MapEditorScene] Updated hoveredTilePanes 497,351
[2025-03-30 22:47:02] [INFO] [MapEditorScene] Updated hoveredTilePanes 512,343
[2025-03-30 22:47:02] [INFO] [MapEditorScene] Updated hoveredTilePanes 524,335
[2025-03-30 22:47:02] [INFO] [MapEditorScene] Updated hoveredTilePanes 536,327
[2025-03-30 22:47:02] [INFO] [MapEditorScene] Updated hoveredTilePanes 549,320
[2025-03-30 22:47:02] [INFO] [MapEditorScene] Updated hoveredTilePanes 560,314
[2025-03-30 22:47:02] [INFO] [MapEditorScene] Updated hoveredTilePanes 570,307
[2025-03-30 22:47:02] [INFO] [MapEditorScene] Updated hoveredTilePanes 579,302
[2025-03-30 22:47:02] [INFO] [MapEditorScene] Updated hoveredTilePanes 592,294
[2025-03-30 22:47:02] [INFO] [MapEditorScene] Updated hoveredTilePanes 601,288
[2025-03-30 22:47:02] [INFO] [MapEditorScene] Updated hoveredTilePanes 611,283
[2025-03-30 22:47:02] [INFO] [MapEditorScene] Updated hoveredTilePanes 624,275
[2025-03-30 22:47:02] [INFO] [MapEditorScene] Updated hoveredTilePanes 632,271
[2025-03-30 22:47:02] [INFO] [MapEditorScene] Updated hoveredTilePanes 642,266
[2025-03-30 22:47:02] [INFO] [MapEditorScene] Updated hoveredTilePanes 646,263
[2025-03-30 22:47:02] [INFO] [MapEditorScene] Updated hoveredTilePanes 653,258
[2025-03-30 22:47:02] [INFO] [MapEditorScene] Updated hoveredTilePanes 660,254
[2025-03-30 22:47:02] [INFO] [MapEditorScene] Updated hoveredTilePanes 665,250
[2025-03-30 22:47:02] [INFO] [MapEditorScene] Updated hoveredTilePanes 672,247
[2025-03-30 22:47:02] [INFO] [MapEditorScene] Updated hoveredTilePanes 676,243
[2025-03-30 22:47:02] [INFO] [MapEditorScene] Updated hoveredTilePanes 681,240
[2025-03-30 22:47:02] [INFO] [MapEditorScene] Updated hoveredTilePanes 685,237
[2025-03-30 22:47:02] [INFO] [MapEditorScene] Updated hoveredTilePanes 691,233
[2025-03-30 22:47:02] [INFO] [MapEditorScene] Updated hoveredTilePanes 698,228
[2025-03-30 22:47:02] [INFO] [MapEditorScene] Updated hoveredTilePanes 701,226
[2025-03-30 22:47:02] [INFO] [MapEditorScene] Updated hoveredTilePanes 706,224
[2025-03-30 22:47:02] [INFO] [MapEditorScene] Updated hoveredTilePanes 716,218
[2025-03-30 22:47:02] [INFO] [MapEditorScene] Updated hoveredTilePanes 719,217
[2025-03-30 22:47:02] [INFO] [MapEditorScene] Updated hoveredTilePanes 724,214
[2025-03-30 22:47:02] [INFO] [MapEditorScene] Updated hoveredTilePanes 730,212
[2025-03-30 22:47:02] [INFO] [MapEditorScene] Updated hoveredTilePanes 735,209
[2025-03-30 22:47:02] [INFO] [MapEditorScene] Updated hoveredTilePanes 740,207
[2025-03-30 22:47:02] [INFO] [MapEditorScene] Updated hoveredTilePanes 745,205
[2025-03-30 22:47:02] [INFO] [MapEditorScene] Updated hoveredTilePanes 749,202
[2025-03-30 22:47:02] [INFO] [MapEditorScene] Updated hoveredTilePanes 754,202
[2025-03-30 22:47:02] [INFO] [MapEditorScene] Updated hoveredTilePanes 759,200
[2025-03-30 22:47:02] [INFO] [MapEditorScene] Updated hoveredTilePanes 764,198
[2025-03-30 22:47:02] [INFO] [MapEditorScene] Updated hoveredTilePanes 768,197
[2025-03-30 22:47:02] [INFO] [MapEditorScene] Updated hoveredTilePanes 772,196
[2025-03-30 22:47:02] [INFO] [MapEditorScene] Updated hoveredTilePanes 780,193
[2025-03-30 22:47:02] [INFO] [MapEditorScene] Updated hoveredTilePanes 787,191
[2025-03-30 22:47:02] [INFO] [MapEditorScene] Updated hoveredTilePanes 792,191
[2025-03-30 22:47:02] [INFO] [MapEditorScene] Updated hoveredTilePanes 795,190
[2025-03-30 22:47:02] [INFO] [MapEditorScene] Updated hoveredTilePanes 802,189
[2025-03-30 22:47:02] [INFO] [MapEditorScene] Updated hoveredTilePanes 808,189
[2025-03-30 22:47:02] [INFO] [MapEditorScene] Updated hoveredTilePanes 815,188
[2025-03-30 22:47:02] [INFO] [MapEditorScene] Updated hoveredTilePanes 822,188
[2025-03-30 22:47:02] [INFO] [MapEditorScene] Updated hoveredTilePanes 826,187
[2025-03-30 22:47:02] [INFO] [MapEditorScene] Updated hoveredTilePanes 831,187
[2025-03-30 22:47:02] [INFO] [MapEditorScene] Updated hoveredTilePanes 836,187
[2025-03-30 22:47:02] [INFO] [MapEditorScene] Updated hoveredTilePanes 839,187
[2025-03-30 22:47:02] [INFO] [MapEditorScene] Updated hoveredTilePanes 844,187
[2025-03-30 22:47:02] [INFO] [MapEditorScene] Updated hoveredTilePanes 847,187
[2025-03-30 22:47:02] [INFO] [MapEditorScene] Updated hoveredTilePanes 849,187
[2025-03-30 22:47:02] [INFO] [MapEditorScene] Updated hoveredTilePanes 852,186
[2025-03-30 22:47:02] [INFO] [MapEditorScene] Updated hoveredTilePanes 854,186
[2025-03-30 22:47:02] [INFO] [MapEditorScene] Updated hoveredTilePanes 856,186
[2025-03-30 22:47:02] [INFO] [MapEditorScene] Updated hoveredTilePanes 858,186
[2025-03-30 22:47:02] [INFO] [MapEditorScene] Updated hoveredTilePanes 860,186
[2025-03-30 22:47:02] [INFO] [MapEditorScene] Updated hoveredTilePanes 861,186
[2025-03-30 22:47:02] [INFO] [MapEditorScene] Updated hoveredTilePanes 862,186
[2025-03-30 22:47:02] [INFO] [MapEditorScene] Updated hoveredTilePanes 863,186
[2025-03-30 22:47:02] [INFO] [MapEditorScene] Updated hoveredTilePanes 864,186
[2025-03-30 22:47:02] [INFO] [MapEditorScene] Updated hoveredTilePanes 863,185
[2025-03-30 22:47:02] [INFO] [MapEditorScene] Updated hoveredTilePanes 862,185
[2025-03-30 22:47:02] [INFO] [MapEditorScene] Updated hoveredTilePanes 861,185
[2025-03-30 22:47:02] [INFO] [MapEditorScene] Updated hoveredTilePanes 859,184
[2025-03-30 22:47:02] [INFO] [MapEditorScene] Updated hoveredTilePanes 856,183
[2025-03-30 22:47:02] [INFO] [MapEditorScene] Updated hoveredTilePanes 851,183
[2025-03-30 22:47:02] [INFO] [MapEditorScene] Updated hoveredTilePanes 845,180
[2025-03-30 22:47:02] [INFO] [MapEditorScene] Updated hoveredTilePanes 833,178
[2025-03-30 22:47:02] [INFO] [MapEditorScene] Updated hoveredTilePanes 819,174
[2025-03-30 22:47:02] [INFO] [MapEditorScene] Updated hoveredTilePanes 799,171
[2025-03-30 22:47:02] [INFO] [MapEditorScene] Updated hoveredTilePanes 779,167
[2025-03-30 22:47:02] [INFO] [MapEditorScene] Updated hoveredTilePanes 759,163
[2025-03-30 22:47:02] [INFO] [MapEditorScene] Updated hoveredTilePanes 739,162
[2025-03-30 22:47:02] [INFO] [MapEditorScene] Updated hoveredTilePanes 719,160
[2025-03-30 22:47:02] [INFO] [MapEditorScene] Updated hoveredTilePanes 714,159
[2025-03-30 22:47:02] [INFO] [MapEditorScene] Updated hoveredTilePanes 700,159
[2025-03-30 22:47:02] [INFO] [MapEditorScene] Updated hoveredTilePanes 689,157
[2025-03-30 22:47:02] [INFO] [MapEditorScene] Updated hoveredTilePanes 678,157
[2025-03-30 22:47:02] [INFO] [MapEditorScene] Updated hoveredTilePanes 673,157
[2025-03-30 22:47:02] [INFO] [MapEditorScene] Updated hoveredTilePanes 669,157
[2025-03-30 22:47:02] [INFO] [MapEditorScene] Updated hoveredTilePanes 664,157
[2025-03-30 22:47:02] [INFO] [MapEditorScene] Updated hoveredTilePanes 662,157
[2025-03-30 22:47:02] [INFO] [MapEditorScene] Updated hoveredTilePanes 659,157
[2025-03-30 22:47:02] [INFO] [MapEditorScene] Updated hoveredTilePanes 655,157
[2025-03-30 22:47:02] [INFO] [MapEditorScene] Updated hoveredTilePanes 652,157
[2025-03-30 22:47:03] [INFO] [MapEditorScene] Updated hoveredTilePanes 650,157
[2025-03-30 22:47:03] [INFO] [MapEditorScene] Updated hoveredTilePanes 647,157
[2025-03-30 22:47:03] [INFO] [MapEditorScene] Updated hoveredTilePanes 644,157
[2025-03-30 22:47:03] [INFO] [MapEditorScene] Updated hoveredTilePanes 640,157
[2025-03-30 22:47:03] [INFO] [MapEditorScene] Updated hoveredTilePanes 638,157
[2025-03-30 22:47:03] [INFO] [MapEditorScene] Updated hoveredTilePanes 636,157
[2025-03-30 22:47:03] [INFO] [MapEditorScene] Updated hoveredTilePanes 633,157
[2025-03-30 22:47:03] [INFO] [MapEditorScene] Updated hoveredTilePanes 631,157
[2025-03-30 22:47:03] [INFO] [MapEditorScene] Updated hoveredTilePanes 628,157
[2025-03-30 22:47:03] [INFO] [MapEditorScene] Updated hoveredTilePanes 625,157
[2025-03-30 22:47:03] [INFO] [MapEditorScene] Updated hoveredTilePanes 621,157
[2025-03-30 22:47:03] [INFO] [MapEditorScene] Updated hoveredTilePanes 618,157
[2025-03-30 22:47:03] [INFO] [MapEditorScene] Updated hoveredTilePanes 611,157
[2025-03-30 22:47:03] [INFO] [MapEditorScene] Updated hoveredTilePanes 605,157
[2025-03-30 22:47:03] [INFO] [MapEditorScene] Updated hoveredTilePanes 596,157
[2025-03-30 22:47:03] [INFO] [MapEditorScene] Updated hoveredTilePanes 589,157
[2025-03-30 22:47:03] [INFO] [MapEditorScene] Updated hoveredTilePanes 578,157
[2025-03-30 22:47:03] [INFO] [MapEditorScene] Updated hoveredTilePanes 567,158
[2025-03-30 22:47:03] [INFO] [MapEditorScene] Updated hoveredTilePanes 558,159
[2025-03-30 22:47:03] [INFO] [MapEditorScene] Updated hoveredTilePanes 547,161
[2025-03-30 22:47:03] [INFO] [MapEditorScene] Updated hoveredTilePanes 536,162
[2025-03-30 22:47:03] [INFO] [MapEditorScene] Updated hoveredTilePanes 522,165
[2025-03-30 22:47:03] [INFO] [MapEditorScene] Updated hoveredTilePanes 494,167
[2025-03-30 22:47:03] [INFO] [MapEditorScene] Updated hoveredTilePanes 471,171
[2025-03-30 22:47:03] [INFO] [MapEditorScene] Updated hoveredTilePanes 457,173
[2025-03-30 22:47:03] [INFO] [MapEditorScene] Updated hoveredTilePanes 433,175
[2025-03-30 22:47:03] [INFO] [MapEditorScene] Updated hoveredTilePanes 401,177
[2025-03-30 22:47:03] [INFO] [MapEditorScene] Updated hoveredTilePanes 349,177
[2025-03-30 22:47:03] [INFO] [MapEditorScene] Updated hoveredTilePanes 312,177
[2025-03-30 22:47:03] [INFO] [MapEditorScene] Updated hoveredTilePanes 295,177
[2025-03-30 22:47:03] [INFO] [MapEditorScene] Updated hoveredTilePanes 263,177
[2025-03-30 22:47:03] [INFO] [MapEditorScene] Updated hoveredTilePanes 236,177
[2025-03-30 22:47:03] [INFO] [MapEditorScene] Updated hoveredTilePanes 208,175
[2025-03-30 22:47:03] [INFO] [MapEditorScene] Updated hoveredTilePanes 188,169
[2025-03-30 22:47:03] [INFO] [MapEditorScene] Updated hoveredTilePanes 168,164
[2025-03-30 22:47:03] [INFO] [MapEditorScene] Updated hoveredTilePanes 148,158
[2025-03-30 22:47:03] [INFO] [MapEditorScene] Updated hoveredTilePanes 131,153
[2025-03-30 22:47:03] [INFO] [MapEditorScene] Updated hoveredTilePanes 120,149
[2025-03-30 22:47:03] [INFO] [MapEditorScene] Updated hoveredTilePanes 115,146
[2025-03-30 22:47:03] [INFO] [MapEditorScene] Updated hoveredTilePanes 106,142
[2025-03-30 22:47:03] [INFO] [MapEditorScene] Updated hoveredTilePanes 96,137
[2025-03-30 22:47:03] [INFO] [MapEditorScene] Updated hoveredTilePanes 92,134
[2025-03-30 22:47:03] [INFO] [MapEditorScene] Updated hoveredTilePanes 88,131
[2025-03-30 22:47:03] [INFO] [MapEditorScene] Updated hoveredTilePanes 85,129
[2025-03-30 22:47:03] [INFO] [MapEditorScene] Updated hoveredTilePanes 82,122
[2025-03-30 22:47:03] [INFO] [MapEditorScene] Updated hoveredTilePanes 82,119
[2025-03-30 22:47:03] [INFO] [MapEditorScene] Updated hoveredTilePanes 82,114
[2025-03-30 22:47:03] [INFO] [MapEditorScene] Updated hoveredTilePanes 82,109
[2025-03-30 22:47:03] [INFO] [MapEditorScene] Updated hoveredTilePanes 83,104
[2025-03-30 22:47:03] [INFO] [MapEditorScene] Updated hoveredTilePanes 84,95
[2025-03-30 22:47:03] [INFO] [MapEditorScene] Updated hoveredTilePanes 85,91
[2025-03-30 22:47:03] [INFO] [MapEditorScene] Updated hoveredTilePanes 87,84
[2025-03-30 22:47:03] [INFO] [MapEditorScene] Updated hoveredTilePanes 90,77
[2025-03-30 22:47:03] [INFO] [MapEditorScene] Updated hoveredTilePanes 91,71
[2025-03-30 22:47:03] [INFO] [MapEditorScene] Updated hoveredTilePanes 93,66
[2025-03-30 22:47:03] [INFO] [MapEditorScene] Updated hoveredTilePanes 94,61
[2025-03-30 22:47:03] [INFO] [MapEditorScene] Updated hoveredTilePanes 95,58
[2025-03-30 22:47:03] [INFO] [MapEditorScene] Updated hoveredTilePanes 96,53
[2025-03-30 22:47:03] [INFO] [MapEditorScene] Updated hoveredTilePanes 97,48
[2025-03-30 22:47:03] [INFO] [MapEditorScene] Updated hoveredTilePanes 98,45
[2025-03-30 22:47:03] [INFO] [MapEditorScene] Updated hoveredTilePanes 99,40
[2025-03-30 22:47:03] [INFO] [MapEditorScene] Updated hoveredTilePanes 100,37
[2025-03-30 22:47:03] [INFO] [MapEditorScene] Updated hoveredTilePanes 101,32
[2025-03-30 22:47:03] [INFO] [MapEditorScene] Updated hoveredTilePanes 101,29
[2025-03-30 22:47:03] [INFO] [MapEditorScene] Updated hoveredTilePanes 102,26
[2025-03-30 22:47:03] [INFO] [MapEditorScene] Updated hoveredTilePanes 102,24
[2025-03-30 22:47:03] [INFO] [MapEditorScene] Updated hoveredTilePanes 102,22
[2025-03-30 22:47:03] [INFO] [MapEditorScene] Updated hoveredTilePanes 102,20
[2025-03-30 22:47:03] [INFO] [MapEditorScene] Updated hoveredTilePanes 102,19
[2025-03-30 22:47:03] [INFO] [MapEditorScene] Updated hoveredTilePanes 102,18
[2025-03-30 22:47:03] [INFO] [MapEditorScene] Updated hoveredTilePanes 102,17
[2025-03-30 22:47:03] [INFO] [MapEditorScene] Updated hoveredTilePanes 102,16
[2025-03-30 22:47:03] [INFO] [MapEditorScene] Updated hoveredTilePanes 102,15
[2025-03-30 22:47:03] [INFO] [MapEditorScene] Updated hoveredTilePanes 102,14
[2025-03-30 22:47:03] [INFO] [MapEditorScene] Updated hoveredTilePanes 102,13
[2025-03-30 22:47:03] [INFO] [MapEditorScene] Updated hoveredTilePanes 101,12
[2025-03-30 22:47:03] [INFO] [MapEditorScene] Updated hoveredTilePanes 100,11
[2025-03-30 22:47:03] [INFO] [MapEditorScene] Updated hoveredTilePanes 98,11
[2025-03-30 22:47:03] [INFO] [MapEditorScene] Updated hoveredTilePanes 96,9
[2025-03-30 22:47:03] [INFO] [MapEditorScene] Updated hoveredTilePanes 94,9
[2025-03-30 22:47:03] [INFO] [MapEditorScene] Updated hoveredTilePanes 90,7
[2025-03-30 22:47:03] [INFO] [MapEditorScene] Updated hoveredTilePanes 87,6
[2025-03-30 22:47:03] [INFO] [MapEditorScene] Updated hoveredTilePanes 84,4
[2025-03-30 22:47:03] [INFO] [MapEditorScene] Updated hoveredTilePanes 79,3
[2025-03-30 22:47:03] [INFO] [MapEditorScene] Updated hoveredTilePanes 76,2
[2025-03-30 22:47:03] [INFO] [MapEditorScene] Updated hoveredTilePanes 71,0
