[2025-05-27 00:01:44] [INFO] [UnitTable] Started initializing UnitTable
[2025-05-27 00:01:44] [INFO] [EmeritusDatabase] Started initializing EmeritusDatabase
[2025-05-27 00:01:44] [INFO] [EmeritusDatabase] Finished initializing EmeritusDatabase
[2025-05-27 00:01:44] [INFO] [UnitTable] Successfully initialized UnitTable
[2025-05-27 00:01:44] [INFO] [UnitTable] Finished initializing UnitTable
[2025-05-27 00:01:44] [INFO] [AbilityTable] Started initializing AbilityTable
[2025-05-27 00:01:44] [INFO] [AbilityTable] Finished initializing AbilityTable
[2025-05-27 00:01:44] [INFO] [UserSaveStateManager] Started loading user save data
[2025-05-27 00:01:44] [INFO] [UserSaveStateManager] Finished loading user save data
[2025-05-27 00:01:44] [INFO] [AssetPool] Started initializing AssetPool
[2025-05-27 00:01:44] [INFO] [AssetNameSpace] Started loading Sprite's from ./res/graphics
[2025-05-27 00:01:44] [INFO] [AssetNameSpace] Finished reading files for sprites
[2025-05-27 00:01:44] [INFO] [AssetNameSpace] Finished loading ./res/graphics
[2025-05-27 00:01:44] [INFO] [AssetPool] Finished initializing AssetPool
[2025-05-27 00:01:44] [INFO] [Component] Setting UNIT_earth_dragon___NICKNAME_Qevso___bc9a3d76-5d4e-4d0b-8c85-f1d357744610 on to {"row":5,"column":1,"base_elevation":-3,"spawn_region":"Left","unit":"UNIT_earth_dragon___NICKNAME_Qevso___bc9a3d76-5d4e-4d0b-8c85-f1d357744610","layers":{"empty":false},"total_elevation":3}.
[2025-05-27 00:01:44] [INFO] [SpeedQueue] Added unit UNIT_earth_dragon___NICKNAME_Qevso___bc9a3d76-5d4e-4d0b-8c85-f1d357744610 into queue
[2025-05-27 00:01:44] [INFO] [Component] Setting UNIT_dragon___NICKNAME_Muji___1142f1c7-5c81-4666-8998-f88594be6f3b on to {"row":6,"column":1,"base_elevation":-3,"spawn_region":"Left","unit":"UNIT_dragon___NICKNAME_Muji___1142f1c7-5c81-4666-8998-f88594be6f3b","layers":{"empty":false},"total_elevation":3}.
[2025-05-27 00:01:44] [INFO] [SpeedQueue] Added unit UNIT_dragon___NICKNAME_Muji___1142f1c7-5c81-4666-8998-f88594be6f3b into queue
[2025-05-27 00:01:44] [INFO] [Component] Setting UNIT_air_dragon___NICKNAME_Lisoa___55a1dd15-8baa-43b8-aa3a-059ede7102b1 on to {"row":3,"column":1,"base_elevation":-3,"spawn_region":"Left","unit":"UNIT_air_dragon___NICKNAME_Lisoa___55a1dd15-8baa-43b8-aa3a-059ede7102b1","layers":{"empty":false},"total_elevation":3}.
[2025-05-27 00:01:44] [INFO] [SpeedQueue] Added unit UNIT_air_dragon___NICKNAME_Lisoa___55a1dd15-8baa-43b8-aa3a-059ede7102b1 into queue
[2025-05-27 00:01:44] [INFO] [Component] Setting UNIT_fire_dragon___NICKNAME_Woyoq___aae04b8a-77c1-4f44-87c3-fd2ac053ebf8 on to {"row":1,"column":0,"base_elevation":-3,"spawn_region":"Left","unit":"UNIT_fire_dragon___NICKNAME_Woyoq___aae04b8a-77c1-4f44-87c3-fd2ac053ebf8","layers":{"empty":false},"total_elevation":3}.
[2025-05-27 00:01:44] [INFO] [SpeedQueue] Added unit UNIT_fire_dragon___NICKNAME_Woyoq___aae04b8a-77c1-4f44-87c3-fd2ac053ebf8 into queue
[2025-05-27 00:01:44] [INFO] [Component] Setting UNIT_dark_dragon___NICKNAME_Boto___0f134ba0-68dd-410f-b5ed-d65e5fd39f7a on to {"row":2,"column":0,"base_elevation":-3,"spawn_region":"Left","unit":"UNIT_dark_dragon___NICKNAME_Boto___0f134ba0-68dd-410f-b5ed-d65e5fd39f7a","layers":{"empty":false},"total_elevation":3}.
[2025-05-27 00:01:44] [INFO] [SpeedQueue] Added unit UNIT_dark_dragon___NICKNAME_Boto___0f134ba0-68dd-410f-b5ed-d65e5fd39f7a into queue
[2025-05-27 00:01:44] [INFO] [Component] Setting UNIT_fire_dragon___NICKNAME_Zacew___32ab7d66-1ee4-43e1-8e71-281079d4fedc on to {"row":0,"column":10,"base_elevation":-3,"spawn_region":"Right","unit":"UNIT_fire_dragon___NICKNAME_Zacew___32ab7d66-1ee4-43e1-8e71-281079d4fedc","layers":{"empty":false},"total_elevation":4}.
[2025-05-27 00:01:44] [INFO] [SpeedQueue] Added unit UNIT_fire_dragon___NICKNAME_Zacew___32ab7d66-1ee4-43e1-8e71-281079d4fedc into queue
[2025-05-27 00:01:44] [INFO] [Component] Setting UNIT_dark_dragon___NICKNAME_Folaur___4858aeca-2a53-40b5-935c-282110478c03 on to {"row":5,"column":11,"base_elevation":-3,"spawn_region":"Right","unit":"UNIT_dark_dragon___NICKNAME_Folaur___4858aeca-2a53-40b5-935c-282110478c03","layers":{"empty":false},"total_elevation":4}.
[2025-05-27 00:01:44] [INFO] [SpeedQueue] Added unit UNIT_dark_dragon___NICKNAME_Folaur___4858aeca-2a53-40b5-935c-282110478c03 into queue
[2025-05-27 00:01:44] [INFO] [Component] Setting UNIT_dark_dragon___NICKNAME_Tisevu___db61a10b-d9bf-44ce-bb2a-48ea61c702b3 on to {"row":3,"column":11,"base_elevation":-3,"spawn_region":"Right","unit":"UNIT_dark_dragon___NICKNAME_Tisevu___db61a10b-d9bf-44ce-bb2a-48ea61c702b3","layers":{"empty":false},"total_elevation":4}.
[2025-05-27 00:01:44] [INFO] [SpeedQueue] Added unit UNIT_dark_dragon___NICKNAME_Tisevu___db61a10b-d9bf-44ce-bb2a-48ea61c702b3 into queue
[2025-05-27 00:01:44] [INFO] [Component] Setting UNIT_light_dragon___NICKNAME_Fuul___3faf21af-bc50-4ba3-abaa-fcf4f1c9f021 on to {"row":6,"column":10,"base_elevation":-3,"spawn_region":"Right","unit":"UNIT_light_dragon___NICKNAME_Fuul___3faf21af-bc50-4ba3-abaa-fcf4f1c9f021","layers":{"empty":false},"total_elevation":4}.
[2025-05-27 00:01:44] [INFO] [SpeedQueue] Added unit UNIT_light_dragon___NICKNAME_Fuul___3faf21af-bc50-4ba3-abaa-fcf4f1c9f021 into queue
[2025-05-27 00:01:44] [INFO] [Component] Setting UNIT_fire_dragon___NICKNAME_Heayui___5cefbd1f-bb96-49d1-b636-1886af0f3c04 on to {"row":2,"column":10,"base_elevation":-3,"spawn_region":"Right","unit":"UNIT_fire_dragon___NICKNAME_Heayui___5cefbd1f-bb96-49d1-b636-1886af0f3c04","layers":{"empty":false},"total_elevation":4}.
[2025-05-27 00:01:44] [INFO] [SpeedQueue] Added unit UNIT_fire_dragon___NICKNAME_Heayui___5cefbd1f-bb96-49d1-b636-1886af0f3c04 into queue
[2025-05-27 00:01:44] [INFO] [EngineController] Started setting scene to MENU_SCENE
[2025-05-27 00:01:44] [INFO] [EngineController] Finished setting scene to MENU_SCENE
[2025-05-27 00:01:44] [INFO] [EngineController] Started setting scene to GAME_SCENE
[2025-05-27 00:01:44] [INFO] [FontPool] Started initializing FontPool
[2025-05-27 00:01:45] [INFO] [FontPool] ✅ Successfully loaded font: Lilian
[2025-05-27 00:01:45] [INFO] [EngineController] Finished setting scene to GAME_SCENE
[2025-05-27 00:01:45] [INFO] [AbilitySystem] Started updating {} because of ability
[2025-05-27 00:01:45] [INFO] [AbilitySystem] Finished update updating {} because of ability
[2025-05-27 00:01:45] [INFO] [AbilitySystem] Started updating {} because of ability
[2025-05-27 00:01:45] [INFO] [AbilitySystem] Finished update updating {} because of ability
[2025-05-27 00:01:45] [INFO] [AbilitySystem] Started updating {} because of ability
[2025-05-27 00:01:45] [INFO] [AbilitySystem] Finished update updating {} because of ability
[2025-05-27 00:01:45] [INFO] [AbilitySystem] Started updating {} because of ability
[2025-05-27 00:01:45] [INFO] [AbilitySystem] Finished update updating {} because of ability
[2025-05-27 00:01:45] [INFO] [AbilitySystem] Started updating {} because of ability
[2025-05-27 00:01:45] [INFO] [AbilitySystem] Finished update updating {} because of ability
[2025-05-27 00:01:45] [INFO] [AbilitySystem] Started updating {} because of ability
[2025-05-27 00:01:45] [INFO] [AbilitySystem] Finished update updating {} because of ability
[2025-05-27 00:01:45] [INFO] [AbilitySystem] Started updating {} because of ability
[2025-05-27 00:01:45] [INFO] [AbilitySystem] Finished update updating {} because of ability
[2025-05-27 00:01:45] [INFO] [AbilitySystem] Started updating {} because of ability
[2025-05-27 00:01:45] [INFO] [AbilitySystem] Finished update updating {} because of ability
[2025-05-27 00:01:45] [INFO] [AbilitySystem] Started updating {} because of ability
[2025-05-27 00:01:45] [INFO] [AbilitySystem] Finished update updating {} because of ability
[2025-05-27 00:01:45] [INFO] [AbilitySystem] Started updating {} because of ability
[2025-05-27 00:01:45] [INFO] [AbilitySystem] Finished update updating {} because of ability
[2025-05-27 00:01:45] [INFO] [SpeedQueue] Speed queue updated.
[2025-05-27 00:01:45] [INFO] [AbilityPanel] Updating ability selection for UNIT_air_dragon___NICKNAME_Lisoa___55a1dd15-8baa-43b8-aa3a-059ede7102b1
[2025-05-27 00:01:45] [INFO] [AbilityPanel] Finished ability selection for UNIT_air_dragon___NICKNAME_Lisoa___55a1dd15-8baa-43b8-aa3a-059ede7102b1
[2025-05-27 00:01:45] [INFO] [MovementPanel] Started update to Movement Information panel.
[2025-05-27 00:01:45] [INFO] [MovementPanel] Finished update to Movement Information panel.
[2025-05-27 00:01:45] [INFO] [TimeLinePanel] Started updating the timeline panel after turn order has changed.
[2025-05-27 00:01:45] [INFO] [TimeLinePanel] Finished updating the timeline panel after turn order has changed.
[2025-05-27 00:01:45] [INFO] [SelectedTilePanel] Checksum updated, getting units at selected tiles.
[2025-05-27 00:01:45] [INFO] [SelectedTilePanel] Either no unit selected or more than one unit selected
[2025-05-27 00:01:45] [INFO] [VisualsSystem] Started creating blurred background
[2025-05-27 00:01:45] [INFO] [VisualsSystem] Finished creating blurred background after 0.4920584261417389 seconds
[2025-05-27 00:01:45] [INFO] [AbilitySystem] Started updating {} because of ability
[2025-05-27 00:01:45] [INFO] [AbilitySystem] Finished update updating {} because of ability
[2025-05-27 00:01:45] [INFO] [AbilitySystem] Started updating {} because of ability
[2025-05-27 00:01:45] [INFO] [AbilitySystem] Finished update updating {} because of ability
[2025-05-27 00:01:45] [INFO] [AbilitySystem] Started updating {} because of ability
[2025-05-27 00:01:45] [INFO] [AbilitySystem] Finished update updating {} because of ability
[2025-05-27 00:01:45] [INFO] [AbilitySystem] Started updating {} because of ability
[2025-05-27 00:01:45] [INFO] [AbilitySystem] Finished update updating {} because of ability
[2025-05-27 00:01:45] [INFO] [AbilitySystem] Started updating {} because of ability
[2025-05-27 00:01:45] [INFO] [AbilitySystem] Finished update updating {} because of ability
[2025-05-27 00:01:45] [INFO] [AbilitySystem] Started updating {} because of ability
[2025-05-27 00:01:45] [INFO] [AbilitySystem] Finished update updating {} because of ability
[2025-05-27 00:01:45] [INFO] [AbilitySystem] Started updating {} because of ability
[2025-05-27 00:01:45] [INFO] [AbilitySystem] Finished update updating {} because of ability
[2025-05-27 00:01:45] [INFO] [AbilitySystem] Started updating {} because of ability
[2025-05-27 00:01:45] [INFO] [AbilitySystem] Finished update updating {} because of ability
[2025-05-27 00:01:45] [INFO] [AbilitySystem] Started updating {} because of ability
[2025-05-27 00:01:45] [INFO] [AbilitySystem] Finished update updating {} because of ability
[2025-05-27 00:01:45] [INFO] [AbilityPanel] Updating ability selection for UNIT_air_dragon___NICKNAME_Lisoa___55a1dd15-8baa-43b8-aa3a-059ede7102b1
[2025-05-27 00:01:45] [INFO] [AbilityPanel] Finished ability selection for UNIT_air_dragon___NICKNAME_Lisoa___55a1dd15-8baa-43b8-aa3a-059ede7102b1
[2025-05-27 00:01:45] [INFO] [MovementPanel] Started update to Movement Information panel.
[2025-05-27 00:01:45] [INFO] [MovementPanel] Finished update to Movement Information panel.
[2025-05-27 00:01:45] [INFO] [AbilitySystem] Started updating {} because of ability
[2025-05-27 00:01:45] [INFO] [AbilitySystem] Finished update updating {} because of ability
[2025-05-27 00:01:45] [INFO] [AbilitySystem] Started updating {} because of ability
[2025-05-27 00:01:45] [INFO] [AbilitySystem] Finished update updating {} because of ability
[2025-05-27 00:01:45] [INFO] [AbilitySystem] Started updating {} because of ability
[2025-05-27 00:01:45] [INFO] [AbilitySystem] Finished update updating {} because of ability
[2025-05-27 00:01:45] [INFO] [AbilitySystem] Started updating {} because of ability
[2025-05-27 00:01:45] [INFO] [AbilitySystem] Finished update updating {} because of ability
[2025-05-27 00:01:45] [INFO] [AbilitySystem] Started updating {} because of ability
[2025-05-27 00:01:45] [INFO] [AbilitySystem] Finished update updating {} because of ability
[2025-05-27 00:01:45] [INFO] [AbilitySystem] Started updating {} because of ability
[2025-05-27 00:01:45] [INFO] [AbilitySystem] Finished update updating {} because of ability
[2025-05-27 00:01:45] [INFO] [AbilitySystem] Started updating {} because of ability
[2025-05