[2025-03-21 00:59:33] [INFO] [AssetPool] Started initializing AssetPool
[2025-03-21 00:59:34] [INFO] [SpriteSheetOG] Started loading Sprite's from ./res/graphics
[2025-03-21 00:59:34] [INFO] [SpriteSheetOG] Finished reading files for sprites
[2025-03-21 00:59:34] [INFO] [Sprite] Finished loading ./res/graphics/misc/blue_reticle.png
[2025-03-21 00:59:34] [INFO] [Sprite] Finished loading ./res/graphics/misc/pink_spawn.png
[2025-03-21 00:59:34] [INFO] [Sprite] Finished loading ./res/graphics/misc/reticle.png
[2025-03-21 00:59:34] [INFO] [Sprite] Finished loading ./res/graphics/misc/yellow_spawn.png
[2025-03-21 00:59:34] [INFO] [Sprite] Finished loading ./res/graphics/misc/blue_spawn.png
[2025-03-21 00:59:34] [INFO] [Sprite] Finished loading ./res/graphics/misc/red_reticle.png
[2025-03-21 00:59:34] [INFO] [Sprite] Finished loading ./res/graphics/misc/depth_shadows.png
[2025-03-21 00:59:34] [INFO] [Sprite] Finished loading ./res/graphics/misc/yellow_reticle.png
[2025-03-21 00:59:34] [INFO] [Sprite] Finished loading ./res/graphics/misc/red_spawn.png
[2025-03-21 00:59:34] [INFO] [Sprite] Finished loading ./res/graphics/misc/directional_shadows.png
[2025-03-21 00:59:34] [INFO] [Sprite] Finished loading ./res/graphics/shadows/northwest.png
[2025-03-21 00:59:34] [INFO] [Sprite] Finished loading ./res/graphics/shadows/west.png
[2025-03-21 00:59:34] [INFO] [Sprite] Finished loading ./res/graphics/shadows/north.png
[2025-03-21 00:59:34] [INFO] [Sprite] Finished loading ./res/graphics/shadows/east.png
[2025-03-21 00:59:34] [INFO] [Sprite] Finished loading ./res/graphics/shadows/northeast.png
[2025-03-21 00:59:34] [INFO] [Sprite] Finished loading ./res/graphics/shadows/south.png
[2025-03-21 00:59:34] [INFO] [Sprite] Finished loading ./res/graphics/shadows/southwest.png
[2025-03-21 00:59:34] [INFO] [Sprite] Finished loading ./res/graphics/shadows/southeast.png
[2025-03-21 00:59:34] [INFO] [Sprite] Finished loading ./res/graphics/structures/tree3_structure.png
[2025-03-21 00:59:34] [INFO] [Sprite] Finished loading ./res/graphics/structures/tree4_structure.png
[2025-03-21 00:59:34] [INFO] [Sprite] Finished loading ./res/graphics/structures/tree1_structure.png
[2025-03-21 00:59:34] [INFO] [Sprite] Finished loading ./res/graphics/structures/tree5_structure.png
[2025-03-21 00:59:34] [INFO] [Sprite] Finished loading ./res/graphics/structures/tree2_structure.png
[2025-03-21 00:59:34] [INFO] [Sprite] Finished loading ./res/graphics/structures/tree6_structure.png
[2025-03-21 00:59:34] [INFO] [Sprite] Finished loading ./res/graphics/wall_tiles/rock_wall2.png
[2025-03-21 00:59:34] [INFO] [Sprite] Finished loading ./res/graphics/wall_tiles/sandstone_wall.png
[2025-03-21 00:59:34] [INFO] [Sprite] Finished loading ./res/graphics/wall_tiles/elden_yellow_wall.png
[2025-03-21 00:59:34] [INFO] [Sprite] Finished loading ./res/graphics/wall_tiles/vine_on_wall.png
[2025-03-21 00:59:34] [INFO] [Sprite] Finished loading ./res/graphics/wall_tiles/boulder_wall.png
[2025-03-21 00:59:34] [INFO] [Sprite] Finished loading ./res/graphics/wall_tiles/white_marble_wall.png
[2025-03-21 00:59:34] [INFO] [Sprite] Finished loading ./res/graphics/wall_tiles/elden_green_wall.png
[2025-03-21 00:59:34] [INFO] [Sprite] Finished loading ./res/graphics/wall_tiles/brown_marble_wall.png
[2025-03-21 00:59:34] [INFO] [Sprite] Finished loading ./res/graphics/wall_tiles/small_brick_wall.png
[2025-03-21 00:59:34] [INFO] [Sprite] Finished loading ./res/graphics/wall_tiles/moss_wall.png
[2025-03-21 00:59:34] [INFO] [Sprite] Finished loading ./res/graphics/wall_tiles/dirt_brick_vine_wall.png
[2025-03-21 00:59:34] [INFO] [Sprite] Finished loading ./res/graphics/wall_tiles/elden_purple_wall.png
[2025-03-21 00:59:34] [INFO] [Sprite] Finished loading ./res/graphics/wall_tiles/large_brick_wall.png
[2025-03-21 00:59:34] [INFO] [Sprite] Finished loading ./res/graphics/wall_tiles/dirt_wall.png
[2025-03-21 00:59:34] [INFO] [Sprite] Finished loading ./res/graphics/wall_tiles/alien_wall.png
[2025-03-21 00:59:34] [INFO] [Sprite] Finished loading ./res/graphics/wall_tiles/industrial_brick_wall.png
[2025-03-21 00:59:34] [INFO] [Sprite] Finished loading ./res/graphics/wall_tiles/rock_wall.png
[2025-03-21 00:59:34] [INFO] [Sprite] Finished loading ./res/graphics/wall_tiles/dirt_wall2.png
[2025-03-21 00:59:34] [INFO] [Sprite] Finished loading ./res/graphics/wall_tiles/moss_wall2.png
[2025-03-21 00:59:34] [INFO] [Sprite] Finished loading ./res/graphics/wall_tiles/moss_wall3.png
[2025-03-21 00:59:34] [INFO] [Sprite] Finished loading ./res/graphics/wall_tiles/no_wall.png
[2025-03-21 00:59:34] [INFO] [Sprite] Finished loading ./res/graphics/wall_tiles/alien_rune_wall.png
[2025-03-21 00:59:34] [INFO] [Sprite] Finished loading ./res/graphics/wall_tiles/industrial_wall.png
[2025-03-21 00:59:34] [INFO] [Sprite] Finished loading ./res/graphics/wall_tiles/small_brick_wall2.png
[2025-03-21 00:59:34] [INFO] [Sprite] Finished loading ./res/graphics/old/liquids 2.png
[2025-03-21 00:59:34] [INFO] [Sprite] Finished loading ./res/graphics/old/gems.png
[2025-03-21 00:59:34] [INFO] [Sprite] Finished loading ./res/graphics/old/floors.png
[2025-03-21 00:59:34] [INFO] [Sprite] Finished loading ./res/graphics/old/terrains.png
[2025-03-21 00:59:34] [INFO] [Sprite] Finished loading ./res/graphics/old/gemsRaw.png
[2025-03-21 00:59:34] [INFO] [Sprite] Finished loading ./res/graphics/old/walls.png
[2025-03-21 00:59:34] [INFO] [Sprite] Finished loading ./res/graphics/old/special2.png
[2025-03-21 00:59:34] [INFO] [Sprite] Finished loading ./res/graphics/old/structures.png
[2025-03-21 00:59:34] [INFO] [Sprite] Finished loading ./res/graphics/old/special.png
[2025-03-21 00:59:34] [INFO] [Sprite] Finished loading ./res/graphics/old/liquids.png
[2025-03-21 00:59:34] [INFO] [Sprite] Finished loading ./res/graphics/old/units.png
[2025-03-21 00:59:34] [INFO] [Sprite] Finished loading ./res/graphics/old/terrains2.png
[2025-03-21 00:59:34] [INFO] [Sprite] Finished loading ./res/graphics/old/floors2.png
[2025-03-21 00:59:34] [INFO] [Sprite] Finished loading ./res/graphics/floor_tiles/sand_1_floor.png
[2025-03-21 00:59:34] [INFO] [Sprite] Finished loading ./res/graphics/floor_tiles/sand_dark_floor.png
[2025-03-21 00:59:34] [INFO] [Sprite] Finished loading ./res/graphics/floor_tiles/dirty_grass_1_floor.png
[2025-03-21 00:59:34] [INFO] [Sprite] Finished loading ./res/graphics/floor_tiles/white_sand_floor.png
[2025-03-21 00:59:34] [INFO] [Sprite] Finished loading ./res/graphics/floor_tiles/white_sands_2.png
[2025-03-21 00:59:34] [INFO] [Sprite] Finished loading ./res/graphics/floor_tiles/dirty_grass_2_floor.png
[2025-03-21 00:59:34] [INFO] [Sprite] Finished loading ./res/graphics/floor_tiles/sand_3_floor.png
[2025-03-21 00:59:34] [INFO] [Sprite] Finished loading ./res/graphics/floor_tiles/obsidian_floor.png
[2025-03-21 00:59:34] [INFO] [Sprite] Finished loading ./res/graphics/floor_tiles/base_floor.png
[2025-03-21 00:59:34] [INFO] [Sprite] Finished loading ./res/graphics/floor_tiles/sand_floor.png
[2025-03-21 00:59:34] [INFO] [Sprite] Finished loading ./res/graphics/floor_tiles/dirty_grass_3_floor.png
[2025-03-21 00:59:34] [INFO] [Sprite] Finished loading ./res/graphics/floor_tiles/sand_2_floor.png
[2025-03-21 00:59:34] [INFO] [Sprite] Finished loading ./res/graphics/units/Air_Dragon.png
[2025-03-21 00:59:34] [INFO] [Sprite] Finished loading ./res/graphics/units/Dragon.png
[2025-03-21 00:59:34] [INFO] [Sprite] Finished loading ./res/graphics/units/Dark_Dragon.png
[2025-03-21 00:59:34] [INFO] [Sprite] Finished loading ./res/graphics/units/Earth_Dragon.png
[2025-03-21 00:59:34] [INFO] [Sprite] Finished loading ./res/graphics/units/Light_Dragon.png
[2025-03-21 00:59:34] [INFO] [Sprite] Finished loading ./res/graphics/units/Water_Dragon.png
[2025-03-21 00:59:34] [INFO] [Sprite] Finished loading ./res/graphics/units/Fire_Dragon.png
[2025-03-21 00:59:34] [INFO] [Sprite] Finished loading ./res/graphics/actions/StatsDown.png
[2025-03-21 00:59:34] [INFO] [Sprite] Finished loading ./res/graphics/actions/PhysicalHit4.png
[2025-03-21 00:59:34] [INFO] [Sprite] Finished loading ./res/graphics/actions/Slash.png
[2025-03-21 00:59:34] [INFO] [Sprite] Finished loading ./res/graphics/actions/Air.png
[2025-03-21 00:59:34] [INFO] [Sprite] Finished loading ./res/graphics/actions/Dark.png
[2025-03-21 00:59:34] [INFO] [Sprite] Finished loading ./res/graphics/actions/Blunt.png
[2025-03-21 00:59:34] [INFO] [Sprite] Finished loading ./res/graphics/actions/Fire.png
[2025-03-21 00:59:34] [INFO] [Sprite] Finished loading ./res/graphics/actions/Earth.png
[2025-03-21 00:59:34] [INFO] [Sprite] Finished loading ./res/graphics/actions/Light.png
[2025-03-21 00:59:34] [INFO] [Sprite] Finished loading ./res/graphics/actions/StatsUp.png
[2025-03-21 00:59:34] [INFO] [Sprite] Finished loading ./res/graphics/actions/Water.png
[2025-03-21 00:59:34] [INFO] [Sprite] Finished loading ./res/graphics/actions/Pierce.png
[2025-03-21 00:59:34] [INFO] [Sprite] Finished loading ./res/graphics/spells/LightSpell.png
[2025-03-21 00:59:34] [INFO] [Sprite] Finished loading ./res/graphics/spells/StatsDown.png
[2025-03-21 00:59:34] [INFO] [Sprite] Finished loading ./res/graphics/spells/WindSpell.png
[2025-03-21 00:59:34] [INFO] [Sprite] Finished loading ./res/graphics/spells/WaterSpell.png
[2025-03-21 00:59:34] [INFO] [Sprite] Finished loading ./res/graphics/spells/PhysicalHit4.png
[2025-03-21 00:59:34] [INFO] [Sprite] Finished loading ./res/graphics/spells/PhysicalHit1.png
[2025-03-21 00:59:34] [INFO] [Sprite] Finished loading ./res/graphics/spells/LightningSpell.png
[2025-03-21 00:59:34] [INFO] [Sprite] Finished loading ./res/graphics/spells/PhysicalHit3.png
[2025-03-21 00:59:34] [INFO] [Sprite] Finished loading ./res/graphics/spells/PhysicalHit2.png
[2025-03-21 00:59:34] [INFO] [Sprite] Finished loading ./res/graphics/spells/FireSpell.png
[2025-03-21 00:59:34] [INFO] [Sprite] Finished loading ./res/graphics/spells/DarkSpell.png
[2025-03-21 00:59:34] [INFO] [Sprite] Finished loading ./res/graphics/spells/StatsUp.png
[2025-03-21 00:59:34] [INFO] [Sprite] Finished loading ./res/graphics/spells/EarthSpell.png
[2025-03-21 00:59:34] [INFO] [Sprite] Finished loading ./res/graphics/liquids/greater_leafage_liquid.png
[2025-03-21 00:59:34] [INFO] [Sprite] Finished loading ./res/graphics/liquids/waterV4_liquid.png
[2025-03-21 00:59:34] [INFO] [Sprite] Finished loading ./res/graphics/liquids/shallow_swamp.png
[2025-03-21 00:59:34] [INFO] [Sprite] Finished loading ./res/graphics/liquids/water5.png
[2025-03-21 00:59:34] [INFO] [Sprite] Finished loading ./res/graphics/liquids/swamp_2.png
[2025-03-21 00:59:34] [INFO] [Sprite] Finished loading ./res/graphics/liquids/Lava_liquid.png
[2025-03-21 00:59:34] [INFO] [Sprite] Finished loading ./res/graphics/liquids/swamp2.png
[2025-03-21 00:59:34] [INFO] [Sprite] Finished loading ./res/graphics/liquids/waterV33_liquid.png
[2025-03-21 00:59:34] [INFO] [Sprite] Finished loading ./res/graphics/liquids/shallow_water_liquid.png
[2025-03-21 00:59:34] [INFO] [Sprite] Finished loading ./res/graphics/liquids/water_liquid.png
[2025-03-21 00:59:34] [INFO] [Sprite] Finished loading ./res/graphics/liquids/waterV2_liquid.png
[2025-03-21 00:59:34] [INFO] [Sprite] Finished loading ./res/graphics/liquids/swamp2_liquid.png
[2025-03-21 00:59:34] [INFO] [SpriteSheetOG] Finished loading ./res/graphics
[2025-03-21 00:59:34] [INFO] [AssetPool] Finished initializing AssetPool
[2025-03-21 00:59:34] [INFO] [FontPoolV1] Started initializing FontPoolV1
[2025-03-21 00:59:34] [INFO] [FontPoolV1] Finished initializing FontPoolV1
[2025-03-21 00:59:34] [INFO] [UnitDatabase] Started initializing UnitDatabase
[2025-03-21 00:59:34] [INFO] [UnitDatabase] Successfully initialized UnitDatabase
[2025-03-21 00:59:34] [INFO] [UnitDatabase] Finished initializing UnitDatabase
[2025-03-21 00:59:34] [INFO] [JsonDatabase] Started initializing JsonDatabase
[2025-03-21 00:59:34] [INFO] [JsonTable] Started initializing JsonTable
[2025-03-21 00:59:34] [INFO] [JsonTable] Successfully initialized JsonTable
[2025-03-21 00:59:34] [INFO] [JsonTable] Finished initializing JsonTable
[2025-03-21 00:59:34] [INFO] [JsonTable] Started initializing JsonTable
[2025-03-21 00:59:34] [INFO] [JsonTable] Successfully initialized JsonTable
[2025-03-21 00:59:34] [INFO] [JsonTable] Finished initializing JsonTable
[2025-03-21 00:59:34] [INFO] [JsonTable] Started initializing JsonTable
[2025-03-21 00:59:34] [INFO] [JsonTable] Successfully initialized JsonTable
[2025-03-21 00:59:34] [INFO] [JsonTable] Finished initializing JsonTable
[2025-03-21 00:59:34] [INFO] [JsonDatabase] Successfully initialized JsonDatabase
[2025-03-21 00:59:34] [INFO] [JsonDatabase] Finished initializing JsonDatabase
[2025-03-21 00:59:34] [INFO] [Component] Setting 6a748375-2260-45ea-a8e4-71f5cd1aeeab on to 39e3526d-7cb2-44f8-a372-4c4fa091c588.
[2025-03-21 00:59:34] [INFO] [SpeedQueue] Added unit enemy:Tehtoe into queue
[2025-03-21 00:59:34] [INFO] [Component] Setting 8e4ac6c5-05ce-4db0-b727-902fc453f1e6 on to 1e2ea476-3b42-45e4-8479-d9b200d4b2bc.
[2025-03-21 00:59:34] [INFO] [SpeedQueue] Added unit enemy:Jukay into queue
[2025-03-21 00:59:34] [INFO] [Component] Setting e48a3659-3b23-4fe7-8d48-18fae5bfad0e on to 6f27ca01-0515-4a97-8ede-ac4eea0c1826.
[2025-03-21 00:59:34] [INFO] [SpeedQueue] Added unit enemy:Qayu into queue
[2025-03-21 00:59:34] [INFO] [Component] Setting 28bc9328-31bf-470b-80f8-c040329e9a33 on to d1682939-bea3-46d1-ab73-4f29cbf38174.
[2025-03-21 00:59:34] [INFO] [SpeedQueue] Added unit user:Hetnf into queue
[2025-03-21 00:59:34] [INFO] [Component] Setting afae4413-0a33-455c-9abf-ed60a79e17f6 on to 3c42323b-ab82-4cfd-bbe5-5695d2d13342.
[2025-03-21 00:59:34] [INFO] [SpeedQueue] Added unit user:Qutnf into queue
[2025-03-21 00:59:34] [INFO] [Component] Setting 844a2c01-39dc-4637-91c6-bd600d21c87c on to 168dbb2c-2ed0-4d36-bee8-47f3ea3ad99c.
[2025-03-21 00:59:34] [INFO] [SpeedQueue] Added unit user:Jedeok into queue
[2025-03-21 00:59:34] [INFO] [FontPool] Started initializing FontPool
[2025-03-21 00:59:34] [INFO] [FontPool] ✅ Successfully loaded font: Lilian
[2025-03-21 00:59:35] [INFO] [SpeedQueue] Speed queue updated.
[2025-03-21 00:59:35] [INFO] [VisualsSystem] Started creating blurred background
[2025-03-21 00:59:35] [INFO] [TimeLinePanel] Started updating the timeline panel after turn order has changed.
[2025-03-21 00:59:35] [INFO] [TimeLinePanel] Finished updating the timeline panel after turn order has changed.
[2025-03-21 00:59:35] [INFO] [SelectedTilePanel] Checksum updated, getting units at selected tiles.
[2025-03-21 00:59:35] [INFO] [SelectedTilePanel] Either no unit selected or more than one unit selected
[2025-03-21 00:59:35] [INFO] [LesserStatisticsInformationPanel] Checksum has been updated, querying statistics for unit 844a2c01-39dc-4637-91c6-bd600d21c87c
[2025-03-21 00:59:35] [INFO] [VisualsSystem] Finished creating blurred background after 0.4991961717605591 seconds
[2025-03-21 00:59:36] [INFO] [SelectedTilePanel] Checksum updated, getting units at selected tiles.
[2025-03-21 00:59:36] [INFO] [SelectedTilePanel] Updated selected tile display to view Jedeok
[2025-03-21 00:59:36] [INFO] [LesserStatisticsInformationPanel] Finished updating Greater UI
[2025-03-21 00:59:38] [INFO] [InputHandler] Gliding secondary.camera camera to new tile 168dbb2c-2ed0-4d36-bee8-47f3ea3ad99c
[2025-03-21 00:59:38] [INFO] [InputHandler] Gliding main.camera camera to new tile 168dbb2c-2ed0-4d36-bee8-47f3ea3ad99c
