[2025-06-02 04:12:29] [INFO] [AssetPool] Started initializing AssetPool
[2025-06-02 04:12:29] [INFO] [AssetNameSpace] Started loading Sprite's from ./res/graphics
[2025-06-02 04:12:29] [INFO] [AssetNameSpace] Finished reading files for sprites
[2025-06-02 04:12:30] [INFO] [AssetNameSpace] Finished loading ./res/graphics
[2025-06-02 04:12:30] [INFO] [AssetPool] Finished initializing AssetPool
[2025-06-02 04:12:30] [INFO] [FontPool] Started initializing FontPool
[2025-06-02 04:12:30] [INFO] [FontPool] ✅ Successfully loaded font: Lilian
[2025-06-02 04:12:30] [INFO] [UnitTable] Started initializing UnitTable
[2025-06-02 04:12:30] [INFO] [EmeritusDatabase] Started initializing EmeritusDatabase
[2025-06-02 04:12:30] [INFO] [EmeritusDatabase] Finished initializing EmeritusDatabase
[2025-06-02 04:12:30] [INFO] [UnitTable] Successfully initialized UnitTable
[2025-06-02 04:12:30] [INFO] [UnitTable] Finished initializing UnitTable
[2025-06-02 04:12:30] [INFO] [Component] Setting UNIT_light_dragon___NICKNAME_Rilaou___e33509fa-a5cd-4bbf-ac08-86cea80cc00e on to {"row":4,"column":4,"base_elevation":0,"unit":"UNIT_light_dragon___NICKNAME_Rilaou___e33509fa-a5cd-4bbf-ac08-86cea80cc00e","layers":{"empty":false},"total_elevation":10}.
[2025-06-02 04:12:30] [INFO] [SpeedQueue] Added unit UNIT_light_dragon___NICKNAME_Rilaou___e33509fa-a5cd-4bbf-ac08-86cea80cc00e into queue
[2025-06-02 04:12:30] [INFO] [Component] Setting UNIT_air_dragon___NICKNAME_Qafi___14138a27-ffcc-443e-b3e9-2207496e7db6 on to {"row":4,"column":5,"base_elevation":0,"unit":"UNIT_air_dragon___NICKNAME_Qafi___14138a27-ffcc-443e-b3e9-2207496e7db6","layers":{"empty":false},"total_elevation":10}.
[2025-06-02 04:12:30] [INFO] [SpeedQueue] Added unit UNIT_air_dragon___NICKNAME_Qafi___14138a27-ffcc-443e-b3e9-2207496e7db6 into queue
[2025-06-02 04:12:30] [INFO] [AbilityTable] Started initializing AbilityTable
[2025-06-02 04:12:30] [INFO] [AbilityTable] Finished initializing AbilityTable
[2025-06-02 04:12:30] [INFO] [GameModel] Updated area of sight for Rilaou, viewing 5 tiles
[2025-06-02 04:12:30] [INFO] [GameModel] Updated line of sight for Rilaou, viewing 2 tiles
[2025-06-02 04:12:30] [INFO] [GameModel] Updated area of sight for Rilaou, viewing 1 tiles
[2025-06-02 04:12:30] [INFO] [GameModel] Started gathering cost requirements for test_slash
[2025-06-02 04:12:30] [INFO] [GameModel] Finished gathering cost requirements for test_slash
[2025-06-02 04:12:30] [INFO] [GameModel] Finished checking cost requirements for test_slash
[2025-06-02 04:12:30] [INFO] [GameModel] Started paying cost requirements for test_slash
[2025-06-02 04:12:30] [INFO] [GameModel] Payed 25.0 out of 100 to use test_slash
[2025-06-02 04:12:30] [INFO] [GameModel] Payed 25.0 out of 100 to use test_slash
[2025-06-02 04:12:30] [INFO] [GameModel] Finished paying cost requirements for test_slash
[2025-06-02 04:12:30] [INFO] [SpeedQueue] Speed queue updated.
[2025-06-02 04:12:30] [INFO] [AbilityPanel] Updating ability selection for UNIT_light_dragon___NICKNAME_Rilaou___e33509fa-a5cd-4bbf-ac08-86cea80cc00e
[2025-0