[2025-03-30 01:16:00] [INFO] [UserSaveStateManager] Started loading user save data
[2025-03-30 01:16:00] [INFO] [UserSaveStateManager] Finished loading user save data
[2025-03-30 01:16:00] [INFO] [JsonDatabase] Started initializing JsonDatabase
[2025-03-30 01:16:00] [INFO] [JsonTable] Started initializing JsonTable
[2025-03-30 01:16:00] [INFO] [JsonTable] Successfully initialized JsonTable
[2025-03-30 01:16:00] [INFO] [JsonTable] Finished initializing JsonTable
[2025-03-30 01:16:00] [INFO] [JsonTable] Started initializing JsonTable
[2025-03-30 01:16:00] [INFO] [JsonTable] Successfully initialized JsonTable
[2025-03-30 01:16:00] [INFO] [JsonTable] Finished initializing JsonTable
[2025-03-30 01:16:00] [INFO] [JsonTable] Started initializing JsonTable
[2025-03-30 01:16:00] [INFO] [JsonTable] Successfully initialized JsonTable
[2025-03-30 01:16:00] [INFO] [JsonTable] Finished initializing JsonTable
[2025-03-30 01:16:00] [INFO] [JsonDatabase] Successfully initialized JsonDatabase
[2025-03-30 01:16:00] [INFO] [JsonDatabase] Finished initializing JsonDatabase
[2025-03-30 01:16:00] [INFO] [AssetPool] Started initializing AssetPool
[2025-03-30 01:16:00] [INFO] [AssetNameSpace] Started loading Sprite's from ./res/graphics
[2025-03-30 01:16:00] [INFO] [AssetNameSpace] Finished reading files for sprites
[2025-03-30 01:16:00] [INFO] [AssetNameSpace] Finished loading ./res/graphics
[2025-03-30 01:16:00] [INFO] [AssetPool] Finished initializing AssetPool
[2025-03-30 01:16:01] [INFO] [UnitDatabase] Started initializing UnitDatabase
[2025-03-30 01:16:01] [INFO] [UnitDatabase] Successfully initialized UnitDatabase
[2025-03-30 01:16:01] [INFO] [UnitDatabase] Finished initializing UnitDatabase
[2025-03-30 01:16:01] [INFO] [Component] Setting c92c2080-ab70-4df1-9172-f810f62ee804 on to 6519ff91-1fca-4a57-aef7-49899f8da238.
[2025-03-30 01:16:01] [INFO] [SpeedQueue] Added unit enemy:Wonauo into queue
[2025-03-30 01:16:01] [INFO] [Component] Setting cb1952a1-1328-459d-930a-90fa675ba138 on to 2d120e6f-f542-4ee2-ad36-2ac12c676716.
[2025-03-30 01:16:01] [INFO] [SpeedQueue] Added unit enemy:Sayue into queue
[2025-03-30 01:16:01] [INFO] [Component] Setting 4f0ab913-dcc6-4a12-8944-6292ac16aea3 on to 2d7f524e-c1b5-453f-af1a-2e420475b000.
[2025-03-30 01:16:01] [INFO] [SpeedQueue] Added unit enemy:Hyce into queue
[2025-03-30 01:16:01] [INFO] [Component] Setting b9199ad4-0c02-49bc-ba73-3ea0698b0f92 on to ece763bc-0162-4f97-b188-3372c9cd7395.
[2025-03-30 01:16:01] [INFO] [SpeedQueue] Added unit user:Iipiv into queue
[2025-03-30 01:16:01] [INFO] [Component] Setting 9f817f1b-4fa1-4250-b822-b41b43f42e78 on to d6a3a21a-00e3-4068-8c52-b008ade37e5c.
[2025-03-30 01:16:01] [INFO] [SpeedQueue] Added unit user:Mexa into queue
[2025-03-30 01:16:01] [INFO] [Component] Setting 1dc32b58-9051-4bbe-84c0-f6b9df657304 on to c60da8e0-2bb1-4903-837e-aa55756be0cd.
[2025-03-30 01:16:01] [INFO] [SpeedQueue] Added unit user:Piwli into queue
[2025-03-30 01:16:01] [INFO] [EngineController] Started setting scene to MENU_SCENE
[2025-03-30 01:16:01] [INFO] [EngineController] Finished setting scene to MENU_SCENE
[2025-03-30 01:16:01] [INFO] [EngineController] Started setting scene to MAP_EDITOR_SCENE
[2025-03-30 01:16:01] [INFO] [FontPool] Started initializing FontPool
[2025-03-30 01:16:01] [INFO] [FontPool] ✅ Successfully loaded font: Lilian
[2025-03-30 01:16:01] [INFO] [MapEditorScene] Starting to create new GameController!
[2025-03-30 01:16:01] [INFO] [MapEditorScene] Successfully created new GameController!
[2025-03-30 01:16:01] [INFO] [EngineController] Finished setting scene to MAP_EDITOR_SCENE
[2025-03-30 01:16:01] [INFO] [EngineController] Started setting scene to GAME_SCENE
[2025-03-30 01:16:01] [INFO] [EngineController] Finished setting scene to GAME_SCENE
[2025-03-30 01:16:02] [INFO] [SpeedQueue] Speed queue updated.
[2025-03-30 01:16:02] [INFO] [VisualsSystem] Started creating blurred background
[2025-03-30 01:16:02] [INFO] [TimeLinePanel] Started updating the timeline panel after turn order has changed.
[2025-03-30 01:16:02] [INFO] [TimeLinePanel] Finished updating the timeline panel after turn order has changed.
[2025-03-30 01:16:02] [INFO] [SelectedTilePanel] Checksum updated, getting units at selected tiles.
[2025-03-30 01:16:02] [INFO] [SelectedTilePanel] Either no unit selected or more than one unit selected
[2025-03-30 01:16:02] [INFO] [LesserStatisticsInformationPanel] Checksum has been updated, querying statistics for unit b9199ad4-0c02-49bc-ba73-3ea0698b0f92
[2025-03-30 01:16:02] [INFO] [VisualsSystem] Finished creating blurred background after 0.49433639645576477 seconds
[2025-03-30 01:16:03] [INFO] [SelectedTilePanel] Checksum updated, getting units at selected tiles.
[2025-03-30 01:16:03] [INFO] [SelectedTilePanel] Either no unit selected or more than one unit selected
[2025-03-30 01:16:04] [INFO] [SelectedTilePanel] Checksum updated, getting units at selected tiles.
[2025-03-30 01:16:04] [INFO] [SelectedTilePanel] Either no unit selected or more than one unit selected
[2025-03-30 01:16:04] [INFO] [SelectedTilePanel] Checksum updated, getting units at selected tiles.
[2025-03-30 01:16:04] [INFO] [SelectedTilePanel] Either no unit selected or more than one unit selected
[2025-03-30 01:16:06] [INFO] [InputHandler] Gliding secondary.camera camera to new tile ece763bc-0162-4f97-b188-3372c9cd7395
[2025-03-30 01:16:06] [INFO] [InputHandler] Gliding main.camera camera to new tile ece763bc-0162-4f97-b188-3372c9cd7395
[2025-03-30 01:16:06] [INFO] [SelectedTilePanel] Checksum updated, getting units at selected tiles.
[2025-03-30 01:16:06] [INFO] [SelectedTilePanel] Updated selected tile display to view Iipiv
[2025-03-30 01:16:06] [INFO] [LesserStatisticsInformationPanel] Finished updating Greater UI
[2025-03-30 01:16:13] [INFO] [MovementSystem] Iipiv is planning to move from [4, 1] to [7, 5]
[2025-03-30 01:16:13] [INFO] [MovementSystem] Updated movement area for Iipiv
[2025-03-30 01:16:13] [INFO] [MovementSystem] Updated movement path for Iipiv
[2025-03-30 01:16:13] [INFO] [MovementSystem] Iipiv is planning to move from [4, 1] to [7, 4]
[2025-03-30 01:16:13] [INFO] [MovementSystem] Updated movement path for Iipiv
[2025-03-30 01:16:13] [INFO] [MovementSystem] Iipiv is planning to move from [4, 1] to [6, 4]
[2025-03-30 01:16:13] [INFO] [MovementSystem] Updated movement path for Iipiv
[2025-03-30 01:16:13] [INFO] [MovementSystem] Iipiv is planning to move from [4, 1] to [5, 4]
[2025-03-30 01:16:13] [INFO] [MovementSystem] Updated movement path for Iipiv
[2025-03-30 01:16:13] [INFO] [MovementSystem] Iipiv is planning to move from [4, 1] to [5, 3]
[2025-03-30 01:16:13] [INFO] [MovementSystem] Updated movement path for Iipiv
[2025-03-30 01:16:14] [INFO] [MovementSystem] Iipiv is planning to move from [4, 1] to [4, 3]
[2025-03-30 01:16:14] [INFO] [MovementSystem] Updated movement path for Iipiv
[2025-03-30 01:16:14] [INFO] [Component] Setting b9199ad4-0c02-49bc-ba73-3ea0698b0f92 on to f6f37c37-372c-4576-aec8-9e3c87635880.
[2025-03-30 01:16:14] [INFO] [MovementSystem] Moved from [4, 1] to [4, 3]
[2025-03-30 01:16:14] [INFO] [SelectedTilePanel] Checksum updated, getting units at selected tiles.
[2025-03-30 01:16:14] [INFO] [SelectedTilePanel] Updated selected tile display to view Iipiv
[2025-03-30 01:16:14] [INFO] [LesserStatisticsInformationPanel] Finished updating Greater UI
[2025-03-30 01:16:20] [INFO] [SelectedTilePanel] Checksum updated, getting units at selected tiles.
[2025-03-30 01:16:20] [INFO] [SelectedTilePanel] Either no unit selected or more than one unit selected
[2025-03-30 01:16:22] [INFO] [SelectedTilePanel] Checksum updated, getting units at selected tiles.
[2025-03-30 01:16:22] [INFO] [SelectedTilePanel] Either no unit selected or more than one unit selected
[2025-03-30 01:16:23] [INFO] [SelectedTilePanel] Checksum updated, getting units at selected tiles.
[2025-03-30 01:16:23] [INFO] [SelectedTilePanel] Either no unit selected or more than one unit selected
[2025-03-30 01:16:24] [INFO] [SelectedTilePanel] Checksum updated, getting units at selected tiles.
[2025-03-30 01:16:24] [INFO] [SelectedTilePanel] Either no unit selected or more than one unit selected
