[2025-03-23 00:26:46] [INFO] [AssetPool] Started initializing AssetPool
[2025-03-23 00:26:46] [INFO] [AssetNameSpace] Started loading Sprite's from ./res/graphics
[2025-03-23 00:26:46] [INFO] [AssetNameSpace] Finished reading files for sprites
[2025-03-23 00:26:46] [INFO] [AssetNameSpace] Finished loading ./res/graphics
[2025-03-23 00:26:46] [INFO] [AssetPool] Finished initializing AssetPool
[2025-03-23 00:26:46] [INFO] [FontPoolV1] Started initializing FontPoolV1
[2025-03-23 00:26:46] [INFO] [FontPoolV1] Finished initializing FontPoolV1
[2025-03-23 00:26:46] [INFO] [UnitDatabase] Started initializing UnitDatabase
[2025-03-23 00:26:46] [INFO] [UnitDatabase] Successfully initialized UnitDatabase
[2025-03-23 00:26:46] [INFO] [UnitDatabase] Finished initializing UnitDatabase
[2025-03-23 00:26:46] [INFO] [JsonDatabase] Started initializing JsonDatabase
[2025-03-23 00:26:46] [INFO] [JsonTable] Started initializing JsonTable
[2025-03-23 00:26:46] [INFO] [JsonTable] Successfully initialized JsonTable
[2025-03-23 00:26:46] [INFO] [JsonTable] Finished initializing JsonTable
[2025-03-23 00:26:46] [INFO] [JsonTable] Started initializing JsonTable
[2025-03-23 00:26:46] [INFO] [JsonTable] Successfully initialized JsonTable
[2025-03-23 00:26:46] [INFO] [JsonTable] Finished initializing JsonTable
[2025-03-23 00:26:46] [INFO] [JsonTable] Started initializing JsonTable
[2025-03-23 00:26:46] [INFO] [JsonTable] Successfully initialized JsonTable
[2025-03-23 00:26:46] [INFO] [JsonTable] Finished initializing JsonTable
[2025-03-23 00:26:46] [INFO] [JsonDatabase] Successfully initialized JsonDatabase
[2025-03-23 00:26:46] [INFO] [JsonDatabase] Finished initializing JsonDatabase
[2025-03-23 00:26:46] [INFO] [Component] Setting 73c73758-faa2-482d-94b6-5d1da0081d19 on to c46b6363-1027-430c-880d-abc9c388fd49.
[2025-03-23 00:26:46] [INFO] [SpeedQueue] Added unit enemy:Vusuer into queue
[2025-03-23 00:26:46] [INFO] [Component] Setting b31e7e78-8a1d-480d-bbd9-2d1f5ccf70ea on to 454237f3-df51-4782-a705-a7723299c1a7.
[2025-03-23 00:26:46] [INFO] [SpeedQueue] Added unit enemy:Xyaaxa into queue
[2025-03-23 00:26:46] [INFO] [Component] Setting e7338634-8ad4-46a7-9d92-ae8eed232bc5 on to ddb64d31-6303-43f3-b58e-6fc31cac0df2.
[2025-03-23 00:26:46] [INFO] [SpeedQueue] Added unit user:Uepfih into queue
[2025-03-23 00:26:46] [INFO] [Component] Setting f22d449c-3cc0-4d43-a8a9-4bddfd50b29c on to 561bb164-4fe3-48e5-bede-6590a49baa1e.
[2025-03-23 00:26:46] [INFO] [SpeedQueue] Added unit user:Duoo into queue
[2025-03-23 00:26:46] [INFO] [Component] Setting d3f4c27a-7a51-40cc-8cbe-2e11f6c3d608 on to f0082a96-c1a8-44ca-9549-5ed1d78b9a96.
[2025-03-23 00:26:46] [INFO] [SpeedQueue] Added unit user:Sawiem into queue
[2025-03-23 00:26:46] [INFO] [EngineController] Started setting scene to MAP_EDITOR_SCENE
[2025-03-23 00:26:47] [INFO] [FontPool] Started initializing FontPool
[2025-03-23 00:26:47] [INFO] [FontPool] ✅ Successfully loaded font: Lilian
[2025-03-23 00:26:47] [INFO] [VisualsSystem] Started creating blurred background
[2025-03-23 00:26:47] [INFO] [TimeLineP