[2025-03-23 00:06:58] [INFO] [AssetPool] Started initializing AssetPool
[2025-03-23 00:06:58] [INFO] [AssetNameSpace] Started loading Sprite's from ./res/graphics
[2025-03-23 00:06:58] [INFO] [AssetNameSpace] Finished reading files for sprites
[2025-03-23 00:06:58] [INFO] [AssetNameSpace] Finished loading ./res/graphics
[2025-03-23 00:06:58] [INFO] [AssetPool] Finished initializing AssetPool
[2025-03-23 00:06:58] [INFO] [FontPoolV1] Started initializing FontPoolV1
[2025-03-23 00:06:58] [INFO] [FontPoolV1] Finished initializing FontPoolV1
[2025-03-23 00:06:58] [INFO] [UnitDatabase] Started initializing UnitDatabase
[2025-03-23 00:06:58] [INFO] [UnitDatabase] Successfully initialized UnitDatabase
[2025-03-23 00:06:58] [INFO] [UnitDatabase] Finished initializing UnitDatabase
[2025-03-23 00:06:58] [INFO] [JsonDatabase] Started initializing JsonDatabase
[2025-03-23 00:06:58] [INFO] [JsonTable] Started initializing JsonTable
[2025-03-23 00:06:58] [INFO] [JsonTable] Successfully initialized JsonTable
[2025-03-23 00:06:58] [INFO] [JsonTable] Finished initializing JsonTable
[2025-03-23 00:06:58] [INFO] [JsonTable] Started initializing JsonTable
[2025-03-23 00:06:58] [INFO] [JsonTable] Successfully initialized JsonTable
[2025-03-23 00:06:58] [INFO] [JsonTable] Finished initializing JsonTable
[2025-03-23 00:06:58] [INFO] [JsonTable] Started initializing JsonTable
[2025-03-23 00:06:58] [INFO] [JsonTable] Successfully initialized JsonTable
[2025-03-23 00:06:58] [INFO] [JsonTable] Finished initializing JsonTable
[2025-03-23 00:06:58] [INFO] [JsonDatabase] Successfully initialized JsonDatabase
[2025-03-23 00:06:58] [INFO] [JsonDatabase] Finished initializing JsonDatabase
[2025-03-23 00:06:58] [INFO] [Component] Setting 400a9cca-fc87-44fe-b508-c854f5186124 on to de5bbfd4-61aa-40cd-82f7-e2f62105e1a4.
[2025-03-23 00:06:58] [INFO] [SpeedQueue] Added unit enemy:Zooxa into queue
[2025-03-23 00:06:58] [INFO] [Component] Setting dc27ee34-a557-41af-adda-d12bcf9deeb8 on to 22d3aeaf-1710-4e7c-bd3f-0ed4fb9dbfb1.
[2025-03-23 00:06:58] [INFO] [SpeedQueue] Added unit enemy:Iezu into queue
[2025-03-23 00:06:58] [INFO] [Component] Setting efa5271c-a8ed-4adb-91d6-905b758c066d on to 9ee1f145-29dd-480d-8d04-e82760a02d7f.
[2025-03-23 00:06:58] [INFO] [SpeedQueue] Added unit enemy:Kovbhs into queue
[2025-03-23 00:06:58] [INFO] [Component] Setting eb4cbcdf-e10b-4661-90e7-a3ee1b17814a on to 9e99d8b8-536b-4618-b3d2-25796349e1ae.
[2025-03-23 00:06:58] [INFO] [SpeedQueue] Added unit user:Litat into queue
[2025-03-23 00:06:58] [INFO] [Component] Setting 89baf2e5-597a-4e56-941f-402a56a70093 on to 788306f6-b66d-4343-8477-6c845ed51edf.
[2025-03-23 00:06:58] [INFO] [SpeedQueue] Added unit user:Qenpey into queue
[2025-03-23 00:06:58] [INFO] [Component] Setting e398813e-13e1-4c05-9d12-09cccc0dcb31 on to d7d4279e-db0f-41bc-b097-bb57a49e517f.
[2025-03-23 00:06:58] [INFO] [SpeedQueue] Added unit user:Uunoji into queue
[2025-03-23 00:06:58] [INFO] [Component] Setting 10d31e5f-2e50-46d7-81f0-292c7ac5bea5 on to d61bb042-c790-4e17-b3a5-0a98a0e123d5.
[2025-03-23 00:06:58] [INFO] [SpeedQueue] Added unit user:Vyvnoi into queue
[2025-03-23 00:06:58] [INFO] [EngineController] Started setting scene to GAME_SCENE
[2025-03-23 00:06:58] [INFO] [FontPool] Started initializing FontPool
[2025-03-23 00:06:58] [INFO] [FontPool] ✅ Successfully loaded font: Lilian
[2025-03-23 00:06:59] [INFO] [EngineController] Finished setting scene to GAME_SCENE
[2025-03-23 00:06:59] [INFO] [SpeedQueue] Speed queue updated.
[2025-03-23 00:06:59] [INFO] [VisualsSystem] Started creating blurred background
[2025-03-23 00:06:59] [INFO] [TimeLinePanel] Started updating the timeline panel after turn order has changed.
[2025-03-23 00:06:59] [INFO] [TimeLinePanel] Finished updating the timeline panel after turn order has changed.
[2025-03-23 00:06:59] [INFO] [SelectedTilePanel] Checksum updated, getting units at selected tiles.
[2025-03-23 00:06:59] [INFO] [SelectedTilePanel] Either no unit selected or more than one unit selected
[2025-03-23 00:06:59] [INFO] [LesserStatisticsInformationPanel] Checksum has been updated, querying statistics for unit 400a9cca-fc87-44fe-b508-c854f5186124
[2025-03-23 00:07:00] [INFO] [VisualsSystem] Finished creating blurred background after 0.5050790905952454 seconds
[2025-03-23 00:07:00] [INFO] [SelectedTilePanel] Checksum updated, getting units at selected tiles.
[2025-03-23 00:07:00] [INFO] [SelectedTilePanel] Either no unit selected or more than one unit selected
[2025-03-23 00:07:00] [INFO] [AbilityDatabase] Started initializing AbilityDatabase
[2025-03-23 00:07:00] [INFO] [AbilityDatabase] Successfully initialized AbilityDatabase
[2025-03-23 00:07:00] [INFO] [AbilityDatabase] Finished initializing AbilityDatabase
[2025-03-23 00:07:02] [INFO] [MovementSystem] Zooxa is planning to move from [2, 6] to [2, 8]
[2025-03-23 00:07:02] [INFO] [MovementSystem] Updated movement area for Zooxa
[2025-03-23 00:07:02] [INFO] [MovementSystem] Updated movement path for Zooxa
[2025-03-23 00:07:02] [INFO] [Component] Setting 400a9cca-fc87-44fe-b508-c854f5186124 on to b776b655-e242-460c-b9f2-859e11ac408e.
[2025-03-23 00:07:02] [INFO] [MovementSystem] Moved from [2, 6] to [2, 8]
[2025-03-23 00:07:03] [INFO] [SelectedTilePanel] Checksum updated, getting units at selected tiles.
[2025-03-23 00:07:03] [INFO] [SelectedTilePanel] Either no unit selected or more than one unit selected
[2025-03-23 00:07:04] [INFO] [SelectedTilePanel] Checksum updated, getting units at selected tiles.
[2025-03-23 00:07:04] [INFO] [SelectedTilePanel] Either no unit selected or more than one unit selected
[2025-03-23 00:07:04] [INFO] [TimeLinePanel] Started updating the timeline panel after turn order has changed.
[2025-03-23 00:07:04] [INFO] [TimeLinePanel] Finished updating the timeline panel after turn order has changed.
[2025-03-23 00:07:06] [INFO] [SelectedTilePanel] Checksum updated, getting units at selected tiles.
[2025-03-23 00:07:06] [INFO] [SelectedTilePanel] Either no unit selected or more than one unit selected
[2025-03-23 00:07:07] [INFO] [SelectedTilePanel] Checksum updated, getting units at selected tiles.
[2025-03-23 00:07:07] [INFO] [SelectedTilePanel] Either no unit selected or more than one unit selected
[2025-03-23 00:07:08] [INFO] [InputHandler] Gliding secondary.camera camera to new tile d61bb042-c790-4e17-b3a5-0a98a0e123d5
[2025-03-23 00:07:08] [INFO] [InputHandler] Gliding main.camera camera to new tile d61bb042-c790-4e17-b3a5-0a98a0e123d5
[2025-03-23 00:07:08] [INFO] [SelectedTilePanel] Checksum updated, getting units at selected tiles.
[2025-03-23 00:07:08] [INFO] [SelectedTilePanel] Updated selected tile display to view Vyvnoi
[2025-03-23 00:07:08] [INFO] [LesserStatisticsInformationPanel] Finished updating Greater UI
[2025-03-23 00:07:10] [INFO] [InputHandler] Gliding secondary.camera camera to new tile 9ee1f145-29dd-480d-8d04-e82760a02d7f
[2025-03-23 00:07:10] [INFO] [InputHandler] Gliding main.camera camera to new tile 9ee1f145-29dd-480d-8d04-e82760a02d7f
[2025-03-23 00:07:10] [INFO] [SelectedTilePanel] Checksum updated, getting units at selected tiles.
[2025-03-23 00:07:10] [INFO] [SelectedTilePanel] Updated selected tile display to view Kovbhs
[2025-03-23 00:07:10] [INFO] [LesserStatisticsInformationPanel] Finished updating Greater UI
[2025-03-23 00:07:11] [INFO] [InputHandler] Gliding secondary.camera camera to new tile 22d3aeaf-1710-4e7c-bd3f-0ed4fb9dbfb1
[2025-03-23 00:07:11] [INFO] [InputHandler] Gliding main.camera camera to new tile 22d3aeaf-1710-4e7c-bd3f-0ed4fb9dbfb1
[2025-03-23 00:07:11] [INFO] [SelectedTilePanel] Checksum updated, getting units at selected tiles.
[2025-03-23 00:07:11] [INFO] [SelectedTilePanel] Updated selected tile display to view Iezu
[2025-03-23 00:07:11] [INFO] [LesserStatisticsInformationPanel] Finished updating Greater UI
[2025-03-23 00:07:13] [INFO] [MovementSystem] Vyvnoi is planning to move from [8, 6] to null
[2025-03-23 00:07:13] [INFO] [MovementSystem] Updated movement area for Vyvnoi
[2025-03-23 00:07:13] [INFO] [MovementSystem] Updated movement path for Vyvnoi
[2025-03-23 00:07:13] [INFO] [MovementSystem] Vyvnoi is planning to move from [8, 6] to [6, 9]
[2025-03-23 00:07:13] [INFO] [MovementSystem] Updated movement path for Vyvnoi
[2025-03-23 00:07:14] [INFO] [MovementSystem] Vyvnoi is planning to move from [8, 6] to [6, 8]
[2025-03-23 00:07:14] [INFO] [MovementSystem] Updated movement path for Vyvnoi
[2025-03-23 00:07:14] [INFO] [MovementSystem] Vyvnoi is planning to move from [8, 6] to [7, 8]
[2025-03-23 00:07:14] [INFO] [MovementSystem] Updated movement path for Vyvnoi
[2025-03-23 00:07:14] [INFO] [MovementSystem] Vyvnoi is planning to move from [8, 6] to [8, 8]
[2025-03-23 00:07:14] [INFO] [MovementSystem] Updated movement path for Vyvnoi
[2025-03-23 00:07:14] [INFO] [MovementSystem] Vyvnoi is planning to move from [8, 6] to [8, 7]
[2025-03-23 00:07:14] [INFO] [MovementSystem] Updated movement path for Vyvnoi
[2025-03-23 00:07:15] [INFO] [MovementSystem] Vyvnoi is planning to move from [8, 6] to [8, 8]
[2025-03-23 00:07:15] [INFO] [MovementSystem] Updated movement path for Vyvnoi
[2025-03-23 00:07:15] [INFO] [MovementSystem] Vyvnoi is planning to move from [8, 6] to [9, 8]
[2025-03-23 00:07:15] [INFO] [MovementSystem] Updated movement path for Vyvnoi
[2025-03-23 00:07:16] [INFO] [MovementSystem] Vyvnoi is planning to move from [8, 6] to [9, 7]
[2025-03-23 00:07:16] [INFO] [MovementSystem] Updated movement path for Vyvnoi
[2025-03-23 00:07:16] [INFO] [MovementSystem] Vyvnoi is planning to move from [8, 6] to [9, 8]
[2025-03-23 00:07:16] [INFO] [MovementSystem] Updated movement path for Vyvnoi
[2025-03-23 00:07:17] [INFO] [MovementSystem] Vyvnoi is planning to move from [8, 6] to [9, 7]
[2025-03-23 00:07:17] [INFO] [MovementSystem] Updated movement path for Vyvnoi
[2025-03-23 00:07:17] [INFO] [MovementSystem] Vyvnoi is planning to move from [8, 6] to [8, 8]
[2025-03-23 00:07:17] [INFO] [MovementSystem] Updated movement path for Vyvnoi
[2025-03-23 00:07:18] [INFO] [MovementSystem] Vyvnoi is planning to move from [8, 6] to [8, 9]
[2025-03-23 00:07:18] [INFO] [MovementSystem] Updated movement path for Vyvnoi
[2025-03-23 00:07:18] [INFO] [MovementSystem] Vyvnoi is planning to move from [8, 6] to [9, 9]
[2025-03-23 00:07:18] [INFO] [MovementSystem] Updated movement path for Vyvnoi
[2025-03-23 00:07:18] [INFO] [SelectedTilePanel] Checksum updated, getting units at selected tiles.
[2025-03-23 00:07:18] [INFO] [SelectedTilePanel] Either no unit selected or more than one unit selected
[2025-03-23 00:07:19] [INFO] [MovementSystem] Vyvnoi is planning to move from [8, 6] to [9, 8]
[2025-03-23 00:07:19] [INFO] [MovementSystem] Updated movement path for Vyvnoi
[2025-03-23 00:07:19] [INFO] [MovementSystem] Vyvnoi is planning to move from [8, 6] to [8, 7]
[2025-03-23 00:07:19] [INFO] [MovementSystem] Updated movement path for Vyvnoi
[2025-03-23 00:07:20] [INFO] [MovementSystem] Vyvnoi is planning to move from [8, 6] to [8, 6]
[2025-03-23 00:07:20] [INFO] [MovementSystem] Updated movement path for Vyvnoi
[2025-03-23 00:07:20] [INFO] [MovementSystem] Vyvnoi is planning to move from [8, 6] to [7, 6]
[2025-03-23 00:07:20] [INFO] [MovementSystem] Updated movement path for Vyvnoi
[2025-03-23 00:07:20] [INFO] [MovementSystem] Vyvnoi is planning to move from [8, 6] to [7, 5]
[2025-03-23 00:07:20] [INFO] [MovementSystem] Updated movement path for Vyvnoi
[2025-03-23 00:07:20] [INFO] [MovementSystem] Vyvnoi is planning to move from [8, 6] to [6, 5]
[2025-03-23 00:07:20] [INFO] [MovementSystem] Updated movement path for Vyvnoi
[2025-03-23 00:07:20] [INFO] [MovementSystem] Vyvnoi is planning to move from [8, 6] to [6, 6]
[2025-03-23 00:07:20] [INFO] [MovementSystem] Updated movement path for Vyvnoi
[2025-03-23 00:07:20] [INFO] [Component] Setting 10d31e5f-2e50-46d7-81f0-292c7ac5bea5 on to e587a4b8-a1ec-45ad-9793-53f267cfa348.
[2025-03-23 00:07:20] [INFO] [MovementSystem] Moved from [8, 6] to [6, 6]
[2025-03-23 00:07:20] [INFO] [SelectedTilePanel] Checksum updated, getting units at selected tiles.
[2025-03-23 00:07:20] [INFO] [SelectedTilePanel] Updated selected tile display to view Vyvnoi
[2025-03-23 00:07:20] [INFO] [LesserStatisticsInformationPanel] Finished updating Greater UI
[2025-03-23 00:07:22] [INFO] [InputHandler] Gliding secondary.camera camera to new tile e587a4b8-a1ec-45ad-9793-53f267cfa348
[2025-03-23 00:07:22] [INFO] [InputHandler] Gliding main.camera camera to new tile e587a4b8-a1ec-45ad-9793-53f267cfa348
[2025-03-23 00:07:24] [INFO] [AbilitySelectionPanel] Selecting energy_beam
[2025-03-23 00:07:24] [INFO] [AbilitySystem] Vyvnoi is planning to use energy_beam on [8, 8]
[2025-03-23 00:07:24] [INFO] [AbilitySystem] Updated area of sight for Vyvnoi, viewing 12 tiles
[2025-03-23 00:07:24] [INFO] [AbilitySystem] Updated line of sight for Vyvnoi, viewing 5 tiles
[2025-03-23 00:07:24] [INFO] [AbilitySystem] Updated area of effect for Vyvnoi viewing 1 tiles
[2025-03-23 00:07:24] [INFO] [AbilitySystem] Vyvnoi is planning to use energy_beam on [8, 7]
[2025-03-23 00:07:24] [INFO] [AbilitySystem] Updated line of sight for Vyvnoi, viewing 4 tiles
[2025-03-23 00:07:24] [INFO] [AbilitySystem] Updated area of effect for Vyvnoi viewing 1 tiles
[2025-03-23 00:07:25] [INFO] [AbilitySystem] Vyvnoi is planning to use energy_beam on [8, 6]
[2025-03-23 00:07:25] [INFO] [AbilitySystem] Updated line of sight for Vyvnoi, viewing 3 tiles
[2025-03-23 00:07:25] [INFO] [AbilitySystem] Updated area of effect for Vyvnoi viewing 1 tiles
[2025-03-23 00:07:25] [INFO] [AbilitySystem] Vyvnoi is planning to use energy_beam on [7, 6]
[2025-03-23 00:07:25] [INFO] [AbilitySystem] Updated line of sight for Vyvnoi, viewing 2 tiles
[2025-03-23 00:07:25] [INFO] [AbilitySystem] Updated area of effect for Vyvnoi viewing 1 tiles
[2025-03-23 00:07:25] [INFO] [AbilitySystem] Vyvnoi is planning to use energy_beam on [7, 5]
[2025-03-23 00:07:25] [INFO] [AbilitySystem] Updated line of sight for Vyvnoi, viewing 3 tiles
[2025-03-23 00:07:25] [INFO] [AbilitySystem] Updated area of effect for Vyvnoi viewing 1 tiles
[2025-03-23 00:07:25] [INFO] [AbilitySystem] Vyvnoi is planning to use energy_beam on [7, 4]
[2025-03-23 00:07:25] [INFO] [AbilitySystem] Updated line of sight for Vyvnoi, viewing 4 tiles
[2025-03-23 00:07:25] [INFO] [AbilitySystem] Updated area of effect for Vyvnoi viewing 1 tiles
[2025-03-23 00:07:25] [INFO] [AbilitySystem] Vyvnoi is planning to use energy_beam on [6, 4]
[2025-03-23 00:07:25] [INFO] [AbilitySystem] Updated line of sight for Vyvnoi, viewing 3 tiles
[2025-03-23 00:07:25] [INFO] [AbilitySystem] Updated area of effect for Vyvnoi viewing 1 tiles
[2025-03-23 00:07:25] [INFO] [AbilitySystem] Used from energy_beam on [6, 4]
[2025-03-23 00:07:27] [INFO] [TimeLinePanel] Started updating the timeline panel after turn order has changed.
[2025-03-23 00:07:27] [INFO] [TimeLinePanel] Finished updating the timeline panel after turn order has changed.
[2025-03-23 00:07:29] [INFO] [MovementSystem] Iezu is planning to move from [7, 9] to [7, 9]
[2025-03-23 00:07:29] [INFO] [MovementSystem] Updated movement area for Iezu
[2025-03-23 00:07:29] [INFO] [MovementSystem] Updated movement path for Iezu
