[2025-03-22 09:48:36] [INFO] [AssetPool] Started initializing AssetPool
[2025-03-22 09:48:36] [INFO] [SpriteSheetOG] Started loading Sprite's from ./res/graphics
[2025-03-22 09:48:36] [INFO] [SpriteSheetOG] Finished reading files for sprites
[2025-03-22 09:48:36] [INFO] [Sprite] Finished loading ./res/graphics/misc/blue_reticle.png
[2025-03-22 09:48:36] [INFO] [Sprite] Finished loading ./res/graphics/misc/pink_spawn.png
[2025-03-22 09:48:36] [INFO] [Sprite] Finished loading ./res/graphics/misc/reticle.png
[2025-03-22 09:48:36] [INFO] [Sprite] Finished loading ./res/graphics/misc/yellow_spawn.png
[2025-03-22 09:48:36] [INFO] [Sprite] Finished loading ./res/graphics/misc/blue_spawn.png
[2025-03-22 09:48:36] [INFO] [Sprite] Finished loading ./res/graphics/misc/red_reticle.png
[2025-03-22 09:48:36] [INFO] [Sprite] Finished loading ./res/graphics/misc/depth_shadows.png
[2025-03-22 09:48:36] [INFO] [Sprite] Finished loading ./res/graphics/misc/yellow_reticle.png
[2025-03-22 09:48:36] [INFO] [Sprite] Finished loading ./res/graphics/misc/red_spawn.png
[2025-03-22 09:48:36] [INFO] [Sprite] Finished loading ./res/graphics/misc/directional_shadows.png
[2025-03-22 09:48:36] [INFO] [Sprite] Finished loading ./res/graphics/shadows/northwest.png
[2025-03-22 09:48:36] [INFO] [Sprite] Finished loading ./res/graphics/shadows/west.png
[2025-03-22 09:48:36] [INFO] [Sprite] Finished loading ./res/graphics/shadows/north.png
[2025-03-22 09:48:36] [INFO] [Sprite] Finished loading ./res/graphics/shadows/east.png
[2025-03-22 09:48:36] [INFO] [Sprite] Finished loading ./res/graphics/shadows/northeast.png
[2025-03-22 09:48:36] [INFO] [Sprite] Finished loading ./res/graphics/shadows/south.png
[2025-03-22 09:48:36] [INFO] [Sprite] Finished loading ./res/graphics/shadows/southwest.png
[2025-03-22 09:48:36] [INFO] [Sprite] Finished loading ./res/graphics/shadows/southeast.png
[2025-03-22 09:48:36] [INFO] [Sprite] Finished loading ./res/graphics/structures/tree3_structure.png
[2025-03-22 09:48:36] [INFO] [Sprite] Finished loading ./res/graphics/structures/tree4_structure.png
[2025-03-22 09:48:36] [INFO] [Sprite] Finished loading ./res/graphics/structures/tree1_structure.png
[2025-03-22 09:48:36] [INFO] [Sprite] Finished loading ./res/graphics/structures/tree5_structure.png
[2025-03-22 09:48:36] [INFO] [Sprite] Finished loading ./res/graphics/structures/tree2_structure.png
[2025-03-22 09:48:36] [INFO] [Sprite] Finished loading ./res/graphics/structures/tree6_structure.png
[2025-03-22 09:48:36] [INFO] [Sprite] Finished loading ./res/graphics/wall_tiles/rock_wall2.png
[2025-03-22 09:48:36] [INFO] [Sprite] Finished loading ./res/graphics/wall_tiles/sandstone_wall.png
[2025-03-22 09:48:36] [INFO] [Sprite] Finished loading ./res/graphics/wall_tiles/elden_yellow_wall.png
[2025-03-22 09:48:36] [INFO] [Sprite] Finished loading ./res/graphics/wall_tiles/vine_on_wall.png
[2025-03-22 09:48:36] [INFO] [Sprite] Finished loading ./res/graphics/wall_tiles/boulder_wall.png
[2025-03-22 09:48:36] [INFO] [Sprite] Finished loading ./res/graphics/wall_tiles/white_marble_wall.png
[2025-03-22 09:48:36] [INFO] [Sprite] Finished loading ./res/graphics/wall_tiles/elden_green_wall.png
[2025-03-22 09:48:36] [INFO] [Sprite] Finished loading ./res/graphics/wall_tiles/brown_marble_wall.png
[2025-03-22 09:48:36] [INFO] [Sprite] Finished loading ./res/graphics/wall_tiles/small_brick_wall.png
[2025-03-22 09:48:36] [INFO] [Sprite] Finished loading ./res/graphics/wall_tiles/moss_wall.png
[2025-03-22 09:48:36] [INFO] [Sprite] Finished loading ./res/graphics/wall_tiles/dirt_brick_vine_wall.png
[2025-03-22 09:48:36] [INFO] [Sprite] Finished loading ./res/graphics/wall_tiles/elden_purple_wall.png
[2025-03-22 09:48:36] [INFO] [Sprite] Finished loading ./res/graphics/wall_tiles/large_brick_wall.png
[2025-03-22 09:48:36] [INFO] [Sprite] Finished loading ./res/graphics/wall_tiles/dirt_wall.png
[2025-03-22 09:48:36] [INFO] [Sprite] Finished loading ./res/graphics/wall_tiles/alien_wall.png
[2025-03-22 09:48:36] [INFO] [Sprite] Finished loading ./res/graphics/wall_tiles/industrial_brick_wall.png
[2025-03-22 09:48:36] [INFO] [Sprite] Finished loading ./res/graphics/wall_tiles/rock_wall.png
[2025-03-22 09:48:36] [INFO] [Sprite] Finished loading ./res/graphics/wall_tiles/dirt_wall2.png
[2025-03-22 09:48:36] [INFO] [Sprite] Finished loading ./res/graphics/wall_tiles/moss_wall2.png
[2025-03-22 09:48:36] [INFO] [Sprite] Finished loading ./res/graphics/wall_tiles/moss_wall3.png
[2025-03-22 09:48:36] [INFO] [Sprite] Finished loading ./res/graphics/wall_tiles/no_wall.png
[2025-03-22 09:48:36] [INFO] [Sprite] Finished loading ./res/graphics/wall_tiles/alien_rune_wall.png
[2025-03-22 09:48:36] [INFO] [Sprite] Finished loading ./res/graphics/wall_tiles/industrial_wall.png
[2025-03-22 09:48:36] [INFO] [Sprite] Finished loading ./res/graphics/wall_tiles/small_brick_wall2.png
[2025-03-22 09:48:36] [INFO] [Sprite] Finished loading ./res/graphics/old/liquids 2.png
[2025-03-22 09:48:36] [INFO] [Sprite] Finished loading ./res/graphics/old/gems.png
[2025-03-22 09:48:36] [INFO] [Sprite] Finished loading ./res/graphics/old/floors.png
[2025-03-22 09:48:36] [INFO] [Sprite] Finished loading ./res/graphics/old/terrains.png
[2025-03-22 09:48:36] [INFO] [Sprite] Finished loading ./res/graphics/old/gemsRaw.png
[2025-03-22 09:48:36] [INFO] [Sprite] Finished loading ./res/graphics/old/walls.png
[2025-03-22 09:48:36] [INFO] [Sprite] Finished loading ./res/graphics/old/special2.png
[2025-03-22 09:48:36] [INFO] [Sprite] Finished loading ./res/graphics/old/structures.png
[2025-03-22 09:48:36] [INFO] [Sprite] Finished loading ./res/graphics/old/special.png
[2025-03-22 09:48:36] [INFO] [Sprite] Finished loading ./res/graphics/old/liquids.png
[2025-03-22 09:48:36] [INFO] [Sprite] Finished loading ./res/graphics/old/units.png
[2025-03-22 09:48:36] [INFO] [Sprite] Finished loading ./res/graphics/old/terrains2.png
[2025-03-22 09:48:36] [INFO] [Sprite] Finished loading ./res/graphics/old/floors2.png
[2025-03-22 09:48:36] [INFO] [Sprite] Finished loading ./res/graphics/floor_tiles/sand_1_floor.png
[2025-03-22 09:48:36] [INFO] [Sprite] Finished loading ./res/graphics/floor_tiles/sand_dark_floor.png
[2025-03-22 09:48:36] [INFO] [Sprite] Finished loading ./res/graphics/floor_tiles/dirty_grass_1_floor.png
[2025-03-22 09:48:36] [INFO] [Sprite] Finished loading ./res/graphics/floor_tiles/white_sand_floor.png
[2025-03-22 09:48:36] [INFO] [Sprite] Finished loading ./res/graphics/floor_tiles/white_sands_2.png
[2025-03-22 09:48:36] [INFO] [Sprite] Finished loading ./res/graphics/floor_tiles/dirty_grass_2_floor.png
[2025-03-22 09:48:36] [INFO] [Sprite] Finished loading ./res/graphics/floor_tiles/sand_3_floor.png
[2025-03-22 09:48:36] [INFO] [Sprite] Finished loading ./res/graphics/floor_tiles/obsidian_floor.png
[2025-03-22 09:48:36] [INFO] [Sprite] Finished loading ./res/graphics/floor_tiles/base_floor.png
[2025-03-22 09:48:36] [INFO] [Sprite] Finished loading ./res/graphics/floor_tiles/sand_floor.png
[2025-03-22 09:48:36] [INFO] [Sprite] Finished loading ./res/graphics/floor_tiles/dirty_grass_3_floor.png
[2025-03-22 09:48:36] [INFO] [Sprite] Finished loading ./res/graphics/floor_tiles/sand_2_floor.png
[2025-03-22 09:48:36] [INFO] [Sprite] Finished loading ./res/graphics/units/Air_Dragon.png
[2025-03-22 09:48:36] [INFO] [Sprite] Finished loading ./res/graphics/units/Dragon.png
[2025-03-22 09:48:36] [INFO] [Sprite] Finished loading ./res/graphics/units/Dark_Dragon.png
[2025-03-22 09:48:36] [INFO] [Sprite] Finished loading ./res/graphics/units/Earth_Dragon.png
[2025-03-22 09:48:36] [INFO] [Sprite] Finished loading ./res/graphics/units/Light_Dragon.png
[2025-03-22 09:48:36] [INFO] [Sprite] Finished loading ./res/graphics/units/Water_Dragon.png
[2025-03-22 09:48:36] [INFO] [Sprite] Finished loading ./res/graphics/units/Fire_Dragon.png
[2025-03-22 09:48:36] [INFO] [Sprite] Finished loading ./res/graphics/actions/StatsDown.png
[2025-03-22 09:48:36] [INFO] [Sprite] Finished loading ./res/graphics/actions/PhysicalHit4.png
[2025-03-22 09:48:36] [INFO] [Sprite] Finished loading ./res/graphics/actions/Slash.png
[2025-03-22 09:48:36] [INFO] [Sprite] Finished loading ./res/graphics/actions/Air.png
[2025-03-22 09:48:36] [INFO] [Sprite] Finished loading ./res/graphics/actions/Dark.png
[2025-03-22 09:48:36] [INFO] [Sprite] Finished loading ./res/graphics/actions/Blunt.png
[2025-03-22 09:48:36] [INFO] [Sprite] Finished loading ./res/graphics/actions/Fire.png
[2025-03-22 09:48:36] [INFO] [Sprite] Finished loading ./res/graphics/actions/Earth.png
[2025-03-22 09:48:36] [INFO] [Sprite] Finished loading ./res/graphics/actions/Light.png
[2025-03-22 09:48:36] [INFO] [Sprite] Finished loading ./res/graphics/actions/StatsUp.png
[2025-03-22 09:48:36] [INFO] [Sprite] Finished loading ./res/graphics/actions/Water.png
[2025-03-22 09:48:36] [INFO] [Sprite] Finished loading ./res/graphics/actions/Pierce.png
[2025-03-22 09:48:36] [INFO] [Sprite] Finished loading ./res/graphics/spells/LightSpell.png
[2025-03-22 09:48:36] [INFO] [Sprite] Finished loading ./res/graphics/spells/StatsDown.png
[2025-03-22 09:48:36] [INFO] [Sprite] Finished loading ./res/graphics/spells/WindSpell.png
[2025-03-22 09:48:36] [INFO] [Sprite] Finished loading ./res/graphics/spells/WaterSpell.png
[2025-03-22 09:48:36] [INFO] [Sprite] Finished loading ./res/graphics/spells/PhysicalHit4.png
[2025-03-22 09:48:36] [INFO] [Sprite] Finished loading ./res/graphics/spells/PhysicalHit1.png
[2025-03-22 09:48:36] [INFO] [Sprite] Finished loading ./res/graphics/spells/LightningSpell.png
[2025-03-22 09:48:36] [INFO] [Sprite] Finished loading ./res/graphics/spells/PhysicalHit3.png
[2025-03-22 09:48:36] [INFO] [Sprite] Finished loading ./res/graphics/spells/PhysicalHit2.png
[2025-03-22 09:48:36] [INFO] [Sprite] Finished loading ./res/graphics/spells/FireSpell.png
[2025-03-22 09:48:36] [INFO] [Sprite] Finished loading ./res/graphics/spells/DarkSpell.png
[2025-03-22 09:48:36] [INFO] [Sprite] Finished loading ./res/graphics/spells/StatsUp.png
[2025-03-22 09:48:36] [INFO] [Sprite] Finished loading ./res/graphics/spells/EarthSpell.png
[2025-03-22 09:48:36] [INFO] [Sprite] Finished loading ./res/graphics/liquids/greater_leafage_liquid.png
[2025-03-22 09:48:36] [INFO] [Sprite] Finished loading ./res/graphics/liquids/waterV4_liquid.png
[2025-03-22 09:48:36] [INFO] [Sprite] Finished loading ./res/graphics/liquids/shallow_swamp.png
[2025-03-22 09:48:36] [INFO] [Sprite] Finished loading ./res/graphics/liquids/water5.png
[2025-03-22 09:48:36] [INFO] [Sprite] Finished loading ./res/graphics/liquids/swamp_2.png
[2025-03-22 09:48:36] [INFO] [Sprite] Finished loading ./res/graphics/liquids/Lava_liquid.png
[2025-03-22 09:48:36] [INFO] [Sprite] Finished loading ./res/graphics/liquids/swamp2.png
[2025-03-22 09:48:36] [INFO] [Sprite] Finished loading ./res/graphics/liquids/waterV33_liquid.png
[2025-03-22 09:48:36] [INFO] [Sprite] Finished loading ./res/graphics/liquids/shallow_water_liquid.png
[2025-03-22 09:48:36] [INFO] [Sprite] Finished loading ./res/graphics/liquids/water_liquid.png
[2025-03-22 09:48:36] [INFO] [Sprite] Finished loading ./res/graphics/liquids/waterV2_liquid.png
[2025-03-22 09:48:36] [INFO] [Sprite] Finished loading ./res/graphics/liquids/swamp2_liquid.png
[2025-03-22 09:48:36] [INFO] [SpriteSheetOG] Finished loading ./res/graphics
[2025-03-22 09:48:36] [INFO] [AssetPool] Finished initializing AssetPool
[2025-03-22 09:48:36] [INFO] [FontPoolV1] Started initializing FontPoolV1
[2025-03-22 09:48:36] [INFO] [FontPoolV1] Finished initializing FontPoolV1
[2025-03-22 09:48:37] [INFO] [UnitDatabase] Started initializing UnitDatabase
[2025-03-22 09:48:37] [INFO] [UnitDatabase] Successfully initialized UnitDatabase
[2025-03-22 09:48:37] [INFO] [UnitDatabase] Finished initializing UnitDatabase
[2025-03-22 09:48:37] [INFO] [JsonDatabase] Started initializing JsonDatabase
[2025-03-22 09:48:37] [INFO] [JsonTable] Started initializing JsonTable
[2025-03-22 09:48:37] [INFO] [JsonTable] Successfully initialized JsonTable
[2025-03-22 09:48:37] [INFO] [JsonTable] Finished initializing JsonTable
[2025-03-22 09:48:37] [INFO] [JsonTable] Started initializing JsonTable
[2025-03-22 09:48:37] [INFO] [JsonTable] Successfully initialized JsonTable
[2025-03-22 09:48:37] [INFO] [JsonTable] Finished initializing JsonTable
[2025-03-22 09:48:37] [INFO] [JsonTable] Started initializing JsonTable
[2025-03-22 09:48:37] [INFO] [JsonTable] Successfully initialized JsonTable
[2025-03-22 09:48:37] [INFO] [JsonTable] Finished initializing JsonTable
[2025-03-22 09:48:37] [INFO] [JsonDatabase] Successfully initialized JsonDatabase
[2025-03-22 09:48:37] [INFO] [JsonDatabase] Finished initializing JsonDatabase
[2025-03-22 09:48:37] [INFO] [Component] Setting f4339977-687c-45e5-ba5b-e9741f374300 on to da0d48c8-0996-4960-b675-06c7cba6730d.
[2025-03-22 09:48:37] [INFO] [SpeedQueue] Added unit enemy:Ietyou into queue
[2025-03-22 09:48:37] [INFO] [Component] Setting d54ed1b2-71a6-4012-b9cf-f03183834066 on to 02cfbdeb-75f8-4fdc-9457-80cfc46c17d0.
[2025-03-22 09:48:37] [INFO] [SpeedQueue] Added unit enemy:Sivyu into queue
[2025-03-22 09:48:37] [INFO] [Component] Setting 4aa9140b-6c9e-441a-b43c-41531db8e909 on to caf67276-7e14-4aa6-99fe-5ef8282e985a.
[2025-03-22 09:48:37] [INFO] [SpeedQueue] Added unit enemy:Maty into queue
[2025-03-22 09:48:37] [INFO] [Component] Setting f19a0945-81e7-460f-94f5-266b401641ea on to 81328182-f065-4f76-8b14-e3776b4356e8.
[2025-03-22 09:48:37] [INFO] [SpeedQueue] Added unit enemy:Giceu into queue
[2025-03-22 09:48:37] [INFO] [Component] Setting 2491a016-180e-4877-92a7-d90c5b58074e on to a8a260f6-5439-499a-91de-38ba5b5da203.
[2025-03-22 09:48:37] [INFO] [SpeedQueue] Added unit user:Qajocu into queue
[2025-03-22 09:48:37] [INFO] [Component] Setting 9295bb39-e26c-4dcb-a05c-1b3cd6618b5b on to 11af8b56-c09f-4ec7-8151-e03a53ff85ce.
[2025-03-22 09:48:37] [INFO] [SpeedQueue] Added unit user:Xuwoar into queue
[2025-03-22 09:48:37] [INFO] [Component] Setting c09ff15b-4c32-4b3d-985b-df176fa11b13 on to a5fcd034-2c64-4a7a-a530-b741a05561bd.
[2025-03-22 09:48:37] [INFO] [SpeedQueue] Added unit user:Ceaai into queue
[2025-03-22 09:48:37] [INFO] [FontPool] Started initializing FontPool
[2025-03-22 09:48:37] [INFO] [FontPool] ✅ Successfully loaded font: Lilian
[2025-03-22 09:48:37] [INFO] [SpeedQueue] Speed queue updated.
[2025-03-22 09:48:37] [INFO] [VisualsSystem] Started creating blurred background
[2025-03-22 09:48:37] [INFO] [TimeLinePanel] Started updating the timeline panel after turn order has changed.
[2025-03-22 09:48:37] [INFO] [TimeLinePanel] Finished updating the timeline panel after turn order has changed.
[2025-03-22 09:48:37] [INFO] [SelectedTilePanel] Checksum updated, getting units at selected tiles.
[2025-03-22 09:48:37] [INFO] [SelectedTilePanel] Either no unit selected or more than one unit selected
[2025-03-22 09:48:37] [INFO] [LesserStatisticsInformationPanel] Checksum has been updated, querying statistics for unit d54ed1b2-71a6-4012-b9cf-f03183834066
[2025-03-22 09:48:38] [INFO] [VisualsSystem] Finished creating blurred background after 0.5044355392456055 seconds
[2025-03-22 09:48:39] [INFO] [MovementSystem] Sivyu is planning to move from [0, 9] to [2, 9]
[2025-03-22 09:48:39] [INFO] [MovementSystem] Updated movement area for Sivyu
[2025-03-22 09:48:39] [INFO] [MovementSystem] Updated movement path for Sivyu
[2025-03-22 09:48:39] [INFO] [Component] Setting d54ed1b2-71a6-4012-b9cf-f03183834066 on to 078c2a6f-a89b-4f68-9b96-f75c238a1316.
[2025-03-22 09:48:39] [INFO] [MovementSystem] Moved from [0, 9] to [2, 9]
[2025-03-22 09:48:41] [INFO] [AbilityDatabase] Started initializing AbilityDatabase
[2025-03-22 09:48:41] [INFO] [AbilityDatabase] Successfully initialized AbilityDatabase
[2025-03-22 09:48:41] [INFO] [AbilityDatabase] Finished initializing AbilityDatabase
