[2025-06-02 03:56:57] [INFO] [AssetPool] Started initializing AssetPool
[2025-06-02 03:56:57] [INFO] [AssetNameSpace] Started loading Sprite's from ./res/graphics
[2025-06-02 03:56:57] [INFO] [AssetNameSpace] Finished reading files for sprites
[2025-06-02 03:56:58] [INFO] [AssetNameSpace] Finished loading ./res/graphics
[2025-06-02 03:56:58] [INFO] [AssetPool] Finished initializing AssetPool
[2025-06-02 03:56:58] [INFO] [FontPool] Started initializing FontPool
[2025-06-02 03:56:58] [INFO] [FontPool] ✅ Successfully loaded font: Lilian
[2025-06-02 03:56:58] [INFO] [TimeLinePanel] Started updating the timeline panel after turn order has changed.
[2025-06-02 03:56:58] [INFO] [TimeLinePanel] Finished updating the timeline panel after turn order has changed.
[2025-06-02 03:56:58] [INFO] [SelectedTilePanel] Checksum updated, getting units at selected tiles.
[2025-06-02 03:56:58] [INFO] [SelectedTilePanel] Either no unit selected or more than one unit selected
[2025-06-02 03:56:58] [INFO] [VisualsSystem] Started creating blurred background
[2025-06-02 03:56:59] [INFO] [VisualsSystem] Finished creating blurred background after 0.32958510518074036 seconds
[2025-06-02 03:57:00] [INFO] [UnitTable] Started initializing UnitTable
[2025-06-02 03:57:00] [INFO] [EmeritusDatabase] Started initializing EmeritusDatabase
[2025-06-02 03:57:00] [INFO] [EmeritusDatabase] Finished initializing EmeritusDatabase
[2025-06-02 03:57:00] [INFO] [UnitTable] Successfully initialized UnitTable
[2025-06-02 03:57:00] [INFO] [UnitTable] Finished initializing UnitTable
[2025-06-02 03:57:00] [INFO] [Component] Setting UNIT_fire_dragon___NICKNAME_Nupfg___78dafda4-5302-4287-a600-4b605dc4f8a8 on to {"row":4,"column":4,"base_elevation":0,"unit":"UNIT_fire_dragon___NICKNAME_Nupfg___78dafda4-5302-4287-a600-4b605dc4f8a8","layers":{"empty":false},"total_elevation":10}.
[2025-06-02 03:57:00] [INFO] [SpeedQueue] Added unit UNIT_fire_dragon___NICKNAME_Nupfg___78dafda4-5302-4287-a600-4b605dc4f8a8 into queue
[2025-06-02 03:57:00] [INFO] [Component] Setting UNIT_air_dragon___NICKNAME_Pytq___cab16d54-00f3-459a-aa0a-301485f67f38 on to {"row":4,"column":5,"base_elevation":0,"unit":"UNIT_air_dragon___NICKNAME_Pytq___cab16d54-00f3-459a-aa0a-301485f67f38","layers":{"empty":false},"total_elevation":10}.
[2025-06-02 03:57:00] [INFO] [SpeedQueue] Added unit UNIT_air_dragon___NICKNAME_Pytq___cab16d54-00f3-459a-aa0a-301485f67f38 into queue
[2025-06-02 03:57:00] [INFO] [AbilityTable] Started initializing AbilityTable
[2025-06-02 03:57:00] [INFO] [AbilityTable] Finished initializing AbilityTable
[2025-06-02 03:57:00] [INFO] [GameModel] Updated area of sight for Nupfg, viewing 5 tiles
[2025-06-02 03:57:00] [INFO] [GameModel] Updated line of sight for Nupfg, viewing 2 tiles
[2025-06-02 03:57:00] [INFO] [GameModel] Updated area of sight for Nupfg, viewing 1 tiles
[2025-06-02 03:57:00] [INFO] [GameModel] Started gathering cost requirements for test_slash
[2025-06-02 03:57:00] [INFO] [GameModel] Finished gathering cost requirements for test_slash
[2025-06-02 03:57:00] [INFO] [GameMode