[2025-04-01 23:42:50] [INFO] [UserSaveStateManager] Started loading user save data
[2025-04-01 23:42:50] [INFO] [UserSaveStateManager] Finished loading user save data
[2025-04-01 23:42:50] [INFO] [JsonDatabase] Started initializing JsonDatabase
[2025-04-01 23:42:50] [INFO] [JsonTable] Started initializing JsonTable
[2025-04-01 23:42:50] [INFO] [JsonTable] Successfully initialized JsonTable
[2025-04-01 23:42:50] [INFO] [JsonTable] Finished initializing JsonTable
[2025-04-01 23:42:50] [INFO] [JsonTable] Started initializing JsonTable
[2025-04-01 23:42:50] [INFO] [JsonTable] Successfully initialized JsonTable
[2025-04-01 23:42:50] [INFO] [JsonTable] Finished initializing JsonTable
[2025-04-01 23:42:50] [INFO] [JsonTable] Started initializing JsonTable
[2025-04-01 23:42:50] [INFO] [JsonTable] Successfully initialized JsonTable
[2025-04-01 23:42:50] [INFO] [JsonTable] Finished initializing JsonTable
[2025-04-01 23:42:50] [INFO] [JsonDatabase] Successfully initialized JsonDatabase
[2025-04-01 23:42:50] [INFO] [JsonDatabase] Finished initializing JsonDatabase
[2025-04-01 23:42:50] [INFO] [AssetPool] Started initializing AssetPool
[2025-04-01 23:42:50] [INFO] [AssetNameSpace] Started loading Sprite's from ./res/graphics
[2025-04-01 23:42:50] [INFO] [AssetNameSpace] Finished reading files for sprites
[2025-04-01 23:42:50] [INFO] [AssetNameSpace] Finished loading ./res/graphics
[2025-04-01 23:42:50] [INFO] [AssetPool] Finished initializing AssetPool
[2025-04-01 23:42:50] [INFO] [UnitDatabase] Started initializing UnitDatabase
[2025-04-01 23:42:50] [INFO] [UnitDatabase] Successfully initialized UnitDatabase
[2025-04-01 23:42:50] [INFO] [UnitDatabase] Finished initializing UnitDatabase
[2025-04-01 23:42:50] [INFO] [Component] Setting 72baca69-b234-431c-bba4-4d07472b96ac on to 93d6ab55-aadc-4bc5-87e3-deaa76ef6de6.
[2025-04-01 23:42:50] [INFO] [SpeedQueue] Added unit enemy:Jole into queue
[2025-04-01 23:42:50] [INFO] [Component] Setting 389401f4-076b-4d2f-a2fd-73893ba840b4 on to 8eada898-9771-4680-b66d-f2622e59e60e.
[2025-04-01 23:42:50] [INFO] [SpeedQueue] Added unit enemy:Iycr into queue
[2025-04-01 23:42:50] [INFO] [Component] Setting d1b4bef7-e840-459c-b3bf-b80ac04b75d4 on to 651a544e-6122-4f21-8f3c-9a24fff1458d.
[2025-04-01 23:42:50] [INFO] [SpeedQueue] Added unit enemy:Liwztk into queue
[2025-04-01 23:42:50] [INFO] [Component] Setting af693d6b-528e-4afb-bbfd-5dc1820c16a4 on to 45185ec8-4ddc-4ad1-9338-60c94de5544b.
[2025-04-01 23:42:50] [INFO] [SpeedQueue] Added unit user:Fovu into queue
[2025-04-01 23:42:50] [INFO] [Component] Setting fd18dbc1-140a-4479-8c79-b6b5b0333235 on to fc549625-2e58-434f-9231-678be781ac53.
[2025-04-01 23:42:50] [INFO] [SpeedQueue] Added unit user:Zuaozf into queue
[2025-04-01 23:42:50] [INFO] [Component] Setting a0544036-f513-4a46-af4b-9d7248e7a5f9 on to d9f8c215-b098-4fc8-a0e0-791c0af61882.
[2025-04-01 23:42:50] [INFO] [SpeedQueue] Added unit user:Tomva into queue
[2025-04-01 23:42:50] [INFO] [EngineController] Started setting scene to MENU_SCENE
[2025-04-01 23:42:51] [INFO] [EngineController] Finished setting scene to MENU_SCENE
[2025-04-01 23:42:51] [INFO] [EngineController] Started setting scene to GAME_SCENE
[2025-04-01 23:42:51] [INFO] [FontPool] Started initializing FontPool
[2025-04-01 23:42:51] [INFO] [FontPool] ✅ Successfully loaded font: Lilian
[2025-04-01 23:42:51] [INFO] [EngineController] Finished setting scene to GAME_SCENE
[2025-04-01 23:42:51] [INFO] [SpeedQueue] Speed queue updated.
[2025-04-01 23:42:51] [INFO] [VisualsSystem] Started creating blurred background
[2025-04-01 23:42:51] [INFO] [TimeLinePanel] Started updating the timeline panel after turn order has changed.
[2025-04-01 23:42:51] [INFO] [TimeLinePanel] Finished updating the timeline panel after turn order has changed.
[2025-04-01 23:42:51] [INFO] [SelectedTilePanel] Checksum updated, getting units at selected tiles.
[2025-04-01 23:42:51] [INFO] [SelectedTilePanel] Either no unit selected or more than one unit selected
[2025-04-01 23:42:51] [INFO] [LesserStatisticsInformationPanel] Checksum has been updated, querying statistics for unit d1b4bef7-e840-459c-b3bf-b80ac04b75d4
[2025-04-01 23:42:52] [INFO] [VisualsSystem] Finished creating blurred background after 0.49664705991744995 seconds
[2025-04-01 23:42:52] [INFO] [MovementSystem] Liwztk is planning to move from [4, 0] to [4, 1]
[2025-04-01 23:42:52] [INFO] [MovementSystem] Updated movement area for Liwztk
[2025-04-01 23:42:52] [INFO] [MovementSystem] Updated movement path for Liwztk
[2025-04-01 23:42:52] [INFO] [Component] Setting d1b4bef7-e840-459c-b3bf-b80ac04b75d4 on to 587fbd0a-fbb9-479d-b5c9-2b760daf3e6a.
[2025-04-01 23:42:52] [INFO] [MovementSystem] Moved from [4, 0] to [4, 1]
[2025-04-01 23:42:54] [INFO] [AbilityDatabase] Started initializing AbilityDatabase
[2025-04-01 23:42:54] [INFO] [AbilityDatabase] Successfully initialized AbilityDatabase
[2025-04-01 23:42:54] [INFO] [AbilityDatabase] Finished initializing AbilityDatabase
[2025-04-01 23:42:56] [INFO] [TimeLinePanel] Started updating the timeline panel after turn order has changed.
[2025-04-01 23:42:56] [INFO] [TimeLinePanel] Finished updating the timeline panel after turn order has changed.
