[2025-04-17 20:23:53] [INFO] [UnitTable] Started initializing UnitTable
[2025-04-17 20:23:53] [INFO] [EmeritusDatabase] Started initializing EmeritusDatabase
[2025-04-17 20:23:53] [INFO] [EmeritusDatabase] Finished initializing EmeritusDatabase
[2025-04-17 20:23:53] [INFO] [UnitTable] Successfully initialized UnitTable
[2025-04-17 20:23:53] [INFO] [UnitTable] Finished initializing UnitTable
[2025-04-17 20:23:53] [INFO] [AbilityTable] Started initializing AbilityTable
[2025-04-17 20:23:53] [INFO] [AbilityTable] Finished initializing AbilityTable
[2025-04-17 20:23:53] [INFO] [UserSaveStateManager] Started loading user save data
[2025-04-17 20:23:53] [INFO] [UserSaveStateManager] Finished loading user save data
[2025-04-17 20:23:53] [INFO] [AssetPool] Started initializing AssetPool
[2025-04-17 20:23:53] [INFO] [AssetNameSpace] Started loading Sprite's from ./res/graphics
[2025-04-17 20:23:53] [INFO] [AssetNameSpace] Finished reading files for sprites
[2025-04-17 20:23:54] [INFO] [AssetNameSpace] Finished loading ./res/graphics
[2025-04-17 20:23:54] [INFO] [AssetPool] Finished initializing AssetPool
[2025-04-17 20:23:54] [INFO] [Component] Setting dragon_Xeuphu_56702cbd-e269-40a4-90b3-f31b761f36af on to {"spawn_region":[],"collider":"","unit":"dragon_Xeuphu_56702cbd-e269-40a4-90b3-f31b761f36af","column":7,"row":1,"structure":"","height":0}.
[2025-04-17 20:23:54] [INFO] [SpeedQueue] Added unit enemy:Xeuphu into queue
[2025-04-17 20:23:54] [INFO] [Component] Setting fire_dragon_Euva_52587843-b9be-44fe-952a-950ea198ad94 on to {"spawn_region":[],"collider":"","unit":"fire_dragon_Euva_52587843-b9be-44fe-952a-950ea198ad94","column":2,"row":0,"structure":"","height":0}.
[2025-04-17 20:23:54] [INFO] [SpeedQueue] Added unit enemy:Euva into queue
[2025-04-17 20:23:54] [INFO] [Component] Setting dark_dragon_Nadyi_fdd76495-d2fc-4ffe-b956-646836a275a5 on to {"spawn_region":[],"collider":"","unit":"dark_dragon_Nadyi_fdd76495-d2fc-4ffe-b956-646836a275a5","column":5,"row":2,"structure":"","height":0}.
[2025-04-17 20:23:54] [INFO] [SpeedQueue] Added unit enemy:Nadyi into queue
[2025-04-17 20:23:54] [INFO] [Component] Setting fire_dragon_Dyhuix_90ef99df-c301-4adf-b240-6ee38b6933fe on to {"spawn_region":[],"collider":"","unit":"fire_dragon_Dyhuix_90ef99df-c301-4adf-b240-6ee38b6933fe","column":5,"row":7,"structure":"","height":0}.
[2025-04-17 20:23:54] [INFO] [SpeedQueue] Added unit enemy:Dyhuix into queue
[2025-04-17 20:23:54] [INFO] [Component] Setting earth_dragon_Kuaa_f5d44422-91cf-4e78-b2c9-6de6a3195b40 on to {"spawn_region":[],"collider":"","unit":"earth_dragon_Kuaa_f5d44422-91cf-4e78-b2c9-6de6a3195b40","column":3,"row":3,"structure":"","height":0}.
[2025-04-17 20:23:54] [INFO] [SpeedQueue] Added unit enemy:Kuaa into queue
[2025-04-17 20:23:54] [INFO] [Component] Setting dark_dragon_Zizizh_6287e71f-7457-456f-aae3-60dae1921e55 on to {"spawn_region":[],"collider":"","unit":"dark_dragon_Zizizh_6287e71f-7457-456f-aae3-60dae1921e55","column":5,"row":3,"structure":"","height":0}.
[2025-04-17 20:23:54] [INFO] [SpeedQueue] Added unit user:Ziz