[2025-06-03 00:55:19] [INFO] [AssetPool] Started initializing AssetPool
[2025-06-03 00:55:19] [INFO] [AssetNameSpace] Started loading Sprite's from ./res/graphics
[2025-06-03 00:55:19] [INFO] [AssetNameSpace] Finished reading files for sprites
[2025-06-03 00:55:19] [INFO] [AssetNameSpace] Finished loading ./res/graphics
[2025-06-03 00:55:19] [INFO] [AssetPool] Finished initializing AssetPool
[2025-06-03 00:55:19] [INFO] [FontPool] Started initializing FontPool
[2025-06-03 00:55:19] [INFO] [FontPool] ✅ Successfully loaded font: Lilian
[2025-06-03 00:55:19] [INFO] [UnitTable] Started initializing UnitTable
[2025-06-03 00:55:19] [INFO] [EmeritusDatabase] Started initializing EmeritusDatabase
[2025-06-03 00:55:19] [INFO] [EmeritusDatabase] Finished initializing EmeritusDatabase
[2025-06-03 00:55:19] [INFO] [UnitTable] Successfully initialized UnitTable
[2025-06-03 00:55:19] [INFO] [UnitTable] Finished initializing UnitTable
[2025-06-03 00:55:19] [INFO] [Component] Setting UNIT_dragon___NICKNAME_Gyxhy___5aaa3afa-ed4b-4edc-a176-95dcb9f70d84 on to {"row":4,"column":4,"base_elevation":0,"unit":"UNIT_dragon___NICKNAME_Gyxhy___5aaa3afa-ed4b-4edc-a176-95dcb9f70d84","layers":{"empty":false},"total_elevation":10}.
[2025-06-03 00:55:19] [INFO] [SpeedQueue] Added unit UNIT_dragon___NICKNAME_Gyxhy___5aaa3afa-ed4b-4edc-a176-95dcb9f70d84 into queue
[2025-06-03 00:55:19] [INFO] [Component] Setting UNIT_light_dragon___NICKNAME_Zuop___da1c44be-9565-4c34-8030-3e0e68245a19 on to {"row":4,"column":5,"base_elevation":0,"unit":"UNIT_light_dragon___NICKNAME_Zuop___da1c44be-9565-4c34-8030-3e0e68245a19","layers":{"empty":false},"total_elevation":10}.
[2025-06-03 00:55:19] [INFO] [SpeedQueue] Added unit UNIT_light_dragon___NICKNAME_Zuop___da1c44be-9565-4c34-8030-3e0e68245a19 into queue
[2025-06-03 00:55:19] [INFO] [SpeedQueue] Speed queue updated.
[2025-06-03 00:55:19] [INFO] [AbilityTable] Started initializing AbilityTable
[2025-06-03 00:55:19] [INFO] [AbilityTable] Finished initializing AbilityTable
[2025-06-03 00:55:19] [INFO] [GameModel] Updated area of sight for Gyxhy, viewing 5 tiles
[2025-06-03 00:55:19] [INFO] [GameModel] Updated line of sight for Gyxhy, viewing 2 tiles
[2025-06-03 00:55:19] [INFO] [GameModel] Updated area of sight for Gyxhy, viewing 1 tiles
[2025-06-03 00:55:19] [INFO] [GameModel] Started gathering cost requirements for test_slash
[2025-06-03 00:55:19] [INFO] [GameModel] Finished gathering cost requirements for test_slash
[2025-06-03 00:55:19] [INFO] [GameModel] Finished checking cost requirements for test_slash
[2025-06-03 00:55:19] [INFO] [GameModel] Started paying cost requirements for test_slash
[2025-06-03 00:55:19] [INFO] [GameModel] Payed 25.0 out of 100 to use test_slash
[2025-06-03 00:55:19] [INFO] [GameModel] Payed 25.0 out of 100 to use test_slash
[2025-06-03 00:55:19] [INFO] [GameModel] Finished paying cost requirements for test_slash
[2025-06-03 00:55:19] [INFO] [AbilityPanel] Updating ability selection for UNIT_dragon___NICKNAME_Gyxhy___5aaa3afa-ed4b-4edc-a176-95dcb9f70d84
[2025-06-03 00:55:19] [INFO] [Ab