[2025-05-04 14:37:56] [INFO] [UnitTable] Started initializing UnitTable
[2025-05-04 14:37:56] [INFO] [EmeritusDatabase] Started initializing EmeritusDatabase
[2025-05-04 14:37:56] [INFO] [EmeritusDatabase] Finished initializing EmeritusDatabase
[2025-05-04 14:37:56] [INFO] [UnitTable] Successfully initialized UnitTable
[2025-05-04 14:37:56] [INFO] [UnitTable] Finished initializing UnitTable
[2025-05-04 14:37:56] [INFO] [AbilityTable] Started initializing AbilityTable
[2025-05-04 14:37:56] [INFO] [AbilityTable] Finished initializing AbilityTable
[2025-05-04 14:37:56] [INFO] [UserSaveStateManager] Started loading user save data
[2025-05-04 14:37:56] [INFO] [UserSaveStateManager] Finished loading user save data
[2025-05-04 14:37:57] [INFO] [AssetPool] Started initializing AssetPool
[2025-05-04 14:37:57] [INFO] [AssetNameSpace] Started loading Sprite's from ./res/graphics
[2025-05-04 14:37:57] [INFO] [AssetNameSpace] Finished reading files for sprites
[2025-05-04 14:37:57] [INFO] [AssetNameSpace] Finished loading ./res/graphics
[2025-05-04 14:37:57] [INFO] [AssetPool] Finished initializing AssetPool
[2025-05-04 14:37:57] [INFO] [Component] Setting light_dragon_Yayxe_aaf5a311-3c4d-4cd8-a9b8-8734fbb4e6d1 on to {"row":1,"column":0,"height":0,"spawn_region":"Left","collider":"","unit":"light_dragon_Yayxe_aaf5a311-3c4d-4cd8-a9b8-8734fbb4e6d1","structure":""}.
[2025-05-04 14:37:57] [INFO] [SpeedQueue] Added unit light_dragon_Yayxe_aaf5a311-3c4d-4cd8-a9b8-8734fbb4e6d1 into queue
[2025-05-04 14:37:57] [INFO] [Component] Setting earth_dragon_Voqaf_de420c9f-f110-4e47-8c38-5473671bb0be on to {"row":6,"column":0,"height":0,"spawn_region":"Left","collider":"","unit":"earth_dragon_Voqaf_de420c9f-f110-4e47-8c38-5473671bb0be","structure":""}.
[2025-05-04 14:37:57] [INFO] [SpeedQueue] Added unit earth_dragon_Voqaf_de420c9f-f110-4e47-8c38-5473671bb0be into queue
[2025-05-04 14:37:57] [INFO] [Component] Setting fire_dragon_Cuexa_18a4f3fb-d531-4bc2-a44d-3592cc4e5adf on to {"row":7,"column":0,"height":0,"spawn_region":"Left","collider":"","unit":"fire_dragon_Cuexa_18a4f3fb-d531-4bc2-a44d-3592cc4e5adf","structure":""}.
[2025-05-04 14:37:57] [INFO] [SpeedQueue] Added unit fire_dragon_Cuexa_18a4f3fb-d531-4bc2-a44d-3592cc4e5adf into queue
[2025-05-04 14:37:57] [INFO] [Component] Setting fire_dragon_Nahou_38cfc5bf-707c-4648-ba13-9a31a63dd9cc on to {"row":4,"column":1,"height":0,"spawn_region":"Left","collider":"","unit":"fire_dragon_Nahou_38cfc5bf-707c-4648-ba13-9a31a63dd9cc","structure":""}.
[2025-05-04 14:37:57] [INFO] [SpeedQueue] Added unit fire_dragon_Nahou_38cfc5bf-707c-4648-ba13-9a31a63dd9cc into queue
[2025-05-04 14:37:57] [INFO] [Component] Setting light_dragon_Caxio_ae2f696e-dda3-4ed7-a171-0660dceb85f6 on to {"row":7,"column":1,"height":0,"spawn_region":"Left","collider":"","unit":"light_dragon_Caxio_ae2f696e-dda3-4ed7-a171-0660dceb85f6","structure":""}.
[2025-05-04 14:37:57] [INFO] [SpeedQueue] Added unit light_dragon_Caxio_ae2f696e-dda3-4ed7-a171-0660dceb85f6 into queue
[2025-05-04 14:37:57] [INFO] [Component] Setting dark_dragon_Balwu_07a40f09-ad70-4221-9e4a-bb9d99281d8e on to {"row":7,"column":10,"height":0,"spawn_region":"Right","collider":"","unit":"dark_dragon_Balwu_07a40f09-ad70-4221-9e4a-bb9d99281d8e","structure":""}.
[2025-05-04 14:37:57] [INFO] [SpeedQueue] Added unit dark_dragon_Balwu_07a40f09-ad70-4221-9e4a-bb9d99281d8e into queue
[2025-05-04 14:37:57] [INFO] [Component] Setting dragon_Hyain_eae9a8e0-1f5e-444a-9df8-5e95c4d47a07 on to {"row":3,"column":11,"height":0,"spawn_region":"Right","collider":"","unit":"dragon_Hyain_eae9a8e0-1f5e-444a-9df8-5e95c4d47a07","structure":""}.
[2025-05-04 14:37:57] [INFO] [SpeedQueue] Added unit dragon_Hyain_eae9a8e0-1f5e-444a-9df8-5e95c4d47a07 into queue
[2025-05-04 14:37:57] [INFO] [Component] Setting water_dragon_Tieik_b39963d0-c315-4be6-96df-8cafa73a38f1 on to {"row":2,"column":11,"height":0,"spawn_region":"Right","collider":"","unit":"water_dragon_Tieik_b39963d0-c315-4be6-96df-8cafa73a38f1","structure":""}.
[2025-05-04 14:37:57] [INFO] [SpeedQueue] Added unit water_dragon_Tieik_b39963d0-c315-4be6-96df-8cafa73a38f1 into queue
[2025-05-04 14:37:57] [INFO] [Component] Setting dark_dragon_Nirxw_7e178ac7-9cad-47df-a134-c182a69d58cb on to {"row":3,"column":10,"height":0,"spawn_region":"Right","collider":"","unit":"dark_dragon_Nirxw_7e178ac7-9cad-47df-a134-c182a69d58cb","structure":""}.
[2025-05-04 14:37:57] [INFO] [SpeedQueue] Added unit dark_dragon_Nirxw_7e178ac7-9cad-47df-a134-c182a69d58cb into queue
[2025-05-04 14:37:57] [INFO] [Component] Setting dark_dragon_Hyhial_97540a4c-f4c7-42f9-96e0-c40991c1b89c on to {"row":5,"column":10,"height":0,"spawn_region":"Right","collider":"","unit":"dark_dragon_Hyhial_97540a4c-f4c7-42f9-96e0-c40991c1b89c","structure":""}.
[2025-05-04 14:37:57] [INFO] [SpeedQueue] Added unit dark_dragon_Hyhial_97540a4c-f4c7-42f9-96e0-c40991c1b89c into queue
[2025-05-04 14:37:57] [INFO] [EngineController] Started setting scene to MENU_SCENE
[2025-05-04 14:37:57] [INFO] [EngineController] Finished setting scene to MENU_SCENE
[2025-05-04 14:37:57] [INFO] [EngineController] Started setting scene to MAP_EDITOR_SCENE
[2025-05-04 14:37:57] [INFO] [FontPool] Started initializing FontPool
[2025-05-04 14:37:57] [INFO] [FontPool] ✅ Successfully loaded font: Lilian
[2025-05-04 14:37:57] [INFO] [MapEditorScene] Starting to create new GameController!
[2025-05-04 14:37:57] [INFO] [MapEditorScene] Successfully created new GameController!
[2025-05-04 14:37:57] [INFO] [EngineController] Finished setting scene to MAP_EDITOR_SCENE
[2025-05-04 14:37:57] [INFO] [EngineController] Started setting scene to GAME_SCENE
[2025-05-04 14:37:57] [INFO] [EngineController] Finished setting scene to GAME_SCENE
[2025-05-04 14:37:57] [INFO] [AbilitySystem] Started updating {} because of ability
[2025-05-04 14:37:57] [INFO] [AbilitySystem] Finished update updating {} because of ability
[2025-05-04 14:37:57] [INFO] [AbilitySystem] Started updating {} because of ability
[2025-05-04 14:37:57] [INFO] [AbilitySystem] Finished update updating {} because of ability
[2025-05-04 14:37:57] [INFO] [AbilitySystem] Started updating {} because of ability
[2025-05-04 14:37:57] [INFO] [AbilitySystem] Finished update updating {} because of ability
[2025-05-04 14:37:57] [INFO] [AbilitySystem] Started updating {} because of ability
[2025-05-04 14:37:57] [INFO] [AbilitySystem] Finished update updating {} because of ability
[2025-05-04 14:37:57] [INFO] [AbilitySystem] Started updating {} because of ability
[2025-05-04 14:37:57] [INFO] [AbilitySystem] Finished update updating {} because of ability
[2025-05-04 14:37:57] [INFO] [AbilitySystem] Started updating {} because of ability
[2025-05-04 14:37:57] [INFO] [AbilitySystem] Finished update updating {} because of ability
[2025-05-04 14:37:57] [INFO] [AbilitySystem] Started updating {} because of ability
[2025-05-04 14:37:57] [INFO] [AbilitySystem] Finished update updating {} because of ability
[2025-05-04 14:37:57] [INFO] [AbilitySystem] Started updating {} because of ability
[2025-05-04 14:37:57] [INFO] [AbilitySystem] Finished update updating {} because of ability
[2025-05-04 14:37:57] [INFO] [AbilitySystem] Started updating {} because of ability
[2025-05-04 14:37:57] [INFO] [AbilitySystem] Finished update updating {} because of ability
[2025-05-04 14:37:57] [INFO] [AbilitySystem] Started updating {} because of ability
[2025-05-04 14:37:57] [INFO] [AbilitySystem] Finished update updating {} because of ability
[2025-05-04 14:37:58] [INFO] [SpeedQueue] Speed queue updated.
[2025-05-04 14:37:58] [INFO] [AbilityPanel] Updating ability selection for fire_dragon_Cuexa_18a4f3fb-d531-4bc2-a44d-3592cc4e5adf
[2025-05-04 14:37:58] [INFO] [AbilityPanel] Finished ability selection for fire_dragon_Cuexa_18a4f3fb-d531-4bc2-a44d-3592cc4e5adf
[2025-05-04 14:37:58] [INFO] [MovementPanel] Started update to Movement Information panel.
[2025-05-04 14:37:58] [INFO] [MovementPanel] Finished update to Movement Information panel.
[2025-05-04 14:37:58] [INFO] [TimeLinePanel] Started updating the timeline panel after turn order has changed.
[2025-05-04 14:37:58] [INFO] [TimeLinePanel] Finished updating the timeline panel after turn order has changed.
[2025-05-04 14:37:58] [INFO] [SelectedTilePanel] Checksum updated, getting units at selected tiles.
[2025-05-04 14:37:58] [INFO] [SelectedTilePanel] Either no unit selected or more than one unit selected
[2025-05-04 14:37:58] [INFO] [VisualsSystem] Started creating blurred background
[2025-05-04 14:37:58] [INFO] [VisualsSystem] Finished creating blurred background after 0.4799274802207947 seconds
[2025-05-04 14:37:58] [INFO] [AbilitySystem] Started updating {} because of ability
[2025-05-04 14:37:58] [INFO] [AbilitySystem] Finished update updating {} because of ability
[2025-05-04 14:37:58] [INFO] [AbilitySystem] Started updating {} because of ability
[2025-05-04 14:37:58] [INFO] [AbilitySystem] Finished update updating {} because of ability
[2025-05-04 14:37:58] [INFO] [AbilitySystem] Started updating {} because of ability
[2025-05-04 14:37:58] [INFO] [AbilitySystem] Finished update updating {} because of ability
[2025-05-04 14:37:58] [INFO] [AbilitySystem] Started updating {} because of ability
[2025-05-04 14:37:58] [INFO] [AbilitySystem] Finished update updating {} because of ability
[2025-05-04 14:37:58] [INFO] [AbilitySystem] Started updating {} because of ability
[2025-05-04 14:37:58] [INFO] [AbilitySystem] Finished update updating {} because of ability
[2025-05-04 14:37:58] [INFO] [AbilitySystem] Started updating {} because of ability
[2025-05-04 14:37:58] [INFO] [AbilitySystem] Finished update updating {} because of ability
[2025-05-04 14:37:58] [INFO] [AbilitySystem] Started updating {} because of ability
[2025-05-04 14:37:58] [INFO] [AbilitySystem] Finished update updating {} because of ability
[2025-05-04 14:37:58] [INFO] [AbilitySystem] Started updating {} because of ability
[2025-05-04 14:37:58] [INFO] [AbilitySystem] Finished update updating {} because of ability
[2025-05-04 14:37:58] [INFO] [AbilitySystem] Started updating {} because of ability
[2025-05-04 14:37:58] [INFO] [AbilitySystem] Finished update updating {} because of ability
[2025-05-04 14:37:58] [INFO] [AbilityPanel] Updating ability selection for fire_dragon_Cuexa_18a4f3fb-d531-4bc2-a44d-3592cc4e5adf
[2025-05-04 14:37:58] [INFO] [AbilityPanel] Finished ability selection for fire_dragon_Cuexa_18a4f3fb-d531-4bc2-a44d-3592cc4e5adf
[2025-05-04 14:37:58] [INFO] [MovementPanel] Started update to Movement Information panel.
[2025-05-04 14:37:58] [INFO] [MovementPanel] Finished update to Movement Information panel.
[2025-05-04 14:37:58] [INFO] [AbilitySystem] Started updating {} because of ability
[2025-05-04 14:37:58] [INFO] [AbilitySystem] Finished update updating {} because of ability
[2025-05-04 14:37:58] [INFO] [AbilitySystem] Started updating {} because of ability
[2025-05-04 14:37:58] [INFO] [AbilitySystem] Finished update updating {} because of ability
[2025-05-04 14:37:58] [INFO] [AbilitySystem] Started updating {} because of ability
[2025-05-04 14:37:58] [INFO] [AbilitySystem] Finished update updating {} because of ability
[2025-05-04 14:37:58] [INFO] [AbilitySystem] Started updating {} because of ability
[2025-05-04 14:37:58] [INFO] [AbilitySystem] Finished update updating {} because of ability
[2025-05-04 14:37:58] [INFO] [AbilitySystem] Started updating {} because of ability
[2025-05-04 14:37:58] [INFO] [AbilitySystem] Finished update updating {} because of ability
[2025-05-04 14:37:58] [INFO] [AbilitySystem] Started updating {} because of ability
[2025-05-04 14:37:58] [INFO] [AbilitySystem] Finished update updating {} because of ability
[2025-05-04 14:37:58] [INFO] [AbilitySystem] Started updating {} because of ability
[2025-05-04 14:37:58] [INFO] [AbilitySystem] Finished update updating {} because of ability
[2025-05-04 14:37:58] [INFO] [AbilitySystem] Started updating {} because of ability
[2025-05-04 14:37:58] [INFO] [AbilitySystem] Finished update updating {} because of ability
[2025-05-04 14:37:58] [INFO] [AbilitySystem] Started updating {} because of ability
[2025-05-04 14:37:58] [INFO] [AbilitySystem] Finished update updating {} because of ability
[2025-05-04 14:37:59] [INFO] [InputHandler] Gliding 0 camera to new tile 7_0_71530fd8-e1f1-457a-87c4-5561558f04eb
[2025-05-04 14:37:59] [INFO] [InputHandler] Gliding 1 camera to new tile 7_0_71530fd8-e1f1-457a-87c4-5561558f04eb
[2025-05-04 14:37:59] [INFO] [StatisticsPanel] Started updating Statistics Information Panel for entity fire_dragon_Cuexa_18a4f3fb-d531-4bc2-a44d-3592cc4e5adf
[2025-05-04 14:37:59] [INFO] [StatisticsPanel] Finished updating Statistics Information Panel for entity fire_dragon_Cuexa_18a4f3fb-d531-4bc2-a44d-3592cc4e5adf
[2025-05-04 14:37:59] [INFO] [SelectedTilePanel] Checksum updated, getting units at selected tiles.
[2025-05-04 14:37:59] [INFO] [SelectedTilePanel] Updated selected tile display to view Cuexa
[2025-05-04 14:38:00] [INFO] [InputHandler] Gliding 0 camera to new tile 7_0_71530fd8-e1f1-457a-87c4-5561558f04eb
[2025-05-04 14:38:00] [INFO] [GreaterAbilityPanel] Started updating Greater Ability Information Panel
[2025-05-04 14:38:00] [INFO] [GreaterAbilityPanel] Finished updating Greater Ability Information Panel
[2025-05-04 14:38:01] [INFO] [AbilityPanel] Selecting fire_attack
[2025-05-04 14:38:01] [INFO] [AbilitySystem] Cuexa is planning to use fire_attack on null
[2025-05-04 14:38:01] [INFO] [AbilitySystem] Updated area of sight for Cuexa, viewing 3 tiles
[2025-05-04 14:38:01] [INFO] [AbilitySystem] Updated line of sight for Cuexa, viewing 0 tiles
[2025-05-04 14:38:01] [INFO] [AbilitySystem] Updated area of effect for Cuexa viewing 0 tiles
[2025-05-04 14:38:01] [INFO] [AbilityDamageReport] Started constructing damage mappings for Cuexa to use fire_attack
[2025-05-04 14:38:01] [INFO] [AbilityDamageReport] Finished constructing damage mappings for Cuexa to use fire_attack
[2025-05-04 14:38:01] [INFO] [GreaterAbilityPanel] Started updating Greater Ability Information Panel
[2025-05-04 14:38:01] [INFO] [CombatSystem] Started constructing damage mappings for Cuexa to use fire_attack
[2025-05-04 14:38:01] [INFO] [CombatSystem] Finished constructing damage mappings for Cuexa to use fire_attack
[2025-05-04 14:38:01] [INFO] [CombatSystem] Started constructing cost mappings for Cuexa to use fire_attack
[2025-05-04 14:38:01] [INFO] [CombatSystem] Finished constructing cost mappings for Cuexa to use fire_attack
[2025-05-04 14:38:01] [INFO] [GreaterAbilityPanel] Finished updating Greater Ability Information Panel
[2025-05-04 14:38:01] [INFO] [AbilitySystem] Cuexa is planning to use fire_attack on [7, 2]
[2025-05-04 14:38:01] [INFO] [AbilitySystem] Updated line of sight for Cuexa, viewing 2 tiles
[2025-05-04 14:38:01] [INFO] [AbilitySystem] Updated area of effect for Cuexa viewing 1 tiles
[2025-05-04 14:38:01] [INFO] [AbilityDamageReport] Started constructing damage mappings for Cuexa to use fire_attack
[2025-05-04 14:38:01] [INFO] [AbilityDamageReport] Finished constructing damage mappings for Cuexa to use fire_attack
[2025-05-04 14:38:01] [INFO] [GreaterAbilityPanel] Started updating Greater Ability Information Panel
[2025-05-04 14:38:01] [INFO] [CombatSystem] Started constructing damage mappings for Cuexa to use fire_attack
[2025-05-04 14:38:01] [INFO] [CombatSystem] Finished constructing damage mappings for Cuexa to use fire_attack
[2025-05-04 14:38:01] [INFO] [CombatSystem] Started constructing cost mappings for Cuexa to use fire_attack
[2025-05-04 14:38:01] [INFO] [CombatSystem] Finished constructing cost mappings for Cuexa to use fire_attack
[2025-05-04 14:38:01] [INFO] [GreaterAbilityPanel] Finished updating Greater Ability Information Panel
[2025-05-04 14:38:01] [INFO] [AbilitySystem] Cuexa is planning to use fire_attack on [7, 1]
[2025-05-04 14:38:01] [INFO] [AbilitySystem] Updated line of sight for Cuexa, viewing 2 tiles
[2025-05-04 14:38:01] [INFO] [AbilitySystem] Updated area of effect for Cuexa viewing 1 tiles
[2025-05-04 14:38:01] [INFO] [AbilityDamageReport] Started constructing damage mappings for Cuexa to use fire_attack
[2025-05-04 14:38:01] [INFO] [AbilityDamageReport] Finished constructing damage mappings for Cuexa to use fire_attack
[2025-05-04 14:38:01] [INFO] [AbilityDamageReport] Started constructing damage mappings for Cuexa to use fire_attack
[2025-05-04 14:38:01] [INFO] [AbilityDamageReport] Finished constructing damage mappings for Cuexa to use fire_attack
[2025-05-04 14:38:01] [INFO] [AbilityDamageReport] Started constructing damage mappings after defense Cuexa to use fire_attack
[2025-05-04 14:38:01] [INFO] [AbilityDamageReport] Started calculating damage after modifiers for Cuexa
[2025-05-04 14:38:01] [INFO] [AbilityDamageReport] 10.0 Raw damage before modifiers for fire_attack
[2025-05-04 14:38:01] [INFO] [AbilityDamageReport] Cuexa lands a Same-Type-Attack-Bonus with fire_attack, for 12.0
[2025-05-04 14:38:01] [INFO] [AbilityDamageReport] 22.0 damage after modifiers for fire_attack
[2025-05-04 14:38:01] [INFO] [AbilityDamageReport] Finished calculating damage after modifiers for Cuexa
[2025-05-04 14:38:01] [INFO] [AbilityDamageReport] Started calculating damage after defenses for Caxio
[2025-05-04 14:38:01] [INFO] [AbilityDamageReport] 22.0 Raw damage after defenses for fire_attack
[2025-05-04 14:38:01] [INFO] [AbilityDamageReport] Finished calculating damage after defenses for Caxio
[2025-05-04 14:38:01] [INFO] [AbilityDamageReport] 20.0 damage after defenses for fire_attack
[2025-05-04 14:38:01] [INFO] [AbilityDamageReport] Finished constructing damage mappings after for Cuexa to use fire_attack
[2025-05-04 14:38:01] [INFO] [GreaterAbilityPanel] Started updating Greater Ability Information Panel
[2025-05-04 14:38:01] [INFO] [CombatSystem] Started constructing damage mappings for Cuexa to use fire_attack
[2025-05-04 14:38:01] [INFO] [CombatSystem] Finished constructing damage mappings for Cuexa to use fire_attack
[2025-05-04 14:38:01] [INFO] [CombatSystem] Started constructing cost mappings for Cuexa to use fire_attack
[2025-05-04 14:38:01] [INFO] [CombatSystem] Finished constructing cost mappings for Cuexa to use fire_attack
[2025-05-04 14:38:01] [INFO] [GreaterAbilityPanel] Finished updating Greater Ability Information Panel
[2025-05-04 14:38:01] [INFO] [AbilitySystem] Cuexa is planning to use fire_attack on [6, 1]
[2025-05-04 14:38:01] [INFO] [AbilitySystem] Updated line of sight for Cuexa, viewing 2 tiles
[2025-05-04 14:38:01] [INFO] [AbilitySystem] Updated area of effect for Cuexa viewing 1 tiles
[2025-05-04 14:38:01] [INFO] [AbilityDamageReport] Started constructing damage mappings for Cuexa to use fire_attack
[2025-05-04 14:38:01] [INFO] [AbilityDamageReport] Finished constructing damage mappings for Cuexa to use fire_attack
[2025-05-04 14:38:01] [INFO] [GreaterAbilityPanel] Started updating Greater Ability Information Panel
[2025-05-04 14:38:01] [INFO] [CombatSystem] Started constructing damage mappings for Cuexa to use fire_attack
[2025-05-04 14:38:01] [INFO] [CombatSystem] Finished constructing damage mappings for Cuexa to use fire_attack
[2025-05-04 14:38:01] [INFO] [CombatSystem] Started constructing cost mappings for Cuexa to use fire_attack
[2025-05-04 14:38:01] [INFO] [CombatSystem] Finished constructing cost mappings for Cuexa to use fire_attack
[2025-05-04 14:38:01] [INFO] [GreaterAbilityPanel] Finished updating Greater Ability Information Panel
[2025-05-04 14:38:01] [INFO] [AbilitySystem] Cuexa is planning to use fire_attack on [6, 0]
[2025-05-04 14:38:01] [INFO] [AbilitySystem] Updated line of sight for Cuexa, viewing 2 tiles
[2025-05-04 14:38:01] [INFO] [AbilitySystem] Updated area of effect for Cuexa viewing 1 tiles
[2025-05-04 14:38:01] [INFO] [AbilityDamageReport] Started constructing damage mappings for Cuexa to use fire_attack
[2025-05-04 14:38:01] [INFO] [AbilityDamageReport] Finished constructing damage mappings for Cuexa to use fire_attack
[2025-05-04 14:38:01] [INFO] [AbilityDamageReport] Started constructing damage mappings for Cuexa to use fire_attack
[2025-05-04 14:38:01] [INFO] [AbilityDamageReport] Finished constructing damage mappings for Cuexa to use fire_attack
[2025-05-04 14:38:01] [INFO] [AbilityDamageReport] Started constructing damage mappings after defense Cuexa to use fire_attack
[2025-05-04 14:38:01] [INFO] [AbilityDamageReport] Started calculating damage after modifiers for Cuexa
[2025-05-04 14:38:01] [INFO] [AbilityDamageReport] 10.0 Raw damage before modifiers for fire_attack
[2025-05-04 14:38:01] [INFO] [AbilityDamageReport] Cuexa lands a Same-Type-Attack-Bonus with fire_attack, for 12.0
[2025-05-04 14:38:01] [INFO] [AbilityDamageReport] 22.0 damage after modifiers for fire_attack
[2025-05-04 14:38:01] [INFO] [AbilityDamageReport] Finished calculating damage after modifiers for Cuexa
[2025-05-04 14:38:01] [INFO] [AbilityDamageReport] Started calculating damage after defenses for Voqaf
[2025-05-04 14:38:01] [INFO] [AbilityDamageReport] 22.0 Raw damage after defenses for fire_attack
[2025-05-04 14:38:01] [INFO] [AbilityDamageReport] Finished calculating damage after defenses for Voqaf
[2025-05-04 14:38:01] [INFO] [AbilityDamageReport] 18.333332 damage after defenses for fire_attack
[2025-05-04 14:38:01] [INFO] [AbilityDamageReport] Finished constructing damage mappings after for Cuexa to use fire_attack
[2025-05-04 14:38:01] [INFO] [GreaterAbilityPanel] Started updating Greater Ability Information Panel
[2025-05-04 14:38:01] [INFO] [CombatSystem] Started constructing damage mappings for Cuexa to use fire_attack
[2025-05-04 14:38:01] [INFO] [CombatSystem] Finished constructing damage mappings for Cuexa to use fire_attack
[2025-05-04 14:38:01] [INFO] [CombatSystem] Started constructing cost mappings for Cuexa to use fire_attack
[2025-05-04 14:38:01] [INFO] [CombatSystem] Finished constructing cost mappings for Cuexa to use fire_attack
[2025-05-04 14:38:01] [INFO] [GreaterAbilityPanel] Finished updating Greater Ability Information Panel
[2025-05-04 14:38:02] [INFO] [CombatSystem] Started constructing cost mappings for Cuexa to use fire_attack
[2025-05-04 14:38:02] [INFO] [CombatSystem] Finished constructing cost mappings for Cuexa to use fire_attack
[2025-05-04 14:38:02] [INFO] [CombatSystem] Checking cost requirements for Cuexa to use fire_attack
[2025-05-04 14:38:02] [INFO] [CombatSystem] Cuexa is able to pay for fire_attack
[2025-05-04 14:38:02] [INFO] [CombatSystem] Started constructing cost mappings for Cuexa to use fire_attack
[2025-05-04 14:38:02] [INFO] [CombatSystem] Finished constructing cost mappings for Cuexa to use fire_attack
[2025-05-04 14:38:02] [INFO] [CombatSystem] Paying cost requirements for Cuexa using fire_attack
[2025-05-04 14:38:02] [INFO] [CombatSystem] Paying 2.0 mana out of 20.0 mana to use fire_attack
[2025-05-04 14:38:02] [INFO] [AbilitySystem] Used from fire_attack on [6, 0]
[2025-05-04 14:38:02] [INFO] [AbilityDamageReport] Started constructing damage mappings for Cuexa to use fire_attack
[2025-05-04 14:38:02] [INFO] [AbilityDamageReport] Finished constructing damage mappings for Cuexa to use fire_attack
[2025-05-04 14:38:02] [INFO] [AbilityDamageReport] Started constructing damage mappings after defense Cuexa to use fire_attack
[2025-05-04 14:38:02] [INFO] [AbilityDamageReport] Started calculating damage after modifiers for Cuexa
[2025-05-04 14:38:02] [INFO] [AbilityDamageReport] 10.0 Raw damage before modifiers for fire_attack
[2025-05-04 14:38:02] [INFO] [AbilityDamageReport] Cuexa lands a Same-Type-Attack-Bonus with fire_attack, for 12.0
[2025-05-04 14:38:02] [INFO] [AbilityDamageReport] 22.0 damage after modifiers for fire_attack
[2025-05-04 14:38:02] [INFO] [AbilityDamageReport] Finished calculating damage after modifiers for Cuexa
[2025-05-04 14:38:02] [INFO] [AbilityDamageReport] Started calculating damage after defenses for Voqaf
[2025-05-04 14:38:02] [INFO] [AbilityDamageReport] 22.0 Raw damage after defenses for fire_attack
[2025-05-04 14:38:02] [INFO] [AbilityDamageReport] Finished calculating damage after defenses for Voqaf
[2025-05-04 14:38:02] [INFO] [AbilityDamageReport] 18.333332 damage after defenses for fire_attack
[2025-05-04 14:38:02] [INFO] [AbilityDamageReport] Finished constructing damage mappings after for Cuexa to use fire_attack
[2025-05-04 14:38:02] [INFO] [CombatSystem] Started dealing damage with fire_attack to Voqaf 
[2025-05-04 14:38:02] [INFO] [AbilityDamageReport] Started constructing damage mappings for Cuexa to use fire_attack
[2025-05-04 14:38:02] [INFO] [AbilityDamageReport] Finished constructing damage mappings for Cuexa to use fire_attack
[2025-05-04 14:38:02] [INFO] [AbilityDamageReport] Started constructing damage mappings after defense Cuexa to use fire_attack
[2025-05-04 14:38:02] [INFO] [AbilityDamageReport] Started calculating damage after modifiers for Cuexa
[2025-05-04 14:38:02] [INFO] [AbilityDamageReport] 10.0 Raw damage before modifiers for fire_attack
[2025-05-04 14:38:02] [INFO] [AbilityDamageReport] Cuexa lands a Same-Type-Attack-Bonus with fire_attack, for 12.0
[2025-05-04 14:38:02] [INFO] [AbilityDamageReport] 22.0 damage after modifiers for fire_attack
[2025-05-04 14:38:02] [INFO] [AbilityDamageReport] Finished calculating damage after modifiers for Cuexa
[2025-05-04 14:38:02] [INFO] [AbilityDamageReport] Started calculating damage after defenses for Voqaf
[2025-05-04 14:38:02] [INFO] [AbilityDamageReport] 22.0 Raw damage after defenses for fire_attack
[2025-05-04 14:38:02] [INFO] [AbilityDamageReport] Finished calculating damage after defenses for Voqaf
[2025-05-04 14:38:02] [INFO] [AbilityDamageReport] 18.333332 damage after defenses for fire_attack
[2025-05-04 14:38:02] [INFO] [AbilityDamageReport] Finished constructing damage mappings after for Cuexa to use fire_attack
[2025-05-04 14:38:02] [INFO] [AbilitySystem] Started updating {} because of ability
[2025-05-04 14:38:02] [INFO] [AbilitySystem] Finished update updating {} because of ability
