[2025-03-15 09:47:25] [INFO] [AssetPool] Started initializing AssetPool
[2025-03-15 09:47:25] [INFO] [Engine] HEAP ALLOCATION INCREASED! 1.0 GB of 16.0 GB used
[2025-03-15 09:47:25] [INFO] [SpriteSheetOG] Started loading Sprite's from ./res/graphics
[2025-03-15 09:47:25] [INFO] [SpriteSheetOG] Finished reading files for sprites
[2025-03-15 09:47:25] [INFO] [Sprite] Finished loading ./res/graphics/misc/blue_reticle.png
[2025-03-15 09:47:25] [INFO] [Sprite] Finished loading ./res/graphics/misc/pink_spawn.png
[2025-03-15 09:47:25] [INFO] [Sprite] Finished loading ./res/graphics/misc/reticle.png
[2025-03-15 09:47:25] [INFO] [Sprite] Finished loading ./res/graphics/misc/yellow_spawn.png
[2025-03-15 09:47:25] [INFO] [Sprite] Finished loading ./res/graphics/misc/blue_spawn.png
[2025-03-15 09:47:25] [INFO] [Sprite] Finished loading ./res/graphics/misc/red_reticle.png
[2025-03-15 09:47:25] [INFO] [Sprite] Finished loading ./res/graphics/misc/depth_shadows.png
[2025-03-15 09:47:25] [INFO] [Sprite] Finished loading ./res/graphics/misc/yellow_reticle.png
[2025-03-15 09:47:25] [INFO] [Sprite] Finished loading ./res/graphics/misc/red_spawn.png
[2025-03-15 09:47:25] [INFO] [Sprite] Finished loading ./res/graphics/misc/directional_shadows.png
[2025-03-15 09:47:25] [INFO] [Sprite] Finished loading ./res/graphics/shadows/northwest.png
[2025-03-15 09:47:25] [INFO] [Sprite] Finished loading ./res/graphics/shadows/west.png
[2025-03-15 09:47:25] [INFO] [Sprite] Finished loading ./res/graphics/shadows/north.png
[2025-03-15 09:47:25] [INFO] [Sprite] Finished loading ./res/graphics/shadows/east.png
[2025-03-15 09:47:25] [INFO] [Sprite] Finished loading ./res/graphics/shadows/northeast.png
[2025-03-15 09:47:25] [INFO] [Sprite] Finished loading ./res/graphics/shadows/south.png
[2025-03-15 09:47:25] [INFO] [Sprite] Finished loading ./res/graphics/shadows/southwest.png
[2025-03-15 09:47:25] [INFO] [Sprite] Finished loading ./res/graphics/shadows/southeast.png
[2025-03-15 09:47:25] [INFO] [Sprite] Finished loading ./res/graphics/structures/tree3_structure.png
[2025-03-15 09:47:25] [INFO] [Sprite] Finished loading ./res/graphics/structures/tree4_structure.png
[2025-03-15 09:47:25] [INFO] [Sprite] Finished loading ./res/graphics/structures/tree1_structure.png
[2025-03-15 09:47:25] [INFO] [Sprite] Finished loading ./res/graphics/structures/tree5_structure.png
[2025-03-15 09:47:25] [INFO] [Sprite] Finished loading ./res/graphics/structures/tree2_structure.png
[2025-03-15 09:47:25] [INFO] [Sprite] Finished loading ./res/graphics/structures/tree6_structure.png
[2025-03-15 09:47:25] [INFO] [Sprite] Finished loading ./res/graphics/wall_tiles/rock_wall2.png
[2025-03-15 09:47:25] [INFO] [Sprite] Finished loading ./res/graphics/wall_tiles/sandstone_wall.png
[2025-03-15 09:47:25] [INFO] [Sprite] Finished loading ./res/graphics/wall_tiles/elden_yellow_wall.png
[2025-03-15 09:47:25] [INFO] [Sprite] Finished loading ./res/graphics/wall_tiles/vine_on_wall.png
[2025-03-15 09:47:25] [INFO] [Sprite] Finished loading ./res/graphics/wall_tiles/boulder_wall.png
[2025-03-15 09:47:25] [INFO] [Sprite] Finished loading ./res/graphics/wall_tiles/white_marble_wall.png
[2025-03-15 09:47:25] [INFO] [Sprite] Finished loading ./res/graphics/wall_tiles/elden_green_wall.png
[2025-03-15 09:47:25] [INFO] [Sprite] Finished loading ./res/graphics/wall_tiles/brown_marble_wall.png
[2025-03-15 09:47:25] [INFO] [Sprite] Finished loading ./res/graphics/wall_tiles/small_brick_wall.png
[2025-03-15 09:47:25] [INFO] [Sprite] Finished loading ./res/graphics/wall_tiles/moss_wall.png
[2025-03-15 09:47:25] [INFO] [Sprite] Finished loading ./res/graphics/wall_tiles/dirt_brick_vine_wall.png
[2025-03-15 09:47:25] [INFO] [Sprite] Finished loading ./res/graphics/wall_tiles/elden_purple_wall.png
[2025-03-15 09:47:25] [INFO] [Sprite] Finished loading ./res/graphics/wall_tiles/large_brick_wall.png
[2025-03-15 09:47:25] [INFO] [Sprite] Finished loading ./res/graphics/wall_tiles/dirt_wall.png
[2025-03-15 09:47:25] [INFO] [Sprite] Finished loading ./res/graphics/wall_tiles/alien_wall.png
[2025-03-15 09:47:25] [INFO] [Sprite] Finished loading ./res/graphics/wall_tiles/industrial_brick_wall.png
[2025-03-15 09:47:25] [INFO] [Sprite] Finished loading ./res/graphics/wall_tiles/rock_wall.png
[2025-03-15 09:47:25] [INFO] [Sprite] Finished loading ./res/graphics/wall_tiles/dirt_wall2.png
[2025-03-15 09:47:25] [INFO] [Sprite] Finished loading ./res/graphics/wall_tiles/moss_wall2.png
[2025-03-15 09:47:25] [INFO] [Sprite] Finished loading ./res/graphics/wall_tiles/moss_wall3.png
[2025-03-15 09:47:25] [INFO] [Sprite] Finished loading ./res/graphics/wall_tiles/no_wall.png
[2025-03-15 09:47:25] [INFO] [Sprite] Finished loading ./res/graphics/wall_tiles/alien_rune_wall.png
[2025-03-15 09:47:25] [INFO] [Sprite] Finished loading ./res/graphics/wall_tiles/industrial_wall.png
[2025-03-15 09:47:25] [INFO] [Sprite] Finished loading ./res/graphics/wall_tiles/small_brick_wall2.png
[2025-03-15 09:47:25] [INFO] [Sprite] Finished loading ./res/graphics/old/liquids 2.png
[2025-03-15 09:47:25] [INFO] [Sprite] Finished loading ./res/graphics/old/gems.png
[2025-03-15 09:47:25] [INFO] [Sprite] Finished loading ./res/graphics/old/floors.png
[2025-03-15 09:47:25] [INFO] [Sprite] Finished loading ./res/graphics/old/terrains.png
[2025-03-15 09:47:25] [INFO] [Sprite] Finished loading ./res/graphics/old/gemsRaw.png
[2025-03-15 09:47:25] [INFO] [Sprite] Finished loading ./res/graphics/old/walls.png
[2025-03-15 09:47:25] [INFO] [Sprite] Finished loading ./res/graphics/old/special2.png
[2025-03-15 09:47:25] [INFO] [Sprite] Finished loading ./res/graphics/old/structures.png
[2025-03-15 09:47:25] [INFO] [Sprite] Finished loading ./res/graphics/old/special.png
[2025-03-15 09:47:25] [INFO] [Sprite] Finished loading ./res/graphics/old/liquids.png
[2025-03-15 09:47:25] [INFO] [Sprite] Finished loading ./res/graphics/old/units.png
[2025-03-15 09:47:25] [INFO] [Sprite] Finished loading ./res/graphics/old/terrains2.png
[2025-03-15 09:47:25] [INFO] [Sprite] Finished loading ./res/graphics/old/floors2.png
[2025-03-15 09:47:25] [INFO] [Sprite] Finished loading ./res/graphics/floor_tiles/sand_1_floor.png
[2025-03-15 09:47:25] [INFO] [Sprite] Finished loading ./res/graphics/floor_tiles/sand_dark_floor.png
[2025-03-15 09:47:25] [INFO] [Sprite] Finished loading ./res/graphics/floor_tiles/dirty_grass_1_floor.png
[2025-03-15 09:47:25] [INFO] [Sprite] Finished loading ./res/graphics/floor_tiles/white_sand_floor.png
[2025-03-15 09:47:25] [INFO] [Sprite] Finished loading ./res/graphics/floor_tiles/white_sands_2.png
[2025-03-15 09:47:25] [INFO] [Sprite] Finished loading ./res/graphics/floor_tiles/dirty_grass_2_floor.png
[2025-03-15 09:47:25] [INFO] [Sprite] Finished loading ./res/graphics/floor_tiles/sand_3_floor.png
[2025-03-15 09:47:25] [INFO] [Sprite] Finished loading ./res/graphics/floor_tiles/obsidian_floor.png
[2025-03-15 09:47:25] [INFO] [Sprite] Finished loading ./res/graphics/floor_tiles/base_floor.png
[2025-03-15 09:47:25] [INFO] [Sprite] Finished loading ./res/graphics/floor_tiles/sand_floor.png
[2025-03-15 09:47:25] [INFO] [Sprite] Finished loading ./res/graphics/floor_tiles/dirty_grass_3_floor.png
[2025-03-15 09:47:25] [INFO] [Sprite] Finished loading ./res/graphics/floor_tiles/sand_2_floor.png
[2025-03-15 09:47:25] [INFO] [Sprite] Finished loading ./res/graphics/units/Air_Dragon.png
[2025-03-15 09:47:25] [INFO] [Sprite] Finished loading ./res/graphics/units/Dragon.png
[2025-03-15 09:47:25] [INFO] [Sprite] Finished loading ./res/graphics/units/Dark_Dragon.png
[2025-03-15 09:47:25] [INFO] [Sprite] Finished loading ./res/graphics/units/Earth_Dragon.png
[2025-03-15 09:47:25] [INFO] [Sprite] Finished loading ./res/graphics/units/Light_Dragon.png
[2025-03-15 09:47:25] [INFO] [Sprite] Finished loading ./res/graphics/units/Water_Dragon.png
[2025-03-15 09:47:25] [INFO] [Sprite] Finished loading ./res/graphics/units/Fire_Dragon.png
[2025-03-15 09:47:25] [INFO] [Sprite] Finished loading ./res/graphics/actions/StatsDown.png
[2025-03-15 09:47:25] [INFO] [Sprite] Finished loading ./res/graphics/actions/PhysicalHit4.png
[2025-03-15 09:47:25] [INFO] [Sprite] Finished loading ./res/graphics/actions/Slash.png
[2025-03-15 09:47:25] [INFO] [Sprite] Finished loading ./res/graphics/actions/Air.png
[2025-03-15 09:47:25] [INFO] [Sprite] Finished loading ./res/graphics/actions/Dark.png
[2025-03-15 09:47:25] [INFO] [Sprite] Finished loading ./res/graphics/actions/Blunt.png
[2025-03-15 09:47:25] [INFO] [Sprite] Finished loading ./res/graphics/actions/Fire.png
[2025-03-15 09:47:25] [INFO] [Sprite] Finished loading ./res/graphics/actions/Earth.png
[2025-03-15 09:47:25] [INFO] [Sprite] Finished loading ./res/graphics/actions/Light.png
[2025-03-15 09:47:25] [INFO] [Sprite] Finished loading ./res/graphics/actions/StatsUp.png
[2025-03-15 09:47:25] [INFO] [Sprite] Finished loading ./res/graphics/actions/Water.png
[2025-03-15 09:47:25] [INFO] [Sprite] Finished loading ./res/graphics/actions/Pierce.png
[2025-03-15 09:47:25] [INFO] [Sprite] Finished loading ./res/graphics/spells/LightSpell.png
[2025-03-15 09:47:25] [INFO] [Sprite] Finished loading ./res/graphics/spells/StatsDown.png
[2025-03-15 09:47:25] [INFO] [Sprite] Finished loading ./res/graphics/spells/WindSpell.png
[2025-03-15 09:47:25] [INFO] [Sprite] Finished loading ./res/graphics/spells/WaterSpell.png
[2025-03-15 09:47:25] [INFO] [Sprite] Finished loading ./res/graphics/spells/PhysicalHit4.png
[2025-03-15 09:47:25] [INFO] [Sprite] Finished loading ./res/graphics/spells/PhysicalHit1.png
[2025-03-15 09:47:25] [INFO] [Sprite] Finished loading ./res/graphics/spells/LightningSpell.png
[2025-03-15 09:47:25] [INFO] [Sprite] Finished loading ./res/graphics/spells/PhysicalHit3.png
[2025-03-15 09:47:25] [INFO] [Sprite] Finished loading ./res/graphics/spells/PhysicalHit2.png
[2025-03-15 09:47:25] [INFO] [Sprite] Finished loading ./res/graphics/spells/FireSpell.png
[2025-03-15 09:47:25] [INFO] [Sprite] Finished loading ./res/graphics/spells/DarkSpell.png
[2025-03-15 09:47:25] [INFO] [Sprite] Finished loading ./res/graphics/spells/StatsUp.png
[2025-03-15 09:47:25] [INFO] [Sprite] Finished loading ./res/graphics/spells/EarthSpell.png
[2025-03-15 09:47:25] [INFO] [Sprite] Finished loading ./res/graphics/liquids/greater_leafage_liquid.png
[2025-03-15 09:47:25] [INFO] [Sprite] Finished loading ./res/graphics/liquids/waterV4_liquid.png
[2025-03-15 09:47:25] [INFO] [Sprite] Finished loading ./res/graphics/liquids/shallow_swamp.png
[2025-03-15 09:47:25] [INFO] [Sprite] Finished loading ./res/graphics/liquids/water5.png
[2025-03-15 09:47:25] [INFO] [Sprite] Finished loading ./res/graphics/liquids/swamp_2.png
[2025-03-15 09:47:25] [INFO] [Sprite] Finished loading ./res/graphics/liquids/Lava_liquid.png
[2025-03-15 09:47:25] [INFO] [Sprite] Finished loading ./res/graphics/liquids/swamp2.png
[2025-03-15 09:47:25] [INFO] [Sprite] Finished loading ./res/graphics/liquids/waterV33_liquid.png
[2025-03-15 09:47:25] [INFO] [Sprite] Finished loading ./res/graphics/liquids/shallow_water_liquid.png
[2025-03-15 09:47:25] [INFO] [Sprite] Finished loading ./res/graphics/liquids/water_liquid.png
[2025-03-15 09:47:25] [INFO] [Sprite] Finished loading ./res/graphics/liquids/waterV2_liquid.png
[2025-03-15 09:47:25] [INFO] [Sprite] Finished loading ./res/graphics/liquids/swamp2_liquid.png
[2025-03-15 09:47:25] [INFO] [SpriteSheetOG] Finished loading ./res/graphics
[2025-03-15 09:47:25] [INFO] [AssetPool] Finished initializing AssetPool
[2025-03-15 09:47:25] [INFO] [FontPoolV1] Started initializing FontPoolV1
[2025-03-15 09:47:25] [INFO] [FontPoolV1] Finished initializing FontPoolV1
[2025-03-15 09:47:25] [INFO] [UnitDatabase] Started initializing UnitDatabase
[2025-03-15 09:47:25] [INFO] [UnitDatabase] Successfully initialized UnitDatabase
[2025-03-15 09:47:25] [INFO] [UnitDatabase] Finished initializing UnitDatabase
[2025-03-15 09:47:25] [INFO] [JsonDatabase] Started initializing JsonDatabase
[2025-03-15 09:47:25] [INFO] [JsonTable] Started initializing JsonTable
[2025-03-15 09:47:25] [INFO] [JsonTable] Successfully initialized JsonTable
[2025-03-15 09:47:25] [INFO] [JsonTable] Finished initializing JsonTable
[2025-03-15 09:47:25] [INFO] [JsonTable] Started initializing JsonTable
[2025-03-15 09:47:25] [INFO] [JsonTable] Successfully initialized JsonTable
[2025-03-15 09:47:25] [INFO] [JsonTable] Finished initializing JsonTable
[2025-03-15 09:47:25] [INFO] [JsonTable] Started initializing JsonTable
[2025-03-15 09:47:25] [INFO] [JsonTable] Successfully initialized JsonTable
[2025-03-15 09:47:25] [INFO] [JsonTable] Finished initializing JsonTable
[2025-03-15 09:47:25] [INFO] [JsonDatabase] Successfully initialized JsonDatabase
[2025-03-15 09:47:25] [INFO] [JsonDatabase] Finished initializing JsonDatabase
[2025-03-15 09:47:25] [INFO] [Component] Setting 8bbfb296-8dfb-45da-8b88-a958ff04e7d5 on to d8ea7262-a831-4e42-b1ab-922495bfa9b6.
[2025-03-15 09:47:25] [INFO] [SpeedQueue] Added unit enemy:Cocpo into queue
[2025-03-15 09:47:25] [INFO] [Component] Setting 5e32fff3-2fd5-4d7f-b2c5-d25067911c94 on to 7229bfaf-fe4a-40ef-904d-d4fca4d41322.
[2025-03-15 09:47:25] [INFO] [SpeedQueue] Added unit enemy:Qaxozo into queue
[2025-03-15 09:47:25] [INFO] [Component] Setting 18859d55-ac7f-4a6b-a1d1-8731efa278ac on to 9939420f-2111-4499-9bce-2a4e37ab7cd8.
[2025-03-15 09:47:25] [INFO] [SpeedQueue] Added unit enemy:Aamael into queue
[2025-03-15 09:47:25] [INFO] [Component] Setting 65e5c036-6473-4cab-9f11-bfe845546ad8 on to 02acf6fa-feea-458f-8ea3-9a4b1b9b3b81.
[2025-03-15 09:47:25] [INFO] [SpeedQueue] Added unit user:Toct into queue
[2025-03-15 09:47:25] [INFO] [Component] Setting 41779656-0a37-46b8-9104-e09f00b52504 on to 0075feb7-c216-4aa3-af0b-cc11f097938a.
[2025-03-15 09:47:25] [INFO] [SpeedQueue] Added unit user:Zigroq into queue
[2025-03-15 09:47:25] [INFO] [Component] Setting e0fe972f-1ce9-4605-92e8-bc7078cbb973 on to e61f4365-7960-4ed4-97a4-aedebece71df.
[2025-03-15 09:47:25] [INFO] [SpeedQueue] Added unit user:Aygeby into queue
[2025-03-15 09:47:25] [INFO] [Component] Setting ed34dfcd-460f-4ada-9464-ab10e44d9fdf on to c6c76652-d429-4320-8131-223a800b8598.
[2025-03-15 09:47:25] [INFO] [SpeedQueue] Added unit user:Doah into queue
[2025-03-15 09:47:26] [INFO] [FontPool] Started initializing FontPool
[2025-03-15 09:47:26] [INFO] [FontPool] ✅ Successfully loaded font: Lilian
[2025-03-15 09:47:26] [INFO] [SpeedQueue] Speed queue updated.
[2025-03-15 09:47:26] [INFO] [VisualsSystem] Started creating blurred background
[2025-03-15 09:47:26] [INFO] [TimeLinePanel] Started updating the timeline panel after turn order has changed.
[2025-03-15 09:47:26] [INFO] [TimeLinePanel] Finished updating the timeline panel after turn order has changed.
[2025-03-15 09:47:26] [INFO] [SelectedTilePanel] Checksum updated, getting units at selected tiles.
[2025-03-15 09:47:26] [INFO] [SelectedTilePanel] Either no unit selected or more than one unit selected
[2025-03-15 09:47:26] [INFO] [LesserStatisticsInformationPanel] Checksum has been updated, querying statistics for unit 5e32fff3-2fd5-4d7f-b2c5-d25067911c94
[2025-03-15 09:47:27] [INFO] [VisualsSystem] Finished creating blurred background after 0.5010446906089783 seconds
[2025-03-15 09:47:27] [INFO] [AbilityDatabase] Started initializing AbilityDatabase
[2025-03-15 09:47:27] [INFO] [AbilityDatabase] Successfully initialized AbilityDatabase
[2025-03-15 09:47:27] [INFO] [AbilityDatabase] Finished initializing AbilityDatabase
[2025-03-15 09:47:28] [INFO] [SelectedTilePanel] Checksum updated, getting units at selected tiles.
[2025-03-15 09:47:28] [INFO] [SelectedTilePanel] Updated selected tile display to view Qaxozo
[2025-03-15 09:47:28] [INFO] [LesserStatisticsInformationPanel] Finished updating Greater UI
[2025-03-15 09:47:29] [INFO] [MovementSystem] Qaxozo is planning to move from [1, 0] to [3, 0]
[2025-03-15 09:47:29] [INFO] [MovementSystem] Updated movement area for Qaxozo
[2025-03-15 09:47:29] [INFO] [MovementSystem] Updated movement path for Qaxozo
[2025-03-15 09:47:29] [INFO] [Component] Setting 5e32fff3-2fd5-4d7f-b2c5-d25067911c94 on to e3e99672-6c81-459e-8818-d97ec3bec7ed.
[2025-03-15 09:47:29] [INFO] [MovementSystem] Moved from [1, 0] to [3, 0]
[2025-03-15 09:47:31] [INFO] [SelectedTilePanel] Checksum updated, getting units at selected tiles.
[2025-03-15 09:47:31] [INFO] [SelectedTilePanel] Updated selected tile display to view Cocpo
[2025-03-15 09:47:31] [INFO] [LesserStatisticsInformationPanel] Finished updating Greater UI
[2025-03-15 09:47:32] [INFO] [TimeLinePanel] Started updating the timeline panel after turn order has changed.
[2025-03-15 09:47:32] [INFO] [TimeLinePanel] Finished updating the timeline panel after turn order has changed.
[2025-03-15 09:47:34] [INFO] [MovementSystem] Cocpo is planning to move from [7, 3] to [5, 3]
[2025-03-15 09:47:34] [INFO] [MovementSystem] Updated movement area for Cocpo
[2025-03-15 09:47:34] [INFO] [MovementSystem] Updated movement path for Cocpo
[2025-03-15 09:47:34] [INFO] [Component] Setting 8bbfb296-8dfb-45da-8b88-a958ff04e7d5 on to e5c73def-7a84-49fe-98ed-4fb819a3545e.
[2025-03-15 09:47:34] [INFO] [MovementSystem] Moved from [7, 3] to [5, 3]
[2025-03-15 09:47:35] [INFO] [SelectedTilePanel] Checksum updated, getting units at selected tiles.
[2025-03-15 09:47:35] [INFO] [SelectedTilePanel] Updated selected tile display to view Doah
[2025-03-15 09:47:35] [INFO] [LesserStatisticsInformationPanel] Finished updating Greater UI
[2025-03-15 09:47:36] [INFO] [TimeLinePanel] Started updating the timeline panel after turn order has changed.
[2025-03-15 09:47:36] [INFO] [TimeLinePanel] Finished updating the timeline panel after turn order has changed.
[2025-03-15 09:47:37] [INFO] [SelectedTilePanel] Checksum updated, getting units at selected tiles.
[2025-03-15 09:47:37] [INFO] [SelectedTilePanel] Updated selected tile display to view Zigroq
[2025-03-15 09:47:37] [INFO] [LesserStatisticsInformationPanel] Finished updating Greater UI
[2025-03-15 09:47:37] [INFO] [SelectedTilePanel] Checksum updated, getting units at selected tiles.
[2025-03-15 09:47:37] [INFO] [SelectedTilePanel] Updated selected tile display to view Doah
[2025-03-15 09:47:37] [INFO] [LesserStatisticsInformationPanel] Finished updating Greater UI
[2025-03-15 09:47:39] [INFO] [MovementSystem] Doah is planning to move from [6, 4] to [8, 8]
[2025-03-15 09:47:39] [INFO] [MovementSystem] Updated movement area for Doah
[2025-03-15 09:47:39] [INFO] [MovementSystem] Updated movement path for Doah
[2025-03-15 09:47:39] [INFO] [MovementSystem] Doah is planning to move from [6, 4] to [9, 9]
[2025-03-15 09:47:39] [INFO] [MovementSystem] Updated movement path for Doah
[2025-03-15 09:47:39] [INFO] [MovementSystem] Doah is planning to move from [6, 4] to [9, 8]
[2025-03-15 09:47:39] [INFO] [MovementSystem] Updated movement path for Doah
[2025-03-15 09:47:39] [INFO] [MovementSystem] Doah is planning to move from [6, 4] to [8, 8]
[2025-03-15 09:47:39] [INFO] [MovementSystem] Updated movement path for Doah
[2025-03-15 09:47:39] [INFO] [MovementSystem] Doah is planning to move from [6, 4] to [7, 7]
[2025-03-15 09:47:39] [INFO] [MovementSystem] Updated movement path for Doah
[2025-03-15 09:47:39] [INFO] [MovementSystem] Doah is planning to move from [6, 4] to [7, 6]
[2025-03-15 09:47:39] [INFO] [MovementSystem] Updated movement path for Doah
[2025-03-15 09:47:39] [INFO] [MovementSystem] Doah is planning to move from [6, 4] to [6, 6]
[2025-03-15 09:47:39] [INFO] [MovementSystem] Updated movement path for Doah
[2025-03-15 09:47:40] [INFO] [MovementSystem] Doah is planning to move from [6, 4] to [6, 5]
[2025-03-15 09:47:40] [INFO] [MovementSystem] Updated movement path for Doah
[2025-03-15 09:47:40] [INFO] [MovementSystem] Doah is planning to move from [6, 4] to [5, 5]
[2025-03-15 09:47:40] [INFO] [MovementSystem] Updated movement path for Doah
[2025-03-15 09:47:40] [INFO] [Component] Setting ed34dfcd-460f-4ada-9464-ab10e44d9fdf on to 31ba2c9e-846e-4a61-a9ac-cbce0a2e1a50.
[2025-03-15 09:47:40] [INFO] [MovementSystem] Moved from [6, 4] to [5, 5]
[2025-03-15 09:47:40] [INFO] [SelectedTilePanel] Checksum updated, getting units at selected tiles.
[2025-03-15 09:47:40] [INFO] [SelectedTilePanel] Updated selected tile display to view Doah
[2025-03-15 09:47:40] [INFO] [LesserStatisticsInformationPanel] Finished updating Greater UI
[2025-03-15 09:47:41] [INFO] [SelectedTilePanel] Checksum updated, getting units at selected tiles.
[2025-03-15 09:47:41] [INFO] [SelectedTilePanel] Either no unit selected or more than one unit selected
[2025-03-15 09:47:43] [INFO] [AbilitySelectionPanel] Selecting energy_beam
[2025-03-15 09:47:43] [INFO] [AbilitySystem] Doah is planning to use energy_beam on null
[2025-03-15 09:47:43] [INFO] [AbilitySystem] Updated area of sight for Doah, viewing 13 tiles
[2025-03-15 09:47:43] [INFO] [AbilitySystem] Updated line of sight for Doah, viewing 0 tiles
[2025-03-15 09:47:43] [INFO] [AbilitySystem] Updated area of effect for Doah viewing 0 tiles
[2025-03-15 09:47:44] [INFO] [AbilitySystem] Doah is planning to use energy_beam on [7, 7]
[2025-03-15 09:47:44] [INFO] [AbilitySystem] Updated line of sight for Doah, viewing 5 tiles
[2025-03-15 09:47:44] [INFO] [AbilitySystem] Updated area of effect for Doah viewing 1 tiles
[2025-03-15 09:47:44] [INFO] [AbilitySystem] Doah is planning to use energy_beam on [6, 6]
[2025-03-15 09:47:44] [INFO] [AbilitySystem] Updated line of sight for Doah, viewing 3 tiles
[2025-03-15 09:47:44] [INFO] [AbilitySystem] Updated area of effect for Doah viewing 1 tiles
[2025-03-15 09:47:44] [INFO] [AbilitySystem] Doah is planning to use energy_beam on [5, 4]
[2025-03-15 09:47:44] [INFO] [AbilitySystem] Updated line of sight for Doah, viewing 2 tiles
[2025-03-15 09:47:44] [INFO] [AbilitySystem] Updated area of effect for Doah viewing 1 tiles
[2025-03-15 09:47:44] [INFO] [AbilitySystem] Doah is planning to use energy_beam on [4, 3]
[2025-03-15 09:47:44] [INFO] [AbilitySystem] Updated line of sight for Doah, viewing 4 tiles
[2025-03-15 09:47:44] [INFO] [AbilitySystem] Updated area of effect for Doah viewing 1 tiles
[2025-03-15 09:47:44] [INFO] [AbilitySystem] Doah is planning to use energy_beam on [5, 3]
[2025-03-15 09:47:44] [INFO] [AbilitySystem] Updated line of sight for Doah, viewing 3 tiles
[2025-03-15 09:47:44] [INFO] [AbilitySystem] Updated area of effect for Doah viewing 1 tiles
[2025-03-15 09:47:45] [INFO] [AbilitySystem] Used from energy_beam on [5, 3]
[2025-03-15 09:47:47] [INFO] [TimeLinePanel] Started updating the timeline panel after turn order has changed.
[2025-03-15 09:47:47] [INFO] [TimeLinePanel] Finished updating the timeline panel after turn order has changed.
[2025-03-15 09:47:50] [INFO] [Main] {
  "map.generation.zoom": 0.75,
  "map.generation.min.height": -10,
  "hovered.tiles": ["7229bfaf-fe4a-40ef-904d-d4fca4d41322"],
  "view_sprite_height": 96,
  "delta_time": 0.016714875,
  "map.generation.starting.camerra.height": 950,
  "spawn.placement.policy": "everywhere",
  "gameplay.water.level": 0,
  "statistics.panel.is.open": false,
  "automatically.go.to.home.controls": false,
  "camera_map": {
    "main_camera": {},
    "selection_camera": {}
  },
  "map.generation.starting.y": 0,
  "map.generation.base.level": 1,
  "map.generation.starting.x": 0,
  "show.heights": true,
  "hide.gameplay.ui": true,
  "tile.to.glide.to": "",
  "map.generation.max.height": 10,
  "selected.tiles.checksum": -576614201,
  "map.generation.base.terrain": "sand_1_floor",
  "debug_mode_for_the_game_state": false,
  "movement.panel.is.open": false,
  "gameplay.rows": 10,
  "view_sprite_width": 96,
  "map.generation.starting.sprite.width": 96,
  "ability.panel.is.open": false,
  "gameplay.mode": "gameplay.mode.regular",
  "map.generation.structure.assets": ["tree4_structure"],
  "floating_text_map": {},
  "map.center.on.startup": true,
  "gameplay.columns": 10,
  "gameplay.water.asset": "water_liquid",
  "selected.tiles": ["e63f5aff-5166-4188-8ddb-cb33f8051da8"],
  "map.generation.starting.camera.width": 1500,
  "should.end.the.turn": false,
  "selected_ability_from_ui": "",
  "map.generation.starting.sprite.height": 96,
  "map.generation.use.noise": true,
  "floating_text_font_size": 30,
  "map.generation.base.asset": "base_floor"
}
