[2025-04-06 17:01:56] [INFO] [UnitTable] Started initializing UnitTable
[2025-04-06 17:01:56] [INFO] [EmeritusDatabase] Started initializing EmeritusDatabase
[2025-04-06 17:01:56] [INFO] [EmeritusDatabase] Finished initializing EmeritusDatabase
[2025-04-06 17:01:56] [INFO] [UnitTable] Successfully initialized UnitTable
[2025-04-06 17:01:56] [INFO] [UnitTable] Finished initializing UnitTable
[2025-04-06 17:01:56] [INFO] [AbilityTable] Started initializing AbilityTable
[2025-04-06 17:01:56] [INFO] [AbilityTable] Finished initializing AbilityTable
[2025-04-06 17:01:56] [INFO] [UserSaveStateManager] Started loading user save data
[2025-04-06 17:01:56] [INFO] [UserSaveStateManager] Finished loading user save data
[2025-04-06 17:01:56] [INFO] [AssetPool] Started initializing AssetPool
[2025-04-06 17:01:56] [INFO] [AssetNameSpace] Started loading Sprite's from ./res/graphics
[2025-04-06 17:01:56] [INFO] [AssetNameSpace] Finished reading files for sprites
[2025-04-06 17:01:56] [INFO] [AssetNameSpace] Finished loading ./res/graphics
[2025-04-06 17:01:56] [INFO] [AssetPool] Finished initializing AssetPool
[2025-04-06 17:01:57] [INFO] [Component] Setting dark_dragon_Qopeap_2b3f908d-a5a1-49c8-9699-87b4b34e70cf on to 12_3_f127f779-c775-485b-a940-c131a75928ca.
[2025-04-06 17:01:57] [INFO] [SpeedQueue] Added unit enemy:Qopeap into queue
[2025-04-06 17:01:57] [INFO] [Component] Setting water_dragon_Kiqo_e8e99cb4-6b63-4f48-baca-e1b378ab8a9b on to 5_11_acd8dcd9-7317-4a65-b73c-202a398c5fde.
[2025-04-06 17:01:57] [INFO] [SpeedQueue] Added unit enemy:Kiqo into queue
[2025-04-06 17:01:57] [INFO] [Component] Setting light_dragon_Jomiaz_15b93854-415c-4b15-b18d-4eabc817f199 on to 14_1_7a46481d-265a-478f-a0bf-dd04f29b0bf6.
[2025-04-06 17:01:57] [INFO] [SpeedQueue] Added unit enemy:Jomiaz into queue
[2025-04-06 17:01:57] [INFO] [Component] Setting dark_dragon_Auydyh_04cafa49-87e5-46f8-9cdb-774ea179cd6b on to 7_10_e76fb602-e379-4586-855e-3474997781cf.
[2025-04-06 17:01:57] [INFO] [SpeedQueue] Added unit enemy:Auydyh into queue
[2025-04-06 17:01:57] [INFO] [Component] Setting fire_dragon_Laaydu_bb061c4c-038b-40d7-9e98-f9707536fcd2 on to 2_8_833435e3-dd25-440f-b47b-44ec9bedb3b6.
[2025-04-06 17:01:57] [INFO] [SpeedQueue] Added unit enemy:Laaydu into queue
[2025-04-06 17:01:57] [INFO] [Component] Setting water_dragon_Zurvs_b639ff8b-61e9-43de-8e00-92d29f62b7ea on to 7_11_719d20b3-5401-449e-881c-0b9fd758edcc.
[2025-04-06 17:01:57] [INFO] [SpeedQueue] Added unit enemy:Zurvs into queue
[2025-04-06 17:01:57] [INFO] [Component] Setting water_dragon_Viszc_dba146cf-d575-4d99-a285-9eb8cad367eb on to 8_1_2e71111a-ea24-4195-a38d-cbd961cba518.
[2025-04-06 17:01:57] [INFO] [SpeedQueue] Added unit enemy:Viszc into queue
[2025-04-06 17:01:57] [INFO] [Component] Setting earth_dragon_Pykix_70ac9342-b207-47ca-af77-1e464eb3000d on to 2_10_50cd6162-0b7c-4977-9789-344444c51a6c.
[2025-04-06 17:01:57] [INFO] [SpeedQueue] Added unit enemy:Pykix into queue
[2025-04-06 17:01:57] [INFO] [Component] Setting air_dragon_Vieiaq_ef7f2b53-356e-467c-b4c2-e159e77b90b4 on to 14_13_ed4ceec2-8cdc-4d7f-8dd3-20a2eb15172d.
[2025-04-06 17:01:57] [INFO] [SpeedQueue] Added unit enemy:Vieiaq into queue
[2025-04-06 17:01:57] [INFO] [Component] Setting light_dragon_Pyaso_39a8c286-bbe6-48c0-990f-26e57f62902c on to 6_9_62f51c5c-58de-4cef-a13f-e8df83aa6a38.
[2025-04-06 17:01:57] [INFO] [SpeedQueue] Added unit enemy:Pyaso into queue
[2025-04-06 17:01:57] [INFO] [Component] Setting dark_dragon_Eyom_19478a40-d42e-4017-9d56-d5e7505d9c01 on to 3_4_244329d6-1f61-407d-9bff-e6969d00f223.
[2025-04-06 17:01:57] [INFO] [SpeedQueue] Added unit enemy:Eyom into queue
[2025-04-06 17:01:57] [INFO] [Component] Setting water_dragon_Zyeeou_8be65dd0-e7de-412d-996d-72f704b20490 on to 2_3_03c41b35-953d-4cef-ac42-e63f4ca898f9.
[2025-04-06 17:01:57] [INFO] [SpeedQueue] Added unit enemy:Zyeeou into queue
[2025-04-06 17:01:57] [INFO] [Component] Setting dark_dragon_Vada_1678d47b-660e-4b1c-89c5-85e0a2b11c82 on to 11_3_49d12684-4e96-4a14-bed5-66cf3f868d23.
[2025-04-06 17:01:57] [INFO] [SpeedQueue] Added unit enemy:Vada into queue
[2025-04-06 17:01:57] [INFO] [Component] Setting light_dragon_Heyyo_02a0d7df-d9d7-4c33-ba5e-4014fbefa970 on to 2_14_e6c95e36-b44b-413f-97d1-6584dcf5951e.
[2025-04-06 17:01:57] [INFO] [SpeedQueue] Added unit enemy:Heyyo into queue
[2025-04-06 17:01:57] [INFO] [Component] Setting dark_dragon_Dydy_6f4a2673-aed0-4dbf-93ca-a6d68713a326 on to 6_8_32cc1323-f19b-4ee6-8eab-2ab80b590995.
[2025-04-06 17:01:57] [INFO] [SpeedQueue] Added unit enemy:Dydy into queue
[2025-04-06 17:01:57] [INFO] [Component] Setting water_dragon_Qituoo_c5d00b7b-b3e6-4778-9fda-2d9f286aae0d on to 12_5_e496aa57-3c14-4453-a6f0-b8e53db3de1b.
[2025-04-06 17:01:57] [INFO] [SpeedQueue] Added unit enemy:Qituoo into queue
[2025-04-06 17:01:57] [INFO] [Component] Setting fire_dragon_Xokziy_20298116-6962-418c-b4a5-f388557c1c2f on to 2_4_37daa89b-45a8-4d2e-89f2-0b6f87d5dcf6.
[2025-04-06 17:01:57] [INFO] [SpeedQueue] Added unit enemy:Xokziy into queue
[2025-04-06 17:01:57] [INFO] [Component] Setting water_dragon_Eohoe_41739897-74da-4e78-84e1-503cfffa8e6e on to 3_0_cbad362e-3cdc-490a-b23b-fcb031c128c2.
[2025-04-06 17:01:57] [INFO] [SpeedQueue] Added unit enemy:Eohoe into queue
[2025-04-06 17:01:57] [INFO] [Component] Setting light_dragon_Fuoyoy_cebd4bea-0429-4639-8793-af1989b70bca on to 12_6_18aa9bd1-64af-4957-8b34-ccd38047d4f0.
[2025-04-06 17:01:57] [INFO] [SpeedQueue] Added unit enemy:Fuoyoy into queue
[2025-04-06 17:01:57] [INFO] [Component] Setting dragon_Teyeuu_16c2af5e-2ff0-4fbc-a429-99d5ef4ead0b on to 14_7_f0cec4d0-a73e-4e3d-9fa9-fac674483632.
[2025-04-06 17:01:57] [INFO] [SpeedQueue] Added unit enemy:Teyeuu into queue
[2025-04-06 17:01:57] [INFO] [Component] Setting dark_dragon_Gegyea_bce6ae9f-cc70-42c2-99dc-d0fcd389086b on to 1_9_93a2fd2c-daf6-4923-baa6-b0b90cd411b2.
[2025-04-06 17:01:57] [INFO] [SpeedQueue] Added unit user:Gegyea into queue
[2025-04-06 17:01:57] [INFO] [Component] Setting water_dragon_Veee_52f5d73e-f2cb-4755-bb36-cb5160fd1b59 on to 9_3_c1489479-9eb5-4037-ae02-509407583ce4.
[2025-04-06 17:01:57] [INFO] [SpeedQueue] Added unit user:Ve