[2025-03-23 09:28:51] [INFO] [AssetPool] Started initializing AssetPool
[2025-03-23 09:28:51] [INFO] [AssetNameSpace] Started loading Sprite's from ./res/graphics
[2025-03-23 09:28:51] [INFO] [AssetNameSpace] Finished reading files for sprites
[2025-03-23 09:28:52] [INFO] [AssetNameSpace] Finished loading ./res/graphics
[2025-03-23 09:28:52] [INFO] [AssetPool] Finished initializing AssetPool
[2025-03-23 09:28:52] [INFO] [FontPoolV1] Started initializing FontPoolV1
[2025-03-23 09:28:52] [INFO] [FontPoolV1] Finished initializing FontPoolV1
[2025-03-23 09:28:52] [INFO] [UnitDatabase] Started initializing UnitDatabase
[2025-03-23 09:28:52] [INFO] [UnitDatabase] Successfully initialized UnitDatabase
[2025-03-23 09:28:52] [INFO] [UnitDatabase] Finished initializing UnitDatabase
[2025-03-23 09:28:52] [INFO] [JsonDatabase] Started initializing JsonDatabase
[2025-03-23 09:28:52] [INFO] [JsonTable] Started initializing JsonTable
[2025-03-23 09:28:52] [INFO] [JsonTable] Successfully initialized JsonTable
[2025-03-23 09:28:52] [INFO] [JsonTable] Finished initializing JsonTable
[2025-03-23 09:28:52] [INFO] [JsonTable] Started initializing JsonTable
[2025-03-23 09:28:52] [INFO] [JsonTable] Successfully initialized JsonTable
[2025-03-23 09:28:52] [INFO] [JsonTable] Finished initializing JsonTable
[2025-03-23 09:28:52] [INFO] [JsonTable] Started initializing JsonTable
[2025-03-23 09:28:52] [INFO] [JsonTable] Successfully initialized JsonTable
[2025-03-23 09:28:52] [INFO] [JsonTable] Finished initializing JsonTable
[2025-03-23 09:28:52] [INFO] [JsonDatabase] Successfully initialized JsonDatabase
[2025-03-23 09:28:52] [INFO] [JsonDatabase] Finished initializing JsonDatabase
[2025-03-23 09:28:52] [INFO] [Component] Setting 33a99901-3881-4067-a021-a143716d46cb on to 7aff992f-b96e-4921-8426-1ac572a37bc7.
[2025-03-23 09:28:52] [INFO] [SpeedQueue] Added unit enemy:Xusi into queue
[2025-03-23 09:28:52] [INFO] [Component] Setting 04fff991-03ef-4db5-ae0d-fabdc5af9d90 on to 92c85c05-ca04-48c2-b4f5-3e59f58f9638.
[2025-03-23 09:28:52] [INFO] [SpeedQueue] Added unit enemy:Fabny into queue
[2025-03-23 09:28:52] [INFO] [Component] Setting 823d3f5f-32f2-4b41-a4c8-fd61d80ae2f7 on to 96729b38-8387-4e00-8e6e-41417e280b66.
[2025-03-23 09:28:52] [INFO] [SpeedQueue] Added unit enemy:Seya into queue
[2025-03-23 09:28:52] [INFO] [Component] Setting d7745f14-548e-4c40-b633-d73595cf538a on to a4a87817-e78f-4b48-a62c-3a2b9e15044b.
[2025-03-23 09:28:52] [INFO] [SpeedQueue] Added unit enemy:Tuxe into queue
[2025-03-23 09:28:52] [INFO] [Component] Setting a21fa821-72b0-4e0d-bb25-6fe388246c25 on to 6111fd6f-7636-4735-bfbf-b3f65bb40cc7.
[2025-03-23 09:28:52] [INFO] [SpeedQueue] Added unit user:Eizy into queue
[2025-03-23 09:28:52] [INFO] [Component] Setting d93040ff-e0a0-41f4-ab63-c932251be6a1 on to ed271e3e-944f-42f6-a896-18c954c2aa97.
[2025-03-23 09:28:52] [INFO] [SpeedQueue] Added unit user:Mahbmo into queue
[2025-03-23 09:28:52] [INFO] [Component] Setting bf512881-a0ab-4f4b-8654-0c041dbee906 on to a859d32e-114a-474b-8d79-b3852e3cd065.
[2025-03-23 09:28:52] [INFO] [SpeedQueue] Added unit user:Qoia into queue
[2025-03-23 09:28:52] [INFO] [Component] Setting a9b1ae9a-6696-4309-96c8-e71e4ce8d753 on to 0616dda0-de9a-4d30-96e8-138db86f291b.
[2025-03-23 09:28:52] [INFO] [SpeedQueue] Added unit user:Lihyw into queue
[2025-03-23 09:28:52] [INFO] [EngineController] Started setting scene to MENU_SCENE
[2025-03-23 09:28:52] [INFO] [EngineController] Finished setting scene to MENU_SCENE
[2025-03-23 09:28:52] [INFO] [EngineController] Started setting scene to MAP_EDITOR_SCENE
[2025-03-23 09:28:52] [INFO] [FontPool] Started initializing FontPool
[2025-03-23 09:28:52] [INFO] [FontPool] ✅ Successfully loaded font: Lilian
[2025-03-23 09:28:53] [INFO] [EngineController] Finished setting scene to MAP_EDITOR_SCENE
[2025-03-23 09:28:53] [INFO] [EngineController] Started setting scene to GAME_SCENE
[2025-03-23 09:28:53] [INFO] [EngineController] Finished setting scene to GAME_SCENE
[2025-03-23 09:28:53] [INFO] [SpeedQueue] Speed queue updated.
[2025-03-23 09:28:53] [INFO] [VisualsSystem] Started creating blurred background
[2025-03-23 09:28:53] [INFO] [TimeLinePanel] Started updating the timeline panel after turn order has changed.
[2025-03-23 09:28:53] [INFO] [TimeLinePanel] Finished updating the timeline panel after turn order has changed.
[2025-03-23 09:28:53] [INFO] [SelectedTilePanel] Checksum updated, getting units at selected tiles.
[2025-03-23 09:28:53] [INFO] [SelectedTilePanel] Either no unit selected or more than one unit selected
[2025-03-23 09:28:53] [INFO] [LesserStatisticsInformationPanel] Checksum has been updated, querying statistics for unit bf512881-a0ab-4f4b-8654-0c041dbee906
[2025-03-23 09:28:53] [INFO] [VisualsSystem] Finished creating blurred background after 0.49745845794677734 seconds
[2025-03-23 09:28:54] [INFO] [SelectedTilePanel] Checksum updated, getting units at selected tiles.
[2025-03-23 09:28:54] [INFO] [SelectedTilePanel] Either no unit selected or more than one unit selected
[2025-03-23 09:28:56] [INFO] [InputHandler] Gliding secondary.camera camera to new tile a859d32e-114a-474b-8d79-b3852e3cd065
[2025-03-23 09:28:56] [INFO] [InputHandler] Gliding main.camera camera to new tile a859d32e-114a-474b-8d79-b3852e3cd065
[2025-03-23 09:28:56] [INFO] [SelectedTilePanel] Checksum updated, getting units at selected tiles.
[2025-03-23 09:28:56] [INFO] [SelectedTilePanel] Updated selected tile display to view Qoia
[2025-03-23 09:28:56] [INFO] [LesserStatisticsInformationPanel] Finished updating Greater UI
[2025-03-23 09:28:57] [INFO] [MovementSystem] Qoia is planning to move from [9, 6] to null
[2025-03-23 09:28:57] [INFO] [MovementSystem] Updated movement area for Qoia
[2025-03-23 09:28:57] [INFO] [MovementSystem] Updated movement path for Qoia
[2025-03-23 09:28:58] [INFO] [MovementSystem] Qoia is planning to move from [9, 6] to [9, 9]
[2025-03-23 09:28:58] [INFO] [MovementSystem] Updated movement path for Qoia
[2025-03-23 09:28:58] [INFO] [MovementSystem] Qoia is planning to move from [9, 6] to [9, 8]
[2025-03-23 09:28:58] [INFO] [MovementSystem] Updated movement path for Qoia
[2025-03-23 09:28:58] [INFO] [MovementSystem] Qoia is planning to move from [9, 6] to [8, 8]
[2025-03-23 09:28:58] [INFO] [MovementSystem] Updated movement path for Qoia
[2025-03-23 09:28:58] [INFO] [MovementSystem] Qoia is planning to move from [9, 6] to [8, 7]
[2025-03-23 09:28:58] [INFO] [MovementSystem] Updated movement path for Qoia
[2025-03-23 09:28:59] [INFO] [MovementSystem] Qoia is planning to move from [9, 6] to [8, 6]
[2025-03-23 09:28:59] [INFO] [MovementSystem] Updated movement path for Qoia
[2025-03-23 09:28:59] [INFO] [MovementSystem] Qoia is planning to move from [9, 6] to [9, 6]
[2025-03-23 09:28:59] [INFO] [MovementSystem] Updated movement path for Qoia
[2025-03-23 09:28:59] [INFO] [MovementSystem] Qoia is planning to move from [9, 6] to [9, 5]
[2025-03-23 09:28:59] [INFO] [MovementSystem] Updated movement path for Qoia
[2025-03-23 09:29:00] [INFO] [Component] Setting bf512881-a0ab-4f4b-8654-0c041dbee906 on to aadcecd8-5176-43f9-bbff-047b8939de37.
[2025-03-23 09:29:00] [INFO] [MovementSystem] Moved from [9, 6] to [9, 5]
[2025-03-23 09:29:00] [INFO] [SelectedTilePanel] Checksum updated, getting units at selected tiles.
[2025-03-23 09:29:00] [INFO] [SelectedTilePanel] Updated selected tile display to view Qoia
[2025-03-23 09:29:00] [INFO] [LesserStatisticsInformationPanel] Finished updating Greater UI
[2025-03-23 09:29:03] [INFO] [AbilitySelectionPanel] Selecting slam
[2025-03-23 09:29:03] [INFO] [AbilityDatabase] Started initializing AbilityDatabase
[2025-03-23 09:29:03] [INFO] [AbilityDatabase] Successfully initialized AbilityDatabase
[2025-03-23 09:29:03] [INFO] [AbilityDatabase] Finished initializing AbilityDatabase
[2025-03-23 09:29:03] [INFO] [AbilitySystem] Qoia is planning to use slam on null
[2025-03-23 09:29:03] [INFO] [AbilitySystem] Updated area of sight for Qoia, viewing 4 tiles
[2025-03-23 09:29:03] [INFO] [AbilitySystem] Updated line of sight for Qoia, viewing 0 tiles
[2025-03-23 09:29:03] [INFO] [AbilitySystem] Updated area of effect for Qoia viewing 0 tiles
[2025-03-23 09:29:03] [INFO] [AbilitySystem] Qoia is planning to use slam on [9, 4]
[2025-03-23 09:29:03] [INFO] [AbilitySystem] Updated line of sight for Qoia, viewing 2 tiles
[2025-03-23 09:29:03] [INFO] [AbilitySystem] Updated area of effect for Qoia viewing 1 tiles
[2025-03-23 09:29:05] [INFO] [AbilitySystem] Used from slam on [9, 4]
[2025-03-23 09:29:07] [INFO] [TimeLinePanel] Started updating the timeline panel after turn order has changed.
[2025-03-23 09:29:07] [INFO] [TimeLinePanel] Finished updating the timeline panel after turn order has changed.
[2025-03-23 09:29:10] [INFO] [MovementSystem] Lihyw is planning to move from [1, 4] to null
[2025-03-23 09:29:10] [INFO] [MovementSystem] Updated movement area for Lihyw
[2025-03-23 09:29:10] [INFO] [MovementSystem] Updated movement path for Lihyw
