[2025-03-21 01:58:20] [INFO] [AssetPool] Started initializing AssetPool
[2025-03-21 01:58:20] [INFO] [SpriteSheetOG] Started loading Sprite's from ./res/graphics
[2025-03-21 01:58:20] [INFO] [SpriteSheetOG] Finished reading files for sprites
[2025-03-21 01:58:20] [INFO] [Sprite] Finished loading ./res/graphics/misc/blue_reticle.png
[2025-03-21 01:58:20] [INFO] [Sprite] Finished loading ./res/graphics/misc/pink_spawn.png
[2025-03-21 01:58:20] [INFO] [Sprite] Finished loading ./res/graphics/misc/reticle.png
[2025-03-21 01:58:20] [INFO] [Sprite] Finished loading ./res/graphics/misc/yellow_spawn.png
[2025-03-21 01:58:20] [INFO] [Sprite] Finished loading ./res/graphics/misc/blue_spawn.png
[2025-03-21 01:58:20] [INFO] [Sprite] Finished loading ./res/graphics/misc/red_reticle.png
[2025-03-21 01:58:20] [INFO] [Sprite] Finished loading ./res/graphics/misc/depth_shadows.png
[2025-03-21 01:58:20] [INFO] [Sprite] Finished loading ./res/graphics/misc/yellow_reticle.png
[2025-03-21 01:58:20] [INFO] [Sprite] Finished loading ./res/graphics/misc/red_spawn.png
[2025-03-21 01:58:20] [INFO] [Sprite] Finished loading ./res/graphics/misc/directional_shadows.png
[2025-03-21 01:58:20] [INFO] [Sprite] Finished loading ./res/graphics/shadows/northwest.png
[2025-03-21 01:58:20] [INFO] [Sprite] Finished loading ./res/graphics/shadows/west.png
[2025-03-21 01:58:20] [INFO] [Sprite] Finished loading ./res/graphics/shadows/north.png
[2025-03-21 01:58:20] [INFO] [Sprite] Finished loading ./res/graphics/shadows/east.png
[2025-03-21 01:58:20] [INFO] [Sprite] Finished loading ./res/graphics/shadows/northeast.png
[2025-03-21 01:58:20] [INFO] [Sprite] Finished loading ./res/graphics/shadows/south.png
[2025-03-21 01:58:20] [INFO] [Sprite] Finished loading ./res/graphics/shadows/southwest.png
[2025-03-21 01:58:20] [INFO] [Sprite] Finished loading ./res/graphics/shadows/southeast.png
[2025-03-21 01:58:20] [INFO] [Sprite] Finished loading ./res/graphics/structures/tree3_structure.png
[2025-03-21 01:58:20] [INFO] [Sprite] Finished loading ./res/graphics/structures/tree4_structure.png
[2025-03-21 01:58:20] [INFO] [Sprite] Finished loading ./res/graphics/structures/tree1_structure.png
[2025-03-21 01:58:20] [INFO] [Sprite] Finished loading ./res/graphics/structures/tree5_structure.png
[2025-03-21 01:58:20] [INFO] [Sprite] Finished loading ./res/graphics/structures/tree2_structure.png
[2025-03-21 01:58:20] [INFO] [Sprite] Finished loading ./res/graphics/structures/tree6_structure.png
[2025-03-21 01:58:20] [INFO] [Sprite] Finished loading ./res/graphics/wall_tiles/rock_wall2.png
[2025-03-21 01:58:20] [INFO] [Sprite] Finished loading ./res/graphics/wall_tiles/sandstone_wall.png
[2025-03-21 01:58:20] [INFO] [Sprite] Finished loading ./res/graphics/wall_tiles/elden_yellow_wall.png
[2025-03-21 01:58:20] [INFO] [Sprite] Finished loading ./res/graphics/wall_tiles/vine_on_wall.png
[2025-03-21 01:58:20] [INFO] [Sprite] Finished loading ./res/graphics/wall_tiles/boulder_wall.png
[2025-03-21 01:58:20] [INFO] [Sprite] Finished loading ./res/graphics/wall_tiles/white_marble_wall.png
[2025-03-21 01:58:20] [INFO] [Sprite] Finished loading ./res/graphics/wall_tiles/elden_green_wall.png
[2025-03-21 01:58:20] [INFO] [Sprite] Finished loading ./res/graphics/wall_tiles/brown_marble_wall.png
[2025-03-21 01:58:20] [INFO] [Sprite] Finished loading ./res/graphics/wall_tiles/small_brick_wall.png
[2025-03-21 01:58:20] [INFO] [Sprite] Finished loading ./res/graphics/wall_tiles/moss_wall.png
[2025-03-21 01:58:20] [INFO] [Sprite] Finished loading ./res/graphics/wall_tiles/dirt_brick_vine_wall.png
[2025-03-21 01:58:20] [INFO] [Sprite] Finished loading ./res/graphics/wall_tiles/elden_purple_wall.png
[2025-03-21 01:58:20] [INFO] [Sprite] Finished loading ./res/graphics/wall_tiles/large_brick_wall.png
[2025-03-21 01:58:20] [INFO] [Sprite] Finished loading ./res/graphics/wall_tiles/dirt_wall.png
[2025-03-21 01:58:20] [INFO] [Sprite] Finished loading ./res/graphics/wall_tiles/alien_wall.png
[2025-03-21 01:58:20] [INFO] [Sprite] Finished loading ./res/graphics/wall_tiles/industrial_brick_wall.png
[2025-03-21 01:58:20] [INFO] [Sprite] Finished loading ./res/graphics/wall_tiles/rock_wall.png
[2025-03-21 01:58:20] [INFO] [Sprite] Finished loading ./res/graphics/wall_tiles/dirt_wall2.png
[2025-03-21 01:58:20] [INFO] [Sprite] Finished loading ./res/graphics/wall_tiles/moss_wall2.png
[2025-03-21 01:58:20] [INFO] [Sprite] Finished loading ./res/graphics/wall_tiles/moss_wall3.png
[2025-03-21 01:58:20] [INFO] [Sprite] Finished loading ./res/graphics/wall_tiles/no_wall.png
[2025-03-21 01:58:20] [INFO] [Sprite] Finished loading ./res/graphics/wall_tiles/alien_rune_wall.png
[2025-03-21 01:58:20] [INFO] [Sprite] Finished loading ./res/graphics/wall_tiles/industrial_wall.png
[2025-03-21 01:58:20] [INFO] [Sprite] Finished loading ./res/graphics/wall_tiles/small_brick_wall2.png
[2025-03-21 01:58:20] [INFO] [Sprite] Finished loading ./res/graphics/old/liquids 2.png
[2025-03-21 01:58:20] [INFO] [Sprite] Finished loading ./res/graphics/old/gems.png
[2025-03-21 01:58:20] [INFO] [Sprite] Finished loading ./res/graphics/old/floors.png
[2025-03-21 01:58:20] [INFO] [Sprite] Finished loading ./res/graphics/old/terrains.png
[2025-03-21 01:58:20] [INFO] [Sprite] Finished loading ./res/graphics/old/gemsRaw.png
[2025-03-21 01:58:20] [INFO] [Sprite] Finished loading ./res/graphics/old/walls.png
[2025-03-21 01:58:20] [INFO] [Sprite] Finished loading ./res/graphics/old/special2.png
[2025-03-21 01:58:20] [INFO] [Sprite] Finished loading ./res/graphics/old/structures.png
[2025-03-21 01:58:20] [INFO] [Sprite] Finished loading ./res/graphics/old/special.png
[2025-03-21 01:58:20] [INFO] [Sprite] Finished loading ./res/graphics/old/liquids.png
[2025-03-21 01:58:20] [INFO] [Sprite] Finished loading ./res/graphics/old/units.png
[2025-03-21 01:58:20] [INFO] [Sprite] Finished loading ./res/graphics/old/terrains2.png
[2025-03-21 01:58:20] [INFO] [Sprite] Finished loading ./res/graphics/old/floors2.png
[2025-03-21 01:58:20] [INFO] [Sprite] Finished loading ./res/graphics/floor_tiles/sand_1_floor.png
[2025-03-21 01:58:20] [INFO] [Sprite] Finished loading ./res/graphics/floor_tiles/sand_dark_floor.png
[2025-03-21 01:58:20] [INFO] [Sprite] Finished loading ./res/graphics/floor_tiles/dirty_grass_1_floor.png
[2025-03-21 01:58:20] [INFO] [Sprite] Finished loading ./res/graphics/floor_tiles/white_sand_floor.png
[2025-03-21 01:58:20] [INFO] [Sprite] Finished loading ./res/graphics/floor_tiles/white_sands_2.png
[2025-03-21 01:58:20] [INFO] [Sprite] Finished loading ./res/graphics/floor_tiles/dirty_grass_2_floor.png
[2025-03-21 01:58:20] [INFO] [Sprite] Finished loading ./res/graphics/floor_tiles/sand_3_floor.png
[2025-03-21 01:58:20] [INFO] [Sprite] Finished loading ./res/graphics/floor_tiles/obsidian_floor.png
[2025-03-21 01:58:20] [INFO] [Sprite] Finished loading ./res/graphics/floor_tiles/base_floor.png
[2025-03-21 01:58:20] [INFO] [Sprite] Finished loading ./res/graphics/floor_tiles/sand_floor.png
[2025-03-21 01:58:20] [INFO] [Sprite] Finished loading ./res/graphics/floor_tiles/dirty_grass_3_floor.png
[2025-03-21 01:58:20] [INFO] [Sprite] Finished loading ./res/graphics/floor_tiles/sand_2_floor.png
[2025-03-21 01:58:20] [INFO] [Sprite] Finished loading ./res/graphics/units/Air_Dragon.png
[2025-03-21 01:58:20] [INFO] [Sprite] Finished loading ./res/graphics/units/Dragon.png
[2025-03-21 01:58:20] [INFO] [Sprite] Finished loading ./res/graphics/units/Dark_Dragon.png
[2025-03-21 01:58:20] [INFO] [Sprite] Finished loading ./res/graphics/units/Earth_Dragon.png
[2025-03-21 01:58:20] [INFO] [Sprite] Finished loading ./res/graphics/units/Light_Dragon.png
[2025-03-21 01:58:20] [INFO] [Sprite] Finished loading ./res/graphics/units/Water_Dragon.png
[2025-03-21 01:58:20] [INFO] [Sprite] Finished loading ./res/graphics/units/Fire_Dragon.png
[2025-03-21 01:58:20] [INFO] [Sprite] Finished loading ./res/graphics/actions/StatsDown.png
[2025-03-21 01:58:20] [INFO] [Sprite] Finished loading ./res/graphics/actions/PhysicalHit4.png
[2025-03-21 01:58:20] [INFO] [Sprite] Finished loading ./res/graphics/actions/Slash.png
[2025-03-21 01:58:20] [INFO] [Sprite] Finished loading ./res/graphics/actions/Air.png
[2025-03-21 01:58:20] [INFO] [Sprite] Finished loading ./res/graphics/actions/Dark.png
[2025-03-21 01:58:20] [INFO] [Sprite] Finished loading ./res/graphics/actions/Blunt.png
[2025-03-21 01:58:20] [INFO] [Sprite] Finished loading ./res/graphics/actions/Fire.png
[2025-03-21 01:58:20] [INFO] [Sprite] Finished loading ./res/graphics/actions/Earth.png
[2025-03-21 01:58:20] [INFO] [Sprite] Finished loading ./res/graphics/actions/Light.png
[2025-03-21 01:58:20] [INFO] [Sprite] Finished loading ./res/graphics/actions/StatsUp.png
[2025-03-21 01:58:20] [INFO] [Sprite] Finished loading ./res/graphics/actions/Water.png
[2025-03-21 01:58:20] [INFO] [Sprite] Finished loading ./res/graphics/actions/Pierce.png
[2025-03-21 01:58:20] [INFO] [Sprite] Finished loading ./res/graphics/spells/LightSpell.png
[2025-03-21 01:58:20] [INFO] [Sprite] Finished loading ./res/graphics/spells/StatsDown.png
[2025-03-21 01:58:20] [INFO] [Sprite] Finished loading ./res/graphics/spells/WindSpell.png
[2025-03-21 01:58:20] [INFO] [Sprite] Finished loading ./res/graphics/spells/WaterSpell.png
[2025-03-21 01:58:20] [INFO] [Sprite] Finished loading ./res/graphics/spells/PhysicalHit4.png
[2025-03-21 01:58:20] [INFO] [Sprite] Finished loading ./res/graphics/spells/PhysicalHit1.png
[2025-03-21 01:58:20] [INFO] [Sprite] Finished loading ./res/graphics/spells/LightningSpell.png
[2025-03-21 01:58:20] [INFO] [Sprite] Finished loading ./res/graphics/spells/PhysicalHit3.png
[2025-03-21 01:58:20] [INFO] [Sprite] Finished loading ./res/graphics/spells/PhysicalHit2.png
[2025-03-21 01:58:20] [INFO] [Sprite] Finished loading ./res/graphics/spells/FireSpell.png
[2025-03-21 01:58:20] [INFO] [Sprite] Finished loading ./res/graphics/spells/DarkSpell.png
[2025-03-21 01:58:20] [INFO] [Sprite] Finished loading ./res/graphics/spells/StatsUp.png
[2025-03-21 01:58:20] [INFO] [Sprite] Finished loading ./res/graphics/spells/EarthSpell.png
[2025-03-21 01:58:20] [INFO] [Sprite] Finished loading ./res/graphics/liquids/greater_leafage_liquid.png
[2025-03-21 01:58:20] [INFO] [Sprite] Finished loading ./res/graphics/liquids/waterV4_liquid.png
[2025-03-21 01:58:20] [INFO] [Sprite] Finished loading ./res/graphics/liquids/shallow_swamp.png
[2025-03-21 01:58:20] [INFO] [Sprite] Finished loading ./res/graphics/liquids/water5.png
[2025-03-21 01:58:20] [INFO] [Sprite] Finished loading ./res/graphics/liquids/swamp_2.png
[2025-03-21 01:58:20] [INFO] [Sprite] Finished loading ./res/graphics/liquids/Lava_liquid.png
[2025-03-21 01:58:20] [INFO] [Sprite] Finished loading ./res/graphics/liquids/swamp2.png
[2025-03-21 01:58:20] [INFO] [Sprite] Finished loading ./res/graphics/liquids/waterV33_liquid.png
[2025-03-21 01:58:20] [INFO] [Sprite] Finished loading ./res/graphics/liquids/shallow_water_liquid.png
[2025-03-21 01:58:20] [INFO] [Sprite] Finished loading ./res/graphics/liquids/water_liquid.png
[2025-03-21 01:58:20] [INFO] [Sprite] Finished loading ./res/graphics/liquids/waterV2_liquid.png
[2025-03-21 01:58:20] [INFO] [Sprite] Finished loading ./res/graphics/liquids/swamp2_liquid.png
[2025-03-21 01:58:20] [INFO] [SpriteSheetOG] Finished loading ./res/graphics
[2025-03-21 01:58:20] [INFO] [AssetPool] Finished initializing AssetPool
[2025-03-21 01:58:20] [INFO] [FontPoolV1] Started initializing FontPoolV1
[2025-03-21 01:58:20] [INFO] [FontPoolV1] Finished initializing FontPoolV1
[2025-03-21 01:58:20] [INFO] [UnitDatabase] Started initializing UnitDatabase
[2025-03-21 01:58:20] [INFO] [UnitDatabase] Successfully initialized UnitDatabase
[2025-03-21 01:58:20] [INFO] [UnitDatabase] Finished initializing UnitDatabase
[2025-03-21 01:58:20] [INFO] [JsonDatabase] Started initializing JsonDatabase
[2025-03-21 01:58:20] [INFO] [JsonTable] Started initializing JsonTable
[2025-03-21 01:58:20] [INFO] [JsonTable] Successfully initialized JsonTable
[2025-03-21 01:58:20] [INFO] [JsonTable] Finished initializing JsonTable
[2025-03-21 01:58:20] [INFO] [JsonTable] Started initializing JsonTable
[2025-03-21 01:58:20] [INFO] [JsonTable] Successfully initialized JsonTable
[2025-03-21 01:58:20] [INFO] [JsonTable] Finished initializing JsonTable
[2025-03-21 01:58:20] [INFO] [JsonTable] Started initializing JsonTable
[2025-03-21 01:58:20] [INFO] [JsonTable] Successfully initialized JsonTable
[2025-03-21 01:58:20] [INFO] [JsonTable] Finished initializing JsonTable
[2025-03-21 01:58:20] [INFO] [JsonDatabase] Successfully initialized JsonDatabase
[2025-03-21 01:58:20] [INFO] [JsonDatabase] Finished initializing JsonDatabase
[2025-03-21 01:58:20] [INFO] [Component] Setting e7253a9a-6ccb-48c1-a680-1f097ccc770e on to c2af3ebe-99d8-4ec9-a652-0af7669a8fc9.
[2025-03-21 01:58:20] [INFO] [SpeedQueue] Added unit enemy:Vuji into queue
[2025-03-21 01:58:20] [INFO] [Component] Setting 5e6f074f-a74d-4313-a0dd-f71155747c09 on to b9af99cb-04f2-4aed-92c0-6d4b20fe38c1.
[2025-03-21 01:58:20] [INFO] [SpeedQueue] Added unit enemy:Fikibi into queue
[2025-03-21 01:58:20] [INFO] [Component] Setting c2b53b52-ec86-45a3-a843-d92318e89a25 on to 296b5da4-67fc-4582-8c5d-c4c57d1fc374.
[2025-03-21 01:58:20] [INFO] [SpeedQueue] Added unit enemy:Defujz into queue
[2025-03-21 01:58:20] [INFO] [Component] Setting 5553d95e-b60b-402d-85fb-7b87c32b7eb9 on to f3fc39dd-baf1-4ef6-ae5e-d80a36708404.
[2025-03-21 01:58:20] [INFO] [SpeedQueue] Added unit user:Woexoa into queue
[2025-03-21 01:58:20] [INFO] [Component] Setting 4bb32520-5a69-4275-998e-12b6ec85abeb on to 879b6d6c-dec5-4572-988e-cabbcbdbdda7.
[2025-03-21 01:58:20] [INFO] [SpeedQueue] Added unit user:Qyvmi into queue
[2025-03-21 01:58:20] [INFO] [Component] Setting b85de78b-f386-4ec1-bcdd-53319c1c7626 on to b9b02aa5-9915-489e-b916-a9c73364e8f0.
[2025-03-21 01:58:20] [INFO] [SpeedQueue] Added unit user:Guukvn into queue
[2025-03-21 01:58:20] [INFO] [Component] Setting a618c6cc-dd5d-4df7-896a-0a2206f99137 on to 11627ee5-bc46-4527-a753-e4fd61091267.
[2025-03-21 01:58:20] [INFO] [SpeedQueue] Added unit user:Somey into queue
[2025-03-21 01:58:20] [INFO] [FontPool] Started initializing FontPool
[2025-03-21 01:58:20] [INFO] [FontPool] ✅ Successfully loaded font: Lilian
[2025-03-21 01:58:21] [INFO] [SpeedQueue] Speed queue updated.
[2025-03-21 01:58:21] [INFO] [VisualsSystem] Started creating blurred background
[2025-03-21 01:58:21] [INFO] [TimeLinePanel] Started updating the timeline panel after turn order has changed.
[2025-03-21 01:58:21] [INFO] [TimeLinePanel] Finished updating the timeline panel after turn order has changed.
[2025-03-21 01:58:21] [INFO] [SelectedTilePanel] Checksum updated, getting units at selected tiles.
[2025-03-21 01:58:21] [INFO] [SelectedTilePanel] Either no unit selected or more than one unit selected
[2025-03-21 01:58:21] [INFO] [LesserStatisticsInformationPanel] Checksum has been updated, querying statistics for unit c2b53b52-ec86-45a3-a843-d92318e89a25
[2025-03-21 01:58:21] [INFO] [VisualsSystem] Finished creating blurred background after 0.491340309381485 seconds
[2025-03-21 01:58:22] [INFO] [SelectedTilePanel] Checksum updated, getting units at selected tiles.
[2025-03-21 01:58:22] [INFO] [SelectedTilePanel] Either no unit selected or more than one unit selected
[2025-03-21 01:58:22] [INFO] [AbilityDatabase] Started initializing AbilityDatabase
[2025-03-21 01:58:22] [INFO] [AbilityDatabase] Successfully initialized AbilityDatabase
[2025-03-21 01:58:22] [INFO] [AbilityDatabase] Finished initializing AbilityDatabase
[2025-03-21 01:58:24] [INFO] [MovementSystem] Defujz is planning to move from [2, 3] to [3, 2]
[2025-03-21 01:58:24] [INFO] [MovementSystem] Updated movement area for Defujz
[2025-03-21 01:58:24] [INFO] [MovementSystem] Updated movement path for Defujz
[2025-03-21 01:58:24] [INFO] [Component] Setting c2b53b52-ec86-45a3-a843-d92318e89a25 on to 84f0d231-5b12-4132-aa17-78c81822be97.
[2025-03-21 01:58:24] [INFO] [MovementSystem] Moved from [2, 3] to [3, 2]
[2025-03-21 01:58:25] [INFO] [SelectedTilePanel] Checksum updated, getting units at selected tiles.
[2025-03-21 01:58:25] [INFO] [SelectedTilePanel] Either no unit selected or more than one unit selected
[2025-03-21 01:58:26] [INFO] [TimeLinePanel] Started updating the timeline panel after turn order has changed.
[2025-03-21 01:58:26] [INFO] [TimeLinePanel] Finished updating the timeline panel after turn order has changed.
