[2025-03-11 01:02:23] [INFO] [AssetPool] Started initializing AssetPool
[2025-03-11 01:02:23] [INFO] [Engine] HEAP ALLOCATION INCREASED! 1.0 GB of 16.0 GB used
[2025-03-11 01:02:23] [INFO] [SpriteSheetOG] Started loading Sprite's from ./res/graphics
[2025-03-11 01:02:23] [INFO] [SpriteSheetOG] Finished reading files for sprites
[2025-03-11 01:02:23] [INFO] [Sprite] Finished loading ./res/graphics/misc/blue_reticle.png
[2025-03-11 01:02:23] [INFO] [Sprite] Finished loading ./res/graphics/misc/pink_spawn.png
[2025-03-11 01:02:23] [INFO] [Sprite] Finished loading ./res/graphics/misc/reticle.png
[2025-03-11 01:02:23] [INFO] [Sprite] Finished loading ./res/graphics/misc/yellow_spawn.png
[2025-03-11 01:02:23] [INFO] [Sprite] Finished loading ./res/graphics/misc/blue_spawn.png
[2025-03-11 01:02:23] [INFO] [Sprite] Finished loading ./res/graphics/misc/red_reticle.png
[2025-03-11 01:02:23] [INFO] [Sprite] Finished loading ./res/graphics/misc/depth_shadows.png
[2025-03-11 01:02:23] [INFO] [Sprite] Finished loading ./res/graphics/misc/yellow_reticle.png
[2025-03-11 01:02:23] [INFO] [Sprite] Finished loading ./res/graphics/misc/red_spawn.png
[2025-03-11 01:02:23] [INFO] [Sprite] Finished loading ./res/graphics/misc/directional_shadows.png
[2025-03-11 01:02:23] [INFO] [Sprite] Finished loading ./res/graphics/shadows/northwest.png
[2025-03-11 01:02:23] [INFO] [Sprite] Finished loading ./res/graphics/shadows/west.png
[2025-03-11 01:02:23] [INFO] [Sprite] Finished loading ./res/graphics/shadows/north.png
[2025-03-11 01:02:23] [INFO] [Sprite] Finished loading ./res/graphics/shadows/east.png
[2025-03-11 01:02:23] [INFO] [Sprite] Finished loading ./res/graphics/shadows/northeast.png
[2025-03-11 01:02:23] [INFO] [Sprite] Finished loading ./res/graphics/shadows/south.png
[2025-03-11 01:02:23] [INFO] [Sprite] Finished loading ./res/graphics/shadows/southwest.png
[2025-03-11 01:02:23] [INFO] [Sprite] Finished loading ./res/graphics/shadows/southeast.png
[2025-03-11 01:02:23] [INFO] [Sprite] Finished loading ./res/graphics/structures/tree3_structure.png
[2025-03-11 01:02:23] [INFO] [Sprite] Finished loading ./res/graphics/structures/tree4_structure.png
[2025-03-11 01:02:23] [INFO] [Sprite] Finished loading ./res/graphics/structures/tree1_structure.png
[2025-03-11 01:02:23] [INFO] [Sprite] Finished loading ./res/graphics/structures/tree5_structure.png
[2025-03-11 01:02:23] [INFO] [Sprite] Finished loading ./res/graphics/structures/tree2_structure.png
[2025-03-11 01:02:23] [INFO] [Sprite] Finished loading ./res/graphics/structures/tree6_structure.png
[2025-03-11 01:02:23] [INFO] [Sprite] Finished loading ./res/graphics/wall_tiles/rock_wall2.png
[2025-03-11 01:02:23] [INFO] [Sprite] Finished loading ./res/graphics/wall_tiles/sandstone_wall.png
[2025-03-11 01:02:23] [INFO] [Sprite] Finished loading ./res/graphics/wall_tiles/elden_yellow_wall.png
[2025-03-11 01:02:23] [INFO] [Sprite] Finished loading ./res/graphics/wall_tiles/vine_on_wall.png
[2025-03-11 01:02:23] [INFO] [Sprite] Finished loading ./res/graphics/wall_tiles/boulder_wall.png
[2025-03-11 01:02:23] [INFO] [Sprite] Finished loading ./res/graphics/wall_tiles/white_marble_wall.png
[2025-03-11 01:02:23] [INFO] [Sprite] Finished loading ./res/graphics/wall_tiles/elden_green_wall.png
[2025-03-11 01:02:23] [INFO] [Sprite] Finished loading ./res/graphics/wall_tiles/brown_marble_wall.png
[2025-03-11 01:02:23] [INFO] [Sprite] Finished loading ./res/graphics/wall_tiles/small_brick_wall.png
[2025-03-11 01:02:23] [INFO] [Sprite] Finished loading ./res/graphics/wall_tiles/moss_wall.png
[2025-03-11 01:02:23] [INFO] [Sprite] Finished loading ./res/graphics/wall_tiles/dirt_brick_vine_wall.png
[2025-03-11 01:02:23] [INFO] [Sprite] Finished loading ./res/graphics/wall_tiles/elden_purple_wall.png
[2025-03-11 01:02:23] [INFO] [Sprite] Finished loading ./res/graphics/wall_tiles/large_brick_wall.png
[2025-03-11 01:02:23] [INFO] [Sprite] Finished loading ./res/graphics/wall_tiles/dirt_wall.png
[2025-03-11 01:02:23] [INFO] [Sprite] Finished loading ./res/graphics/wall_tiles/alien_wall.png
[2025-03-11 01:02:23] [INFO] [Sprite] Finished loading ./res/graphics/wall_tiles/industrial_brick_wall.png
[2025-03-11 01:02:23] [INFO] [Sprite] Finished loading ./res/graphics/wall_tiles/rock_wall.png
[2025-03-11 01:02:23] [INFO] [Sprite] Finished loading ./res/graphics/wall_tiles/dirt_wall2.png
[2025-03-11 01:02:23] [INFO] [Sprite] Finished loading ./res/graphics/wall_tiles/moss_wall2.png
[2025-03-11 01:02:23] [INFO] [Sprite] Finished loading ./res/graphics/wall_tiles/moss_wall3.png
[2025-03-11 01:02:23] [INFO] [Sprite] Finished loading ./res/graphics/wall_tiles/no_wall.png
[2025-03-11 01:02:23] [INFO] [Sprite] Finished loading ./res/graphics/wall_tiles/alien_rune_wall.png
[2025-03-11 01:02:23] [INFO] [Sprite] Finished loading ./res/graphics/wall_tiles/industrial_wall.png
[2025-03-11 01:02:23] [INFO] [Sprite] Finished loading ./res/graphics/wall_tiles/small_brick_wall2.png
[2025-03-11 01:02:23] [INFO] [Sprite] Finished loading ./res/graphics/old/liquids 2.png
[2025-03-11 01:02:23] [INFO] [Sprite] Finished loading ./res/graphics/old/gems.png
[2025-03-11 01:02:23] [INFO] [Sprite] Finished loading ./res/graphics/old/floors.png
[2025-03-11 01:02:23] [INFO] [Sprite] Finished loading ./res/graphics/old/terrains.png
[2025-03-11 01:02:23] [INFO] [Sprite] Finished loading ./res/graphics/old/gemsRaw.png
[2025-03-11 01:02:23] [INFO] [Sprite] Finished loading ./res/graphics/old/walls.png
[2025-03-11 01:02:24] [INFO] [Sprite] Finished loading ./res/graphics/old/special2.png
[2025-03-11 01:02:24] [INFO] [Sprite] Finished loading ./res/graphics/old/structures.png
[2025-03-11 01:02:24] [INFO] [Sprite] Finished loading ./res/graphics/old/special.png
[2025-03-11 01:02:24] [INFO] [Sprite] Finished loading ./res/graphics/old/liquids.png
[2025-03-11 01:02:24] [INFO] [Sprite] Finished loading ./res/graphics/old/units.png
[2025-03-11 01:02:24] [INFO] [Sprite] Finished loading ./res/graphics/old/terrains2.png
[2025-03-11 01:02:24] [INFO] [Sprite] Finished loading ./res/graphics/old/floors2.png
[2025-03-11 01:02:24] [INFO] [Sprite] Finished loading ./res/graphics/floor_tiles/sand_1_floor.png
[2025-03-11 01:02:24] [INFO] [Sprite] Finished loading ./res/graphics/floor_tiles/sand_dark_floor.png
[2025-03-11 01:02:24] [INFO] [Sprite] Finished loading ./res/graphics/floor_tiles/dirty_grass_1_floor.png
[2025-03-11 01:02:24] [INFO] [Sprite] Finished loading ./res/graphics/floor_tiles/white_sand_floor.png
[2025-03-11 01:02:24] [INFO] [Sprite] Finished loading ./res/graphics/floor_tiles/white_sands_2.png
[2025-03-11 01:02:24] [INFO] [Sprite] Finished loading ./res/graphics/floor_tiles/dirty_grass_2_floor.png
[2025-03-11 01:02:24] [INFO] [Sprite] Finished loading ./res/graphics/floor_tiles/sand_3_floor.png
[2025-03-11 01:02:24] [INFO] [Sprite] Finished loading ./res/graphics/floor_tiles/obsidian_floor.png
[2025-03-11 01:02:24] [INFO] [Sprite] Finished loading ./res/graphics/floor_tiles/base_floor.png
[2025-03-11 01:02:24] [INFO] [Sprite] Finished loading ./res/graphics/floor_tiles/sand_floor.png
[2025-03-11 01:02:24] [INFO] [Sprite] Finished loading ./res/graphics/floor_tiles/dirty_grass_3_floor.png
[2025-03-11 01:02:24] [INFO] [Sprite] Finished loading ./res/graphics/floor_tiles/sand_2_floor.png
[2025-03-11 01:02:24] [INFO] [Sprite] Finished loading ./res/graphics/units/Air_Dragon.png
[2025-03-11 01:02:24] [INFO] [Sprite] Finished loading ./res/graphics/units/Dragon.png
[2025-03-11 01:02:24] [INFO] [Sprite] Finished loading ./res/graphics/units/Dark_Dragon.png
[2025-03-11 01:02:24] [INFO] [Sprite] Finished loading ./res/graphics/units/Earth_Dragon.png
[2025-03-11 01:02:24] [INFO] [Sprite] Finished loading ./res/graphics/units/Light_Dragon.png
[2025-03-11 01:02:24] [INFO] [Sprite] Finished loading ./res/graphics/units/Water_Dragon.png
[2025-03-11 01:02:24] [INFO] [Sprite] Finished loading ./res/graphics/units/Fire_Dragon.png
[2025-03-11 01:02:24] [INFO] [Sprite] Finished loading ./res/graphics/actions/StatsDown.png
[2025-03-11 01:02:24] [INFO] [Sprite] Finished loading ./res/graphics/actions/PhysicalHit4.png
[2025-03-11 01:02:24] [INFO] [Sprite] Finished loading ./res/graphics/actions/Slash.png
[2025-03-11 01:02:24] [INFO] [Sprite] Finished loading ./res/graphics/actions/Air.png
[2025-03-11 01:02:24] [INFO] [Sprite] Finished loading ./res/graphics/actions/Dark.png
[2025-03-11 01:02:24] [INFO] [Sprite] Finished loading ./res/graphics/actions/Blunt.png
[2025-03-11 01:02:24] [INFO] [Sprite] Finished loading ./res/graphics/actions/Fire.png
[2025-03-11 01:02:24] [INFO] [Sprite] Finished loading ./res/graphics/actions/Earth.png
[2025-03-11 01:02:24] [INFO] [Sprite] Finished loading ./res/graphics/actions/Light.png
[2025-03-11 01:02:24] [INFO] [Sprite] Finished loading ./res/graphics/actions/StatsUp.png
[2025-03-11 01:02:24] [INFO] [Sprite] Finished loading ./res/graphics/actions/Water.png
[2025-03-11 01:02:24] [INFO] [Sprite] Finished loading ./res/graphics/actions/Pierce.png
[2025-03-11 01:02:24] [INFO] [Sprite] Finished loading ./res/graphics/spells/LightSpell.png
[2025-03-11 01:02:24] [INFO] [Sprite] Finished loading ./res/graphics/spells/StatsDown.png
[2025-03-11 01:02:24] [INFO] [Sprite] Finished loading ./res/graphics/spells/WindSpell.png
[2025-03-11 01:02:24] [INFO] [Sprite] Finished loading ./res/graphics/spells/WaterSpell.png
[2025-03-11 01:02:24] [INFO] [Sprite] Finished loading ./res/graphics/spells/PhysicalHit4.png
[2025-03-11 01:02:24] [INFO] [Sprite] Finished loading ./res/graphics/spells/PhysicalHit1.png
[2025-03-11 01:02:24] [INFO] [Sprite] Finished loading ./res/graphics/spells/LightningSpell.png
[2025-03-11 01:02:24] [INFO] [Sprite] Finished loading ./res/graphics/spells/PhysicalHit3.png
[2025-03-11 01:02:24] [INFO] [Sprite] Finished loading ./res/graphics/spells/PhysicalHit2.png
[2025-03-11 01:02:24] [INFO] [Sprite] Finished loading ./res/graphics/spells/FireSpell.png
[2025-03-11 01:02:24] [INFO] [Sprite] Finished loading ./res/graphics/spells/DarkSpell.png
[2025-03-11 01:02:24] [INFO] [Sprite] Finished loading ./res/graphics/spells/StatsUp.png
[2025-03-11 01:02:24] [INFO] [Sprite] Finished loading ./res/graphics/spells/EarthSpell.png
[2025-03-11 01:02:24] [INFO] [Sprite] Finished loading ./res/graphics/liquids/greater_leafage_liquid.png
[2025-03-11 01:02:24] [INFO] [Sprite] Finished loading ./res/graphics/liquids/waterV4_liquid.png
[2025-03-11 01:02:24] [INFO] [Sprite] Finished loading ./res/graphics/liquids/shallow_swamp.png
[2025-03-11 01:02:24] [INFO] [Sprite] Finished loading ./res/graphics/liquids/water5.png
[2025-03-11 01:02:24] [INFO] [Sprite] Finished loading ./res/graphics/liquids/swamp_2.png
[2025-03-11 01:02:24] [INFO] [Sprite] Finished loading ./res/graphics/liquids/Lava_liquid.png
[2025-03-11 01:02:24] [INFO] [Sprite] Finished loading ./res/graphics/liquids/swamp2.png
[2025-03-11 01:02:24] [INFO] [Sprite] Finished loading ./res/graphics/liquids/waterV33_liquid.png
[2025-03-11 01:02:24] [INFO] [Sprite] Finished loading ./res/graphics/liquids/shallow_water_liquid.png
[2025-03-11 01:02:24] [INFO] [Sprite] Finished loading ./res/graphics/liquids/water_liquid.png
[2025-03-11 01:02:24] [INFO] [Sprite] Finished loading ./res/graphics/liquids/waterV2_liquid.png
[2025-03-11 01:02:24] [INFO] [Sprite] Finished loading ./res/graphics/liquids/swamp2_liquid.png
[2025-03-11 01:02:24] [INFO] [SpriteSheetOG] Finished loading ./res/graphics
[2025-03-11 01:02:24] [INFO] [AssetPool] Finished initializing AssetPool
[2025-03-11 01:02:24] [INFO] [FontPoolV1] Started initializing FontPoolV1
[2025-03-11 01:02:24] [INFO] [FontPoolV1] Finished initializing FontPoolV1
[2025-03-11 01:02:24] [INFO] [UnitDatabase] Started initializing UnitDatabase
[2025-03-11 01:02:24] [INFO] [UnitDatabase] Successfully initialized UnitDatabase
[2025-03-11 01:02:24] [INFO] [UnitDatabase] Finished initializing UnitDatabase
[2025-03-11 01:02:24] [INFO] [JsonDatabase] Started initializing JsonDatabase
[2025-03-11 01:02:24] [INFO] [JsonTable] Started initializing JsonTable
[2025-03-11 01:02:24] [INFO] [JsonTable] Successfully initialized JsonTable
[2025-03-11 01:02:24] [INFO] [JsonTable] Finished initializing JsonTable
[2025-03-11 01:02:24] [INFO] [JsonTable] Started initializing JsonTable
[2025-03-11 01:02:24] [INFO] [JsonTable] Successfully initialized JsonTable
[2025-03-11 01:02:24] [INFO] [JsonTable] Finished initializing JsonTable
[2025-03-11 01:02:24] [INFO] [JsonTable] Started initializing JsonTable
[2025-03-11 01:02:24] [INFO] [JsonTable] Successfully initialized JsonTable
[2025-03-11 01:02:24] [INFO] [JsonTable] Finished initializing JsonTable
[2025-03-11 01:02:24] [INFO] [JsonDatabase] Successfully initialized JsonDatabase
[2025-03-11 01:02:24] [INFO] [JsonDatabase] Finished initializing JsonDatabase
[2025-03-11 01:02:24] [INFO] [Component] Setting 866dea24-4345-4c38-8dc7-265cf686fdbd on to fa22dfb1-de68-416d-9b3a-17a7b6f1f960.
[2025-03-11 01:02:24] [INFO] [SpeedQueue] Added unit enemy:Cakiud into queue
[2025-03-11 01:02:24] [INFO] [Component] Setting 802ec9d8-388a-489c-b340-7cb0aefbb848 on to 40d83739-4f7f-40c1-a360-8c46683cfae9.
[2025-03-11 01:02:24] [INFO] [SpeedQueue] Added unit enemy:Famyvi into queue
[2025-03-11 01:02:24] [INFO] [Component] Setting 3d98d221-dd8b-4d4a-ac56-85143e81fe68 on to bfef0b0b-b4b8-4c62-ac78-ca6548310629.
[2025-03-11 01:02:24] [INFO] [SpeedQueue] Added unit enemy:Ciiuuy into queue
[2025-03-11 01:02:24] [INFO] [Component] Setting 9486f922-543b-422e-a0cf-791cd5137d34 on to 81e809a4-6307-48cf-8140-e8099b9c4545.
[2025-03-11 01:02:24] [INFO] [SpeedQueue] Added unit enemy:Oaqu into queue
[2025-03-11 01:02:24] [INFO] [Component] Setting 34c5cbda-4364-4209-a1e7-d92f1edc267d on to 275c6bd4-4371-4225-afdf-e5209273cdbc.
[2025-03-11 01:02:24] [INFO] [SpeedQueue] Added unit user:Eutfnq into queue
[2025-03-11 01:02:24] [INFO] [Component] Setting a8a7ac8a-9aaf-4c62-8b09-b258b8fa6423 on to e3d43a73-4e96-41fa-9fad-d5870908e6f6.
[2025-03-11 01:02:24] [INFO] [SpeedQueue] Added unit user:Ooiyu into queue
[2025-03-11 01:02:24] [INFO] [Component] Setting b5713d20-6462-4d9d-8498-40e5ceed3b57 on to 4f0fa2c1-c0d7-4e0c-8529-55703422a1de.
[2025-03-11 01:02:24] [INFO] [SpeedQueue] Added unit user:Socet into queue
[2025-03-11 01:02:24] [INFO] [FontPool] Started initializing FontPool
[2025-03-11 01:02:24] [INFO] [FontPool] ✅ Successfully loaded font: Lilian
[2025-03-11 01:02:25] [INFO] [SpeedQueue] Speed queue updated.
[2025-03-11 01:02:25] [INFO] [VisualsSystem] Started creating blurred background
[2025-03-11 01:02:25] [INFO] [TimeLinePanel] Updating timeline HUD
[2025-03-11 01:02:25] [INFO] [SelectedTilePanel] Checksum updated, getting units at selected tiles.
[2025-03-11 01:02:25] [INFO] [SelectedTilePanel] Either no unit selected or more than one unit selected
[2025-03-11 01:02:25] [INFO] [LesserStatisticsInformationPanel] Checksum has been updated, querying statistics for unit a8a7ac8a-9aaf-4c62-8b09-b258b8fa6423
[2025-03-11 01:02:25] [INFO] [VisualsSystem] Finished creating blurred background after 0.501140832901001 seconds
[2025-03-11 01:02:26] [INFO] [SelectedTilePanel] Checksum updated, getting units at selected tiles.
[2025-03-11 01:02:26] [INFO] [SelectedTilePanel] Either no unit selected or more than one unit selected
[2025-03-11 01:02:27] [INFO] [SelectedTilePanel] Checksum updated, getting units at selected tiles.
[2025-03-11 01:02:27] [INFO] [SelectedTilePanel] Either no unit selected or more than one unit selected
[2025-03-11 01:02:31] [INFO] [SelectedTilePanel] Checksum updated, getting units at selected tiles.
[2025-03-11 01:02:31] [INFO] [SelectedTilePanel] Updated selected tile display to view Cakiud
[2025-03-11 01:02:31] [INFO] [LesserStatisticsInformationPanel] Finished updating Greater UI
[2025-03-11 01:02:33] [INFO] [SelectedTilePanel] Checksum updated, getting units at selected tiles.
[2025-03-11 01:02:33] [INFO] [SelectedTilePanel] Either no unit selected or more than one unit selected
[2025-03-11 01:02:34] [INFO] [SelectedTilePanel] Checksum updated, getting units at selected tiles.
[2025-03-11 01:02:34] [INFO] [SelectedTilePanel] Either no unit selected or more than one unit selected
[2025-03-11 01:02:35] [INFO] [SelectedTilePanel] Checksum updated, getting units at selected tiles.
[2025-03-11 01:02:35] [INFO] [SelectedTilePanel] Either no unit selected or more than one unit selected
[2025-03-11 01:02:37] [INFO] [SelectedTilePanel] Checksum updated, getting units at selected tiles.
[2025-03-11 01:02:37] [INFO] [SelectedTilePanel] Updated selected tile display to view Ooiyu
[2025-03-11 01:02:37] [INFO] [LesserStatisticsInformationPanel] Finished updating Greater UI
[2025-03-11 01:02:38] [INFO] [SelectedTilePanel] Checksum updated, getting units at selected tiles.
[2025-03-11 01:02:38] [INFO] [SelectedTilePanel] Either no unit selected or more than one unit selected
[2025-03-11 01:02:39] [INFO] [SelectedTilePanel] Checksum updated, getting units at selected tiles.
[2025-03-11 01:02:39] [INFO] [SelectedTilePanel] Either no unit selected or more than one unit selected
[2025-03-11 01:02:40] [INFO] [SelectedTilePanel] Checksum updated, getting units at selected tiles.
[2025-03-11 01:02:40] [INFO] [SelectedTilePanel] Either no unit selected or more than one unit selected
[2025-03-11 01:02:44] [INFO] [SelectedTilePanel] Checksum updated, getting units at selected tiles.
[2025-03-11 01:02:44] [INFO] [SelectedTilePanel] Either no unit selected or more than one unit selected
[2025-03-11 01:02:46] [INFO] [SelectedTilePanel] Checksum updated, getting units at selected tiles.
[2025-03-11 01:02:46] [INFO] [SelectedTilePanel] Either no unit selected or more than one unit selected
[2025-03-11 01:02:47] [INFO] [SelectedTilePanel] Checksum updated, getting units at selected tiles.
[2025-03-11 01:02:47] [INFO] [SelectedTilePanel] Updated selected tile display to view Oaqu
[2025-03-11 01:02:47] [INFO] [LesserStatisticsInformationPanel] Finished updating Greater UI
[2025-03-11 01:02:51] [INFO] [Main] {
  "map.generation.zoom": 0.75,
  "map.generation.min.height": -10,
  "hovered.tiles": ["31f1c068-bdc6-4b31-a209-aff1c52f0e46"],
  "view_sprite_height": 96,
  "delta_time": 0.008224458,
  "map.generation.starting.camerra.height": 950,
  "spawn.placement.policy": "everywhere",
  "gameplay.water.level": 0,
  "statistics.panel.is.open": false,
  "automatically.go.to.home.controls": false,
  "camera_map": {
    "main_camera": {},
    "selection_camera": {}
  },
  "map.generation.starting.y": 0,
  "map.generation.base.level": 1,
  "map.generation.starting.x": 0,
  "show.heights": true,
  "hide.gameplay.ui": true,
  "tile.to.glide.to": "",
  "map.generation.max.height": 10,
  "selected.tiles.checksum": -706943468,
  "map.generation.base.terrain": "sand_3_floor",
  "debug_mode_for_the_game_state": false,
  "movement.panel.is.open": false,
  "gameplay.rows": 10,
  "view_sprite_width": 96,
  "map.generation.starting.sprite.width": 96,
  "ability.panel.is.open": false,
  "gameplay.mode": "gameplay.mode.regular",
  "map.generation.structure.assets": ["tree4_structure"],
  "floating_text_map": {},
  "map.center.on.startup": true,
  "gameplay.columns": 10,
  "gameplay.water.asset": "water_liquid",
  "selected.tiles": ["81e809a4-6307-48cf-8140-e8099b9c4545"],
  "map.generation.starting.camera.width": 1500,
  "selected_ability_from_ui": "",
  "map.generation.starting.sprite.height": 96,
  "map.generation.use.noise": true,
  "floating_text_font_size": 30,
  "map.generation.base.asset": "base_floor"
}
