[2025-03-15 21:10:49] [INFO] [AssetPool] Started initializing AssetPool
[2025-03-15 21:10:49] [INFO] [Engine] HEAP ALLOCATION INCREASED! 1.0 GB of 16.0 GB used
[2025-03-15 21:10:49] [INFO] [SpriteSheetOG] Started loading Sprite's from ./res/graphics
[2025-03-15 21:10:49] [INFO] [SpriteSheetOG] Finished reading files for sprites
[2025-03-15 21:10:49] [INFO] [Sprite] Finished loading ./res/graphics/misc/blue_reticle.png
[2025-03-15 21:10:49] [INFO] [Sprite] Finished loading ./res/graphics/misc/pink_spawn.png
[2025-03-15 21:10:49] [INFO] [Sprite] Finished loading ./res/graphics/misc/reticle.png
[2025-03-15 21:10:49] [INFO] [Sprite] Finished loading ./res/graphics/misc/yellow_spawn.png
[2025-03-15 21:10:49] [INFO] [Sprite] Finished loading ./res/graphics/misc/blue_spawn.png
[2025-03-15 21:10:49] [INFO] [Sprite] Finished loading ./res/graphics/misc/red_reticle.png
[2025-03-15 21:10:49] [INFO] [Sprite] Finished loading ./res/graphics/misc/depth_shadows.png
[2025-03-15 21:10:49] [INFO] [Sprite] Finished loading ./res/graphics/misc/yellow_reticle.png
[2025-03-15 21:10:49] [INFO] [Sprite] Finished loading ./res/graphics/misc/red_spawn.png
[2025-03-15 21:10:49] [INFO] [Sprite] Finished loading ./res/graphics/misc/directional_shadows.png
[2025-03-15 21:10:49] [INFO] [Sprite] Finished loading ./res/graphics/shadows/northwest.png
[2025-03-15 21:10:49] [INFO] [Sprite] Finished loading ./res/graphics/shadows/west.png
[2025-03-15 21:10:49] [INFO] [Sprite] Finished loading ./res/graphics/shadows/north.png
[2025-03-15 21:10:49] [INFO] [Sprite] Finished loading ./res/graphics/shadows/east.png
[2025-03-15 21:10:49] [INFO] [Sprite] Finished loading ./res/graphics/shadows/northeast.png
[2025-03-15 21:10:49] [INFO] [Sprite] Finished loading ./res/graphics/shadows/south.png
[2025-03-15 21:10:49] [INFO] [Sprite] Finished loading ./res/graphics/shadows/southwest.png
[2025-03-15 21:10:49] [INFO] [Sprite] Finished loading ./res/graphics/shadows/southeast.png
[2025-03-15 21:10:49] [INFO] [Sprite] Finished loading ./res/graphics/structures/tree3_structure.png
[2025-03-15 21:10:49] [INFO] [Sprite] Finished loading ./res/graphics/structures/tree4_structure.png
[2025-03-15 21:10:49] [INFO] [Sprite] Finished loading ./res/graphics/structures/tree1_structure.png
[2025-03-15 21:10:49] [INFO] [Sprite] Finished loading ./res/graphics/structures/tree5_structure.png
[2025-03-15 21:10:49] [INFO] [Sprite] Finished loading ./res/graphics/structures/tree2_structure.png
[2025-03-15 21:10:49] [INFO] [Sprite] Finished loading ./res/graphics/structures/tree6_structure.png
[2025-03-15 21:10:49] [INFO] [Sprite] Finished loading ./res/graphics/wall_tiles/rock_wall2.png
[2025-03-15 21:10:49] [INFO] [Sprite] Finished loading ./res/graphics/wall_tiles/sandstone_wall.png
[2025-03-15 21:10:49] [INFO] [Sprite] Finished loading ./res/graphics/wall_tiles/elden_yellow_wall.png
[2025-03-15 21:10:49] [INFO] [Sprite] Finished loading ./res/graphics/wall_tiles/vine_on_wall.png
[2025-03-15 21:10:49] [INFO] [Sprite] Finished loading ./res/graphics/wall_tiles/boulder_wall.png
[2025-03-15 21:10:49] [INFO] [Sprite] Finished loading ./res/graphics/wall_tiles/white_marble_wall.png
[2025-03-15 21:10:49] [INFO] [Sprite] Finished loading ./res/graphics/wall_tiles/elden_green_wall.png
[2025-03-15 21:10:49] [INFO] [Sprite] Finished loading ./res/graphics/wall_tiles/brown_marble_wall.png
[2025-03-15 21:10:49] [INFO] [Sprite] Finished loading ./res/graphics/wall_tiles/small_brick_wall.png
[2025-03-15 21:10:49] [INFO] [Sprite] Finished loading ./res/graphics/wall_tiles/moss_wall.png
[2025-03-15 21:10:49] [INFO] [Sprite] Finished loading ./res/graphics/wall_tiles/dirt_brick_vine_wall.png
[2025-03-15 21:10:49] [INFO] [Sprite] Finished loading ./res/graphics/wall_tiles/elden_purple_wall.png
[2025-03-15 21:10:49] [INFO] [Sprite] Finished loading ./res/graphics/wall_tiles/large_brick_wall.png
[2025-03-15 21:10:49] [INFO] [Sprite] Finished loading ./res/graphics/wall_tiles/dirt_wall.png
[2025-03-15 21:10:49] [INFO] [Sprite] Finished loading ./res/graphics/wall_tiles/alien_wall.png
[2025-03-15 21:10:49] [INFO] [Sprite] Finished loading ./res/graphics/wall_tiles/industrial_brick_wall.png
[2025-03-15 21:10:49] [INFO] [Sprite] Finished loading ./res/graphics/wall_tiles/rock_wall.png
[2025-03-15 21:10:49] [INFO] [Sprite] Finished loading ./res/graphics/wall_tiles/dirt_wall2.png
[2025-03-15 21:10:49] [INFO] [Sprite] Finished loading ./res/graphics/wall_tiles/moss_wall2.png
[2025-03-15 21:10:49] [INFO] [Sprite] Finished loading ./res/graphics/wall_tiles/moss_wall3.png
[2025-03-15 21:10:49] [INFO] [Sprite] Finished loading ./res/graphics/wall_tiles/no_wall.png
[2025-03-15 21:10:49] [INFO] [Sprite] Finished loading ./res/graphics/wall_tiles/alien_rune_wall.png
[2025-03-15 21:10:49] [INFO] [Sprite] Finished loading ./res/graphics/wall_tiles/industrial_wall.png
[2025-03-15 21:10:49] [INFO] [Sprite] Finished loading ./res/graphics/wall_tiles/small_brick_wall2.png
[2025-03-15 21:10:49] [INFO] [Sprite] Finished loading ./res/graphics/old/liquids 2.png
[2025-03-15 21:10:49] [INFO] [Sprite] Finished loading ./res/graphics/old/gems.png
[2025-03-15 21:10:49] [INFO] [Sprite] Finished loading ./res/graphics/old/floors.png
[2025-03-15 21:10:49] [INFO] [Sprite] Finished loading ./res/graphics/old/terrains.png
[2025-03-15 21:10:49] [INFO] [Sprite] Finished loading ./res/graphics/old/gemsRaw.png
[2025-03-15 21:10:49] [INFO] [Sprite] Finished loading ./res/graphics/old/walls.png
[2025-03-15 21:10:49] [INFO] [Sprite] Finished loading ./res/graphics/old/special2.png
[2025-03-15 21:10:49] [INFO] [Sprite] Finished loading ./res/graphics/old/structures.png
[2025-03-15 21:10:49] [INFO] [Sprite] Finished loading ./res/graphics/old/special.png
[2025-03-15 21:10:49] [INFO] [Sprite] Finished loading ./res/graphics/old/liquids.png
[2025-03-15 21:10:49] [INFO] [Sprite] Finished loading ./res/graphics/old/units.png
[2025-03-15 21:10:49] [INFO] [Sprite] Finished loading ./res/graphics/old/terrains2.png
[2025-03-15 21:10:49] [INFO] [Sprite] Finished loading ./res/graphics/old/floors2.png
[2025-03-15 21:10:49] [INFO] [Sprite] Finished loading ./res/graphics/floor_tiles/sand_1_floor.png
[2025-03-15 21:10:49] [INFO] [Sprite] Finished loading ./res/graphics/floor_tiles/sand_dark_floor.png
[2025-03-15 21:10:49] [INFO] [Sprite] Finished loading ./res/graphics/floor_tiles/dirty_grass_1_floor.png
[2025-03-15 21:10:49] [INFO] [Sprite] Finished loading ./res/graphics/floor_tiles/white_sand_floor.png
[2025-03-15 21:10:49] [INFO] [Sprite] Finished loading ./res/graphics/floor_tiles/white_sands_2.png
[2025-03-15 21:10:49] [INFO] [Sprite] Finished loading ./res/graphics/floor_tiles/dirty_grass_2_floor.png
[2025-03-15 21:10:49] [INFO] [Sprite] Finished loading ./res/graphics/floor_tiles/sand_3_floor.png
[2025-03-15 21:10:49] [INFO] [Sprite] Finished loading ./res/graphics/floor_tiles/obsidian_floor.png
[2025-03-15 21:10:49] [INFO] [Sprite] Finished loading ./res/graphics/floor_tiles/base_floor.png
[2025-03-15 21:10:49] [INFO] [Sprite] Finished loading ./res/graphics/floor_tiles/sand_floor.png
[2025-03-15 21:10:49] [INFO] [Sprite] Finished loading ./res/graphics/floor_tiles/dirty_grass_3_floor.png
[2025-03-15 21:10:49] [INFO] [Sprite] Finished loading ./res/graphics/floor_tiles/sand_2_floor.png
[2025-03-15 21:10:49] [INFO] [Sprite] Finished loading ./res/graphics/units/Air_Dragon.png
[2025-03-15 21:10:49] [INFO] [Sprite] Finished loading ./res/graphics/units/Dragon.png
[2025-03-15 21:10:49] [INFO] [Sprite] Finished loading ./res/graphics/units/Dark_Dragon.png
[2025-03-15 21:10:49] [INFO] [Sprite] Finished loading ./res/graphics/units/Earth_Dragon.png
[2025-03-15 21:10:49] [INFO] [Sprite] Finished loading ./res/graphics/units/Light_Dragon.png
[2025-03-15 21:10:49] [INFO] [Sprite] Finished loading ./res/graphics/units/Water_Dragon.png
[2025-03-15 21:10:49] [INFO] [Sprite] Finished loading ./res/graphics/units/Fire_Dragon.png
[2025-03-15 21:10:49] [INFO] [Sprite] Finished loading ./res/graphics/actions/StatsDown.png
[2025-03-15 21:10:49] [INFO] [Sprite] Finished loading ./res/graphics/actions/PhysicalHit4.png
[2025-03-15 21:10:49] [INFO] [Sprite] Finished loading ./res/graphics/actions/Slash.png
[2025-03-15 21:10:49] [INFO] [Sprite] Finished loading ./res/graphics/actions/Air.png
[2025-03-15 21:10:49] [INFO] [Sprite] Finished loading ./res/graphics/actions/Dark.png
[2025-03-15 21:10:49] [INFO] [Sprite] Finished loading ./res/graphics/actions/Blunt.png
[2025-03-15 21:10:49] [INFO] [Sprite] Finished loading ./res/graphics/actions/Fire.png
[2025-03-15 21:10:49] [INFO] [Sprite] Finished loading ./res/graphics/actions/Earth.png
[2025-03-15 21:10:49] [INFO] [Sprite] Finished loading ./res/graphics/actions/Light.png
[2025-03-15 21:10:49] [INFO] [Sprite] Finished loading ./res/graphics/actions/StatsUp.png
[2025-03-15 21:10:49] [INFO] [Sprite] Finished loading ./res/graphics/actions/Water.png
[2025-03-15 21:10:49] [INFO] [Sprite] Finished loading ./res/graphics/actions/Pierce.png
[2025-03-15 21:10:49] [INFO] [Sprite] Finished loading ./res/graphics/spells/LightSpell.png
[2025-03-15 21:10:50] [INFO] [Sprite] Finished loading ./res/graphics/spells/StatsDown.png
[2025-03-15 21:10:50] [INFO] [Sprite] Finished loading ./res/graphics/spells/WindSpell.png
[2025-03-15 21:10:50] [INFO] [Sprite] Finished loading ./res/graphics/spells/WaterSpell.png
[2025-03-15 21:10:50] [INFO] [Sprite] Finished loading ./res/graphics/spells/PhysicalHit4.png
[2025-03-15 21:10:50] [INFO] [Sprite] Finished loading ./res/graphics/spells/PhysicalHit1.png
[2025-03-15 21:10:50] [INFO] [Sprite] Finished loading ./res/graphics/spells/LightningSpell.png
[2025-03-15 21:10:50] [INFO] [Sprite] Finished loading ./res/graphics/spells/PhysicalHit3.png
[2025-03-15 21:10:50] [INFO] [Sprite] Finished loading ./res/graphics/spells/PhysicalHit2.png
[2025-03-15 21:10:50] [INFO] [Sprite] Finished loading ./res/graphics/spells/FireSpell.png
[2025-03-15 21:10:50] [INFO] [Sprite] Finished loading ./res/graphics/spells/DarkSpell.png
[2025-03-15 21:10:50] [INFO] [Sprite] Finished loading ./res/graphics/spells/StatsUp.png
[2025-03-15 21:10:50] [INFO] [Sprite] Finished loading ./res/graphics/spells/EarthSpell.png
[2025-03-15 21:10:50] [INFO] [Sprite] Finished loading ./res/graphics/liquids/greater_leafage_liquid.png
[2025-03-15 21:10:50] [INFO] [Sprite] Finished loading ./res/graphics/liquids/waterV4_liquid.png
[2025-03-15 21:10:50] [INFO] [Sprite] Finished loading ./res/graphics/liquids/shallow_swamp.png
[2025-03-15 21:10:50] [INFO] [Sprite] Finished loading ./res/graphics/liquids/water5.png
[2025-03-15 21:10:50] [INFO] [Sprite] Finished loading ./res/graphics/liquids/swamp_2.png
[2025-03-15 21:10:50] [INFO] [Sprite] Finished loading ./res/graphics/liquids/Lava_liquid.png
[2025-03-15 21:10:50] [INFO] [Sprite] Finished loading ./res/graphics/liquids/swamp2.png
[2025-03-15 21:10:50] [INFO] [Sprite] Finished loading ./res/graphics/liquids/waterV33_liquid.png
[2025-03-15 21:10:50] [INFO] [Sprite] Finished loading ./res/graphics/liquids/shallow_water_liquid.png
[2025-03-15 21:10:50] [INFO] [Sprite] Finished loading ./res/graphics/liquids/water_liquid.png
[2025-03-15 21:10:50] [INFO] [Sprite] Finished loading ./res/graphics/liquids/waterV2_liquid.png
[2025-03-15 21:10:50] [INFO] [Sprite] Finished loading ./res/graphics/liquids/swamp2_liquid.png
[2025-03-15 21:10:50] [INFO] [SpriteSheetOG] Finished loading ./res/graphics
[2025-03-15 21:10:50] [INFO] [AssetPool] Finished initializing AssetPool
[2025-03-15 21:10:50] [INFO] [FontPoolV1] Started initializing FontPoolV1
[2025-03-15 21:10:50] [INFO] [FontPoolV1] Finished initializing FontPoolV1
[2025-03-15 21:10:50] [INFO] [UnitDatabase] Started initializing UnitDatabase
[2025-03-15 21:10:50] [INFO] [UnitDatabase] Successfully initialized UnitDatabase
[2025-03-15 21:10:50] [INFO] [UnitDatabase] Finished initializing UnitDatabase
[2025-03-15 21:10:50] [INFO] [JsonDatabase] Started initializing JsonDatabase
[2025-03-15 21:10:50] [INFO] [JsonTable] Started initializing JsonTable
[2025-03-15 21:10:50] [INFO] [JsonTable] Successfully initialized JsonTable
[2025-03-15 21:10:50] [INFO] [JsonTable] Finished initializing JsonTable
[2025-03-15 21:10:50] [INFO] [JsonTable] Started initializing JsonTable
[2025-03-15 21:10:50] [INFO] [JsonTable] Successfully initialized JsonTable
[2025-03-15 21:10:50] [INFO] [JsonTable] Finished initializing JsonTable
[2025-03-15 21:10:50] [INFO] [JsonTable] Started initializing JsonTable
[2025-03-15 21:10:50] [INFO] [JsonTable] Successfully initialized JsonTable
[2025-03-15 21:10:50] [INFO] [JsonTable] Finished initializing JsonTable
[2025-03-15 21:10:50] [INFO] [JsonDatabase] Successfully initialized JsonDatabase
[2025-03-15 21:10:50] [INFO] [JsonDatabase] Finished initializing JsonDatabase
[2025-03-15 21:10:50] [INFO] [Component] Setting a3fbd55c-28cb-4eff-add4-6fe334a28fae on to b10c5914-48c5-43e7-b245-1e226421e6db.
[2025-03-15 21:10:50] [INFO] [SpeedQueue] Added unit enemy:Ooslu into queue
[2025-03-15 21:10:50] [INFO] [Component] Setting e5d50e50-4858-407a-8f46-219931854a3b on to 2fab2c85-629c-4eaf-954d-cbe161352598.
[2025-03-15 21:10:50] [INFO] [SpeedQueue] Added unit enemy:Syexw into queue
[2025-03-15 21:10:50] [INFO] [Component] Setting c39b549e-96b8-4f8b-96a6-a8453a4fe915 on to 94d09cc2-56c1-4f9d-b5a5-ac06282c6d0c.
[2025-03-15 21:10:50] [INFO] [SpeedQueue] Added unit enemy:Oivodu into queue
[2025-03-15 21:10:50] [INFO] [Component] Setting 0bc43a73-6222-41ee-b37c-70d01638e66f on to b2397b1f-ee64-4806-a263-088a34a1ce80.
[2025-03-15 21:10:50] [INFO] [SpeedQueue] Added unit enemy:Eactov into queue
[2025-03-15 21:10:50] [INFO] [Component] Setting 173d87ca-5032-48de-b4ee-edd7839737dc on to bf8bafaa-3424-426e-8495-566faf787ff8.
[2025-03-15 21:10:50] [INFO] [SpeedQueue] Added unit user:Qetoks into queue
[2025-03-15 21:10:50] [INFO] [Component] Setting cb394900-77ad-4eab-aae9-86ed65d7ac07 on to f97be466-a5e3-4f12-be81-b0c712f81e9c.
[2025-03-15 21:10:50] [INFO] [SpeedQueue] Added unit user:Noym into queue
[2025-03-15 21:10:50] [INFO] [Component] Setting a4f101b3-c21e-43ca-a62f-42eebbca32a2 on to 855b67b7-a7d2-4b32-bf41-b47d4d648e6b.
[2025-03-15 21:10:50] [INFO] [SpeedQueue] Added unit user:Gofy into queue
[2025-03-15 21:10:50] [INFO] [Component] Setting c6ae33bf-2e0b-4ea3-bb96-6c385de39a24 on to 235ca6d6-f401-484d-b3f7-fac58410cc27.
[2025-03-15 21:10:50] [INFO] [SpeedQueue] Added unit user:Caey into queue
[2025-03-15 21:10:50] [INFO] [FontPool] Started initializing FontPool
[2025-03-15 21:10:50] [INFO] [FontPool] ✅ Successfully loaded font: Lilian
[2025-03-15 21:10:51] [INFO] [SpeedQueue] Speed queue updated.
[2025-03-15 21:10:51] [INFO] [VisualsSystem] Started creating blurred background
[2025-03-15 21:10:51] [INFO] [TimeLinePanel] Started updating the timeline panel after turn order has changed.
[2025-03-15 21:10:51] [INFO] [TimeLinePanel] Finished updating the timeline panel after turn order has changed.
[2025-03-15 21:10:51] [INFO] [SelectedTilePanel] Checksum updated, getting units at selected tiles.
[2025-03-15 21:10:51] [INFO] [SelectedTilePanel] Either no unit selected or more than one unit selected
[2025-03-15 21:10:51] [INFO] [LesserStatisticsInformationPanel] Checksum has been updated, querying statistics for unit 173d87ca-5032-48de-b4ee-edd7839737dc
[2025-03-15 21:10:51] [INFO] [VisualsSystem] Finished creating blurred background after 0.5045396685600281 seconds
[2025-03-15 21:10:53] [INFO] [InputHandler] Gliding secondary.camera camera to new til