[2025-05-26 23:12:34] [INFO] [UnitTable] Started initializing UnitTable
[2025-05-26 23:12:34] [INFO] [EmeritusDatabase] Started initializing EmeritusDatabase
[2025-05-26 23:12:34] [INFO] [EmeritusDatabase] Finished initializing EmeritusDatabase
[2025-05-26 23:12:34] [INFO] [UnitTable] Successfully initialized UnitTable
[2025-05-26 23:12:34] [INFO] [UnitTable] Finished initializing UnitTable
[2025-05-26 23:12:34] [INFO] [AbilityTable] Started initializing AbilityTable
[2025-05-26 23:12:34] [INFO] [AbilityTable] Finished initializing AbilityTable
[2025-05-26 23:12:34] [INFO] [UserSaveStateManager] Started loading user save data
[2025-05-26 23:12:34] [INFO] [UserSaveStateManager] Finished loading user save data
[2025-05-26 23:12:34] [INFO] [AssetPool] Started initializing AssetPool
[2025-05-26 23:12:34] [INFO] [AssetNameSpace] Started loading Sprite's from ./res/graphics
[2025-05-26 23:12:34] [INFO] [AssetNameSpace] Finished reading files for sprites
[2025-05-26 23:12:34] [INFO] [AssetNameSpace] Finished loading ./res/graphics
[2025-05-26 23:12:34] [INFO] [AssetPool] Finished initializing AssetPool
[2025-05-26 23:12:34] [INFO] [Component] Setting UNIT_water_dragon___NICKNAME_Ruly___94e76661-518f-4f84-9458-007f89e57443 on to {"row":1,"column":1,"base_elevation":-3,"spawn_region":"Left","unit":"UNIT_water_dragon___NICKNAME_Ruly___94e76661-518f-4f84-9458-007f89e57443","layers":{"empty":false},"total_elevation":1}.
[2025-05-26 23:12:34] [INFO] [SpeedQueue] Added unit UNIT_water_dragon___NICKNAME_Ruly___94e76661-518f-4f84-9458-007f89e57443 into queue
[2025-05-26 23:12:34] [INFO] [Component] Setting UNIT_earth_dragon___NICKNAME_Qygu___52db5802-ca7b-4253-a7b8-7e918c3de430 on to {"row":5,"column":0,"base_elevation":-3,"spawn_region":"Left","unit":"UNIT_earth_dragon___NICKNAME_Qygu___52db5802-ca7b-4253-a7b8-7e918c3de430","layers":{"empty":false},"total_elevation":1}.
[2025-05-26 23:12:34] [INFO] [SpeedQueue] Added unit UNIT_earth_dragon___NICKNAME_Qygu___52db5802-ca7b-4253-a7b8-7e918c3de430 into queue
[2025-05-26 23:12:34] [INFO] [Component] Setting UNIT_water_dragon___NICKNAME_Hadbay___435ecd58-67a5-4cfe-bd52-615b8de1d49e on to {"row":1,"column":0,"base_elevation":-3,"spawn_region":"Left","unit":"UNIT_water_dragon___NICKNAME_Hadbay___435ecd58-67a5-4cfe-bd52-615b8de1d49e","layers":{"empty":false},"total_elevation":1}.
[2025-05-26 23:12:34] [INFO] [SpeedQueue] Added unit UNIT_water_dragon___NICKNAME_Hadbay___435ecd58-67a5-4cfe-bd52-615b8de1d49e into queue
[2025-05-26 23:12:34] [INFO] [Component] Setting UNIT_water_dragon___NICKNAME_Jyveny___c8ed5911-3fab-4090-ab6f-6e68e43d0d5e on to {"row":4,"column":1,"base_elevation":-3,"spawn_region":"Left","unit":"UNIT_water_dragon___NICKNAME_Jyveny___c8ed5911-3fab-4090-ab6f-6e68e43d0d5e","layers":{"empty":false},"total_elevation":1}.
[2025-05-26 23:12:34] [INFO] [SpeedQueue] Added unit UNIT_water_dragon___NICKNAME_Jyveny___c8ed5911-3fab-4090-ab6f-6e68e43d0d5e into queue
[2025-05-26 23:12:34] [INFO] [Component] Setting UNIT_water_dragon___NICKNAME_Howkag___9018d914-6f10-4835-be46-315f066c82a9 on to {"row":3,"column":0,"base_elevation":-3,"spawn_region":"Left","unit":"UNIT_water_dragon___NICKNAME_Howkag___9018d914-6f10-4835-be46-315f066c82a9","layers":{"empty":false},"total_elevation":1}.
[2025-05-26 23:12:34] [INFO] [SpeedQueue] Added unit UNIT_water_dragon___NICKNAME_Howkag___9018d914-6f10-4835-be46-315f066c82a9 into queue
[2025-05-26 23:12:34] [INFO] [Component] Setting UNIT_fire_dragon___NICKNAME_Xejsku___f7d9231e-4d7a-4299-b7ff-35c645b0b6e1 on to {"row":1,"column":10,"base_elevation":-3,"spawn_region":"Right","unit":"UNIT_fire_dragon___NICKNAME_Xejsku___f7d9231e-4d7a-4299-b7ff-35c645b0b6e1","layers":{"empty":false},"total_elevation":1}.
[2025-05-26 23:12:34] [INFO] [SpeedQueue] Added unit UNIT_fire_dragon___NICKNAME_Xejsku___f7d9231e-4d7a-4299-b7ff-35c645b0b6e1 into queue
[2025-05-26 23:12:34] [INFO] [Component] Setting UNIT_earth_dragon___NICKNAME_Gidb___467033cf-c2a8-469b-870b-8232f057045c on to {"row":0,"column":11,"base_elevation":-3,"spawn_region":"Right","unit":"UNIT_earth_dragon___NICKNAME_Gidb___467033cf-c2a8-469b-870b-8232f057045c","layers":{"empty":false},"total_elevation":1}.
[2025-05-26 23:12:34] [INFO] [SpeedQueue] Added unit UNIT_earth_dragon___NICKNAME_Gidb___467033cf-c2a8-469b-870b-8232f057045c into queue
[2025-05-26 23:12:34] [INFO] [Component] Setting UNIT_light_dragon___NICKNAME_Uyjyuy___968edb4d-e054-4e8a-add5-14403dacae1c on to {"row":4,"column":11,"base_elevation":-3,"spawn_region":"Right","unit":"UNIT_light_dragon___NICKNAME_Uyjyuy___968edb4d-e054-4e8a-add5-14403dacae1c","layers":{"empty":false},"total_elevation":1}.
[2025-05-26 23:12:34] [INFO] [SpeedQueue] Added unit UNIT_light_dragon___NICKNAME_Uyjyuy___968edb4d-e054-4e8a-add5-14403dacae1c into queue
[2025-05-26 23:12:34] [INFO] [Component] Setting UNIT_water_dragon___NICKNAME_Depe___faf454ab-06b5-415b-84d9-b777a37b1f95 on to {"row":7,"column":10,"base_elevation":-3,"spawn_region":"Right","unit":"UNIT_water_dragon___NICKNAME_Depe___faf454ab-06b5-415b-84d9-b777a37b1f95","layers":{"empty":false},"total_elevation":1}.
[2025-05-26 23:12:34] [INFO] [SpeedQueue] Added unit UNIT_water_dragon___NICKNAME_Depe___faf454ab-06b5-415b-84d9-b777a37b1f95 into queue
[2025-05-26 23:12:34] [INFO] [Component] Setting UNIT_earth_dragon___NICKNAME_Ouoiba___50bcbd6a-4df7-4d46-876e-6b7476a944e3 on to {"row":0,"column":10,"base_elevation":-3,"spawn_region":"Right","unit":"UNIT_earth_dragon___NICKNAME_Ouoiba___50bcbd6a-4df7-4d46-876e-6b7476a944e3","layers":{"empty":false},"total_elevation":1}.
[2025-05-26 23:12:34] [INFO] [SpeedQueue] Added unit UNIT_earth_dragon___NICKNAME_Ouoiba___50bcbd6a-4df7-4d46-876e-6b7476a944e3 into queue
[2025-05-26 23:12:34] [INFO] [EngineController] Started setting scene to MENU_SCENE
[2025-05-26 23:12:34] [INFO] [EngineController] Finished setting scene to MENU_SCENE
[2025-05-26 23:12:34] [INFO] [EngineController] Started setting scene to GAME_SCENE
[2025-05-26 23:12:34] [INFO] [FontPool] Started initializing FontPool
[2025-05-26 23:12:34] [INFO] [FontPool] ✅ Successfully loaded font: Lilian
[2025-05-26 23:12:34] [INFO] [EngineController] Finished setting scene to GAME_SCENE
[2025-05-26 23:12:34] [INFO] [AbilitySystem] Started updating {} because of ability
[2025-05-26 23:12:34] [INFO] [AbilitySystem] Finished update updating {} because of ability
[2025-05-26 23:12:34] [INFO] [AbilitySystem] Started updating {} because of ability
[2025-05-26 23:12:34] [INFO] [AbilitySystem] Finished update updating {} because of ability
[2025-05-26 23:12:34] [INFO] [AbilitySystem] Started updating {} because of ability
[2025-05-26 23:12:34] [INFO] [AbilitySystem] Finished update updating {} because of ability
[2025-05-26 23:12:34] [INFO] [AbilitySystem] Started updating {} because of ability
[2025-05-26 23:12:34] [INFO] [AbilitySystem] Finished update updating {} because of ability
[2025-05-26 23:12:34] [INFO] [AbilitySystem] Started updating {} because of ability
[2025-05-26 23:12:34] [INFO] [AbilitySystem] Finished update updating {} because of ability
[2025-05-26 23:12:34] [INFO] [AbilitySystem] Started updating {} because of ability
[2025-05-26 23:12:34] [INFO] [AbilitySystem] Finished update updating {} because of ability
[2025-05-26 23:12:34] [INFO] [AbilitySystem] Started updating {} because of ability
[2025-05-26 23:12:34] [INFO] [AbilitySystem] Finished update updating {} because of ability
[2025-05-26 23:12:34] [INFO] [AbilitySystem] Started updating {} because of ability
[2025-05-26 23:12:34] [INFO] [AbilitySystem] Finished update updating {} because of ability
[2025-05-26 23:12:34] [INFO] [AbilitySystem] Started updating {} because of ability
[2025-05-26 23:12:34] [INFO] [AbilitySystem] Finished update updating {} because of ability
[2025-05-26 23:12:34] [INFO] [AbilitySystem] Started updating {} because of ability
[2025-05-26 23:12:34] [INFO] [AbilitySystem] Finished update updating {} because of ability
[2025-05-26 23:12:35] [INFO] [SpeedQueue] Speed queue updated.
[2025-05-26 23:12:35] [INFO] [AbilityPanel] Updating ability selection for UNIT_fire_dragon___NICKNAME_Xejsku___f7d9231e-4d7a-4299-b7ff-35c645b0b6e1
[2025-05-26 23:12:35] [INFO] [AbilityPanel] Finished ability selection for UNIT_fire_dragon___NICKNAME_Xejsku___f7d9231e-4d7a-4299-b7ff-35c645b0b6e1
[2025-05-26 23:12:35] [INFO] [MovementPanel] Started update to Movement Information panel.
[2025-05-26 23:12:35] [INFO] [MovementPanel] Finished update to Movement Information panel.
[2025-05-26 23:12:35] [INFO] [TimeLinePanel] Started updating the timeline panel after turn order has changed.
[2025-05-26 23:12:35] [INFO] [TimeLinePanel] Finished updating the timeline panel after turn order has changed.
[2025-05-26 23:12:35] [INFO] [SelectedTilePanel] Checksum updated, getting units at selected tiles.
[2025-05-26 23:12:35] [INFO] [SelectedTilePanel] Either no unit selected or more than one unit selected
[2025-05-26 23:12:35] [INFO] [VisualsSystem] Started creating blurred background
[2025-05-26 23:12:35] [INFO] [VisualsSystem] Finished creating blurred background after 0.5035738945007324 seconds
[2025-05-26 23:12:35] [INFO] [AbilitySystem] Started updating {} because of ability
[2025-05-26 23:12:35] [INFO] [AbilitySystem] Finished update updating {} because of ability
[2025-05-26 23:12:35] [INFO] [AbilitySystem] Started updating {} because of ability
[2025-05-26 23:12:35] [INFO] [AbilitySystem] Finished update updating {} because of ability
[2025-05-26 23:12:35] [INFO] [AbilitySystem] Started updating {} because of ability
[2025-05-26 23:12:35] [INFO] [AbilitySystem] Finished update updating {} because of ability
[2025-05-26 23:12:35] [INFO] [AbilitySystem] Started updating {} because of ability
[2025-05-26 23:12:35] [INFO] [AbilitySystem] Finished update updating {} because of ability
[2025-05-26 23:12:35] [INFO] [AbilitySystem] Started updating {} because of ability
[2025-05-26 23:12:35] [INFO] [AbilitySystem] Finished update updating {} because of ability
[2025-05-26 23:12:35] [INFO] [AbilitySystem] Started updating {} because of ability
[2025-05-26 23:12:35] [INFO] [AbilitySystem] Finished update updating {} because of ability
[2025-05-26 23:12:35] [INFO] [AbilitySystem] Started updating {} because of ability
[2025-05-26 23:12:35] [INFO] [AbilitySystem] Finished update updating {} because of ability
[2025-05-26 23:12:35] [INFO] [AbilitySystem] Started updating {} because of ability
[2025-05-26 23:12:35] [INFO] [AbilitySystem] Finished update updating {} because of ability
[2025-05-26 23:12:35] [INFO] [AbilitySystem] Started updating {} because of ability
[2025-05-26 23:12:35] [INFO] [AbilitySystem] Finished update updating {} because of ability
[2025-05-26 23:12:35] [INFO] [AbilitySystem] Started updating {} because of ability
[2025-05-26 23:12:35] [INFO] [AbilitySystem] Finished update updating {} because of ability
[2025-05-26 23:12:35] [INFO] [AbilityPanel] Updating ability selection for UNIT_fire_dragon___NICKNAME_Xejsku___f7d9231e-4d7a-4299-b7ff-35c645b0b6e1
[2025-05-26 23:12:35] [INFO] [AbilityPanel] Finished ability selection for UNIT_fire_dragon___NICKNAME_Xejsku___f7d9231e-4d7a-4299-b7ff-35c645b0b6e1
[2025-05-26 23:12:35] [INFO] [MovementPanel] Started update to Movement Information panel.
[2025-05-26 23:12:35] [INFO] [MovementPanel] Finished update to Movement Information panel.
[2025-05-26 23:12:35] [INFO] [AbilitySystem] Started updating {} because of ability
[2025-05-26 23:12:35] [INFO] [AbilitySystem] Finished update updating {} because of ability
[2025-05-26 23:12:35] [INFO] [AbilitySystem] Started updating {} because of ability
[2025-05-26 23:12:35] [INFO] [AbilitySystem] Finished update updating {} because of ability
[2025-05-26 23:12:35] [INFO] [AbilitySystem] Started updating {} because of ability
[2025-05-26 23:12:35] [INFO] [AbilitySystem] Finished update updating {} because of ability
[2025-05-26 23:12:35] [INFO] [AbilitySystem] Started updating {} because of ability
[2025-05-26 23:12:35] [INFO] [AbilitySystem] Finished update updating {} because of ability
[2025-05-26 23:12:35] [INFO] [AbilitySystem] Started updating {} because of ability
[2025-05-26 23:12:35] [INFO] [AbilitySystem] Finished update updating {} because of ability
[2025-05-26 23:12:35] [INFO] [AbilitySystem] Started updating {} because of ability
[2025-05-26 23:12:35] [INFO] [AbilitySystem] Finished update updating {} because of ability
[2025-05-26 23:12:35] [INFO] [AbilitySystem] Started updating {} because of ability
[2025-05-26 23:12:35] [INFO] [AbilitySystem] Finished update updating {} because of ability
[2025-05-26 23:12:35] [INFO] [AbilitySystem] Started updating {} because of ability
[2025-05-26 23:12:35] [INFO] [AbilitySystem] Finished update updating {} because of ability
[2025-05-26 23:12:35] [INFO] [AbilitySystem] Started updating {} because of ability
[2025-05-26 23:12:35] [INFO] [AbilitySystem] Finished update updating {} because of ability
[2025-05-26 23:12:35] [INFO] [AbilitySystem] Started updating {} because of ability
[2025-05-26 23:12:35] [INFO] [AbilitySystem] Finished update updating {} because of ability
[2025-05-26 23:12:36] [INFO] [AbilitySystem] Xejsku is planning to use slash_attack on [0, 10]
[2025-05-26 23:12:36] [INFO] [AbilitySystem] Updated area of sight for Xejsku, viewing 5 tiles
[2025-05-26 23:12:36] [INFO] [AbilitySystem] Updated line of sight for Xejsku, viewing 2 tiles
[2025-05-26 23:12:36] [INFO] [AbilitySystem] Updated area of effect for Xejsku viewing 1 tiles
[2025-05-26 23:12:36] [INFO] [CombatSystem] Started constructing cost mappings for Xejsku to use slash_attack
[2025-05-26 23:12:36] [INFO] [CombatSystem] Finished constructing cost mappings for Xejsku to use slash_attack
[2025-05-26 23:12:36] [INFO] [CombatSystem] Checking cost requirements for Xejsku to use slash_attack
[2025-05-26 23:12:36] [INFO] [CombatSystem] Xejsku is able to pay for slash_attack
[2025-05-26 23:12:36] [INFO] [CombatSystem] Started constructing cost mappings for Xejsku to use slash_attack
[2025-05-26 23:12:36] [INFO] [CombatSystem] Finished constructing cost mappings for Xejsku to use slash_attack
[2025-05-26 23:12:36] [INFO] [CombatSystem] Paying cost requirements for Xejsku using slash_attack
[2025-05-26 23:12:36] [INFO] [CombatSystem] Paying 2.0 stamina out of 20.0 stamina to use slash_attack
[2025-05-26 23:12:36] [INFO] [AbilitySystem] Used from slash_attack on [0, 10]
[2025-05-26 23:12:36] [INFO] [AbilityDamageReport] Started constructing damage mappings for Xejsku to use slash_attack
[2025-05-26 23:12:36] [INFO] [AbilityDamageReport] Finished constructing damage mappings for Xejsku to use slash_attack
[2025-05-26 23:12:36] [INFO] [AbilityDamageReport] Started constructing damage mappings after defense Xejsku to use slash_attack
[2025-05-26 23:12:36] [INFO] [AbilityDamageReport] Started calculating damage after modifiers for Xejsku
[2025-05-26 23:12:36] [INFO] [AbilityDamageReport] 20.0 Raw damage before modifiers for slash_attack
[2025-05-26 23:12:36] [INFO] [AbilityDamageReport] 20.0 damage after modifiers for slash_attack
[2025-05-26 23:12:36] [INFO] [AbilityDamageReport] Finished calculating damage after modifiers for Xejsku
[2025-05-26 23:12:36] [INFO] [AbilityDamageReport] Started calculating damage after defenses for Ouoiba
[2025-05-26 23:12:36] [INFO] [AbilityDamageReport] 20.0 Raw damage after defenses for slash_attack
[2025-05-26 23:12:36] [INFO] [AbilityDamageReport] Finished calculating damage after defenses for Ouoiba
[2025-05-26 23:12:36] [INFO] [AbilityDamageReport] 16.666666 damage after defenses for slash_attack
[2025-05-26 23:12:36] [INFO] [AbilityDamageReport] Finished constructing damage mappings after for Xejsku to use slash_attack
[2025-05-26 23:12:36] [INFO] [CombatSystem] Started dealing damage with slash_attack to Ouoiba 
[2025-05-26 23:12:36] [INFO] [AbilitySystem] Started updating {} because of ability
[2025-05-26 23:12:36] [INFO] [AbilitySystem] Finished update updating {} because of ability
[2025-05-26 23:12:37] [INFO] [MovementSystem] Updated movement range to 8 for Xejsku
[2025-05-26 23:12:37] [INFO] [MovementSystem] Updated movement path from [1, 10] to [2, 11] for Xejsku
[2025-05-26 23:12:37] [INFO] [Component] Setting UNIT_fire_dragon___NICKNAME_Xejsku___f7d9231e-4d7a-4299-b7ff-35c645b0b6e1 on to {"row":2,"column":11,"base_elevation":-3,"spawn_region":"Right","unit":"UNIT_fire_dragon___NICKNAME_Xejsku___f7d9231e-4d7a-4299-b7ff-35c645b0b6e1","layers":{"empty":false},"total_elevation":1}.
[2025-05-26 23:12:37] [INFO] [MovementSystem] Moved from [1, 10] to [2, 11]
[2025-05-26 23:12:37] [INFO] [StatisticsPanel] Started updating Statistics Information Panel for entity UNIT_fire_dragon___NICKNAME_Xejsku___f7d9231e-4d7a-4299-b7ff-35c645b0b6e1
[2025-05-26 23:12:37] [INFO] [StatisticsPanel] Finished updating Statistics Information Panel for entity UNIT_fire_dragon___NICKNAME_Xejsku___f7d9231e-4d7a-4299-b7ff-35c645b0b6e1
[2025-05-26 23:12:37] [INFO] [SelectedTilePanel] Checksum updated, getting units at selected tiles.
[2025-05-26 23:12:37] [INFO] [SelectedTilePanel] Updated selected tile display to view Xejsku
[2025-05-26 23:12:37] [INFO] [InputHandler] Gliding 0 camera to new tile ROW_2___COLUMN_11___bed7c483-f03a-4aad-940e-99faf86a264d
[2025-05-26 23:12:37] [INFO] [InputHandler] Gliding 1 camera to new tile ROW_2___COLUMN_11___bed7c483-f03a-4aad-940e-99faf86a264d
[2025-05-26 23:12:38] [INFO] [AbilityPanel] Updating ability selection for UNIT_earth_dragon___NICKNAME_Ouoiba___50bcbd6a-4df7-4d46-876e-6b7476a944e3
[2025-05-26 23:12:38] [INFO] [AbilityPanel] Finished ability selection for UNIT_earth_dragon___NICKNAME_Ouoiba___50bcbd6a-4df7-4d46-876e-6b7476a944e3
[2025-05-26 23:12:38] [INFO] [MovementPanel] Started update to Movement Information panel.
[2025-05-26 23:12:38] [INFO] [MovementPanel] Finished update to Movement Information panel.
[2025-05-26 23:12:38] [INFO] [TimeLinePanel] Started updating the timeline panel after turn order has changed.
[2025-05-26 23:12:38] [INFO] [TimeLinePanel] Finished updating the timeline panel after turn order has changed.
[2025-05-26 23:12:38] [INFO] [StatisticsPanel] Started updating Statistics Information Panel for entity UNIT_earth_dragon___NICKNAME_Ouoiba___50bcbd6a-4df7-4d46-876e-6b7476a944e3
[2025-05-26 23:12:38] [INFO] [StatisticsPanel] Finished updating Statistics Information Panel for entity UNIT_earth_dragon___NICKNAME_Ouoiba___50bcbd6a-4df7-4d46-876e-6b7476a944e3
[2025-05-26 23:12:38] [INFO] [SelectedTilePanel] Checksum updated, getting units at selected tiles.
[2025-05-26 23:12:38] [INFO] [SelectedTilePanel] Updated selected tile display to view Ouoiba
[2025-05-26 23:12:38] [INFO] [InputHandler] Gliding 0 camera to new tile ROW_0___COLUMN_10___a7db423f-5895-42c6-862d-9128c76fb76a
[2025-05-26 23:12:38] [INFO] [InputHandler] Gliding 1 camera to new tile ROW_0___COLUMN_10___a7db423f-5895-42c6-862d-9128c76fb76a
[2025-05-26 23:12:39] [INFO] [MovementSystem] Updated movement range to 6 for Ouoiba
[2025-05-26 23:12:39] [INFO] [MovementSystem] Updated movement path from [0, 10] to [1, 10] for Ouoiba
[2025-05-26 23:12:39] [INFO] [Component] Setting UNIT_earth_dragon___NICKNAME_Ouoiba___50bcbd6a-4df7-4d46-876e-6b7476a944e3 on to {"row":1,"column":10,"base_elevation":-3,"spawn_region":"Right","unit":"UNIT_earth_dragon___NICKNAME_Ouoiba___50bcbd6a-4df7-4d46-876e-6b7476a944e3","layers":{"empty":false},"total_elevation":1}.
[2025-05-26 23:12:39] [INFO] [MovementSystem] Moved from [0, 10] to [1, 10]
[2025-05-26 23:12:39] [INFO] [SelectedTilePanel] Checksum updated, getting units at selected tiles.
[2025-05-26 23:12:39] [INFO] [SelectedTilePanel] Updated selected tile display to view Ouoiba
[2025-05-26 23:12:39] [INFO] [InputHandler] Gliding 0 camera to new tile ROW_1___COLUMN_10___0aeda3bf-42b2-418d-8f0d-bdba6be076cd
[2025-05-26 23:12:39] [INFO] [InputHandler] Gliding 1 camera to new tile ROW_1___COLUMN_10___0aeda3bf-42b2-418d-8f0d-bdba6be076cd
[2025-05-26 23:12:40] [INFO] [AbilitySystem] Ouoiba is planning to use earth_attack on [0, 11]
[2025-05-26 23:12:40] [INFO] [AbilitySystem] Updated area of sight for Ouoiba, viewing 11 tiles
[2025-05-26 23:12:40] [INFO] [AbilitySystem] Updated line of sight for Ouoiba, viewing 3 tiles
[2025-05-26 23:12:40] [INFO] [AbilitySystem] Updated area of effect for Ouoiba viewing 1 tiles
[2025-05-26 23:12:40] [INFO] [CombatSystem] Started constructing cost mappings for Ouoiba to use earth_attack
[2025-05-26 23:12:40] [INFO] [CombatSystem] Finished constructing cost mappings for Ouoiba to use earth_attack
[2025-05-26 23:12:40] [INFO] [CombatSystem] Checking cost requirements for Ouoiba to use earth_attack
[2025-05-26 23:12:40] [INFO] [CombatSystem] Ouoiba is able to pay for earth_attack
[2025-05-26 23:12:40] [INFO] [CombatSystem] Started constructing cost mappings for Ouoiba to use earth_attack
[2025-05-26 23:12:40] [INFO] [CombatSystem] Finished constructing cost mappings for Ouoiba to use earth_attack
[2025-05-26 23:12:40] [INFO] [CombatSystem] Paying cost requirements for Ouoiba using earth_attack
[2025-05-26 23:12:40] [INFO] [CombatSystem] Paying 2.0 mana out of 20.0 mana to use earth_attack
[2025-05-26 23:12:40] [INFO] [AbilitySystem] Used from earth_attack on [0, 11]
[2025-05-26 23:12:40] [INFO] [AbilityPanel] Updating ability selection for UNIT_earth_dragon___NICKNAME_Ouoiba___50bcbd6a-4df7-4d46-876e-6b7476a944e3
[2025-05-26 23:12:40] [INFO] [AbilityPanel] Finished ability selection for UNIT_earth_dragon___NICKNAME_Ouoiba___50bcbd6a-4df7-4d46-876e-6b7476a944e3
[2025-05-26 23:12:40] [INFO] [MovementPanel] Started update to Movement Information panel.
[2025-05-26 23:12:40] [INFO] [MovementPanel] Finished update to Movement Information panel.
[2025-05-26 23:12:40] [INFO] [StatisticsPanel] Started updating Statistics Information Panel for entity UNIT_earth_dragon___NICKNAME_Ouoiba___50bcbd6a-4df7-4d46-876e-6b7476a944e3
[2025-05-26 23:12:40] [INFO] [StatisticsPanel] Finished updating Statistics Information Panel for entity UNIT_earth_dragon___NICKNAME_Ouoiba___50bcbd6a-4df7-4d46-876e-6b7476a944e3
[2025-05-26 23:12:40] [INFO] [AbilitySystem] Started updating {} because of ability
[2025-05-26 23:12:40] [INFO] [AbilitySystem] Finished update updating {} because of ability
[2025-05-26 23:12:40] [INFO] [AbilityPanel] Updating ability selection for UNIT_earth_dragon___NICKNAME_Ouoiba___50bcbd6a-4df7-4d46-876e-6b7476a944e3
[2025-05-26 23:12:40] [INFO] [AbilityPanel] Finished ability selection for UNIT_earth_dragon___NICKNAME_Ouoiba___50bcbd6a-4df7-4d46-876e-6b7476a944e3
[2025-05-26 23:12:40] [INFO] [MovementPanel] Started update to Movement Information panel.
[2025-05-26 23:12:40] [INFO] [MovementPanel] Finished update to Movement Information panel.
[2025-05-26 23:12:40] [INFO] [StatisticsPanel] Started updating Statistics Information Panel for entity UNIT_earth_dragon___NICKNAME_Ouoiba___50bcbd6a-4df7-4d46-876e-6b7476a944e3
[2025-05-26 23:12:40] [INFO] [StatisticsPanel] Finished updating Statistics Information Panel for entity UNIT_earth_dragon___NICKNAME_Ouoiba___50bcbd6a-4df7-4d46-876e-6b7476a944e3
[2025-05-26 23:12:40] [INFO] [AbilitySystem] Started updating {} because of ability
[2025-05-26 23:12:40] [INFO] [AbilitySystem] Finished update updating {} because of ability
