[2025-05-23 02:01:08] [INFO] [UnitTable] Started initializing UnitTable
[2025-05-23 02:01:08] [INFO] [EmeritusDatabase] Started initializing EmeritusDatabase
[2025-05-23 02:01:08] [INFO] [EmeritusDatabase] Finished initializing EmeritusDatabase
[2025-05-23 02:01:08] [INFO] [UnitTable] Successfully initialized UnitTable
[2025-05-23 02:01:08] [INFO] [UnitTable] Finished initializing UnitTable
[2025-05-23 02:01:08] [INFO] [AbilityTable] Started initializing AbilityTable
[2025-05-23 02:01:08] [INFO] [AbilityTable] Finished initializing AbilityTable
[2025-05-23 02:01:08] [INFO] [UserSaveStateManager] Started loading user save data
[2025-05-23 02:01:08] [INFO] [UserSaveStateManager] Finished loading user save data
[2025-05-23 02:01:08] [INFO] [AssetPool] Started initializing AssetPool
[2025-05-23 02:01:08] [INFO] [AssetNameSpace] Started loading Sprite's from ./res/graphics
[2025-05-23 02:01:08] [INFO] [AssetNameSpace] Finished reading files for sprites
[2025-05-23 02:01:08] [INFO] [AssetNameSpace] Finished loading ./res/graphics
[2025-05-23 02:01:08] [INFO] [AssetPool] Finished initializing AssetPool
[2025-05-23 02:01:08] [INFO] [Component] Setting dragon_Uoqos_ca37351b-2235-41e6-82ad-0632c6490816 on to {"row":1,"column":0,"base_elevation":0,"spawn_region":"Left","collider":"","unit":"dragon_Uoqos_ca37351b-2235-41e6-82ad-0632c6490816","structure":"","total_elevation":5}.
[2025-05-23 02:01:08] [INFO] [SpeedQueue] Added unit dragon_Uoqos_ca37351b-2235-41e6-82ad-0632c6490816 into queue
[2025-05-23 02:01:08] [INFO] [Component] Setting air_dragon_Weue_3d377663-675c-4016-a5e9-6bb73317e24a on to {"row":4,"column":0,"base_elevation":0,"spawn_region":"Left","collider":"","unit":"air_dragon_Weue_3d377663-675c-4016-a5e9-6bb73317e24a","structure":"","total_elevation":4}.
[2025-05-23 02:01:08] [INFO] [SpeedQueue] Added unit air_dragon_Weue_3d377663-675c-4016-a5e9-6bb73317e24a into queue
[2025-05-23 02:01:08] [INFO] [Component] Setting air_dragon_Eupyi_7c1f759c-0902-40c2-8557-f28f5554c1b6 on to {"row":4,"column":1,"base_elevation":0,"spawn_region":"Left","collider":"","unit":"air_dragon_Eupyi_7c1f759c-0902-40c2-8557-f28f5554c1b6","structure":"","total_elevation":3}.
[2025-05-23 02:01:08] [INFO] [SpeedQueue] Added unit air_dragon_Eupyi_7c1f759c-0902-40c2-8557-f28f5554c1b6 into queue
[2025-05-23 02:01:08] [INFO] [Component] Setting dragon_Fufiea_ae9eb2f7-8be4-43d7-a738-25883a6f385c on to {"row":5,"column":0,"base_elevation":0,"spawn_region":"Left","collider":"","unit":"dragon_Fufiea_ae9eb2f7-8be4-43d7-a738-25883a6f385c","structure":"","total_elevation":5}.
[2025-05-23 02:01:08] [INFO] [SpeedQueue] Added unit dragon_Fufiea_ae9eb2f7-8be4-43d7-a738-25883a6f385c into queue
[2025-05-23 02:01:08] [INFO] [Component] Setting fire_dragon_Aisyii_128008fc-e145-4c54-a48b-e6d1580d53a0 on to {"row":3,"column":0,"base_elevation":0,"spawn_region":"Left","collider":"","unit":"fire_dragon_Aisyii_128008fc-e145-4c54-a48b-e6d1580d53a0","structure":"","total_elevation":3}.
[2025-05-23 02:01:08] [INFO] [SpeedQueue] Added unit fire_dragon_Aisyii_128008fc-e145-4c54-a48b-e6d1580d53a0 into queue
[2025-05-23 02:01:08] [INFO] [Component] Setting dragon_Eeyy_e283c32f-38b3-452e-b136-f7596dbb1141 on to {"row":5,"column":11,"base_elevation":0,"spawn_region":"Right","collider":"","unit":"dragon_Eeyy_e283c32f-38b3-452e-b136-f7596dbb1141","structure":"","total_elevation":5}.
[2025-05-23 02:01:08] [INFO] [SpeedQueue] Added unit dragon_Eeyy_e283c32f-38b3-452e-b136-f7596dbb1141 into queue
[2025-05-23 02:01:08] [INFO] [Component] Setting dark_dragon_Juaieo_d36680ee-cb8a-4f4d-8b8c-a39098f2eb02 on to {"row":2,"column":11,"base_elevation":0,"spawn_region":"Right","collider":"","unit":"dark_dragon_Juaieo_d36680ee-cb8a-4f4d-8b8c-a39098f2eb02","structure":"","total_elevation":3}.
[2025-05-23 02:01:08] [INFO] [SpeedQueue] Added unit dark_dragon_Juaieo_d36680ee-cb8a-4f4d-8b8c-a39098f2eb02 into queue
[2025-05-23 02:01:08] [INFO] [Component] Setting dragon_Ieyeq_b76c903d-1f40-491c-9387-9b0c8bc20384 on to {"row":7,"column":11,"base_elevation":0,"spawn_region":"Right","collider":"","unit":"dragon_Ieyeq_b76c903d-1f40-491c-9387-9b0c8bc20384","structure":"","total_elevation":6}.
[2025-05-23 02:01:08] [INFO] [SpeedQueue] Added unit dragon_Ieyeq_b76c903d-1f40-491c-9387-9b0c8bc20384 into queue
[2025-05-23 02:01:08] [INFO] [Component] Setting light_dragon_Viuuoy_01e99a45-76fe-4505-9cfd-726a8c3904dd on to {"row":6,"column":10,"base_elevation":0,"spawn_region":"Right","collider":"","unit":"light_dragon_Viuuoy_01e99a45-76fe-4505-9cfd-726a8c3904dd","structure":"","total_elevation":5}.
[2025-05-23 02:01:08] [INFO] [SpeedQueue] Added unit light_dragon_Viuuoy_01e99a45-76fe-4505-9cfd-726a8c3904dd into queue
[2025-05-23 02:01:08] [INFO] [Component] Setting water_dragon_Pozo_302de4eb-12f8-4b8a-9406-2ad12493bd45 on to {"row":6,"column":11,"base_elevation":0,"spawn_region":"Right","collider":"","unit":"water_dragon_Pozo_302de4eb-12f8-4b8a-9406-2ad12493bd45","structure":"","total_elevation":5}.
[2025-05-23 02:01:08] [INFO] [SpeedQueue] Added unit water_dragon_Pozo_302de4eb-12f8-4b8a-9406-2ad12493bd45 into queue
[2025-05-23 02:01:08] [INFO] [EngineController] Started setting scene to MENU_SCENE
[2025-05-23 02:01:09] [INFO] [EngineController] Finished setting scene to MENU_SCENE
[2025-05-23 02:01:09] [INFO] [EngineController] Started setting scene to MAP_EDITOR_SCENE
[2025-05-23 02:01:09] [INFO] [FontPool] Started initializing FontPool
[2025-05-23 02:01:09] [INFO] [FontPool] ✅ Successfully loaded font: Lilian
[2025-05-23 02:01:09] [INFO] [MapEditorScene] Starting to create new GameController!
[2025-05-23 02:01:09] [INFO] [MapEditorScene] Successfully created new GameController!
[2025-05-23 02:01:09] [INFO] [EngineController] Finished setting scene to MAP_EDITOR_SCENE
[2025-05-23 02:01:09] [INFO] [EngineController] Started setting scene to GAME_SCENE
[2025-05-23 02:01:09] [INFO] [EngineController] Finished setting scene to GAME_SCENE
[2025-05-23 02:01:09] [INFO] [AbilitySystem] Started updating {} because of ability
[2025-05-23 02:01:09] [INFO] [AbilitySystem] Finished update updating {} because of ability
[2025-05-23 02:01:09] [INFO] [AbilitySystem] Started updating {} because of ability
[2025-05-23 02:01:09] [INFO] [AbilitySystem] Finished update updating {} because of ability
[2025-05-23 02:01:09] [INFO] [AbilitySystem] Started updating {} because of ability
[2025-05-23 02:01:09] [INFO] [AbilitySystem] Finished update updating {} because of ability
[2025-05-23 02:01:09] [INFO] [AbilitySystem] Started updating {} because of ability
[2025-05-23 02:01:09] [INFO] [AbilitySystem] Finished update updating {} because of ability
[2025-05-23 02:01:09] [INFO] [AbilitySystem] Started updating {} because of ability
[2025-05-23 02:01:09] [INFO] [AbilitySystem] Finished update updating {} because of ability
[2025-05-23 02:01:09] [INFO] [AbilitySystem] Started updating {} because of ability
[2025-05-23 02:01:09] [INFO] [AbilitySystem] Finished update updating {} because of ability
[2025-05-23 02:01:09] [INFO] [AbilitySystem] Started updating {} because of ability
[2025-05-23 02:01:09] [INFO] [AbilitySystem] Finished update updating {} because of ability
[2025-05-23 02:01:09] [INFO] [AbilitySystem] Started updating {} because of ability
[2025-05-23 02:01:09] [INFO] [AbilitySystem] Finished update updating {} because of ability
[2025-05-23 02:01:09] [INFO] [AbilitySystem] Started updating {} because of ability
[2025-05-23 02:01:09] [INFO] [AbilitySystem] Finished update updating {} because of ability
[2025-05-23 02:01:09] [INFO] [AbilitySystem] Started updating {} because of ability
[2025-05-23 02:01:09] [INFO] [AbilitySystem] Finished update updating {} because of ability
[2025-05-23 02:01:09] [INFO] [SpeedQueue] Speed queue updated.
[2025-05-23 02:01:09] [INFO] [AbilityPanel] Updating ability selection for air_dragon_Weue_3d377663-675c-4016-a5e9-6bb73317e24a
[2025-05-23 02:01:09] [INFO] [AbilityPanel] Finished ability selection for air_dragon_Weue_3d377663-675c-4016-a5e9-6bb73317e24a
[2025-05-23 02:01:09] [INFO] [MovementPanel] Started update to Movement Information panel.
[2025-05-23 02:01:09] [INFO] [MovementPanel] Finished update to Movement Information panel.
[2025-05-23 02:01:09] [INFO] [TimeLinePanel] Started updating the timeline panel after turn order has changed.
[2025-05-23 02:01:09] [INFO] [TimeLinePanel] Finished updating the timeline panel after turn order has changed.
[2025-05-23 02:01:09] [INFO] [SelectedTilePanel] Checksum updated, getting units at selected tiles.
[2025-05-23 02:01:09] [INFO] [SelectedTilePanel] Either no unit selected or more than one unit selected
[2025-05-23 02:01:09] [INFO] [VisualsSystem] Started creating blurred background
[2025-05-23 02:01:10] [INFO] [VisualsSystem] Finished creating blurred background after 0.48746055364608765 seconds
[2025-05-23 02:01:10] [INFO] [AbilitySystem] Started updating {} because of ability
[2025-05-23 02:01:10] [INFO] [AbilitySystem] Finished update updating {} because of ability
[2025-05-23 02:01:10] [INFO] [AbilitySystem] Started updating {} because of ability
[2025-05-23 02:01:10] [INFO] [AbilitySystem] Finished update updating {} because of ability
[2025-05-23 02:01:10] [INFO] [AbilitySystem] Started updating {} because of ability
[2025-05-23 02:01:10] [INFO] [AbilitySystem] Finished update updating {} because of ability
[2025-05-23 02:01:10] [INFO] [AbilitySystem] Started updating {} because of ability
[2025-05-23 02:01:10] [INFO] [AbilitySystem] Finished update updating {} because of ability
[2025-05-23 02:01:10] [INFO] [AbilitySystem] Started updating {} because of ability
[2025-05-23 02:01:10] [INFO] [AbilitySystem] Finished update updating {} because of ability
[2025-05-23 02:01:10] [INFO] [AbilitySystem] Started updating {} because of ability
[2025-05-23 02:01:10] [INFO] [AbilitySystem] Finished update updating {} because of ability
[2025-05-23 02:01:10] [INFO] [AbilityPanel] Updating ability selection for air_dragon_Weue_3d377663-675c-4016-a5e9-6bb73317e24a
[2025-05-23 02:01:10] [INFO] [AbilityPanel] Finished ability selection for air_dragon_Weue_3d377663-675c-4016-a5e9-6bb73317e24a
[2025-05-23 02:01:10] [INFO] [MovementPanel] Started update to Movement Information panel.
[2025-05-23 02:01:10] [INFO] [MovementPanel] Finished update to Movement Information panel.
[2025-05-23 02:01:10] [INFO] [AbilitySystem] Started updating {} because of ability
[2025-05-23 02:01:10] [INFO] [AbilitySystem] Finished update updating {} because of ability
[2025-05-23 02:01:10] [INFO] [AbilitySystem] Started updating {} because of ability
[2025-05-23 02:01:10] [INFO] [AbilitySystem] Finished update updating {} because of ability
[2025-05-23 02:01:10] [INFO] [AbilitySystem] Started updating {} because of ability
[2025-05-23 02:01:10] [INFO] [AbilitySystem] Finished update updating {} because of ability
[2025-05-23 02:01:10] [INFO] [AbilitySystem] Started updating {} because of ability
[2025-05-23 02:01:10] [INFO] [AbilitySystem] Finished update updating {} because of ability
[2025-05-23 02:01:10] [INFO] [AbilitySystem] Started updating {} because of ability
[2025-05-23 02:01:10] [INFO] [AbilitySystem] Finished update updating {} because of ability
[2025-05-23 02:01:10] [INFO] [AbilitySystem] Started updating {} because of ability
[2025-05-23 02:01:10] [INFO] [AbilitySystem] Finished update updating {} because of ability
[2025-05-23 02:01:10] [INFO] [AbilityPanel] Updating ability selection for air_dragon_Weue_3d377663-675c-4016-a5e9-6bb73317e24a
[2025-05-23 02:01:10] [INFO] [AbilityPanel] Finished ability selection for air_dragon_Weue_3d377663-675c-4016-a5e9-6bb73317e24a
[2025-05-23 02:01:10] [INFO] [MovementPanel] Started update to Movement Information panel.
[2025-05-23 02:01:10] [INFO] [MovementPanel] Finished update to Movement Information panel.
[2025-05-23 02:01:10] [INFO] [AbilitySystem] Started updating {} because of ability
[2025-05-23 02:01:10] [INFO] [AbilitySystem] Finished update updating {} because of ability
[2025-05-23 02:01:10] [INFO] [AbilitySystem] Started updating {} because of ability
[2025-05-23 02:01:10] [INFO] [AbilitySystem] Finished update updating {} because of ability
[2025-05-23 02:01:10] [INFO] [AbilityPanel] Updating ability selection for air_dragon_Weue_3d377663-675c-4016-a5e9-6bb73317e24a
[2025-05-23 02:01:10] [INFO] [AbilityPanel] Finished ability selection for air_dragon_Weue_3d377663-675c-4016-a5e9-6bb73317e24a
[2025-05-23 02:01:10] [INFO] [MovementPanel] Started update to Movement Information panel.
[2025-05-23 02:01:10] [INFO] [MovementPanel] Finished update to Movement Information panel.
[2025-05-23 02:01:10] [INFO] [AbilitySystem] Started updating {} because of ability
[2025-05-23 02:01:10] [INFO] [AbilitySystem] Finished update updating {} because of ability
[2025-05-23 02:01:11] [INFO] [InputHandler] Gliding 0 camera to new tile 4_0_d32d276a-0a72-4834-af6e-6d4d60225ba9
[2025-05-23 02:01:11] [INFO] [InputHandler] Gliding 1 camera to new tile 4_0_d32d276a-0a72-4834-af6e-6d4d60225ba9
[2025-05-23 02:01:11] [INFO] [StatisticsPanel] Started updating Statistics Information Panel for entity air_dragon_Weue_3d377663-675c-4016-a5e9-6bb73317e24a
[2025-05-23 02:01:11] [INFO] [StatisticsPanel] Finished updating Statistics Information Panel for entity air_dragon_Weue_3d377663-675c-4016-a5e9-6bb73317e24a
[2025-05-23 02:01:11] [INFO] [SelectedTilePanel] Checksum updated, getting units at selected tiles.
[2025-05-23 02:01:11] [INFO] [SelectedTilePanel] Updated selected tile display to view Weue
[2025-05-23 02:01:13] [INFO] [InputHandler] Gliding 0 camera to new tile 4_0_d32d276a-0a72-4834-af6e-6d4d60225ba9
[2025-05-23 02:01:13] [INFO] [StatisticsPanel] Started updating statistics information panel
[2025-05-23 02:01:13] [INFO] [StatisticsPanel] Finished updating statistics information panel
[2025-05-23 02:01:13] [INFO] [MovementSystem] Updated movement range to 1 for Weue
[2025-05-23 02:01:13] [INFO] [MovementSystem] Updated movement path from [4, 0] to [6, 4] for Weue
[2025-05-23 02:01:13] [INFO] [MovementSystem] Updated movement range to 1 for Weue
[2025-05-23 02:01:13] [INFO] [MovementSystem] Updated movement path from [4, 0] to [6, 4] for Weue
[2025-05-23 02:01:13] [INFO] [MovementSystem] Updated movement path from [4, 0] to [7, 5] for Weue
[2025-05-23 02:01:13] [INFO] [MovementSystem] Updated movement path from [4, 0] to [7, 5] for Weue
[2025-05-23 02:01:13] [INFO] [MovementSystem] Updated movement path from [4, 0] to [7, 4] for Weue
[2025-05-23 02:01:13] [INFO] [MovementSystem] Updated movement path from [4, 0] to [7, 4] for Weue
[2025-05-23 02:01:13] [INFO] [MovementSystem] Updated movement path from [4, 0] to [7, 3] for Weue
[2025-05-23 02:01:13] [INFO] [MovementSystem] Updated movement path from [4, 0] to [7, 3] for Weue
[2025-05-23 02:01:13] [INFO] [MovementSystem] Updated movement path from [4, 0] to [7, 4] for Weue
[2025-05-23 02:01:13] [INFO] [MovementSystem] Updated movement path from [4, 0] to [7, 4] for Weue
[2025-05-23 02:01:15] [INFO] [AbilityPanel] Updating ability selection for fire_dragon_Aisyii_128008fc-e145-4c54-a48b-e6d1580d53a0
[2025-05-23 02:01:15] [INFO] [AbilityPanel] Finished ability selection for fire_dragon_Aisyii_128008fc-e145-4c54-a48b-e6d1580d53a0
[2025-05-23 02:01:15] [INFO] [MovementPanel] Started update to Movement Information panel.
[2025-05-23 02:01:15] [INFO] [MovementPanel] Finished update to Movement Information panel.
[2025-05-23 02:01:15] [INFO] [TimeLinePanel] Started updating the timeline panel after turn order has changed.
[2025-05-23 02:01:15] [INFO] [TimeLinePanel] Finished updating the timeline panel after turn order has changed.
[2025-05-23 02:01:15] [INFO] [StatisticsPanel] Started updating Statistics Information Panel for entity fire_dragon_Aisyii_128008fc-e145-4c54-a48b-e6d1580d53a0
[2025-05-23 02:01:15] [INFO] [StatisticsPanel] Finished updating Statistics Information Panel for entity fire_dragon_Aisyii_128008fc-e145-4c54-a48b-e6d1580d53a0
[2025-05-23 02:01:15] [INFO] [SelectedTilePanel] Checksum updated, getting units at selected tiles.
[2025-05-23 02:01:15] [INFO] [SelectedTilePanel] Updated selected tile display to view Aisyii
[2025-05-23 02:01:15] [INFO] [InputHandler] Gliding 0 camera to new tile 3_0_25241d98-6a13-409f-a8d3-c281a1b67c61
[2025-05-23 02:01:15] [INFO] [InputHandler] Gliding 1 camera to new tile 3_0_25241d98-6a13-409f-a8d3-c281a1b67c61
[2025-05-23 02:01:17] [INFO] [InputHandler] Gliding 0 camera to new tile 3_0_25241d98-6a13-409f-a8d3-c281a1b67c61
[2025-05-23 02:01:17] [INFO] [StatisticsPanel] Started updating statistics information panel
[2025-05-23 02:01:17] [INFO] [StatisticsPanel] Finished updating statistics information panel
[2025-05-23 02:01:17] [INFO] [MovementSystem] Updated movement range to 5 for Aisyii
[2025-05-23 02:01:17] [INFO] [MovementSystem] Updated movement path from [3, 0] to [6, 4] for Aisyii
[2025-05-23 02:01:17] [INFO] [MovementSystem] Updated movement range to 5 for Aisyii
[2025-05-23 02:01:17] [INFO] [MovementSystem] Updated movement path from [3, 0] to [6, 4] for Aisyii
[2025-05-23 02:01:17] [INFO] [MovementSystem] Updated movement path from [3, 0] to [7, 5] for Aisyii
[2025-05-23 02:01:17] [INFO] [MovementSystem] Updated movement path from [3, 0] to [7, 5] for Aisyii
[2025-05-23 02:01:17] [INFO] [MovementSystem] Updated movement path from [3, 0] to [6, 5] for Aisyii
[2025-05-23 02:01:17] [INFO] [MovementSystem] Updated movement path from [3, 0] to [6, 5] for Aisyii
[2025-05-23 02:01:17] [INFO] [MovementSystem] Updated movement path from [3, 0] to [6, 4] for Aisyii
[2025-05-23 02:01:17] [INFO] [MovementSystem] Updated movement path from [3, 0] to [6, 4] for Aisyii
[2025-05-23 02:01:17] [INFO] [MovementSystem] Updated movement path from [3, 0] to [5, 3] for Aisyii
[2025-05-23 02:01:17] [INFO] [MovementSystem] Updated movement path from [3, 0] to [5, 3] for Aisyii
[2025-05-23 02:01:17] [INFO] [MovementSystem] Updated movement path from [3, 0] to [4, 3] for Aisyii
[2025-05-23 02:01:17] [INFO] [MovementSystem] Updated movement path from [3, 0] to [4, 3] for Aisyii
[2025-05-23 02:01:17] [INFO] [MovementSystem] Updated movement path from [3, 0] to [4, 2] for Aisyii
[2025-05-23 02:01:17] [INFO] [MovementSystem] Updated movement path from [3, 0] to [4, 2] for Aisyii
[2025-05-23 02:01:18] [INFO] [MovementSystem] Updated movement path from [3, 0] to [3, 2] for Aisyii
[2025-05-23 02:01:18] [INFO] [MovementSystem] Updated movement path from [3, 0] to [3, 2] for Aisyii
[2025-05-23 02:01:18] [INFO] [MovementSystem] Updated movement path from [3, 0] to [3, 1] for Aisyii
[2025-05-23 02:01:18] [INFO] [MovementSystem] Updated movement path from [3, 0] to [3, 1] for Aisyii
[2025-05-23 02:01:18] [INFO] [MovementSystem] Updated movement path from [3, 0] to [2, 1] for Aisyii
[2025-05-23 02:01:18] [INFO] [MovementSystem] Updated movement path from [3, 0] to [2, 1] for Aisyii
[2025-05-23 02:01:19] [INFO] [MovementSystem] Updated movement path from [3, 0] to [3, 1] for Aisyii
[2025-05-23 02:01:19] [INFO] [MovementSystem] Updated movement path from [3, 0] to [3, 1] for Aisyii
[2025-05-23 02:01:19] [INFO] [MovementSystem] Updated movement path from [3, 0] to [3, 2] for Aisyii
[2025-05-23 02:01:19] [INFO] [MovementSystem] Updated movement path from [3, 0] to [3, 2] for Aisyii
[2025-05-23 02:01:19] [INFO] [Component] Setting fire_dragon_Aisyii_128008fc-e145-4c54-a48b-e6d1580d53a0 on to {"row":3,"column":0,"base_elevation":0,"spawn_region":"Left","collider":"","unit":"fire_dragon_Aisyii_128008fc-e145-4c54-a48b-e6d1580d53a0","structure":"","total_elevation":3}.
[2025-05-23 02:01:19] [INFO] [MovementSystem] Moved from [3, 0] to [3, 2]
[2025-05-23 02:01:19] [INFO] [InputHandler] Gliding 0 camera to new tile 3_0_25241d98-6a13-409f-a8d3-c281a1b67c61
[2025-05-23 02:01:19] [INFO] [InputHandler] Gliding 1 camera to new tile 3_0_25241d98-6a13-409f-a8d3-c281a1b67c61
[2025-05-23 02:01:25] [INFO] [InputHandler] Gliding 0 camera to new tile 3_0_25241d98-6a13-409f-a8d3-c281a1b67c61
[2025-05-23 02:01:25] [INFO] [InputHandler] Gliding 1 camera to new tile 3_0_25241d98-6a13-409f-a8d3-c281a1b67c61
[2025-05-23 02:01:25] [INFO] [InputHandler] Gliding 0 camera to new tile 4_1_f3f19c7d-494a-47f3-99e9-8cd80eaf8778
[2025-05-23 02:01:25] [INFO] [InputHandler] Gliding 1 camera to new tile 4_1_f3f19c7d-494a-47f3-99e9-8cd80eaf8778
[2025-05-23 02:01:25] [INFO] [StatisticsPanel] Started updating Statistics Information Panel for entity air_dragon_Eupyi_7c1f759c-0902-40c2-8557-f28f5554c1b6
[2025-05-23 02:01:25] [INFO] [StatisticsPanel] Finished updating Statistics Information Panel for entity air_dragon_Eupyi_7c1f759c-0902-40c2-8557-f28f5554c1b6
[2025-05-23 02:01:25] [INFO] [SelectedTilePanel] Checksum updated, getting units at selected tiles.
[2025-05-23 02:01:25] [INFO] [SelectedTilePanel] Updated selected tile display to view Eupyi
[2025-05-23 02:01:27] [INFO] [InputHandler] Gliding 0 camera to new tile 3_0_25241d98-6a13-409f-a8d3-c281a1b67c61
[2025-05-23 02:01:27] [INFO] [InputHandler] Gliding 1 camera to new tile 3_0_25241d98-6a13-409f-a8d3-c281a1b67c61
[2025-05-23 02:01:27] [INFO] [StatisticsPanel] Started updating Statistics Information Panel for entity fire_dragon_Aisyii_128008fc-e145-4c54-a48b-e6d1580d53a0
[2025-05-23 02:01:27] [INFO] [StatisticsPanel] Finished updating Statistics Information Panel for entity fire_dragon_Aisyii_128008fc-e145-4c54-a48b-e6d1580d53a0
[2025-05-23 02:01:27] [INFO] [SelectedTilePanel] Checksum updated, getting units at selected tiles.
[2025-05-23 02:01:27] [INFO] [SelectedTilePanel] Updated selected tile display to view Aisyii
