[2025-03-31 10:39:57] [INFO] [UserSaveStateManager] Started loading user save data
[2025-03-31 10:39:57] [INFO] [UserSaveStateManager] Finished loading user save data
[2025-03-31 10:39:58] [INFO] [JsonDatabase] Started initializing JsonDatabase
[2025-03-31 10:39:58] [INFO] [JsonTable] Started initializing JsonTable
[2025-03-31 10:39:58] [INFO] [JsonTable] Successfully initialized JsonTable
[2025-03-31 10:39:58] [INFO] [JsonTable] Finished initializing JsonTable
[2025-03-31 10:39:58] [INFO] [JsonTable] Started initializing JsonTable
[2025-03-31 10:39:58] [INFO] [JsonTable] Successfully initialized JsonTable
[2025-03-31 10:39:58] [INFO] [JsonTable] Finished initializing JsonTable
[2025-03-31 10:39:58] [INFO] [JsonTable] Started initializing JsonTable
[2025-03-31 10:39:58] [INFO] [JsonTable] Successfully initialized JsonTable
[2025-03-31 10:39:58] [INFO] [JsonTable] Finished initializing JsonTable
[2025-03-31 10:39:58] [INFO] [JsonDatabase] Successfully initialized JsonDatabase
[2025-03-31 10:39:58] [INFO] [JsonDatabase] Finished initializing JsonDatabase
[2025-03-31 10:39:58] [INFO] [AssetPool] Started initializing AssetPool
[2025-03-31 10:39:58] [INFO] [AssetNameSpace] Started loading Sprite's from ./res/graphics
[2025-03-31 10:39:58] [INFO] [AssetNameSpace] Finished reading files for sprites
[2025-03-31 10:39:58] [INFO] [AssetNameSpace] Finished loading ./res/graphics
[2025-03-31 10:39:58] [INFO] [AssetPool] Finished initializing AssetPool
[2025-03-31 10:39:58] [INFO] [UnitDatabase] Started initializing UnitDatabase
[2025-03-31 10:39:58] [INFO] [UnitDatabase] Successfully initialized UnitDatabase
[2025-03-31 10:39:58] [INFO] [UnitDatabase] Finished initializing UnitDatabase
[2025-03-31 10:39:58] [INFO] [Component] Setting 0c25c398-daaf-46c4-8280-c8ce77ff91b8 on to 823d822a-183b-4a37-8dca-48bfd2009beb.
[2025-03-31 10:39:58] [INFO] [SpeedQueue] Added unit enemy:Oyzei into queue
[2025-03-31 10:39:58] [INFO] [Component] Setting 6fb108e9-487e-4932-ab1f-0f65d3b42d4a on to 7548e85c-4322-46a3-9fc9-76cb0e4d0245.
[2025-03-31 10:39:58] [INFO] [SpeedQueue] Added unit enemy:Fygeeo into queue
[2025-03-31 10:39:58] [INFO] [Component] Setting 86d267dd-5f43-4fd5-aae6-365ab8926d34 on to 70f68f5d-a88d-4f85-9f19-b4da3823b5dc.
[2025-03-31 10:39:58] [INFO] [SpeedQueue] Added unit enemy:Coqj into queue
[2025-03-31 10:39:58] [INFO] [Component] Setting e76c8e7c-42c2-4634-bcea-68c898ebff2a on to b9197ce8-9ffc-4e78-a23f-ff6785759b50.
[2025-03-31 10:39:58] [INFO] [SpeedQueue] Added unit user:Ooog into queue
[2025-03-31 10:39:58] [INFO] [Component] Setting 03c9bee7-f646-4c85-8d9c-28c32ddc64e1 on to 1e504745-9680-42c4-945f-cd72e7a6d2ab.
[2025-03-31 10:39:58] [INFO] [SpeedQueue] Added unit user:Ryhg into queue
[2025-03-31 10:39:58] [INFO] [Component] Setting b98426c6-e190-4498-a7f7-1e97582787ea on to 808b68f0-ab6e-45e8-aa94-832d9de4edd0.
[2025-03-31 10:39:58] [INFO] [SpeedQueue] Added unit user:Kaygeg into queue
[2025-03-31 10:39:58] [INFO] [Component] Setting 662f724d-4744-43fa-a304-f3c4a49ae3ab on to 49084cbb-4019-4469-9c5d-59735db8bdea.
[2025-03-31 10:39:58] [INFO] [SpeedQueue] Added unit user:Uibyy into queue
[2025-03-31 10:39:58] [INFO] [EngineController] Started setting scene to MENU_SCENE
[2025-03-31 10:39:58] [INFO] [EngineController] Finished setting scene to MENU_SCENE
[2025-03-31 10:39:58] [INFO] [EngineController] Started setting scene to MAP_EDITOR_SCENE
[2025-03-31 10:39:58] [INFO] [FontPool] Started initializing FontPool
[2025-03-31 10:39:58] [INFO] [FontPool] ✅ Successfully loaded font: Lilian
[2025-03-31 10:39:58] [INFO] [MapEditorScene] Starting to create new GameController!
[2025-03-31 10:39:58] [INFO] [MapEditorScene] Successfully created new GameController!
[2025-03-31 10:39:59] [INFO] [EngineController] Finished setting scene to MAP_EDITOR_SCENE
[2025-03-31 10:39:59] [INFO] [InputHandler] Gliding main.camera camera to new tile d6124cc2-3938-48fc-9895-7ae5ce48f35f
[2025-03-31 10:39:59] [INFO] [VisualsSystem] Started creating blurred background
[2025-03-31 10:39:59] [INFO] [TimeLinePanel] Started updating the timeline panel after turn order has changed.
[2025-03-31 10:39:59] [INFO] [TimeLinePanel] Finished updating the timeline panel after turn order has changed.
[2025-03-31 10:39:59] [INFO] [SelectedTilePanel] Checksum updated, getting units at selected tiles.
[2025-03-31 10:39:59] [INFO] [SelectedTilePanel] Either no unit selected or more than one unit selected
[2025-03-31 10:40:00] [INFO] [VisualsSystem] Finished creating blurred background after 0.29287704825401306 seconds
[2025-03-31 10:40:00] [INFO] [MapEditorScene] Updated hoveredTilePanes 915,393
[2025-03-31 10:40:00] [INFO] [MapEditorScene] Updated hoveredTilePanes 910,394
[2025-03-31 10:40:00] [INFO] [MapEditorScene] Updated hoveredTilePanes 903,398
[2025-03-31 10:40:00] [INFO] [MapEditorScene] Updated hoveredTilePanes 899,400
[2025-03-31 10:40:00] [INFO] [MapEditorScene] Updated hoveredTilePanes 894,403
[2025-03-31 10:40:00] [INFO] [MapEditorScene] Updated hoveredTilePanes 887,405
[2025-03-31 10:40:00] [INFO] [MapEditorScene] Updated hoveredTilePanes 882,407
[2025-03-31 10:40:00] [INFO] [MapEditorScene] Updated hoveredTilePanes 879,408
[2025-03-31 10:40:00] [INFO] [MapEditorScene] Updated hoveredTilePanes 874,410
[2025-03-31 10:40:00] [INFO] [MapEditorScene] Updated hoveredTilePanes 872,411
[2025-03-31 10:40:00] [INFO] [MapEditorScene] Updated hoveredTilePanes 870,412
[2025-03-31 10:40:00] [INFO] [MapEditorScene] Updated hoveredTilePanes 868,413
[2025-03-31 10:40:00] [INFO] [MapEditorScene] Updated hoveredTilePanes 866,413
[2025-03-31 10:40:00] [INFO] [MapEditorScene] Updated hoveredTilePanes 864,414
[2025-03-31 10:40:00] [INFO] [MapEditorScene] Updated hoveredTilePanes 863,415
[2025-03-31 10:40:00] [INFO] [MapEditorScene] Updated hoveredTilePanes 861,415
[2025-03-31 10:40:00] [INFO] [MapEditorScene] Updated hoveredTilePanes 860,415
[2025-03-31 10:40:00] [INFO] [MapEditorScene] Updated hoveredTilePanes 860,416
[2025-03-31 10:40:00] [INFO] [MapEditorScene] Updated hoveredTilePanes 859,416
[2025-03-31 10:40:00] [INFO] [MapEditorScene] Updated hoveredTilePanes 858,416
[2025-03-31 10:40:00] [INFO] [MapEditorScene] Updated hoveredTilePanes 857,416
[2025-03-31 10:40:00] [INFO] [MapEditorScene] Updated hoveredTilePanes 856,416
[2025-03-31 10:40:00] [INFO] [MapEditorScene] Updated hoveredTilePanes 856,415
[2025-03-31 10:40:00] [INFO] [MapEditorScene] Updated hoveredTilePanes 856,414
[2025-03-31 10:40:00] [INFO] [MapEditorScene] Updated hoveredTilePanes 855,413
[2025-03-31 10:40:00] [INFO] [MapEditorScene] Updated hoveredTilePanes 855,412
[2025-03-31 10:40:00] [INFO] [SelectedTilePanel] Checksum updated, getting units at selected tiles.
[2025-03-31 10:40:00] [INFO] [SelectedTilePanel] Either no unit selected or more than one unit selected
[2025-03-31 10:40:01] [INFO] [MapEditorScene] Updated hoveredTilePanes 712,448
[2025-03-31 10:40:01] [INFO] [MapEditorScene] Updated hoveredTilePanes 711,448
[2025-03-31 10:40:01] [INFO] [MapEditorScene] Updated hoveredTilePanes 709,448
[2025-03-31 10:40:01] [INFO] [MapEditorScene] Updated hoveredTilePanes 705,448
[2025-03-31 10:40:01] [INFO] [MapEditorScene] Updated hoveredTilePanes 701,449
[2025-03-31 10:40:01] [INFO] [MapEditorScene] Updated hoveredTilePanes 693,451
[2025-03-31 10:40:01] [INFO] [MapEditorScene] Updated hoveredTilePanes 691,452
[2025-03-31 10:40:01] [INFO] [MapEditorScene] Updated hoveredTilePanes 682,454
[2025-03-31 10:40:01] [INFO] [MapEditorScene] Updated hoveredTilePanes 679,455
[2025-03-31 10:40:01] [INFO] [MapEditorScene] Updated hoveredTilePanes 672,456
[2025-03-31 10:40:01] [INFO] [MapEditorScene] Updated hoveredTilePanes 667,457
[2025-03-31 10:40:01] [INFO] [MapEditorScene] Updated hoveredTilePanes 661,458
[2025-03-31 10:40:01] [INFO] [MapEditorScene] Updated hoveredTilePanes 656,458
[2025-03-31 10:40:01] [INFO] [MapEditorScene] Updated hoveredTilePanes 651,459
[2025-03-31 10:40:01] [INFO] [MapEditorScene] Updated hoveredTilePanes 646,459
[2025-03-31 10:40:01] [INFO] [MapEditorScene] Updated hoveredTilePanes 641,459
[2025-03-31 10:40:01] [INFO] [MapEditorScene] Updated hoveredTilePanes 638,459
[2025-03-31 10:40:01] [INFO] [MapEditorScene] Updated hoveredTilePanes 633,459
[2025-03-31 10:40:01] [INFO] [MapEditorScene] Updated hoveredTilePanes 630,459
[2025-03-31 10:40:01] [INFO] [MapEditorScene] Updated hoveredTilePanes 627,459
[2025-03-31 10:40:01] [INFO] [MapEditorScene] Updated hoveredTilePanes 625,459
[2025-03-31 10:40:01] [INFO] [MapEditorScene] Updated hoveredTilePanes 622,459
[2025-03-31 10:40:01] [INFO] [MapEditorScene] Updated hoveredTilePanes 620,459
[2025-03-31 10:40:01] [INFO] [MapEditorScene] Updated hoveredTilePanes 618,459
[2025-03-31 10:40:01] [INFO] [MapEditorScene] Updated hoveredTilePanes 617,459
[2025-03-31 10:40:01] [INFO] [MapEditorScene] Updated hoveredTilePanes 615,458
[2025-03-31 10:40:01] [INFO] [MapEditorScene] Updated hoveredTilePanes 614,457
[2025-03-31 10:40:01] [INFO] [SelectedTilePanel] Checksum updated, getting units at selected tiles.
[2025-03-31 10:40:01] [INFO] [SelectedTilePanel] Either no unit selected or more than one unit selected
[2025-03-31 10:40:02] [INFO] [MapEditorScene] Updated hoveredTilePanes 740,536
[2025-03-31 10:40:02] [INFO] [MapEditorScene] Updated hoveredTilePanes 741,536
[2025-03-31 10:40:02] [INFO] [MapEditorScene] Updated hoveredTilePanes 742,536
[2025-03-31 10:40:02] [INFO] [MapEditorScene] Updated hoveredTilePanes 742,535
[2025-03-31 10:40:02] [INFO] [MapEditorScene] Updated hoveredTilePanes 741,530
[2025-03-31 10:40:02] [INFO] [MapEditorScene] Updated hoveredTilePanes 739,528
[2025-03-31 10:40:02] [INFO] [MapEditorScene] Updated hoveredTilePanes 736,524
[2025-03-31 10:40:02] [INFO] [MapEditorScene] Updated hoveredTilePanes 731,516
[2025-03-31 10:40:02] [INFO] [MapEditorScene] Updated hoveredTilePanes 727,510
[2025-03-31 10:40:02] [INFO] [MapEditorScene] Updated hoveredTilePanes 722,505
[2025-03-31 10:40:02] [INFO] [MapEditorScene] Updated hoveredTilePanes 716,499
[2025-03-31 10:40:02] [INFO] [MapEditorScene] Updated hoveredTilePanes 710,491
[2025-03-31 10:40:02] [INFO] [MapEditorScene] Updated hoveredTilePanes 703,485
[2025-03-31 10:40:02] [INFO] [MapEditorScene] Updated hoveredTilePanes 694,477
[2025-03-31 10:40:02] [INFO] [MapEditorScene] Updated hoveredTilePanes 686,468
[2025-03-31 10:40:02] [INFO] [MapEditorScene] Updated hoveredTilePanes 676,457
[2025-03-31 10:40:02] [INFO] [MapEditorScene] Updated hoveredTilePanes 668,449
[2025-03-31 10:40:02] [INFO] [MapEditorScene] Updated hoveredTilePanes 660,441
[2025-03-31 10:40:02] [INFO] [MapEditorScene] Updated hoveredTilePanes 649,430
[2025-03-31 10:40:02] [INFO] [MapEditorScene] Updated hoveredTilePanes 646,426
[2025-03-31 10:40:02] [INFO] [MapEditorScene] Updated hoveredTilePanes 640,420
[2025-03-31 10:40:02] [INFO] [MapEditorScene] Updated hoveredTilePanes 634,413
[2025-03-31 10:40:02] [INFO] [MapEditorScene] Updated hoveredTilePanes 630,410
[2025-03-31 10:40:02] [INFO] [MapEditorScene] Updated hoveredTilePanes 626,406
[2025-03-31 10:40:02] [INFO] [MapEditorScene] Updated hoveredTilePanes 624,404
[2025-03-31 10:40:02] [INFO] [MapEditorScene] Updated hoveredTilePanes 623,402
[2025-03-31 10:40:02] [INFO] [MapEditorScene] Updated hoveredTilePanes 621,402
[2025-03-31 10:40:03] [INFO] [MapEditorScene] Updated hoveredTilePanes 622,402
[2025-03-31 10:40:03] [INFO] [MapEditorScene] Updated hoveredTilePanes 623,403
[2025-03-31 10:40:03] [INFO] [MapEditorScene] Updated hoveredTilePanes 624,404
[2025-03-31 10:40:03] [INFO] [MapEditorScene] Updated hoveredTilePanes 625,405
[2025-03-31 10:40:03] [INFO] [MapEditorScene] Updated hoveredTilePanes 626,406
[2025-03-31 10:40:03] [INFO] [MapEditorScene] Updated hoveredTilePanes 627,407
[2025-03-31 10:40:03] [INFO] [MapEditorScene] Updated hoveredTilePanes 636,411
[2025-03-31 10:40:03] [INFO] [MapEditorScene] Updated hoveredTilePanes 647,416
[2025-03-31 10:40:03] [INFO] [MapEditorScene] Updated hoveredTilePanes 661,422
[2025-03-31 10:40:03] [INFO] [MapEditorScene] Updated hoveredTilePanes 678,429
[2025-03-31 10:40:03] [INFO] [MapEditorScene] Updated hoveredTilePanes 695,436
[2025-03-31 10:40:04] [INFO] [MapEditorScene] Updated hoveredTilePanes 712,441
[2025-03-31 10:40:04] [INFO] [MapEditorScene] Updated hoveredTilePanes 732,447
[2025-03-31 10:40:04] [INFO] [MapEditorScene] Updated hoveredTilePanes 749,452
[2025-03-31 10:40:04] [INFO] [MapEditorScene] Updated hoveredTilePanes 769,457
[2025-03-31 10:40:04] [INFO] [MapEditorScene] Updated hoveredTilePanes 786,462
[2025-03-31 10:40:04] [INFO] [MapEditorScene] Updated hoveredTilePanes 807,466
[2025-03-31 10:40:04] [INFO] [MapEditorScene] Updated hoveredTilePanes 823,469
[2025-03-31 10:40:04] [INFO] [MapEditorScene] Updated hoveredTilePanes 840,474
[2025-03-31 10:40:04] [INFO] [MapEditorScene] Updated hoveredTilePanes 857,478
[2025-03-31 10:40:04] [INFO] [MapEditorScene] Updated hoveredTilePanes 862,480
[2025-03-31 10:40:04] [INFO] [MapEditorScene] Updated hoveredTilePanes 886,486
[2025-03-31 10:40:04] [INFO] [MapEditorScene] Updated hoveredTilePanes 897,490
[2025-03-31 10:40:04] [INFO] [MapEditorScene] Updated hoveredTilePanes 908,493
[2025-03-31 10:40:04] [INFO] [MapEditorScene] Updated hoveredTilePanes 919,495
[2025-03-31 10:40:04] [INFO] [MapEditorScene] Updated hoveredTilePanes 922,497
[2025-03-31 10:40:04] [INFO] [MapEditorScene] Updated hoveredTilePanes 939,502
[2025-03-31 10:40:04] [INFO] [MapEditorScene] Updated hoveredTilePanes 943,503
[2025-03-31 10:40:04] [INFO] [MapEditorScene] Updated hoveredTilePanes 949,505
[2025-03-31 10:40:04] [INFO] [MapEditorScene] Updated hoveredTilePanes 956,507
[2025-03-31 10:40:04] [INFO] [MapEditorScene] Updated hoveredTilePanes 961,509
[2025-03-31 10:40:04] [INFO] [MapEditorScene] Updated hoveredTilePanes 965,510
[2025-03-31 10:40:04] [INFO] [MapEditorScene] Updated hoveredTilePanes 970,512
[2025-03-31 10:40:04] [INFO] [MapEditorScene] Updated hoveredTilePanes 973,513
[2025-03-31 10:40:04] [INFO] [MapEditorScene] Updated hoveredTilePanes 977,514
[2025-03-31 10:40:04] [INFO] [MapEditorScene] Updated hoveredTilePanes 979,515
[2025-03-31 10:40:04] [INFO] [MapEditorScene] Updated hoveredTilePanes 981,516
[2025-03-31 10:40:04] [INFO] [MapEditorScene] Updated hoveredTilePanes 984,517
[2025-03-31 10:40:04] [INFO] [MapEditorScene] Updated hoveredTilePanes 987,517
[2025-03-31 10:40:04] [INFO] [MapEditorScene] Updated hoveredTilePanes 989,518
[2025-03-31 10:40:04] [INFO] [MapEditorScene] Updated hoveredTilePanes 992,519
[2025-03-31 10:40:04] [INFO] [MapEditorScene] Updated hoveredTilePanes 994,519
[2025-03-31 10:40:04] [INFO] [MapEditorScene] Updated hoveredTilePanes 998,519
[2025-03-31 10:40:04] [INFO] [MapEditorScene] Updated hoveredTilePanes 1004,519
[2025-03-31 10:40:04] [INFO] [MapEditorScene] Updated hoveredTilePanes 1009,519
[2025-03-31 10:40:04] [INFO] [MapEditorScene] Updated hoveredTilePanes 1018,519
[2025-03-31 10:40:04] [INFO] [MapEditorScene] Updated hoveredTilePanes 1026,519
[2025-03-31 10:40:04] [INFO] [MapEditorScene] Updated hoveredTilePanes 1040,514
[2025-03-31 10:40:04] [INFO] [MapEditorScene] Updated hoveredTilePanes 1054,508
[2025-03-31 10:40:04] [INFO] [MapEditorScene] Updated hoveredTilePanes 1067,503
[2025-03-31 10:40:04] [INFO] [MapEditorScene] Updated hoveredTilePanes 1082,494
[2025-03-31 10:40:04] [INFO] [MapEditorScene] Updated hoveredTilePanes 1087,490
[2025-03-31 10:40:04] [INFO] [MapEditorScene] Updated hoveredTilePanes 1100,482
[2025-03-31 10:40:04] [INFO] [MapEditorScene] Updated hoveredTilePanes 1107,476
[2025-03-31 10:40:04] [INFO] [MapEditorScene] Updated hoveredTilePanes 1113,471
[2025-03-31 10:40:04] [INFO] [MapEditorScene] Updated hoveredTilePanes 1117,466
[2025-03-31 10:40:04] [INFO] [MapEditorScene] Updated hoveredTilePanes 1121,462
[2025-03-31 10:40:04] [INFO] [MapEditorScene] Updated hoveredTilePanes 1122,459
[2025-03-31 10:40:04] [INFO] [MapEditorScene] Updated hoveredTilePanes 1124,456
[2025-03-31 10:40:04] [INFO] [MapEditorScene] Updated hoveredTilePanes 1125,454
[2025-03-31 10:40:05] [INFO] [MapEditorScene] Updated hoveredTilePanes 1114,294
[2025-03-31 10:40:05] [INFO] [MapEditorScene] Updated hoveredTilePanes 1091,286
[2025-03-31 10:40:05] [INFO] [MapEditorScene] Updated hoveredTilePanes 1065,275
[2025-03-31 10:40:05] [INFO] [MapEditorScene] Updated hoveredTilePanes 1016,258
[2025-03-31 10:40:05] [INFO] [MapEditorScene] Updated hoveredTilePanes 984,251
[2025-03-31 10:40:05] [INFO] [MapEditorScene] Updated hoveredTilePanes 947,244
[2025-03-31 10:40:05] [INFO] [MapEditorScene] Updated hoveredTilePanes 930,242
[2025-03-31 10:40:05] [INFO] [MapEditorScene] Updated hoveredTilePanes 898,237
[2025-03-31 10:40:05] [INFO] [MapEditorScene] Updated hoveredTilePanes 862,237
[2025-03-31 10:40:05] [INFO] [MapEditorScene] Updated hoveredTilePanes 830,237
[2025-03-31 10:40:05] [INFO] [MapEditorScene] Updated hoveredTilePanes 802,237
[2025-03-31 10:40:05] [INFO] [MapEditorScene] Updated hoveredTilePanes 793,237
[2025-03-31 10:40:05] [INFO] [MapEditorScene] Updated hoveredTilePanes 784,237
[2025-03-31 10:40:05] [INFO] [MapEditorScene] Updated hoveredTilePanes 770,237
[2025-03-31 10:40:05] [INFO] [MapEditorScene] Updated hoveredTilePanes 756,237
[2025-03-31 10:40:05] [INFO] [MapEditorScene] Updated hoveredTilePanes 739,237
[2025-03-31 10:40:05] [INFO] [MapEditorScene] Updated hoveredTilePanes 722,237
[2025-03-31 10:40:05] [INFO] [MapEditorScene] Updated hoveredTilePanes 681,237
[2025-03-31 10:40:05] [INFO] [MapEditorScene] Updated hoveredTilePanes 634,235
[2025-03-31 10:40:05] [INFO] [MapEditorScene] Updated hoveredTilePanes 582,229
[2025-03-31 10:40:05] [INFO] [MapEditorScene] Updated hoveredTilePanes 530,220
[2025-03-31 10:40:05] [INFO] [MapEditorScene] Updated hoveredTilePanes 472,208
[2025-03-31 10:40:05] [INFO] [MapEditorScene] Updated hoveredTilePanes 420,194
[2025-03-31 10:40:05] [INFO] [MapEditorScene] Updated hoveredTilePanes 363,178
[2025-03-31 10:40:05] [INFO] [MapEditorScene] Updated hoveredTilePanes 346,172
[2025-03-31 10:40:05] [INFO] [MapEditorScene] Updated hoveredTilePanes 303,156
[2025-03-31 10:40:05] [INFO] [MapEditorScene] Updated hoveredTilePanes 264,140
[2025-03-31 10:40:05] [INFO] [MapEditorScene] Updated hoveredTilePanes 234,126
[2025-03-31 10:40:05] [INFO] [MapEditorScene] Updated hoveredTilePanes 208,113
[2025-03-31 10:40:05] [INFO] [MapEditorScene] Updated hoveredTilePanes 187,104
[2025-03-31 10:40:05] [INFO] [MapEditorScene] Updated hoveredTilePanes 168,92
[2025-03-31 10:40:05] [INFO] [MapEditorScene] Updated hoveredTilePanes 163,90
[2025-03-31 10:40:05] [INFO] [MapEditorScene] Updated hoveredTilePanes 154,84
[2025-03-31 10:40:05] [INFO] [MapEditorScene] Updated hoveredTilePanes 146,79
[2025-03-31 10:40:05] [INFO] [MapEditorScene] Updated hoveredTilePanes 141,76
[2025-03-31 10:40:05] [INFO] [MapEditorScene] Updated hoveredTilePanes 138,75
[2025-03-31 10:40:05] [INFO] [MapEditorScene] Updated hoveredTilePanes 136,73
[2025-03-31 10:40:05] [INFO] [MapEditorScene] Updated hoveredTilePanes 135,72
[2025-03-31 10:40:05] [INFO] [MapEditorScene] Updated hoveredTilePanes 134,72
[2025-03-31 10:40:06] [INFO] [MapEditorScene] Updated hoveredTilePanes 134,71
[2025-03-31 10:40:06] [INFO] [MapEditorScene] Updated hoveredTilePanes 134,70
[2025-03-31 10:40:06] [INFO] [MapEditorScene] Updated hoveredTilePanes 135,70
[2025-03-31 10:40:06] [INFO] [MapEditorScene] Updated hoveredTilePanes 137,70
[2025-03-31 10:40:06] [INFO] [MapEditorScene] Updated hoveredTilePanes 141,69
[2025-03-31 10:40:06] [INFO] [MapEditorScene] Updated hoveredTilePanes 146,69
[2025-03-31 10:40:06] [INFO] [MapEditorScene] Updated hoveredTilePanes 155,68
[2025-03-31 10:40:06] [INFO] [MapEditorScene] Updated hoveredTilePanes 164,67
[2025-03-31 10:40:06] [INFO] [MapEditorScene] Updated hoveredTilePanes 175,64
[2025-03-31 10:40:06] [INFO] [MapEditorScene] Updated hoveredTilePanes 184,63
[2025-03-31 10:40:06] [INFO] [MapEditorScene] Updated hoveredTilePanes 195,61
[2025-03-31 10:40:06] [INFO] [MapEditorScene] Updated hoveredTilePanes 206,60
[2025-03-31 10:40:06] [INFO] [MapEditorScene] Updated hoveredTilePanes 217,59
[2025-03-31 10:40:06] [INFO] [MapEditorScene] Updated hoveredTilePanes 226,57
[2025-03-31 10:40:06] [INFO] [MapEditorScene] Updated hoveredTilePanes 229,57
[2025-03-31 10:40:06] [INFO] [MapEditorScene] Updated hoveredTilePanes 236,55
[2025-03-31 10:40:06] [INFO] [MapEditorScene] Updated hoveredTilePanes 240,55
[2025-03-31 10:40:06] [INFO] [MapEditorScene] Updated hoveredTilePanes 242,55
[2025-03-31 10:40:06] [INFO] [MapEditorScene] Updated hoveredTilePanes 244,55
[2025-03-31 10:40:06] [INFO] [MapEditorScene] Updated hoveredTilePanes 245,55
[2025-03-31 10:40:06] [INFO] [MapEditorScene] Updated hoveredTilePanes 245,54
[2025-03-31 10:40:06] [INFO] [MapEditorScene] Updated hoveredTilePanes 242,54
[2025-03-31 10:40:06] [INFO] [MapEditorScene] Updated hoveredTilePanes 236,54
[2025-03-31 10:40:06] [INFO] [MapEditorScene] Updated hoveredTilePanes 233,54
[2025-03-31 10:40:06] [INFO] [MapEditorScene] Updated hoveredTilePanes 219,53
[2025-03-31 10:40:06] [INFO] [MapEditorScene] Updated hoveredTilePanes 210,53
[2025-03-31 10:40:06] [INFO] [MapEditorScene] Updated hoveredTilePanes 199,51
[2025-03-31 10:40:06] [INFO] [MapEditorScene] Updated hoveredTilePanes 185,50
[2025-03-31 10:40:06] [INFO] [MapEditorScene] Updated hoveredTilePanes 171,50
[2025-03-31 10:40:06] [INFO] [MapEditorScene] Updated hoveredTilePanes 154,48
[2025-03-31 10:40:06] [INFO] [MapEditorScene] Updated hoveredTilePanes 140,47
[2025-03-31 10:40:06] [INFO] [MapEditorScene] Updated hoveredTilePanes 134,46
[2025-03-31 10:40:06] [INFO] [MapEditorScene] Updated hoveredTilePanes 120,44
[2025-03-31 10:40:06] [INFO] [MapEditorScene] Updated hoveredTilePanes 111,42
[2025-03-31 10:40:06] [INFO] [MapEditorScene] Updated hoveredTilePanes 100,40
[2025-03-31 10:40:06] [INFO] [MapEditorScene] Updated hoveredTilePanes 94,38
[2025-03-31 10:40:06] [INFO] [MapEditorScene] Updated hoveredTilePanes 87,36
[2025-03-31 10:40:06] [INFO] [MapEditorScene] Updated hoveredTilePanes 82,33
[2025-03-31 10:40:06] [INFO] [MapEditorScene] Updated hoveredTilePanes 79,31
[2025-03-31 10:40:06] [INFO] [MapEditorScene] Updated hoveredTilePanes 75,28
[2025-03-31 10:40:06] [INFO] [MapEditorScene] Updated hoveredTilePanes 73,27
[2025-03-31 10:40:06] [INFO] [MapEditorScene] Updated hoveredTilePanes 71,25
[2025-03-31 10:40:06] [INFO] [MapEditorScene] Updated hoveredTilePanes 69,23
[2025-03-31 10:40:06] [INFO] [MapEditorScene] Updated hoveredTilePanes 66,21
[2025-03-31 10:40:06] [INFO] [MapEditorScene] Updated hoveredTilePanes 65,20
[2025-03-31 10:40:06] [INFO] [MapEditorScene] Updated hoveredTilePanes 64,19
[2025-03-31 10:40:06] [INFO] [MapEditorScene] Updated hoveredTilePanes 63,18
[2025-03-31 10:40:06] [INFO] [MapEditorScene] Updated hoveredTilePanes 62,17
[2025-03-31 10:40:06] [INFO] [MapEditorScene] Updated hoveredTilePanes 61,17
[2025-03-31 10:40:06] [INFO] [MapEditorScene] Updated hoveredTilePanes 60,16
[2025-03-31 10:40:06] [INFO] [MapEditorScene] Updated hoveredTilePanes 59,15
[2025-03-31 10:40:06] [INFO] [MapEditorScene] Updated hoveredTilePanes 58,15
[2025-03-31 10:40:06] [INFO] [MapEditorScene] Updated hoveredTilePanes 58,14
[2025-03-31 10:40:06] [INFO] [MapEditorScene] Updated hoveredTilePanes 57,14
[2025-03-31 10:40:06] [INFO] [MapEditorScene] Updated hoveredTilePanes 57,13
[2025-03-31 10:40:06] [INFO] [MapEditorScene] Updated hoveredTilePanes 56,12
[2025-03-31 10:40:06] [INFO] [MapEditorScene] Updated hoveredTilePanes 55,11
[2025-03-31 10:40:06] [INFO] [MapEditorScene] Updated hoveredTilePanes 54,10
[2025-03-31 10:40:06] [INFO] [MapEditorScene] Updated hoveredTilePanes 53,9
[2025-03-31 10:40:06] [INFO] [MapEditorScene] Updated hoveredTilePanes 52,8
[2025-03-31 10:40:06] [INFO] [MapEditorScene] Updated hoveredTilePanes 51,7
[2025-03-31 10:40:06] [INFO] [MapEditorScene] Updated hoveredTilePanes 50,6
[2025-03-31 10:40:06] [INFO] [MapEditorScene] Updated hoveredTilePanes 49,6
[2025-03-31 10:40:06] [INFO] [MapEditorScene] Updated hoveredTilePanes 48,4
[2025-03-31 10:40:06] [INFO] [MapEditorScene] Updated hoveredTilePanes 46,3
[2025-03-31 10:40:06] [INFO] [MapEditorScene] Updated hoveredTilePanes 45,2
[2025-03-31 10:40:06] [INFO] [MapEditorScene] Updated hoveredTilePanes 43,1
[2025-03-31 10:40:06] [INFO] [MapEditorScene] Updated hoveredTilePanes 41,0
