[2025-03-22 16:56:56] [INFO] [AssetPool] Started initializing AssetPool
[2025-03-22 16:56:56] [INFO] [SpriteSheetOG] Started loading Sprite's from ./res/graphics
[2025-03-22 16:56:56] [INFO] [SpriteSheetOG] Finished reading files for sprites
[2025-03-22 16:56:56] [INFO] [Sprite] Finished loading ./res/graphics/misc/blue_reticle.png
[2025-03-22 16:56:56] [INFO] [Sprite] Finished loading ./res/graphics/misc/pink_spawn.png
[2025-03-22 16:56:56] [INFO] [Sprite] Finished loading ./res/graphics/misc/reticle.png
[2025-03-22 16:56:56] [INFO] [Sprite] Finished loading ./res/graphics/misc/yellow_spawn.png
[2025-03-22 16:56:56] [INFO] [Sprite] Finished loading ./res/graphics/misc/blue_spawn.png
[2025-03-22 16:56:56] [INFO] [Sprite] Finished loading ./res/graphics/misc/red_reticle.png
[2025-03-22 16:56:56] [INFO] [Sprite] Finished loading ./res/graphics/misc/depth_shadows.png
[2025-03-22 16:56:56] [INFO] [Sprite] Finished loading ./res/graphics/misc/yellow_reticle.png
[2025-03-22 16:56:56] [INFO] [Sprite] Finished loading ./res/graphics/misc/red_spawn.png
[2025-03-22 16:56:56] [INFO] [Sprite] Finished loading ./res/graphics/misc/directional_shadows.png
[2025-03-22 16:56:56] [INFO] [Sprite] Finished loading ./res/graphics/shadows/northwest.png
[2025-03-22 16:56:56] [INFO] [Sprite] Finished loading ./res/graphics/shadows/west.png
[2025-03-22 16:56:56] [INFO] [Sprite] Finished loading ./res/graphics/shadows/north.png
[2025-03-22 16:56:56] [INFO] [Sprite] Finished loading ./res/graphics/shadows/east.png
[2025-03-22 16:56:56] [INFO] [Sprite] Finished loading ./res/graphics/shadows/northeast.png
[2025-03-22 16:56:56] [INFO] [Sprite] Finished loading ./res/graphics/shadows/south.png
[2025-03-22 16:56:56] [INFO] [Sprite] Finished loading ./res/graphics/shadows/southwest.png
[2025-03-22 16:56:56] [INFO] [Sprite] Finished loading ./res/graphics/shadows/southeast.png
[2025-03-22 16:56:56] [INFO] [Sprite] Finished loading ./res/graphics/structures/tree3_structure.png
[2025-03-22 16:56:56] [INFO] [Sprite] Finished loading ./res/graphics/structures/tree4_structure.png
[2025-03-22 16:56:56] [INFO] [Sprite] Finished loading ./res/graphics/structures/tree1_structure.png
[2025-03-22 16:56:56] [INFO] [Sprite] Finished loading ./res/graphics/structures/tree5_structure.png
[2025-03-22 16:56:56] [INFO] [Sprite] Finished loading ./res/graphics/structures/tree2_structure.png
[2025-03-22 16:56:56] [INFO] [Sprite] Finished loading ./res/graphics/structures/tree6_structure.png
[2025-03-22 16:56:56] [INFO] [Sprite] Finished loading ./res/graphics/wall_tiles/rock_wall2.png
[2025-03-22 16:56:56] [INFO] [Sprite] Finished loading ./res/graphics/wall_tiles/sandstone_wall.png
[2025-03-22 16:56:56] [INFO] [Sprite] Finished loading ./res/graphics/wall_tiles/elden_yellow_wall.png
[2025-03-22 16:56:56] [INFO] [Sprite] Finished loading ./res/graphics/wall_tiles/vine_on_wall.png
[2025-03-22 16:56:56] [INFO] [Sprite] Finished loading ./res/graphics/wall_tiles/boulder_wall.png
[2025-03-22 16:56:56] [INFO] [Sprite] Finished loading ./res/graphics/wall_tiles/white_marble_wall.png
[2025-03-22 16:56:56] [INFO] [Sprite] Finished loading ./res/graphics/wall_tiles/elden_green_wall.png
[2025-03-22 16:56:56] [INFO] [Sprite] Finished loading ./res/graphics/wall_tiles/brown_marble_wall.png
[2025-03-22 16:56:56] [INFO] [Sprite] Finished loading ./res/graphics/wall_tiles/small_brick_wall.png
[2025-03-22 16:56:56] [INFO] [Sprite] Finished loading ./res/graphics/wall_tiles/moss_wall.png
[2025-03-22 16:56:56] [INFO] [Sprite] Finished loading ./res/graphics/wall_tiles/dirt_brick_vine_wall.png
[2025-03-22 16:56:56] [INFO] [Sprite] Finished loading ./res/graphics/wall_tiles/elden_purple_wall.png
[2025-03-22 16:56:56] [INFO] [Sprite] Finished loading ./res/graphics/wall_tiles/large_brick_wall.png
[2025-03-22 16:56:56] [INFO] [Sprite] Finished loading ./res/graphics/wall_tiles/dirt_wall.png
[2025-03-22 16:56:56] [INFO] [Sprite] Finished loading ./res/graphics/wall_tiles/alien_wall.png
[2025-03-22 16:56:56] [INFO] [Sprite] Finished loading ./res/graphics/wall_tiles/industrial_brick_wall.png
[2025-03-22 16:56:56] [INFO] [Sprite] Finished loading ./res/graphics/wall_tiles/rock_wall.png
[2025-03-22 16:56:56] [INFO] [Sprite] Finished loading ./res/graphics/wall_tiles/dirt_wall2.png
[2025-03-22 16:56:56] [INFO] [Sprite] Finished loading ./res/graphics/wall_tiles/moss_wall2.png
[2025-03-22 16:56:56] [INFO] [Sprite] Finished loading ./res/graphics/wall_tiles/moss_wall3.png
[2025-03-22 16:56:56] [INFO] [Sprite] Finished loading ./res/graphics/wall_tiles/no_wall.png
[2025-03-22 16:56:56] [INFO] [Sprite] Finished loading ./res/graphics/wall_tiles/alien_rune_wall.png
[2025-03-22 16:56:56] [INFO] [Sprite] Finished loading ./res/graphics/wall_tiles/industrial_wall.png
[2025-03-22 16:56:56] [INFO] [Sprite] Finished loading ./res/graphics/wall_tiles/small_brick_wall2.png
[2025-03-22 16:56:56] [INFO] [Sprite] Finished loading ./res/graphics/old/liquids 2.png
[2025-03-22 16:56:56] [INFO] [Sprite] Finished loading ./res/graphics/old/gems.png
[2025-03-22 16:56:56] [INFO] [Sprite] Finished loading ./res/graphics/old/floors.png
[2025-03-22 16:56:56] [INFO] [Sprite] Finished loading ./res/graphics/old/terrains.png
[2025-03-22 16:56:56] [INFO] [Sprite] Finished loading ./res/graphics/old/gemsRaw.png
[2025-03-22 16:56:56] [INFO] [Sprite] Finished loading ./res/graphics/old/walls.png
[2025-03-22 16:56:56] [INFO] [Sprite] Finished loading ./res/graphics/old/special2.png
[2025-03-22 16:56:56] [INFO] [Sprite] Finished loading ./res/graphics/old/structures.png
[2025-03-22 16:56:56] [INFO] [Sprite] Finished loading ./res/graphics/old/special.png
[2025-03-22 16:56:56] [INFO] [Sprite] Finished loading ./res/graphics/old/liquids.png
[2025-03-22 16:56:56] [INFO] [Sprite] Finished loading ./res/graphics/old/units.png
[2025-03-22 16:56:56] [INFO] [Sprite] Finished loading ./res/graphics/old/terrains2.png
[2025-03-22 16:56:56] [INFO] [Sprite] Finished loading ./res/graphics/old/floors2.png
[2025-03-22 16:56:56] [INFO] [Sprite] Finished loading ./res/graphics/floor_tiles/sand_1_floor.png
[2025-03-22 16:56:56] [INFO] [Sprite] Finished loading ./res/graphics/floor_tiles/sand_dark_floor.png
[2025-03-22 16:56:56] [INFO] [Sprite] Finished loading ./res/graphics/floor_tiles/dirty_grass_1_floor.png
[2025-03-22 16:56:56] [INFO] [Sprite] Finished loading ./res/graphics/floor_tiles/white_sand_floor.png
[2025-03-22 16:56:56] [INFO] [Sprite] Finished loading ./res/graphics/floor_tiles/white_sands_2.png
[2025-03-22 16:56:56] [INFO] [Sprite] Finished loading ./res/graphics/floor_tiles/dirty_grass_2_floor.png
[2025-03-22 16:56:56] [INFO] [Sprite] Finished loading ./res/graphics/floor_tiles/sand_3_floor.png
[2025-03-22 16:56:56] [INFO] [Sprite] Finished loading ./res/graphics/floor_tiles/obsidian_floor.png
[2025-03-22 16:56:56] [INFO] [Sprite] Finished loading ./res/graphics/floor_tiles/base_floor.png
[2025-03-22 16:56:56] [INFO] [Sprite] Finished loading ./res/graphics/floor_tiles/sand_floor.png
[2025-03-22 16:56:56] [INFO] [Sprite] Finished loading ./res/graphics/floor_tiles/default_2.png
[2025-03-22 16:56:56] [INFO] [Sprite] Finished loading ./res/graphics/floor_tiles/dirty_grass_3_floor.png
[2025-03-22 16:56:56] [INFO] [Sprite] Finished loading ./res/graphics/floor_tiles/sand_2_floor.png
[2025-03-22 16:56:56] [INFO] [Sprite] Finished loading ./res/graphics/floor_tiles/default.png
[2025-03-22 16:56:56] [INFO] [Sprite] Finished loading ./res/graphics/units/Air_Dragon.png
[2025-03-22 16:56:56] [INFO] [Sprite] Finished loading ./res/graphics/units/Dragon.png
[2025-03-22 16:56:56] [INFO] [Sprite] Finished loading ./res/graphics/units/Dark_Dragon.png
[2025-03-22 16:56:56] [INFO] [Sprite] Finished loading ./res/graphics/units/Earth_Dragon.png
[2025-03-22 16:56:56] [INFO] [Sprite] Finished loading ./res/graphics/units/Light_Dragon.png
[2025-03-22 16:56:56] [INFO] [Sprite] Finished loading ./res/graphics/units/Water_Dragon.png
[2025-03-22 16:56:56] [INFO] [Sprite] Finished loading ./res/graphics/units/Fire_Dragon.png
[2025-03-22 16:56:56] [INFO] [Sprite] Finished loading ./res/graphics/actions/StatsDown.png
[2025-03-22 16:56:56] [INFO] [Sprite] Finished loading ./res/graphics/actions/PhysicalHit4.png
[2025-03-22 16:56:56] [INFO] [Sprite] Finished loading ./res/graphics/actions/Slash.png
[2025-03-22 16:56:56] [INFO] [Sprite] Finished loading ./res/graphics/actions/Air.png
[2025-03-22 16:56:56] [INFO] [Sprite] Finished loading ./res/graphics/actions/Dark.png
[2025-03-22 16:56:56] [INFO] [Sprite] Finished loading ./res/graphics/actions/Blunt.png
[2025-03-22 16:56:56] [INFO] [Sprite] Finished loading ./res/graphics/actions/Fire.png
[2025-03-22 16:56:56] [INFO] [Sprite] Finished loading ./res/graphics/actions/Earth.png
[2025-03-22 16:56:56] [INFO] [Sprite] Finished loading ./res/graphics/actions/Light.png
[2025-03-22 16:56:56] [INFO] [Sprite] Finished loading ./res/graphics/actions/StatsUp.png
[2025-03-22 16:56:56] [INFO] [Sprite] Finished loading ./res/graphics/actions/Water.png
[2025-03-22 16:56:56] [INFO] [Sprite] Finished loading ./res/graphics/actions/Pierce.png
[2025-03-22 16:56:56] [INFO] [Sprite] Finished loading ./res/graphics/spells/LightSpell.png
[2025-03-22 16:56:56] [INFO] [Sprite] Finished loading ./res/graphics/spells/StatsDown.png
[2025-03-22 16:56:56] [INFO] [Sprite] Finished loading ./res/graphics/spells/WindSpell.png
[2025-03-22 16:56:56] [INFO] [Sprite] Finished loading ./res/graphics/spells/WaterSpell.png
[2025-03-22 16:56:56] [INFO] [Sprite] Finished loading ./res/graphics/spells/PhysicalHit4.png
[2025-03-22 16:56:56] [INFO] [Sprite] Finished loading ./res/graphics/spells/PhysicalHit1.png
[2025-03-22 16:56:56] [INFO] [Sprite] Finished loading ./res/graphics/spells/LightningSpell.png
[2025-03-22 16:56:56] [INFO] [Sprite] Finished loading ./res/graphics/spells/PhysicalHit3.png
[2025-03-22 16:56:56] [INFO] [Sprite] Finished loading ./res/graphics/spells/PhysicalHit2.png
[2025-03-22 16:56:56] [INFO] [Sprite] Finished loading ./res/graphics/spells/FireSpell.png
[2025-03-22 16:56:56] [INFO] [Sprite] Finished loading ./res/graphics/spells/DarkSpell.png
[2025-03-22 16:56:56] [INFO] [Sprite] Finished loading ./res/graphics/spells/StatsUp.png
[2025-03-22 16:56:56] [INFO] [Sprite] Finished loading ./res/graphics/spells/EarthSpell.png
[2025-03-22 16:56:56] [INFO] [Sprite] Finished loading ./res/graphics/liquids/greater_leafage_liquid.png
[2025-03-22 16:56:56] [INFO] [Sprite] Finished loading ./res/graphics/liquids/waterV4_liquid.png
[2025-03-22 16:56:56] [INFO] [Sprite] Finished loading ./res/graphics/liquids/shallow_swamp.png
[2025-03-22 16:56:56] [INFO] [Sprite] Finished loading ./res/graphics/liquids/water5.png
[2025-03-22 16:56:56] [INFO] [Sprite] Finished loading ./res/graphics/liquids/swamp_2.png
[2025-03-22 16:56:56] [INFO] [Sprite] Finished loading ./res/graphics/liquids/Lava_liquid.png
[2025-03-22 16:56:56] [INFO] [Sprite] Finished loading ./res/graphics/liquids/swamp2.png
[2025-03-22 16:56:56] [INFO] [Sprite] Finished loading ./res/graphics/liquids/waterV33_liquid.png
[2025-03-22 16:56:56] [INFO] [Sprite] Finished loading ./res/graphics/liquids/shallow_water_liquid.png
[2025-03-22 16:56:56] [INFO] [Sprite] Finished loading ./res/graphics/liquids/water_liquid.png
[2025-03-22 16:56:56] [INFO] [Sprite] Finished loading ./res/graphics/liquids/waterV2_liquid.png
[2025-03-22 16:56:56] [INFO] [Sprite] Finished loading ./res/graphics/liquids/swamp2_liquid.png
[2025-03-22 16:56:56] [INFO] [SpriteSheetOG] Finished loading ./res/graphics
[2025-03-22 16:56:56] [INFO] [AssetPool] Finished initializing AssetPool
[2025-03-22 16:56:56] [INFO] [FontPoolV1] Started initializing FontPoolV1
[2025-03-22 16:56:56] [INFO] [FontPoolV1] Finished initializing FontPoolV1
[2025-03-22 16:56:56] [INFO] [UnitDatabase] Started initializing UnitDatabase
[2025-03-22 16:56:56] [INFO] [UnitDatabase] Successfully initialized UnitDatabase
[2025-03-22 16:56:56] [INFO] [UnitDatabase] Finished initializing UnitDatabase
[2025-03-22 16:56:56] [INFO] [JsonDatabase] Started initializing JsonDatabase
[2025-03-22 16:56:56] [INFO] [JsonTable] Started initializing JsonTable
[2025-03-22 16:56:56] [INFO] [JsonTable] Successfully initialized JsonTable
[2025-03-22 16:56:56] [INFO] [JsonTable] Finished initializing JsonTable
[2025-03-22 16:56:56] [INFO] [JsonTable] Started initializing JsonTable
[2025-03-22 16:56:56] [INFO] [JsonTable] Successfully initialized JsonTable
[2025-03-22 16:56:56] [INFO] [JsonTable] Finished initializing JsonTable
[2025-03-22 16:56:56] [INFO] [JsonTable] Started initializing JsonTable
[2025-03-22 16:56:56] [INFO] [JsonTable] Successfully initialized JsonTable
[2025-03-22 16:56:56] [INFO] [JsonTable] Finished initializing JsonTable
[2025-03-22 16:56:56] [INFO] [JsonDatabase] Successfully initialized JsonDatabase
[2025-03-22 16:56:56] [INFO] [JsonDatabase] Finished initializing JsonDatabase
[2025-03-22 16:56:56] [INFO] [Component] Setting 8208fdc8-e216-49a3-977c-9fdfdec37fab on to e71d8c36-af0c-4474-b993-1d7439a2e3b0.
[2025-03-22 16:56:56] [INFO] [SpeedQueue] Added unit enemy:Oevl into queue
[2025-03-22 16:56:56] [INFO] [Component] Setting 35c2e643-21ae-4308-af10-7cdf397540c7 on to bda3a372-27c9-4bb6-b8a5-aa8f8f5c88f3.
[2025-03-22 16:56:56] [INFO] [SpeedQueue] Added unit enemy:Nyhs into queue
[2025-03-22 16:56:56] [INFO] [Component] Setting 63b53dd5-8444-4a31-9fd0-906ff5d0778e on to 83704aa6-f688-4baf-a48d-2c81948c8ad4.
[2025-03-22 16:56:56] [INFO] [SpeedQueue] Added unit enemy:Huum into queue
[2025-03-22 16:56:56] [INFO] [Component] Setting 560c0d2c-4851-4c2c-8f97-cdc41b1cf3d5 on to 4348a4c4-fb4b-408b-a1a1-160f2197826a.
[2025-03-22 16:56:56] [INFO] [SpeedQueue] Added unit enemy:Oadk into queue
[2025-03-22 16:56:56] [INFO] [Component] Setting 9ec9a3c6-f887-4106-935f-eb2ab75f0b28 on to 7a8b97da-41d8-4978-8de4-655ef1a5efa1.
[2025-03-22 16:56:56] [INFO] [SpeedQueue] Added unit user:Petcuo into queue
[2025-03-22 16:56:56] [INFO] [Component] Setting 28bc0bb0-d1c1-4a29-9bde-691b8263cb53 on to 34538745-3647-497b-b315-41456db07791.
[2025-03-22 16:56:56] [INFO] [SpeedQueue] Added unit user:Dizk into queue
[2025-03-22 16:56:56] [INFO] [Component] Setting 88aa4ac5-f35f-43d2-8dfe-6436d12a9043 on to 7eb7a2d3-d458-4044-927a-364c68e78bbd.
[2025-03-22 16:56:56] [INFO] [SpeedQueue] Added unit user:Yyto into queue
[2025-03-22 16:56:56] [INFO] [Component] Setting 299edc50-35f4-4b93-b5f4-9d1a836680e7 on to 11bde17f-aa50-40c1-8bb4-9ee7a7ab8ceb.
[2025-03-22 16:56:56] [INFO] [SpeedQueue] Added unit user:Demdey into queue
[2025-03-22 16:56:57] [INFO] [FontPool] Started initializing FontPool
[2025-03-22 16:56:57] [INFO] [FontPool] ✅ Successfully loaded font: Lilian
[2025-03-22 16:56:58] [INFO] [VisualsSystem] Started creating blurred background
[2025-03-22 16:56:58] [INFO] [VisualsSystem] Finished creating blurred background after 0.37959930300712585 seconds
