[2025-06-03 03:55:32] [INFO] [UnitTable] Started initializing UnitTable
[2025-06-03 03:55:32] [INFO] [EmeritusDatabase] Started initializing EmeritusDatabase
[2025-06-03 03:55:32] [INFO] [EmeritusDatabase] Finished initializing EmeritusDatabase
[2025-06-03 03:55:32] [INFO] [UnitTable] Successfully initialized UnitTable
[2025-06-03 03:55:32] [INFO] [UnitTable] Finished initializing UnitTable
[2025-06-03 03:55:32] [INFO] [AbilityTable] Started initializing AbilityTable
[2025-06-03 03:55:32] [INFO] [AbilityTable] Finished initializing AbilityTable
[2025-06-03 03:55:32] [INFO] [UserSaveStateManager] Started loading user save data
[2025-06-03 03:55:32] [INFO] [UserSaveStateManager] Finished loading user save data
[2025-06-03 03:55:33] [INFO] [AssetPool] Started initializing AssetPool
[2025-06-03 03:55:33] [INFO] [AssetNameSpace] Started loading Sprite's from ./res/graphics
[2025-06-03 03:55:33] [INFO] [AssetNameSpace] Finished reading files for sprites
[2025-06-03 03:55:33] [INFO] [AssetNameSpace] Finished loading ./res/graphics
[2025-06-03 03:55:33] [INFO] [AssetPool] Finished initializing AssetPool
[2025-06-03 03:55:33] [INFO] [Component] Setting UNIT_dragon___NICKNAME_Uovwei___0fafe17a-1785-4d55-8371-d5f5acddc6ed on to {"row":7,"column":0,"base_elevation":0,"spawn_region":"Left","unit":"UNIT_dragon___NICKNAME_Uovwei___0fafe17a-1785-4d55-8371-d5f5acddc6ed","layers":{"empty":false},"total_elevation":8}.
[2025-06-03 03:55:33] [INFO] [Component] Setting UNIT_dark_dragon___NICKNAME_Kodowe___f0cdb0a4-7797-4af2-b75d-fc6294e1cc49 on to {"row":8,"column":0,"base_elevation":0,"spawn_region":"Left","unit":"UNIT_dark_dragon___NICKNAME_Kodowe___f0cdb0a4-7797-4af2-b75d-fc6294e1cc49","layers":{"empty":false},"total_elevation":8}.
[2025-06-03 03:55:33] [INFO] [Component] Setting UNIT_dragon___NICKNAME_Duvd___1faa97bf-b68f-4eaf-bcba-6e00d60fe4b0 on to {"row":6,"column":0,"base_elevation":0,"spawn_region":"Left","unit":"UNIT_dragon___NICKNAME_Duvd___1faa97bf-b68f-4eaf-bcba-6e00d60fe4b0","layers":{"empty":false},"total_elevation":8}.
[2025-06-03 03:55:33] [INFO] [Component] Setting UNIT_dark_dragon___NICKNAME_Difo___cacc8f66-f22c-4d0a-aaf3-81968afccfea on to {"row":2,"column":0,"base_elevation":0,"spawn_region":"Left","unit":"UNIT_dark_dragon___NICKNAME_Difo___cacc8f66-f22c-4d0a-aaf3-81968afccfea","layers":{"empty":false},"total_elevation":8}.
[2025-06-03 03:55:33] [INFO] [Component] Setting UNIT_water_dragon___NICKNAME_Heul___27cd06df-b303-4814-897e-ac4406f6917e on to {"row":0,"column":1,"base_elevation":0,"spawn_region":"Left","unit":"UNIT_water_dragon___NICKNAME_Heul___27cd06df-b303-4814-897e-ac4406f6917e","layers":{"empty":false},"total_elevation":9}.
[2025-06-03 03:55:33] [INFO] [Component] Setting UNIT_dark_dragon___NICKNAME_Yodp___6e973ab1-c48e-40d1-90e4-7279b4262479 on to {"row":4,"column":12,"base_elevation":0,"spawn_region":"Right","unit":"UNIT_dark_dragon___NICKNAME_Yodp___6e973ab1-c48e-40d1-90e4-7279b4262479","layers":{"empty":false},"total_elevation":7}.
[2025-06-03 03:55:33] [INFO] [Component] Setting UNIT_air_dragon___NICKNAME_Jevv___5035036f-a49e-4131-a52b-ebda8c187a25 on to {"row":9,"column":12,"base_elevation":0,"spawn_region":"Right","unit":"UNIT_air_dragon___NICKNAME_Jevv___5035036f-a49e-4131-a52b-ebda8c187a25","layers":{"empty":false},"total_elevation":8}.
[2025-06-03 03:55:33] [INFO] [Component] Setting UNIT_light_dragon___NICKNAME_Yylyi___f58d97ed-920a-44e6-817e-56887dcf7cec on to {"row":7,"column":11,"base_elevation":0,"spawn_region":"Right","unit":"UNIT_light_dragon___NICKNAME_Yylyi___f58d97ed-920a-44e6-817e-56887dcf7cec","layers":{"empty":false},"total_elevation":9}.
[2025-06-03 03:55:33] [INFO] [Component] Setting UNIT_fire_dragon___NICKNAME_Ooba___f942e72c-ee7e-42ef-9435-56bf72fd5884 on to {"row":5,"column":11,"base_elevation":0,"spawn_region":"Right","unit":"UNIT_fire_dragon___NICKNAME_Ooba___f942e72c-ee7e-42ef-9435-56bf72fd5884","layers":{"empty":false},"total_elevation":9}.
[2025-06-03 03:55:33] [INFO] [Component] Setting UNIT_dragon___NICKNAME_Yibquy___82a76d0b-68e0-494f-9487-929ef8cd8cf2 on to {"row":9,"column":11,"base_elevation":0,"spawn_region":"Right","unit":"UNIT_dragon___NICKNAME_Yibquy___82a76d0b-68e0-494f-9487-929ef8cd8cf2","layers":{"empty":false},"total_elevation":8}.
[2025-06-03 03:55:33] [INFO] [EngineController] Started setting scene to MENU_SCENE
[2025-06-03 03:55:33] [INFO] [EngineController] Finished setting scene to MENU_SCENE
[2025-06-03 03:55:33] [INFO] [EngineController] Started setting scene to GAME_SCENE
[2025-06-03 03:55:33] [INFO] [FontPool] Started initializing FontPool
[2025-06-03 03:55:33] [INFO] [FontPool] ✅ Successfully loaded font: Lilian
[2025-06-03 03:55:33] [INFO] [EngineController] Finished setting scene to GAME_SCENE
[2025-06-03 03:55:33] [INFO] [AbilitySystem] Started updating {} because of ability
[2025-06-03 03:55:33] [INFO] [AbilitySystem] Finished update updating {} because of ability
[2025-06-03 03:55:33] [INFO] [AbilitySystem] Started updating {} because of ability
[2025-06-03 03:55:33] [INFO] [AbilitySystem] Finished update updating {} because of ability
[2025-06-03 03:55:33] [INFO] [AbilitySystem] Started updating {} because of ability
[2025-06-03 03:55:33] [INFO] [AbilitySystem] Finished update updating {} because of ability
[2025-06-03 03:55:33] [INFO] [AbilitySystem] Started updating {} because of ability
[2025-06-03 03:55:33] [INFO] [AbilitySystem] Finished update updating {} because of ability
[2025-06-03 03:55:33] [INFO] [AbilitySystem] Started updating {} because of ability
[2025-06-03 03:55:33] [INFO] [AbilitySystem] Finished update updating {} because of ability
[2025-06-03 03:55:33] [INFO] [AbilitySystem] Started updating {} because of ability
[2025-06-03 03:55:33] [INFO] [AbilitySystem] Finished update updating {} because of ability
[2025-06-03 03:55:33] [INFO] [AbilitySystem] Started updating {} because of ability
[2025-06-03 03:55:33] [INFO] [AbilitySystem] Finished update updating {} because of ability
[2025-06-03 03:55:33] [INFO] [AbilitySystem] Started updating {} because of ability
[2025-06-03 03:55:33] [INFO] [AbilitySystem] Finished update updating {} because of ability
[2025-06-03 03:55:33] [INFO] [AbilitySystem] Started updating {} because of ability
[2025-06-03 03:55:33] [INFO] [AbilitySystem] Finished update updating {} because of ability
[2025-06-03 03:55:33] [INFO] [AbilitySystem] Started updating {} because of ability
[2025-06-03 03:55:33] [INFO] [AbilitySystem] Finished update updating {} because of ability
[2025-06-03 03:55:36] [INFO] [AbilityPanel] Updating ability selection for UNIT_air_dragon___NICKNAME_Jevv___5035036f-a49e-4131-a52b-ebda8c187a25
[2025-06-03 03:55:36] [INFO] [AbilityPanel] Finished ability selection for UNIT_air_dragon___NICKNAME_Jevv___5035036f-a49e-4131-a52b-ebda8c187a25
[2025-06-03 03:55:36] [INFO] [MovementPanel] Started update to Movement Information panel.
[2025-06-03 03:55:36] [INFO] [MovementPanel] Finished update to Movement Information panel.
[2025-06-03 03:55:36] [INFO] [TimeLinePanel] Started updating the timeline panel after turn order has changed.
[2025-06-03 03:55:36] [INFO] [TimeLinePanel] Finished updating the timeline panel after turn order has changed.
[2025-06-03 03:55:36] [INFO] [SelectedTilePanel] Checksum updated, getting units at selected tiles.
[2025-06-03 03:55:36] [INFO] [SelectedTilePanel] Either no unit selected or more than one unit selected
[2025-06-03 03:55:36] [INFO] [VisualsSystem] Started creating blurred background
[2025-06-03 03:55:36] [INFO] [VisualsSystem] Finished creating blurred background after 0.4871416687965393 seconds
[2025-06-03 03:55:36] [INFO] [AbilitySystem] Started updating {} because of ability
[2025-06-03 03:55:36] [INFO] [AbilitySystem] Finished update updating {} because of ability
[2025-06-03 03:55:36] [INFO] [AbilitySystem] Started updating {} because of ability
[2025-06-03 03:55:36] [INFO] [AbilitySystem] Finished update updating {} because of ability
[2025-06-03 03:55:36] [INFO] [AbilitySystem] Started updating {} because of ability
[2025-06-03 03:55:36] [INFO] [AbilitySystem] Finished update updating {} because of ability
[2025-06-03 03:55:36] [INFO] [AbilitySystem] Started updating {} because of ability
[2025-06-03 03:55:36] [INFO] [AbilitySystem] Finished update updating {} because of ability
[2025-06-03 03:55:36] [INFO] [AbilitySystem] Started updating {} because of ability
[2025-06-03 03:55:36] [INFO] [AbilitySystem] Finished update updating {} because of ability
[2025-06-03 03:55:36] [INFO] [AbilitySystem] Started updating {} because of ability
[2025-06-03 03:55:36] [INFO] [AbilitySystem] Finished update updating {} because of ability
[2025-06-03 03:55:36] [INFO] [AbilitySystem] Started updating {} because of ability
[2025-06-03 03:55:36] [INFO] [AbilitySystem] Finished update updating {} because of ability
[2025-06-03 03:55:36] [INFO] [MovementSystem] Updated movement range to 4 for Jevv
[2025-06-03 03:55:36] [INFO] [MovementSystem] Updated movement path from [9, 12] to [7, 12] for Jevv
[2025-06-03 03:55:36] [INFO] [Component] Setting UNIT_air_dragon___NICKNAME_Jevv___5035036f-a49e-4131-a52b-ebda8c187a25 on to {"row":7,"column":12,"base_elevation":0,"spawn_region":"Right","unit":"UNIT_air_dragon___NICKNAME_Jevv___5035036f-a49e-4131-a52b-ebda8c187a25","layers":{"empty":false},"total_elevation":9}.
[2025-06-03 03:55:36] [INFO] [MovementSystem] Moved from [9, 12] to [7, 12]
[2025-06-03 03:55:36] [INFO] [AbilityPanel] Updating ability selection for UNIT_air_dragon___NICKNAME_Jevv___5035036f-a49e-4131-a52b-ebda8c187a25
[2025-06-03 03:55:36] [INFO] [AbilityPanel] Finished ability selection for UNIT_air_dragon___NICKNAME_Jevv___5035036f-a49e-4131-a52b-ebda8c187a25
[2025-06-03 03:55:36] [INFO] [MovementPanel] Started update to Movement Information panel.
[2025-06-03 03:55:36] [INFO] [MovementPanel] Finished update to Movement Information panel.
[2025-06-03 03:55:36] [INFO] [StatisticsPanel] Started updating Statistics Information Panel for entity UNIT_air_dragon___NICKNAME_Jevv___5035036f-a49e-4131-a52b-ebda8c187a25
[2025-06-03 03:55:36] [INFO] [StatisticsPanel] Finished updating Statistics Information Panel for entity UNIT_air_dragon___NICKNAME_Jevv___5035036f-a49e-4131-a52b-ebda8c187a25
[2025-06-03 03:55:36] [INFO] [SelectedTilePanel] Checksum updated, getting units at selected tiles.
[2025-06-03 03:55:36] [INFO] [SelectedTilePanel] Updated selected tile display to view Jevv
[2025-06-03 03:55:36] [INFO] [InputHandler] Gliding 0 camera to new tile ROW_7___COLUMN_12___4a339a18-ad2a-43ba-8a86-9e4e9eddc52a
[2025-06-03 03:55:36] [INFO] [InputHandler] Gliding 1 camera to new tile ROW_7___COLUMN_12___4a339a18-ad2a-43ba-8a86-9e4e9eddc52a
[2025-06-03 03:55:36] [INFO] [AbilitySystem] Started updating {} because of ability
[2025-06-03 03:55:36] [INFO] [AbilitySystem] Finished update updating {} because of ability
[2025-06-03 03:55:36] [INFO] [AbilitySystem] Started updating {} because of ability
[2025-06-03 03:55:36] [INFO] [AbilitySystem] Finished update updating {} because of ability
[2025-06-03 03:55:36] [INFO] [AbilitySystem] Started updating {} because of ability
[2025-06-03 03:55:36] [INFO] [AbilitySystem] Finished update updating {} because of ability
[2025-06-03 03:55:36] [INFO] [AbilitySystem] Started updating {} because of ability
[2025-06-03 03:55:36] [INFO] [AbilitySystem] Finished update updating {} because of ability
[2025-06-03 03:55:36] [INFO] [AbilitySystem] Started updating {} because of ability
[2025-06-03 03:55:36] [INFO] [AbilitySystem] Finished update updating {} because of ability
[2025-06-03 03:55:36] [INFO] [AbilitySystem] Started updating {} because of ability
[2025-06-03 03:55:36] [INFO] [AbilitySystem] Finished update updating {} because of ability
[2025-06-03 03:55:36] [INFO] [AbilityPanel] Updating ability selection for UNIT_air_dragon___NICKNAME_Jevv___5035036f-a49e-4131-a52b-ebda8c187a25
[2025-06-03 03:55:37] [INFO] [AbilityPanel] Finished ability selection for UNIT_air_dragon___NICKNAME_Jevv___5035036f-a49e-4131-a52b-ebda8c187a25
[2025-06-03 03:55:37] [INFO] [MovementPanel] Started update to Movement Information panel.
[2025-06-03 03:55:37] [INFO] [MovementPanel] Finished update to Movement Information panel.
[2025-06-03 03:55:37] [INFO] [StatisticsPanel] Started updating Statistics Information Panel for entity UNIT_air_dragon___NICKNAME_Jevv___5035036f-a49e-4131-a52b-ebda8c187a25
[2025-06-03 03:55:37] [INFO] [StatisticsPanel] Finished updating Statistics Information Panel for entity UNIT_air_dragon___NICKNAME_Jevv___5035036f-a49e-4131-a52b-ebda8c187a25
[2025-06-03 03:55:37] [INFO] [AbilitySystem] Started updating {} because of ability
[2025-06-03 03:55:37] [INFO] [AbilitySystem] Finished update updating {} because of ability
[2025-06-03 03:55:39] [INFO] [InputHandler] Gliding 0 camera to new tile ROW_7___COLUMN_12___4a339a18-ad2a-43ba-8a86-9e4e9eddc52a
[2025-06-03 03:55:39] [INFO] [InputHandler] Gliding 1 camera to new tile ROW_7___COLUMN_12___4a339a18-ad2a-43ba-8a86-9e4e9eddc52a
