[2025-03-15 15:28:53] [INFO] [AssetPool] Started initializing AssetPool
[2025-03-15 15:28:53] [INFO] [Engine] HEAP ALLOCATION INCREASED! 1.0 GB of 16.0 GB used
[2025-03-15 15:28:53] [INFO] [SpriteSheetOG] Started loading Sprite's from ./res/graphics
[2025-03-15 15:28:53] [INFO] [SpriteSheetOG] Finished reading files for sprites
[2025-03-15 15:28:53] [INFO] [Sprite] Finished loading ./res/graphics/misc/blue_reticle.png
[2025-03-15 15:28:53] [INFO] [Sprite] Finished loading ./res/graphics/misc/pink_spawn.png
[2025-03-15 15:28:53] [INFO] [Sprite] Finished loading ./res/graphics/misc/reticle.png
[2025-03-15 15:28:53] [INFO] [Sprite] Finished loading ./res/graphics/misc/yellow_spawn.png
[2025-03-15 15:28:53] [INFO] [Sprite] Finished loading ./res/graphics/misc/blue_spawn.png
[2025-03-15 15:28:53] [INFO] [Sprite] Finished loading ./res/graphics/misc/red_reticle.png
[2025-03-15 15:28:53] [INFO] [Sprite] Finished loading ./res/graphics/misc/depth_shadows.png
[2025-03-15 15:28:53] [INFO] [Sprite] Finished loading ./res/graphics/misc/yellow_reticle.png
[2025-03-15 15:28:53] [INFO] [Sprite] Finished loading ./res/graphics/misc/red_spawn.png
[2025-03-15 15:28:53] [INFO] [Sprite] Finished loading ./res/graphics/misc/directional_shadows.png
[2025-03-15 15:28:53] [INFO] [Sprite] Finished loading ./res/graphics/shadows/northwest.png
[2025-03-15 15:28:53] [INFO] [Sprite] Finished loading ./res/graphics/shadows/west.png
[2025-03-15 15:28:53] [INFO] [Sprite] Finished loading ./res/graphics/shadows/north.png
[2025-03-15 15:28:53] [INFO] [Sprite] Finished loading ./res/graphics/shadows/east.png
[2025-03-15 15:28:53] [INFO] [Sprite] Finished loading ./res/graphics/shadows/northeast.png
[2025-03-15 15:28:53] [INFO] [Sprite] Finished loading ./res/graphics/shadows/south.png
[2025-03-15 15:28:53] [INFO] [Sprite] Finished loading ./res/graphics/shadows/southwest.png
[2025-03-15 15:28:53] [INFO] [Sprite] Finished loading ./res/graphics/shadows/southeast.png
[2025-03-15 15:28:53] [INFO] [Sprite] Finished loading ./res/graphics/structures/tree3_structure.png
[2025-03-15 15:28:53] [INFO] [Sprite] Finished loading ./res/graphics/structures/tree4_structure.png
[2025-03-15 15:28:53] [INFO] [Sprite] Finished loading ./res/graphics/structures/tree1_structure.png
[2025-03-15 15:28:53] [INFO] [Sprite] Finished loading ./res/graphics/structures/tree5_structure.png
[2025-03-15 15:28:53] [INFO] [Sprite] Finished loading ./res/graphics/structures/tree2_structure.png
[2025-03-15 15:28:53] [INFO] [Sprite] Finished loading ./res/graphics/structures/tree6_structure.png
[2025-03-15 15:28:53] [INFO] [Sprite] Finished loading ./res/graphics/wall_tiles/rock_wall2.png
[2025-03-15 15:28:53] [INFO] [Sprite] Finished loading ./res/graphics/wall_tiles/sandstone_wall.png
[2025-03-15 15:28:53] [INFO] [Sprite] Finished loading ./res/graphics/wall_tiles/elden_yellow_wall.png
[2025-03-15 15:28:53] [INFO] [Sprite] Finished loading ./res/graphics/wall_tiles/vine_on_wall.png
[2025-03-15 15:28:53] [INFO] [Sprite] Finished loading ./res/graphics/wall_tiles/boulder_wall.png
[2025-03-15 15:28:53] [INFO] [Sprite] Finished loading ./res/graphics/wall_tiles/white_marble_wall.png
[2025-03-15 15:28:53] [INFO] [Sprite] Finished loading ./res/graphics/wall_tiles/elden_green_wall.png
[2025-03-15 15:28:53] [INFO] [Sprite] Finished loading ./res/graphics/wall_tiles/brown_marble_wall.png
[2025-03-15 15:28:53] [INFO] [Sprite] Finished loading ./res/graphics/wall_tiles/small_brick_wall.png
[2025-03-15 15:28:53] [INFO] [Sprite] Finished loading ./res/graphics/wall_tiles/moss_wall.png
[2025-03-15 15:28:53] [INFO] [Sprite] Finished loading ./res/graphics/wall_tiles/dirt_brick_vine_wall.png
[2025-03-15 15:28:53] [INFO] [Sprite] Finished loading ./res/graphics/wall_tiles/elden_purple_wall.png
[2025-03-15 15:28:53] [INFO] [Sprite] Finished loading ./res/graphics/wall_tiles/large_brick_wall.png
[2025-03-15 15:28:53] [INFO] [Sprite] Finished loading ./res/graphics/wall_tiles/dirt_wall.png
[2025-03-15 15:28:53] [INFO] [Sprite] Finished loading ./res/graphics/wall_tiles/alien_wall.png
[2025-03-15 15:28:53] [INFO] [Sprite] Finished loading ./res/graphics/wall_tiles/industrial_brick_wall.png
[2025-03-15 15:28:53] [INFO] [Sprite] Finished loading ./res/graphics/wall_tiles/rock_wall.png
[2025-03-15 15:28:53] [INFO] [Sprite] Finished loading ./res/graphics/wall_tiles/dirt_wall2.png
[2025-03-15 15:28:53] [INFO] [Sprite] Finished loading ./res/graphics/wall_tiles/moss_wall2.png
[2025-03-15 15:28:53] [INFO] [Sprite] Finished loading ./res/graphics/wall_tiles/moss_wall3.png
[2025-03-15 15:28:53] [INFO] [Sprite] Finished loading ./res/graphics/wall_tiles/no_wall.png
[2025-03-15 15:28:53] [INFO] [Sprite] Finished loading ./res/graphics/wall_tiles/alien_rune_wall.png
[2025-03-15 15:28:53] [INFO] [Sprite] Finished loading ./res/graphics/wall_tiles/industrial_wall.png
[2025-03-15 15:28:53] [INFO] [Sprite] Finished loading ./res/graphics/wall_tiles/small_brick_wall2.png
[2025-03-15 15:28:53] [INFO] [Sprite] Finished loading ./res/graphics/old/liquids 2.png
[2025-03-15 15:28:53] [INFO] [Sprite] Finished loading ./res/graphics/old/gems.png
[2025-03-15 15:28:53] [INFO] [Sprite] Finished loading ./res/graphics/old/floors.png
[2025-03-15 15:28:53] [INFO] [Sprite] Finished loading ./res/graphics/old/terrains.png
[2025-03-15 15:28:53] [INFO] [Sprite] Finished loading ./res/graphics/old/gemsRaw.png
[2025-03-15 15:28:53] [INFO] [Sprite] Finished loading ./res/graphics/old/walls.png
[2025-03-15 15:28:53] [INFO] [Sprite] Finished loading ./res/graphics/old/special2.png
[2025-03-15 15:28:53] [INFO] [Sprite] Finished loading ./res/graphics/old/structures.png
[2025-03-15 15:28:53] [INFO] [Sprite] Finished loading ./res/graphics/old/special.png
[2025-03-15 15:28:54] [INFO] [Sprite] Finished loading ./res/graphics/old/liquids.png
[2025-03-15 15:28:54] [INFO] [Sprite] Finished loading ./res/graphics/old/units.png
[2025-03-15 15:28:54] [INFO] [Sprite] Finished loading ./res/graphics/old/terrains2.png
[2025-03-15 15:28:54] [INFO] [Sprite] Finished loading ./res/graphics/old/floors2.png
[2025-03-15 15:28:54] [INFO] [Sprite] Finished loading ./res/graphics/floor_tiles/sand_1_floor.png
[2025-03-15 15:28:54] [INFO] [Sprite] Finished loading ./res/graphics/floor_tiles/sand_dark_floor.png
[2025-03-15 15:28:54] [INFO] [Sprite] Finished loading ./res/graphics/floor_tiles/dirty_grass_1_floor.png
[2025-03-15 15:28:54] [INFO] [Sprite] Finished loading ./res/graphics/floor_tiles/white_sand_floor.png
[2025-03-15 15:28:54] [INFO] [Sprite] Finished loading ./res/graphics/floor_tiles/white_sands_2.png
[2025-03-15 15:28:54] [INFO] [Sprite] Finished loading ./res/graphics/floor_tiles/dirty_grass_2_floor.png
[2025-03-15 15:28:54] [INFO] [Sprite] Finished loading ./res/graphics/floor_tiles/sand_3_floor.png
[2025-03-15 15:28:54] [INFO] [Sprite] Finished loading ./res/graphics/floor_tiles/obsidian_floor.png
[2025-03-15 15:28:54] [INFO] [Sprite] Finished loading ./res/graphics/floor_tiles/base_floor.png
[2025-03-15 15:28:54] [INFO] [Sprite] Finished loading ./res/graphics/floor_tiles/sand_floor.png
[2025-03-15 15:28:54] [INFO] [Sprite] Finished loading ./res/graphics/floor_tiles/dirty_grass_3_floor.png
[2025-03-15 15:28:54] [INFO] [Sprite] Finished loading ./res/graphics/floor_tiles/sand_2_floor.png
[2025-03-15 15:28:54] [INFO] [Sprite] Finished loading ./res/graphics/units/Air_Dragon.png
[2025-03-15 15:28:54] [INFO] [Sprite] Finished loading ./res/graphics/units/Dragon.png
[2025-03-15 15:28:54] [INFO] [Sprite] Finished loading ./res/graphics/units/Dark_Dragon.png
[2025-03-15 15:28:54] [INFO] [Sprite] Finished loading ./res/graphics/units/Earth_Dragon.png
[2025-03-15 15:28:54] [INFO] [Sprite] Finished loading ./res/graphics/units/Light_Dragon.png
[2025-03-15 15:28:54] [INFO] [Sprite] Finished loading ./res/graphics/units/Water_Dragon.png
[2025-03-15 15:28:54] [INFO] [Sprite] Finished loading ./res/graphics/units/Fire_Dragon.png
[2025-03-15 15:28:54] [INFO] [Sprite] Finished loading ./res/graphics/actions/StatsDown.png
[2025-03-15 15:28:54] [INFO] [Sprite] Finished loading ./res/graphics/actions/PhysicalHit4.png
[2025-03-15 15:28:54] [INFO] [Sprite] Finished loading ./res/graphics/actions/Slash.png
[2025-03-15 15:28:54] [INFO] [Sprite] Finished loading ./res/graphics/actions/Air.png
[2025-03-15 15:28:54] [INFO] [Sprite] Finished loading ./res/graphics/actions/Dark.png
[2025-03-15 15:28:54] [INFO] [Sprite] Finished loading ./res/graphics/actions/Blunt.png
[2025-03-15 15:28:54] [INFO] [Sprite] Finished loading ./res/graphics/actions/Fire.png
[2025-03-15 15:28:54] [INFO] [Sprite] Finished loading ./res/graphics/actions/Earth.png
[2025-03-15 15:28:54] [INFO] [Sprite] Finished loading ./res/graphics/actions/Light.png
[2025-03-15 15:28:54] [INFO] [Sprite] Finished loading ./res/graphics/actions/StatsUp.png
[2025-03-15 15:28:54] [INFO] [Sprite] Finished loading ./res/graphics/actions/Water.png
[2025-03-15 15:28:54] [INFO] [Sprite] Finished loading ./res/graphics/actions/Pierce.png
[2025-03-15 15:28:54] [INFO] [Sprite] Finished loading ./res/graphics/spells/LightSpell.png
[2025-03-15 15:28:54] [INFO] [Sprite] Finished loading ./res/graphics/spells/StatsDown.png
[2025-03-15 15:28:54] [INFO] [Sprite] Finished loading ./res/graphics/spells/WindSpell.png
[2025-03-15 15:28:54] [INFO] [Sprite] Finished loading ./res/graphics/spells/WaterSpell.png
[2025-03-15 15:28:54] [INFO] [Sprite] Finished loading ./res/graphics/spells/PhysicalHit4.png
[2025-03-15 15:28:54] [INFO] [Sprite] Finished loading ./res/graphics/spells/PhysicalHit1.png
[2025-03-15 15:28:54] [INFO] [Sprite] Finished loading ./res/graphics/spells/LightningSpell.png
[2025-03-15 15:28:54] [INFO] [Sprite] Finished loading ./res/graphics/spells/PhysicalHit3.png
[2025-03-15 15:28:54] [INFO] [Sprite] Finished loading ./res/graphics/spells/PhysicalHit2.png
[2025-03-15 15:28:54] [INFO] [Sprite] Finished loading ./res/graphics/spells/FireSpell.png
[2025-03-15 15:28:54] [INFO] [Sprite] Finished loading ./res/graphics/spells/DarkSpell.png
[2025-03-15 15:28:54] [INFO] [Sprite] Finished loading ./res/graphics/spells/StatsUp.png
[2025-03-15 15:28:54] [INFO] [Sprite] Finished loading ./res/graphics/spells/EarthSpell.png
[2025-03-15 15:28:54] [INFO] [Sprite] Finished loading ./res/graphics/liquids/greater_leafage_liquid.png
[2025-03-15 15:28:54] [INFO] [Sprite] Finished loading ./res/graphics/liquids/waterV4_liquid.png
[2025-03-15 15:28:54] [INFO] [Sprite] Finished loading ./res/graphics/liquids/shallow_swamp.png
[2025-03-15 15:28:54] [INFO] [Sprite] Finished loading ./res/graphics/liquids/water5.png
[2025-03-15 15:28:54] [INFO] [Sprite] Finished loading ./res/graphics/liquids/swamp_2.png
[2025-03-15 15:28:54] [INFO] [Sprite] Finished loading ./res/graphics/liquids/Lava_liquid.png
[2025-03-15 15:28:54] [INFO] [Sprite] Finished loading ./res/graphics/liquids/swamp2.png
[2025-03-15 15:28:54] [INFO] [Sprite] Finished loading ./res/graphics/liquids/waterV33_liquid.png
[2025-03-15 15:28:54] [INFO] [Sprite] Finished loading ./res/graphics/liquids/shallow_water_liquid.png
[2025-03-15 15:28:54] [INFO] [Sprite] Finished loading ./res/graphics/liquids/water_liquid.png
[2025-03-15 15:28:54] [INFO] [Sprite] Finished loading ./res/graphics/liquids/waterV2_liquid.png
[2025-03-15 15:28:54] [INFO] [Sprite] Finished loading ./res/graphics/liquids/swamp2_liquid.png
[2025-03-15 15:28:54] [INFO] [SpriteSheetOG] Finished loading ./res/graphics
[2025-03-15 15:28:54] [INFO] [AssetPool] Finished initializing AssetPool
[2025-03-15 15:28:54] [INFO] [FontPoolV1] Started initializing FontPoolV1
[2025-03-15 15:28:54] [INFO] [FontPoolV1] Finished initializing FontPoolV1
[2025-03-15 15:28:54] [INFO] [UnitDatabase] Started initializing UnitDatabase
[2025-03-15 15:28:54] [INFO] [UnitDatabase] Successfully initialized UnitDatabase
[2025-03-15 15:28:54] [INFO] [UnitDatabase] Finished initializing UnitDatabase
[2025-03-15 15:28:54] [INFO] [JsonDatabase] Started initializing JsonDatabase
[2025-03-15 15:28:54] [INFO] [JsonTable] Started initializing JsonTable
[2025-03-15 15:28:54] [INFO] [JsonTable] Successfully initialized JsonTable
[2025-03-15 15:28:54] [INFO] [JsonTable] Finished initializing JsonTable
[2025-03-15 15:28:54] [INFO] [JsonTable] Started initializing JsonTable
[2025-03-15 15:28:54] [INFO] [JsonTable] Successfully initialized JsonTable
[2025-03-15 15:28:54] [INFO] [JsonTable] Finished initializing JsonTable
[2025-03-15 15:28:54] [INFO] [JsonTable] Started initializing JsonTable
[2025-03-15 15:28:54] [INFO] [JsonTable] Successfully initialized JsonTable
[2025-03-15 15:28:54] [INFO] [JsonTable] Finished initializing JsonTable
[2025-03-15 15:28:54] [INFO] [JsonDatabase] Successfully initialized JsonDatabase
[2025-03-15 15:28:54] [INFO] [JsonDatabase] Finished initializing JsonDatabase
[2025-03-15 15:28:54] [INFO] [Component] Setting a12e58d9-6952-4506-b54a-9f434c9f7354 on to db0a22b9-b4fa-4d1d-a241-16c43f083164.
[2025-03-15 15:28:54] [INFO] [SpeedQueue] Added unit enemy:Vewy into queue
[2025-03-15 15:28:54] [INFO] [Component] Setting 71f37606-1be1-435e-bd94-95cd63e8b06d on to 2bdb4673-4b4f-40ac-b711-cdb598e78659.
[2025-03-15 15:28:54] [INFO] [SpeedQueue] Added unit enemy:Rekmfp into queue
[2025-03-15 15:28:54] [INFO] [Component] Setting e444fc33-8e94-4bde-a7af-4dc6406f6793 on to aac9d894-52a1-4746-b5bf-e8c8554727d2.
[2025-03-15 15:28:54] [INFO] [SpeedQueue] Added unit enemy:Tyeiob into queue
[2025-03-15 15:28:54] [INFO] [Component] Setting da1a69e6-a897-4a66-9b8f-33c3e665d99f on to c46e09f9-d3df-449a-8eac-b5fc173b6f94.
[2025-03-15 15:28:54] [INFO] [SpeedQueue] Added unit user:Migiya into queue
[2025-03-15 15:28:54] [INFO] [Component] Setting b4124272-1a61-4a69-aaad-439be8148fbf on to 6faa46ef-9eb3-40b5-9368-14c17ded59a1.
[2025-03-15 15:28:54] [INFO] [SpeedQueue] Added unit user:Gyaob into queue
[2025-03-15 15:28:54] [INFO] [Component] Setting 8294afc7-8611-4ce1-ade0-4ab63b0fee12 on to 2af90035-322e-4127-b30b-2e694b167075.
[2025-03-15 15:28:54] [INFO] [SpeedQueue] Added unit user:Bigbsw into queue
[2025-03-15 15:28:54] [INFO] [Component] Setting 4e4f60b2-b14c-4a5c-bbe7-882292f0fa73 on to 5609639b-d432-4d69-b787-a1c0986f8957.
[2025-03-15 15:28:54] [INFO] [SpeedQueue] Added unit user:Fufuib into queue
[2025-03-15 15:28:54] [INFO] [FontPool] Started initializing FontPool
[2025-03-15 15:28:54] [INFO] [FontPool] ✅ Successfully loaded font: Lilian
[2025-03-15 15:28:55] [INFO] [SpeedQueue] Speed queue updated.
[2025-03-15 15:28:55] [INFO] [VisualsSystem] Started creating blurred background
[2025-03-15 15:28:55] [INFO] [TimeLinePanel] Started updating the timeline panel after turn order has changed.
[2025-03-15 15:28:55] [INFO] [TimeLinePanel] Finished updating the timeline panel after turn order has changed.
[2025-03-15 15:28:55] [INFO] [SelectedTilePanel] Checksum updated, getting units at selected tiles.
[2025-03-15 15:28:55] [INFO] [SelectedTilePanel] Either no unit selected or more than one unit selected
[2025-03-15 15:28:55] [INFO] [LesserStatisticsInformationPanel] Checksum has been updated, querying statistics for unit 8294afc7-8611-4ce1-ade0-4ab63b0fee12
[2025-03-15 15:28:55] [INFO] [VisualsSystem] Finished creating blurred background after 0.504092812538147 seconds
[2025-03-15 15:28:56] [INFO] [InputHandler] Gliding selection_camera camera to new tile 2af90035-322e-4127-b30b-2e694b167075
[2025-03-15 15:28:56] [INFO] [SelectedTilePanel] Checksum updated, getting units at selected tiles.
[2025-03-15 15:28:56] [INFO] [SelectedTilePanel] Updated selected tile display to view Bigbsw
[2025-03-15 15:28:56] [INFO] [LesserStatisticsInformationPanel] Finished updating Greater UI
[2025-03-15 15:28:58] [INFO] [SelectedTilePanel] Checksum updated, getting units at selected tiles.
[2025-03-15 15:28:58] [INFO] [SelectedTilePanel] Either no unit selected or more than one unit selected
[2025-03-15 15:28:59] [INFO] [SelectedTilePanel] Checksum updated, getting units at selected tiles.
[2025-03-15 15:28:59] [INFO] [SelectedTilePanel] Updated selected tile display to view Tyeiob
[2025-03-15 15:28:59] [INFO] [LesserStatisticsInformationPanel] Finished updating Greater UI
[2025-03-15 15:29:01] [INFO] [InputHandler] Gliding selection_camera camera to new tile aac9d894-52a1-4746-b5bf-e8c8554727d2
[2025-03-15 15:29:06] [INFO] [SelectedTilePanel] Checksum updated, getting units at selected tiles.
[2025-03-15 15:29:06] [INFO] [SelectedTilePanel] Updated selected tile display to view Fufuib
[2025-03-15 15:29:06] [INFO] [LesserStatisticsInformationPanel] Finished updating Greater UI
[2025-03-15 15:29:07] [INFO] [InputHandler] Gliding selection_camera camera to new tile 5609639b-d432-4d69-b787-a1c0986f8957
[2025-03-15 15:29:09] [INFO] [SelectedTilePanel] Checksum updated, getting units at selected tiles.
[2025-03-15 15:29:09] [INFO] [SelectedTilePanel] Either no unit selected or more than one unit selected
[2025-03-15 15:29:10] [INFO] [SelectedTilePanel] Checksum updated, getting units at selected tiles.
[2025-03-15 15:29:10] [INFO] [SelectedTilePanel] Either no unit selected or more than one unit selected
[2025-03-15 15:29:14] [INFO] [InputHandler] Gliding selection_camera camera to new tile 2af90035-322e-4127-b30b-2e694b167075
[2025-03-15 15:29:14] [INFO] [SelectedTilePanel] Checksum updated, getting units at selected tiles.
[2025-03-15 15:29:14] [INFO] [SelectedTilePanel] Updated selected tile display to view Bigbsw
[2025-03-15 15:29:14] [INFO] [LesserStatisticsInformationPanel] Finished updating Greater UI
