[2025-05-25 22:01:58] [INFO] [UnitTable] Started initializing UnitTable
[2025-05-25 22:01:58] [INFO] [EmeritusDatabase] Started initializing EmeritusDatabase
[2025-05-25 22:01:58] [INFO] [EmeritusDatabase] Finished initializing EmeritusDatabase
[2025-05-25 22:01:58] [INFO] [UnitTable] Successfully initialized UnitTable
[2025-05-25 22:01:58] [INFO] [UnitTable] Finished initializing UnitTable
[2025-05-25 22:01:58] [INFO] [AbilityTable] Started initializing AbilityTable
[2025-05-25 22:01:58] [INFO] [AbilityTable] Finished initializing AbilityTable
[2025-05-25 22:01:58] [INFO] [UserSaveStateManager] Started loading user save data
[2025-05-25 22:01:58] [INFO] [UserSaveStateManager] Finished loading user save data
[2025-05-25 22:01:58] [INFO] [AssetPool] Started initializing AssetPool
[2025-05-25 22:01:58] [INFO] [AssetNameSpace] Started loading Sprite's from ./res/graphics
[2025-05-25 22:01:58] [INFO] [AssetNameSpace] Finished reading files for sprites
[2025-05-25 22:01:59] [INFO] [AssetNameSpace] Finished loading ./res/graphics
[2025-05-25 22:01:59] [INFO] [AssetPool] Finished initializing AssetPool
[2025-05-25 22:01:59] [INFO] [Component] Setting UNIT_water_dragon___NICKNAME_Qavbec___3bbb3aad-c82d-4605-adfc-1f25686a98e7 on to {"row":1,"column":0,"base_elevation":-3,"spawn_region":"Left","unit":"UNIT_water_dragon___NICKNAME_Qavbec___3bbb3aad-c82d-4605-adfc-1f25686a98e7","layers":{"empty":false},"total_elevation":5}.
[2025-05-25 22:01:59] [INFO] [SpeedQueue] Added unit UNIT_water_dragon___NICKNAME_Qavbec___3bbb3aad-c82d-4605-adfc-1f25686a98e7 into queue
[2025-05-25 22:01:59] [INFO] [Component] Setting UNIT_water_dragon___NICKNAME_Eyde___1bcc70d9-2e52-44b8-a64e-92b65d9021d1 on to {"row":2,"column":0,"base_elevation":-3,"spawn_region":"Left","unit":"UNIT_water_dragon___NICKNAME_Eyde___1bcc70d9-2e52-44b8-a64e-92b65d9021d1","layers":{"empty":false},"total_elevation":4}.
[2025-05-25 22:01:59] [INFO] [SpeedQueue] Added unit UNIT_water_dragon___NICKNAME_Eyde___1bcc70d9-2e52-44b8-a64e-92b65d9021d1 into queue
[2025-05-25 22:01:59] [INFO] [Component] Setting UNIT_dragon___NICKNAME_Cupaow___8f078f1b-13b1-4d45-8e77-cc6dab5a5af7 on to {"row":5,"column":0,"base_elevation":-3,"spawn_region":"Left","unit":"UNIT_dragon___NICKNAME_Cupaow___8f078f1b-13b1-4d45-8e77-cc6dab5a5af7","layers":{"empty":false},"total_elevation":5}.
[2025-05-25 22:01:59] [INFO] [SpeedQueue] Added unit UNIT_dragon___NICKNAME_Cupaow___8f078f1b-13b1-4d45-8e77-cc6dab5a5af7 into queue
[2025-05-25 22:01:59] [INFO] [Component] Setting UNIT_fire_dragon___NICKNAME_Gihcte___3399ad46-8627-494b-a353-401452a343f2 on to {"row":8,"column":1,"base_elevation":-3,"spawn_region":"Left","unit":"UNIT_fire_dragon___NICKNAME_Gihcte___3399ad46-8627-494b-a353-401452a343f2","layers":{"empty":false},"total_elevation":5}.
[2025-05-25 22:01:59] [INFO] [SpeedQueue] Added unit UNIT_fire_dragon___NICKNAME_Gihcte___3399ad46-8627-494b-a353-401452a343f2 into queue
[2025-05-25 22:01:59] [INFO] [Component] Setting UNIT_dragon___NICKNAME_Siqoug___5cf72947-bf9a-461a-81fe-6a12121cf547 on to {"row":6,"column":0,"base_elevation":-3,"spawn_region":"Left","unit":"UNIT_dragon___NICKNAME_Siqoug___5cf72947-bf9a-461a-81fe-6a12121cf547","layers":{"empty":false},"total_elevation":5}.
[2025-05-25 22:01:59] [INFO] [SpeedQueue] Added unit UNIT_dragon___NICKNAME_Siqoug___5cf72947-bf9a-461a-81fe-6a12121cf547 into queue
[2025-05-25 22:01:59] [INFO] [Component] Setting UNIT_air_dragon___NICKNAME_Zeaet___94c58453-445c-4aa0-84b7-57c2c4077af9 on to {"row":5,"column":8,"base_elevation":-3,"spawn_region":"Right","unit":"UNIT_air_dragon___NICKNAME_Zeaet___94c58453-445c-4aa0-84b7-57c2c4077af9","layers":{"empty":false},"total_elevation":5}.
[2025-05-25 22:01:59] [INFO] [SpeedQueue] Added unit UNIT_air_dragon___NICKNAME_Zeaet___94c58453-445c-4aa0-84b7-57c2c4077af9 into queue
[2025-05-25 22:01:59] [INFO] [Component] Setting UNIT_air_dragon___NICKNAME_Kuba___02f1dad7-f77f-4839-82ee-a0170ecfc6a4 on to {"row":6,"column":9,"base_elevation":-3,"spawn_region":"Right","unit":"UNIT_air_dragon___NICKNAME_Kuba___02f1dad7-f77f-4839-82ee-a0170ecfc6a4","layers":{"empty":false},"total_elevation":5}.
[2025-05-25 22:01:59] [INFO] [SpeedQueue] Added unit UNIT_air_dragon___NICKNAME_Kuba___02f1dad7-f77f-4839-82ee-a0170ecfc6a4 into queue
[2025-05-25 22:01:59] [INFO] [Component] Setting UNIT_dragon___NICKNAME_Ooyi___3878300c-806b-4382-99db-9359b046e1bd on to {"row":9,"column":8,"base_elevation":-3,"spawn_region":"Right","unit":"UNIT_dragon___NICKNAME_Ooyi___3878300c-806b-4382-99db-9359b046e1bd","layers":{"empty":false},"total_elevation":5}.
[2025-05-25 22:01:59] [INFO] [SpeedQueue] Added unit UNIT_dragon___NICKNAME_Ooyi___3878300c-806b-4382-99db-9359b046e1bd into queue
[2025-05-25 22:01:59] [INFO] [Component] Setting UNIT_fire_dragon___NICKNAME_Xubw___fdb6aae8-0bfe-4ed7-8f03-d3616416af6b on to {"row":6,"column":8,"base_elevation":-3,"spawn_region":"Right","unit":"UNIT_fire_dragon___NICKNAME_Xubw___fdb6aae8-0bfe-4ed7-8f03-d3616416af6b","layers":{"empty":false},"total_elevation":5}.
[2025-05-25 22:01:59] [INFO] [SpeedQueue] Added unit UNIT_fire_dragon___NICKNAME_Xubw___fdb6aae8-0bfe-4ed7-8f03-d3616416af6b into queue
[2025-05-25 22:01:59] [INFO] [Component] Setting UNIT_dragon___NICKNAME_Aoeofe___61b7b536-9ec7-49df-970a-00356ef7abe1 on to {"row":2,"column":9,"base_elevation":-3,"spawn_region":"Right","unit":"UNIT_dragon___NICKNAME_Aoeofe___61b7b536-9ec7-49df-970a-00356ef7abe1","layers":{"empty":false},"total_elevation":4}.
[2025-05-25 22:01:59] [INFO] [SpeedQueue] Added unit UNIT_dragon___NICKNAME_Aoeofe___61b7b536-9ec7-49df-970a-00356ef7abe1 into queue
[2025-05-25 22:01:59] [INFO] [EngineController] Started setting scene to MENU_SCENE
[2025-05-25 22:01:59] [INFO] [EngineController] Finished setting scene to MENU_SCENE
[2025-05-25 22:01:59] [INFO] [EngineController] Started setting scene to MAP_EDITOR_SCENE
[2025-05-25 22:01:59] [INFO] [FontPool] Started initializing FontPool
[2025-05-25 22:01:59] [INFO] [FontPool] ✅ Successfully loaded font: Lilian
[2025-05-25 22:01:59] [INFO] [MapEditorScene] Starting to create new GameController!
[2025-05-25 22:01:59] [INFO] [MapEditorScene] Successfully created new GameController!
[2025-05-25 22:01:59] [INFO] [EngineController] Finished setting scene to MAP_EDITOR_SCENE
[2025-05-25 22:01:59] [INFO] [EngineController] Started setting scene to GAME_SCENE
[2025-05-25 22:01:59] [INFO] [EngineController] Finished setting scene to GAME_SCENE
[2025-05-25 22:01:59] [INFO] [AbilitySystem] Started updating {} because of ability
[2025-05-25 22:01:59] [INFO] [AbilitySystem] Finished update updating {} because of ability
[2025-05-25 22:01:59] [INFO] [AbilitySystem] Started updating {} because of ability
[2025-05-25 22:01:59] [INFO] [AbilitySystem] Finished update updating {} because of ability
[2025-05-25 22:01:59] [INFO] [AbilitySystem] Started updating {} because of ability
[2025-05-25 22:01:59] [INFO] [AbilitySystem] Finished update updating {} because of ability
[2025-05-25 22:01:59] [INFO] [AbilitySystem] Started updating {} because of ability
[2025-05-25 22:01:59] [INFO] [AbilitySystem] Finished update updating {} because of ability
[2025-05-25 22:01:59] [INFO] [AbilitySystem] Started updating {} because of ability
[2025-05-25 22:01:59] [INFO] [AbilitySystem] Finished update updating {} because of ability
[2025-05-25 22:01:59] [INFO] [AbilitySystem] Started updating {} because of ability
[2025-05-25 22:01:59] [INFO] [AbilitySystem] Finished update updating {} because of ability
[2025-05-25 22:01:59] [INFO] [AbilitySystem] Started updating {} because of ability
[2025-05-25 22:01:59] [INFO] [AbilitySystem] Finished update updating {} because of ability
[2025-05-25 22:01:59] [INFO] [AbilitySystem] Started updating {} because of ability
[2025-05-25 22:01:59] [INFO] [AbilitySystem] Finished update updating {} because of ability
[2025-05-25 22:01:59] [INFO] [AbilitySystem] Started updating {} because of ability
[2025-05-25 22:01:59] [INFO] [AbilitySystem] Finished update updating {} because of ability
[2025-05-25 22:01:59] [INFO] [AbilitySystem] Started updating {} because of ability
[2025-05-25 22:01:59] [INFO] [AbilitySystem] Finished update updating {} because of ability
[2025-05-25 22:01:59] [INFO] [SpeedQueue] Speed queue updated.
[2025-05-25 22:01:59] [INFO] [AbilityPanel] Updating ability selection for UNIT_fire_dragon___NICKNAME_Gihcte___3399ad46-8627-494b-a353-401452a343f2
[2025-05-25 22:01:59] [INFO] [AbilityPanel] Finished ability selection for UNIT_fire_dragon___NICKNAME_Gihcte___3399ad46-8627-494b-a353-401452a343f2
[2025-05-25 22:01:59] [INFO] [MovementPanel] Started update to Movement Information panel.
[2025-05-25 22:01:59] [INFO] [MovementPanel] Finished update to Movement Information panel.
[2025-05-25 22:01:59] [INFO] [TimeLinePanel] Started updating the timeline panel after turn order has changed.
[2025-05-25 22:01:59] [INFO] [TimeLinePanel] Finished updating the timeline panel after turn order has changed.
[2025-05-25 22:01:59] [INFO] [SelectedTilePanel] Checksum updated, getting units at selected tiles.
[2025-05-25 22:01:59] [INFO] [SelectedTilePanel] Either no unit selected or more than one unit selected
[2025-05-25 22:02:00] [INFO] [VisualsSystem] Started creating blurred background
[2025-05-25 22:02:00] [INFO] [VisualsSystem] Finished creating blurred background after 0.48917049169540405 seconds
[2025-05-25 22:02:00] [INFO] [AbilitySystem] Started updating {} because of ability
[2025-05-25 22:02:00] [INFO] [AbilitySystem] Finished update updating {} because of ability
[2025-05-25 22:02:00] [INFO] [AbilitySystem] Started updating {} because of ability
[2025-05-25 22:02:00] [INFO] [AbilitySystem] Finished update updating {} because of ability
[2025-05-25 22:02:00] [INFO] [AbilitySystem] Started updating {} because of ability
[2025-05-25 22:02:00] [INFO] [AbilitySystem] Finished update updating {} because of ability
[2025-05-25 22:02:00] [INFO] [AbilitySystem] Started updating {} because of ability
[2025-05-25 22:02:00] [INFO] [AbilitySystem] Finished update updating {} because of ability
[2025-05-25 22:02:00] [INFO] [AbilitySystem] Started updating {} because of ability
[2025-05-25 22:02:00] [INFO] [AbilitySystem] Finished update updating {} because of ability
[2025-05-25 22:02:00] [INFO] [AbilitySystem] Started updating {} because of ability
[2025-05-25 22:02:00] [INFO] [AbilitySystem] Finished update updating {} because of ability
[2025-05-25 22:02:00] [INFO] [AbilityPanel] Updating ability selection for UNIT_fire_dragon___NICKNAME_Gihcte___3399ad46-8627-494b-a353-401452a343f2
[2025-05-25 22:02:00] [INFO] [AbilityPanel] Finished ability selection for UNIT_fire_dragon___NICKNAME_Gihcte___3399ad46-8627-494b-a353-401452a343f2
[2025-05-25 22:02:00] [INFO] [MovementPanel] Started update to Movement Information panel.
[2025-05-25 22:02:00] [INFO] [MovementPanel] Finished update to Movement Information panel.
[2025-05-25 22:02:00] [INFO] [AbilitySystem] Started updating {} because of ability
[2025-05-25 22:02:00] [INFO] [AbilitySystem] Finished update updating {} because of ability
[2025-05-25 22:02:00] [INFO] [AbilitySystem] Started updating {} because of ability
[2025-05-25 22:02:00] [INFO] [AbilitySystem] Finished update updating {} because of ability
[2025-05-25 22:02:00] [INFO] [AbilitySystem] Started updating {} because of ability
[2025-05-25 22:02:00] [INFO] [AbilitySystem] Finished update updating {} because of ability
[2025-05-25 22:02:00] [INFO] [AbilitySystem] Started updating {} because of ability
[2025-05-25 22:02:00] [INFO] [AbilitySystem] Finished update updating {} because of ability
[2025-05-25 22:02:00] [INFO] [AbilitySystem] Started updating {} because of ability
[2025-05-25 22:02:00] [INFO] [AbilitySystem] Finished update updating {} because of ability
[2025-05-25 22:02:00] [INFO] [AbilitySystem] Started updating {} because of ability
[2025-05-25 22:02:00] [INFO] [AbilitySystem] Finished update updating {} because of ability
[2025-05-25 22:02:00] [INFO] [AbilitySystem] Started updating {} because of ability
[2025-05-25 22:02:00] [INFO] [AbilitySystem] Finished update updating {} because of ability
[2025-05-25 22:02:00] [INFO] [AbilitySystem] Started updating {} because of ability
[2025-05-25 22:02:00] [INFO] [AbilitySystem] Finished update updating {} because of ability
