[2025-06-03 01:11:10] [INFO] [AssetPool] Started initializing AssetPool
[2025-06-03 01:11:10] [INFO] [AssetNameSpace] Started loading Sprite's from ./res/graphics
[2025-06-03 01:11:10] [INFO] [AssetNameSpace] Finished reading files for sprites
[2025-06-03 01:11:10] [INFO] [AssetNameSpace] Finished loading ./res/graphics
[2025-06-03 01:11:10] [INFO] [AssetPool] Finished initializing AssetPool
[2025-06-03 01:11:10] [INFO] [FontPool] Started initializing FontPool
[2025-06-03 01:11:10] [INFO] [FontPool] ✅ Successfully loaded font: Lilian
[2025-06-03 01:11:11] [INFO] [UnitTable] Started initializing UnitTable
[2025-06-03 01:11:11] [INFO] [EmeritusDatabase] Started initializing EmeritusDatabase
[2025-06-03 01:11:11] [INFO] [EmeritusDatabase] Finished initializing EmeritusDatabase
[2025-06-03 01:11:11] [INFO] [UnitTable] Successfully initialized UnitTable
[2025-06-03 01:11:11] [INFO] [UnitTable] Finished initializing UnitTable
[2025-06-03 01:11:11] [INFO] [Component] Setting UNIT_dark_dragon___NICKNAME_Cana___ce60bc58-f69b-4e5d-ae07-6e6b648c06b9 on to {"row":4,"column":4,"base_elevation":0,"unit":"UNIT_dark_dragon___NICKNAME_Cana___ce60bc58-f69b-4e5d-ae07-6e6b648c06b9","layers":{"empty":false},"total_elevation":10}.
[2025-06-03 01:11:11] [INFO] [SpeedQueue] Added unit UNIT_dark_dragon___NICKNAME_Cana___ce60bc58-f69b-4e5d-ae07-6e6b648c06b9 into queue
[2025-06-03 01:11:11] [INFO] [Component] Setting UNIT_air_dragon___NICKNAME_Wygae___0d80a3e8-1a74-4936-a989-3a71541c5706 on to {"row":4,"column":5,"base_elevation":0,"unit":"UNIT_air_dragon___NICKNAME_Wygae___0d80a3e8-1a74-4936-a989-3a71541c5706","layers":{"empty":false},"total_elevation":10}.
[2025-06-03 01:11:11] [INFO] [SpeedQueue] Added unit UNIT_air_dragon___NICKNAME_Wygae___0d80a3e8-1a74-4936-a989-3a71541c5706 into queue
[2025-06-03 01:11:11] [INFO] [SpeedQueue] Speed queue updated.
[2025-06-03 01:11:11] [INFO] [UpdateSystem] ============================== New Round ================================
[2025-06-03 01:11:11] [INFO] [AbilityPanel] Updating ability selection for UNIT_dark_dragon___NICKNAME_Cana___ce60bc58-f69b-4e5d-ae07-6e6b648c06b9
[2025-06-03 01:11:11] [INFO] [AbilityPanel] Finished ability selection for UNIT_dark_dragon___NICKNAME_Cana___ce60bc58-f69b-4e5d-ae07-6e6b648c06b9
[2025-06-03 01:11:11] [INFO] [MovementPanel] Started update to Movement Information panel.
[2025-06-03 01:11:11] [INFO] [MovementPanel] Finished update to Movement Information panel.
[2025-06-03 01:11:11] [INFO] [TimeLinePanel] Started updating the timeline panel after turn order has changed.
[2025-06-03 01:11:11] [INFO] [TimeLinePanel] Finished updating the timeline panel after turn order has changed.
[2025-06-03 01:11:11] [INFO] [SelectedTilePanel] Checksum updated, getting units at selected tiles.
[2025-06-03 01:11:11] [INFO] [SelectedTilePanel] Either no unit selected or more than one unit selected
[2025-06-03 01:11:11] [INFO] [VisualsSystem] Started creating blurred background
[2025-06-03 01:11:11] [INFO] [VisualsSystem] Finished creating blurred background after 0.32458028197288513 