[2025-04-13 17:34:59] [INFO] [UnitTable] Started initializing UnitTable
[2025-04-13 17:34:59] [INFO] [EmeritusDatabase] Started initializing EmeritusDatabase
[2025-04-13 17:34:59] [INFO] [EmeritusDatabase] Finished initializing EmeritusDatabase
[2025-04-13 17:34:59] [INFO] [UnitTable] Successfully initialized UnitTable
[2025-04-13 17:34:59] [INFO] [UnitTable] Finished initializing UnitTable
[2025-04-13 17:34:59] [INFO] [AbilityTable] Started initializing AbilityTable
[2025-04-13 17:34:59] [INFO] [AbilityTable] Finished initializing AbilityTable
[2025-04-13 17:34:59] [INFO] [UserSaveStateManager] Started loading user save data
[2025-04-13 17:34:59] [INFO] [UserSaveStateManager] Finished loading user save data
[2025-04-13 17:34:59] [INFO] [AssetPool] Started initializing AssetPool
[2025-04-13 17:34:59] [INFO] [AssetNameSpace] Started loading Sprite's from ./res/graphics
[2025-04-13 17:34:59] [INFO] [AssetNameSpace] Finished reading files for sprites
[2025-04-13 17:34:59] [INFO] [AssetNameSpace] Finished loading ./res/graphics
[2025-04-13 17:34:59] [INFO] [AssetPool] Finished initializing AssetPool
[2025-04-13 17:34:59] [INFO] [Component] Setting light_dragon_Jetxo_228d030a-ee2e-4792-a4df-2aa0a288177d on to {"spawn_region":[],"collider":"","unit":"light_dragon_Jetxo_228d030a-ee2e-4792-a4df-2aa0a288177d","column":2,"layers":[],"row":5,"structure":"","height":0}.
[2025-04-13 17:34:59] [INFO] [SpeedQueue] Added unit enemy:Jetxo into queue
[2025-04-13 17:34:59] [INFO] [Component] Setting fire_dragon_Liay_7e9f22c3-7f3e-4032-ab67-38c5c21cdfbf on to {"spawn_region":[],"collider":"","unit":"fire_dragon_Liay_7e9f22c3-7f3e-4032-ab67-38c5c21cdfbf","column":0,"layers":[],"row":7,"structure":"","height":0}.
[2025-04-13 17:34:59] [INFO] [SpeedQueue] Added unit enemy:Liay into queue
[2025-04-13 17:34:59] [INFO] [Component] Setting air_dragon_Suveua_7a2a38ea-0189-4c9a-a3a9-ac74e29567df on to {"spawn_region":[],"collider":"","unit":"air_dragon_Suveua_7a2a38ea-0189-4c9a-a3a9-ac74e29567df","column":1,"layers":[],"row":5,"structure":"","height":0}.
[2025-04-13 17:34:59] [INFO] [SpeedQueue] Added unit enemy:Suveua into queue
[2025-04-13 17:34:59] [INFO] [Component] Setting air_dragon_Suooqi_7c6486eb-68be-483d-85ac-10d755293a26 on to {"spawn_region":[],"collider":"","unit":"air_dragon_Suooqi_7c6486eb-68be-483d-85ac-10d755293a26","column":5,"layers":[],"row":3,"structure":"","height":0}.
[2025-04-13 17:34:59] [INFO] [SpeedQueue] Added unit enemy:Suooqi into queue
[2025-04-13 17:34:59] [INFO] [Component] Setting light_dragon_Iaqoo_50c8213c-81fa-4768-8750-d3c63084dd25 on to {"spawn_region":[],"collider":"","unit":"light_dragon_Iaqoo_50c8213c-81fa-4768-8750-d3c63084dd25","column":4,"layers":[],"row":0,"structure":"","height":0}.
[2025-04-13 17:34:59] [INFO] [SpeedQueue] Added unit enemy:Iaqoo into queue
[2025-04-13 17:34:59] [INFO] [Component] Setting fire_dragon_Cubda_882007cd-2975-4f44-a6cf-7badef92662e on to {"spawn_region":[],"collider":"","unit":"fire_dragon_Cubda_882007cd-2975-4f44-a6cf-7badef92662e","column":4,"layers":[],"row":6,"structure":"","height":0}.
[2025-04-13 17:34:59] [INFO] [SpeedQueue] Added unit enemy:Cubda into queue
[2025-04-13 17:34:59] [INFO] [Component] Setting light_dragon_Xocsv_5078b2ed-6e57-41a6-b7b2-01b67703bf51 on to {"spawn_region":[],"collider":"","unit":"light_dragon_Xocsv_5078b2ed-6e57-41a6-b7b2-01b67703bf51","column":1,"layers":[],"row":1,"structure":"","height":0}.
[2025-04-13 17:34:59] [INFO] [SpeedQueue] Added unit enemy:Xocsv into queue
[2025-04-13 17:34:59] [INFO] [Component] Setting air_dragon_Qukq_09e8ede7-d5ff-4529-ac10-66a595711a8a on to {"spawn_region":[],"collider":"","unit":"air_dragon_Qukq_09e8ede7-d5ff-4529-ac10-66a595711a8a","column":2,"layers":[],"row":3,"structure":"","height":0}.
[2025-04-13 17:34:59] [INFO] [SpeedQueue] Added unit enemy:Qukq into queue
[2025-04-13 17:34:59] [INFO] [Component] Setting dragon_Heqaa_4e03bc21-de4d-4999-ab03-56e5bfe18fa4 on to {"spawn_region":[],"collider":"","unit":"dragon_Heqaa_4e03bc21-de4d-4999-ab03-56e5bfe18fa4","column":7,"layers":[],"row":0,"structure":"","height":0}.
[2025-04-13 17:34:59] [INFO] [SpeedQueue] Added unit user:Heqaa into queue
[2025-04-13 17:34:59] [INFO] [Component] Setting fire_dragon_Fuqii_c6bb57b1-f250-495b-b0f3-9358093f2b2b on to {"spawn_region":[],"collider":"","unit":"fire_dragon_Fuqii_c6bb57b1-f250-495b-b0f3-9358093f2b2b","column":0,"layers":[],"row":6,"structure":"","height":0}.
[2025-04-13 17:34:59] [INFO] [SpeedQueue] Added unit user:Fuqii into queue
[2025-04-13 17:34:59] [INFO] [Component] Setting water_dragon_Euwpes_02ceef3c-8263-4306-be77-4ffa16afd54f on to {"spawn_region":[],"collider":"","unit":"water_dragon_Euwpes_02ceef3c-8263-4306-be77-4ffa16afd54f","column":7,"layers":[],"row":4,"structure":"","height":0}.
[2025-04-13 17:34:59] [INFO] [SpeedQueue] Added unit user:Euwpes into queue
[2025-04-13 17:34:59] [INFO] [EngineController] Started setting scene to MENU_SCENE
[2025-04-13 17:35:00] [INFO] [EngineController] Finished setting scene to MENU_SCENE
[2025-04-13 17:35:00] [INFO] [EngineController] Started setting scene to GAME_SCENE
[2025-04-13 17:35:00] [INFO] [FontPool] Started initializing FontPool
[2025-04-13 17:35:00] [INFO] [FontPool] ✅ Successfully loaded font: Lilian
[2025-04-13 17:35:00] [INFO] [EngineController] Finished setting scene to GAME_SCENE
[2025-04-13 17:35:00] [INFO] [SpeedQueue] Speed queue updated.
[2025-04-13 17:35:00] [INFO] [AbilityPanel] Updating ability selection for fire_dragon_Liay_7e9f22c3-7f3e-4032-ab67-38c5c21cdfbf
[2025-04-13 17:35:00] [INFO] [AbilityPanel] Finished ability selection for fire_dragon_Liay_7e9f22c3-7f3e-4032-ab67-38c5c21cdfbf
[2025-04-13 17:35:00] [INFO] [MovementPanel] Started update to Movement Information panel.
[2025-04-13 17:35:00] [INFO] [MovementPanel] Finished update to Movement Information panel.
[2025-04-13 17:35:00] [INFO] [TimeLinePanel] Started updating the timeline panel after turn order has changed.
[2025-04-13 17:35:00] [INFO] [TimeLinePanel] Finished updating the timeline panel after turn order has changed.
[2025-04-13 17:35:00] [INFO] [SelectedTilePanel] Checksum updated, getting units at selected tiles.
[2025-04-13 17:35:00] [INFO] [SelectedTilePanel] Either no unit selected or more than one unit selected
[2025-04-13 17:35:00] [INFO] [StatisticsPanel] Started updating Statistics Information Panel for entity fire_dragon_Liay_7e9f22c3-7f3e-4032-ab67-38c5c21cdfbf
[2025-04-13 17:35:00] [INFO] [StatisticsPanel] Finished updating Statistics Information Panel for entity fire_dragon_Liay_7e9f22c3-7f3e-4032-ab67-38c5c21cdfbf
[2025-04-13 17:35:00] [INFO] [StatisticsPanel] Started updating statistics information panel
[2025-04-13 17:35:00] [INFO] [StatisticsPanel] Finished updating statistics information panel
[2025-04-13 17:35:00] [INFO] [GreaterAbilityPanel] Started updating Greater Ability Information Panel
[2025-04-13 17:35:00] [INFO] [GreaterAbilityPanel] Finished updating Greater Ability Information Panel
[2025-04-13 17:35:00] [INFO] [VisualsSystem] Started creating blurred background
[2025-04-13 17:35:01] [INFO] [VisualsSystem] Finished creating blurred background after 0.4831041097640991 seconds
[2025-04-13 17:35:02] [INFO] [InputHandler] Gliding 0 camera to new tile 7_0_dbb710bd-c22f-43a3-9240-a216d0913bfe
[2025-04-13 17:35:02] [INFO] [InputHandler] Gliding 1 camera to new tile 7_0_dbb710bd-c22f-43a3-9240-a216d0913bfe
[2025-04-13 17:35:02] [INFO] [SelectedTilePanel] Checksum updated, getting units at selected tiles.
[2025-04-13 17:35:02] [INFO] [SelectedTilePanel] Updated selected tile display to view Liay
[2025-04-13 17:35:04] [INFO] [InputHandler] Gliding 0 camera to new tile 7_0_dbb710bd-c22f-43a3-9240-a216d0913bfe
[2025-04-13 17:35:04] [INFO] [MovementSystem] Updated movement range to 4 for Liay
[2025-04-13 17:35:04] [INFO] [MovementSystem] Updated movement path from [7, 0] to null for Liay
[2025-04-13 17:35:04] [INFO] [MovementSystem] Updated movement range to 4 for Liay
[2025-04-13 17:35:04] [INFO] [MovementSystem] Updated movement path from [7, 0] to null for Liay
[2025-04-13 17:35:05] [INFO] [MovementSystem] Updated movement path from [7, 0] to [7, 4] for Liay
[2025-04-13 17:35:05] [INFO] [MovementSystem] Updated movement path from [7, 0] to [7, 4] for Liay
[2025-04-13 17:35:05] [INFO] [MovementSystem] Updated movement path from [7, 0] to [6, 3] for Liay
[2025-04-13 17:35:05] [INFO] [MovementSystem] Updated movement path from [7, 0] to [6, 3] for Liay
[2025-04-13 17:35:05] [INFO] [MovementSystem] Updated movement path from [7, 0] to [6, 2] for Liay
[2025-04-13 17:35:05] [INFO] [MovementSystem] Updated movement path from [7, 0] to [6, 2] for Liay
[2025-04-13 17:35:05] [INFO] [MovementSystem] Updated movement path from [7, 0] to [7, 2] for Liay
[2025-04-13 17:35:05] [INFO] [MovementSystem] Updated movement path from [7, 0] to [7, 2] for Liay
[2025-04-13 17:35:06] [INFO] [MovementSystem] Updated movement path from [7, 0] to [7, 1] for Liay
[2025-04-13 17:35:06] [INFO] [MovementSystem] Updated movement path from [7, 0] to [7, 1] for Liay
[2025-04-13 17:35:06] [INFO] [MovementSystem] Updated movement path from [7, 0] to [6, 1] for Liay
[2025-04-13 17:35:06] [INFO] [MovementSystem] Updated movement path from [7, 0] to [6, 1] for Liay
[2025-04-13 17:35:06] [INFO] [MovementSystem] Updated movement path from [7, 0] to [7, 1] for Liay
[2025-04-13 17:35:06] [INFO] [MovementSystem] Updated movement path from [7, 0] to [7, 1] for Liay
[2025-04-13 17:35:07] [INFO] [Component] Setting fire_dragon_Liay_7e9f22c3-7f3e-4032-ab67-38c5c21cdfbf on to {"spawn_region":[],"collider":"","unit":"fire_dragon_Liay_7e9f22c3-7f3e-4032-ab67-38c5c21cdfbf","column":1,"layers":[],"row":7,"structure":"","height":0}.
[2025-04-13 17:35:07] [INFO] [MovementSystem] Moved from [7, 0] to [7, 1]
[2025-04-13 17:35:07] [INFO] [SelectedTilePanel] Checksum updated, getting units at selected tiles.
[2025-04-13 17:35:07] [INFO] [SelectedTilePanel] Updated selected tile display to view Liay
[2025-04-13 17:35:07] [INFO] [InputHandler] Gliding 0 camera to new tile 7_1_3a453c7a-89da-4aea-aa8e-b831dc892dee
[2025-04-13 17:35:07] [INFO] [InputHandler] Gliding 1 camera to new tile 7_1_3a453c7a-89da-4aea-aa8e-b831dc892dee
[2025-04-13 17:35:08] [INFO] [InputHandler] Gliding 0 camera to new tile 7_1_3a453c7a-89da-4aea-aa8e-b831dc892dee
[2025-04-13 17:35:09] [INFO] [AbilityPanel] Selecting ember
[2025-04-13 17:35:09] [INFO] [AbilitySystem] Liay is planning to use ember on null
[2025-04-13 17:35:09] [INFO] [AbilitySystem] Updated area of sight for Liay, viewing 8 tiles
[2025-04-13 17:35:09] [INFO] [AbilitySystem] Updated line of sight for Liay, viewing 0 tiles
[2025-04-13 17:35:09] [INFO] [AbilitySystem] Updated area of effect for Liay viewing 0 tiles
[2025-04-13 17:35:09] [INFO] [CombatSystem] Started constructing damage mappings for Liay to use ember
[2025-04-13 17:35:09] [INFO] [CombatSystem] Finished constructing damage mappings for Liay to use ember
[2025-04-13 17:35:09] [INFO] [CombatSystem] Started constructing damage mappings for Liay to use ember
[2025-04-13 17:35:09] [INFO] [CombatSystem] Finished constructing damage mappings for Liay to use ember
[2025-04-13 17:35:09] [INFO] [CombatSystem] Started constructing cost mappings for Liay to use ember
[2025-04-13 17:35:09] [INFO] [CombatSystem] Finished constructing cost mappings for Liay to use ember
[2025-04-13 17:35:09] [INFO] [AbilitySystem] Liay is planning to use ember on [7, 3]
[2025-04-13 17:35:09] [INFO] [AbilitySystem] Updated line of sight for Liay, viewing 3 tiles
[2025-04-13 17:35:09] [INFO] [AbilitySystem] Updated area of effect for Liay viewing 1 tiles
[2025-04-13 17:35:09] [INFO] [CombatSystem] Started constructing damage mappings for Liay to use ember
[2025-04-13 17:35:09] [INFO] [CombatSystem] Finished constructing damage mappings for Liay to use ember
[2025-04-13 17:35:09] [INFO] [AbilitySystem] Liay is planning to use ember on [7, 2]
[2025-04-13 17:35:09] [INFO] [AbilitySystem] Updated line of sight for Liay, viewing 2 tiles
[2025-04-13 17:35:09] [INFO] [AbilitySystem] Updated area of effect for Liay viewing 1 tiles
[2025-04-13 17:35:09] [INFO] [CombatSystem] Started constructing damage mappings for Liay to use ember
[2025-04-13 17:35:09] [INFO] [CombatSystem] Finished constructing damage mappings for Liay to use ember
[2025-04-13 17:35:09] [INFO] [AbilitySystem] Liay is planning to use ember on [6, 2]
[2025-04-13 17:35:09] [INFO] [AbilitySystem] Updated line of sight for Liay, viewing 3 tiles
[2025-04-13 17:35:09] [INFO] [AbilitySystem] Updated area of effect for Liay viewing 1 tiles
[2025-04-13 17:35:09] [INFO] [CombatSystem] Started constructing damage mappings for Liay to use ember
[2025-04-13 17:35:09] [INFO] [CombatSystem] Finished constructing damage mappings for Liay to use ember
[2025-04-13 17:35:10] [INFO] [AbilitySystem] Liay is planning to use ember on [5, 2]
[2025-04-13 17:35:10] [INFO] [AbilitySystem] Updated line of sight for Liay, viewing 3 tiles
[2025-04-13 17:35:10] [INFO] [AbilitySystem] Updated area of effect for Liay viewing 1 tiles
[2025-04-13 17:35:10] [INFO] [CombatSystem] Started constructing damage mappings for Liay to use ember
[2025-04-13 17:35:10] [INFO] [CombatSystem] Finished constructing damage mappings for Liay to use ember
[2025-04-13 17:35:10] [INFO] [CombatSystem] Started constructing damage mappings for Liay to use ember
[2025-04-13 17:35:10] [INFO] [CombatSystem] Finished constructing damage mappings for Liay to use ember
[2025-04-13 17:35:10] [INFO] [CombatSystem] Started constructing damage mappings after defense Liay to use ember
[2025-04-13 17:35:10] [INFO] [CombatSystem] 10 = Raw Damage
[2025-04-13 17:35:10] [INFO] [CombatSystem] light_dragon_Jetxo_228d030a-ee2e-4792-a4df-2aa0a288177d lands a STAB bonus with ember
[2025-04-13 17:35:10] [INFO] [CombatSystem] 5 = Damage after modifiers
[2025-04-13 17:35:10] [INFO] [CombatSystem] 4 = Damage after defenses
[2025-04-13 17:35:10] [INFO] [CombatSystem] Finished constructing damage mappings after for Liay to use ember
[2025-04-13 17:35:10] [INFO] [AbilitySystem] Liay is planning to use ember on [5, 1]
[2025-04-13 17:35:10] [INFO] [AbilitySystem] Updated line of sight for Liay, viewing 3 tiles
[2025-04-13 17:35:10] [INFO] [AbilitySystem] Updated area of effect for Liay viewing 1 tiles
[2025-04-13 17:35:10] [INFO] [CombatSystem] Started constructing damage mappings for Liay to use ember
[2025-04-13 17:35:10] [INFO] [CombatSystem] Finished constructing damage mappings for Liay to use ember
[2025-04-13 17:35:10] [INFO] [CombatSystem] Started constructing damage mappings for Liay to use ember
[2025-04-13 17:35:10] [INFO] [CombatSystem] Finished constructing damage mappings for Liay to use ember
[2025-04-13 17:35:10] [INFO] [CombatSystem] Started constructing damage mappings after defense Liay to use ember
[2025-04-13 17:35:10] [INFO] [CombatSystem] 10 = Raw Damage
[2025-04-13 17:35:10] [INFO] [CombatSystem] air_dragon_Suveua_7a2a38ea-0189-4c9a-a3a9-ac74e29567df lands a STAB bonus with ember
[2025-04-13 17:35:10] [INFO] [CombatSystem] 5 = Damage after modifiers
[2025-04-13 17:35:10] [INFO] [CombatSystem] 4 = Damage after defenses
[2025-04-13 17:35:10] [INFO] [CombatSystem] Finished constructing damage mappings after for Liay to use ember
[2025-04-13 17:35:24] [INFO] [AbilitySystem] Liay is planning to use ember on [5, 2]
[2025-04-13 17:35:24] [INFO] [AbilitySystem] Updated line of sight for Liay, viewing 3 tiles
[2025-04-13 17:35:24] [INFO] [AbilitySystem] Updated area of effect for Liay viewing 1 tiles
[2025-04-13 17:35:24] [INFO] [CombatSystem] Started constructing damage mappings for Liay to use ember
[2025-04-13 17:35:24] [INFO] [CombatSystem] Finished constructing damage mappings for Liay to use ember
[2025-04-13 17:35:24] [INFO] [CombatSystem] Started constructing damage mappings for Liay to use ember
[2025-04-13 17:35:24] [INFO] [CombatSystem] Finished constructing damage mappings for Liay to use ember
[2025-04-13 17:35:24] [INFO] [CombatSystem] Started constructing damage mappings after defense Liay to use ember
[2025-04-13 17:35:24] [INFO] [CombatSystem] 10 = Raw Damage
[2025-04-13 17:35:24] [INFO] [CombatSystem] light_dragon_Jetxo_228d030a-ee2e-4792-a4df-2aa0a288177d lands a STAB bonus with ember
[2025-04-13 17:35:24] [INFO] [CombatSystem] 5 = Damage after modifiers
[2025-04-13 17:35:24] [INFO] [CombatSystem] 4 = Damage after defenses
[2025-04-13 17:35:24] [INFO] [CombatSystem] Finished constructing damage mappings after for Liay to use ember
[2025-04-13 17:35:24] [INFO] [AbilitySystem] Liay is planning to use ember on [5, 3]
[2025-04-13 17:35:24] [INFO] [AbilitySystem] Updated line of sight for Liay, viewing 4 tiles
[2025-04-13 17:35:24] [INFO] [AbilitySystem] Updated area of effect for Liay viewing 1 tiles
[2025-04-13 17:35:24] [INFO] [CombatSystem] Started constructing damage mappings for Liay to use ember
[2025-04-13 17:35:24] [INFO] [CombatSystem] Finished constructing damage mappings for Liay to use ember
[2025-04-13 17:35:24] [INFO] [AbilitySystem] Liay is planning to use ember on [6, 5]
[2025-04-13 17:35:24] [INFO] [AbilitySystem] Updated line of sight for Liay, viewing 4 tiles
[2025-04-13 17:35:24] [INFO] [AbilitySystem] Updated area of effect for Liay viewing 1 tiles
[2025-04-13 17:35:24] [INFO] [CombatSystem] Started constructing damage mappings for Liay to use ember
[2025-04-13 17:35:24] [INFO] [CombatSystem] Finished constructing damage mappings for Liay to use ember
[2025-04-13 17:35:24] [INFO] [AbilitySystem] Liay is planning to use ember on [6, 6]
[2025-04-13 17:35:24] [INFO] [AbilitySystem] Updated line of sight for Liay, viewing 4 tiles
[2025-04-13 17:35:24] [INFO] [AbilitySystem] Updated area of effect for Liay viewing 1 tiles
[2025-04-13 17:35:24] [INFO] [CombatSystem] Started constructing damage mappings for Liay to use ember
[2025-04-13 17:35:24] [INFO] [CombatSystem] Finished constructing damage mappings for Liay to use ember
[2025-04-13 17:35:24] [INFO] [AbilitySystem] Liay is planning to use ember on [6, 7]
[2025-04-13 17:35:24] [INFO] [AbilitySystem] Updated line of sight for Liay, viewing 4 tiles
[2025-04-13 17:35:24] [INFO] [AbilitySystem] Updated area of effect for Liay viewing 1 tiles
[2025-04-13 17:35:24] [INFO] [CombatSystem] Started constructing damage mappings for Liay to use ember
[2025-04-13 17:35:24] [INFO] [CombatSystem] Finished constructing damage mappings for Liay to use ember
[2025-04-13 17:35:24] [INFO] [AbilitySystem] Liay is planning to use ember on null
[2025-04-13 17:35:24] [INFO] [AbilitySystem] Updated line of sight for Liay, viewing 0 tiles
[2025-04-13 17:35:24] [INFO] [AbilitySystem] Updated area of effect for Liay viewing 0 tiles
[2025-04-13 17:35:24] [INFO] [CombatSystem] Started constructing damage mappings for Liay to use ember
[2025-04-13 17:35:24] [INFO] [CombatSystem] Finished constructing damage mappings for Liay to use ember
[2025-04-13 17:35:26] [INFO] [AbilityPanel] Selecting gust
[2025-04-13 17:35:26] [INFO] [AbilitySystem] Liay is planning to use gust on null
[2025-04-13 17:35:26] [INFO] [CombatSystem] Started constructing damage mappings for Liay to use gust
[2025-04-13 17:35:26] [INFO] [CombatSystem] Finished constructing damage mappings for Liay to use gust
[2025-04-13 17:35:26] [INFO] [CombatSystem] Started constructing damage mappings for Liay to use gust
[2025-04-13 17:35:26] [INFO] [CombatSystem] Finished constructing damage mappings for Liay to use gust
[2025-04-13 17:35:26] [INFO] [CombatSystem] Started constructing cost mappings for Liay to use gust
[2025-04-13 17:35:26] [INFO] [CombatSystem] Finished constructing cost mappings for Liay to use gust
[2025-04-13 17:35:27] [INFO] [AbilitySystem] Liay is planning to use gust on [7, 3]
[2025-04-13 17:35:27] [INFO] [AbilitySystem] Updated line of sight for Liay, viewing 3 tiles
[2025-04-13 17:35:27] [INFO] [AbilitySystem] Updated area of effect for Liay viewing 1 tiles
[2025-04-13 17:35:27] [INFO] [CombatSystem] Started constructing damage mappings for Liay to use gust
[2025-04-13 17:35:27] [INFO] [CombatSystem] Finished constructing damage mappings for Liay to use gust
[2025-04-13 17:35:27] [INFO] [AbilitySystem] Liay is planning to use gust on [7, 2]
[2025-04-13 17:35:27] [INFO] [AbilitySystem] Updated line of sight for Liay, viewing 2 tiles
[2025-04-13 17:35:27] [INFO] [AbilitySystem] Updated area of effect for Liay viewing 1 tiles
[2025-04-13 17:35:27] [INFO] [CombatSystem] Started constructing damage mappings for Liay to use gust
[2025-04-13 17:35:27] [INFO] [CombatSystem] Finished constructing damage mappings for Liay to use gust
[2025-04-13 17:35:27] [INFO] [AbilitySystem] Liay is planning to use gust on [6, 2]
[2025-04-13 17:35:27] [INFO] [AbilitySystem] Updated line of sight for Liay, viewing 3 tiles
[2025-04-13 17:35:27] [INFO] [AbilitySystem] Updated area of effect for Liay viewing 1 tiles
[2025-04-13 17:35:27] [INFO] [CombatSystem] Started constructing damage mappings for Liay to use gust
[2025-04-13 17:35:27] [INFO] [CombatSystem] Finished constructing damage mappings for Liay to use gust
[2025-04-13 17:35:27] [INFO] [AbilitySystem] Liay is planning to use gust on [6, 1]
[2025-04-13 17:35:27] [INFO] [AbilitySystem] Updated line of sight for Liay, viewing 2 tiles
[2025-04-13 17:35:27] [INFO] [AbilitySystem] Updated area of effect for Liay viewing 1 tiles
[2025-04-13 17:35:27] [INFO] [CombatSystem] Started constructing damage mappings for Liay to use gust
[2025-04-13 17:35:27] [INFO] [CombatSystem] Finished constructing damage mappings for Liay to use gust
[2025-04-13 17:35:27] [INFO] [AbilitySystem] Liay is planning to use gust on [5, 1]
[2025-04-13 17:35:27] [INFO] [AbilitySystem] Updated line of sight for Liay, viewing 3 tiles
[2025-04-13 17:35:27] [INFO] [AbilitySystem] Updated area of effect for Liay viewing 1 tiles
[2025-04-13 17:35:27] [INFO] [CombatSystem] Started constructing damage mappings for Liay to use gust
[2025-04-13 17:35:27] [INFO] [CombatSystem] Finished constructing damage mappings for Liay to use gust
[2025-04-13 17:35:27] [INFO] [CombatSystem] Started constructing damage mappings for Liay to use gust
[2025-04-13 17:35:27] [INFO] [CombatSystem] Finished constructing damage mappings for Liay to use gust
[2025-04-13 17:35:27] [INFO] [CombatSystem] Started constructing damage mappings after defense Liay to use gust
[2025-04-13 17:35:27] [INFO] [CombatSystem] 10 = Raw Damage
[2025-04-13 17:35:27] [INFO] [CombatSystem] 10 = Damage after modifiers
[2025-04-13 17:35:27] [INFO] [CombatSystem] 9 = Damage after defenses
[2025-04-13 17:35:27] [INFO] [CombatSystem] Finished constructing damage mappings after for Liay to use gust
[2025-04-13 17:35:35] [INFO] [AbilitySystem] Liay is planning to use gust on [5, 2]
[2025-04-13 17:35:35] [INFO] [AbilitySystem] Updated line of sight for Liay, viewing 3 tiles
[2025-04-13 17:35:35] [INFO] [AbilitySystem] Updated area of effect for Liay viewing 1 tiles
[2025-04-13 17:35:35] [INFO] [CombatSystem] Started constructing damage mappings for Liay to use gust
[2025-04-13 17:35:35] [INFO] [CombatSystem] Finished constructing damage mappings for Liay to use gust
[2025-04-13 17:35:35] [INFO] [CombatSystem] Started constructing damage mappings for Liay to use gust
[2025-04-13 17:35:35] [INFO] [CombatSystem] Finished constructing damage mappings for Liay to use gust
[2025-04-13 17:35:35] [INFO] [CombatSystem] Started constructing damage mappings after defense Liay to use gust
[2025-04-13 17:35:35] [INFO] [CombatSystem] 10 = Raw Damage
[2025-04-13 17:35:35] [INFO] [CombatSystem] 10 = Damage after modifiers
[2025-04-13 17:35:35] [INFO] [CombatSystem] 9 = Damage after defenses
[2025-04-13 17:35:35] [INFO] [CombatSystem] Finished constructing damage mappings after for Liay to use gust
[2025-04-13 17:35:35] [INFO] [AbilitySystem] Liay is planning to use gust on [6, 2]
[2025-04-13 17:35:35] [INFO] [AbilitySystem] Updated line of sight for Liay, viewing 3 tiles
[2025-04-13 17:35:35] [INFO] [AbilitySystem] Updated area of effect for Liay viewing 1 tiles
[2025-04-13 17:35:35] [INFO] [CombatSystem] Started constructing damage mappings for Liay to use gust
[2025-04-13 17:35:35] [INFO] [CombatSystem] Finished constructing damage mappings for Liay to use gust
[2025-04-13 17:35:35] [INFO] [AbilitySystem] Liay is planning to use gust on [6, 3]
[2025-04-13 17:35:35] [INFO] [AbilitySystem] Updated line of sight for Liay, viewing 4 tiles
[2025-04-13 17:35:35] [INFO] [AbilitySystem] Updated area of effect for Liay viewing 1 tiles
[2025-04-13 17:35:35] [INFO] [CombatSystem] Started constructing damage mappings for Liay to use gust
[2025-04-13 17:35:35] [INFO] [CombatSystem] Finished constructing damage mappings for Liay to use gust
[2025-04-13 17:35:35] [INFO] [AbilitySystem] Liay is planning to use gust on [7, 3]
[2025-04-13 17:35:35] [INFO] [AbilitySystem] Updated line of sight for Liay, viewing 3 tiles
[2025-04-13 17:35:35] [INFO] [AbilitySystem] Updated area of effect for Liay viewing 1 tiles
[2025-04-13 17:35:35] [INFO] [CombatSystem] Started constructing damage mappings for Liay to use gust
[2025-04-13 17:35:35] [INFO] [CombatSystem] Finished constructing damage mappings for Liay to use gust
[2025-04-13 17:35:35] [INFO] [AbilitySystem] Liay is planning to use gust on [7, 4]
[2025-04-13 17:35:35] [INFO] [AbilitySystem] Updated line of sight for Liay, viewing 4 tiles
[2025-04-13 17:35:35] [INFO] [AbilitySystem] Updated area of effect for Liay viewing 1 tiles
[2025-04-13 17:35:35] [INFO] [CombatSystem] Started constructing damage mappings for Liay to use gust
[2025-04-13 17:35:35] [INFO] [CombatSystem] Finished constructing damage mappings for Liay to use gust
[2025-04-13 17:35:35] [INFO] [AbilitySystem] Liay is planning to use gust on null
[2025-04-13 17:35:35] [INFO] [AbilitySystem] Updated line of sight for Liay, viewing 0 tiles
[2025-04-13 17:35:35] [INFO] [AbilitySystem] Updated area of effect for Liay viewing 0 tiles
[2025-04-13 17:35:35] [INFO] [CombatSystem] Started constructing damage mappings for Liay to use gust
[2025-04-13 17:35:35] [INFO] [CombatSystem] Finished constructing damage mappings for Liay to use gust
[2025-04-13 17:35:36] [INFO] [AbilityPanel] Selecting ember
[2025-04-13 17:35:36] [INFO] [AbilitySystem] Liay is planning to use ember on null
[2025-04-13 17:35:36] [INFO] [CombatSystem] Started constructing damage mappings for Liay to use ember
[2025-04-13 17:35:36] [INFO] [CombatSystem] Finished constructing damage mappings for Liay to use ember
[2025-04-13 17:35:36] [INFO] [CombatSystem] Started constructing damage mappings for Liay to use ember
[2025-04-13 17:35:36] [INFO] [CombatSystem] Finished constructing damage mappings for Liay to use ember
[2025-04-13 17:35:36] [INFO] [CombatSystem] Started constructing cost mappings for Liay to use ember
[2025-04-13 17:35:36] [INFO] [CombatSystem] Finished constructing cost mappings for Liay to use ember
[2025-04-13 17:35:36] [INFO] [AbilitySystem] Liay is planning to use ember on [7, 3]
[2025-04-13 17:35:36] [INFO] [AbilitySystem] Updated line of sight for Liay, viewing 3 tiles
[2025-04-13 17:35:36] [INFO] [AbilitySystem] Updated area of effect for Liay viewing 1 tiles
[2025-04-13 17:35:36] [INFO] [CombatSystem] Started constructing damage mappings for Liay to use ember
[2025-04-13 17:35:36] [INFO] [CombatSystem] Finished constructing damage mappings for Liay to use ember
[2025-04-13 17:35:37] [INFO] [AbilitySystem] Liay is planning to use ember on [7, 2]
[2025-04-13 17:35:37] [INFO] [AbilitySystem] Updated line of sight for Liay, viewing 2 tiles
[2025-04-13 17:35:37] [INFO] [AbilitySystem] Updated area of effect for Liay viewing 1 tiles
[2025-04-13 17:35:37] [INFO] [CombatSystem] Started constructing damage mappings for Liay to use ember
[2025-04-13 17:35:37] [INFO] [CombatSystem] Finished constructing damage mappings for Liay to use ember
[2025-04-13 17:35:37] [INFO] [AbilitySystem] Liay is planning to use ember on [6, 2]
[2025-04-13 17:35:37] [INFO] [AbilitySystem] Updated line of sight for Liay, viewing 3 tiles
[2025-04-13 17:35:37] [INFO] [AbilitySystem] Updated area of effect for Liay viewing 1 tiles
[2025-04-13 17:35:37] [INFO] [CombatSystem] Started constructing damage mappings for Liay to use ember
[2025-04-13 17:35:37] [INFO] [CombatSystem] Finished constructing damage mappings for Liay to use ember
[2025-04-13 17:35:37] [INFO] [AbilitySystem] Liay is planning to use ember on [5, 2]
[2025-04-13 17:35:37] [INFO] [AbilitySystem] Updated line of sight for Liay, viewing 3 tiles
[2025-04-13 17:35:37] [INFO] [AbilitySystem] Updated area of effect for Liay viewing 1 tiles
[2025-04-13 17:35:37] [INFO] [CombatSystem] Started constructing damage mappings for Liay to use ember
[2025-04-13 17:35:37] [INFO] [CombatSystem] Finished constructing damage mappings for Liay to use ember
[2025-04-13 17:35:37] [INFO] [CombatSystem] Started constructing damage mappings for Liay to use ember
[2025-04-13 17:35:37] [INFO] [CombatSystem] Finished constructing damage mappings for Liay to use ember
[2025-04-13 17:35:37] [INFO] [CombatSystem] Started constructing damage mappings after defense Liay to use ember
[2025-04-13 17:35:37] [INFO] [CombatSystem] 10 = Raw Damage
[2025-04-13 17:35:37] [INFO] [CombatSystem] light_dragon_Jetxo_228d030a-ee2e-4792-a4df-2aa0a288177d lands a STAB bonus with ember
[2025-04-13 17:35:37] [INFO] [CombatSystem] 5 = Damage after modifiers
[2025-04-13 17:35:37] [INFO] [CombatSystem] 4 = Damage after defenses
[2025-04-13 17:35:37] [INFO] [CombatSystem] Finished constructing damage mappings after for Liay to use ember
[2025-04-13 17:35:37] [INFO] [AbilitySystem] Liay is planning to use ember on [5, 1]
[2025-04-13 17:35:37] [INFO] [AbilitySystem] Updated line of sight for Liay, viewing 3 tiles
[2025-04-13 17:35:37] [INFO] [AbilitySystem] Updated area of effect for Liay viewing 1 tiles
[2025-04-13 17:35:37] [INFO] [CombatSystem] Started constructing damage mappings for Liay to use ember
[2025-04-13 17:35:37] [INFO] [CombatSystem] Finished constructing damage mappings for Liay to use ember
[2025-04-13 17:35:37] [INFO] [CombatSystem] Started constructing damage mappings for Liay to use ember
[2025-04-13 17:35:37] [INFO] [CombatSystem] Finished constructing damage mappings for Liay to use ember
[2025-04-13 17:35:37] [INFO] [CombatSystem] Started constructing damage mappings after defense Liay to use ember
[2025-04-13 17:35:37] [INFO] [CombatSystem] 10 = Raw Damage
[2025-04-13 17:35:37] [INFO] [CombatSystem] air_dragon_Suveua_7a2a38ea-0189-4c9a-a3a9-ac74e29567df lands a STAB bonus with ember
[2025-04-13 17:35:37] [INFO] [CombatSystem] 5 = Damage after modifiers
[2025-04-13 17:35:37] [INFO] [CombatSystem] 4 = Damage after defenses
[2025-04-13 17:35:37] [INFO] [CombatSystem] Finished constructing damage mappings after for Liay to use ember
[2025-04-13 17:35:37] [INFO] [AbilitySystem] Liay is planning to use ember on [4, 1]
[2025-04-13 17:35:37] [INFO] [AbilitySystem] Updated line of sight for Liay, viewing 3 tiles
[2025-04-13 17:35:37] [INFO] [AbilitySystem] Updated area of effect for Liay viewing 1 tiles
[2025-04-13 17:35:37] [INFO] [CombatSystem] Started constructing damage mappings for Liay to use ember
[2025-04-13 17:35:37] [INFO] [CombatSystem] Finished constructing damage mappings for Liay to use ember
[2025-04-13 17:35:37] [INFO] [AbilitySystem] Liay is planning to use ember on [5, 1]
[2025-04-13 17:35:37] [INFO] [AbilitySystem] Updated line of sight for Liay, viewing 3 tiles
[2025-04-13 17:35:37] [INFO] [AbilitySystem] Updated area of effect for Liay viewing 1 tiles
[2025-04-13 17:35:37] [INFO] [CombatSystem] Started constructing damage mappings for Liay to use ember
[2025-04-13 17:35:37] [INFO] [CombatSystem] Finished constructing damage mappings for Liay to use ember
[2025-04-13 17:35:37] [INFO] [CombatSystem] Started constructing damage mappings for Liay to use ember
[2025-04-13 17:35:37] [INFO] [CombatSystem] Finished constructing damage mappings for Liay to use ember
[2025-04-13 17:35:37] [INFO] [CombatSystem] Started constructing damage mappings after defense Liay to use ember
[2025-04-13 17:35:37] [INFO] [CombatSystem] 10 = Raw Damage
[2025-04-13 17:35:37] [INFO] [CombatSystem] air_dragon_Suveua_7a2a38ea-0189-4c9a-a3a9-ac74e29567df lands a STAB bonus with ember
[2025-04-13 17:35:37] [INFO] [CombatSystem] 5 = Damage after modifiers
[2025-04-13 17:35:37] [INFO] [CombatSystem] 4 = Damage after defenses
[2025-04-13 17:35:37] [INFO] [CombatSystem] Finished constructing damage mappings after for Liay to use ember
[2025-04-13 17:35:43] [INFO] [AbilitySystem] Liay is planning to use ember on [4, 0]
[2025-04-13 17:35:43] [INFO] [AbilitySystem] Updated line of sight for Liay, viewing 3 tiles
[2025-04-13 17:35:43] [INFO] [AbilitySystem] Updated area of effect for Liay viewing 1 tiles
[2025-04-13 17:35:43] [INFO] [CombatSystem] Started constructing damage mappings for Liay to use ember
[2025-04-13 17:35:43] [INFO] [CombatSystem] Finished constructing damage mappings for Liay to use ember
[2025-04-13 17:35:43] [INFO] [AbilitySystem] Liay is planning to use ember on null
[2025-04-13 17:35:43] [INFO] [AbilitySystem] Updated line of sight for Liay, viewing 0 tiles
[2025-04-13 17:35:43] [INFO] [AbilitySystem] Updated area of effect for Liay viewing 0 tiles
[2025-04-13 17:35:43] [INFO] [CombatSystem] Started constructing damage mappings for Liay to use ember
[2025-04-13 17:35:43] [INFO] [CombatSystem] Finished constructing damage mappings for Liay to use ember
