[2025-05-12 16:04:02] [INFO] [UnitTable] Started initializing UnitTable
[2025-05-12 16:04:02] [INFO] [EmeritusDatabase] Started initializing EmeritusDatabase
[2025-05-12 16:04:02] [INFO] [EmeritusDatabase] Finished initializing EmeritusDatabase
[2025-05-12 16:04:02] [INFO] [UnitTable] Successfully initialized UnitTable
[2025-05-12 16:04:02] [INFO] [UnitTable] Finished initializing UnitTable
[2025-05-12 16:04:02] [INFO] [AbilityTable] Started initializing AbilityTable
[2025-05-12 16:04:02] [INFO] [AbilityTable] Finished initializing AbilityTable
[2025-05-12 16:04:02] [INFO] [UserSaveStateManager] Started loading user save data
[2025-05-12 16:04:02] [INFO] [UserSaveStateManager] Finished loading user save data
[2025-05-12 16:04:02] [INFO] [AssetPool] Started initializing AssetPool
[2025-05-12 16:04:02] [INFO] [AssetNameSpace] Started loading Sprite's from ./res/graphics
[2025-05-12 16:04:02] [INFO] [AssetNameSpace] Finished reading files for sprites
[2025-05-12 16:04:02] [INFO] [AssetNameSpace] Finished loading ./res/graphics
[2025-05-12 16:04:02] [INFO] [AssetPool] Finished initializing AssetPool
[2025-05-12 16:04:02] [INFO] [Component] Setting dragon_Euvei_59c9c8f9-b15d-4ded-95f7-1ddbc023ba54 on to {"row":6,"column":1,"height":0,"spawn_region":"Left","collider":"","unit":"dragon_Euvei_59c9c8f9-b15d-4ded-95f7-1ddbc023ba54","structure":""}.
[2025-05-12 16:04:02] [INFO] [SpeedQueue] Added unit dragon_Euvei_59c9c8f9-b15d-4ded-95f7-1ddbc023ba54 into queue
[2025-05-12 16:04:02] [INFO] [Component] Setting fire_dragon_Nyneen_c5add182-3c22-4526-9396-9005467c8479 on to {"row":4,"column":0,"height":0,"spawn_region":"Left","collider":"","unit":"fire_dragon_Nyneen_c5add182-3c22-4526-9396-9005467c8479","structure":""}.
[2025-05-12 16:04:02] [INFO] [SpeedQueue] Added unit fire_dragon_Nyneen_c5add182-3c22-4526-9396-9005467c8479 into queue
[2025-05-12 16:04:02] [INFO] [Component] Setting water_dragon_Gita_1e3d6bfa-0a5e-49f7-aa74-70a3763a5734 on to {"row":0,"column":0,"height":0,"spawn_region":"Left","collider":"","unit":"water_dragon_Gita_1e3d6bfa-0a5e-49f7-aa74-70a3763a5734","structure":""}.
[2025-05-12 16:04:02] [INFO] [SpeedQueue] Added unit water_dragon_Gita_1e3d6bfa-0a5e-49f7-aa74-70a3763a5734 into queue
[2025-05-12 16:04:02] [INFO] [Component] Setting fire_dragon_Nehaii_7c256166-ac38-47de-8eef-abeaebff9243 on to {"row":7,"column":0,"height":0,"spawn_region":"Left","collider":"","unit":"fire_dragon_Nehaii_7c256166-ac38-47de-8eef-abeaebff9243","structure":""}.
[2025-05-12 16:04:02] [INFO] [SpeedQueue] Added unit fire_dragon_Nehaii_7c256166-ac38-47de-8eef-abeaebff9243 into queue
[2025-05-12 16:04:02] [INFO] [Component] Setting dark_dragon_Uonaw_e876fc15-ac71-4343-a916-1d8f4dfc529d on to {"row":7,"column":1,"height":0,"spawn_region":"Left","collider":"","unit":"dark_dragon_Uonaw_e876fc15-ac71-4343-a916-1d8f4dfc529d","structure":""}.
[2025-05-12 16:04:02] [INFO] [SpeedQueue] Added unit dark_dragon_Uonaw_e876fc15-ac71-4343-a916-1d8f4dfc529d into queue
[2025-05-12 16:04:02] [INFO] [Component] Setting fire_dragon_Lacy_380451e2-1c3c-4dbe-a1f5-0aa252de27d5 on to {"row":5,"column":11,"height":0,"spawn_region":"Right","collider":"","unit":"fire_dragon_Lacy_380451e2-1c3c-4dbe-a1f5-0aa252de27d5","structure":""}.
[2025-05-12 16:04:02] [INFO] [SpeedQueue] Added unit fire_dragon_Lacy_380451e2-1c3c-4dbe-a1f5-0aa252de27d5 into queue
[2025-05-12 16:04:02] [INFO] [Component] Setting air_dragon_Pysime_feabd18a-818f-4e1f-80e7-f1beae308d26 on to {"row":4,"column":10,"height":0,"spawn_region":"Right","collider":"","unit":"air_dragon_Pysime_feabd18a-818f-4e1f-80e7-f1beae308d26","structure":""}.
[2025-05-12 16:04:02] [INFO] [SpeedQueue] Added unit air_dragon_Pysime_feabd18a-818f-4e1f-80e7-f1beae308d26 into queue
[2025-05-12 16:04:02] [INFO] [Component] Setting air_dragon_Kuoo_a3c7c5ce-f0fb-4e9d-b6f8-8c409f9a35df on to {"row":1,"column":11,"height":0,"spawn_region":"Right","collider":"","unit":"air_dragon_Kuoo_a3c7c5ce-f0fb-4e9d-b6f8-8c409f9a35df","structure":""}.
[2025-05-12 16:04:02] [INFO] [SpeedQueue] Added unit air_dragon_Kuoo_a3c7c5ce-f0fb-4e9d-b6f8-8c409f9a35df into queue
[2025-05-12 16:04:02] [INFO] [Component] Setting dark_dragon_Mymve_27f89dae-f574-4920-9c63-09a3ba495345 on to {"row":2,"column":11,"height":0,"spawn_region":"Right","collider":"","unit":"dark_dragon_Mymve_27f89dae-f574-4920-9c63-09a3ba495345","structure":""}.
[2025-05-12 16:04:02] [INFO] [SpeedQueue] Added unit dark_dragon_Mymve_27f89dae-f574-4920-9c63-09a3ba495345 into queue
[2025-05-12 16:04:02] [INFO] [Component] Setting light_dragon_Geyi_829a457a-160b-43a8-ba8e-18a9dff148d6 on to {"row":3,"column":11,"height":0,"spawn_region":"Right","collider":"","unit":"light_dragon_Geyi_829a457a-160b-43a8-ba8e-18a9dff148d6","structure":""}.
[2025-05-12 16:04:02] [INFO] [SpeedQueue] Added unit light_dragon_Geyi_829a457a-160b-43a8-ba8e-18a9dff148d6 into queue
[2025-05-12 16:04:02] [INFO] [EngineController] Started setting scene to MENU_SCENE
[2025-05-12 16:04:02] [INFO] [EngineController] Finished setting scene to MENU_SCENE
[2025-05-12 16:04:02] [INFO] [EngineController] Started setting scene to MAP_EDITOR_SCENE
[2025-05-12 16:04:02] [INFO] [FontPool] Started initializing FontPool
[2025-05-12 16:04:02] [INFO] [FontPool] ✅ Successfully loaded font: Lilian
[2025-05-12 16:04:02] [INFO] [MapEditorScene] Starting to create new GameController!
[2025-05-12 16:04:02] [INFO] [MapEditorScene] Successfully created new GameController!
[2025-05-12 16:04:02] [INFO] [EngineController] Finished setting scene to MAP_EDITOR_SCENE
[2025-05-12 16:04:02] [INFO] [EngineController] Started setting scene to GAME_SCENE
[2025-05-12 16:04:02] [INFO] [EngineController] Finished setting scene to GAME_SCENE
[2025-05-12 16:04:02] [INFO] [AbilitySystem] Started updating {} because of ability
[2025-05-12 16:04:02] [INFO] [AbilitySystem] Finished update updating {} because of ability
[2025-05-12 16:04:02] [INFO] [AbilitySystem] Started updating {} because of ability
[2025-05-12 16:04:03] [INFO] [AbilitySystem] Finished update updating {} because of ability
[2025-05-12 16:04:03] [INFO] [AbilitySystem] Started updating {} because of ability
[2025-05-12 16:04:03] [INFO] [AbilitySystem] Finished update updating {} because of ability
[2025-05-12 16:04:03] [INFO] [AbilitySystem] Started updating {} because of ability
[2025-05-12 16:04:03] [INFO] [AbilitySystem] Finished update updating {} because of ability
[2025-05-12 16:04:03] [INFO] [AbilitySystem] Started updating {} because of ability
[2025-05-12 16:04:03] [INFO] [AbilitySystem] Finished update updating {} because of ability
[2025-05-12 16:04:03] [INFO] [AbilitySystem] Started updating {} because of ability
[2025-05-12 16:04:03] [INFO] [AbilitySystem] Finished update updating {} because of ability
[2025-05-12 16:04:03] [INFO] [AbilitySystem] Started updating {} because of ability
[2025-05-12 16:04:03] [INFO] [AbilitySystem] Finished update updating {} because of ability
[2025-05-12 16:04:03] [INFO] [AbilitySystem] Started updating {} because of ability
[2025-05-12 16:04:03] [INFO] [AbilitySystem] Finished update updating {} because of ability
[2025-05-12 16:04:03] [INFO] [AbilitySystem] Started updating {} because of ability
[2025-05-12 16:04:03] [INFO] [AbilitySystem] Finished update updating {} because of ability
[2025-05-12 16:04:03] [INFO] [AbilitySystem] Started updating {} because of ability
[2025-05-12 16:04:03] [INFO] [AbilitySystem] Finished update updating {} because of ability
[2025-05-12 16:04:03] [INFO] [SpeedQueue] Speed queue updated.
[2025-05-12 16:04:03] [INFO] [AbilityPanel] Updating ability selection for fire_dragon_Nyneen_c5add182-3c22-4526-9396-9005467c8479
[2025-05-12 16:04:03] [INFO] [AbilityPanel] Finished ability selection for fire_dragon_Nyneen_c5add182-3c22-4526-9396-9005467c8479
[2025-05-12 16:04:03] [INFO] [MovementPanel] Started update to Movement Information panel.
[2025-05-12 16:04:03] [INFO] [MovementPanel] Finished update to Movement Information panel.
[2025-05-12 16:04:03] [INFO] [TimeLinePanel] Started updating the timeline panel after turn order has changed.
[2025-05-12 16:04:03] [INFO] [TimeLinePanel] Finished updating the timeline panel after turn order has changed.
[2025-05-12 16:04:03] [INFO] [SelectedTilePanel] Checksum updated, getting units at selected tiles.
[2025-05-12 16:04:03] [INFO] [SelectedTilePanel] Either no unit selected or more than one unit selected
[2025-05-12 16:04:03] [INFO] [VisualsSystem] Started creating blurred background
[2025-05-12 16:04:03] [INFO] [VisualsSystem] Finished creating blurred background after 0.4837701618671417 seconds
[2025-05-12 16:04:03] [INFO] [AbilitySystem] Started updating {} because of ability
[2025-05-12 16:04:03] [INFO] [AbilitySystem] Finished update updating {} because of ability
[2025-05-12 16:04:03] [INFO] [AbilitySystem] Started updating {} because of ability
[2025-05-12 16:04:03] [INFO] [AbilitySystem] Finished update updating {} because of ability
[2025-05-12 16:04:03] [INFO] [AbilitySystem] Started updating {} because of ability
[2025-05-12 16:04:03] [INFO] [AbilitySystem] Finished update updating {} because of ability
[2025-05-12 16:04:03] [INFO] [AbilitySystem] Started updating {} because of ability
[2025-05-12 16:04:03] [INFO] [AbilitySystem] Finished update updating {} because of ability
[2025-05-12 16:04:03] [INFO] [AbilitySystem] Started updating {} because of ability
[2025-05-12 16:04:03] [INFO] [AbilitySystem] Finished update updating {} because of ability
[2025-05-12 16:04:03] [INFO] [AbilitySystem] Started updating {} because of ability
[2025-05-12 16:04:03] [INFO] [AbilitySystem] Finished update updating {} because of ability
[2025-05-12 16:04:03] [INFO] [AbilitySystem] Started updating {} because of ability
[2025-05-12 16:04:03] [INFO] [AbilitySystem] Finished update updating {} because of ability
[2025-05-12 16:04:03] [INFO] [AbilitySystem] Started updating {} because of ability
[2025-05-12 16:04:03] [INFO] [AbilitySystem] Finished update updating {} because of ability
[2025-05-12 16:04:03] [INFO] [AbilitySystem] Started updating {} because of ability
[2025-05-12 16:04:03] [INFO] [AbilitySystem] Finished update updating {} because of ability
[2025-05-12 16:04:03] [INFO] [AbilityPanel] Updating ability selection for fire_dragon_Nyneen_c5add182-3c22-4526-9396-9005467c8479
[2025-05-12 16:04:03] [INFO] [AbilityPanel] Finished ability selection for fire_dragon_Nyneen_c5add182-3c22-4526-9396-9005467c8479
[2025-05-12 16:04:03] [INFO] [MovementPanel] Started update to Movement Information panel.
[2025-05-12 16:04:03] [INFO] [MovementPanel] Finished update to Movement Information panel.
[2025-05-12 16:04:03] [INFO] [AbilitySystem] Started updating {} because of ability
[2025-05-12 16:04:03] [INFO] [AbilitySystem] Finished update updating {} because of ability
[2025-05-12 16:04:03] [INFO] [AbilitySystem] Started updating {} because of ability
[2025-05-12 16:04:03] [INFO] [AbilitySystem] Finished update updating {} because of ability
[2025-05-12 16:04:03] [INFO] [AbilitySystem] Started updating {} because of ability
[2025-05-12 16:04:03] [INFO] [AbilitySystem] Finished update updating {} because of ability
[2025-05-12 16:04:03] [INFO] [AbilitySystem] Started updating {} because of ability
[2025-05-12 16:04:03] [INFO] [AbilitySystem] Finished update updating {} because of ability
[2025-05-12 16:04:03] [INFO] [AbilitySystem] Started updating {} because of ability
[2025-05-12 16:04:03] [INFO] [AbilitySystem] Finished update updating {} because of ability
[2025-05-12 16:04:03] [INFO] [AbilitySystem] Started updating {} because of ability
[2025-05-12 16:04:03] [INFO] [AbilitySystem] Finished update updating {} because of ability
[2025-05-12 16:04:03] [INFO] [AbilitySystem] Started updating {} because of ability
[2025-05-12 16:04:03] [INFO] [AbilitySystem] Finished update updating {} because of ability
[2025-05-12 16:04:03] [INFO] [AbilitySystem] Started updating {} because of ability
[2025-05-12 16:04:03] [INFO] [AbilitySystem] Finished update updating {} because of ability
[2025-05-12 16:04:03] [INFO] [AbilitySystem] Started updating {} because of ability
[2025-05-12 16:04:03] [INFO] [AbilitySystem] Finished update updating {} because of ability
[2025-05-12 16:04:03] [INFO] [AbilitySystem] Started updating {} because of ability
[2025-05-12 16:04:03] [INFO] [AbilitySystem] Finished update updating {} because of ability
[2025-05-12 16:04:03] [INFO] [AbilitySystem] Started updating {} because of ability
[2025-05-12 16:04:03] [INFO] [AbilitySystem] Finished update updating {} because of ability
[2025-05-12 16:04:05] [INFO] [SelectedTilePanel] Checksum updated, getting units at selected tiles.
[2025-05-12 16:04:05] [INFO] [SelectedTilePanel] Either no unit selected or more than one unit selected
