[2025-04-06 11:54:41] [INFO] [UnitTable] Started initializing UnitTable
[2025-04-06 11:54:41] [INFO] [EmeritusDatabase] Started initializing EmeritusDatabase
[2025-04-06 11:54:41] [INFO] [EmeritusDatabase] Finished initializing EmeritusDatabase
[2025-04-06 11:54:41] [INFO] [UnitTable] Successfully initialized UnitTable
[2025-04-06 11:54:41] [INFO] [UnitTable] Finished initializing UnitTable
[2025-04-06 11:54:41] [INFO] [AbilityTable] Started initializing AbilityTable
[2025-04-06 11:54:41] [INFO] [AbilityTable] Finished initializing AbilityTable
[2025-04-06 11:54:41] [INFO] [UserSaveStateManager] Started loading user save data
[2025-04-06 11:54:41] [INFO] [UserSaveStateManager] Finished loading user save data
[2025-04-06 11:54:41] [INFO] [AssetPool] Started initializing AssetPool
[2025-04-06 11:54:41] [INFO] [AssetNameSpace] Started loading Sprite's from ./res/graphics
[2025-04-06 11:54:41] [INFO] [AssetNameSpace] Finished reading files for sprites
[2025-04-06 11:54:41] [INFO] [AssetNameSpace] Finished loading ./res/graphics
[2025-04-06 11:54:41] [INFO] [AssetPool] Finished initializing AssetPool
[2025-04-06 11:54:42] [INFO] [Component] Setting light_dragon_Uuoye_1503386a-2852-438a-b553-36565d49af40 on to 1_7_0a3856f2-ccaf-4e3f-861d-85c3aeec83cd.
[2025-04-06 11:54:42] [INFO] [SpeedQueue] Added unit enemy:Uuoye into queue
[2025-04-06 11:54:42] [INFO] [Component] Setting dark_dragon_Quxncu_b524d363-2df3-4b76-b71a-9f34c9abacb1 on to 4_9_6e47d147-177a-4e70-980f-e89d6549f2dc.
[2025-04-06 11:54:42] [INFO] [SpeedQueue] Added unit enemy:Quxncu into queue
[2025-04-06 11:54:42] [INFO] [Component] Setting fire_dragon_Pugyed_05761ae3-abfc-4437-ad4f-8ab7d0620456 on to 5_11_c6635570-6a27-47ce-a719-71c407289dd4.
[2025-04-06 11:54:42] [INFO] [SpeedQueue] Added unit enemy:Pugyed into queue
[2025-04-06 11:54:42] [INFO] [Component] Setting light_dragon_Uyiefq_00c24fda-53a8-442e-90de-e40d300a08ec on to 2_7_0b8b872a-93d4-4d27-aa0f-95d1f000a28c.
[2025-04-06 11:54:42] [INFO] [SpeedQueue] Added unit enemy:Uyiefq into queue
[2025-04-06 11:54:42] [INFO] [Component] Setting fire_dragon_Rabuyi_4cfd8ce1-4eaf-4532-ab3b-91aa1aa6c3f0 on to 1_12_b8fbeafe-1795-477c-9a12-dc5af1756799.
[2025-04-06 11:54:42] [INFO] [SpeedQueue] Added unit enemy:Rabuyi into queue
[2025-04-06 11:54:42] [INFO] [Component] Setting fire_dragon_Daocy_eacda011-a8b4-42aa-b278-1c31d9d7d81a on to 14_7_83bd5d40-a7de-44a3-9387-8de927e4cbb8.
[2025-04-06 11:54:42] [INFO] [SpeedQueue] Added unit enemy:Daocy into queue
[2025-04-06 11:54:42] [INFO] [Component] Setting fire_dragon_Bysa_4870aa12-cbdb-400e-8cc1-e2bb949d0162 on to 13_1_2be9bc2f-d7b7-4768-a209-b277ee0e8c03.
[2025-04-06 11:54:42] [INFO] [SpeedQueue] Added unit enemy:Bysa into queue
[2025-04-06 11:54:42] [INFO] [Component] Setting fire_dragon_Oajlxy_5c24ab66-e76e-4ccc-a518-a0dec520e86b on to 6_6_3305c95e-d7d3-4985-a0d2-a31c41322112.
[2025-04-06 11:54:42] [INFO] [SpeedQueue] Added unit enemy:Oajlxy into queue
[2025-04-06 11:54:42] [INFO] [Component] Setting light_dragon_Bypf_d160f145-c52a-4f73-aa90-473fe89fdc3f on to 14_13_722e3b4d-e55f-4c11-a025-99e497c0bbea.
[2025-04-06 11:54:42] [INFO] [SpeedQueue] Added unit enemy:Bypf into queue
[2025-04-06 11:54:42] [INFO] [Component] Setting earth_dragon_Keoeu_50977390-6b27-44bb-bb87-0d3c526abba1 on to 12_9_a3271105-cc6d-4891-a61d-4086c3209985.
[2025-04-06 11:54:42] [INFO] [SpeedQueue] Added unit enemy:Keoeu into queue
[2025-04-06 11:54:42] [INFO] [Component] Setting dragon_Fuer_b5d7e4a2-e2b2-4bc5-9b95-c97cdb06eac8 on to 9_12_766ab9ed-733c-4e30-bc28-33ec3fdc0129.
[2025-04-06 11:54:42] [INFO] [SpeedQueue] Added unit enemy:Fuer into queue
[2025-04-06 11:54:42] [INFO] [Component] Setting light_dragon_Neuis_5b2ff8e9-e816-4a3e-bae8-a47cff90faee on to 9_10_4765ca4e-4a42-4222-aac0-74872e81182d.
[2025-04-06 11:54:42] [INFO] [SpeedQueue] Added unit enemy:Neuis into queue
[2025-04-06 11:54:42] [INFO] [Component] Setting earth_dragon_Fyvabi_5c7ceabb-8674-4bee-b213-21e48c119047 on to 9_9_e4533897-ac4f-405a-bf95-96fcc12d6499.
[2025-04-06 11:54:42] [INFO] [SpeedQueue] Added unit enemy:Fyvabi into queue
[2025-04-06 11:54:42] [INFO] [Component] Setting fire_dragon_Qete_9027e276-621e-4e5b-857b-10d55869acd7 on to 10_11_74d6b1f8-809f-4c2a-a22a-45fbcd66dc02.
[2025-04-06 11:54:42] [INFO] [SpeedQueue] Added unit enemy:Qete into queue
[2025-04-06 11:54:42] [INFO] [Component] Setting earth_dragon_Revldu_e1068563-e95a-47f1-b3bc-e5e3da982b61 on to 2_8_741e0c81-3a20-48d0-ac7b-205aa184ab06.
[2025-04-06 11:54:42] [INFO] [SpeedQueue] Added unit enemy:Revldu into queue
[2025-04-06 11:54:42] [INFO] [Component] Setting fire_dragon_Vedh_da1aec09-e010-4f96-a7a0-471e3f54ff83 on to 8_13_739abdbf-594b-4a94-8fd3-3e58d3af1504.
[2025-04-06 11:54:42] [INFO] [SpeedQueue] Added unit enemy:Vedh into queue
[2025-04-06 11:54:42] [INFO] [Component] Setting water_dragon_Cedweu_76c9c7da-4655-4c5d-96ac-c5104228c41f on to 3_14_338c5272-ced0-4e6c-bb33-345aa211d7f9.
[2025-04-06 11:54:42] [INFO] [SpeedQueue] Added unit enemy:Cedweu into queue
[2025-04-06 11:54:42] [INFO] [Component] Setting earth_dragon_Kapyvo_f014979c-ac91-4747-809d-25549c50966e on to 2_14_bacedcf9-ef19-4c44-9d19-b22c6dacded9.
[2025-04-06 11:54:42] [INFO] [SpeedQueue] Added unit enemy:Kapyvo into queue
[2025-04-06 11:54:42] [INFO] [Component] Setting dark_dragon_Pyiu_8ff48778-3c50-4eb3-8c7a-53874b8f78f6 on to 12_14_bb76a6b5-5d0e-4964-84ed-5f9a0bab4d52.
[2025-04-06 11:54:42] [INFO] [SpeedQueue] Added unit enemy:Pyiu into queue
[2025-04-06 11:54:42] [INFO] [Component] Setting dragon_Tejb_534b8382-c4c2-4103-995d-5923ce0cb0c3 on to 12_4_df2d8a29-0fbf-4814-be53-c0a9004ed965.
[2025-04-06 11:54:42] [INFO] [SpeedQueue] Added unit enemy:Tejb into queue
[2025-04-06 11:54:42] [INFO] [Component] Setting fire_dragon_Haun_a712748a-4a13-4a73-94a8-73fcb62f6bba on to 1_3_5d5b93d5-72d7-4244-b8b6-4988d2da5b8d.
[2025-04-06 11:54:42] [INFO] [SpeedQueue] Added unit enemy:Haun into queue
[2025-04-06 11:54:42] [INFO] [Component] Setting dragon_Joaoo_5495a350-99f8-446f-b709-96a14d9aaf7c on to 6_4_b9747ced-4df1-488f-8f83-81e7d0e9f551.
[2025-04-06 11:54:42] [INFO] [SpeedQueue] Added unit user:Joaoo into queue
[2025-04-06 11:54:42] [INFO] [Component] Setting dark_dragon_Rujh_649ac696-0f02-4f11-80ca-537910e5c594 on to 5_9_1c75e458-055d-4631-b113-ce42b045d33a.
[2025-04-06 11:54:42] [INFO] [SpeedQueue] Added unit user:Rujh into queue
[2025-04-06 11:54:42] [INFO] [Component] Setting dark_dragon_Sappo_e72f8152-c76d-4f50-9101-94fe14a14457 on to 6_11_7c8341bc-2a24-47a3-9f67-5e359eacd227.
[2025-04-06 11:54:42] [INFO] [SpeedQueue] Added unit user:Sappo into queue
[2025-04-06 11:54:42] [INFO] [Component] Setting water_dragon_Yifyw_1374b9ea-7258-43a4-a7fb-dad23fe09372 on to 1_0_008cb10d-7404-4bdb-9c93-75207eeae3df.
[2025-04-06 11:54:42] [INFO] [SpeedQueue] Added unit user:Yifyw into queue
[2025-04-06 11:54:42] [INFO] [Component] Setting air_dragon_Haplaa_46877058-8954-49cb-8200-96861821221f on to 7_0_887b35a6-9506-456d-b5ff-4bef72d44117.
[2025-04-06 11:54:42] [INFO] [SpeedQueue] Added unit user:Haplaa into queue
[2025-04-06 11:54:42] [INFO] [Component] Setting dark_dragon_Ryyiy_73061b8b-0c60-4f57-b00b-0478210f3b23 on to 13_5_fcbe901f-36da-4a80-93b2-4d124c3f330c.
[2025-04-06 11:54:42] [INFO] [SpeedQueue] Added unit user:Ryyiy into queue
[2025-04-06 11:54:42] [INFO] [Component] Setting earth_dragon_Syzzk_81a7e575-9c04-485b-b763-012889fce232 on to 10_12_ec0b795e-9787-49cf-a240-c00383d16402.
[2025-04-06 11:54:42] [INFO] [SpeedQueue] Added unit user:Syzzk into queue
[2025-04-06 11:54:42] [INFO] [Component] Setting water_dragon_Booo_7a54fd4b-daf7-4a9f-a777-7498f3376505 on to 10_13_0eab85e9-f2fa-4e09-aff7-f1136348f7e6.
[2025-04-06 11:54:42] [INFO] [SpeedQueue] Added unit user:Booo into queue
[2025-04-06 11:54:42] [INFO] [Component] Setting light_dragon_Ayifvu_fa666749-be44-4b2e-9200-c963a7db43fd on to 6_5_c5a88d65-1dd1-46e0-afc0-cd60d894e709.
[2025-04-06 11:54:42] [INFO] [SpeedQueue] Added unit user:Ayifvu into queue
[2025-04-06 11:54:42] [INFO] [Component] Setting air_dragon_Iuzo_ae9fc39a-db6e-495e-b5e1-aba89d77f76f on to 5_1_1e8fafed-3263-4480-819b-de9e2839f473.
[2025-04-06 11:54:42] [INFO] [SpeedQueue] Added unit user:Iuzo into queue
[2025-04-06 11:54:42] [INFO] [EngineController] Started setting scene to MENU_SCENE
[2025-04-06 11:54:42] [INFO] [EngineController] Finished setting scene to MENU_SCENE
[2025-04-06 11:54:42] [INFO] [EngineController] Started setting scene to GAME_SCENE
[2025-04-06 11:54:42] [INFO] [FontPool] Started initializing FontPool
[2025-04-06 11:54:42] [INFO] [FontPool] ✅ Successfully loaded font: Lilian
[2025-04-06 11:54:42] [INFO] [EngineController] Finished setting scene to GAME_SCENE
[2025-04-06 11:54:43] [INFO] [SpeedQueue] Speed queue updated.
[2025-04-06 11:54:43] [INFO] [TimeLinePanel] Started updating the timeline panel after turn order has changed.
[2025-04-06 11:54:43] [INFO] [TimeLinePanel] Finished updating the timeline panel after turn order has changed.
[2025-04-06 11:54:43] [INFO] [SelectedTilePanel] Checksum updated, getting units at selected tiles.
[2025-04-06 11:54:43] [INFO] [SelectedTilePanel] Either no unit selected or more than one unit selected
[2025-04-06 11:54:43] [INFO] [LesserStatisticsInformationPanel] Checksum has been updated, querying statistics for unit water_dragon_Cedweu_76c9c7da-4655-4c5d-96ac-c5104228c41f
[2025-04-06 11:54:43] [INFO] [VisualsSystem] Started creating blurred background
[2025-04-06 11:54:43] [INFO] [VisualsSystem] Finished creating blurred background after 0.4868980944156647 seconds
[2025-04-06 11:54:43] [INFO] [AbilitySystem] Cedweu Triggered ability system
[2025-04-06 11:54:43] [INFO] [AbilitySystem] Pugyed Triggered ability system
[2025-04-06 11:54:43] [INFO] [AbilitySystem] Kapyvo Triggered ability system
[2025-04-06 11:54:43] [INFO] [AbilitySystem] Fyvabi Triggered ability system
[2025-04-06 11:54:43] [INFO] [AbilitySystem] Uyiefq Triggered ability system
[2025-04-06 11:54:43] [INFO] [AbilitySystem] Neuis Triggered ability system
[2025-04-06 11:54:43] [INFO] [AbilitySystem] Oajlxy Triggered ability system
[2025-04-06 11:54:43] [INFO] [AbilitySystem] Uuoye Triggered ability system
[2025-04-06 11:54:43] [INFO] [AbilitySystem] Bypf Triggered ability system
[2025-04-06 11:54:43] [INFO] [AbilitySystem] Bysa Triggered ability system
[2025-04-06 11:54:43] [INFO] [AbilitySystem] Vedh Triggered ability system
[2025-04-06 11:54:43] [INFO] [AbilitySystem] Fuer Triggered ability system
[2025-04-06 11:54:43] [INFO] [AbilitySystem] Quxncu Triggered ability system
[2025-04-06 11:54:43] [INFO] [AbilitySystem] Qete Triggered ability system
[2025-04-06 11:54:43] [INFO] [AbilitySystem] Pyiu Triggered ability system
[2025-04-06 11:54:43] [INFO] [AbilitySystem] Keoeu Triggered ability system
[2025-04-06 11:54:43] [INFO] [AbilitySystem] Revldu Triggered ability system
[2025-04-06 11:54:43] [INFO] [AbilitySystem] Daocy Triggered ability system
[2025-04-06 11:54:43] [INFO] [AbilitySystem] Haun Triggered ability system
[2025-04-06 11:54:43] [INFO] [AbilitySystem] Rabuyi Triggered ability system
[2025-04-06 11:54:43] [INFO] [AbilitySystem] Tejb Triggered ability system
[2025-04-06 11:54:43] [INFO] [MovementSystem] Updated movement range for Cedweu
[2025-04-06 11:54:43] [INFO] [MovementSystem] Updated movement path for Cedweu
[2025-04-06 11:54:43] [INFO] [Component] Setting water_dragon_Cedweu_76c9c7da-4655-4c5d-96ac-c5104228c41f on to 3_12_f63eca9f-937f-41f4-885b-817e5160de0f.
[2025-04-06 11:54:43] [INFO] [MovementSystem] Moved from [3, 14] to [3, 12]
[2025-04-06 11:54:44] [INFO] [TimeLinePanel] Started updating the timeline panel after turn order has changed.
[2025-04-06 11:54:44] [INFO] [TimeLinePanel] Finished updating the timeline panel after turn order has changed.
[2025-04-06 11:54:44] [INFO] [MovementSystem] Updated movement range for Tejb
[2025-04-06 11:54:44] [INFO] [MovementSystem] Updated movement path for Tejb
[2025-04-06 11:54:44] [INFO] [Component] Setting dragon_Tejb_534b8382-c4c2-4103-995d-5923ce0cb0c3 on to 13_4_4b9a8d5e-7e2a-4650-93de-5291cee7202f.
[2025-04-06 11:54:44] [INFO] [MovementSystem] Moved from [12, 4] to [13, 4]
[2025-04-06 11:54:45] [INFO] [DevPanel] Setting camera mode
[2025-04-06 11:54:45] [INFO] [AbilitySystem] Cedweu Triggered ability system
[2025-04-06 11:54:45] [INFO] [TimeLinePanel] Started updating the timeline panel after turn order has changed.
[2025-04-06 11:54:45] [INFO] [TimeLinePanel] Finished updating the timeline panel after turn order has changed.
[2025-04-06 11:54:45] [INFO] [MovementSystem] Updated movement range for Rabuyi
[2025-04-06 11:54:45] [INFO] [MovementSystem] Updated movement path for Rabuyi
[2025-04-06 11:54:45] [INFO] [Component] Setting fire_dragon_Rabuyi_4cfd8ce1-4eaf-4532-ab3b-91aa1aa6c3f0 on to 2_12_2c198602-88f3-4128-9992-215042b743e8.
[2025-04-06 11:54:45] [INFO] [MovementSystem] Moved from [1, 12] to [2, 12]
[2025-04-06 11:54:46] [INFO] [AbilitySystem] Tejb Triggered ability system
[2025-04-06 11:54:46] [INFO] [TimeLinePanel] Started updating the timeline panel after turn order has changed.
[2025-04-06 11:54:46] [INFO] [TimeLinePanel] Finished updating the timeline panel after turn order has changed.
[2025-04-06 11:54:47] [INFO] [AbilitySystem] Rabuyi Triggered ability system
[2025-04-06 11:54:50] [INFO] [DevPanel] Setting camera mode
[2025-04-06 11:54:51] [INFO] [InputHandler] Gliding 0 camera to new tile 6_11_7c8341bc-2a24-47a3-9f67-5e359eacd227
[2025-04-06 11:54:51] [INFO] [SelectedTilePanel] Checksum updated, getting units at selected tiles.
[2025-04-06 11:54:51] [INFO] [SelectedTilePanel] Updated selected tile display to view Sappo
[2025-04-06 11:54:51] [INFO] [LesserStatisticsInformationPanel] Finished updating Greater UI
[2025-04-06 11:54:51] [INFO] [MovementSystem] Updated movement range for Sappo
[2025-04-06 11:54:51] [INFO] [MovementSystem] Updated movement path for Sappo
[2025-04-06 11:54:51] [INFO] [MovementSystem] Updated movement range for Sappo
[2025-04-06 11:54:51] [INFO] [MovementSystem] Updated movement path for Sappo
[2025-04-06 11:54:51] [INFO] [MovementSystem] Updated movement path for Sappo
[2025-04-06 11:54:51] [INFO] [MovementSystem] Updated movement path for Sappo
[2025-04-06 11:54:51] [INFO] [MovementSystem] Updated movement path for Sappo
[2025-04-06 11:54:51] [INFO] [MovementSystem] Updated movement path for Sappo
[2025-04-06 11:54:51] [INFO] [MovementSystem] Updated movement path for Sappo
[2025-04-06 11:54:51] [INFO] [MovementSystem] Updated movement path for Sappo
[2025-04-06 11:54:51] [INFO] [MovementSystem] Updated movement path for Sappo
[2025-04-06 11:54:51] [INFO] [MovementSystem] Updated movement path for Sappo
[2025-04-06 11:54:51] [INFO] [MovementSystem] Updated movement path for Sappo
[2025-04-06 11:54:51] [INFO] [MovementSystem] Updated movement path for Sappo
[2025-04-06 11:54:51] [INFO] [MovementSystem] Updated movement path for Sappo
[2025-04-06 11:54:51] [INFO] [MovementSystem] Updated movement path for Sappo
[2025-04-06 11:54:52] [INFO] [MovementSystem] Updated movement path for Sappo
[2025-04-06 11:54:52] [INFO] [MovementSystem] Updated movement path for Sappo
[2025-04-06 11:54:52] [INFO] [MovementSystem] Updated movement path for Sappo
[2025-04-06 11:54:52] [INFO] [MovementSystem] Updated movement path for Sappo
[2025-04-06 11:54:52] [INFO] [MovementSystem] Updated movement path for Sappo
[2025-04-