[2025-06-05 01:11:14] [INFO] [UnitTable] Started initializing UnitTable
[2025-06-05 01:11:14] [INFO] [EmeritusDatabase] Started initializing EmeritusDatabase
[2025-06-05 01:11:14] [INFO] [EmeritusDatabase] Finished initializing EmeritusDatabase
[2025-06-05 01:11:14] [INFO] [UnitTable] Successfully initialized UnitTable
[2025-06-05 01:11:14] [INFO] [UnitTable] Finished initializing UnitTable
[2025-06-05 01:11:14] [INFO] [AbilityTable] Started initializing AbilityTable
[2025-06-05 01:11:14] [INFO] [AbilityTable] Finished initializing AbilityTable
[2025-06-05 01:11:14] [INFO] [UserSaveStateManager] Started loading user save data
[2025-06-05 01:11:14] [INFO] [UserSaveStateManager] Finished loading user save data
[2025-06-05 01:11:14] [INFO] [AssetPool] Started initializing AssetPool
[2025-06-05 01:11:14] [INFO] [AssetNameSpace] Started loading Sprite's from ./res/graphics
[2025-06-05 01:11:14] [INFO] [AssetNameSpace] Finished reading files for sprites
[2025-06-05 01:11:14] [INFO] [AssetNameSpace] Finished loading ./res/graphics
[2025-06-05 01:11:14] [INFO] [AssetPool] Finished initializing AssetPool
[2025-06-05 01:11:14] [INFO] [Component] Setting UNIT_dragon___NICKNAME_Vywko___c0b6e58b-7da3-4eae-8dcb-713caadd3455 on to {"row":2,"column":1,"base_elevation":0,"spawn_region":"Left","unit":"UNIT_dragon___NICKNAME_Vywko___c0b6e58b-7da3-4eae-8dcb-713caadd3455","layers":{"empty":false},"total_elevation":7}.
[2025-06-05 01:11:14] [INFO] [SpeedQueue] Added unit UNIT_dragon___NICKNAME_Vywko___c0b6e58b-7da3-4eae-8dcb-713caadd3455 into queue
[2025-06-05 01:11:14] [INFO] [Component] Setting UNIT_dark_dragon___NICKNAME_Uyreew___e466e689-d5ab-4b85-b50d-2bf154c9b63c on to {"row":5,"column":0,"base_elevation":0,"spawn_region":"Left","unit":"UNIT_dark_dragon___NICKNAME_Uyreew___e466e689-d5ab-4b85-b50d-2bf154c9b63c","layers":{"empty":false},"total_elevation":7}.
[2025-06-05 01:11:14] [INFO] [SpeedQueue] Added unit UNIT_dark_dragon___NICKNAME_Uyreew___e466e689-d5ab-4b85-b50d-2bf154c9b63c into queue
[2025-06-05 01:11:14] [INFO] [Component] Setting UNIT_dark_dragon___NICKNAME_Laxkes___f68f74c9-0945-4db9-9a84-786ded61ffa2 on to {"row":5,"column":1,"base_elevation":0,"spawn_region":"Left","unit":"UNIT_dark_dragon___NICKNAME_Laxkes___f68f74c9-0945-4db9-9a84-786ded61ffa2","layers":{"empty":false},"total_elevation":7}.
[2025-06-05 01:11:14] [INFO] [SpeedQueue] Added unit UNIT_dark_dragon___NICKNAME_Laxkes___f68f74c9-0945-4db9-9a84-786ded61ffa2 into queue
[2025-06-05 01:11:14] [INFO] [Component] Setting UNIT_air_dragon___NICKNAME_Zifd___4086deb6-e9af-4cfd-b6c6-688722ae3396 on to {"row":0,"column":0,"base_elevation":0,"spawn_region":"Left","unit":"UNIT_air_dragon___NICKNAME_Zifd___4086deb6-e9af-4cfd-b6c6-688722ae3396","layers":{"empty":false},"total_elevation":8}.
[2025-06-05 01:11:14] [INFO] [SpeedQueue] Added unit UNIT_air_dragon___NICKNAME_Zifd___4086deb6-e9af-4cfd-b6c6-688722ae3396 into queue
[2025-06-05 01:11:14] [INFO] [Component] Setting UNIT_dark_dragon___NICKNAME_Aepyl___63e6fe04-f03c-48fb-b7dc-c9313ecb4e26 on to {"row":0,"column":1,"base_elevation":0,"spawn_region":"Left","unit":"UNIT_dark_dragon___NICKNAME_Aepyl___63e6fe04-f03c-48fb-b7dc-c9313ecb4e26","layers":{"empty":false},"total_elevation":8}.
[2025-06-05 01:11:14] [INFO] [SpeedQueue] Added unit UNIT_dark_dragon___NICKNAME_Aepyl___63e6fe04-f03c-48fb-b7dc-c9313ecb4e26 into queue
[2025-06-05 01:11:14] [INFO] [Component] Setting UNIT_earth_dragon___NICKNAME_Vouoce___6269a461-d797-43bc-9bbf-5bc6e5843e69 on to {"row":0,"column":11,"base_elevation":0,"spawn_region":"Right","unit":"UNIT_earth_dragon___NICKNAME_Vouoce___6269a461-d797-43bc-9bbf-5bc6e5843e69","layers":{"empty":false},"total_elevation":9}.
[2025-06-05 01:11:14] [INFO] [SpeedQueue] Added unit UNIT_earth_dragon___NICKNAME_Vouoce___6269a461-d797-43bc-9bbf-5bc6e5843e69 into queue
[2025-06-05 01:11:14] [INFO] [Component] Setting UNIT_light_dragon___NICKNAME_Sudcwz___a5d57045-86e8-43c0-a9f3-68a3912dc364 on to {"row":1,"column":11,"base_elevation":0,"spawn_region":"Right","unit":"UNIT_light_dragon___NICKNAME_Sudcwz___a5d57045-86e8-43c0-a9f3-68a3912dc364","layers":{"empty":false},"total_elevation":9}.
[2025-06-05 01:11:14] [INFO] [SpeedQueue] Added unit UNIT_light_dragon___NICKNAME_Sudcwz___a5d57045-86e8-43c0-a9f3-68a3912dc364 into queue
[2025-06-05 01:11:14] [INFO] [Component] Setting UNIT_air_dragon___NICKNAME_Aynyz___0cffcbc5-0090-49db-a62a-3988de536a55 on to {"row":2,"column":12,"base_elevation":0,"spawn_region":"Right","unit":"UNIT_air_dragon___NICKNAME_Aynyz___0cffcbc5-0090-49db-a62a-3988de536a55","layers":{"empty":false},"total_elevation":9}.
[2025-06-05 01:11:14] [INFO] [SpeedQueue] Added unit UNIT_air_dragon___NICKNAME_Aynyz___0cffcbc5-0090-49db-a62a-3988de536a55 into queue
[2025-06-05 01:11:14] [INFO] [Component] Setting UNIT_dragon___NICKNAME_Eoyepy___24f4864f-8792-40c0-aac3-47332d4bc342 on to {"row":9,"column":12,"base_elevation":0,"spawn_region":"Right","unit":"UNIT_dragon___NICKNAME_Eoyepy___24f4864f-8792-40c0-aac3-47332d4bc342","layers":{"empty":false},"total_elevation":9}.
[2025-06-05 01:11:14] [INFO] [SpeedQueue] Added unit UNIT_dragon___NICKNAME_Eoyepy___24f4864f-8792-40c0-aac3-47332d4bc342 into queue
[2025-06-05 01:11:14] [INFO] [Component] Setting UNIT_air_dragon___NICKNAME_Neuuvi___9122d0cd-8e69-43e9-bc75-a450ea3e670c on to {"row":3,"column":11,"base_elevation":0,"spawn_region":"Right","unit":"UNIT_air_dragon___NICKNAME_Neuuvi___9122d0cd-8e69-43e9-bc75-a450ea3e670c","layers":{"empty":false},"total_elevation":9}.
[2025-06-05 01:11:14] [INFO] [SpeedQueue] Added unit UNIT_air_dragon___NICKNAME_Neuuvi___9122d0cd-8e69-43e9-bc75-a450ea3e670c into queue
[2025-06-05 01:11:14] [INFO] [EngineController] Started setting scene to MENU_SCENE
[2025-06-05 01:11:14] [INFO] [EngineController] Finished setting scene to MENU_SCENE
[2025-06-05 01:11:14] [INFO] [EngineController] Started setting scene to GAME_SCENE
[2025-06-05 01:11:14] [INFO] [FontPool] Started initializing FontPool
[2025-06-05 01:11:14] [INFO] [FontPool] ✅ Successfully loaded font: Lilian
[2025-06-05 01:11:14] [INFO] [EngineController] Finished setting scene to GAME_SCENE
[2025-06-05 01:11:14] [INFO] [AbilitySystem] Started updating {} because of ability
[2025-06-05 01:11:14] [INFO] [AbilitySystem] Finished update updating {} because of ability
[2025-06-05 01:11:14] [INFO] [AbilitySystem] Started updating {} because of ability
[2025-06-05 01:11:14] [INFO] [AbilitySystem] Finished update updating {} because of ability
[2025-06-05 01:11:14] [INFO] [AbilitySystem] Started updating {} because of ability
[2025-06-05 01:11:14] [INFO] [AbilitySystem] Finished update updating {} because of ability
[2025-06-05 01:11:14] [INFO] [AbilitySystem] Started updating {} because of ability
[2025-06-05 01:11:14] [INFO] [AbilitySystem] Finished update updating {} because of ability
[2025-06-05 01:11:14] [INFO] [AbilitySystem] Started updating {} because of ability
[2025-06-05 01:11:14] [INFO] [AbilitySystem] Finished update updating {} because of ability
[2025-06-05 01:11:14] [INFO] [AbilitySystem] Started updating {} because of ability
[2025-06-05 01:11:14] [INFO] [AbilitySystem] Finished update updating {} because of ability
[2025-06-05 01:11:14] [INFO] [AbilitySystem] Started updating {} because of ability
[2025-06-05 01:11:14] [INFO] [AbilitySystem] Finished update updating {} because of ability
[2025-06-05 01:11:14] [INFO] [AbilitySystem] Started updating {} because of ability
[2025-06-05 01:11:14] [INFO] [AbilitySystem] Finished update updating {} because of ability
[2025-06-05 01:11:14] [INFO] [AbilitySystem] Started updating {} because of ability
[2025-06-05 01:11:14] [INFO] [AbilitySystem] Finished update updating {} because of ability
[2025-06-05 01:11:14] [INFO] [AbilitySystem] Started updating {} because of ability
[2025-06-05 01:11:14] [INFO] [AbilitySystem] Finished update updating {} because of ability
[2025-06-05 01:11:15] [INFO] [SpeedQueue] Speed queue updated.
[2025-06-05 01:11:15] [INFO] [UpdateSystem] ============================== New Round ================================
[2025-06-05 01:11:15] [INFO] [AbilityPanel] Updating ability selection for UNIT_earth_dragon___NICKNAME_Vouoce___6269a461-d797-43bc-9bbf-5bc6e5843e69
[2025-06-05 01:11:15] [INFO] [AbilityPanel] Finished ability selection for UNIT_earth_dragon___NICKNAME_Vouoce___6269a461-d797-43bc-9bbf-5bc6e5843e69
[2025-06-05 01:11:15] [INFO] [MovementPanel] Started update to Movement Information panel.
[2025-06-05 01:11:15] [INFO] [MovementPanel] Finished update to Movement Information panel.
[2025-06-05 01:11:15] [INFO] [TimeLinePanel] Started updating the timeline panel after turn order has changed.
[2025-06-05 01:11:15] [INFO] [TimeLinePanel] Finished updating the timeline panel after turn order has changed.
[2025-06-05 01:11:15] [INFO] [SelectedTilePanel] Checksum updated, getting units at selected tiles.
[2025-06-05 01:11:15] [INFO] [SelectedTilePanel] Either no unit selected or more than one unit selected
[2025-06-05 01:11:15] [INFO] [VisualsSystem] Started creating blurred background
[2025-06-05 01:11:15] [INFO] [VisualsSystem] Finished creating blurred background after 0.5345871448516846 seconds
[2025-06-05 01:11:15] [INFO] [AbilitySystem] Started updating {} because of ability
[2025-06-05 01:11:15] [INFO] [AbilitySystem] Finished update updating {} because of ability
[2025-06-05 01:11:15] [INFO] [AbilitySystem] Started updating {} because of ability
[2025-06-05 01:11:15] [INFO] [AbilitySystem] Finished update updating {} because of ability
[2025-06-05 01:11:15] [INFO] [AbilitySystem] Started updating {} because of ability
[2025-06-05 01:11:15] [INFO] [AbilitySystem] Finished update updating {} because of ability
[2025-06-05 01:11:15] [INFO] [AbilitySystem] Started updating {} because of ability
[2025-06-05 01:11:15] [INFO] [AbilitySystem] Finished update updating {} because of ability
[2025-06-05 01:11:15] [INFO] [AbilitySystem] Started updating {} because of ability
[2025-06-05 01:11:15] [INFO] [AbilitySystem] Finished update updating {} because of ability
[2025-06-05 01:11:15] [INFO] [AbilitySystem] Started updating {} because of ability
[2025-06-05 01:11:15] [INFO] [AbilitySystem] Finished update updating {} because of ability
[2025-06-05 01:11:15] [INFO] [AbilitySystem] Started updating {} because of ability
[2025-06-05 01:11:15] [INFO] [AbilitySystem] Finished update updating {} because of ability
[2025-06-05 01:11:15] [INFO] [AbilitySystem] Started updating {} because of ability
[2025-06-05 01:11:15] [INFO] [AbilitySystem] Finished update updating {} because of ability
[2025-06-05 01:11:15] [INFO] [AbilityPanel] Updating ability selection for UNIT_earth_dragon___NICKNAME_Vouoce___6269a461-d797-43bc-9bbf-5bc6e5843e69
[2025-06-05 01:11:15] [INFO] [AbilityPanel] Finished ability selection for UNIT_earth_dragon___NICKNAME_Vouoce___6269a461-d797-43bc-9bbf-5bc6e5843e69
[2025-06-05 01:11:15] [INFO] [MovementPanel] Started update to Movement Information panel.
[2025-06-05 01:11:15] [INFO] [MovementPanel] Finished update to Movement Information panel.
[2025-06-05 01:11:15] [INFO] [AbilitySystem] Started updating {} because of ability
[2025-06-05 01:11:15] [INFO] [AbilitySystem] Finished update updating {} because of ability
[2025-06-05 01:11:15] [INFO] [AbilitySystem] Started updating {} because of ability
[2025-06-05 01:11:15] [INFO] [AbilitySystem] Finished update updating {} because of ability
[2025-06-05 01:11:15] [INFO] [AbilitySystem] Started updating {} because of ability
[2025-06-05 01:11:15] [INFO] [AbilitySystem] Finished update updating {} because of ability
[2025-06-05 01:11:15] [INFO] [AbilitySystem] Started updating {} because of ability
[2025-06-05 01:11:15] [INFO] [AbilitySystem] Finished update updating {} because of ability
[2025-06-05 01:11:15] [INFO] [AbilitySystem] Started updating {} because of ability
[2025-06-05 01:11:15] [INFO] [AbilitySystem] Finished update updating {} because of ability
[2025-06-05 01:11:15] [INFO] [AbilitySystem] Started updating {} because of ability
[2025-06-05 01:11:15] [INFO] [AbilitySystem] Finished update updating {} because of ability
[2025-06-05 01:11:15] [INFO] [AbilitySystem] Started updating {} because of ability
[2025-06-05 01:11:15] [INFO] [AbilitySystem] Finished update updating {} because of ability
[2025-06-05 01:11:15] [INFO] [AbilitySystem] Started updating {} because of ability
[2025-06-05 01:11:15] [INFO] [AbilitySystem] Finished update updating {} because of ability
[2025-06-05 01:11:15] [INFO] [AbilitySystem] Started updating {} because of ability
[2025-06-05 01:11:15] [INFO] [AbilitySystem] Finished update updating {} because of ability
[2025-06-05 01:11:15] [INFO] [AbilitySystem] Started updating {} because of ability
[2025-06-05 01:11:15] [INFO] [AbilitySystem] Finished update updating {} because of ability
[2025-06-05 01:11:15] [INFO] [AbilitySystem] Started updating {} because of ability
[2025-06-05 01:11:15] [INFO] [AbilitySystem] Finished update updating {} because of ability
[2025-06-05 01:11:15] [INFO] [AbilitySystem] Started updating {} because of ability
[2025-06-05 01:11:15] [INFO] [AbilitySystem] Finished update updating {} because of ability
[2025-06-05 01:11:15] [INFO] [AbilitySystem] Started updating {} because of ability
[2025-06-05 01:11:15] [INFO] [AbilitySystem] Finished update updating {} because of ability
[2025-06-05 01:11:15] [INFO] [AbilitySystem] Started updating {} because of ability
[2025-06-05 01:11:15] [INFO] [AbilitySystem] Finished update updating {} because of ability
[2025-06-05 01:11:15] [INFO] [AbilitySystem] Started updating {} because of ability
[2025-06-05 01:11:15] [INFO] [AbilitySystem] Finished update updating {} because of ability
[2025-06-05 01:11:15] [INFO] [AbilitySystem] Started updating {} because of ability
[2025-06-05 01:11:15] [INFO] [AbilitySystem] Finished update updating {} because of ability
[2025-06-05 01:11:15] [INFO] [AbilitySystem] Started updating {} because of ability
[2025-06-05 01:11:15] [INFO] [AbilitySystem] Finished update updating {} because of ability
[2025-06-05 01:11:15] [INFO] [AbilitySystem] Started updating {} because of ability
[2025-06-05 01:11:15] [INFO] [AbilitySystem] Finished update updating {} because of ability
[2025-06-05 01:11:15] [INFO] [AbilitySystem] Started updating {} because of ability
[2025-06-05 01:11:15] [INFO] [AbilitySystem] Finished update updating {} because of ability
[2025-06-05 01:11:15] [INFO] [AbilitySystem] Started updating {} because of ability
[2025-06-05 01:11:15] [INFO] [AbilitySystem] Finished update updating {} because of ability
[2025-06-05 01:12:22] [INFO] [GameModel] Updated movement range to 4 for Vouoce
[2025-06-05 01:12:46] [INFO] [GameModel] Updated movement path from [0, 11] to [0, 10] for Vouoce
[2025-06-05 01:12:46] [INFO] [Component] Setting UNIT_earth_dragon___NICKNAME_Vouoce___6269a461-d797-43bc-9bbf-5bc6e5843e69 on to {"row":0,"column":10,"base_elevation":0,"unit":"UNIT_earth_dragon___NICKNAME_Vouoce___6269a461-d797-43bc-9bbf-5bc6e5843e69","layers":{"empty":false},"total_elevation":9}.
[2025-06-05 01:12:46] [INFO] [GameModel] Moved from [0, 11] to [0, 10]
[2025-06-05 01:12:46] [INFO] [StatisticsPanel] Started updating Statistics Information Panel for entity UNIT_earth_dragon___NICKNAME_Vouoce___6269a461-d797-43bc-9bbf-5bc6e5843e69
[2025-06-05 01:12:46] [INFO] [Sta