[2025-05-28 01:10:26] [INFO] [UnitTable] Started initializing UnitTable
[2025-05-28 01:10:26] [INFO] [EmeritusDatabase] Started initializing EmeritusDatabase
[2025-05-28 01:10:26] [INFO] [EmeritusDatabase] Finished initializing EmeritusDatabase
[2025-05-28 01:10:26] [INFO] [UnitTable] Successfully initialized UnitTable
[2025-05-28 01:10:26] [INFO] [UnitTable] Finished initializing UnitTable
[2025-05-28 01:10:26] [INFO] [AbilityTable] Started initializing AbilityTable
[2025-05-28 01:10:26] [INFO] [AbilityTable] Finished initializing AbilityTable
[2025-05-28 01:10:26] [INFO] [UserSaveStateManager] Started loading user save data
[2025-05-28 01:10:26] [INFO] [UserSaveStateManager] Finished loading user save data
[2025-05-28 01:10:26] [INFO] [AssetPool] Started initializing AssetPool
[2025-05-28 01:10:26] [INFO] [AssetNameSpace] Started loading Sprite's from ./res/graphics
[2025-05-28 01:10:26] [INFO] [AssetNameSpace] Finished reading files for sprites
[2025-05-28 01:10:26] [INFO] [AssetNameSpace] Finished loading ./res/graphics
[2025-05-28 01:10:26] [INFO] [AssetPool] Finished initializing AssetPool
[2025-05-28 01:10:26] [INFO] [Component] Setting UNIT_dark_dragon___NICKNAME_Vapvu___4b91b78a-ba83-46b5-8cbf-a1adbb471564 on to {"row":0,"column":1,"base_elevation":-5,"spawn_region":"Left","unit":"UNIT_dark_dragon___NICKNAME_Vapvu___4b91b78a-ba83-46b5-8cbf-a1adbb471564","layers":{"empty":false},"total_elevation":4}.
[2025-05-28 01:10:26] [INFO] [SpeedQueue] Added unit UNIT_dark_dragon___NICKNAME_Vapvu___4b91b78a-ba83-46b5-8cbf-a1adbb471564 into queue
[2025-05-28 01:10:26] [INFO] [Component] Setting UNIT_air_dragon___NICKNAME_Veqocw___cd05336f-97f4-4367-b196-7bcac6879d35 on to {"row":6,"column":0,"base_elevation":-5,"spawn_region":"Left","unit":"UNIT_air_dragon___NICKNAME_Veqocw___cd05336f-97f4-4367-b196-7bcac6879d35","layers":{"empty":false},"total_elevation":5}.
[2025-05-28 01:10:26] [INFO] [SpeedQueue] Added unit UNIT_air_dragon___NICKNAME_Veqocw___cd05336f-97f4-4367-b196-7bcac6879d35 into queue
[2025-05-28 01:10:26] [INFO] [Component] Setting UNIT_water_dragon___NICKNAME_Uycygy___32dea540-8468-4468-893a-a734bb3046d0 on to {"row":4,"column":0,"base_elevation":-5,"spawn_region":"Left","unit":"UNIT_water_dragon___NICKNAME_Uycygy___32dea540-8468-4468-893a-a734bb3046d0","layers":{"empty":false},"total_elevation":4}.
[2025-05-28 01:10:26] [INFO] [SpeedQueue] Added unit UNIT_water_dragon___NICKNAME_Uycygy___32dea540-8468-4468-893a-a734bb3046d0 into queue
[2025-05-28 01:10:26] [INFO] [Component] Setting UNIT_dragon___NICKNAME_Qacg___020edea2-06b8-424b-89a3-4d94271f23ac on to {"row":1,"column":1,"base_elevation":-5,"spawn_region":"Left","unit":"UNIT_dragon___NICKNAME_Qacg___020edea2-06b8-424b-89a3-4d94271f23ac","layers":{"empty":false},"total_elevation":3}.
[2025-05-28 01:10:26] [INFO] [SpeedQueue] Added unit UNIT_dragon___NICKNAME_Qacg___020edea2-06b8-424b-89a3-4d94271f23ac into queue
[2025-05-28 01:10:26] [INFO] [Component] Setting UNIT_water_dragon___NICKNAME_Vyxoec___3556e3b4-aa1b-4ba0-b161-4f6d75516ac7 on to {"row":5,"column":0,"base_elevation":-5,"spawn_region":"Left","unit":"UNIT_water_dragon___NICKNAME_Vyxoec___3556e3b4-aa1b-4ba0-b161-4f6d75516ac7","layers":{"empty":false},"total_elevation":5}.
[2025-05-28 01:10:26] [INFO] [SpeedQueue] Added unit UNIT_water_dragon___NICKNAME_Vyxoec___3556e3b4-aa1b-4ba0-b161-4f6d75516ac7 into queue
[2025-05-28 01:10:26] [INFO] [Component] Setting UNIT_fire_dragon___NICKNAME_Bipo___83932163-677b-4ec8-b23a-a7dbee3f2d0b on to {"row":7,"column":11,"base_elevation":-5,"spawn_region":"Right","unit":"UNIT_fire_dragon___NICKNAME_Bipo___83932163-677b-4ec8-b23a-a7dbee3f2d0b","layers":{"empty":false},"total_elevation":5}.
[2025-05-28 01:10:26] [INFO] [SpeedQueue] Added unit UNIT_fire_dragon___NICKNAME_Bipo___83932163-677b-4ec8-b23a-a7dbee3f2d0b into queue
[2025-05-28 01:10:26] [INFO] [Component] Setting UNIT_air_dragon___NICKNAME_Luoe___39339e13-9e48-416d-bbb5-0f5c0a05e0a8 on to {"row":0,"column":11,"base_elevation":-5,"spawn_region":"Right","unit":"UNIT_air_dragon___NICKNAME_Luoe___39339e13-9e48-416d-bbb5-0f5c0a05e0a8","layers":{"empty":false},"total_elevation":4}.
[2025-05-28 01:10:26] [INFO] [SpeedQueue] Added unit UNIT_air_dragon___NICKNAME_Luoe___39339e13-9e48-416d-bbb5-0f5c0a05e0a8 into queue
[2025-05-28 01:10:26] [INFO] [Component] Setting UNIT_earth_dragon___NICKNAME_Rudnn___1e3823ef-8e1b-439a-99f9-0c4134252871 on to {"row":2,"column":11,"base_elevation":-5,"spawn_region":"Right","unit":"UNIT_earth_dragon___NICKNAME_Rudnn___1e3823ef-8e1b-439a-99f9-0c4134252871","layers":{"empty":false},"total_elevation":5}.
[2025-05-28 01:10:26] [INFO] [SpeedQueue] Added unit UNIT_earth_dragon___NICKNAME_Rudnn___1e3823ef-8e1b-439a-99f9-0c4134252871 into queue
[2025-05-28 01:10:26] [INFO] [Component] Setting UNIT_dark_dragon___NICKNAME_Siqc___0f56bd57-8e3c-48d0-95bc-018b17fdefe1 on to {"row":3,"column":11,"base_elevation":-5,"spawn_region":"Right","unit":"UNIT_dark_dragon___NICKNAME_Siqc___0f56bd57-8e3c-48d0-95bc-018b17fdefe1","layers":{"empty":false},"total_elevation":5}.
[2025-05-28 01:10:26] [INFO] [SpeedQueue] Added unit UNIT_dark_dragon___NICKNAME_Siqc___0f56bd57-8e3c-48d0-95bc-018b17fdefe1 into queue
[2025-05-28 01:10:26] [INFO] [Component] Setting UNIT_dragon___NICKNAME_Fexepy___dbe284c0-2698-476f-a558-da1b5ecb8e7a on to {"row":4,"column":10,"base_elevation":-5,"spawn_region":"Right","unit":"UNIT_dragon___NICKNAME_Fexepy___dbe284c0-2698-476f-a558-da1b5ecb8e7a","layers":{"empty":false},"total_elevation":5}.
[2025-05-28 01:10:26] [INFO] [SpeedQueue] Added unit UNIT_dragon___NICKNAME_Fexepy___dbe284c0-2698-476f-a558-da1b5ecb8e7a into queue
[2025-05-28 01:10:26] [INFO] [EngineController] Started setting scene to MENU_SCENE
[2025-05-28 01:10:26] [INFO] [EngineController] Finished setting scene to MENU_SCENE
[2025-05-28 01:10:26] [INFO] [EngineController] Started setting scene to GAME_SCENE
[2025-05-28 01:10:26] [INFO] [FontPool] Started initializing FontPool
[2025-05-28 01:10:26] [INFO] [FontPool] ✅ Successfully loaded font: Lilian
[2025-05-28 01:10:27] [INFO] [EngineController] Finished setting scene to GAME_SCENE
[2025-05-28 01:10:27] [INFO] [AbilitySystem] Started updating {} because of ability
[2025-05-28 01:10:27] [INFO] [AbilitySystem] Finished update updating {} because of ability
[2025-05-28 01:10:27] [INFO] [AbilitySystem] Started updating {} because of ability
[2025-05-28 01:10:27] [INFO] [AbilitySystem] Finished update updating {} because of ability
[2025-05-28 01:10:27] [INFO] [AbilitySystem] Started updating {} because of ability
[2025-05-28 01:10:27] [INFO] [AbilitySystem] Finished update updating {} because of ability
[2025-05-28 01:10:27] [INFO] [AbilitySystem] Started updating {} because of ability
[2025-05-28 01:10:27] [INFO] [AbilitySystem] Finished update updating {} because of ability
[2025-05-28 01:10:27] [INFO] [AbilitySystem] Started updating {} because of ability
[2025-05-28 01:10:27] [INFO] [AbilitySystem] Finished update updating {} because of ability
[2025-05-28 01:10:27] [INFO] [AbilitySystem] Started updating {} because of ability
[2025-05-28 01:10:27] [INFO] [AbilitySystem] Finished update updating {} because of ability
[2025-05-28 01:10:27] [INFO] [AbilitySystem] Started updating {} because of ability
[2025-05-28 01:10:27] [INFO] [AbilitySystem] Finished update updating {} because of ability
[2025-05-28 01:10:27] [INFO] [AbilitySystem] Started updating {} because of ability
[2025-05-28 01:10:27] [INFO] [AbilitySystem] Finished update updating {} because of ability
[2025-05-28 01:10:27] [INFO] [AbilitySystem] Started updating {} because of ability
[2025-05-28 01:10:27] [INFO] [AbilitySystem] Finished update updating {} because of ability
[2025-05-28 01:10:27] [INFO] [AbilitySystem] Started updating {} because of ability
[2025-05-28 01:10:27] [INFO] [AbilitySystem] Finished update updating {} because of ability
[2025-05-28 01:10:27] [INFO] [SpeedQueue] Speed queue updated.
[2025-05-28 01:10:27] [INFO] [AbilityPanel] Updating ability selection for UNIT_air_dragon___NICKNAME_Veqocw___cd05336f-97f4-4367-b196-7bcac6879d35
[2025-05-28 01:10:27] [INFO] [AbilityPanel] Finished ability selection for UNIT_air_dragon___NICKNAME_Veqocw___cd05336f-97f4-4367-b196-7bcac6879d35
[2025-05-28 01:10:27] [INFO] [MovementPanel] Started update to Movement Information panel.
[2025-05-28 01:10:27] [INFO] [MovementPanel] Finished update to Movement Information panel.
[2025-05-28 01:10:27] [INFO] [TimeLinePanel] Started updating the timeline panel after turn order has changed.
[2025-05-28 01:10:27] [INFO] [TimeLinePanel] Finished updating the timeline panel after turn order has changed.
[2025-05-28 01:10:27] [INFO] [SelectedTilePanel] Checksum updated, getting units at selected tiles.
[2025-05-28 01:10:27] [INFO] [SelectedTilePanel] Either no unit selected or more than one unit selected
[2025-05-28 01:10:27] [INFO] [VisualsSystem] Started creating blurred background
[2025-05-28 01:10:27] [INFO] [VisualsSystem] Finished creating blurred background after 0.4901576340198517 seconds
[2025-05-28 01:10:27] [INFO] [AbilitySystem] Started updating {} because of ability
[2025-05-28 01:10:27] [INFO] [AbilitySystem] Finished update updating {} because of ability
[2025-05-28 01:10:27] [INFO] [AbilitySystem] Started updating {} because of ability
[2025-05-28 01:10:27] [INFO] [AbilitySystem] Finished update updating {} because of ability
[2025-05-28 01:10:27] [INFO] [AbilitySystem] Started updating {} because of ability
[2025-05-28 01:10:27] [INFO] [AbilitySystem] Finished update updating {} because of ability
[2025-05-28 01:10:27] [INFO] [AbilitySystem] Started updating {} because of ability
[2025-05-28 01:10:27] [INFO] [AbilitySystem] Finished update updating {} because of ability
[2025-05-28 01:10:27] [INFO] [AbilitySystem] Started updating {} because of ability
[2025-05-28 01:10:27] [INFO] [AbilitySystem] Finished update updating {} because of ability
[2025-05-28 01:10:27] [INFO] [AbilitySystem] Started updating {} because of ability
[2025-05-28 01:10:27] [INFO] [AbilitySystem] Finished update updating {} because of ability
[2025-05-28 01:10:27] [INFO] [AbilitySystem] Started updating {} because of ability
[2025-05-28 01:10:27] [INFO] [AbilitySystem] Finished update updating {} because of ability
[2025-05-28 01:10:27] [INFO] [AbilitySystem] Started updating {} because of ability
[2025-05-28 01:10:27] [INFO] [AbilitySystem] Finished update updating {} because of ability
[2025-05-28 01:10:27] [INFO] [AbilityPanel] Updating ability selection for UNIT_air_dragon___NICKNAME_Veqocw___cd05336f-97f4-4367-b196-7bcac6879d35
[2025-05-28 01:10:27] [INFO] [AbilityPanel] Finished ability selection for UNIT_air_dragon___NICKNAME_Veqocw___cd05336f-97f4-4367-b196-7bcac6879d35
[2025-05-28 01:10:27] [INFO] [MovementPanel] Started update to Movement Information panel.
[2025-05-28 01:10:27] [INFO] [MovementPanel] Finished update to Movement Information panel.
[2025-05-28 01:10:27] [INFO] [AbilitySystem] Started updating {} because of ability
[2025-05-28 01:10:27] [INFO] [AbilitySystem] Finished update updating {} because of ability
[2025-05-28 01:10:27] [INFO] [AbilitySystem] Started updating {} because of ability
[2025-05-28 01:10:27] [INFO] [AbilitySystem] Finished update updating {} because of ability
[2025-05-28 01:10:27] [INFO] [AbilitySystem] Started updating {} because of ability
[2025-05-28 01:10:27] [INFO] [AbilitySystem] Finished update updating {} because of ability
[2025-05-28 01:10:27] [INFO] [AbilitySystem] Started updating {} because of ability
[2025-05-28 01:10:27] [INFO] [AbilitySystem] Finished update updating {} because of ability
[2025-05-28 01:10:27] [INFO] [AbilitySystem] Started updating {} because of ability
[2025-05-28 01:10:27] [INFO] [AbilitySystem] Finished update updating {} because of ability
[2025-05-28 01:10:27] [INFO] [AbilitySystem] Started updating {} because of ability
[2025-05-28 01:10:27] [INFO] [AbilitySystem] Finished update updating {} because of ability
[2025-05-28 01:10:27] [INFO] [AbilitySystem] Started updating {} because of ability
[2025-05-28 01:10:27] [INFO] [AbilitySystem] Finished update updating {} because of ability
[2025-05-28 01:10:27] [INFO] [AbilitySystem] Started updating {} because of ability
[2025-05-28 01:10:27] [INFO] [AbilitySystem] Finished update updating {} because of ability
[2025-05-28 01:10:27] [INFO] [AbilityPanel] Updating ability selection for UNIT_air_dragon___NICKNAME_Veqocw___cd05336f-97f4-4367-b196-7bcac6879d35
[2025-05-28 01:10:27] [INFO] [AbilityPanel] Finished ability selection for UNIT_air_dragon___NICKNAME_Veqocw___cd05336f-97f4-4367-b196-7bcac6879d35
[2025-05-28 01:10:27] [INFO] [MovementPanel] Started update to Movement Information panel.
[2025-05-28 01:10:27] [INFO] [MovementPanel] Finished update to Movement Information panel.
[2025-05-28 01:10:27] [INFO] [AbilitySystem] Started updating {} because of ability
[2025-05-28 01:10:27] [INFO] [AbilitySystem] Finished update updating {} because of ability
[2025-05-28 01:10:27] [INFO] [AbilitySystem] Started updating {} because of ability
[2025-05-28 01:10:27] [INFO] [AbilitySystem] Finished update updating {} because of ability
[2025-05-28 01:10:27] [INFO] [AbilityPanel] Updating ability selection for UNIT_air_dragon___NICKNAME_Veqocw___cd05336f-97f4-4367-b196-7bcac6879d35
[2025-05-28 01:10:27] [INFO] [AbilityPanel] Finished ability selection for UNIT_air_dragon___NICKNAME_Veqocw___cd05336f-97f4-4367-b196-7bcac6879d35
[2025-05-28 01:10:27] [INFO] [MovementPanel] Started update to Movement Information panel.
[2025-05-28 01:10:27] [INFO] [MovementPanel] Finished update to Movement Information panel.
[2025-05-28 01:10:27] [INFO] [AbilitySystem] Started updating {} because of ability
[2025-05-28 01:10:27] [INFO] [AbilitySystem] Finished update updating {} because of ability
[2025-05-28 01:10:29] [INFO] [InputHandler] Gliding 0 camera to new tile ROW_6___COLUMN_0___df57fdec-050b-47b6-a33f-ab97f252c4c3
[2025-05-28 01:10:29] [INFO] [InputHandler] Gliding 1 camera to new tile ROW_6___COLUMN_0___df57fdec-050b-47b6-a33f-ab97f252c4c3
[2025-05-28 01:10:29] [INFO] [StatisticsPanel] Started updating Statistics Information Panel for entity UNIT_air_dragon___NICKNAME_Veqocw___cd05336f-97f4-4367-b196-7bcac6879d35
[2025-05-28 01:10:29] [INFO] [StatisticsPanel] Finished updating Statistics Information Panel for entity UNIT_air_dragon___NICKNAME_Veqocw___cd05336f-97f4-4367-b196-7bcac6879d35
[2025-05-28 01:10:29] [INFO] [SelectedTilePanel] Checksum updated, getting units at selected tiles.
[2025-05-28 01:10:29] [INFO] [SelectedTilePanel] Updated selected tile display to view Veqocw
[2025-05-28 01:10:30] [INFO] [InputHandler] Gliding 0 camera to new tile ROW_6___COLUMN_0___df57fdec-050b-47b6-a33f-ab97f252c4c3
[2025-05-28 01:10:30] [INFO] [StatisticsPanel] Started updating statistics information panel
[2025-05-28 01:10:30] [INFO] [StatisticsPanel] Finished updating statistics information panel
[2025-05-28 01:10:31] [INFO] [MovementSystem] Updated movement range to 6 for Veqocw
[2025-05-28 01:10:31] [INFO] [MovementSystem] Updated movement path from [6, 0] to [7, 3] for Veqocw
[2025-05-28 01:10:31] [INFO] [MovementSystem] Updated movement range to 6 for Veqocw
[2025-05-28 01:10:31] [INFO] [MovementSystem] Updated movement path from [6, 0] to [7, 3] for Veqocw
[2025-05-28 01:10:31] [INFO] [MovementSystem] Updated movement path from [6, 0] to [7, 2] for Veqocw
[2025-05-28 01:10:31] [INFO] [MovementSystem] Updated movement path from [6, 0] to [7, 2] for Veqocw
[2025-05-28 01:10:31] [INFO] [MovementSystem] Updated movement path from [6, 0] to [6, 2] for Veqocw
[2025-05-28 01:10:31] [INFO] [MovementSystem] Updated movement path from [6, 0] to [6, 2] for Veqocw
[2025-05-28 01:10:31] [INFO] [Component] Setting UNIT_air_dragon___NICKNAME_Veqocw___cd05336f-97f4-4367-b196-7bcac6879d35 on to {"row":6,"column":2,"base_elevation":-5,"unit":"UNIT_air_dragon___NICKNAME_Veqocw___cd05336f-97f4-4367-b196-7bcac6879d35","layers":{"empty":false},"total_elevation":4}.
[2025-05-28 01:10:31] [INFO] [MovementSystem] Moved from [6, 0] to [6, 2]
[2025-05-28 01:10:31] [INFO] [SelectedTilePanel] Checksum updated, getting units at selected tiles.
[2025-05-28 01:10:31] [INFO] [SelectedTilePanel] Updated selected tile display to view Veqocw
[2025-05-28 01:10:31] [INFO] [InputHandler] Gliding 0 camera to new tile ROW_6___COLUMN_2___bbce1023-06c3-474e-bdc8-c26be092b46b
[2025-05-28 01:10:31] [INFO] [InputHandler] Gliding 1 camera to new tile ROW_6___COLUMN_2___bbce1023-06c3-474e-bdc8-c26be092b46b
[2025-05-28 01:10:32] [INFO] [InputHandler] Gliding 0 camera to new tile ROW_6___COLUMN_2___bbce1023-06c3-474e-bdc8-c26be092b46b
[2025-05-28 01:10:32] [INFO] [GreaterAbilityPanel] Started updating Greater Ability Information Panel
[2025-05-28 01:10:32] [INFO] [GreaterAbilityPanel] Finished updating Greater Ability Information Panel
[2025-05-28 01:10:33] [INFO] [AbilityPanel] Selecting air_attack
[2025-05-28 01:10:33] [INFO] [AbilitySystem] Veqocw is planning to use air_attack on null
[2025-05-28 01:10:33] [INFO] [AbilitySystem] Updated area of sight for Veqocw, viewing 12 tiles
[2025-05-28 01:10:33] [INFO] [AbilitySystem] Updated line of sight for Veqocw, viewing 0 tiles
[2025-05-28 01:10:33] [INFO] [AbilitySystem] Updated area of sight for Veqocw, viewing 0 tiles
[2025-05-28 01:10:33] [INFO] [AbilityDamageReport] Started constructing damage mappings for Veqocw to use air_attack
[2025-05-28 01:10:33] [INFO] [AbilityDamageReport] Finished constructing damage mappings for Veqocw to use air_attack
[2025-05-28 01:10:33] [INFO] [GreaterAbilityPanel] Started updating Greater Ability Information Panel
[2025-05-28 01:10:33] [INFO] [CombatSystem] Started constructing damage mappings for Veqocw to use air_attack
[2025-05-28 01:10:33] [INFO] [CombatSystem] Finished constructing damage mappings for Veqocw to use air_attack
[2025-05-28 01:10:33] [INFO] [CombatSystem] Started constructing cost mappings for Veqocw to use air_attack
[2025-05-28 01:10:33] [INFO] [CombatSystem] Finished constructing cost mappings for Veqocw to use air_attack
[2025-05-28 01:10:33] [INFO] [GreaterAbilityPanel] Finished updating Greater Ability Information Panel
[2025-05-28 01:10:33] [INFO] [AbilitySystem] Veqocw is planning to use air_attack on [7, 5]
[2025-05-28 01:10:33] [INFO] [AbilitySystem] Updated line of sight for Veqocw, viewing 5 tiles
[2025-05-28 01:10:33] [INFO] [AbilitySystem] Updated area of sight for Veqocw, viewing 25 tiles
[2025-05-28 01:10:33] [INFO] [AbilityDamageReport] Started constructing damage mappings for Veqocw to use air_attack
[2025-05-28 01:10:33] [INFO] [AbilityDamageReport] Finished constructing damage mappings for Veqocw to use air_attack
[2025-05-28 01:10:33] [INFO] [GreaterAbilityPanel] Started updating Greater Ability Information Panel
[2025-05-28 01:10:33] [INFO] [CombatSystem] Started constructing damage mappings for Veqocw to use air_attack
[2025-05-28 01:10:33] [INFO] [CombatSystem] Finished constructing damage mappings for Veqocw to use air_attack
[2025-05-28 01:10:33] [INFO] [CombatSystem] Started constructing cost mappings for Veqocw to use air_attack
[2025-05-28 01:10:33] [INFO] [CombatSystem] Finished constructing cost mappings for Veqocw to use air_attack
[2025-05-28 01:10:33] [INFO] [GreaterAbilityPanel] Finished updating Greater Ability Information Panel
[2025-05-28 01:10:33] [INFO] [AbilitySystem] Veqocw is planning to use air_attack on [7, 4]
[2025-05-28 01:10:33] [INFO] [AbilitySystem] Updated line of sight for Veqocw, viewing 4 tiles
[2025-05-28 01:10:33] [INFO] [AbilitySystem] Updated area of sight for Veqocw, viewing 23 tiles
[2025-05-28 01:10:33] [INFO] [AbilityDamageReport] Started constructing damage mappings for Veqocw to use air_attack
[2025-05-28 01:10:33] [INFO] [AbilityDamageReport] Finished constructing damage mappings for Veqocw to use air_attack
[2025-05-28 01:10:33] [INFO] [GreaterAbilityPanel] Started updating Greater Ability Information Panel
[2025-05-28 01:10:33] [INFO] [CombatSystem] Started constructing damage mappings for Veqocw to use air_attack
[2025-05-28 01:10:33] [INFO] [CombatSystem] Finished constructing damage mappings for Veqocw to use air_attack
[2025-05-28 01:10:33] [INFO] [CombatSystem] Started constructing cost mappings for Veqocw to use air_attack
[2025-05-28 01:10:33] [INFO] [CombatSystem] Finished constructing cost mappings for Veqocw to use air_attack
[2025-05-28 01:10:33] [INFO] [GreaterAbilityPanel] Finished updating Greater Ability Information Panel
[2025-05-28 01:10:33] [INFO] [AbilitySystem] Veqocw is planning to use air_attack on [6, 4]
[2025-05-28 01:10:33] [INFO] [AbilitySystem] Updated line of sight for Veqocw, viewing 3 tiles
[2025-05-28 01:10:33] [INFO] [AbilitySystem] Updated area of sight for Veqocw, viewing 26 tiles
[2025-05-28 01:10:33] [INFO] [AbilityDamageReport] Started constructing damage mappings for Veqocw to use air_attack
[2025-05-28 01:10:33] [INFO] [AbilityDamageReport] Finished constructing damage mappings for Veqocw to use air_attack
[2025-05-28 01:10:33] [INFO] [GreaterAbilityPanel] Started updating Greater Ability Information Panel
[2025-05-28 01:10:33] [INFO] [CombatSystem] Started constructing damage mappings for Veqocw to use air_attack
[2025-05-28 01:10:33] [INFO] [CombatSystem] Finished constructing damage mappings for Veqocw to use air_attack
[2025-05-28 01:10:33] [INFO] [CombatSystem] Started constructing cost mappings for Veqocw to use air_attack
[2025-05-28 01:10:33] [INFO] [CombatSystem] Finished constructing cost mappings for Veqocw to use air_attack
[2025-05-28 01:10:33] [INFO] [GreaterAbilityPanel] Finished updating Greater Ability Information Panel
[2025-05-28 01:10:33] [INFO] [AbilitySystem] Veqocw is planning to use air_attack on [6, 3]
[2025-05-28 01:10:33] [INFO] [AbilitySystem] Updated line of sight for Veqocw, viewing 2 tiles
[2025-05-28 01:10:33] [INFO] [AbilitySystem] Updated area of sight for Veqocw, viewing 15 tiles
[2025-05-28 01:10:33] [INFO] [AbilityDamageReport] Started constructing damage mappings for Veqocw to use air_attack
[2025-05-28 01:10:33] [INFO] [AbilityDamageReport] Finished constructing damage mappings for Veqocw to use air_attack
[2025-05-28 01:10:33] [INFO] [GreaterAbilityPanel] Started updating Greater Ability Information Panel
[2025-05-28 01:10:33] [INFO] [CombatSystem] Started constructing damage mappings for Veqocw to use air_attack
[2025-05-28 01:10:33] [INFO] [CombatSystem] Finished constructing damage mappings for Veqocw to use air_attack
[2025-05-28 01:10:33] [INFO] [CombatSystem] Started constructing cost mappings for Veqocw to use air_attack
[2025-05-28 01:10:33] [INFO] [CombatSystem] Finished constructing cost mappings for Veqocw to use air_attack
[2025-05-28 01:10:33] [INFO] [GreaterAbilityPanel] Finished updating Greater Ability Information Panel
[2025-05-28 01:10:34] [INFO] [AbilitySystem] Veqocw is planning to use air_attack on [6, 4]
[2025-05-28 01:10:34] [INFO] [AbilitySystem] Updated line of sight for Veqocw, viewing 3 tiles
[2025-05-28 01:10:34] [INFO] [AbilitySystem] Updated area of sight for Veqocw, viewing 26 tiles
[2025-05-28 01:10:34] [INFO] [AbilityDamageReport] Started constructing damage mappings for Veqocw to use air_attack
[2025-05-28 01:10:34] [INFO] [AbilityDamageReport] Finished constructing damage mappings for Veqocw to use air_attack
[2025-05-28 01:10:34] [INFO] [GreaterAbilityPanel] Started updating Greater Ability Information Panel
[2025-05-28 01:10:34] [INFO] [CombatSystem] Started constructing damage mappings for Veqocw to use air_attack
[2025-05-28 01:10:34] [INFO] [CombatSystem] Finished constructing damage mappings for Veqocw to use air_attack
[2025-05-28 01:10:34] [INFO] [CombatSystem] Started constructing cost mappings for Veqocw to use air_attack
[2025-05-28 01:10:34] [INFO] [CombatSystem] Finished constructing cost mappings for Veqocw to use air_attack
[2025-05-28 01:10:34] [INFO] [GreaterAbilityPanel] Finished updating Greater Ability Information Panel
[2025-05-28 01:10:34] [INFO] [AbilitySystem] Veqocw is planning to use air_attack on [6, 3]
[2025-05-28 01:10:34] [INFO] [AbilitySystem] Updated line of sight for Veqocw, viewing 2 tiles
[2025-05-28 01:10:34] [INFO] [AbilitySystem] Updated area of sight for Veqocw, viewing 15 tiles
[2025-05-28 01:10:34] [INFO] [AbilityDamageReport] Started constructing damage mappings for Veqocw to use air_attack
[2025-05-28 01:10:34] [INFO] [AbilityDamageReport] Finished constructing damage mappings for Veqocw to use air_attack
[2025-05-28 01:10:34] [INFO] [GreaterAbilityPanel] Started updating Greater Ability Information Panel
[2025-05-28 01:10:34] [INFO] [CombatSystem] Started constructing damage mappings for Veqocw to use air_attack
[2025-05-28 01:10:34] [INFO] [CombatSystem] Finished constructing damage mappings for Veqocw to use air_attack
[2025-05-28 01:10:34] [INFO] [CombatSystem] Started constructing cost mappings for Veqocw to use air_attack
[2025-05-28 01:10:34] [INFO] [CombatSystem] Finished constructing cost mappings for Veqocw to use air_attack
[2025-05-28 01:10:34] [INFO] [GreaterAbilityPanel] Finished updating Greater Ability Information Panel
[2025-05-28 01:10:35] [INFO] [AbilitySystem] Veqocw is planning to use air_attack on [7, 3]
[2025-05-28 01:10:35] [INFO] [AbilitySystem] Updated line of sight for Veqocw, viewing 3 tiles
[2025-05-28 01:10:35] [INFO] [AbilitySystem] Updated area of sight for Veqocw, viewing 18 tiles
[2025-05-28 01:10:35] [INFO] [AbilityDamageReport] Started constructing damage mappings for Veqocw to use air_attack
[2025-05-28 01:10:35] [INFO] [AbilityDamageReport] Finished constructing damage mappings for Veqocw to use air_attack
[2025-05-28 01:10:35] [INFO] [GreaterAbilityPanel] Started updating Greater Ability Information Panel
[2025-05-28 01:10:35] [INFO] [CombatSystem] Started constructing damage mappings for Veqocw to use air_attack
[2025-05-28 01:10:35] [INFO] [CombatSystem] Finished constructing damage mappings for Veqocw to use air_attack
[2025-05-28 01:10:35] [INFO] [CombatSystem] Started constructing cost mappings for Veqocw to use air_attack
[2025-05-28 01:10:35] [INFO] [CombatSystem] Finished constructing cost mappings for Veqocw to use air_attack
[2025-05-28 01:10:35] [INFO] [GreaterAbilityPanel] Finished updating Greater Ability Information Panel
[2025-05-28 01:10:35] [INFO] [AbilitySystem] Veqocw is planning to use air_attack on [7, 2]
[2025-05-28 01:10:35] [INFO] [AbilitySystem] Updated line of sight for Veqocw, viewing 2 tiles
[2025-05-28 01:10:35] [INFO] [AbilitySystem] Updated area of sight for Veqocw, viewing 13 tiles
[2025-05-28 01:10:35] [INFO] [AbilityDamageReport] Started constructing damage mappings for Veqocw to use air_attack
[2025-05-28 01:10:35] [INFO] [AbilityDamageReport] Finished constructing damage mappings for Veqocw to use air_attack
[2025-05-28 01:10:35] [INFO] [GreaterAbilityPanel] Started updating Greater Ability Information Panel
[2025-05-28 01:10:35] [INFO] [CombatSystem] Started constructing damage mappings for Veqocw to use air_attack
[2025-05-28 01:10:35] [INFO] [CombatSystem] Finished constructing damage mappings for Veqocw to use air_attack
[2025-05-28 01:10:35] [INFO] [CombatSystem] Started constructing cost mappings for Veqocw to use air_attack
[2025-05-28 01:10:35] [INFO] [CombatSystem] Finished constructing cost mappings for Veqocw to use air_attack
[2025-05-28 01:10:35] [INFO] [GreaterAbilityPanel] Finished updating Greater Ability Information Panel
[2025-05-28 01:10:36] [INFO] [AbilitySystem] Veqocw is planning to use air_attack on [6, 2]
[2025-05-28 01:10:36] [INFO] [AbilitySystem] Updated line of sight for Veqocw, viewing 1 tiles
[2025-05-28 01:10:36] [INFO] [AbilitySystem] Updated area of sight for Veqocw, viewing 27 tiles
[2025-05-28 01:10:36] [INFO] [AbilityDamageReport] Started constructing damage mappings for Veqocw to use air_attack
[2025-05-28 01:10:36] [INFO] [AbilityDamageReport] Finished constructing damage mappings for Veqocw to use air_attack
[2025-05-28 01:10:36] [INFO] [AbilityDamageReport] Started constructing damage mappings for Veqocw to use air_attack
[2025-05-28 01:10:36] [INFO] [AbilityDamageReport] Finished constructing damage mappings for Veqocw to use air_attack
[2025-05-28 01:10:36] [INFO] [AbilityDamageReport] Started constructing damage mappings after defense Veqocw to use air_attack
[2025-05-28 01:10:36] [INFO] [AbilityDamageReport] Started calculating damage after modifiers for Veqocw
[2025-05-28 01:10:36] [INFO] [AbilityDamageReport] 10.0 Raw damage before modifiers for air_attack
[2025-05-28 01:10:36] [INFO] [AbilityDamageReport] Veqocw lands a Same-Type-Attack-Bonus with air_attack, for 12.0
[2025-05-28 01:10:36] [INFO] [AbilityDamageReport] 22.0 damage after modifiers for air_attack
[2025-05-28 01:10:36] [INFO] [AbilityDamageReport] Finished calculating damage after modifiers for Veqocw
[2025-05-28 01:10:36] [INFO] [AbilityDamageReport] Started calculating damage after defenses for Veqocw
[2025-05-28 01:10:36] [INFO] [AbilityDamageReport] 22.0 Raw damage after defenses for air_attack
[2025-05-28 01:10:36] [INFO] [AbilityDamageReport] Veqocw defends with Same-Type-Defense-Bonus from air_attack for 15.4
[2025-05-28 01:10:36] [INFO] [AbilityDamageReport] Finished calculating damage after defenses for Veqocw
[2025-05-28 01:10:36] [INFO] [AbilityDamageReport] 6.0000005 damage after defenses for air_attack
[2025-05-28 01:10:36] [INFO] [AbilityDamageReport] Finished constructing damage mappings after for Veqocw to use air_attack
[2025-05-28 01:10:36] [INFO] [GreaterAbilityPanel] Started updating Greater Ability Information Panel
[2025-05-28 01:10:36] [INFO] [CombatSystem] Started constructing damage mappings for Veqocw to use air_attack
[2025-05-28 01:10:36] [INFO] [CombatSystem] Finished constructing damage mappings for Veqocw to use air_attack
[2025-05-28 01:10:36] [INFO] [CombatSystem] Started constructing cost mappings for Veqocw to use air_attack
[2025-05-28 01:10:36] [INFO] [CombatSystem] Finished constructing cost mappings for Veqocw to use air_attack
[2025-05-28 01:10:36] [INFO] [GreaterAbilityPanel] Finished updating Greater Ability Information Panel
[2025-05-28 01:10:36] [INFO] [AbilitySystem] Veqocw is planning to use air_attack on [6, 1]
[2025-05-28 01:10:36] [INFO] [AbilitySystem] Updated line of sight for Veqocw, viewing 2 tiles
[2025-05-28 01:10:36] [INFO] [AbilitySystem] Updated area of sight for Veqocw, viewing 17 tiles
[2025-05-28 01:10:36] [INFO] [AbilityDamageReport] Started constructing damage mappings for Veqocw to use air_attack
[2025-05-28 01:10:36] [INFO] [AbilityDamageReport] Finished constructing damage mappings for Veqocw to use air_attack
[2025-05-28 01:10:36] [INFO] [GreaterAbilityPanel] Started updating Greater Ability Information Panel
[2025-05-28 01:10:36] [INFO] [CombatSystem] Started constructing damage mappings for Veqocw to use air_attack
[2025-05-28 01:10:36] [INFO] [CombatSystem] Finished constructing damage mappings for Veqocw to use air_attack
[2025-05-28 01:10:36] [INFO] [CombatSystem] Started constructing cost mappings for Veqocw to use air_attack
[2025-05-28 01:10:36] [INFO] [CombatSystem] Finished constructing cost mappings for Veqocw to use air_attack
[2025-05-28 01:10:36] [INFO] [GreaterAbilityPanel] Finished updating Greater Ability Information Panel
[2025-05-28 01:10:36] [INFO] [AbilitySystem] Veqocw is planning to use air_attack on [5, 1]
[2025-05-28 01:10:36] [INFO] [AbilitySystem] Updated line of sight for Veqocw, viewing 3 tiles
[2025-05-28 01:10:36] [INFO] [AbilitySystem] Updated area of sight for Veqocw, viewing 22 tiles
[2025-05-28 01:10:36] [INFO] [AbilityDamageReport] Started constructing damage mappings for Veqocw to use air_attack
[2025-05-28 01:10:36] [INFO] [AbilityDamageReport] Finished constructing damage mappings for Veqocw to use air_attack
[2025-05-28 01:10:36] [INFO] [GreaterAbilityPanel] Started updating Greater Ability Information Panel
[2025-05-28 01:10:36] [INFO] [CombatSystem] Started constructing damage mappings for Veqocw to use air_attack
[2025-05-28 01:10:36] [INFO] [CombatSystem] Finished constructing damage mappings for Veqocw to use air_attack
[2025-05-28 01:10:36] [INFO] [CombatSystem] Started constructing cost mappings for Veqocw to use air_attack
[2025-05-28 01:10:36] [INFO] [CombatSystem] Finished constructing cost mappings for Veqocw to use air_attack
[2025-05-28 01:10:36] [INFO] [GreaterAbilityPanel] Finished updating Greater Ability Information Panel
[2025-05-28 01:10:36] [INFO] [AbilitySystem] Veqocw is planning to use air_attack on [5, 2]
[2025-05-28 01:10:36] [INFO] [AbilitySystem] Updated line of sight for Veqocw, viewing 2 tiles
[2025-05-28 01:10:36] [INFO] [AbilitySystem] Updated area of sight for Veqocw, viewing 20 tiles
[2025-05-28 01:10:36] [INFO] [AbilityDamageReport] Started constructing damage mappings for Veqocw to use air_attack
[2025-05-28 01:10:36] [INFO] [AbilityDamageReport] Finished constructing damage mappings for Veqocw to use air_attack
[2025-05-28 01:10:36] [INFO] [GreaterAbilityPanel] Started updating Greater Ability Information Panel
[2025-05-28 01:10:36] [INFO] [CombatSystem] Started constructing damage mappings for Veqocw to use air_attack
[2025-05-28 01:10:36] [INFO] [CombatSystem] Finished constructing damage mappings for Veqocw to use air_attack
[2025-05-28 01:10:36] [INFO] [CombatSystem] Started constructing cost mappings for Veqocw to use air_attack
[2025-05-28 01:10:36] [INFO] [CombatSystem] Finished constructing cost mappings for Veqocw to use air_attack
[2025-05-28 01:10:36] [INFO] [GreaterAbilityPanel] Finished updating Greater Ability Information Panel
[2025-05-28 01:10:37] [INFO] [AbilitySystem] Veqocw is planning to use air_attack on [4, 2]
[2025-05-28 01:10:37] [INFO] [AbilitySystem] Updated line of sight for Veqocw, viewing 3 tiles
[2025-05-28 01:10:37] [INFO] [AbilitySystem] Updated area of sight for Veqocw, viewing 31 tiles
[2025-05-28 01:10:37] [INFO] [AbilityDamageReport] Started constructing damage mappings for Veqocw to use air_attack
[2025-05-28 01:10:37] [INFO] [AbilityDamageReport] Finished constructing damage mappings for Veqocw to use air_attack
[2025-05-28 01:10:37] [INFO] [GreaterAbilityPanel] Started updating Greater Ability Information Panel
[2025-05-28 01:10:37] [INFO] [CombatSystem] Started constructing damage mappings for Veqocw to use air_attack
[2025-05-28 01:10:37] [INFO] [CombatSystem] Finished constructing damage mappings for Veqocw to use air_attack
[2025-05-28 01:10:37] [INFO] [CombatSystem] Started constructing cost mappings for Veqocw to use air_attack
[2025-05-28 01:10:37] [INFO] [CombatSystem] Finished constructing cost mappings for Veqocw to use air_attack
[2025-05-28 01:10:37] [INFO] [GreaterAbilityPanel] Finished updating Greater Ability Information Panel
[2025-05-28 01:10:38] [INFO] [AbilitySystem] Veqocw is planning to use air_attack on [4, 3]
[2025-05-28 01:10:38] [INFO] [AbilitySystem] Updated line of sight for Veqocw, viewing 4 tiles
[2025-05-28 01:10:38] [INFO] [AbilitySystem] Updated area of sight for Veqocw, viewing 31 tiles
[2025-05-28 01:10:38] [INFO] [AbilityDamageReport] Started constructing damage mappings for Veqocw to use air_attack
[2025-05-28 01:10:38] [INFO] [AbilityDamageReport] Finished constructing damage mappings for Veqocw to use air_attack
[2025-05-28 01:10:38] [INFO] [GreaterAbilityPanel] Started updating Greater Ability Information Panel
[2025-05-28 01:10:38] [INFO] [CombatSystem] Started constructing damage mappings for Veqocw to use air_attack
[2025-05-28 01:10:38] [INFO] [CombatSystem] Finished constructing damage mappings for Veqocw to use air_attack
[2025-05-28 01:10:38] [INFO] [CombatSystem] Started constructing cost mappings for Veqocw to use air_attack
[2025-05-28 01:10:38] [INFO] [CombatSystem] Finished constructing cost mappings for Veqocw to use air_attack
[2025-05-28 01:10:38] [INFO] [GreaterAbilityPanel] Finished updating Greater Ability Information Panel
[2025-05-28 01:10:38] [INFO] [AbilitySystem] Veqocw is planning to use air_attack on [3, 3]
[2025-05-28 01:10:38] [INFO] [AbilitySystem] Updated line of sight for Veqocw, viewing 5 tiles
[2025-05-28 01:10:38] [INFO] [AbilitySystem] Updated area of sight for Veqocw, viewing 35 tiles
[2025-05-28 01:10:38] [INFO] [AbilityDamageReport] Started constructing damage mappings for Veqocw to use air_attack
[2025-05-28 01:10:38] [INFO] [AbilityDamageReport] Finished constructing damage mappings for Veqocw to use air_attack
[2025-05-28 01:10:38] [INFO] [GreaterAbilityPanel] Started updating Greater Ability Information Panel
[2025-05-28 01:10:38] [INFO] [CombatSystem] Started constructing damage mappings for Veqocw to use air_attack
[2025-05-28 01:10:38] [INFO] [CombatSystem] Finished constructing damage mappings for Veqocw to use air_attack
[2025-05-28 01:10:38] [INFO] [CombatSystem] Started constructing cost mappings for Veqocw to use air_attack
[2025-05-28 01:10:38] [INFO] [CombatSystem] Finished constructing cost mappings for Veqocw to use air_attack
[2025-05-28 01:10:38] [INFO] [GreaterAbilityPanel] Finished updating Greater Ability Information Panel
[2025-05-28 01:10:39] [INFO] [AbilitySystem] Veqocw is planning to use air_attack on [3, 4]
[2025-05-28 01:10:39] [INFO] [AbilitySystem] Updated line of sight for Veqocw, viewing 6 tiles
[2025-05-28 01:10:39] [INFO] [AbilitySystem] Updated area of sight for Veqocw, viewing 38 tiles
[2025-05-28 01:10:39] [INFO] [AbilityDamageReport] Started constructing damage mappings for Veqocw to use air_attack
[2025-05-28 01:10:39] [INFO] [AbilityDamageReport] Finished constructing damage mappings for Veqocw to use air_attack
[2025-05-28 01:10:39] [INFO] [GreaterAbilityPanel] Started updating Greater Ability Information Panel
[2025-05-28 01:10:39] [INFO] [CombatSystem] Started constructing damage mappings for Veqocw to use air_attack
[2025-05-28 01:10:39] [INFO] [CombatSystem] Finished constructing damage mappings for Veqocw to use air_attack
[2025-05-28 01:10:39] [INFO] [CombatSystem] Started constructing cost mappings for Veqocw to use air_attack
[2025-05-28 01:10:39] [INFO] [CombatSystem] Finished constructing cost mappings for Veqocw to use air_attack
[2025-05-28 01:10:39] [INFO] [GreaterAbilityPanel] Finished updating Greater Ability Information Panel
[2025-05-28 01:10:39] [INFO] [AbilitySystem] Veqocw is planning to use air_attack on [4, 4]
[2025-05-28 01:10:39] [INFO] [AbilitySystem] Updated line of sight for Veqocw, viewing 3 tiles
[2025-05-28 01:10:39] [INFO] [AbilitySystem] Updated area of sight for Veqocw, viewing 39 tiles
[2025-05-28 01:10:39] [INFO] [AbilityDamageReport] Started constructing damage mappings for Veqocw to use air_attack
[2025-05-28 01:10:39] [INFO] [AbilityDamageReport] Finished constructing damage mappings for Veqocw to use air_attack
[2025-05-28 01:10:39] [INFO] [GreaterAbilityPanel] Started updating Greater Ability Information Panel
[2025-05-28 01:10:39] [INFO] [CombatSystem] Started constructing damage mappings for Veqocw to use air_attack
[2025-05-28 01:10:39] [INFO] [CombatSystem] Finished constructing damage mappings for Veqocw to use air_attack
[2025-05-28 01:10:39] [INFO] [CombatSystem] Started constructing cost mappings for Veqocw to use air_attack
[2025-05-28 01:10:39] [INFO] [CombatSystem] Finished constructing cost mappings for Veqocw to use air_attack
[2025-05-28 01:10:39] [INFO] [GreaterAbilityPanel] Finished updating Greater Ability Information Panel
[2025-05-28 01:10:39] [INFO] [AbilitySystem] Veqocw is planning to use air_attack on [4, 5]
[2025-05-28 01:10:39] [INFO] [AbilitySystem] Updated line of sight for Veqocw, viewing 3 tiles
[2025-05-28 01:10:39] [INFO] [AbilitySystem] Updated area of sight for Veqocw, viewing 38 tiles
[2025-05-28 01:10:39] [INFO] [AbilityDamageReport] Started constructing damage mappings for Veqocw to use air_attack
[2025-05-28 01:10:39] [INFO] [AbilityDamageReport] Finished constructing damage mappings for Veqocw to use air_attack
[2025-05-28 01:10:39] [INFO] [GreaterAbilityPanel] Started updating Greater Ability Information Panel
[2025-05-28 01:10:39] [INFO] [CombatSystem] Started constructing damage mappings for Veqocw to use air_attack
[2025-05-28 01:10:39] [INFO] [CombatSystem] Finished constructing damage mappings for Veqocw to use air_attack
[2025-05-28 01:10:39] [INFO] [CombatSystem] Started constructing cost mappings for Veqocw to use air_attack
[2025-05-28 01:10:39] [INFO] [CombatSystem] Finished constructing cost mappings for Veqocw to use air_attack
[2025-05-28 01:10:39] [INFO] [GreaterAbilityPanel] Finished updating Greater Ability Information Panel
[2025-05-28 01:10:39] [INFO] [AbilitySystem] Veqocw is planning to use air_attack on [4, 6]
[2025-05-28 01:10:39] [INFO] [AbilitySystem] Updated line of sight for Veqocw, viewing 7 tiles
[2025-05-28 01:10:39] [INFO] [AbilitySystem] Updated area of sight for Veqocw, viewing 36 tiles
[2025-05-28 01:10:39] [INFO] [AbilityDamageReport] Started constructing damage mappings for Veqocw to use air_attack
[2025-05-28 01:10:39] [INFO] [AbilityDamageReport] Finished constructing damage mappings for Veqocw to use air_attack
[2025-05-28 01:10:39] [INFO] [GreaterAbilityPanel] Started updating Greater Ability Information Panel
[2025-05-28 01:10:39] [INFO] [CombatSystem] Started constructing damage mappings for Veqocw to use air_attack
[2025-05-28 01:10:39] [INFO] [CombatSystem] Finished constructing damage mappings for Veqocw to use air_attack
[2025-05-28 01:10:39] [INFO] [CombatSystem] Started constructing cost mappings for Veqocw to use air_attack
[2025-05-28 01:10:39] [INFO] [CombatSystem] Finished constructing cost mappings for Veqocw to use air_attack
[2025-05-28 01:10:39] [INFO] [GreaterAbilityPanel] Finished updating Greater Ability Information Panel
[2025-05-28 01:10:40] [INFO] [AbilitySystem] Veqocw is planning to use air_attack on [4, 7]
[2025-05-28 01:10:40] [INFO] [AbilitySystem] Updated line of sight for Veqocw, viewing 8 tiles
[2025-05-28 01:10:40] [INFO] [AbilitySystem] Updated area of sight for Veqocw, viewing 37 tiles
[2025-05-28 01:10:40] [INFO] [AbilityDamageReport] Started constructing damage mappings for Veqocw to use air_attack
[2025-05-28 01:10:40] [INFO] [AbilityDamageReport] Finished constructing damage mappings for Veqocw to use air_attack
[2025-05-28 01:10:40] [INFO] [GreaterAbilityPanel] Started updating Greater Ability Information Panel
[2025-05-28 01:10:40] [INFO] [CombatSystem] Started constructing damage mappings for Veqocw to use air_attack
[2025-05-28 01:10:40] [INFO] [CombatSystem] Finished constructing damage mappings for Veqocw to use air_attack
[2025-05-28 01:10:40] [INFO] [CombatSystem] Started constructing cost mappings for Veqocw to use air_attack
[2025-05-28 01:10:40] [INFO] [CombatSystem] Finished constructing cost mappings for Veqocw to use air_attack
[2025-05-28 01:10:40] [INFO] [GreaterAbilityPanel] Finished updating Greater Ability Information Panel
[2025-05-28 01:10:40] [INFO] [AbilitySystem] Veqocw is planning to use air_attack on [3, 7]
[2025-05-28 01:10:40] [INFO] [AbilitySystem] Updated line of sight for Veqocw, viewing 9 tiles
[2025-05-28 01:10:40] [INFO] [AbilitySystem] Updated area of sight for Veqocw, viewing 39 tiles
[2025-05-28 01:10:40] [INFO] [AbilityDamageReport] Started constructing damage mappings for Veqocw to use air_attack
[2025-05-28 01:10:40] [INFO] [AbilityDamageReport] Finished constructing damage mappings for Veqocw to use air_attack
[2025-05-28 01:10:40] [INFO] [GreaterAbilityPanel] Started updating Greater Ability Information Panel
[2025-05-28 01:10:40] [INFO] [CombatSystem] Started constructing damage mappings for Veqocw to use air_attack
[2025-05-28 01:10:40] [INFO] [CombatSystem] Finished constructing damage mappings for Veqocw to use air_attack
[2025-05-28 01:10:40] [INFO] [CombatSystem] Started constructing cost mappings for Veqocw to use air_attack
[2025-05-28 01:10:40] [INFO] [CombatSystem] Finished constructing cost mappings for Veqocw to use air_attack
[2025-05-28 01:10:40] [INFO] [GreaterAbilityPanel] Finished updating Greater Ability Information Panel
[2025-05-28 01:10:40] [INFO] [AbilitySystem] Veqocw is planning to use air_attack on [3, 6]
[2025-05-28 01:10:40] [INFO] [AbilitySystem] Updated line of sight for Veqocw, viewing 3 tiles
[2025-05-28 01:10:40] [INFO] [AbilitySystem] Updated area of sight for Veqocw, viewing 32 tiles
[2025-05-28 01:10:40] [INFO] [AbilityDamageReport] Started constructing damage mappings for Veqocw to use air_attack
[2025-05-28 01:10:40] [INFO] [AbilityDamageReport] Finished constructing damage mappings for Veqocw to use air_attack
[2025-05-28 01:10:40] [INFO] [GreaterAbilityPanel] Started updating Greater Ability Information Panel
[2025-05-28 01:10:40] [INFO] [CombatSystem] Started constructing damage mappings for Veqocw to use air_attack
[2025-05-28 01:10:40] [INFO] [CombatSystem] Finished constructing damage mappings for Veqocw to use air_attack
[2025-05-28 01:10:40] [INFO] [CombatSystem] Started constructing cost mappings for Veqocw to use air_attack
[2025-05-28 01:10:40] [INFO] [CombatSystem] Finished constructing cost mappings for Veqocw to use air_attack
[2025-05-28 01:10:40] [INFO] [GreaterAbilityPanel] Finished updating Greater Ability Information Panel
[2025-05-28 01:10:40] [INFO] [AbilitySystem] Veqocw is planning to use air_attack on [3, 5]
[2025-05-28 01:10:40] [INFO] [AbilitySystem] Updated line of sight for Veqocw, viewing 3 tiles
[2025-05-28 01:10:40] [INFO] [AbilitySystem] Updated area of sight for Veqocw, viewing 39 tiles
[2025-05-28 01:10:40] [INFO] [AbilityDamageReport] Started constructing damage mappings for Veqocw to use air_attack
[2025-05-28 01:10:40] [INFO] [AbilityDamageReport] Finished constructing damage mappings for Veqocw to use air_attack
[2025-05-28 01:10:40] [INFO] [GreaterAbilityPanel] Started updating Greater Ability Information Panel
[2025-05-28 01:10:40] [INFO] [CombatSystem] Started constructing damage mappings for Veqocw to use air_attack
[2025-05-28 01:10:40] [INFO] [CombatSystem] Finished constructing damage mappings for Veqocw to use air_attack
[2025-05-28 01:10:40] [INFO] [CombatSystem] Started constructing cost mappings for Veqocw to use air_attack
[2025-05-28 01:10:40] [INFO] [CombatSystem] Finished constructing cost mappings for Veqocw to use air_attack
[2025-05-28 01:10:40] [INFO] [GreaterAbilityPanel] Finished updating Greater Ability Information Panel
[2025-05-28 01:10:41] [INFO] [AbilitySystem] Veqocw is planning to use air_attack on [2, 5]
[2025-05-28 01:10:41] [INFO] [AbilitySystem] Updated line of sight for Veqocw, viewing 8 tiles
[2025-05-28 01:10:41] [INFO] [AbilitySystem] Updated area of sight for Veqocw, viewing 30 tiles
[2025-05-28 01:10:41] [INFO] [AbilityDamageReport] Started constructing damage mappings for Veqocw to use air_attack
[2025-05-28 01:10:41] [INFO] [AbilityDamageReport] Finished constructing damage mappings for Veqocw to use air_attack
[2025-05-28 01:10:41] [INFO] [GreaterAbilityPanel] Started updating Greater Ability Information Panel
[2025-05-28 01:10:41] [INFO] [CombatSystem] Started constructing damage mappings for Veqocw to use air_attack
[2025-05-28 01:10:41] [INFO] [CombatSystem] Finished constructing damage mappings for Veqocw to use air_attack
[2025-05-28 01:10:41] [INFO] [CombatSystem] Started constructing cost mappings for Veqocw to use air_attack
[2025-05-28 01:10:41] [INFO] [CombatSystem] Finished constructing cost mappings for Veqocw to use air_attack
[2025-05-28 01:10:41] [INFO] [GreaterAbilityPanel] Finished updating Greater Ability Information Panel
[2025-05-28 01:10:42] [INFO] [AbilitySystem] Veqocw is planning to use air_attack on [1, 5]
[2025-05-28 01:10:42] [INFO] [AbilitySystem] Updated line of sight for Veqocw, viewing 9 tiles
[2025-05-28 01:10:42] [INFO] [AbilitySystem] Updated area of sight for Veqocw, viewing 31 tiles
[2025-05-28 01:10:42] [INFO] [AbilityDamageReport] Started constructing damage mappings for Veqocw to use air_attack
[2025-05-28 01:10:42] [INFO] [AbilityDamageReport] Finished constructing damage mappings for Veqocw to use air_attack
[2025-05-28 01:10:42] [INFO] [GreaterAbilityPanel] Started updating Greater Ability Information Panel
[2025-05-28 01:10:42] [INFO] [CombatSystem] Started constructing damage mappings for Veqocw to use air_attack
[2025-05-28 01:10:42] [INFO] [CombatSystem] Finished constructing damage mappings for Veqocw to use air_attack
[2025-05-28 01:10:42] [INFO] [CombatSystem] Started constructing cost mappings for Veqocw to use air_attack
[2025-05-28 01:10:42] [INFO] [CombatSystem] Finished constructing cost mappings for Veqocw to use air_attack
[2025-05-28 01:10:42] [INFO] [GreaterAbilityPanel] Finished updating Greater Ability Information Panel
[2025-05-28 01:10:42] [INFO] [AbilitySystem] Veqocw is planning to use air_attack on [1, 4]
[2025-05-28 01:10:42] [INFO] [AbilitySystem] Updated line of sight for Veqocw, viewing 8 tiles
[2025-05-28 01:10:42] [INFO] [AbilitySystem] Updated area of sight for Veqocw, viewing 30 tiles
[2025-05-28 01:10:42] [INFO] [AbilityDamageReport] Started constructing damage mappings for Veqocw to use air_attack
[2025-05-28 01:10:42] [INFO] [AbilityDamageReport] Finished constructing damage mappings for Veqocw to use air_attack
[2025-05-28 01:10:42] [INFO] [GreaterAbilityPanel] Started updating Greater Ability Information Panel
[2025-05-28 01:10:42] [INFO] [CombatSystem] Started constructing damage mappings for Veqocw to use air_attack
[2025-05-28 01:10:42] [INFO] [CombatSystem] Finished constructing damage mappings for Veqocw to use air_attack
[2025-05-28 01:10:42] [INFO] [CombatSystem] Started constructing cost mappings for Veqocw to use air_attack
[2025-05-28 01:10:42] [INFO] [CombatSystem] Finished constructing cost mappings for Veqocw to use air_attack
[2025-05-28 01:10:42] [INFO] [GreaterAbilityPanel] Finished updating Greater Ability Information Panel
[2025-05-28 01:10:42] [INFO] [AbilitySystem] Veqocw is planning to use air_attack on [1, 5]
[2025-05-28 01:10:42] [INFO] [AbilitySystem] Updated line of sight for Veqocw, viewing 9 tiles
[2025-05-28 01:10:42] [INFO] [AbilitySystem] Updated area of sight for Veqocw, viewing 31 tiles
[2025-05-28 01:10:42] [INFO] [AbilityDamageReport] Started constructing damage mappings for Veqocw to use air_attack
[2025-05-28 01:10:42] [INFO] [AbilityDamageReport] Finished constructing damage mappings for Veqocw to use air_attack
[2025-05-28 01:10:42] [INFO] [GreaterAbilityPanel] Started updating Greater Ability Information Panel
[2025-05-28 01:10:42] [INFO] [CombatSystem] Started constructing damage mappings for Veqocw to use air_attack
[2025-05-28 01:10:42] [INFO] [CombatSystem] Finished constructing damage mappings for Veqocw to use air_attack
[2025-05-28 01:10:42] [INFO] [CombatSystem] Started constructing cost mappings for Veqocw to use air_attack
[2025-05-28 01:10:42] [INFO] [CombatSystem] Finished constructing cost mappings for Veqocw to use air_attack
[2025-05-28 01:10:42] [INFO] [GreaterAbilityPanel] Finished updating Greater Ability Information Panel
[2025-05-28 01:10:42] [INFO] [AbilitySystem] Veqocw is planning to use air_attack on [2, 5]
[2025-05-28 01:10:42] [INFO] [AbilitySystem] Updated line of sight for Veqocw, viewing 8 tiles
[2025-05-28 01:10:42] [INFO] [AbilitySystem] Updated area of sight for Veqocw, viewing 30 tiles
[2025-05-28 01:10:42] [INFO] [AbilityDamageReport] Started constructing damage mappings for Veqocw to use air_attack
[2025-05-28 01:10:42] [INFO] [AbilityDamageReport] Finished constructing damage mappings for Veqocw to use air_attack
[2025-05-28 01:10:42] [INFO] [GreaterAbilityPanel] Started updating Greater Ability Information Panel
[2025-05-28 01:10:42] [INFO] [CombatSystem] Started constructing damage mappings for Veqocw to use air_attack
[2025-05-28 01:10:42] [INFO] [CombatSystem] Finished constructing damage mappings for Veqocw to use air_attack
[2025-05-28 01:10:42] [INFO] [CombatSystem] Started constructing cost mappings for Veqocw to use air_attack
[2025-05-28 01:10:42] [INFO] [CombatSystem] Finished constructing cost mappings for Veqocw to use air_attack
[2025-05-28 01:10:42] [INFO] [GreaterAbilityPanel] Finished updating Greater Ability Information Panel
[2025-05-28 01:10:42] [INFO] [AbilitySystem] Veqocw is planning to use air_attack on [2, 4]
[2025-05-28 01:10:42] [INFO] [AbilitySystem] Updated line of sight for Veqocw, viewing 7 tiles
[2025-05-28 01:10:42] [INFO] [AbilitySystem] Updated area of sight for Veqocw, viewing 33 tiles
[2025-05-28 01:10:42] [INFO] [AbilityDamageReport] Started constructing damage mappings for Veqocw to use air_attack
[2025-05-28 01:10:42] [INFO] [AbilityDamageReport] Finished constructing damage mappings for Veqocw to use air_attack
[2025-05-28 01:10:42] [INFO] [GreaterAbilityPanel] Started updating Greater Ability Information Panel
[2025-05-28 01:10:42] [INFO] [CombatSystem] Started constructing damage mappings for Veqocw to use air_attack
[2025-05-28 01:10:42] [INFO] [CombatSystem] Finished constructing damage mappings for Veqocw to use air_attack
[2025-05-28 01:10:42] [INFO] [CombatSystem] Started constructing cost mappings for Veqocw to use air_attack
[2025-05-28 01:10:42] [INFO] [CombatSystem] Finished constructing cost mappings for Veqocw to use air_attack
[2025-05-28 01:10:42] [INFO] [GreaterAbilityPanel] Finished updating Greater Ability Information Panel
[2025-05-28 01:10:43] [INFO] [AbilitySystem] Veqocw is planning to use air_attack on [3, 4]
[2025-05-28 01:10:43] [INFO] [AbilitySystem] Updated line of sight for Veqocw, viewing 6 tiles
[2025-05-28 01:10:43] [INFO] [AbilitySystem] Updated area of sight for Veqocw, viewing 38 tiles
[2025-05-28 01:10:43] [INFO] [AbilityDamageReport] Started constructing damage mappings for Veqocw to use air_attack
[2025-05-28 01:10:43] [INFO] [AbilityDamageReport] Finished constructing damage mappings for Veqocw to use air_attack
[2025-05-28 01:10:43] [INFO] [GreaterAbilityPanel] Started updating Greater Ability Information Panel
[2025-05-28 01:10:43] [INFO] [CombatSystem] Started constructing damage mappings for Veqocw to use air_attack
[2025-05-28 01:10:43] [INFO] [CombatSystem] Finished constructing damage mappings for Veqocw to use air_attack
[2025-05-28 01:10:43] [INFO] [CombatSystem] Started constructing cost mappings for Veqocw to use air_attack
[2025-05-28 01:10:43] [INFO] [CombatSystem] Finished constructing cost mappings for Veqocw to use air_attack
[2025-05-28 01:10:43] [INFO] [GreaterAbilityPanel] Finished updating Greater Ability Information Panel
[2025-05-28 01:10:43] [INFO] [AbilitySystem] Veqocw is planning to use air_attack on [3, 5]
[2025-05-28 01:10:43] [INFO] [AbilitySystem] Updated line of sight for Veqocw, viewing 3 tiles
[2025-05-28 01:10:43] [INFO] [AbilitySystem] Updated area of sight for Veqocw, viewing 39 tiles
[2025-05-28 01:10:43] [INFO] [AbilityDamageReport] Started constructing damage mappings for Veqocw to use air_attack
[2025-05-28 01:10:43] [INFO] [AbilityDamageReport] Finished constructing damage mappings for Veqocw to use air_attack
[2025-05-28 01:10:43] [INFO] [GreaterAbilityPanel] Started updating Greater Ability Information Panel
[2025-05-28 01:10:43] [INFO] [CombatSystem] Started constructing damage mappings for Veqocw to use air_attack
[2025-05-28 01:10:43] [INFO] [CombatSystem] Finished constructing damage mappings for Veqocw to use air_attack
[2025-05-28 01:10:43] [INFO] [CombatSystem] Started constructing cost mappings for Veqocw to use air_attack
[2025-05-28 01:10:43] [INFO] [CombatSystem] Finished constructing cost mappings for Veqocw to use air_attack
[2025-05-28 01:10:43] [INFO] [GreaterAbilityPanel] Finished updating Greater Ability Information Panel
[2025-05-28 01:10:43] [INFO] [AbilitySystem] Veqocw is planning to use air_attack on [4, 5]
[2025-05-28 01:10:43] [INFO] [AbilitySystem] Updated line of sight for Veqocw, viewing 3 tiles
[2025-05-28 01:10:43] [INFO] [AbilitySystem] Updated area of sight for Veqocw, viewing 38 tiles
[2025-05-28 01:10:43] [INFO] [AbilityDamageReport] Started constructing damage mappings for Veqocw to use air_attack
[2025-05-28 01:10:43] [INFO] [AbilityDamageReport] Finished constructing damage mappings for Veqocw to use air_attack
[2025-05-28 01:10:43] [INFO] [GreaterAbilityPanel] Started updating Greater Ability Information Panel
[2025-05-28 01:10:43] [INFO] [CombatSystem] Started constructing damage mappings for Veqocw to use air_attack
[2025-05-28 01:10:43] [INFO] [CombatSystem] Finished constructing damage mappings for Veqocw to use air_attack
[2025-05-28 01:10:43] [INFO] [CombatSystem] Started constructing cost mappings for Veqocw to use air_attack
[2025-05-28 01:10:43] [INFO] [CombatSystem] Finished constructing cost mappings for Veqocw to use air_attack
[2025-05-28 01:10:43] [INFO] [GreaterAbilityPanel] Finished updating Greater Ability Information Panel
[2025-05-28 01:10:43] [INFO] [AbilitySystem] Veqocw is planning to use air_attack on [5, 5]
[2025-05-28 01:10:43] [INFO] [AbilitySystem] Updated line of sight for Veqocw, viewing 5 tiles
[2025-05-28 01:10:43] [INFO] [AbilitySystem] Updated area of sight for Veqocw, viewing 33 tiles
[2025-05-28 01:10:43] [INFO] [AbilityDamageReport] Started constructing damage mappings for Veqocw to use air_attack
[2025-05-28 01:10:43] [INFO] [AbilityDamageReport] Finished constructing damage mappings for Veqocw to use air_attack
[2025-05-28 01:10:43] [INFO] [GreaterAbilityPanel] Started updating Greater Ability Information Panel
[2025-05-28 01:10:43] [INFO] [CombatSystem] Started constructing damage mappings for Veqocw to use air_attack
[2025-05-28 01:10:43] [INFO] [CombatSystem] Finished constructing damage mappings for Veqocw to use air_attack
[2025-05-28 01:10:43] [INFO] [CombatSystem] Started constructing cost mappings for Veqocw to use air_attack
[2025-05-28 01:10:43] [INFO] [CombatSystem] Finished constructing cost mappings for Veqocw to use air_attack
[2025-05-28 01:10:43] [INFO] [GreaterAbilityPanel] Finished updating Greater Ability Information Panel
[2025-05-28 01:10:43] [INFO] [AbilitySystem] Veqocw is planning to use air_attack on [5, 4]
[2025-05-28 01:10:43] [INFO] [AbilitySystem] Updated line of sight for Veqocw, viewing 3 tiles
[2025-05-28 01:10:43] [INFO] [AbilitySystem] Updated area of sight for Veqocw, viewing 30 tiles
[2025-05-28 01:10:43] [INFO] [AbilityDamageReport] Started constructing damage mappings for Veqocw to use air_attack
[2025-05-28 01:10:43] [INFO] [AbilityDamageReport] Finished constructing damage mappings for Veqocw to use air_attack
[2025-05-28 01:10:43] [INFO] [GreaterAbilityPanel] Started updating Greater Ability Information Panel
[2025-05-28 01:10:43] [INFO] [CombatSystem] Started constructing damage mappings for Veqocw to use air_attack
[2025-05-28 01:10:43] [INFO] [CombatSystem] Finished constructing damage mappings for Veqocw to use air_attack
[2025-05-28 01:10:43] [INFO] [CombatSystem] Started constructing cost mappings for Veqocw to use air_attack
[2025-05-28 01:10:43] [INFO] [CombatSystem] Finished constructing cost mappings for Veqocw to use air_attack
[2025-05-28 01:10:43] [INFO] [GreaterAbilityPanel] Finished updating Greater Ability Information Panel
[2025-05-28 01:10:44] [INFO] [AbilitySystem] Veqocw is planning to use air_attack on [6, 4]
[2025-05-28 01:10:44] [INFO] [AbilitySystem] Updated line of sight for Veqocw, viewing 3 tiles
[2025-05-28 01:10:44] [INFO] [AbilitySystem] Updated area of sight for Veqocw, viewing 26 tiles
[2025-05-28 01:10:44] [INFO] [AbilityDamageReport] Started constructing damage mappings for Veqocw to use air_attack
[2025-05-28 01:10:44] [INFO] [AbilityDamageReport] Finished constructing damage mappings for Veqocw to use air_attack
[2025-05-28 01:10:44] [INFO] [GreaterAbilityPanel] Started updating Greater Ability Information Panel
[2025-05-28 01:10:44] [INFO] [CombatSystem] Started constructing damage mappings for Veqocw to use air_attack
[2025-05-28 01:10:44] [INFO] [CombatSystem] Finished constructing damage mappings for Veqocw to use air_attack
[2025-05-28 01:10:44] [INFO] [CombatSystem] Started constructing cost mappings for Veqocw to use air_attack
[2025-05-28 01:10:44] [INFO] [CombatSystem] Finished constructing cost mappings for Veqocw to use air_attack
[2025-05-28 01:10:44] [INFO] [GreaterAbilityPanel] Finished updating Greater Ability Information Panel
[2025-05-28 01:10:45] [INFO] [AbilitySystem] Veqocw is planning to use air_attack on [7, 4]
[2025-05-28 01:10:45] [INFO] [AbilitySystem] Updated line of sight for Veqocw, viewing 4 tiles
[2025-05-28 01:10:45] [INFO] [AbilitySystem] Updated area of sight for Veqocw, viewing 23 tiles
[2025-05-28 01:10:45] [INFO] [AbilityDamageReport] Started constructing damage mappings for Veqocw to use air_attack
[2025-05-28 01:10:45] [INFO] [AbilityDamageReport] Finished constructing damage mappings for Veqocw to use air_attack
[2025-05-28 01:10:45] [INFO] [GreaterAbilityPanel] Started updating Greater Ability Information Panel
[2025-05-28 01:10:45] [INFO] [CombatSystem] Started constructing damage mappings for Veqocw to use air_attack
[2025-05-28 01:10:45] [INFO] [CombatSystem] Finished constructing damage mappings for Veqocw to use air_attack
[2025-05-28 01:10:45] [INFO] [CombatSystem] Started constructing cost mappings for Veqocw to use air_attack
[2025-05-28 01:10:45] [INFO] [CombatSystem] Finished constructing cost mappings for Veqocw to use air_attack
[2025-05-28 01:10:45] [INFO] [GreaterAbilityPanel] Finished updating Greater Ability Information Panel
[2025-05-28 01:10:45] [INFO] [AbilitySystem] Veqocw is planning to use air_attack on [7, 3]
[2025-05-28 01:10:45] [INFO] [AbilitySystem] Updated line of sight for Veqocw, viewing 3 tiles
[2025-05-28 01:10:45] [INFO] [AbilitySystem] Updated area of sight for Veqocw, viewing 18 tiles
[2025-05-28 01:10:45] [INFO] [AbilityDamageReport] Started constructing damage mappings for Veqocw to use air_attack
[2025-05-28 01:10:45] [INFO] [AbilityDamageReport] Finished constructing damage mappings for Veqocw to use air_attack
[2025-05-28 01:10:45] [INFO] [GreaterAbilityPanel] Started updating Greater Ability Information Panel
[2025-05-28 01:10:45] [INFO] [CombatSystem] Started constructing damage mappings for Veqocw to use air_attack
[2025-05-28 01:10:45] [INFO] [CombatSystem] Finished constructing damage mappings for Veqocw to use air_attack
[2025-05-28 01:10:45] [INFO] [CombatSystem] Started constructing cost mappings for Veqocw to use air_attack
[2025-05-28 01:10:45] [INFO] [CombatSystem] Finished constructing cost mappings for Veqocw to use air_attack
[2025-05-28 01:10:45] [INFO] [GreaterAbilityPanel] Finished updating Greater Ability Information Panel
[2025-05-28 01:10:46] [INFO] [AbilitySystem] Veqocw is planning to use air_attack on [7, 2]
[2025-05-28 01:10:46] [INFO] [AbilitySystem] Updated line of sight for Veqocw, viewing 2 tiles
[2025-05-28 01:10:46] [INFO] [AbilitySystem] Updated area of sight for Veqocw, viewing 13 tiles
[2025-05-28 01:10:46] [INFO] [AbilityDamageReport] Started constructing damage mappings for Veqocw to use air_attack
[2025-05-28 01:10:46] [INFO] [AbilityDamageReport] Finished constructing damage mappings for Veqocw to use air_attack
[2025-05-28 01:10:46] [INFO] [GreaterAbilityPanel] Started updating Greater Ability Information Panel
[2025-05-28 01:10:46] [INFO] [CombatSystem] Started constructing damage mappings for Veqocw to use air_attack
[2025-05-28 01:10:46] [INFO] [CombatSystem] Finished constructing damage mappings for Veqocw to use air_attack
[2025-05-28 01:10:46] [INFO] [CombatSystem] Started constructing cost mappings for Veqocw to use air_attack
[2025-05-28 01:10:46] [INFO] [CombatSystem] Finished constructing cost mappings for Veqocw to use air_attack
[2025-05-28 01:10:46] [INFO] [GreaterAbilityPanel] Finished updating Greater Ability Information Panel
[2025-05-28 01:10:46] [INFO] [AbilitySystem] Veqocw is planning to use air_attack on [6, 2]
[2025-05-28 01:10:46] [INFO] [AbilitySystem] Updated line of sight for Veqocw, viewing 1 tiles
[2025-05-28 01:10:46] [INFO] [AbilitySystem] Updated area of sight for Veqocw, viewing 27 tiles
[2025-05-28 01:10:46] [INFO] [AbilityDamageReport] Started constructing damage mappings for Veqocw to use air_attack
[2025-05-28 01:10:46] [INFO] [AbilityDamageReport] Finished constructing damage mappings for Veqocw to use air_attack
[2025-05-28 01:10:46] [INFO] [GreaterAbilityPanel] Started updating Greater Ability Information Panel
[2025-05-28 01:10:46] [INFO] [CombatSystem] Started constructing damage mappings for Veqocw to use air_attack
[2025-05-28 01:10:46] [INFO] [CombatSystem] Finished constructing damage mappings for Veqocw to use air_attack
[2025-05-28 01:10:46] [INFO] [CombatSystem] Started constructing cost mappings for Veqocw to use air_attack
[2025-05-28 01:10:46] [INFO] [CombatSystem] Finished constructing cost mappings for Veqocw to use air_attack
[2025-05-28 01:10:46] [INFO] [GreaterAbilityPanel] Finished updating Greater Ability Information Panel
[2025-05-28 01:10:47] [INFO] [AbilitySystem] Veqocw is planning to use air_attack on [6, 1]
[2025-05-28 01:10:47] [INFO] [AbilitySystem] Updated line of sight for Veqocw, viewing 2 tiles
[2025-05-28 01:10:47] [INFO] [AbilitySystem] Updated area of sight for Veqocw, viewing 17 tiles
[2025-05-28 01:10:47] [INFO] [AbilityDamageReport] Started constructing damage mappings for Veqocw to use air_attack
[2025-05-28 01:10:47] [INFO] [AbilityDamageReport] Finished constructing damage mappings for Veqocw to use air_attack
[2025-05-28 01:10:47] [INFO] [GreaterAbilityPanel] Started updating Greater Ability Information Panel
[2025-05-28 01:10:47] [INFO] [CombatSystem] Started constructing damage mappings for Veqocw to use air_attack
[2025-05-28 01:10:47] [INFO] [CombatSystem] Finished constructing damage mappings for Veqocw to use air_attack
[2025-05-28 01:10:47] [INFO] [CombatSystem] Started constructing cost mappings for Veqocw to use air_attack
[2025-05-28 01:10:47] [INFO] [CombatSystem] Finished constructing cost mappings for Veqocw to use air_attack
[2025-05-28 01:10:47] [INFO] [GreaterAbilityPanel] Finished updating Greater Ability Information Panel
[2025-05-28 01:10:47] [INFO] [AbilitySystem] Veqocw is planning to use air_attack on [5, 1]
[2025-05-28 01:10:47] [INFO] [AbilitySystem] Updated line of sight for Veqocw, viewing 3 tiles
[2025-05-28 01:10:47] [INFO] [AbilitySystem] Updated area of sight for Veqocw, viewing 22 tiles
[2025-05-28 01:10:47] [INFO] [AbilityDamageReport] Started constructing damage mappings for Veqocw to use air_attack
[2025-05-28 01:10:47] [INFO] [AbilityDamageReport] Finished constructing damage mappings for Veqocw to use air_attack
[2025-05-28 01:10:47] [INFO] [GreaterAbilityPanel] Started updating Greater Ability Information Panel
[2025-05-28 01:10:47] [INFO] [CombatSystem] Started constructing damage mappings for Veqocw to use air_attack
[2025-05-28 01:10:47] [INFO] [CombatSystem] Finished constructing damage mappings for Veqocw to use air_attack
[2025-05-28 01:10:47] [INFO] [CombatSystem] Started constructing cost mappings for Veqocw to use air_attack
[2025-05-28 01:10:47] [INFO] [CombatSystem] Finished constructing cost mappings for Veqocw to use air_attack
[2025-05-28 01:10:47] [INFO] [GreaterAbilityPanel] Finished updating Greater Ability Information Panel
[2025-05-28 01:10:47] [INFO] [AbilitySystem] Veqocw is planning to use air_attack on [4, 1]
[2025-05-28 01:10:47] [INFO] [AbilitySystem] Updated line of sight for Veqocw, viewing 4 tiles
[2025-05-28 01:10:47] [INFO] [AbilitySystem] Updated area of sight for Veqocw, viewing 26 tiles
[2025-05-28 01:10:47] [INFO] [AbilityDamageReport] Started constructing damage mappings for Veqocw to use air_attack
[2025-05-28 01:10:47] [INFO] [AbilityDamageReport] Finished constructing damage mappings for Veqocw to use air_attack
[2025-05-28 01:10:47] [INFO] [GreaterAbilityPanel] Started updating Greater Ability Information Panel
[2025-05-28 01:10:47] [INFO] [CombatSystem] Started constructing damage mappings for Veqocw to use air_attack
[2025-05-28 01:10:47] [INFO] [CombatSystem] Finished constructing damage mappings for Veqocw to use air_attack
[2025-05-28 01:10:47] [INFO] [CombatSystem] Started constructing cost mappings for Veqocw to use air_attack
[2025-05-28 01:10:47] [INFO] [CombatSystem] Finished constructing cost mappings for Veqocw to use air_attack
[2025-05-28 01:10:47] [INFO] [GreaterAbilityPanel] Finished updating Greater Ability Information Panel
[2025-05-28 01:10:48] [INFO] [AbilitySystem] Veqocw is planning to use air_attack on [4, 2]
[2025-05-28 01:10:48] [INFO] [AbilitySystem] Updated line of sight for Veqocw, viewing 3 tiles
[2025-05-28 01:10:48] [INFO] [AbilitySystem] Updated area of sight for Veqocw, viewing 31 tiles
[2025-05-28 01:10:48] [INFO] [AbilityDamageReport] Started constructing damage mappings for Veqocw to use air_attack
[2025-05-28 01:10:48] [INFO] [AbilityDamageReport] Finished constructing damage mappings for Veqocw to use air_attack
[2025-05-28 01:10:48] [INFO] [GreaterAbilityPanel] Started updating Greater Ability Information Panel
[2025-05-28 01:10:48] [INFO] [CombatSystem] Started constructing damage mappings for Veqocw to use air_attack
[2025-05-28 01:10:48] [INFO] [CombatSystem] Finished constructing damage mappings for Veqocw to use air_attack
[2025-05-28 01:10:48] [INFO] [CombatSystem] Started constructing cost mappings for Veqocw to use air_attack
[2025-05-28 01:10:48] [INFO] [CombatSystem] Finished constructing cost mappings for Veqocw to use air_attack
[2025-05-28 01:10:48] [INFO] [GreaterAbilityPanel] Finished updating Greater Ability Information Panel
[2025-05-28 01:10:48] [INFO] [AbilitySystem] Veqocw is planning to use air_attack on [4, 3]
[2025-05-28 01:10:48] [INFO] [AbilitySystem] Updated line of sight for Veqocw, viewing 4 tiles
[2025-05-28 01:10:48] [INFO] [AbilitySystem] Updated area of sight for Veqocw, viewing 31 tiles
[2025-05-28 01:10:48] [INFO] [AbilityDamageReport] Started constructing damage mappings for Veqocw to use air_attack
[2025-05-28 01:10:48] [INFO] [AbilityDamageReport] Finished constructing damage mappings for Veqocw to use air_attack
[2025-05-28 01:10:48] [INFO] [GreaterAbilityPanel] Started updating Greater Ability Information Panel
[2025-05-28 01:10:48] [INFO] [CombatSystem] Started constructing damage mappings for Veqocw to use air_attack
[2025-05-28 01:10:48] [INFO] [CombatSystem] Finished constructing damage mappings for Veqocw to use air_attack
[2025-05-28 01:10:48] [INFO] [CombatSystem] Started constructing cost mappings for Veqocw to use air_attack
[2025-05-28 01:10:48] [INFO] [CombatSystem] Finished constructing cost mappings for Veqocw to use air_attack
[2025-05-28 01:10:48] [INFO] [GreaterAbilityPanel] Finished updating Greater Ability Information Panel
[2025-05-28 01:10:48] [INFO] [AbilitySystem] Veqocw is planning to use air_attack on [3, 3]
[2025-05-28 01:10:48] [INFO] [AbilitySystem] Updated line of sight for Veqocw, viewing 5 tiles
[2025-05-28 01:10:48] [INFO] [AbilitySystem] Updated area of sight for Veqocw, viewing 35 tiles
[2025-05-28 01:10:48] [INFO] [AbilityDamageReport] Started constructing damage mappings for Veqocw to use air_attack
[2025-05-28 01:10:48] [INFO] [AbilityDamageReport] Finished constructing damage mappings for Veqocw to use air_attack
[2025-05-28 01:10:48] [INFO] [GreaterAbilityPanel] Started updating Greater Ability Information Panel
[2025-05-28 01:10:48] [INFO] [CombatSystem] Started constructing damage mappings for Veqocw to use air_attack
[2025-05-28 01:10:48] [INFO] [CombatSystem] Finished constructing damage mappings for Veqocw to use air_attack
[2025-05-28 01:10:48] [INFO] [CombatSystem] Started constructing cost mappings for Veqocw to use air_attack
[2025-05-28 01:10:48] [INFO] [CombatSystem] Finished constructing cost mappings for Veqocw to use air_attack
[2025-05-28 01:10:48] [INFO] [GreaterAbilityPanel] Finished updating Greater Ability Information Panel
[2025-05-28 01:10:49] [INFO] [AbilitySystem] Veqocw is planning to use air_attack on [4, 3]
[2025-05-28 01:10:49] [INFO] [AbilitySystem] Updated line of sight for Veqocw, viewing 4 tiles
[2025-05-28 01:10:49] [INFO] [AbilitySystem] Updated area of sight for Veqocw, viewing 31 tiles
[2025-05-28 01:10:49] [INFO] [AbilityDamageReport] Started constructing damage mappings for Veqocw to use air_attack
[2025-05-28 01:10:49] [INFO] [AbilityDamageReport] Finished constructing damage mappings for Veqocw to use air_attack
[2025-05-28 01:10:49] [INFO] [GreaterAbilityPanel] Started updating Greater Ability Information Panel
[2025-05-28 01:10:49] [INFO] [CombatSystem] Started constructing damage mappings for Veqocw to use air_attack
[2025-05-28 01:10:49] [INFO] [CombatSystem] Finished constructing damage mappings for Veqocw to use air_attack
[2025-05-28 01:10:49] [INFO] [CombatSystem] Started constructing cost mappings for Veqocw to use air_attack
[2025-05-28 01:10:49] [INFO] [CombatSystem] Finished constructing cost mappings for Veqocw to use air_attack
[2025-05-28 01:10:49] [INFO] [GreaterAbilityPanel] Finished updating Greater Ability Information Panel
[2025-05-28 01:10:49] [INFO] [AbilitySystem] Veqocw is planning to use air_attack on [4, 2]
[2025-05-28 01:10:49] [INFO] [AbilitySystem] Updated line of sight for Veqocw, viewing 3 tiles
[2025-05-28 01:10:49] [INFO] [AbilitySystem] Updated area of sight for Veqocw, viewing 31 tiles
[2025-05-28 01:10:49] [INFO] [AbilityDamageReport] Started constructing damage mappings for Veqocw to use air_attack
[2025-05-28 01:10:49] [INFO] [AbilityDamageReport] Finished constructing damage mappings for Veqocw to use air_attack
[2025-05-28 01:10:49] [INFO] [GreaterAbilityPanel] Started updating Greater Ability Information Panel
[2025-05-28 01:10:49] [INFO] [CombatSystem] Started constructing damage mappings for Veqocw to use air_attack
[2025-05-28 01:10:49] [INFO] [CombatSystem] Finished constructing damage mappings for Veqocw to use air_attack
[2025-05-28 01:10:49] [INFO] [CombatSystem] Started constructing cost mappings for Veqocw to use air_attack
[2025-05-28 01:10:49] [INFO] [CombatSystem] Finished constructing cost mappings for Veqocw to use air_attack
[2025-05-28 01:10:49] [INFO] [GreaterAbilityPanel] Finished updating Greater Ability Information Panel
[2025-05-28 01:10:49] [INFO] [CombatSystem] Started constructing cost mappings for Veqocw to use air_attack
[2025-05-28 01:10:49] [INFO] [CombatSystem] Finished constructing cost mappings for Veqocw to use air_attack
[2025-05-28 01:10:49] [INFO] [CombatSystem] Checking cost requirements for Veqocw to use air_attack
[2025-05-28 01:10:49] [INFO] [CombatSystem] Veqocw is able to pay for air_attack
[2025-05-28 01:10:49] [INFO] [CombatSystem] Started constructing cost mappings for Veqocw to use air_attack
[2025-05-28 01:10:49] [INFO] [CombatSystem] Finished constructing cost mappings for Veqocw to use air_attack
[2025-05-28 01:10:49] [INFO] [CombatSystem] Paying cost requirements for Veqocw using air_attack
[2025-05-28 01:10:49] [INFO] [CombatSystem] Paying 2.0 mana out of 20.0 mana to use air_attack
[2025-05-28 01:10:49] [INFO] [AbilitySystem] Used from air_attack on [4, 2]
[2025-05-28 01:10:49] [INFO] [AbilityDamageReport] Started constructing damage mappings for Veqocw to use air_attack
[2025-05-28 01:10:49] [INFO] [AbilityDamageReport] Finished constructing damage mappings for Veqocw to use air_attack
[2025-05-28 01:10:49] [INFO] [AbilityDamageReport] Started constructing damage mappings after defense Veqocw to use air_attack
[2025-05-28 01:10:49] [INFO] [AbilityDamageReport] Started calculating damage after modifiers for Veqocw
[2025-05-28 01:10:49] [INFO] [AbilityDamageReport] 10.0 Raw damage before modifiers for air_attack
[2025-05-28 01:10:49] [INFO] [AbilityDamageReport] Veqocw lands a Same-Type-Attack-Bonus with air_attack, for 12.0
[2025-05-28 01:10:49] [INFO] [AbilityDamageReport] 22.0 damage after modifiers for air_attack
[2025-05-28 01:10:49] [INFO] [AbilityDamageReport] Finished calculating damage after modifiers for Veqocw
[2025-05-28 01:10:49] [INFO] [AbilityDamageReport] Started calculating damage after defenses for Qacg
[2025-05-28 01:10:49] [INFO] [AbilityDamageReport] 22.0 Raw damage after defenses for air_attack
[2025-05-28 01:10:49] [INFO] [AbilityDamageReport] Finished calculating damage after defenses for Qacg
[2025-05-28 01:10:49] [INFO] [AbilityDamageReport] 20.0 damage after defenses for air_attack
[2025-05-28 01:10:49] [INFO] [AbilityDamageReport] Finished constructing damage mappings after for Veqocw to use air_attack
[2025-05-28 01:10:49] [INFO] [CombatSystem] Started dealing damage with air_attack to Qacg 
[2025-05-28 01:10:49] [INFO] [AbilityDamageReport] Started constructing damage mappings for Veqocw to use air_attack
[2025-05-28 01:10:49] [INFO] [AbilityDamageReport] Finished constructing damage mappings for Veqocw to use air_attack
[2025-05-28 01:10:49] [INFO] [AbilityDamageReport] Started constructing damage mappings after defense Veqocw to use air_attack
[2025-05-28 01:10:49] [INFO] [AbilityDamageReport] Started calculating damage after modifiers for Veqocw
[2025-05-28 01:10:49] [INFO] [AbilityDamageReport] 10.0 Raw damage before modifiers for air_attack
[2025-05-28 01:10:49] [INFO] [AbilityDamageReport] Veqocw lands a Same-Type-Attack-Bonus with air_attack, for 12.0
[2025-05-28 01:10:49] [INFO] [AbilityDamageReport] 22.0 damage after modifiers for air_attack
[2025-05-28 01:10:49] [INFO] [AbilityDamageReport] Finished calculating damage after modifiers for Veqocw
[2025-05-28 01:10:49] [INFO] [AbilityDamageReport] Started calculating damage after defenses for Uycygy
[2025-05-28 01:10:49] [INFO] [AbilityDamageReport] 22.0 Raw damage after defenses for air_attack
[2025-05-28 01:10:49] [INFO] [AbilityDamageReport] Finished calculating damage after defenses for Uycygy
[2025-05-28 01:10:49] [INFO] [AbilityDamageReport] 20.0 damage after defenses for air_attack
[2025-05-28 01:10:49] [INFO] [AbilityDamageReport] Finished constructing damage mappings after for Veqocw to use air_attack
[2025-05-28 01:10:49] [INFO] [CombatSystem] Started dealing damage with air_attack to Uycygy 
[2025-05-28 01:10:49] [INFO] [AbilityDamageReport] Started constructing damage mappings for Veqocw to use air_attack
[2025-05-28 01:10:49] [INFO] [AbilityDamageReport] Finished constructing damage mappings for Veqocw to use air_attack
[2025-05-28 01:10:49] [INFO] [AbilityDamageReport] Started constructing damage mappings after defense Veqocw to use air_attack
[2025-05-28 01:10:49] [INFO] [AbilityDamageReport] Started calculating damage after modifiers for Veqocw
[2025-05-28 01:10:49] [INFO] [AbilityDamageReport] 10.0 Raw damage before modifiers for air_attack
[2025-05-28 01:10:49] [INFO] [AbilityDamageReport] Veqocw lands a Same-Type-Attack-Bonus with air_attack, for 12.0
[2025-05-28 01:10:49] [INFO] [AbilityDamageReport] 22.0 damage after modifiers for air_attack
[2025-05-28 01:10:49] [INFO] [AbilityDamageReport] Finished calculating damage after modifiers for Veqocw
[2025-05-28 01:10:49] [INFO] [AbilityDamageReport] Started calculating damage after defenses for Vyxoec
[2025-05-28 01:10:49] [INFO] [AbilityDamageReport] 22.0 Raw damage after defenses for air_attack
[2025-05-28 01:10:49] [INFO] [AbilityDamageReport] Finished calculating damage after defenses for Vyxoec
[2025-05-28 01:10:49] [INFO] [AbilityDamageReport] 20.0 damage after defenses for air_attack
[2025-05-28 01:10:49] [INFO] [AbilityDamageReport] Finished constructing damage mappings after for Veqocw to use air_attack
[2025-05-28 01:10:49] [INFO] [CombatSystem] Started dealing damage with air_attack to Vyxoec 
[2025-05-28 01:10:49] [INFO] [AbilityDamageReport] Started constructing damage mappings for Veqocw to use air_attack
[2025-05-28 01:10:49] [INFO] [AbilityDamageReport] Finished constructing damage mappings for Veqocw to use air_attack
[2025-05-28 01:10:49] [INFO] [AbilityDamageReport] Started constructing damage mappings after defense Veqocw to use air_attack
[2025-05-28 01:10:49] [INFO] [AbilityDamageReport] Started calculating damage after modifiers for Veqocw
[2025-05-28 01:10:49] [INFO] [AbilityDamageReport] 10.0 Raw damage before modifiers for air_attack
[2025-05-28 01:10:49] [INFO] [AbilityDamageReport] Veqocw lands a Same-Type-Attack-Bonus with air_attack, for 12.0
[2025-05-28 01:10:49] [INFO] [AbilityDamageReport] 22.0 damage after modifiers for air_attack
[2025-05-28 01:10:49] [INFO] [AbilityDamageReport] Finished calculating damage after modifiers for Veqocw
[2025-05-28 01:10:49] [INFO] [AbilityDamageReport] Started calculating damage after defenses for Veqocw
[2025-05-28 01:10:49] [INFO] [AbilityDamageReport] 22.0 Raw damage after defenses for air_attack
[2025-05-28 01:10:49] [INFO] [AbilityDamageReport] Veqocw defends with Same-Type-Defense-Bonus from air_attack for 15.4
[2025-05-28 01:10:49] [INFO] [AbilityDamageReport] Finished calculating damage after defenses for Veqocw
[2025-05-28 01:10:49] [INFO] [AbilityDamageReport] 6.0000005 damage after defenses for air_attack
[2025-05-28 01:10:49] [INFO] [AbilityDamageReport] Finished constructing damage mappings after for Veqocw to use air_attack
[2025-05-28 01:10:49] [INFO] [CombatSystem] Started dealing damage with air_attack to Veqocw 
[2025-05-28 01:10:49] [INFO] [AbilitySystem] Started updating {} because of ability
[2025-05-28 01:10:49] [INFO] [AbilitySystem] Finished update updating {} because of ability
[2025-05-28 01:10:49] [INFO] [AbilitySystem] Started updating {} because of ability
[2025-05-28 01:10:49] [INFO] [AbilitySystem] Finished update updating {} because of ability
[2025-05-28 01:10:49] [INFO] [AbilitySystem] Started updating {} because of ability
[2025-05-28 01:10:49] [INFO] [AbilitySystem] Finished update updating {} because of ability
[2025-05-28 01:10:49] [INFO] [AbilitySystem] Started updating {} because of ability
[2025-05-28 01:10:49] [INFO] [AbilitySystem] Finished update updating {} because of ability
[2025-05-28 01:10:49] [INFO] [AbilitySystem] Started updating {} because of ability
[2025-05-28 01:10:49] [INFO] [AbilitySystem] Finished update updating {} because of ability
