[2025-04-15 19:07:12] [INFO] [UnitTable] Started initializing UnitTable
[2025-04-15 19:07:12] [INFO] [EmeritusDatabase] Started initializing EmeritusDatabase
[2025-04-15 19:07:12] [INFO] [EmeritusDatabase] Finished initializing EmeritusDatabase
[2025-04-15 19:07:12] [INFO] [UnitTable] Successfully initialized UnitTable
[2025-04-15 19:07:12] [INFO] [UnitTable] Finished initializing UnitTable
[2025-04-15 19:07:12] [INFO] [AbilityTable] Started initializing AbilityTable
[2025-04-15 19:07:12] [INFO] [AbilityTable] Finished initializing AbilityTable
[2025-04-15 19:07:12] [INFO] [UserSaveStateManager] Started loading user save data
[2025-04-15 19:07:12] [INFO] [UserSaveStateManager] Finished loading user save data
[2025-04-15 19:07:12] [INFO] [AssetPool] Started initializing AssetPool
[2025-04-15 19:07:12] [INFO] [AssetNameSpace] Started loading Sprite's from ./res/graphics
[2025-04-15 19:07:12] [INFO] [AssetNameSpace] Finished reading files for sprites
[2025-04-15 19:07:12] [INFO] [AssetNameSpace] Finished loading ./res/graphics
[2025-04-15 19:07:12] [INFO] [AssetPool] Finished initializing AssetPool
[2025-04-15 19:07:12] [INFO] [Component] Setting earth_dragon_Hutfe_823e5236-5f1a-4a2e-8d8d-d8d06a4c914f on to {"spawn_region":[],"collider":"","unit":"earth_dragon_Hutfe_823e5236-5f1a-4a2e-8d8d-d8d06a4c914f","column":6,"row":1,"structure":"","height":0}.
[2025-04-15 19:07:12] [INFO] [SpeedQueue] Added unit enemy:Hutfe into queue
[2025-04-15 19:07:12] [INFO] [Component] Setting dark_dragon_Jaxqe_f942f131-57e0-40a4-87b9-0b4579b34781 on to {"spawn_region":[],"collider":"","unit":"dark_dragon_Jaxqe_f942f131-57e0-40a4-87b9-0b4579b34781","column":0,"row":7,"structure":"","height":0}.
[2025-04-15 19:07:12] [INFO] [SpeedQueue] Added unit enemy:Jaxqe into queue
[2025-04-15 19:07:12] [INFO] [Component] Setting dragon_Pune_65bf1213-b844-46f0-8b6f-b9df1fb22038 on to {"spawn_region":[],"collider":"","unit":"dragon_Pune_65bf1213-b844-46f0-8b6f-b9df1fb22038","column":1,"row":6,"structure":"","height":0}.
[2025-04-15 19:07:12] [INFO] [SpeedQueue] Added unit enemy:Pune into queue
[2025-04-15 19:07:12] [INFO] [Component] Setting dragon_Eiufwe_7f0b9064-502e-4ca5-8f52-b2aa8e9ada11 on to {"spawn_region":[],"collider":"","unit":"dragon_Eiufwe_7f0b9064-502e-4ca5-8f52-b2aa8e9ada11","column":0,"row":1,"structure":"","height":0}.
[2025-04-15 19:07:12] [INFO] [SpeedQueue] Added unit enemy:Eiufwe into queue
[2025-04-15 19:07:12] [INFO] [Component] Setting fire_dragon_Vixe_cfa86755-ef04-492c-a76c-902ea7bedea9 on to {"spawn_region":[],"collider":"","unit":"fire_dragon_Vixe_cfa86755-ef04-492c-a76c-902ea7bedea9","column":1,"row":5,"structure":"","height":0}.
[2025-04-15 19:07:12] [INFO] [SpeedQueue] Added unit enemy:Vixe into queue
[2025-04-15 19:07:12] [INFO] [Component] Setting water_dragon_Sefa_f71622d5-06b3-4987-9c37-495f3e697704 on to {"spawn_region":[],"collider":"","unit":"water_dragon_Sefa_f71622d5-06b3-4987-9c37-495f3e697704","column":4,"row":7,"structure":"","height":0}.
[2025-04-15 19:07:12] [INFO] [SpeedQueue] Added unit user:Sefa into queue
[2025-04-15 19:07:12] [INFO] [EngineController] Started setting scene to MENU_SCENE
[2025-04-15 19:07:13] [INFO] [EngineController] Finished setting scene to MENU_SCENE
[2025-04-15 19:07:13] [INFO] [EngineController] Started setting scene to MAP_EDITOR_SCENE
[2025-04-15 19:07:13] [INFO] [FontPool] Started initializing FontPool
[2025-04-15 19:07:13] [INFO] [FontPool] ✅ Successfully loaded font: Lilian
[2025-04-15 19:07:13] [INFO] [MapEditorScene] Starting to create new GameController!
[2025-04-15 19:07:13] [INFO] [MapEditorScene] Successfully created new GameController!
[2025-04-15 19:07:13] [INFO] [EngineController] Finished setting scene to MAP_EDITOR_SCENE
[2025-04-15 19:07:13] [INFO] [InputHandler] Gliding 0 camera to new tile 10_12_3b22ba07-b08d-4a86-a9d3-6df723ee96cb
[2025-04-15 19:07:13] [INFO] [TimeLinePanel] Started updating the timeline panel after turn order has changed.
[2025-04-15 19:07:13] [INFO] [TimeLinePanel] Finished updating the timeline panel after turn order has changed.
[2025-04-15 19:07:13] [INFO] [SelectedTilePanel] Checksum updated, getting units at selected tiles.
[2025-04-15 19:07:13] [INFO] [SelectedTilePanel] Either no unit selected or more than one unit selected
[2025-04-15 19:07:13] [INFO] [VisualsSystem] Started creating blurred background
[2025-04-15 19:07:14] [INFO] [VisualsSystem] Finished creating blurred background after 0.48116689920425415 seconds
