[2025-03-21 01:40:47] [INFO] [AssetPool] Started initializing AssetPool
[2025-03-21 01:40:47] [INFO] [SpriteSheetOG] Started loading Sprite's from ./res/graphics
[2025-03-21 01:40:47] [INFO] [SpriteSheetOG] Finished reading files for sprites
[2025-03-21 01:40:47] [INFO] [Sprite] Finished loading ./res/graphics/misc/blue_reticle.png
[2025-03-21 01:40:47] [INFO] [Sprite] Finished loading ./res/graphics/misc/pink_spawn.png
[2025-03-21 01:40:47] [INFO] [Sprite] Finished loading ./res/graphics/misc/reticle.png
[2025-03-21 01:40:47] [INFO] [Sprite] Finished loading ./res/graphics/misc/yellow_spawn.png
[2025-03-21 01:40:47] [INFO] [Sprite] Finished loading ./res/graphics/misc/blue_spawn.png
[2025-03-21 01:40:47] [INFO] [Sprite] Finished loading ./res/graphics/misc/red_reticle.png
[2025-03-21 01:40:47] [INFO] [Sprite] Finished loading ./res/graphics/misc/depth_shadows.png
[2025-03-21 01:40:47] [INFO] [Sprite] Finished loading ./res/graphics/misc/yellow_reticle.png
[2025-03-21 01:40:47] [INFO] [Sprite] Finished loading ./res/graphics/misc/red_spawn.png
[2025-03-21 01:40:47] [INFO] [Sprite] Finished loading ./res/graphics/misc/directional_shadows.png
[2025-03-21 01:40:47] [INFO] [Sprite] Finished loading ./res/graphics/shadows/northwest.png
[2025-03-21 01:40:47] [INFO] [Sprite] Finished loading ./res/graphics/shadows/west.png
[2025-03-21 01:40:47] [INFO] [Sprite] Finished loading ./res/graphics/shadows/north.png
[2025-03-21 01:40:47] [INFO] [Sprite] Finished loading ./res/graphics/shadows/east.png
[2025-03-21 01:40:47] [INFO] [Sprite] Finished loading ./res/graphics/shadows/northeast.png
[2025-03-21 01:40:47] [INFO] [Sprite] Finished loading ./res/graphics/shadows/south.png
[2025-03-21 01:40:47] [INFO] [Sprite] Finished loading ./res/graphics/shadows/southwest.png
[2025-03-21 01:40:47] [INFO] [Sprite] Finished loading ./res/graphics/shadows/southeast.png
[2025-03-21 01:40:47] [INFO] [Sprite] Finished loading ./res/graphics/structures/tree3_structure.png
[2025-03-21 01:40:47] [INFO] [Sprite] Finished loading ./res/graphics/structures/tree4_structure.png
[2025-03-21 01:40:47] [INFO] [Sprite] Finished loading ./res/graphics/structures/tree1_structure.png
[2025-03-21 01:40:47] [INFO] [Sprite] Finished loading ./res/graphics/structures/tree5_structure.png
[2025-03-21 01:40:47] [INFO] [Sprite] Finished loading ./res/graphics/structures/tree2_structure.png
[2025-03-21 01:40:47] [INFO] [Sprite] Finished loading ./res/graphics/structures/tree6_structure.png
[2025-03-21 01:40:47] [INFO] [Sprite] Finished loading ./res/graphics/wall_tiles/rock_wall2.png
[2025-03-21 01:40:47] [INFO] [Sprite] Finished loading ./res/graphics/wall_tiles/sandstone_wall.png
[2025-03-21 01:40:47] [INFO] [Sprite] Finished loading ./res/graphics/wall_tiles/elden_yellow_wall.png
[2025-03-21 01:40:47] [INFO] [Sprite] Finished loading ./res/graphics/wall_tiles/vine_on_wall.png
[2025-03-21 01:40:47] [INFO] [Sprite] Finished loading ./res/graphics/wall_tiles/boulder_wall.png
[2025-03-21 01:40:47] [INFO] [Sprite] Finished loading ./res/graphics/wall_tiles/white_marble_wall.png
[2025-03-21 01:40:47] [INFO] [Sprite] Finished loading ./res/graphics/wall_tiles/elden_green_wall.png
[2025-03-21 01:40:47] [INFO] [Sprite] Finished loading ./res/graphics/wall_tiles/brown_marble_wall.png
[2025-03-21 01:40:47] [INFO] [Sprite] Finished loading ./res/graphics/wall_tiles/small_brick_wall.png
[2025-03-21 01:40:47] [INFO] [Sprite] Finished loading ./res/graphics/wall_tiles/moss_wall.png
[2025-03-21 01:40:47] [INFO] [Sprite] Finished loading ./res/graphics/wall_tiles/dirt_brick_vine_wall.png
[2025-03-21 01:40:47] [INFO] [Sprite] Finished loading ./res/graphics/wall_tiles/elden_purple_wall.png
[2025-03-21 01:40:47] [INFO] [Sprite] Finished loading ./res/graphics/wall_tiles/large_brick_wall.png
[2025-03-21 01:40:47] [INFO] [Sprite] Finished loading ./res/graphics/wall_tiles/dirt_wall.png
[2025-03-21 01:40:47] [INFO] [Sprite] Finished loading ./res/graphics/wall_tiles/alien_wall.png
[2025-03-21 01:40:47] [INFO] [Sprite] Finished loading ./res/graphics/wall_tiles/industrial_brick_wall.png
[2025-03-21 01:40:47] [INFO] [Sprite] Finished loading ./res/graphics/wall_tiles/rock_wall.png
[2025-03-21 01:40:47] [INFO] [Sprite] Finished loading ./res/graphics/wall_tiles/dirt_wall2.png
[2025-03-21 01:40:47] [INFO] [Sprite] Finished loading ./res/graphics/wall_tiles/moss_wall2.png
[2025-03-21 01:40:47] [INFO] [Sprite] Finished loading ./res/graphics/wall_tiles/moss_wall3.png
[2025-03-21 01:40:47] [INFO] [Sprite] Finished loading ./res/graphics/wall_tiles/no_wall.png
[2025-03-21 01:40:47] [INFO] [Sprite] Finished loading ./res/graphics/wall_tiles/alien_rune_wall.png
[2025-03-21 01:40:47] [INFO] [Sprite] Finished loading ./res/graphics/wall_tiles/industrial_wall.png
[2025-03-21 01:40:47] [INFO] [Sprite] Finished loading ./res/graphics/wall_tiles/small_brick_wall2.png
[2025-03-21 01:40:47] [INFO] [Sprite] Finished loading ./res/graphics/old/liquids 2.png
[2025-03-21 01:40:47] [INFO] [Sprite] Finished loading ./res/graphics/old/gems.png
[2025-03-21 01:40:47] [INFO] [Sprite] Finished loading ./res/graphics/old/floors.png
[2025-03-21 01:40:47] [INFO] [Sprite] Finished loading ./res/graphics/old/terrains.png
[2025-03-21 01:40:47] [INFO] [Sprite] Finished loading ./res/graphics/old/gemsRaw.png
[2025-03-21 01:40:47] [INFO] [Sprite] Finished loading ./res/graphics/old/walls.png
[2025-03-21 01:40:47] [INFO] [Sprite] Finished loading ./res/graphics/old/special2.png
[2025-03-21 01:40:47] [INFO] [Sprite] Finished loading ./res/graphics/old/structures.png
[2025-03-21 01:40:47] [INFO] [Sprite] Finished loading ./res/graphics/old/special.png
[2025-03-21 01:40:48] [INFO] [Sprite] Finished loading ./res/graphics/old/liquids.png
[2025-03-21 01:40:48] [INFO] [Sprite] Finished loading ./res/graphics/old/units.png
[2025-03-21 01:40:48] [INFO] [Sprite] Finished loading ./res/graphics/old/terrains2.png
[2025-03-21 01:40:48] [INFO] [Sprite] Finished loading ./res/graphics/old/floors2.png
[2025-03-21 01:40:48] [INFO] [Sprite] Finished loading ./res/graphics/floor_tiles/sand_1_floor.png
[2025-03-21 01:40:48] [INFO] [Sprite] Finished loading ./res/graphics/floor_tiles/sand_dark_floor.png
[2025-03-21 01:40:48] [INFO] [Sprite] Finished loading ./res/graphics/floor_tiles/dirty_grass_1_floor.png
[2025-03-21 01:40:48] [INFO] [Sprite] Finished loading ./res/graphics/floor_tiles/white_sand_floor.png
[2025-03-21 01:40:48] [INFO] [Sprite] Finished loading ./res/graphics/floor_tiles/white_sands_2.png
[2025-03-21 01:40:48] [INFO] [Sprite] Finished loading ./res/graphics/floor_tiles/dirty_grass_2_floor.png
[2025-03-21 01:40:48] [INFO] [Sprite] Finished loading ./res/graphics/floor_tiles/sand_3_floor.png
[2025-03-21 01:40:48] [INFO] [Sprite] Finished loading ./res/graphics/floor_tiles/obsidian_floor.png
[2025-03-21 01:40:48] [INFO] [Sprite] Finished loading ./res/graphics/floor_tiles/base_floor.png
[2025-03-21 01:40:48] [INFO] [Sprite] Finished loading ./res/graphics/floor_tiles/sand_floor.png
[2025-03-21 01:40:48] [INFO] [Sprite] Finished loading ./res/graphics/floor_tiles/dirty_grass_3_floor.png
[2025-03-21 01:40:48] [INFO] [Sprite] Finished loading ./res/graphics/floor_tiles/sand_2_floor.png
[2025-03-21 01:40:48] [INFO] [Sprite] Finished loading ./res/graphics/units/Air_Dragon.png
[2025-03-21 01:40:48] [INFO] [Sprite] Finished loading ./res/graphics/units/Dragon.png
[2025-03-21 01:40:48] [INFO] [Sprite] Finished loading ./res/graphics/units/Dark_Dragon.png
[2025-03-21 01:40:48] [INFO] [Sprite] Finished loading ./res/graphics/units/Earth_Dragon.png
[2025-03-21 01:40:48] [INFO] [Sprite] Finished loading ./res/graphics/units/Light_Dragon.png
[2025-03-21 01:40:48] [INFO] [Sprite] Finished loading ./res/graphics/units/Water_Dragon.png
[2025-03-21 01:40:48] [INFO] [Sprite] Finished loading ./res/graphics/units/Fire_Dragon.png
[2025-03-21 01:40:48] [INFO] [Sprite] Finished loading ./res/graphics/actions/StatsDown.png
[2025-03-21 01:40:48] [INFO] [Sprite] Finished loading ./res/graphics/actions/PhysicalHit4.png
[2025-03-21 01:40:48] [INFO] [Sprite] Finished loading ./res/graphics/actions/Slash.png
[2025-03-21 01:40:48] [INFO] [Sprite] Finished loading ./res/graphics/actions/Air.png
[2025-03-21 01:40:48] [INFO] [Sprite] Finished loading ./res/graphics/actions/Dark.png
[2025-03-21 01:40:48] [INFO] [Sprite] Finished loading ./res/graphics/actions/Blunt.png
[2025-03-21 01:40:48] [INFO] [Sprite] Finished loading ./res/graphics/actions/Fire.png
[2025-03-21 01:40:48] [INFO] [Sprite] Finished loading ./res/graphics/actions/Earth.png
[2025-03-21 01:40:48] [INFO] [Sprite] Finished loading ./res/graphics/actions/Light.png
[2025-03-21 01:40:48] [INFO] [Sprite] Finished loading ./res/graphics/actions/StatsUp.png
[2025-03-21 01:40:48] [INFO] [Sprite] Finished loading ./res/graphics/actions/Water.png
[2025-03-21 01:40:48] [INFO] [Sprite] Finished loading ./res/graphics/actions/Pierce.png
[2025-03-21 01:40:48] [INFO] [Sprite] Finished loading ./res/graphics/spells/LightSpell.png
[2025-03-21 01:40:48] [INFO] [Sprite] Finished loading ./res/graphics/spells/StatsDown.png
[2025-03-21 01:40:48] [INFO] [Sprite] Finished loading ./res/graphics/spells/WindSpell.png
[2025-03-21 01:40:48] [INFO] [Sprite] Finished loading ./res/graphics/spells/WaterSpell.png
[2025-03-21 01:40:48] [INFO] [Sprite] Finished loading ./res/graphics/spells/PhysicalHit4.png
[2025-03-21 01:40:48] [INFO] [Sprite] Finished loading ./res/graphics/spells/PhysicalHit1.png
[2025-03-21 01:40:48] [INFO] [Sprite] Finished loading ./res/graphics/spells/LightningSpell.png
[2025-03-21 01:40:48] [INFO] [Sprite] Finished loading ./res/graphics/spells/PhysicalHit3.png
[2025-03-21 01:40:48] [INFO] [Sprite] Finished loading ./res/graphics/spells/PhysicalHit2.png
[2025-03-21 01:40:48] [INFO] [Sprite] Finished loading ./res/graphics/spells/FireSpell.png
[2025-03-21 01:40:48] [INFO] [Sprite] Finished loading ./res/graphics/spells/DarkSpell.png
[2025-03-21 01:40:48] [INFO] [Sprite] Finished loading ./res/graphics/spells/StatsUp.png
[2025-03-21 01:40:48] [INFO] [Sprite] Finished loading ./res/graphics/spells/EarthSpell.png
[2025-03-21 01:40:48] [INFO] [Sprite] Finished loading ./res/graphics/liquids/greater_leafage_liquid.png
[2025-03-21 01:40:48] [INFO] [Sprite] Finished loading ./res/graphics/liquids/waterV4_liquid.png
[2025-03-21 01:40:48] [INFO] [Sprite] Finished loading ./res/graphics/liquids/shallow_swamp.png
[2025-03-21 01:40:48] [INFO] [Sprite] Finished loading ./res/graphics/liquids/water5.png
[2025-03-21 01:40:48] [INFO] [Sprite] Finished loading ./res/graphics/liquids/swamp_2.png
[2025-03-21 01:40:48] [INFO] [Sprite] Finished loading ./res/graphics/liquids/Lava_liquid.png
[2025-03-21 01:40:48] [INFO] [Sprite] Finished loading ./res/graphics/liquids/swamp2.png
[2025-03-21 01:40:48] [INFO] [Sprite] Finished loading ./res/graphics/liquids/waterV33_liquid.png
[2025-03-21 01:40:48] [INFO] [Sprite] Finished loading ./res/graphics/liquids/shallow_water_liquid.png
[2025-03-21 01:40:48] [INFO] [Sprite] Finished loading ./res/graphics/liquids/water_liquid.png
[2025-03-21 01:40:48] [INFO] [Sprite] Finished loading ./res/graphics/liquids/waterV2_liquid.png
[2025-03-21 01:40:48] [INFO] [Sprite] Finished loading ./res/graphics/liquids/swamp2_liquid.png
[2025-03-21 01:40:48] [INFO] [SpriteSheetOG] Finished loading ./res/graphics
[2025-03-21 01:40:48] [INFO] [AssetPool] Finished initializing AssetPool
[2025-03-21 01:40:48] [INFO] [FontPoolV1] Started initializing FontPoolV1
[2025-03-21 01:40:48] [INFO] [FontPoolV1] Finished initializing FontPoolV1
[2025-03-21 01:40:48] [INFO] [UnitDatabase] Started initializing UnitDatabase
[2025-03-21 01:40:48] [INFO] [UnitDatabase] Successfully initialized UnitDatabase
[2025-03-21 01:40:48] [INFO] [UnitDatabase] Finished initializing UnitDatabase
[2025-03-21 01:40:48] [INFO] [JsonDatabase] Started initializing JsonDatabase
[2025-03-21 01:40:48] [INFO] [JsonTable] Started initializing JsonTable
[2025-03-21 01:40:48] [INFO] [JsonTable] Successfully initialized JsonTable
[2025-03-21 01:40:48] [INFO] [JsonTable] Finished initializing JsonTable
[2025-03-21 01:40:48] [INFO] [JsonTable] Started initializing JsonTable
[2025-03-21 01:40:48] [INFO] [JsonTable] Successfully initialized JsonTable
[2025-03-21 01:40:48] [INFO] [JsonTable] Finished initializing JsonTable
[2025-03-21 01:40:48] [INFO] [JsonTable] Started initializing JsonTable
[2025-03-21 01:40:48] [INFO] [JsonTable] Successfully initialized JsonTable
[2025-03-21 01:40:48] [INFO] [JsonTable] Finished initializing JsonTable
[2025-03-21 01:40:48] [INFO] [JsonDatabase] Successfully initialized JsonDatabase
[2025-03-21 01:40:48] [INFO] [JsonDatabase] Finished initializing JsonDatabase
[2025-03-21 01:40:48] [INFO] [Component] Setting 6e5fc57e-f8c1-4b6d-8ab8-d1e354d98498 on to 78a368e3-7f2f-4c3f-a44b-8d452873d8c6.
[2025-03-21 01:40:48] [INFO] [SpeedQueue] Added unit enemy:Diuy into queue
[2025-03-21 01:40:48] [INFO] [Component] Setting 7df91650-ba34-4bb9-a51f-4dc7f974374e on to 3126cf88-4f5b-4164-9ff1-8f141d2182b1.
[2025-03-21 01:40:48] [INFO] [SpeedQueue] Added unit enemy:Lykou into queue
[2025-03-21 01:40:48] [INFO] [Component] Setting 436588ff-724f-41e0-9222-74caceb48a59 on to 4b7ec8e5-e2ed-4aae-902c-cb9de924aa76.
[2025-03-21 01:40:48] [INFO] [SpeedQueue] Added unit enemy:Oyyeoi into queue
[2025-03-21 01:40:48] [INFO] [Component] Setting bc75e701-a65f-4a1d-9db7-75c6bba32383 on to 6ae17e64-8b19-496c-8afd-21c02b6a4470.
[2025-03-21 01:40:48] [INFO] [SpeedQueue] Added unit enemy:Kyevp into queue
[2025-03-21 01:40:48] [INFO] [Component] Setting 9b403ede-01e5-4664-9b32-beea7571b3ae on to 899e3363-7a6c-4c15-adc9-fc26ec1b9abd.
[2025-03-21 01:40:48] [INFO] [SpeedQueue] Added unit user:Sipx into queue
[2025-03-21 01:40:48] [INFO] [Component] Setting 65ee3fa2-9239-44fb-a8c6-8e2af42f769e on to 4fdbc4ee-1640-47e5-843d-7bf40da3eb1d.
[2025-03-21 01:40:48] [INFO] [SpeedQueue] Added unit user:Weng into queue
[2025-03-21 01:40:48] [INFO] [Component] Setting 2ad20e83-a9a2-4817-835e-befdc2aef9fd on to 33399b15-7807-4764-bd5c-e070f547d4ea.
[2025-03-21 01:40:48] [INFO] [SpeedQueue] Added unit user:Bivb into queue
[2025-03-21 01:40:48] [INFO] [FontPool] Started initializing FontPool
[2025-03-21 01:40:48] [INFO] [FontPool] ✅ Successfully loaded font: Lilian
[2025-03-21 01:40:49] [INFO] [SpeedQueue] Speed queue updated.
[2025-03-21 01:40:49] [INFO] [VisualsSystem] Started creating blurred background
[2025-03-21 01:40:49] [INFO] [TimeLinePanel] Started updating the timeline panel after turn order has changed.
[2025-03-21 01:40:49] [INFO] [TimeLinePanel] Finished updating the timeline panel after turn order has changed.
[2025-03-21 01:40:49] [INFO] [SelectedTilePanel] Checksum updated, getting units at selected tiles.
[2025-03-21 01:40:49] [INFO] [SelectedTilePanel] Either no unit selected or more than one unit selected
[2025-03-21 01:40:49] [INFO] [LesserStatisticsInformationPanel] Checksum has been updated, querying statistics for unit 9b403ede-01e5-4664-9b32-beea7571b3ae
[2025-03-21 01:40:49] [INFO] [VisualsSystem] Finished creating blurred background after 0.5008145570755005 seconds
[2025-03-21 01:40:50] [INFO] [SelectedTilePanel] Checksum updated, getting units at selected tiles.
[2025-03-21 01:40:50] [INFO] [SelectedTilePanel] Either no unit selected or more than one unit selected
[2025-03-21 01:40:51] [INFO] [SelectedTilePanel] Checksum updated, getting units at selected tiles.
[2025-03-21 01:40:51] [INFO] [SelectedTilePanel] Either no unit selected or more than one unit selected
[2025-03-21 01:40:53] [INFO] [InputHandler] Gliding secondary.camera camera to new tile 6ae17e64-8b19-496c-8afd-21c02b6a4470
[2025-03-21 01:40:53] [INFO] [InputHandler] Gliding main.camera camera to new tile 6ae17e64-8b19-496c-8afd-21c02b6a4470
[2025-03-21 01:40:53] [INFO] [SelectedTilePanel] Checksum updated, getting units at selected tiles.
[2025-03-21 01:40:53] [INFO] [SelectedTilePanel] Updated selected tile display to view Kyevp
[2025-03-21 01:40:53] [INFO] [LesserStatisticsInformationPanel] Finished updating Greater UI
[2025-03-21 01:40:54] [INFO] [InputHandler] Gliding secondary.camera camera to new tile 3126cf88-4f5b-4164-9ff1-8f141d2182b1
[2025-03-21 01:40:54] [INFO] [InputHandler] Gliding main.camera camera to new tile 3126cf88-4f5b-4164-9ff1-8f141d2182b1
[2025-03-21 01:40:54] [INFO] [SelectedTilePanel] Checksum updated, getting units at selected tiles.
[2025-03-21 01:40:54] [INFO] [SelectedTilePanel] Updated selected tile display to view Lykou
[2025-03-21 01:40:54] [INFO] [LesserStatisticsInformationPanel] Finished updating Greater UI
[2025-03-21 01:40:55] [INFO] [InputHandler] Gliding secondary.camera camera to new tile 78a368e3-7f2f-4c3f-a44b-8d452873d8c6
[2025-03-21 01:40:55] [INFO] [InputHandler] Gliding main.camera camera to new tile 78a368e3-7f2f-4c3f-a44b-8d452873d8c6
[2025-03-21 01:40:55] [INFO] [SelectedTilePanel] Checksum updated, getting units at selected tiles.
[2025-03-21 01:40:55] [INFO] [SelectedTilePanel] Updated selected tile display to view Diuy
[2025-03-21 01:40:55] [INFO] [LesserStatisticsInformationPanel] Finished updating Greater UI
[2025-03-21 01:40:56] [INFO] [SelectedTilePanel] Checksum updated, getting units at selected tiles.
[2025-03-21 01:40:56] [INFO] [SelectedTilePanel] Either no unit selected or more than one unit selected
[2025-03-21 01:40:57] [INFO] [SelectedTilePanel] Checksum updated, getting units at selected tiles.
[2025-03-21 01:40:57] [INFO] [SelectedTilePanel] Either no unit selected or more than one unit selected
[2025-03-21 01:40:58] [INFO] [SelectedTilePanel] Checksum updated, getting units at selected tiles.
[2025-03-21 01:40:58] [INFO] [SelectedTilePanel] Either no unit selected or more than one unit selected
[2025-03-21 01:40:59] [INFO] [SelectedTilePanel] Checksum updated, getting units at selected tiles.
[2025-03-21 01:40:59] [INFO] [SelectedTilePanel] Either no unit selected or more than one unit selected
[2025-03-21 01:41:00] [INFO] [InputHandler] Gliding secondary.camera camera to new tile 899e3363-7a6c-4c15-adc9-fc26ec1b9abd
[2025-03-21 01:41:00] [INFO] [InputHandler] Gliding main.camera camera to new tile 899e3363-7a6c-4c15-adc9-fc26ec1b9abd
[2025-03-21 01:41:00] [INFO] [SelectedTilePanel] Checksum updated, getting units at selected tiles.
[2025-03-21 01:41:00] [INFO] [SelectedTilePanel] Updated selected tile display to view Sipx
[2025-03-21 01:41:00] [INFO] [LesserStatisticsInformationPanel] Finished updating Greater UI
[2025-03-21 01:41:01] [INFO] [InputHandler] Gliding secondary.camera camera to new tile 6ae17e64-8b19-496c-8afd-21c02b6a4470
[2025-03-21 01:41:01] [INFO] [InputHandler] Gliding main.camera camera to new tile 6ae17e64-8b19-496c-8afd-21c02b6a4470
[2025-03-21 01:41:01] [INFO] [SelectedTilePanel] Checksum updated, getting units at selected tiles.
[2025-03-21 01:41:01] [INFO] [SelectedTilePanel] Updated selected tile display to view Kyevp
[2025-03-21 01:41:01] [INFO] [LesserStatisticsInformationPanel] Finished updating Greater UI
[2025-03-21 01:41:03] [INFO] [InputHandler] Gliding secondary.camera camera to new tile 4fdbc4ee-1640-47e5-843d-7bf40da3eb1d
[2025-03-21 01:41:03] [INFO] [InputHandler] Gliding main.camera camera to new tile 4fdbc4ee-1640-47e5-843d-7bf40da3eb1d
[2025-03-21 01:41:03] [INFO] [SelectedTilePanel] Checksum updated, getting units at selected tiles.
[2025-03-21 01:41:03] [INFO] [SelectedTilePanel] Updated selected tile display to view Weng
[2025-03-21 01:41:03] [INFO] [LesserStatisticsInformationPanel] Finished updating Greater UI
[2025-03-21 01:41:05] [INFO] [InputHandler] Gliding secondary.camera camera to new tile 4fdbc4ee-1640-47e5-843d-7bf40da3eb1d
[2025-03-21 01:41:05] [INFO] [InputHandler] Gliding main.camera camera to new tile 4fdbc4ee-1640-47e5-843d-7bf40da3eb1d
[2025-03-21 01:41:06] [INFO] [InputHandler] Gliding secondary.camera camera to new tile 3126cf88-4f5b-4164-9ff1-8f141d2182b1
[2025-03-21 01:41:06] [INFO] [InputHandler] Gliding main.camera camera to new tile 3126cf88-4f5b-4164-9ff1-8f141d2182b1
[2025-03-21 01:41:06] [INFO] [SelectedTilePanel] Checksum updated, getting units at selected tiles.
[2025-03-21 01:41:06] [INFO] [SelectedTilePanel] Updated selected tile display to view Lykou
[2025-03-21 01:41:06] [INFO] [LesserStatisticsInformationPanel] Finished updating Greater UI
