[2025-03-23 19:52:01] [INFO] [AssetPool] Started initializing AssetPool
[2025-03-23 19:52:01] [INFO] [AssetNameSpace] Started loading Sprite's from ./res/graphics
[2025-03-23 19:52:01] [INFO] [AssetNameSpace] Finished reading files for sprites
[2025-03-23 19:52:01] [INFO] [AssetNameSpace] Finished loading ./res/graphics
[2025-03-23 19:52:01] [INFO] [AssetPool] Finished initializing AssetPool
[2025-03-23 19:52:01] [INFO] [FontPoolV1] Started initializing FontPoolV1
[2025-03-23 19:52:01] [INFO] [FontPoolV1] Finished initializing FontPoolV1
[2025-03-23 19:52:01] [INFO] [UnitDatabase] Started initializing UnitDatabase
[2025-03-23 19:52:01] [INFO] [UnitDatabase] Successfully initialized UnitDatabase
[2025-03-23 19:52:01] [INFO] [UnitDatabase] Finished initializing UnitDatabase
[2025-03-23 19:52:01] [INFO] [JsonDatabase] Started initializing JsonDatabase
[2025-03-23 19:52:01] [INFO] [JsonTable] Started initializing JsonTable
[2025-03-23 19:52:01] [INFO] [JsonTable] Successfully initialized JsonTable
[2025-03-23 19:52:01] [INFO] [JsonTable] Finished initializing JsonTable
[2025-03-23 19:52:01] [INFO] [JsonTable] Started initializing JsonTable
[2025-03-23 19:52:01] [INFO] [JsonTable] Successfully initialized JsonTable
[2025-03-23 19:52:01] [INFO] [JsonTable] Finished initializing JsonTable
[2025-03-23 19:52:01] [INFO] [JsonTable] Started initializing JsonTable
[2025-03-23 19:52:01] [INFO] [JsonTable] Successfully initialized JsonTable
[2025-03-23 19:52:01] [INFO] [JsonTable] Finished initializing JsonTable
[2025-03-23 19:52:01] [INFO] [JsonDatabase] Successfully initialized JsonDatabase
[2025-03-23 19:52:01] [INFO] [JsonDatabase] Finished initializing JsonDatabase
[2025-03-23 19:52:01] [INFO] [Component] Setting d4b20b21-c887-486f-a359-c5a47626b174 on to 48e2100a-deaf-48c6-b313-07ef817b0b14.
[2025-03-23 19:52:01] [INFO] [SpeedQueue] Added unit enemy:Lufi into queue
[2025-03-23 19:52:01] [INFO] [Component] Setting fcbaa280-e661-4938-8de8-19ae2c2ca56d on to ea836a4b-a9e4-4460-ae58-9c489f735acc.
[2025-03-23 19:52:01] [INFO] [SpeedQueue] Added unit enemy:Uuwy into queue
[2025-03-23 19:52:01] [INFO] [Component] Setting abadbb40-967e-430f-80e7-8b4fcecb1783 on to 25b5e9b2-2e77-4af7-aea8-dd233cfbb309.
[2025-03-23 19:52:01] [INFO] [SpeedQueue] Added unit enemy:Weha into queue
[2025-03-23 19:52:01] [INFO] [Component] Setting e535d82e-a3c7-4db4-91d7-6ba810c38baf on to c7342bd4-c9da-497e-80ee-085b4e0a99a0.
[2025-03-23 19:52:01] [INFO] [SpeedQueue] Added unit enemy:Nadwe into queue
[2025-03-23 19:52:01] [INFO] [Component] Setting adf9dda0-2b4d-4f18-81f2-3a5a7133032a on to 9b6be901-b2ed-44d9-bf10-2ec32fb6f167.
[2025-03-23 19:52:01] [INFO] [SpeedQueue] Added unit user:Eiau into queue
[2025-03-23 19:52:01] [INFO] [Component] Setting 7eeda422-fbe4-4ecd-99a6-ad899a84d9f7 on to 9613ebfc-7374-4ba9-ad98-3c83fe70c3ec.
[2025-03-23 19:52:01] [INFO] [SpeedQueue] Added unit user:Pevfec into queue
[2025-03-23 19:52:01] [INFO] [Component] Setting c70d1da9-fb64-43e5-add8-5d709d227d88 on to aadbb8a5-9c80-41b9-9069-3058587d9ac9.
[2025-03-23 19:52:01] [INFO] [SpeedQueue] Added unit user:Fusnf into queue
[2025-03-23 19:52:01] [INFO] [Component] Setting 92a79d1d-53a7-467f-badc-3c9b21f5a831 on to fdf4f651-09cf-4fb3-8c62-b096e029d349.
[2025-03-23 19:52:01] [INFO] [SpeedQueue] Added unit user:Ditoi into queue
[2025-03-23 19:52:01] [INFO] [EngineController] Started setting scene to MENU_SCENE
[2025-03-23 19:52:02] [INFO] [EngineController] Finished setting scene to MENU_SCENE
[2025-03-23 19:52:02] [INFO] [EngineController] Started setting scene to MAP_EDITOR_SCENE
[2025-03-23 19:52:02] [INFO] [FontPool] Started initializing FontPool
[2025-03-23 19:52:02] [INFO] [FontPool] ✅ Successfully loaded font: Lilian
[2025-03-23 19:52:02] [INFO] [EngineController] Finished setting scene to MAP_EDITOR_SCENE
[2025-03-23 19:52:02] [INFO] [EngineController] Started setting scene to GAME_SCENE
[2025-03-23 19:52:02] [INFO] [EngineController] Finished setting scene to GAME_SCENE
[2025-03-23 19:52:02] [INFO] [SpeedQueue] Speed queue updated.
[2025-03-23 19:52:02] [INFO] [VisualsSystem] Started creating blurred background
[2025-03-23 19:52:02] [INFO] [TimeLinePanel] Started updating the timeline panel after turn order has changed.
[2025-03-23 19:52:02] [INFO] [TimeLinePanel] Finished updating the timeline panel after turn order has changed.
[2025-03-23 19:52:02] [INFO] [SelectedTilePanel] Checksum updated, getting units at selected tiles.
[2025-03-23 19:52:02] [INFO] [SelectedTilePanel] Either no unit selected or more than one unit selected
[2025-03-23 19:52:02] [INFO] [LesserStatisticsInformationPanel] Checksum has been updated, querying statistics for unit c70d1da9-fb64-43e5-add8-5d709d227d88
[2025-03-23 19:52:03] [INFO] [VisualsSystem] Finished creating blurred background after 0.5007273554801941 seconds
[2025-03-23 19:52:04] [INFO] [EngineController] Started setting scene to MAP_EDITOR_SCENE
[2025-03-23 19:52:04] [INFO] [EngineController] Finished setting scene to MAP_EDITOR_SCENE
[2025-03-23 19:52:04] [INFO] [VisualsSystem] Started creating blurred background
[2025-03-23 19:52:04] [INFO] [TimeLinePanel] Started updating the timeline panel after turn order has changed.
[2025-03-23 19:52:04] [INFO] [TimeLinePanel] Finished updating the timeline panel after turn order has changed.
[2025-03-23 19:52:04] [INFO] [SelectedTilePanel] Checksum updated, getting units at selected tiles.
[2025-03-23 19:52:04] [INFO] [SelectedTilePanel] Either no unit selected or more than one unit selected
[2025-03-23 19:52:04] [INFO] [VisualsSystem] Finished creating blurred background after 0.36946284770965576 seconds
[2025-03-23 20:09:15] [INFO] [EngineController] Started setting scene to GAME_SCENE
[2025-03-23 20:09:15] [INFO] [EngineController] Finished setting scene to GAME_SCENE
[2025-03-23 20:09:15] [INFO] [TimeLinePanel] Started updating the timeline panel after turn order has changed.
[2025-03-23 20:09:15] [INFO] [TimeLinePanel] Finished updating the timeline panel after turn order has changed.
[2025-03-23 20:09:15] [INFO] [SelectedTilePanel] Checksum updated, getting units at selected tiles.
[2025-03-23 20:09:15] [INFO] [SelectedTilePanel] Either no unit selected or more than one unit selected
[2025-03-23 20:09:15] [INFO] [LesserStatisticsInformationPanel] Checksum has been updated, querying statistics for unit c70d1da9-fb64-43e5-add8-5d709d227d88
[2025-03-23 20:09:15] [INFO] [EngineController] Started setting scene to GAME_SCENE
[2025-03-23 20:09:15] [INFO] [EngineController] Finished setting scene to GAME_SCENE
[2025-03-23 20:09:15] [INFO] [TimeLinePanel] Started updating the timeline panel after turn order has changed.
[2025-03-23 20:09:15] [INFO] [TimeLinePanel] Finished updating the timeline panel after turn order has changed.
[2025-03-23 20:09:15] [INFO] [SelectedTilePanel] Checksum updated, getting units at selected tiles.
[2025-03-23 20:09:15] [INFO] [SelectedTilePanel] Either no unit selected or more than one unit selected
[2025-03-23 20:09:15] [INFO] [LesserStatisticsInformationPanel] Checksum has been updated, querying statistics for unit c70d1da9-fb64-43e5-add8-5d709d227d88
