[2025-04-05 09:07:39] [INFO] [UnitDatabase] Started initializing UnitDatabase
[2025-04-05 09:07:39] [INFO] [UnitDatabase] Successfully initialized UnitDatabase
[2025-04-05 09:07:39] [INFO] [UnitDatabase] Finished initializing UnitDatabase
[2025-04-05 09:07:39] [INFO] [AbilityDatabase] Started initializing AbilityDatabase
[2025-04-05 09:07:39] [INFO] [AbilityDatabase] Successfully initialized AbilityDatabase
[2025-04-05 09:07:39] [INFO] [AbilityDatabase] Finished initializing AbilityDatabase
[2025-04-05 09:07:39] [INFO] [UserSaveStateManager] Started loading user save data
[2025-04-05 09:07:39] [INFO] [UserSaveStateManager] Finished loading user save data
[2025-04-05 09:07:39] [INFO] [AssetPool] Started initializing AssetPool
[2025-04-05 09:07:39] [INFO] [AssetNameSpace] Started loading Sprite's from ./res/graphics
[2025-04-05 09:07:39] [INFO] [AssetNameSpace] Finished reading files for sprites
[2025-04-05 09:07:39] [INFO] [AssetNameSpace] Finished loading ./res/graphics
[2025-04-05 09:07:39] [INFO] [AssetPool] Finished initializing AssetPool
[2025-04-05 09:07:39] [INFO] [JsonDatabase] Started initializing JsonDatabase
[2025-04-05 09:07:39] [INFO] [JsonTable] Started initializing JsonTable
[2025-04-05 09:07:39] [INFO] [JsonTable] Successfully initialized JsonTable
[2025-04-05 09:07:39] [INFO] [JsonTable] Finished initializing JsonTable
[2025-04-05 09:07:39] [INFO] [JsonTable] Started initializing JsonTable
[2025-04-05 09:07:39] [INFO] [JsonTable] Successfully initialized JsonTable
[2025-04-05 09:07:39] [INFO] [JsonTable] Finished initializing JsonTable
[2025-04-05 09:07:39] [INFO] [JsonTable] Started initializing JsonTable
[2025-04-05 09:07:39] [INFO] [JsonTable] Successfully initialized JsonTable
[2025-04-05 09:07:39] [INFO] [JsonTable] Finished initializing JsonTable
[2025-04-05 09:07:39] [INFO] [JsonDatabase] Successfully initialized JsonDatabase
[2025-04-05 09:07:39] [INFO] [JsonDatabase] Finished initializing JsonDatabase
[2025-04-05 09:07:39] [INFO] [Component] Setting 26df7d50-5814-4b5d-b88f-30353a3e56d0 on to a7c00a48-b754-4b77-bf94-58b02e54d93a.
[2025-04-05 09:07:39] [INFO] [SpeedQueue] Added unit enemy:Xetie into queue
[2025-04-05 09:07:39] [INFO] [Component] Setting 2c076a84-aed9-48e7-8b39-0e3a07f2ec10 on to 509963a2-c7f5-4e48-acd6-269d0555ea36.
[2025-04-05 09:07:39] [INFO] [SpeedQueue] Added unit enemy:Jifzyo into queue
[2025-04-05 09:07:39] [INFO] [Component] Setting 28516459-427f-4f03-92d3-6516f18755da on to 45a8550a-d409-4db0-8d4d-be13e29d442c.
[2025-04-05 09:07:39] [INFO] [SpeedQueue] Added unit enemy:Begyxe into queue
[2025-04-05 09:07:39] [INFO] [Component] Setting 872c8ad0-52c8-46da-8d9a-dac73a78c37e on to 5ce6e78f-afe2-4ee5-a4ba-f1dc24f8a200.
[2025-04-05 09:07:39] [INFO] [SpeedQueue] Added unit enemy:Lucp into queue
[2025-04-05 09:07:39] [INFO] [Component] Setting aef1c932-b673-4a04-84c0-b49de4de44da on to 5c62c28a-53ac-4319-bfdc-4edbf0070215.
[2025-04-05 09:07:39] [INFO] [SpeedQueue] Added unit enemy:Aeia into queue
[2025-04-05 09:07:39] [INFO] [Component] Setting 463c32d8-9c13-44d0-9bbd-5a658805ba4f on to 7b4e93f2-32bd-4820-823e-d12220351628.
[2025-04-05 09:07:39] [INFO] [SpeedQueue] Added unit enemy:Uemaa into queue
[2025-04-05 09:07:39] [INFO] [Component] Setting 3b55316c-c4f1-468b-85a9-6e9b8ed57efd on to 41d073e1-a1a9-4991-95c2-87e2a2c7c84c.
[2025-04-05 09:07:39] [INFO] [SpeedQueue] Added unit enemy:Eexyao into queue
[2025-04-05 09:07:39] [INFO] [Component] Setting eac6d141-2a98-4185-a5af-9d0d5280d0e9 on to 5c03e8c6-d976-467b-b671-1dbe2cc38742.
[2025-04-05 09:07:39] [INFO] [SpeedQueue] Added unit enemy:Tevti into queue
[2025-04-05 09:07:39] [INFO] [Component] Setting 60a51c20-8584-42f0-af75-eb82d0875ebc on to e40b362a-22df-4c61-92e3-876cd66e1499.
[2025-04-05 09:07:39] [INFO] [SpeedQueue] Added unit enemy:Roqyjq into queue
[2025-04-05 09:07:39] [INFO] [Component] Setting dae4afa1-6d2c-4db9-85bd-5c9923f608bd on to c9f95490-3fbf-4a10-b230-a9f083b36226.
[2025-04-05 09:07:39] [INFO] [SpeedQueue] Added unit enemy:Syikyu into queue
[2025-04-05 09:07:39] [INFO] [Component] Setting 16adf293-35eb-425f-a701-d632a1dc496d on to 78ab2d01-8cfb-4577-9c2d-2b376cc97648.
[2025-04-05 09:07:39] [INFO] [SpeedQueue] Added unit enemy:Keqcu into queue
[2025-04-05 09:07:39] [INFO] [Component] Setting 88e7d1f2-30bb-425a-99be-37931eac8aa2 on to ade53e6e-e76d-4800-b289-d9c65856b422.
[2025-04-05 09:07:39] [INFO] [SpeedQueue] Added unit enemy:Yueef into queue
[2025-04-05 09:07:39] [INFO] [Component] Setting 59895b5c-fdd3-4e8d-8742-694e2c8cd3c5 on to 62c64c2a-3bc2-4f9c-983a-1d2b784eb8c3.
[2025-04-05 09:07:39] [INFO] [SpeedQueue] Added unit enemy:Ueqimy into queue
[2025-04-05 09:07:39] [INFO] [Component] Setting de94b3f6-1a38-4617-a813-97d6dd13528e on to 9763c510-0091-41c1-a1be-26ae4addba7e.
[2025-04-05 09:07:39] [INFO] [SpeedQueue] Added unit enemy:Dore into queue
[2025-04-05 09:07:39] [INFO] [Component] Setting 24cd2928-3a2d-4646-8146-b4a0858df98c on to 92b05ee4-e57c-42bf-a1a6-a5ce6c4399c6.
[2025-04-05 09:07:39] [INFO] [SpeedQueue] Added unit enemy:Vaiuz into queue
[2025-04-05 09:07:39] [INFO] [Component] Setting 31a29f2f-f9af-4266-bc5e-61bff3c7df4e on to 8685dfa0-f33d-433a-8d1a-50849b2813fd.
[2025-04-05 09:07:39] [INFO] [SpeedQueue] Added unit enemy:Pagiue into queue
[2025-04-05 09:07:39] [INFO] [Component] Setting b2bd8403-b1bc-4679-8dbe-e061187b44e7 on to 91b3c8c2-5de0-4118-a2dc-f9c129127aac.
[2025-04-05 09:07:39] [INFO] [SpeedQueue] Added unit enemy:Riqefi into queue
[2025-04-05 09:07:39] [INFO] [Component] Setting 7523d799-128f-4637-962d-5afdaeb2faae on to d0a4ffe2-374b-4776-97a3-ec8825544480.
[2025-04-05 09:07:39] [INFO] [SpeedQueue] Added unit enemy:Fori into queue
[2025-04-05 09:07:39] [INFO] [Component] Setting 04529ce6-3822-4a25-a385-6e43ee54a96b on to 47e076bd-e12e-4c99-8d5a-5dc0931b29a9.
[2025-04-05 09:07:39] [INFO] [SpeedQueue] Added unit enemy:Zeqt into queue
[2025-04-05 09:07:39] [INFO] [Component] Setting a7307d54-c8c6-41b4-b44d-a5f90f956185 on to bfd30f6e-d128-40f0-940f-e5d4d83771bc.
[2025-04-05 09:07:39] [INFO] [SpeedQueue] Added unit enemy:Tevj into queue
[2025-04-05 09:07:39] [INFO] [Component] Setting 4606ca4f-75f1-48ed-aa28-17496d23f213 on to 8b520c38-520c-4791-8b4c-3c78c8e9e6eb.
[2025-04-05 09:07:39] [INFO] [SpeedQueue] Added unit enemy:Gymo into queue
[2025-04-05 09:07:39] [INFO] [Component] Setting dc0125c1-0846-4a2b-943a-2c96d867bcb7 on to 917af774-87bb-41ec-856b-afa79747233c.
[2025-04-05 09:07:39] [INFO] [SpeedQueue] Added unit enemy:Uiry into queue
[2025-04-05 09:07:39] [INFO] [Component] Setting 56c9149f-20dc-42c5-91d5-e1308a1d22d5 on to 7e97532e-0bba-42b4-9c10-2605b4846839.
[2025-04-05 09:07:39] [INFO] [SpeedQueue] Added unit enemy:Himeou into queue
[2025-04-05 09:07:39] [INFO] [Component] Setting 0208b63a-e3e8-476e-8270-b48598a12336 on to b3db9b7a-0108-4e59-abd5-b88fb5b8d9ea.
[2025-04-05 09:07:39] [INFO] [SpeedQueue] Added unit enemy:Doyrwt into queue
[2025-04-05 09:07:39] [INFO] [Component] Setting be613ade-6a53-47e9-b196-46f9511ff1c5 on to d776d3f3-9d7b-4091-8f02-34d646cd1c69.
[2025-04-05 09:07:39] [INFO] [SpeedQueue] Added unit enemy:Hyaqu into queue
[2025-04-05 09:07:39] [INFO] [EngineController] Started setting scene to MENU_SCENE
[2025-04-05 09:07:40] [INFO] [EngineController] Finished setting scene to MENU_SCENE
[2025-04-05 09:07:40] [INFO] [EngineController] Started setting scene to GAME_SCENE
[2025-04-05 09:07:40] [INFO] [FontPool] Started initializing FontPool
[2025-04-05 09:07:40] [INFO] [FontPool] ✅ Successfully loaded font: Lilian
[2025-04-05 09:07:40] [INFO] [EngineController] Finished setting scene to GAME_SCENE
[2025-04-05 09:07:40] [INFO] [SpeedQueue] Speed queue updated.
[2025-04-05 09:07:40] [INFO] [TimeLinePanel] Started updating the timeline panel after turn order has changed.
[2025-04-05 09:07:40] [INFO] [TimeLinePanel] Finished updating the timeline panel after turn order has changed.
[2025-04-05 09:07:40] [INFO] [SelectedTilePanel] Checksum updated, getting units at selected tiles.
[2025-04-05 09:07:40] [INFO] [SelectedTilePanel] Either no unit selected or more than one unit selected
[2025-04-05 09:07:40] [INFO] [LesserStatisticsInformationPanel] Checksum has been updated, querying statistics for unit 60a51c20-8584-42f0-af75-eb82d0875ebc
[2025-04-05 09:07:41] [INFO] [VisualsSystem] Started creating blurred background
[2025-04-05 09:07:41] [INFO] [VisualsSystem] Finished creating blurred background after 0.49778497219085693 seconds
[2025-04-05 09:07:41] [INFO] [MovementSystem] Roqyjq is planning to move from [0, 12] to [0, 12]
[2025-04-05 09:07:41] [INFO] [MovementSystem] Updated movement area for Roqyjq
[2025-04-05 09:07:41] [INFO] [MovementSystem] Updated movement path for Roqyjq
[2025-04-05 09:07:41] [INFO] [MovementSystem] Roqyjq is planning to move from [0, 12] to [0, 12]
[2025-04-05 09:07:41] [INFO] [MovementSystem] Updated movement area for Roqyjq
[2025-04-05 09:07:41] [INFO] [MovementSystem] Updated movement path for Roqyjq
[2025-04-05 09:07:42] [INFO] [SelectedTilePanel] Checksum updated, getting units at selected tiles.
[2025-04-05 09:07:42] [INFO] [SelectedTilePanel] Either no unit selected or more than one unit selected
[2025-04-05 09:07:42] [INFO] [MovementSystem] Roqyjq is planning to move from [0, 12] to [1, 11]
[2025-04-05 09:07:42] [INFO] [MovementSystem] Updated movement path for Roqyjq
[2025-04-05 09:07:42] [INFO] [Component] Setting 60a51c20-8584-42f0-af75-eb82d0875ebc on to ae0b1f1c-f84a-4d01-871a-a91d3d521a7e.
[2025-04-05 09:07:42] [INFO] [MovementSystem] Moved from [0, 12] to [1, 11]
[2025-04-05 09:07:42] [INFO] [MovementSystem] {} has moved
[2025-04-05 09:07:43] [INFO] [SelectedTilePanel] Checksum updated, getting units at selected tiles.
[2025-04-05 09:07:43] [INFO] [SelectedTilePanel] Either no unit selected or more than one unit selected
[2025-04-05 09:07:43] [INFO] [AbilitySystem] Roqyjq Triggered ability system
[2025-04-05 09:07:44] [INFO] [SelectedTilePanel] Checksum updated, getting units at selected tiles.
[2025-04-05 09:07:44] [INFO] [SelectedTilePanel] Either no unit selected or more than one unit selected
[2025-04-05 09:07:44] [INFO] [TimeLinePanel] Started updating the timeline panel after turn order has changed.
[2025-04-05 09:07:44] [INFO] [TimeLinePanel] Finished updating the timeline panel after turn order has changed.
[2025-04-05 09:07:44] [INFO] [MovementSystem] Doyrwt is planning to move from [5, 8] to [3, 8]
[2025-04-05 09:07:44] [INFO] [MovementSystem] Updated movement area for Doyrwt
[2025-04-05 09:07:44] [INFO] [MovementSystem] Updated movement path for Doyrwt
[2025-04-05 09:07:44] [INFO] [Component] Setting 0208b63a-e3e8-476e-8270-b48598a12336 on to 134eff59-e07f-4ce0-9659-43e3e9ec104a.
[2025-04-05 09:07:44] [INFO] [MovementSystem] Moved from [5, 8] to [3, 8]
[2025-04-05 09:07:44] [INFO] [MovementSystem] {} has moved
[2025-04-05 09:07:44] [INFO] [SelectedTilePanel] Checksum updated, getting units at selected tiles.
[2025-04-05 09:07:44] [INFO] [SelectedTilePanel] Either no unit selected or more than one unit selected
[2025-04-05 09:07:45] [INFO] [SelectedTilePanel] Checksum updated, getting units at selected tiles.
[2025-04-05 09:07:45] [INFO] [SelectedTilePanel] Either no unit selected or more than one unit selected
[2025-04-05 09:07:45] [INFO] [AbilitySystem] Doyrwt Triggered ability system
[2025-04-05 09:07:46] [INFO] [SelectedTilePanel] Checksum updated, getting units at selected tiles.
[2025-04-05 09:07:46] [INFO] [SelectedTilePanel] Either no unit selected or more than one unit selected
[2025-04-05 09:07:46] [INFO] [TimeLinePanel] Started updating the timeline panel after turn order has changed.
[2025-04-05 09:07:46] [INFO] [TimeLinePanel] Finished updating the timeline panel after turn order has changed.
[2025-04-05 09:07:46] [INFO] [MovementSystem] Fori is planning to move from [10, 4] to [9, 3]
[2025-04-05 09:07:46] [INFO] [MovementSystem] Updated movement area for Fori
[2025-04-05 09:07:46] [INFO] [MovementSystem] Updated movement path for Fori
[2025-04-05 09:07:46] [INFO] [Component] Setting 7523d799-128f-4637-962d-5afdaeb2faae on to 36159cdd-5770-49e2-9901-fa956fdd858c.
[2025-04-05 09:07:46] [INFO] [MovementSystem] Moved from [10, 4] to [9, 3]
[2025-04-05 09:07:46] [INFO] [MovementSystem] {} has moved
[2025-04-05 09:07:47] [INFO] [SelectedTilePanel] Checksum updated, getting units at selected tiles.
[2025-04-05 09:07:47] [INFO] [SelectedTilePanel] Either no unit selected or more than one unit selected
[2025-04-05 09:07:47] [INFO] [AbilitySystem] Fori Triggered ability system
[2025-04-05 09:07:48] [INFO] [TimeLinePanel] Started updating the timeline panel after turn order has changed.
[2025-04-05 09:07:48] [INFO] [TimeLinePanel] Finished updating the timeline panel after turn order has changed.
[2025-04-05 09:07:48] [INFO] [MovementSystem] Riqefi is planning to move from [10, 13] to [9, 14]
[2025-04-05 09:07:48] [INFO] [MovementSystem] Updated movement area for Riqefi
[2025-04-05 09:07:48] [INFO] [MovementSystem] Updated movement path for Riqefi
[2025-04-05 09:07:48] [INFO] [Component] Setting b2bd8403-b1bc-4679-8dbe-e061187b44e7 on to 3ea50791-21a0-4bcc-bd1f-69309313c90b.
[2025-04-05 09:07:48] [INFO] [MovementSystem] Moved from [10, 13] to [9, 14]
[2025-04-05 09:07:48] [INFO] [MovementSystem] {} has moved
