[2025-03-15 09:29:39] [INFO] [AssetPool] Started initializing AssetPool
[2025-03-15 09:29:39] [INFO] [Engine] HEAP ALLOCATION INCREASED! 1.0 GB of 16.0 GB used
[2025-03-15 09:29:39] [INFO] [SpriteSheetOG] Started loading Sprite's from ./res/graphics
[2025-03-15 09:29:39] [INFO] [SpriteSheetOG] Finished reading files for sprites
[2025-03-15 09:29:39] [INFO] [Sprite] Finished loading ./res/graphics/misc/blue_reticle.png
[2025-03-15 09:29:39] [INFO] [Sprite] Finished loading ./res/graphics/misc/pink_spawn.png
[2025-03-15 09:29:39] [INFO] [Sprite] Finished loading ./res/graphics/misc/reticle.png
[2025-03-15 09:29:39] [INFO] [Sprite] Finished loading ./res/graphics/misc/yellow_spawn.png
[2025-03-15 09:29:39] [INFO] [Sprite] Finished loading ./res/graphics/misc/blue_spawn.png
[2025-03-15 09:29:39] [INFO] [Sprite] Finished loading ./res/graphics/misc/red_reticle.png
[2025-03-15 09:29:39] [INFO] [Sprite] Finished loading ./res/graphics/misc/depth_shadows.png
[2025-03-15 09:29:39] [INFO] [Sprite] Finished loading ./res/graphics/misc/yellow_reticle.png
[2025-03-15 09:29:39] [INFO] [Sprite] Finished loading ./res/graphics/misc/red_spawn.png
[2025-03-15 09:29:39] [INFO] [Sprite] Finished loading ./res/graphics/misc/directional_shadows.png
[2025-03-15 09:29:39] [INFO] [Sprite] Finished loading ./res/graphics/shadows/northwest.png
[2025-03-15 09:29:39] [INFO] [Sprite] Finished loading ./res/graphics/shadows/west.png
[2025-03-15 09:29:39] [INFO] [Sprite] Finished loading ./res/graphics/shadows/north.png
[2025-03-15 09:29:39] [INFO] [Sprite] Finished loading ./res/graphics/shadows/east.png
[2025-03-15 09:29:39] [INFO] [Sprite] Finished loading ./res/graphics/shadows/northeast.png
[2025-03-15 09:29:39] [INFO] [Sprite] Finished loading ./res/graphics/shadows/south.png
[2025-03-15 09:29:39] [INFO] [Sprite] Finished loading ./res/graphics/shadows/southwest.png
[2025-03-15 09:29:39] [INFO] [Sprite] Finished loading ./res/graphics/shadows/southeast.png
[2025-03-15 09:29:39] [INFO] [Sprite] Finished loading ./res/graphics/structures/tree3_structure.png
[2025-03-15 09:29:39] [INFO] [Sprite] Finished loading ./res/graphics/structures/tree4_structure.png
[2025-03-15 09:29:39] [INFO] [Sprite] Finished loading ./res/graphics/structures/tree1_structure.png
[2025-03-15 09:29:39] [INFO] [Sprite] Finished loading ./res/graphics/structures/tree5_structure.png
[2025-03-15 09:29:39] [INFO] [Sprite] Finished loading ./res/graphics/structures/tree2_structure.png
[2025-03-15 09:29:39] [INFO] [Sprite] Finished loading ./res/graphics/structures/tree6_structure.png
[2025-03-15 09:29:39] [INFO] [Sprite] Finished loading ./res/graphics/wall_tiles/rock_wall2.png
[2025-03-15 09:29:39] [INFO] [Sprite] Finished loading ./res/graphics/wall_tiles/sandstone_wall.png
[2025-03-15 09:29:39] [INFO] [Sprite] Finished loading ./res/graphics/wall_tiles/elden_yellow_wall.png
[2025-03-15 09:29:39] [INFO] [Sprite] Finished loading ./res/graphics/wall_tiles/vine_on_wall.png
[2025-03-15 09:29:39] [INFO] [Sprite] Finished loading ./res/graphics/wall_tiles/boulder_wall.png
[2025-03-15 09:29:39] [INFO] [Sprite] Finished loading ./res/graphics/wall_tiles/white_marble_wall.png
[2025-03-15 09:29:39] [INFO] [Sprite] Finished loading ./res/graphics/wall_tiles/elden_green_wall.png
[2025-03-15 09:29:39] [INFO] [Sprite] Finished loading ./res/graphics/wall_tiles/brown_marble_wall.png
[2025-03-15 09:29:39] [INFO] [Sprite] Finished loading ./res/graphics/wall_tiles/small_brick_wall.png
[2025-03-15 09:29:39] [INFO] [Sprite] Finished loading ./res/graphics/wall_tiles/moss_wall.png
[2025-03-15 09:29:39] [INFO] [Sprite] Finished loading ./res/graphics/wall_tiles/dirt_brick_vine_wall.png
[2025-03-15 09:29:39] [INFO] [Sprite] Finished loading ./res/graphics/wall_tiles/elden_purple_wall.png
[2025-03-15 09:29:39] [INFO] [Sprite] Finished loading ./res/graphics/wall_tiles/large_brick_wall.png
[2025-03-15 09:29:39] [INFO] [Sprite] Finished loading ./res/graphics/wall_tiles/dirt_wall.png
[2025-03-15 09:29:39] [INFO] [Sprite] Finished loading ./res/graphics/wall_tiles/alien_wall.png
[2025-03-15 09:29:39] [INFO] [Sprite] Finished loading ./res/graphics/wall_tiles/industrial_brick_wall.png
[2025-03-15 09:29:39] [INFO] [Sprite] Finished loading ./res/graphics/wall_tiles/rock_wall.png
[2025-03-15 09:29:39] [INFO] [Sprite] Finished loading ./res/graphics/wall_tiles/dirt_wall2.png
[2025-03-15 09:29:39] [INFO] [Sprite] Finished loading ./res/graphics/wall_tiles/moss_wall2.png
[2025-03-15 09:29:39] [INFO] [Sprite] Finished loading ./res/graphics/wall_tiles/moss_wall3.png
[2025-03-15 09:29:39] [INFO] [Sprite] Finished loading ./res/graphics/wall_tiles/no_wall.png
[2025-03-15 09:29:39] [INFO] [Sprite] Finished loading ./res/graphics/wall_tiles/alien_rune_wall.png
[2025-03-15 09:29:39] [INFO] [Sprite] Finished loading ./res/graphics/wall_tiles/industrial_wall.png
[2025-03-15 09:29:39] [INFO] [Sprite] Finished loading ./res/graphics/wall_tiles/small_brick_wall2.png
[2025-03-15 09:29:39] [INFO] [Sprite] Finished loading ./res/graphics/old/liquids 2.png
[2025-03-15 09:29:39] [INFO] [Sprite] Finished loading ./res/graphics/old/gems.png
[2025-03-15 09:29:39] [INFO] [Sprite] Finished loading ./res/graphics/old/floors.png
[2025-03-15 09:29:39] [INFO] [Sprite] Finished loading ./res/graphics/old/terrains.png
[2025-03-15 09:29:39] [INFO] [Sprite] Finished loading ./res/graphics/old/gemsRaw.png
[2025-03-15 09:29:39] [INFO] [Sprite] Finished loading ./res/graphics/old/walls.png
[2025-03-15 09:29:39] [INFO] [Sprite] Finished loading ./res/graphics/old/special2.png
[2025-03-15 09:29:39] [INFO] [Sprite] Finished loading ./res/graphics/old/structures.png
[2025-03-15 09:29:39] [INFO] [Sprite] Finished loading ./res/graphics/old/special.png
[2025-03-15 09:29:39] [INFO] [Sprite] Finished loading ./res/graphics/old/liquids.png
[2025-03-15 09:29:39] [INFO] [Sprite] Finished loading ./res/graphics/old/units.png
[2025-03-15 09:29:39] [INFO] [Sprite] Finished loading ./res/graphics/old/terrains2.png
[2025-03-15 09:29:39] [INFO] [Sprite] Finished loading ./res/graphics/old/floors2.png
[2025-03-15 09:29:39] [INFO] [Sprite] Finished loading ./res/graphics/floor_tiles/sand_1_floor.png
[2025-03-15 09:29:39] [INFO] [Sprite] Finished loading ./res/graphics/floor_tiles/sand_dark_floor.png
[2025-03-15 09:29:39] [INFO] [Sprite] Finished loading ./res/graphics/floor_tiles/dirty_grass_1_floor.png
[2025-03-15 09:29:39] [INFO] [Sprite] Finished loading ./res/graphics/floor_tiles/white_sand_floor.png
[2025-03-15 09:29:39] [INFO] [Sprite] Finished loading ./res/graphics/floor_tiles/white_sands_2.png
[2025-03-15 09:29:39] [INFO] [Sprite] Finished loading ./res/graphics/floor_tiles/dirty_grass_2_floor.png
[2025-03-15 09:29:39] [INFO] [Sprite] Finished loading ./res/graphics/floor_tiles/sand_3_floor.png
[2025-03-15 09:29:39] [INFO] [Sprite] Finished loading ./res/graphics/floor_tiles/obsidian_floor.png
[2025-03-15 09:29:39] [INFO] [Sprite] Finished loading ./res/graphics/floor_tiles/base_floor.png
[2025-03-15 09:29:39] [INFO] [Sprite] Finished loading ./res/graphics/floor_tiles/sand_floor.png
[2025-03-15 09:29:39] [INFO] [Sprite] Finished loading ./res/graphics/floor_tiles/dirty_grass_3_floor.png
[2025-03-15 09:29:39] [INFO] [Sprite] Finished loading ./res/graphics/floor_tiles/sand_2_floor.png
[2025-03-15 09:29:39] [INFO] [Sprite] Finished loading ./res/graphics/units/Air_Dragon.png
[2025-03-15 09:29:39] [INFO] [Sprite] Finished loading ./res/graphics/units/Dragon.png
[2025-03-15 09:29:39] [INFO] [Sprite] Finished loading ./res/graphics/units/Dark_Dragon.png
[2025-03-15 09:29:39] [INFO] [Sprite] Finished loading ./res/graphics/units/Earth_Dragon.png
[2025-03-15 09:29:39] [INFO] [Sprite] Finished loading ./res/graphics/units/Light_Dragon.png
[2025-03-15 09:29:39] [INFO] [Sprite] Finished loading ./res/graphics/units/Water_Dragon.png
[2025-03-15 09:29:39] [INFO] [Sprite] Finished loading ./res/graphics/units/Fire_Dragon.png
[2025-03-15 09:29:39] [INFO] [Sprite] Finished loading ./res/graphics/actions/StatsDown.png
[2025-03-15 09:29:39] [INFO] [Sprite] Finished loading ./res/graphics/actions/PhysicalHit4.png
[2025-03-15 09:29:39] [INFO] [Sprite] Finished loading ./res/graphics/actions/Slash.png
[2025-03-15 09:29:39] [INFO] [Sprite] Finished loading ./res/graphics/actions/Air.png
[2025-03-15 09:29:39] [INFO] [Sprite] Finished loading ./res/graphics/actions/Dark.png
[2025-03-15 09:29:39] [INFO] [Sprite] Finished loading ./res/graphics/actions/Blunt.png
[2025-03-15 09:29:39] [INFO] [Sprite] Finished loading ./res/graphics/actions/Fire.png
[2025-03-15 09:29:39] [INFO] [Sprite] Finished loading ./res/graphics/actions/Earth.png
[2025-03-15 09:29:39] [INFO] [Sprite] Finished loading ./res/graphics/actions/Light.png
[2025-03-15 09:29:39] [INFO] [Sprite] Finished loading ./res/graphics/actions/StatsUp.png
[2025-03-15 09:29:39] [INFO] [Sprite] Finished loading ./res/graphics/actions/Water.png
[2025-03-15 09:29:39] [INFO] [Sprite] Finished loading ./res/graphics/actions/Pierce.png
[2025-03-15 09:29:39] [INFO] [Sprite] Finished loading ./res/graphics/spells/LightSpell.png
[2025-03-15 09:29:39] [INFO] [Sprite] Finished loading ./res/graphics/spells/StatsDown.png
[2025-03-15 09:29:39] [INFO] [Sprite] Finished loading ./res/graphics/spells/WindSpell.png
[2025-03-15 09:29:39] [INFO] [Sprite] Finished loading ./res/graphics/spells/WaterSpell.png
[2025-03-15 09:29:39] [INFO] [Sprite] Finished loading ./res/graphics/spells/PhysicalHit4.png
[2025-03-15 09:29:39] [INFO] [Sprite] Finished loading ./res/graphics/spells/PhysicalHit1.png
[2025-03-15 09:29:39] [INFO] [Sprite] Finished loading ./res/graphics/spells/LightningSpell.png
[2025-03-15 09:29:39] [INFO] [Sprite] Finished loading ./res/graphics/spells/PhysicalHit3.png
[2025-03-15 09:29:39] [INFO] [Sprite] Finished loading ./res/graphics/spells/PhysicalHit2.png
[2025-03-15 09:29:39] [INFO] [Sprite] Finished loading ./res/graphics/spells/FireSpell.png
[2025-03-15 09:29:39] [INFO] [Sprite] Finished loading ./res/graphics/spells/DarkSpell.png
[2025-03-15 09:29:39] [INFO] [Sprite] Finished loading ./res/graphics/spells/StatsUp.png
[2025-03-15 09:29:39] [INFO] [Sprite] Finished loading ./res/graphics/spells/EarthSpell.png
[2025-03-15 09:29:39] [INFO] [Sprite] Finished loading ./res/graphics/liquids/greater_leafage_liquid.png
[2025-03-15 09:29:39] [INFO] [Sprite] Finished loading ./res/graphics/liquids/waterV4_liquid.png
[2025-03-15 09:29:39] [INFO] [Sprite] Finished loading ./res/graphics/liquids/shallow_swamp.png
[2025-03-15 09:29:39] [INFO] [Sprite] Finished loading ./res/graphics/liquids/water5.png
[2025-03-15 09:29:39] [INFO] [Sprite] Finished loading ./res/graphics/liquids/swamp_2.png
[2025-03-15 09:29:39] [INFO] [Sprite] Finished loading ./res/graphics/liquids/Lava_liquid.png
[2025-03-15 09:29:39] [INFO] [Sprite] Finished loading ./res/graphics/liquids/swamp2.png
[2025-03-15 09:29:39] [INFO] [Sprite] Finished loading ./res/graphics/liquids/waterV33_liquid.png
[2025-03-15 09:29:39] [INFO] [Sprite] Finished loading ./res/graphics/liquids/shallow_water_liquid.png
[2025-03-15 09:29:39] [INFO] [Sprite] Finished loading ./res/graphics/liquids/water_liquid.png
[2025-03-15 09:29:39] [INFO] [Sprite] Finished loading ./res/graphics/liquids/waterV2_liquid.png
[2025-03-15 09:29:39] [INFO] [Sprite] Finished loading ./res/graphics/liquids/swamp2_liquid.png
[2025-03-15 09:29:39] [INFO] [SpriteSheetOG] Finished loading ./res/graphics
[2025-03-15 09:29:39] [INFO] [AssetPool] Finished initializing AssetPool
[2025-03-15 09:29:39] [INFO] [FontPoolV1] Started initializing FontPoolV1
[2025-03-15 09:29:40] [INFO] [FontPoolV1] Finished initializing FontPoolV1
[2025-03-15 09:29:40] [INFO] [UnitDatabase] Started initializing UnitDatabase
[2025-03-15 09:29:40] [INFO] [UnitDatabase] Successfully initialized UnitDatabase
[2025-03-15 09:29:40] [INFO] [UnitDatabase] Finished initializing UnitDatabase
[2025-03-15 09:29:40] [INFO] [JsonDatabase] Started initializing JsonDatabase
[2025-03-15 09:29:40] [INFO] [JsonTable] Started initializing JsonTable
[2025-03-15 09:29:40] [INFO] [JsonTable] Successfully initialized JsonTable
[2025-03-15 09:29:40] [INFO] [JsonTable] Finished initializing JsonTable
[2025-03-15 09:29:40] [INFO] [JsonTable] Started initializing JsonTable
[2025-03-15 09:29:40] [INFO] [JsonTable] Successfully initialized JsonTable
[2025-03-15 09:29:40] [INFO] [JsonTable] Finished initializing JsonTable
[2025-03-15 09:29:40] [INFO] [JsonTable] Started initializing JsonTable
[2025-03-15 09:29:40] [INFO] [JsonTable] Successfully initialized JsonTable
[2025-03-15 09:29:40] [INFO] [JsonTable] Finished initializing JsonTable
[2025-03-15 09:29:40] [INFO] [JsonDatabase] Successfully initialized JsonDatabase
[2025-03-15 09:29:40] [INFO] [JsonDatabase] Finished initializing JsonDatabase
[2025-03-15 09:29:40] [INFO] [Component] Setting 2a4acfac-5f6a-4437-8072-180509d27a40 on to e0a6e9e4-e6e8-424c-9400-fcc033ca1c9f.
[2025-03-15 09:29:40] [INFO] [SpeedQueue] Added unit enemy:Soiaoy into queue
[2025-03-15 09:29:40] [INFO] [Component] Setting 732c441f-ace5-41c5-b15d-c7ed06342487 on to 7b9719de-6aa6-43ad-ac32-2cb2b663f12b.
[2025-03-15 09:29:40] [INFO] [SpeedQueue] Added unit enemy:Syua into queue
[2025-03-15 09:29:40] [INFO] [Component] Setting 37f99579-529d-4ddc-9c0f-3f4da13fe57b on to a76e9c8a-aabe-41bc-b797-970755bef935.
[2025-03-15 09:29:40] [INFO] [SpeedQueue] Added unit enemy:Sefya into queue
[2025-03-15 09:29:40] [INFO] [Component] Setting 27aed769-c27a-4da6-b09e-870fb4c84d9e on to 86c374ee-7047-4e05-9829-12b8a547a0b6.
[2025-03-15 09:29:40] [INFO] [SpeedQueue] Added unit enemy:Fepri into queue
[2025-03-15 09:29:40] [INFO] [Component] Setting 03a38101-d2b8-4552-b33c-3a5daa880534 on to ab317a29-4041-4156-ae7d-870800610e6c.
[2025-03-15 09:29:40] [INFO] [SpeedQueue] Added unit user:Xydy into queue
[2025-03-15 09:29:40] [INFO] [Component] Setting 47d7280c-d994-4f26-9b4a-2a07dd74a044 on to 6a5f5259-1b5a-4765-bd5d-88c4ac4dc4be.
[2025-03-15 09:29:40] [INFO] [SpeedQueue] Added unit user:Sidi into queue
[2025-03-15 09:29:40] [INFO] [FontPool] Started initializing FontPool
[2025-03-15 09:29:40] [INFO] [FontPool] ✅ Successfully loaded font: Lilian
[2025-03-15 09:29:41] [INFO] [SpeedQueue] Speed queue updated.
[2025-03-15 09:29:41] [INFO] [VisualsSystem] Started creating blurred background
[2025-03-15 09:29:41] [INFO] [TimeLinePanel] Started updating the timeline panel after turn order has changed.
[2025-03-15 09:29:41] [INFO] [TimeLinePanel] Finished updating the timeline panel after turn order has changed.
[2025-03-15 09:29:41] [INFO] [SelectedTilePanel] Checksum updated, getting units at selected tiles.
[2025-03-15 09:29:41] [INFO] [SelectedTilePanel] Either no unit selected or more than one unit selected
[2025-03-15 09:29:41] [INFO] [LesserStatisticsInformationPanel] Checksum has been updated, querying statistics for unit 732c441f-ace5-41c5-b15d-c7ed06342487
[2025-03-15 09:29:41] [INFO] [VisualsSystem] Finished creating blurred background after 0.5043305158615112 seconds
[2025-03-15 09:29:42] [INFO] [MovementSystem] Syua is planning to move from [7, 4] to [7, 6]
[2025-03-15 09:29:42] [INFO] [MovementSystem] Updated movement area for Syua
[2025-03-15 09:29:42] [INFO] [MovementSystem] Updated movement path for Syua
[2025-03-15 09:29:42] [INFO] [Component] Setting 732c441f-ace5-41c5-b15d-c7ed06342487 on to a6d82267-22b0-4410-8db7-3452b5b50e73.
[2025-03-15 09:29:42] [INFO] [MovementSystem] Moved from [7, 4] to [7, 6]
[2025-03-15 09:29:43] [INFO] [SelectedTilePanel] Checksum updated, getting units at selected tiles.
[2025-03-15 09:29:43] [INFO] [SelectedTilePanel] Updated selected tile display to view Sidi
[2025-03-15 09:29:43] [INFO] [LesserStatisticsInformationPanel] Finished updating Greater UI
[2025-03-15 09:29:44] [INFO] [AbilityDatabase] Started initializing AbilityDatabase
[2025-03-15 09:29:44] [INFO] [AbilityDatabase] Successfully initialized AbilityDatabase
[2025-03-15 09:29:44] [INFO] [AbilityDatabase] Finished initializing AbilityDatabase
[2025-03-15 09:29:46] [INFO] [TimeLinePanel] Started updating the timeline panel after turn order has changed.
[2025-03-15 09:29:46] [INFO] [TimeLinePanel] Finished updating the timeline panel after turn order has changed.
[2025-03-15 09:29:48] [INFO] [MovementSystem] Soiaoy is planning to move from [4, 8] to [2, 8]
[2025-03-15 09:29:48] [INFO] [MovementSystem] Updated movement area for Soiaoy
[2025-03-15 09:29:48] [INFO] [MovementSystem] Updated movement path for Soiaoy
[2025-03-15 09:29:48] [INFO] [Component] Setting 2a4acfac-5f6a-4437-8072-180509d27a40 on to 24162a4f-e31c-4ca4-84ef-75ae847a84bb.
[2025-03-15 09:29:48] [INFO] [MovementSystem] Moved from [4, 8] to [2, 8]
[2025-03-15 09:29:48] [INFO] [SelectedTilePanel] Checksum updated, getting units at selected tiles.
[2025-03-15 09:29:48] [INFO] [SelectedTilePanel] Either no unit selected or more than one unit selected
[2025-03-15 09:29:50] [INFO] [TimeLinePanel] Started updating the timeline panel after turn order has changed.
[2025-03-15 09:29:50] [INFO] [TimeLinePanel] Finished updating the timeline panel after turn order has changed.
[2025-03-15 09:29:50] [INFO] [SelectedTilePanel] Checksum updated, getting units at selected tiles.
[2025-03-15 09:29:50] [INFO] [SelectedTilePanel] Either no unit selected or more than one unit selected
[2025-03-15 09:29:51] [INFO] [SelectedTilePanel] Checksum updated, getting units at selected tiles.
[2025-03-15 09:29:51] [INFO] [SelectedTilePanel] Either no unit selected or more than one unit selected
[2025-03-15 09:29:54] [INFO] [Main] {
  "map.generation.zoom": 0.75,
  "map.generation.min.height": -10,
  "hovered.tiles": ["9854a515-7e0f-4cd1-a27b-350280b241b6"],
  "view_sprite_height": 96,
  "delta_time": 0.016136667,
  "map.generation.starting.camerra.height": 950,
  "spawn.placement.policy": "everywhere",
  "gameplay.water.level": 0,
  "statistics.panel.is.open": false,
  "automatically.go.to.home.controls": false,
  "camera_map": {
    "main_camera": {},
    "selection_camera": {}
  },
  "map.generation.starting.y": 0,
  "map.generation.base.level": 1,
  "map.generation.starting.x": 0,
  "show.heights": true,
  "hide.gameplay.ui": true,
  "tile.to.glide.to": "",
  "map.generation.max.height": 10,
  "selected.tiles.checksum": 1258972077,
  "map.generation.base.terrain": "sand_2_floor",
  "debug_mode_for_the_game_state": false,
  "movement.panel.is.open": false,
  "gameplay.rows": 10,
  "view_sprite_width": 96,
  "map.generation.starting.sprite.width": 96,
  "ability.panel.is.open": false,
  "gameplay.mode": "gameplay.mode.regular",
  "map.generation.structure.assets": ["tree4_structure"],
  "floating_text_map": {},
  "map.center.on.startup": true,
  "gameplay.columns": 10,
  "gameplay.water.asset": "water_liquid",
  "selected.tiles": ["d4a2470e-5490-400e-8f6a-251ddfb563dc"],
  "map.generation.starting.camera.width": 1500,
  "should.end.the.turn": false,
  "selected_ability_from_ui": "",
  "map.generation.starting.sprite.height": 96,
  "map.generation.use.noise": true,
  "floating_text_font_size": 30,
  "map.generation.base.asset": "base_floor"
}
