[2025-06-03 01:11:24] [INFO] [AssetPool] Started initializing AssetPool
[2025-06-03 01:11:24] [INFO] [AssetNameSpace] Started loading Sprite's from ./res/graphics
[2025-06-03 01:11:24] [INFO] [AssetNameSpace] Finished reading files for sprites
[2025-06-03 01:11:24] [INFO] [AssetNameSpace] Finished loading ./res/graphics
[2025-06-03 01:11:24] [INFO] [AssetPool] Finished initializing AssetPool
[2025-06-03 01:11:25] [INFO] [FontPool] Started initializing FontPool
[2025-06-03 01:11:25] [INFO] [FontPool] ✅ Successfully loaded font: Lilian
[2025-06-03 01:11:25] [INFO] [UnitTable] Started initializing UnitTable
[2025-06-03 01:11:25] [INFO] [EmeritusDatabase] Started initializing EmeritusDatabase
[2025-06-03 01:11:25] [INFO] [EmeritusDatabase] Finished initializing EmeritusDatabase
[2025-06-03 01:11:25] [INFO] [UnitTable] Successfully initialized UnitTable
[2025-06-03 01:11:25] [INFO] [UnitTable] Finished initializing UnitTable
[2025-06-03 01:11:25] [INFO] [Component] Setting UNIT_water_dragon___NICKNAME_Cuhdeq___37c576e2-0f27-4aa4-81df-adc910a1d4c1 on to {"row":4,"column":4,"base_elevation":0,"unit":"UNIT_water_dragon___NICKNAME_Cuhdeq___37c576e2-0f27-4aa4-81df-adc910a1d4c1","layers":{"empty":false},"total_elevation":10}.
[2025-06-03 01:11:25] [INFO] [SpeedQueue] Added unit UNIT_water_dragon___NICKNAME_Cuhdeq___37c576e2-0f27-4aa4-81df-adc910a1d4c1 into queue
[2025-06-03 01:11:25] [INFO] [Component] Setting UNIT_dragon___NICKNAME_Jamuy___543f2697-7195-4b12-bf69-0a1970a0c7fd on to {"row":4,"column":5,"base_elevation":0,"unit":"UNIT_dragon___NICKNAME_Jamuy___543f2697-7195-4b12-bf69-0a1970a0c7fd","layers":{"empty":false},"total_elevation":10}.
[2025-06-03 01:11:25] [INFO] [SpeedQueue] Added unit UNIT_dragon___NICKNAME_Jamuy___543f2697-7195-4b12-bf69-0a1970a0c7fd into queue
[2025-06-03 01:11:25] [INFO] [SpeedQueue] Speed queue updated.
[2025-06-03 01:11:25] [INFO] [UpdateSystem] ============================== New Round ================================
[2025-06-03 01:11:25] [INFO] [AbilityPanel] Updating ability selection for UNIT_water_dragon___NICKNAME_Cuhdeq___37c576e2-0f27-4aa4-81df-adc910a1d4c1
[2025-06-03 01:11:25] [INFO] [AbilityPanel] Finished ability selection for UNIT_water_dragon___NICKNAME_Cuhdeq___37c576e2-0f27-4aa4-81df-adc910a1d4c1
[2025-06-03 01:11:25] [INFO] [MovementPanel] Started update to Movement Information panel.
[2025-06-03 01:11:25] [INFO] [MovementPanel] Finished update to Movement Information panel.
[2025-06-03 01:11:25] [INFO] [TimeLinePanel] Started updating the timeline panel after turn order has changed.
[2025-06-03 01:11:25] [INFO] [TimeLinePanel] Finished updating the timeline panel after turn order has changed.
[2025-06-03 01:11:25] [INFO] [SelectedTilePanel] Checksum updated, getting units at selected tiles.
[2025-06-03 01:11:25] [INFO] [SelectedTilePanel] Either no unit selected or more than one unit selected
[2025-06-03 01:11:25] [INFO] [VisualsSystem] Started creating blurred background
[2025-06-03 01:11:25] [INFO] [VisualsSystem] Finished creating blurred background after 0.319276452064514