[2025-03-15 15:19:07] [INFO] [AssetPool] Started initializing AssetPool
[2025-03-15 15:19:07] [INFO] [Engine] HEAP ALLOCATION INCREASED! 1.0 GB of 16.0 GB used
[2025-03-15 15:19:07] [INFO] [SpriteSheetOG] Started loading Sprite's from ./res/graphics
[2025-03-15 15:19:07] [INFO] [SpriteSheetOG] Finished reading files for sprites
[2025-03-15 15:19:07] [INFO] [Sprite] Finished loading ./res/graphics/misc/blue_reticle.png
[2025-03-15 15:19:07] [INFO] [Sprite] Finished loading ./res/graphics/misc/pink_spawn.png
[2025-03-15 15:19:07] [INFO] [Sprite] Finished loading ./res/graphics/misc/reticle.png
[2025-03-15 15:19:07] [INFO] [Sprite] Finished loading ./res/graphics/misc/yellow_spawn.png
[2025-03-15 15:19:07] [INFO] [Sprite] Finished loading ./res/graphics/misc/blue_spawn.png
[2025-03-15 15:19:07] [INFO] [Sprite] Finished loading ./res/graphics/misc/red_reticle.png
[2025-03-15 15:19:07] [INFO] [Sprite] Finished loading ./res/graphics/misc/depth_shadows.png
[2025-03-15 15:19:07] [INFO] [Sprite] Finished loading ./res/graphics/misc/yellow_reticle.png
[2025-03-15 15:19:07] [INFO] [Sprite] Finished loading ./res/graphics/misc/red_spawn.png
[2025-03-15 15:19:07] [INFO] [Sprite] Finished loading ./res/graphics/misc/directional_shadows.png
[2025-03-15 15:19:07] [INFO] [Sprite] Finished loading ./res/graphics/shadows/northwest.png
[2025-03-15 15:19:07] [INFO] [Sprite] Finished loading ./res/graphics/shadows/west.png
[2025-03-15 15:19:07] [INFO] [Sprite] Finished loading ./res/graphics/shadows/north.png
[2025-03-15 15:19:07] [INFO] [Sprite] Finished loading ./res/graphics/shadows/east.png
[2025-03-15 15:19:07] [INFO] [Sprite] Finished loading ./res/graphics/shadows/northeast.png
[2025-03-15 15:19:07] [INFO] [Sprite] Finished loading ./res/graphics/shadows/south.png
[2025-03-15 15:19:07] [INFO] [Sprite] Finished loading ./res/graphics/shadows/southwest.png
[2025-03-15 15:19:07] [INFO] [Sprite] Finished loading ./res/graphics/shadows/southeast.png
[2025-03-15 15:19:07] [INFO] [Sprite] Finished loading ./res/graphics/structures/tree3_structure.png
[2025-03-15 15:19:07] [INFO] [Sprite] Finished loading ./res/graphics/structures/tree4_structure.png
[2025-03-15 15:19:07] [INFO] [Sprite] Finished loading ./res/graphics/structures/tree1_structure.png
[2025-03-15 15:19:07] [INFO] [Sprite] Finished loading ./res/graphics/structures/tree5_structure.png
[2025-03-15 15:19:07] [INFO] [Sprite] Finished loading ./res/graphics/structures/tree2_structure.png
[2025-03-15 15:19:07] [INFO] [Sprite] Finished loading ./res/graphics/structures/tree6_structure.png
[2025-03-15 15:19:07] [INFO] [Sprite] Finished loading ./res/graphics/wall_tiles/rock_wall2.png
[2025-03-15 15:19:07] [INFO] [Sprite] Finished loading ./res/graphics/wall_tiles/sandstone_wall.png
[2025-03-15 15:19:07] [INFO] [Sprite] Finished loading ./res/graphics/wall_tiles/elden_yellow_wall.png
[2025-03-15 15:19:07] [INFO] [Sprite] Finished loading ./res/graphics/wall_tiles/vine_on_wall.png
[2025-03-15 15:19:07] [INFO] [Sprite] Finished loading ./res/graphics/wall_tiles/boulder_wall.png
[2025-03-15 15:19:07] [INFO] [Sprite] Finished loading ./res/graphics/wall_tiles/white_marble_wall.png
[2025-03-15 15:19:07] [INFO] [Sprite] Finished loading ./res/graphics/wall_tiles/elden_green_wall.png
[2025-03-15 15:19:07] [INFO] [Sprite] Finished loading ./res/graphics/wall_tiles/brown_marble_wall.png
[2025-03-15 15:19:07] [INFO] [Sprite] Finished loading ./res/graphics/wall_tiles/small_brick_wall.png
[2025-03-15 15:19:07] [INFO] [Sprite] Finished loading ./res/graphics/wall_tiles/moss_wall.png
[2025-03-15 15:19:07] [INFO] [Sprite] Finished loading ./res/graphics/wall_tiles/dirt_brick_vine_wall.png
[2025-03-15 15:19:07] [INFO] [Sprite] Finished loading ./res/graphics/wall_tiles/elden_purple_wall.png
[2025-03-15 15:19:07] [INFO] [Sprite] Finished loading ./res/graphics/wall_tiles/large_brick_wall.png
[2025-03-15 15:19:07] [INFO] [Sprite] Finished loading ./res/graphics/wall_tiles/dirt_wall.png
[2025-03-15 15:19:07] [INFO] [Sprite] Finished loading ./res/graphics/wall_tiles/alien_wall.png
[2025-03-15 15:19:07] [INFO] [Sprite] Finished loading ./res/graphics/wall_tiles/industrial_brick_wall.png
[2025-03-15 15:19:07] [INFO] [Sprite] Finished loading ./res/graphics/wall_tiles/rock_wall.png
[2025-03-15 15:19:07] [INFO] [Sprite] Finished loading ./res/graphics/wall_tiles/dirt_wall2.png
[2025-03-15 15:19:07] [INFO] [Sprite] Finished loading ./res/graphics/wall_tiles/moss_wall2.png
[2025-03-15 15:19:07] [INFO] [Sprite] Finished loading ./res/graphics/wall_tiles/moss_wall3.png
[2025-03-15 15:19:07] [INFO] [Sprite] Finished loading ./res/graphics/wall_tiles/no_wall.png
[2025-03-15 15:19:07] [INFO] [Sprite] Finished loading ./res/graphics/wall_tiles/alien_rune_wall.png
[2025-03-15 15:19:07] [INFO] [Sprite] Finished loading ./res/graphics/wall_tiles/industrial_wall.png
[2025-03-15 15:19:07] [INFO] [Sprite] Finished loading ./res/graphics/wall_tiles/small_brick_wall2.png
[2025-03-15 15:19:07] [INFO] [Sprite] Finished loading ./res/graphics/old/liquids 2.png
[2025-03-15 15:19:07] [INFO] [Sprite] Finished loading ./res/graphics/old/gems.png
[2025-03-15 15:19:07] [INFO] [Sprite] Finished loading ./res/graphics/old/floors.png
[2025-03-15 15:19:07] [INFO] [Sprite] Finished loading ./res/graphics/old/terrains.png
[2025-03-15 15:19:07] [INFO] [Sprite] Finished loading ./res/graphics/old/gemsRaw.png
[2025-03-15 15:19:07] [INFO] [Sprite] Finished loading ./res/graphics/old/walls.png
[2025-03-15 15:19:07] [INFO] [Sprite] Finished loading ./res/graphics/old/special2.png
[2025-03-15 15:19:07] [INFO] [Sprite] Finished loading ./res/graphics/old/structures.png
[2025-03-15 15:19:07] [INFO] [Sprite] Finished loading ./res/graphics/old/special.png
[2025-03-15 15:19:07] [INFO] [Sprite] Finished loading ./res/graphics/old/liquids.png
[2025-03-15 15:19:07] [INFO] [Sprite] Finished loading ./res/graphics/old/units.png
[2025-03-15 15:19:07] [INFO] [Sprite] Finished loading ./res/graphics/old/terrains2.png
[2025-03-15 15:19:07] [INFO] [Sprite] Finished loading ./res/graphics/old/floors2.png
[2025-03-15 15:19:07] [INFO] [Sprite] Finished loading ./res/graphics/floor_tiles/sand_1_floor.png
[2025-03-15 15:19:07] [INFO] [Sprite] Finished loading ./res/graphics/floor_tiles/sand_dark_floor.png
[2025-03-15 15:19:07] [INFO] [Sprite] Finished loading ./res/graphics/floor_tiles/dirty_grass_1_floor.png
[2025-03-15 15:19:07] [INFO] [Sprite] Finished loading ./res/graphics/floor_tiles/white_sand_floor.png
[2025-03-15 15:19:07] [INFO] [Sprite] Finished loading ./res/graphics/floor_tiles/white_sands_2.png
[2025-03-15 15:19:07] [INFO] [Sprite] Finished loading ./res/graphics/floor_tiles/dirty_grass_2_floor.png
[2025-03-15 15:19:07] [INFO] [Sprite] Finished loading ./res/graphics/floor_tiles/sand_3_floor.png
[2025-03-15 15:19:07] [INFO] [Sprite] Finished loading ./res/graphics/floor_tiles/obsidian_floor.png
[2025-03-15 15:19:07] [INFO] [Sprite] Finished loading ./res/graphics/floor_tiles/base_floor.png
[2025-03-15 15:19:07] [INFO] [Sprite] Finished loading ./res/graphics/floor_tiles/sand_floor.png
[2025-03-15 15:19:07] [INFO] [Sprite] Finished loading ./res/graphics/floor_tiles/dirty_grass_3_floor.png
[2025-03-15 15:19:07] [INFO] [Sprite] Finished loading ./res/graphics/floor_tiles/sand_2_floor.png
[2025-03-15 15:19:07] [INFO] [Sprite] Finished loading ./res/graphics/units/Air_Dragon.png
[2025-03-15 15:19:07] [INFO] [Sprite] Finished loading ./res/graphics/units/Dragon.png
[2025-03-15 15:19:07] [INFO] [Sprite] Finished loading ./res/graphics/units/Dark_Dragon.png
[2025-03-15 15:19:07] [INFO] [Sprite] Finished loading ./res/graphics/units/Earth_Dragon.png
[2025-03-15 15:19:07] [INFO] [Sprite] Finished loading ./res/graphics/units/Light_Dragon.png
[2025-03-15 15:19:07] [INFO] [Sprite] Finished loading ./res/graphics/units/Water_Dragon.png
[2025-03-15 15:19:07] [INFO] [Sprite] Finished loading ./res/graphics/units/Fire_Dragon.png
[2025-03-15 15:19:07] [INFO] [Sprite] Finished loading ./res/graphics/actions/StatsDown.png
[2025-03-15 15:19:07] [INFO] [Sprite] Finished loading ./res/graphics/actions/PhysicalHit4.png
[2025-03-15 15:19:07] [INFO] [Sprite] Finished loading ./res/graphics/actions/Slash.png
[2025-03-15 15:19:07] [INFO] [Sprite] Finished loading ./res/graphics/actions/Air.png
[2025-03-15 15:19:07] [INFO] [Sprite] Finished loading ./res/graphics/actions/Dark.png
[2025-03-15 15:19:07] [INFO] [Sprite] Finished loading ./res/graphics/actions/Blunt.png
[2025-03-15 15:19:07] [INFO] [Sprite] Finished loading ./res/graphics/actions/Fire.png
[2025-03-15 15:19:07] [INFO] [Sprite] Finished loading ./res/graphics/actions/Earth.png
[2025-03-15 15:19:07] [INFO] [Sprite] Finished loading ./res/graphics/actions/Light.png
[2025-03-15 15:19:07] [INFO] [Sprite] Finished loading ./res/graphics/actions/StatsUp.png
[2025-03-15 15:19:07] [INFO] [Sprite] Finished loading ./res/graphics/actions/Water.png
[2025-03-15 15:19:07] [INFO] [Sprite] Finished loading ./res/graphics/actions/Pierce.png
[2025-03-15 15:19:07] [INFO] [Sprite] Finished loading ./res/graphics/spells/LightSpell.png
[2025-03-15 15:19:07] [INFO] [Sprite] Finished loading ./res/graphics/spells/StatsDown.png
[2025-03-15 15:19:07] [INFO] [Sprite] Finished loading ./res/graphics/spells/WindSpell.png
[2025-03-15 15:19:07] [INFO] [Sprite] Finished loading ./res/graphics/spells/WaterSpell.png
[2025-03-15 15:19:07] [INFO] [Sprite] Finished loading ./res/graphics/spells/PhysicalHit4.png
[2025-03-15 15:19:07] [INFO] [Sprite] Finished loading ./res/graphics/spells/PhysicalHit1.png
[2025-03-15 15:19:07] [INFO] [Sprite] Finished loading ./res/graphics/spells/LightningSpell.png
[2025-03-15 15:19:07] [INFO] [Sprite] Finished loading ./res/graphics/spells/PhysicalHit3.png
[2025-03-15 15:19:07] [INFO] [Sprite] Finished loading ./res/graphics/spells/PhysicalHit2.png
[2025-03-15 15:19:07] [INFO] [Sprite] Finished loading ./res/graphics/spells/FireSpell.png
[2025-03-15 15:19:07] [INFO] [Sprite] Finished loading ./res/graphics/spells/DarkSpell.png
[2025-03-15 15:19:07] [INFO] [Sprite] Finished loading ./res/graphics/spells/StatsUp.png
[2025-03-15 15:19:07] [INFO] [Sprite] Finished loading ./res/graphics/spells/EarthSpell.png
[2025-03-15 15:19:07] [INFO] [Sprite] Finished loading ./res/graphics/liquids/greater_leafage_liquid.png
[2025-03-15 15:19:07] [INFO] [Sprite] Finished loading ./res/graphics/liquids/waterV4_liquid.png
[2025-03-15 15:19:07] [INFO] [Sprite] Finished loading ./res/graphics/liquids/shallow_swamp.png
[2025-03-15 15:19:07] [INFO] [Sprite] Finished loading ./res/graphics/liquids/water5.png
[2025-03-15 15:19:07] [INFO] [Sprite] Finished loading ./res/graphics/liquids/swamp_2.png
[2025-03-15 15:19:07] [INFO] [Sprite] Finished loading ./res/graphics/liquids/Lava_liquid.png
[2025-03-15 15:19:07] [INFO] [Sprite] Finished loading ./res/graphics/liquids/swamp2.png
[2025-03-15 15:19:07] [INFO] [Sprite] Finished loading ./res/graphics/liquids/waterV33_liquid.png
[2025-03-15 15:19:07] [INFO] [Sprite] Finished loading ./res/graphics/liquids/shallow_water_liquid.png
[2025-03-15 15:19:07] [INFO] [Sprite] Finished loading ./res/graphics/liquids/water_liquid.png
[2025-03-15 15:19:07] [INFO] [Sprite] Finished loading ./res/graphics/liquids/waterV2_liquid.png
[2025-03-15 15:19:07] [INFO] [Sprite] Finished loading ./res/graphics/liquids/swamp2_liquid.png
[2025-03-15 15:19:07] [INFO] [SpriteSheetOG] Finished loading ./res/graphics
[2025-03-15 15:19:07] [INFO] [AssetPool] Finished initializing AssetPool
[2025-03-15 15:19:07] [INFO] [FontPoolV1] Started initializing FontPoolV1
[2025-03-15 15:19:08] [INFO] [FontPoolV1] Finished initializing FontPoolV1
[2025-03-15 15:19:08] [INFO] [UnitDatabase] Started initializing UnitDatabase
[2025-03-15 15:19:08] [INFO] [UnitDatabase] Successfully initialized UnitDatabase
[2025-03-15 15:19:08] [INFO] [UnitDatabase] Finished initializing UnitDatabase
[2025-03-15 15:19:08] [INFO] [JsonDatabase] Started initializing JsonDatabase
[2025-03-15 15:19:08] [INFO] [JsonTable] Started initializing JsonTable
[2025-03-15 15:19:08] [INFO] [JsonTable] Successfully initialized JsonTable
[2025-03-15 15:19:08] [INFO] [JsonTable] Finished initializing JsonTable
[2025-03-15 15:19:08] [INFO] [JsonTable] Started initializing JsonTable
[2025-03-15 15:19:08] [INFO] [JsonTable] Successfully initialized JsonTable
[2025-03-15 15:19:08] [INFO] [JsonTable] Finished initializing JsonTable
[2025-03-15 15:19:08] [INFO] [JsonTable] Started initializing JsonTable
[2025-03-15 15:19:08] [INFO] [JsonTable] Successfully initialized JsonTable
[2025-03-15 15:19:08] [INFO] [JsonTable] Finished initializing JsonTable
[2025-03-15 15:19:08] [INFO] [JsonDatabase] Successfully initialized JsonDatabase
[2025-03-15 15:19:08] [INFO] [JsonDatabase] Finished initializing JsonDatabase
[2025-03-15 15:19:08] [INFO] [Component] Setting 90438a17-9654-4d82-89bd-3e50f241d31c on to 911ffbd0-aadf-40dd-93c4-8b88c54d0a16.
[2025-03-15 15:19:08] [INFO] [SpeedQueue] Added unit enemy:Rucm into queue
[2025-03-15 15:19:08] [INFO] [Component] Setting e5100e80-248e-4f56-be70-5c064e37ccab on to 2024f8eb-2102-4df7-a4dd-bb385c112f7c.
[2025-03-15 15:19:08] [INFO] [SpeedQueue] Added unit enemy:Fith into queue
[2025-03-15 15:19:08] [INFO] [Component] Setting 7bc60267-8ebc-45cc-a73a-55503e8e34a9 on to e71d8013-61d4-49bc-94f9-42d426521ead.
[2025-03-15 15:19:08] [INFO] [SpeedQueue] Added unit enemy:Iiqi into queue
[2025-03-15 15:19:08] [INFO] [Component] Setting 70195e41-6bce-4c37-ab36-512bf95b21ae on to 3227355c-c1be-455c-bf21-45c02d31caff.
[2025-03-15 15:19:08] [INFO] [SpeedQueue] Added unit enemy:Aurvai into queue
[2025-03-15 15:19:08] [INFO] [Component] Setting c7cb9592-5e01-4355-a8e2-c30f96b25ea9 on to ece48732-5e1f-41f7-965a-920602f7dfe0.
[2025-03-15 15:19:08] [INFO] [SpeedQueue] Added unit user:Nyyy into queue
[2025-03-15 15:19:08] [INFO] [Component] Setting 238945da-1c59-4260-aa96-6d0f1844d1b5 on to a0fd10ef-dea3-46a8-b7e9-f04314e958c0.
[2025-03-15 15:19:08] [INFO] [SpeedQueue] Added unit user:Iurwf into queue
[2025-03-15 15:19:08] [INFO] [Component] Setting f33e578f-917d-406f-9b2c-2796d33f74c7 on to 1c0e8bf7-9e20-4a54-aa16-a15221279a2e.
[2025-03-15 15:19:08] [INFO] [SpeedQueue] Added unit user:Gyjf into queue
[2025-03-15 15:19:08] [INFO] [Component] Setting 151510c9-6c1c-482e-851b-279487c54caf on to b3bdcb82-c76b-4ff6-b1fe-889e79244387.
[2025-03-15 15:19:08] [INFO] [SpeedQueue] Added unit user:Jahfoi into queue
[2025-03-15 15:19:08] [INFO] [FontPool] Started initializing FontPool
[2025-03-15 15:19:08] [INFO] [FontPool] ✅ Successfully loaded font: Lilian
[2025-03-15 15:19:08] [INFO] [SpeedQueue] Speed queue updated.
[2025-03-15 15:19:08] [INFO] [VisualsSystem] Started creating blurred background
[2025-03-15 15:19:09] [INFO] [TimeLinePanel] Started updating the timeline panel after turn order has changed.
[2025-03-15 15:19:09] [INFO] [TimeLinePanel] Finished updating the timeline panel after turn order has changed.
[2025-03-15 15:19:09] [INFO] [SelectedTilePanel] Checksum updated, getting units at selected tiles.
[2025-03-15 15:19:09] [INFO] [SelectedTilePanel] Either no unit selected or more than one unit selected
[2025-03-15 15:19:09] [INFO] [LesserStatisticsInformationPanel] Checksum has been updated, querying statistics for unit 238945da-1c59-4260-aa96-6d0f1844d1b5
[2025-03-15 15:19:09] [INFO] [VisualsSystem] Finished creating blurred background after 0.498443067073822 seconds
[2025-03-15 15:19:12] [INFO] [InputHandler] Gliding to tile {"spawn_region":[],"collider":"","unit":"90438a17-9654-4d82-89bd-3e50f241d31c","column":4,"layers":[{"thickness":1,"sprite":"base_floor","state":"solid"},{"thickness":1,"sprite":"sand_floor","state":"solid"}],"row":1,"structure":"","height":0}
[2025-03-15 15:19:12] [INFO] [SelectedTilePanel] Checksum updated, getting units at selected tiles.
[2025-03-15 15:19:12] [INFO] [SelectedTilePanel] Updated selected tile display to view Rucm
[2025-03-15 15:19:12] [INFO] [LesserStatisticsInformationPanel] Finished updating Greater UI
[2025-03-15 15:19:15] [INFO] [SelectedTilePanel] Checksum updated, getting units at selected tiles.
[2025-03-15 15:19:15] [INFO] [SelectedTilePanel] Updated selected tile display to view Jahfoi
[2025-03-15 15:19:15] [INFO] [LesserStatisticsInformationPanel] Finished updating Greater UI
[2025-03-15 15:19:16] [INFO] [InputHandler] Gliding to tile {"spawn_region":[],"collider":"","unit":"151510c9-6c1c-482e-851b-279487c54caf","column":6,"layers":[{"thickness":1,"sprite":"base_floor","state":"solid"},{"thickness":1,"sprite":"sand_floor","state":"solid"}],"row":6,"structure":"","height":0}
[2025-03-15 15:19:18] [INFO] [InputHandler] Gliding to tile {"spawn_region":[],"collider":"","unit":"c7cb9592-5e01-4355-a8e2-c30f96b25ea9","column":5,"layers":[{"thickness":1,"sprite":"base_floor","state":"solid"},{"thickness":1,"sprite":"sand_floor","state":"solid"}],"row":3,"structure":"","height":0}
[2025-03-15 15:19:18] [INFO] [SelectedTilePanel] Checksum updated, getting units at selected tiles.
[2025-03-15 15:19:18] [INFO] [SelectedTilePanel] Updated selected tile display to view Nyyy
[2025-03-15 15:19:18] [INFO] [LesserStatisticsInformationPanel] Finished updating Greater UI
[2025-03-15 15:19:19] [INFO] [InputHandler] Gliding to tile {"spawn_region":[],"collider":"","unit":"151510c9-6c1c-482e-851b-279487c54caf","column":6,"layers":[{"thickness":1,"sprite":"base_floor","state":"solid"},{"thickness":1,"sprite":"sand_floor","state":"solid"}],"row":6,"structure":"","height":0}
[2025-03-15 15:19:19] [INFO] [SelectedTilePanel] Checksum updated, getting units at selected tiles.
[2025-03-15 15:19:19] [INFO] [SelectedTilePanel] Updated selected tile display to view Jahfoi
[2025-03-15 15:19:19] [INFO] [LesserStatisticsInformationPanel] Finished updating Greater UI
[2025-03-15 15:19:20] [INFO] [InputHandler] Gliding to tile {"spawn_region":[],"collider":"","unit":"7bc60267-8ebc-45cc-a73a-55503e8e34a9","column":0,"layers":[{"thickness":1,"sprite":"base_floor","state":"solid"},{"thickness":2,"sprite":"sand_floor","state":"solid"}],"row":1,"structure":"","height":0}
[2025-03-15 15:19:20] [INFO] [SelectedTilePanel] Checksum updated, getting units at selected tiles.
[2025-03-15 15:19:20] [INFO] [SelectedTilePanel] Updated selected tile display to view Iiqi
[2025-03-15 15:19:20] [INFO] [LesserStatisticsInformationPanel] Finished updating Greater UI
[2025-03-15 15:19:21] [INFO] [SelectedTilePanel] Checksum updated, getting units at selected tiles.
[2025-03-15 15:19:21] [INFO] [SelectedTilePanel] Either no unit selected or more than one unit selected
[2025-03-15 15:19:23] [INFO] [InputHandler] Gliding to tile {"spawn_region":[],"collider":"","unit":"90438a17-9654-4d82-89bd-3e50f241d31c","column":4,"layers":[{"thickness":1,"sprite":"base_floor","state":"solid"},{"thickness":1,"sprite":"sand_floor","state":"solid"}],"row":1,"structure":"","height":0}
[2025-03-15 15:19:23] [INFO] [SelectedTilePanel] Checksum updated, getting units at selected tiles.
[2025-03-15 15:19:23] [INFO] [SelectedTilePanel] Updated selected tile display to view Rucm
[2025-03-15 15:19:23] [INFO] [LesserStatisticsInformationPanel] Finished updating Greater UI
[2025-03-15 15:19:23] [INFO] [SelectedTilePanel] Checksum updated, getting units at selected tiles.
[2025-03-15 15:19:23] [INFO] [SelectedTilePanel] Either no unit selected or more than one unit selected
[2025-03-15 15:19:24] [INFO] [InputHandler] Gliding to tile {"spawn_region":[],"collider":"","unit":"f33e578f-917d-406f-9b2c-2796d33f74c7","column":6,"layers":[{"thickness":1,"sprite":"base_floor","state":"solid"},{"thickness":1,"sprite":"sand_floor","state":"solid"}],"row":7,"structure":"","height":0}
[2025-03-15 15:19:24] [INFO] [SelectedTilePanel] Checksum updated, getting units at selected tiles.
[2025-03-15 15:19:24] [INFO] [SelectedTilePanel] Updated selected tile display to view Gyjf
[2025-03-15 15:19:24] [INFO] [LesserStatisticsInformationPanel] Finished updating Greater UI
[2025-03-15 15:19:25] [INFO] [SelectedTilePanel] Checksum updated, getting units at selected tiles.
[2025-03-15 15:19:25] [INFO] [SelectedTilePanel] Updated selected tile display to view Nyyy
[2025-03-15 15:19:25] [INFO] [LesserStatisticsInformationPanel] Finished updating Greater UI
[2025-03-15 15:19:27] [INFO] [InputHandler] Gliding to tile {"spawn_region":[],"collider":"","unit":"151510c9-6c1c-482e-851b-279487c54caf","column":6,"layers":[{"thickness":1,"sprite":"base_floor","state":"solid"},{"thickness":1,"sprite":"sand_floor","state":"solid"}],"row":6,"structure":"","height":0}
[2025-03-15 15:19:27] [INFO] [SelectedTilePanel] Checksum updated, getting units at selected tiles.
[2025-03-15 15:19:27] [INFO] [SelectedTilePanel] Updated selected tile display to view Jahfoi
[2025-03-15 15:19:27] [INFO] [LesserStatisticsInformationPanel] Finished updating Greater UI
[2025-03-15 15:19:33] [INFO] [InputHandler] Gliding to tile {"spawn_region":[],"collider":"","unit":"e5100e80-248e-4f56-be70-5c064e37ccab","column":5,"layers":[{"thickness":1,"sprite":"base_floor","state":"solid"},{"thickness":1,"sprite":"sand_floor","state":"solid"}],"row":5,"structure":"","height":0}
[2025-03-15 15:19:33] [INFO] [SelectedTilePanel] Checksum updated, getting units at selected tiles.
[2025-03-15 15:19:33] [INFO] [SelectedTilePanel] Updated selected tile display to view Fith
[2025-03-15 15:19:33] [INFO] [LesserStatisticsInformationPanel] Finished updating Greater UI
[2025-03-15 15:19:40] [INFO] [SelectedTilePanel] Checksum updated, getting units at selected tiles.
[2025-03-15 15:19:40] [INFO] [SelectedTilePanel] Updated selected tile display to view Gyjf
[2025-03-15 15:19:40] [INFO] [LesserStatisticsInformationPanel] Finished updating Greater UI
[2025-03-15 15:19:41] [INFO] [SelectedTilePanel] Checksum updated, getting units at selected tiles.
[2025-03-15 15:19:41] [INFO] [SelectedTilePanel] Updated selected tile display to view Jahfoi
[2025-03-15 15:19:41] [INFO] [LesserStatisticsInformationPanel] Finished updating Greater UI
[2025-03-15 15:19:42] [INFO] [SelectedTilePanel] Checksum updated, getting units at selected tiles.
[2025-03-15 15:19:42] [INFO] [SelectedTilePanel] Updated selected tile display to view Aurvai
[2025-03-15 15:19:42] [INFO] [LesserStatisticsInformationPanel] Finished updating Greater UI
[2025-03-15 15:19:43] [INFO] [InputHandler] Gliding to tile {"spawn_region":[],"collider":"","unit":"70195e41-6bce-4c37-ab36-512bf95b21ae","column":2,"layers":[{"thickness":1,"sprite":"base_floor","state":"solid"},{"thickness":3,"sprite":"sand_floor","state":"solid"}],"row":6,"structure":"","height":0}
[2025-03-15 15:19:54] [INFO] [InputHandler] Gliding to tile {"spawn_region":[],"collider":"","unit":"70195e41-6bce-4c37-ab36-512bf95b21ae","column":2,"layers":[{"thickness":1,"sprite":"base_floor","state":"solid"},{"thickness":3,"sprite":"sand_floor","state":"solid"}],"row":6,"structure":"","height":0}
