[2025-04-05 09:34:25] [INFO] [UnitDatabase] Started initializing UnitDatabase
[2025-04-05 09:34:25] [INFO] [UnitDatabase] Successfully initialized UnitDatabase
[2025-04-05 09:34:25] [INFO] [UnitDatabase] Finished initializing UnitDatabase
[2025-04-05 09:34:25] [INFO] [AbilityDatabase] Started initializing AbilityDatabase
[2025-04-05 09:34:25] [INFO] [AbilityDatabase] Successfully initialized AbilityDatabase
[2025-04-05 09:34:25] [INFO] [AbilityDatabase] Finished initializing AbilityDatabase
[2025-04-05 09:34:25] [INFO] [UserSaveStateManager] Started loading user save data
[2025-04-05 09:34:25] [INFO] [UserSaveStateManager] Finished loading user save data
[2025-04-05 09:34:25] [INFO] [AssetPool] Started initializing AssetPool
[2025-04-05 09:34:25] [INFO] [AssetNameSpace] Started loading Sprite's from ./res/graphics
[2025-04-05 09:34:25] [INFO] [AssetNameSpace] Finished reading files for sprites
[2025-04-05 09:34:25] [INFO] [AssetNameSpace] Finished loading ./res/graphics
[2025-04-05 09:34:25] [INFO] [AssetPool] Finished initializing AssetPool
[2025-04-05 09:34:25] [INFO] [JsonDatabase] Started initializing JsonDatabase
[2025-04-05 09:34:25] [INFO] [JsonTable] Started initializing JsonTable
[2025-04-05 09:34:25] [INFO] [JsonTable] Successfully initialized JsonTable
[2025-04-05 09:34:25] [INFO] [JsonTable] Finished initializing JsonTable
[2025-04-05 09:34:25] [INFO] [JsonTable] Started initializing JsonTable
[2025-04-05 09:34:25] [INFO] [JsonTable] Successfully initialized JsonTable
[2025-04-05 09:34:25] [INFO] [JsonTable] Finished initializing JsonTable
[2025-04-05 09:34:25] [INFO] [JsonTable] Started initializing JsonTable
[2025-04-05 09:34:25] [INFO] [JsonTable] Successfully initialized JsonTable
[2025-04-05 09:34:25] [INFO] [JsonTable] Finished initializing JsonTable
[2025-04-05 09:34:25] [INFO] [JsonDatabase] Successfully initialized JsonDatabase
[2025-04-05 09:34:25] [INFO] [JsonDatabase] Finished initializing JsonDatabase
[2025-04-05 09:34:25] [INFO] [Component] Setting 38437a0c-77d8-490f-aed3-f7eed8c57261 on to 8f5da1ff-3212-4f9a-b846-cb409637d1be.
[2025-04-05 09:34:25] [INFO] [SpeedQueue] Added unit enemy:Gojvia into queue
[2025-04-05 09:34:25] [INFO] [Component] Setting 4822cbcd-6971-4c27-b2b4-038a4a8cc136 on to bc1547c2-a065-47c6-8e15-84847df1a118.
[2025-04-05 09:34:25] [INFO] [SpeedQueue] Added unit enemy:Bioqqy into queue
[2025-04-05 09:34:25] [INFO] [Component] Setting caf22636-0c3a-4265-93ea-81eb17fad9aa on to 78ba8bd3-9c60-4951-aef7-d4b03a8efb45.
[2025-04-05 09:34:25] [INFO] [SpeedQueue] Added unit enemy:Cygycb into queue
[2025-04-05 09:34:25] [INFO] [Component] Setting d470813f-e494-4cc3-9bf3-57f5e46eb51b on to e97d24a9-ebf8-42c9-a6df-91336367aa1a.
[2025-04-05 09:34:25] [INFO] [SpeedQueue] Added unit enemy:Eaigah into queue
[2025-04-05 09:34:25] [INFO] [Component] Setting 699190db-fb67-45cc-884c-127016df2aff on to 8318f2cc-1701-4c14-a033-604376be047c.
[2025-04-05 09:34:25] [INFO] [SpeedQueue] Added unit enemy:Vutyuu into queue
[2025-04-05 09:34:25] [INFO] [Component] Setting d82ba375-5da4-43bb-bd31-69c32679ab86 on to fe64a551-810f-4114-99d4-3bf561850f62.
[2025-04-05 09:34:25] [INFO] [SpeedQueue] Added unit enemy:Xofi into queue
[2025-04-05 09:34:25] [INFO] [Component] Setting 96dc37c6-38da-46e2-aa88-c1f22f05db14 on to 9feca4c3-dee6-4e4b-8f2e-6666cad90610.
[2025-04-05 09:34:25] [INFO] [SpeedQueue] Added unit enemy:Zyjmo into queue
[2025-04-05 09:34:25] [INFO] [Component] Setting 4602aac1-22cc-40ff-9968-6c179b4cb738 on to 6383beaa-fcd0-4bc6-8db5-ef721f12e9fa.
[2025-04-05 09:34:25] [INFO] [SpeedQueue] Added unit enemy:Zoqeu into queue
[2025-04-05 09:34:25] [INFO] [Component] Setting a34f7d3f-43fe-41ae-834b-2545b57a9eb5 on to 4bfe731b-1f7b-4660-8437-04403cc1a91e.
[2025-04-05 09:34:25] [INFO] [SpeedQueue] Added unit enemy:Fyoauo into queue
[2025-04-05 09:34:25] [INFO] [Component] Setting c838e0d9-6937-4a7b-be89-eb47782988cf on to a712417e-8716-463b-9f88-dc5298953575.
[2025-04-05 09:34:25] [INFO] [SpeedQueue] Added unit enemy:Hupojo into queue
[2025-04-05 09:34:25] [INFO] [Component] Setting 39bf644a-b7e6-4fe6-a5be-70dd1f709adf on to fe62b5fc-98d5-487e-9068-480cd80676b0.
[2025-04-05 09:34:25] [INFO] [SpeedQueue] Added unit enemy:Tugsy into queue
[2025-04-05 09:34:25] [INFO] [Component] Setting 05806bcb-8603-4d15-95fe-fc324a97d81b on to 77caaf20-5503-4384-9fe6-374558278011.
[2025-04-05 09:34:25] [INFO] [SpeedQueue] Added unit enemy:Oyfue into queue
[2025-04-05 09:34:25] [INFO] [Component] Setting d9eb9f9d-c389-42b4-b180-78b7b1b59876 on to 129689e2-4bfb-496d-9be9-75503de8ceeb.
[2025-04-05 09:34:25] [INFO] [SpeedQueue] Added unit enemy:Cyboku into queue
[2025-04-05 09:34:25] [INFO] [Component] Setting ae0578e5-2e4e-408d-8610-feb085ecba5a on to 81d40b90-49d2-43fa-970b-72cf6af3b070.
[2025-04-05 09:34:25] [INFO] [SpeedQueue] Added unit enemy:Iyhmuy into queue
[2025-04-05 09:34:25] [INFO] [Component] Setting 6e696bd8-14dd-42ed-b8a3-378e2fdcd0e1 on to 1f4e4845-ccd9-4943-b1de-0b5597500e7f.
[2025-04-05 09:34:25] [INFO] [SpeedQueue] Added unit enemy:Qieoie into queue
[2025-04-05 09:34:25] [INFO] [Component] Setting 649c8438-59e0-4edd-b709-b3cbbf425324 on to a9639a87-3486-4e78-9364-3093ea51dd71.
[2025-04-05 09:34:25] [INFO] [SpeedQueue] Added unit enemy:Xeocma into queue
[2025-04-05 09:34:25] [INFO] [Component] Setting 92e29f83-79ec-4156-87f4-faa73561fef3 on to b0ca11d6-bdfa-40ed-a179-ecd05508d253.
[2025-04-05 09:34:25] [INFO] [SpeedQueue] Added unit enemy:Qumou into queue
[2025-04-05 09:34:25] [INFO] [Component] Setting 3c04252d-f230-4d84-b9a2-8b14e6ca2090 on to 0ea59919-a40f-4a47-84bf-e96ac066f465.
[2025-04-05 09:34:25] [INFO] [SpeedQueue] Added unit enemy:Hejai into queue
[2025-04-05 09:34:25] [INFO] [Component] Setting 62163aad-2fd5-457a-a01d-aa1de94719af on to c454c364-bd7c-4b9a-aba0-1188df022fa8.
[2025-04-05 09:34:25] [INFO] [SpeedQueue] Added unit enemy:Veswoi into queue
[2025-04-05 09:34:25] [INFO] [Component] Setting 6640995f-e398-4c31-9bd7-3b93fc9056d6 on to 752a2170-0515-4588-9c62-97b73c645577.
[2025-04-05 09:34:25] [INFO] [SpeedQueue] Added unit enemy:Perk into queue
[2025-04-05 09:34:25] [INFO] [Component] Setting 8132730e-bd43-40d9-8112-7be937f8adfa on to b23a1cf6-f824-4baf-b61b-6d0eb962b132.
[2025-04-05 09:34:25] [INFO] [SpeedQueue] Added unit enemy:Tydye into queue
[2025-04-05 09:34:25] [INFO] [Component] Setting acf4e72e-bb4d-4673-8546-8f2441db67d9 on to 7f46e62e-2e0c-4631-ba76-8793ad42d517.
[2025-04-05 09:34:25] [INFO] [SpeedQueue] Added unit enemy:Mopaay into queue
[2025-04-05 09:34:25] [INFO] [EngineController] Started setting scene to MENU_SCENE
[2025-04-05 09:34:26] [INFO] [EngineController] Finished setting scene to MENU_SCENE
[2025-04-05 09:34:26] [INFO] [EngineController] Started setting scene to GAME_SCENE
[2025-04-05 09:34:26] [INFO] [FontPool] Started initializing FontPool
[2025-04-05 09:34:26] [INFO] [FontPool] ✅ Successfully loaded font: Lilian
[2025-04-05 09:34:26] [INFO] [EngineController] Finished setting scene to GAME_SCENE
[2025-04-05 09:34:26] [INFO] [SpeedQueue] Speed queue updated.
[2025-04-05 09:34:26] [INFO] [TimeLinePanel] Started updating the timeline panel after turn order has changed.
[2025-04-05 09:34:26] [INFO] [TimeLinePanel] Finished updating the timeline panel after turn order has changed.
[2025-04-05 09:34:26] [INFO] [SelectedTilePanel] Checksum updated, getting units at selected tiles.
[2025-04-05 09:34:26] [INFO] [SelectedTilePanel] Either no unit selected or more than one unit selected
[2025-04-05 09:34:26] [INFO] [LesserStatisticsInformationPanel] Checksum has been updated, querying statistics for unit a34f7d3f-43fe-41ae-834b-2545b57a9eb5
[2025-04-05 09:34:26] [INFO] [VisualsSystem] Started creating blurred background
[2025-04-05 09:34:27] [INFO] [VisualsSystem] Finished creating blurred background after 0.48894166946411133 seconds
[2025-04-05 09:34:27] [INFO] [MovementSystem] Fyoauo is planning to move from [0, 4] to [0, 3]
[2025-04-05 09:34:27] [INFO] [MovementSystem] Updated movement area for Fyoauo
[2025-04-05 09:34:27] [INFO] [MovementSystem] Updated movement path for Fyoauo
[2025-04-05 09:34:27] [INFO] [Component] Setting a34f7d3f-43fe-41ae-834b-2545b57a9eb5 on to 077b3b7c-11dc-4c43-9422-cc535b5dc194.
[2025-04-05 09:34:27] [INFO] [MovementSystem] Moved from [0, 4] to [0, 3]
[2025-04-05 09:34:27] [INFO] [MovementSystem] {} has moved
[2025-04-05 09:34:28] [INFO] [AbilitySystem] Fyoauo Triggered ability system
[2025-04-05 09:34:29] [INFO] [TimeLinePanel] Started updating the timeline panel after turn order has changed.
[2025-04-05 09:34:29] [INFO] [TimeLinePanel] Finished updating the timeline panel after turn order has changed.
[2025-04-05 09:34:29] [INFO] [MovementSystem] Qieoie is planning to move from [8, 11] to [8, 9]
[2025-04-05 09:34:29] [INFO] [MovementSystem] Updated movement area for Qieoie
[2025-04-05 09:34:29] [INFO] [MovementSystem] Updated movement path for Qieoie
[2025-04-05 09:34:29] [INFO] [Component] Setting 6e696bd8-14dd-42ed-b8a3-378e2fdcd0e1 on to 0e66b9d0-3719-4fd0-97cb-877219f98977.
[2025-04-05 09:34:29] [INFO] [MovementSystem] Moved from [8, 11] to [8, 9]
[2025-04-05 09:34:29] [INFO] [MovementSystem] {} has moved
