[2025-06-03 22:22:16] [INFO] [UnitTable] Started initializing UnitTable
[2025-06-03 22:22:16] [INFO] [EmeritusDatabase] Started initializing EmeritusDatabase
[2025-06-03 22:22:16] [INFO] [EmeritusDatabase] Finished initializing EmeritusDatabase
[2025-06-03 22:22:16] [INFO] [UnitTable] Successfully initialized UnitTable
[2025-06-03 22:22:16] [INFO] [UnitTable] Finished initializing UnitTable
[2025-06-03 22:22:16] [INFO] [AbilityTable] Started initializing AbilityTable
[2025-06-03 22:22:16] [INFO] [AbilityTable] Finished initializing AbilityTable
[2025-06-03 22:22:16] [INFO] [UserSaveStateManager] Started loading user save data
[2025-06-03 22:22:16] [INFO] [UserSaveStateManager] Finished loading user save data
[2025-06-03 22:22:16] [INFO] [AssetPool] Started initializing AssetPool
[2025-06-03 22:22:16] [INFO] [AssetNameSpace] Started loading Sprite's from ./res/graphics
[2025-06-03 22:22:16] [INFO] [AssetNameSpace] Finished reading files for sprites
[2025-06-03 22:22:16] [INFO] [AssetNameSpace] Finished loading ./res/graphics
[2025-06-03 22:22:16] [INFO] [AssetPool] Finished initializing AssetPool
[2025-06-03 22:22:16] [INFO] [Component] Setting UNIT_fire_dragon___NICKNAME_Zulyfb___2ca31156-168e-4728-8ee9-b8d4e6dd01b4 on to {"row":0,"column":0,"base_elevation":0,"spawn_region":"Left","unit":"UNIT_fire_dragon___NICKNAME_Zulyfb___2ca31156-168e-4728-8ee9-b8d4e6dd01b4","layers":{"empty":false},"total_elevation":7}.
[2025-06-03 22:22:16] [INFO] [Component] Setting UNIT_light_dragon___NICKNAME_Daywy___a0990606-6ff4-404b-8be0-f8a8bc09714c on to {"row":9,"column":0,"base_elevation":0,"spawn_region":"Left","unit":"UNIT_light_dragon___NICKNAME_Daywy___a0990606-6ff4-404b-8be0-f8a8bc09714c","layers":{"empty":false},"total_elevation":9}.
[2025-06-03 22:22:16] [INFO] [Component] Setting UNIT_air_dragon___NICKNAME_Deei___6f1a7ae2-779a-45f3-9545-d70a8af4a664 on to {"row":2,"column":0,"base_elevation":0,"spawn_region":"Left","unit":"UNIT_air_dragon___NICKNAME_Deei___6f1a7ae2-779a-45f3-9545-d70a8af4a664","layers":{"empty":false},"total_elevation":7}.
[2025-06-03 22:22:16] [INFO] [Component] Setting UNIT_light_dragon___NICKNAME_Dicty___3129dbb2-84db-4a1d-add7-4b6a92978ca5 on to {"row":5,"column":0,"base_elevation":0,"spawn_region":"Left","unit":"UNIT_light_dragon___NICKNAME_Dicty___3129dbb2-84db-4a1d-add7-4b6a92978ca5","layers":{"empty":false},"total_elevation":7}.
[2025-06-03 22:22:16] [INFO] [Component] Setting UNIT_dragon___NICKNAME_Vueao___b0dde135-bbea-4657-bc47-09db88820006 on to {"row":7,"column":1,"base_elevation":0,"spawn_region":"Left","unit":"UNIT_dragon___NICKNAME_Vueao___b0dde135-bbea-4657-bc47-09db88820006","layers":{"empty":false},"total_elevation":8}.
[2025-06-03 22:22:16] [INFO] [Component] Setting UNIT_air_dragon___NICKNAME_Tezeih___aa660cec-b441-4864-910d-08f7bafd1b74 on to {"row":3,"column":11,"base_elevation":0,"spawn_region":"Right","unit":"UNIT_air_dragon___NICKNAME_Tezeih___aa660cec-b441-4864-910d-08f7bafd1b74","layers":{"empty":false},"total_elevation":9}.
[2025-06-03 22:22:16] [INFO] [Component] Setting UNIT_water_dragon___NICKNAME_Neze___afa4e1cc-de86-4238-9565-b266b989a914 on to {"row":9,"column":12,"base_elevation":0,"spawn_region":"Right","unit":"UNIT_water_dragon___NICKNAME_Neze___afa4e1cc-de86-4238-9565-b266b989a914","layers":{"empty":false},"total_elevation":9}.
[2025-06-03 22:22:16] [INFO] [Component] Setting UNIT_dragon___NICKNAME_Uipi___00b50b22-013a-4503-9f80-4f45f65c53fd on to {"row":4,"column":12,"base_elevation":0,"spawn_region":"Right","unit":"UNIT_dragon___NICKNAME_Uipi___00b50b22-013a-4503-9f80-4f45f65c53fd","layers":{"empty":false},"total_elevation":10}.
[2025-06-03 22:22:16] [INFO] [Component] Setting UNIT_water_dragon___NICKNAME_Myail___21702cbd-1c8c-442f-bda9-1e8298ce2630 on to {"row":8,"column":11,"base_elevation":0,"spawn_region":"Right","unit":"UNIT_water_dragon___NICKNAME_Myail___21702cbd-1c8c-442f-bda9-1e8298ce2630","layers":{"empty":false},"total_elevation":9}.
[2025-06-03 22:22:16] [INFO] [Component] Setting UNIT_earth_dragon___NICKNAME_Jinoe___745ed762-e47a-4957-9311-12aefc504415 on to {"row":7,"column":11,"base_elevation":0,"spawn_region":"Right","unit":"UNIT_earth_dragon___NICKNAME_Jinoe___745ed762-e47a-4957-9311-12aefc504415","layers":{"empty":false},"total_elevation":9}.
[2025-06-03 22:22:16] [INFO] [EngineController] Started setting scene to MENU_SCENE
[2025-06-03 22:22:16] [INFO] [EngineController] Finished setting scene to MENU_SCENE
[2025-06-03 22:22:16] [INFO] [EngineController] Started setting scene to GAME_SCENE
[2025-06-03 22:22:16] [INFO] [FontPool] Started initializing FontPool
[2025-06-03 22:22:16] [INFO] [FontPool] ✅ Successfully loaded font: Lilian
[2025-06-03 22:22:17] [INFO] [EngineController] Finished setting scene to GAME_SCENE
[2025-06-03 22:22:17] [INFO] [AbilitySystem] Started updating {} because of ability
[2025-06-03 22:22:17] [INFO] [AbilitySystem] Finished update updating {} because of ability
[2025-06-03 22:22:17] [INFO] [AbilitySystem] Started updating {} because of ability
[2025-06-03 22:22:17] [INFO] [AbilitySystem] Finished update updating {} because of ability
[2025-06-03 22:22:17] [INFO] [AbilitySystem] Started updating {} because of ability
[2025-06-03 22:22:17] [INFO] [AbilitySystem] Finished update updating {} because of ability
[2025-06-03 22:22:17] [INFO] [AbilitySystem] Started updating {} because of ability
[2025-06-03 22:22:17] [INFO] [AbilitySystem] Finished update updating {} because of ability
[2025-06-03 22:22:17] [INFO] [AbilitySystem] Started updating {} because of ability
[2025-06-03 22:22:17] [INFO] [AbilitySystem] Finished update updating {} because of ability
[2025-06-03 22:22:17] [INFO] [AbilitySystem] Started updating {} because of ability
[2025-06-03 22:22:17] [INFO] [AbilitySystem] Finished update updating {} because of ability
[2025-06-03 22:22:17] [INFO] [AbilitySystem] Started updating {} because of ability
[2025-06-03 22:22:17] [INFO] [AbilitySystem] Finished update updating {} because of ability
[2025-06-03 22:22:17] [INFO] [AbilitySystem] Started updating {} because of ability
[2025-06-03 22:22:17] [INFO] [AbilitySystem] Finished update updating {} because of ability
[2025-06-03 22:22:17] [INFO] [AbilitySystem] Started updating {} because of ability
[2025-06-03 22:22:17] [INFO] [AbilitySystem] Finished update updating {} because of ability
[2025-06-03 22:22:17] [INFO] [AbilitySystem] Started updating {} because of ability
[2025-06-03 22:22:17] [INFO] [AbilitySystem] Finished update updating {} because of ability
[2025-06-03 22:22:17] [INFO] [AbilityPanel] Updating ability selection for UNIT_earth_dragon___NICKNAME_Jinoe___745ed762-e47a-4957-9311-12aefc504415
[2025-06-03 22:22:17] [INFO] [AbilityPanel] Finished ability selection for UNIT_earth_dragon___NICKNAME_Jinoe___745ed762-e47a-4957-9311-12aefc504415
[2025-06-03 22:22:17] [INFO] [MovementPanel] Started update to Movement Information panel.
[2025-06-03 22:22:17] [INFO] [MovementPanel] Finished update to Movement Information panel.
[2025-06-03 22:22:17] [INFO] [TimeLinePanel] Started updating the timeline panel after turn order has changed.
[2025-06-03 22:22:17] [INFO] [TimeLinePanel] Finished updating the timeline panel after turn order has changed.
[2025-06-03 22:22:17] [INFO] [SelectedTilePanel] Checksum updated, getting units at selected tiles.
[2025-06-03 22:22:17] [INFO] [SelectedTilePanel] Either no unit selected or more than one unit selected
[2025-06-03 22:22:17] [INFO] [VisualsSystem] Started creating blurred background
[2025-06-03 22:22:17] [INFO] [VisualsSystem] Finished creating blurred background after 0.4812372624874115 seconds
[2025-06-03 22:22:18] [INFO] [AbilitySystem] Started updating {} because of ability
[2025-06-03 22:22:18] [INFO] [AbilitySystem] Finished update updating {} because of ability
[2025-06-03 22:22:18] [INFO] [AbilitySystem] Started updating {} because of ability
[2025-06-03 22:22:18] [INFO] [AbilitySystem] Finished update updating {} because of ability
[2025-06-03 22:22:18] [INFO] [AbilitySystem] Started updating {} because of ability
[2025-06-03 22:22:18] [INFO] [AbilitySystem] Finished update updating {} because of ability
[2025-06-03 22:22:18] [INFO] [AbilitySystem] Started updating {} because of ability
[2025-06-03 22:22:18] [INFO] [AbilitySystem] Finished update updating {} because of ability
[2025-06-03 22:22:18] [INFO] [AbilitySystem] Started updating {} because of ability
[2025-06-03 22:22:18] [INFO] [AbilitySystem] Finished update updating {} because of ability
[2025-06-03 22:22:18] [INFO] [AbilitySystem] Started updating {} because of ability
[2025-06-03 22:22:18] [INFO] [AbilitySystem] Finished update updating {} because of ability
[2025-06-03 22:22:18] [INFO] [AbilitySystem] Started updating {} because of ability
[2025-06-03 22:22:18] [INFO] [AbilitySystem] Finished update updating {} because of ability
[2025-06-03 22:22:18] [INFO] [AbilitySystem] Started updating {} because of ability
[2025-06-03 22:22:18] [INFO] [AbilitySystem] Finished update updating {} because of ability
[2025-06-03 22:22:18] [INFO] [AbilityPanel] Updating ability selection for UNIT_earth_dragon___NICKNAME_Jinoe___745ed762-e47a-4957-9311-12aefc504415
[2025-06-03 22:22:18] [INFO] [AbilityPanel] Finished ability selection for UNIT_earth_dragon___NICKNAME_Jinoe___745ed762-e47a-4957-9311-12aefc504415
[2025-06-03 22:22:18] [INFO] [MovementPanel] Started update to Movement Information panel.
[2025-06-03 22:22:18] [INFO] [MovementPanel] Finished update to Movement Information panel.
[2025-06-03 22:22:18] [INFO] [AbilitySystem] Started updating {} because of ability
[2025-06-03 22:22:18] [INFO] [AbilitySystem] Finished update updating {} because of ability
[2025-06-03 22:22:18] [INFO] [AbilitySystem] Started updating {} because of ability
[2025-06-03 22:22:18] [INFO] [AbilitySystem] Finished update updating {} because of ability
[2025-06-03 22:22:18] [INFO] [AbilitySystem] Started updating {} because of ability
[2025-06-03 22:22:18] [INFO] [AbilitySystem] Finished update updating {} because of ability
[2025-06-03 22:22:18] [INFO] [AbilitySystem] Started updating {} because of ability
[2025-06-03 22:22:18] [INFO] [AbilitySystem] Finished update updating {} because of ability
[2025-06-03 22:22:18] [INFO] [AbilitySystem] Started updating {} because of ability
[2025-06-03 22:22:18] [INFO] [AbilitySystem] Finished update updating {} because of ability
[2025-06-03 22:22:18] [INFO] [AbilitySystem] Started updating {} because of ability
[2025-06-03 22:22:18] [INFO] [AbilitySystem] Finished update updating {} because of ability
[2025-06-03 22:22:18] [INFO] [AbilitySystem] Started updating {} because of ability
[2025-06-03 22:22:18] [INFO] [AbilitySystem] Finished update updating {} because of ability
[2025-06-03 22:22:18] [INFO] [AbilitySystem] Started updating {} because of ability
[2025-06-03 22:22:18] [INFO] [AbilitySystem] Finished update updating {} because of ability
[2025-06-03 22:22:18] [INFO] [AbilitySystem] Started updating {} because of ability
[2025-06-03 22:22:18] [INFO] [AbilitySystem] Finished update updating {} because of ability
[2025-06-03 22:22:18] [INFO] [AbilitySystem] Started updating {} because of ability
[2025-06-03 22:22:18] [INFO] [AbilitySystem] Finished update updating {} because of ability
[2025-06-03 22:22:18] [INFO] [AbilitySystem] Started updating {} because of ability
[2025-06-03 22:22:18] [INFO] [AbilitySystem] Finished update updating {} because of ability
[2025-06-03 22:22:18] [INFO] [AbilitySystem] Started updating {} because of ability
[2025-06-03 22:22:18] [INFO] [AbilitySystem] Finished update updating {} because of ability
[2025-06-03 22:22:18] [INFO] [AbilitySystem] Started updating {} because of ability
[2025-06-03 22:22:18] [INFO] [AbilitySystem] Finished update updating {} because of ability
[2025-06-03 22:22:18] [INFO] [AbilitySystem] Started updating {} because of ability
[2025-06-03 22:22:18] [INFO] [AbilitySystem] Finished update updating {} because of ability
[2025-06-03 22:22:19] [INFO] [InputHandler] Gliding 0 camera to new tile ROW_7___COLUMN_11___d55113ea-aff9-401a-b596-421212de91fd
[2025-06-03 22:22:19] [INFO] [StatisticsPanel] Started updating statistics information panel
[2025-06-03 22:22:19] [INFO] [StatisticsPanel] Finished updating statistics