[2025-03-31 19:47:14] [INFO] [UserSaveStateManager] Started loading user save data
[2025-03-31 19:47:14] [INFO] [UserSaveStateManager] Finished loading user save data
[2025-03-31 19:47:14] [INFO] [JsonDatabase] Started initializing JsonDatabase
[2025-03-31 19:47:15] [INFO] [JsonTable] Started initializing JsonTable
[2025-03-31 19:47:15] [INFO] [JsonTable] Successfully initialized JsonTable
[2025-03-31 19:47:15] [INFO] [JsonTable] Finished initializing JsonTable
[2025-03-31 19:47:15] [INFO] [JsonTable] Started initializing JsonTable
[2025-03-31 19:47:15] [INFO] [JsonTable] Successfully initialized JsonTable
[2025-03-31 19:47:15] [INFO] [JsonTable] Finished initializing JsonTable
[2025-03-31 19:47:15] [INFO] [JsonTable] Started initializing JsonTable
[2025-03-31 19:47:15] [INFO] [JsonTable] Successfully initialized JsonTable
[2025-03-31 19:47:15] [INFO] [JsonTable] Finished initializing JsonTable
[2025-03-31 19:47:15] [INFO] [JsonDatabase] Successfully initialized JsonDatabase
[2025-03-31 19:47:15] [INFO] [JsonDatabase] Finished initializing JsonDatabase
[2025-03-31 19:47:15] [INFO] [EngineController] Started setting scene to MENU_SCENE
[2025-03-31 19:47:15] [INFO] [EngineController] Finished setting scene to MENU_SCENE
[2025-03-31 19:47:15] [INFO] [EngineController] Started setting scene to MAP_EDITOR_SCENE
[2025-03-31 19:47:15] [INFO] [FontPool] Started initializing FontPool
[2025-03-31 19:47:15] [INFO] [FontPool] ✅ Successfully loaded font: Lilian
[2025-03-31 19:47:15] [INFO] [MapEditorScene] Starting to create new GameController!
[2025-03-31 19:47:15] [INFO] [AssetPool] Started initializing AssetPool
[2025-03-31 19:47:15] [INFO] [AssetNameSpace] Started loading Sprite's from ./res/graphics
[2025-03-31 19:47:15] [INFO] [AssetNameSpace] Finished reading files for sprites
[2025-03-31 19:47:15] [INFO] [AssetNameSpace] Finished loading ./res/graphics
[2025-03-31 19:47:15] [INFO] [AssetPool] Finished initializing AssetPool
[2025-03-31 19:47:15] [INFO] [MapEditorScene] Successfully created new GameController!
[2025-03-31 19:47:16] [INFO] [EngineController] Finished setting scene to MAP_EDITOR_SCENE
[2025-03-31 19:47:16] [INFO] [InputHandler] Gliding main.camera camera to new tile 8dbcdb6f-e7ce-4054-a419-f0e86b2f56d1
[2025-03-31 19:47:16] [INFO] [VisualsSystem] Started creating blurred background
[2025-03-31 19:47:16] [INFO] [TimeLinePanel] Started updating the timeline panel after turn order has changed.
[2025-03-31 19:47:16] [INFO] [TimeLinePanel] Finished updating the timeline panel after turn order has changed.
[2025-03-31 19:47:16] [INFO] [SelectedTilePanel] Checksum updated, getting units at selected tiles.
[2025-03-31 19:47:16] [INFO] [SelectedTilePanel] Either no unit selected or more than one unit selected
[2025-03-31 19:47:16] [INFO] [VisualsSystem] Finished creating blurred background after 0.29532212018966675 seconds
[2025-03-31 19:47:23] [INFO] [MapEditorScene] Starting to create new GameController!
[2025-03-31 19:47:23] [INFO] [MapEditorScene] Successfully created new GameController!
[2025-03-31 19:47:23] [INFO] [InputHandler] Gliding main.camera camera to new tile c0ed8b70-f4b5-44d6-bcaf-58bd0125c1b8
[2025-03-31 19:47:24] [INFO] [VisualsSystem] Started creating blurred background
[2025-03-31 19:47:24] [INFO] [TimeLinePanel] Started updating the timeline panel after turn order has changed.
[2025-03-31 19:47:24] [INFO] [TimeLinePanel] Finished updating the timeline panel after turn order has changed.
[2025-03-31 19:47:24] [INFO] [SelectedTilePanel] Checksum updated, getting units at selected tiles.
[2025-03-31 19:47:24] [INFO] [SelectedTilePanel] Either no unit selected or more than one unit selected
[2025-03-31 19:47:24] [INFO] [VisualsSystem] Finished creating blurred background after 0.27800044417381287 seconds
[2025-03-31 20:08:59] [INFO] [MapEditorScene] Updated hoveredTilePanes 1123,339
[2025-03-31 20:08:59] [INFO] [MapEditorScene] Updated hoveredTilePanes 1120,339
[2025-03-31 20:08:59] [INFO] [MapEditorScene] Updated hoveredTilePanes 1116,338
[2025-03-31 20:08:59] [INFO] [MapEditorScene] Updated hoveredTilePanes 1114,336
[2025-03-31 20:08:59] [INFO] [MapEditorScene] Updated hoveredTilePanes 1112,336
[2025-03-31 20:08:59] [INFO] [MapEditorScene] Updated hoveredTilePanes 1112,335
[2025-03-31 20:08:59] [INFO] [MapEditorScene] Updated hoveredTilePanes 1111,333
[2025-03-31 20:08:59] [INFO] [MapEditorScene] Updated hoveredTilePanes 1102,333
[2025-03-31 20:08:59] [INFO] [MapEditorScene] Updated hoveredTilePanes 1091,331
[2025-03-31 20:08:59] [INFO] [MapEditorScene] Updated hoveredTilePanes 1067,323
[2025-03-31 20:08:59] [INFO] [MapEditorScene] Updated hoveredTilePanes 1050,320
[2025-03-31 20:08:59] [INFO] [MapEditorScene] Updated hoveredTilePanes 1001,303
[2025-03-31 20:08:59] [INFO] [MapEditorScene] Updated hoveredTilePanes 970,294
[2025-03-31 20:08:59] [INFO] [MapEditorScene] Updated hoveredTilePanes 937,282
[2025-03-31 20:08:59] [INFO] [MapEditorScene] Updated hoveredTilePanes 896,269
[2025-03-31 20:08:59] [INFO] [MapEditorScene] Updated hoveredTilePanes 857,254
[2025-03-31 20:08:59] [INFO] [MapEditorScene] Updated hoveredTilePanes 840,249
[2025-03-31 20:08:59] [INFO] [MapEditorScene] Updated hoveredTilePanes 806,234
[2025-03-31 20:08:59] [INFO] [MapEditorScene] Updated hoveredTilePanes 780,223
[2025-03-31 20:08:59] [INFO] [MapEditorScene] Updated hoveredTilePanes 756,213
[2025-03-31 20:08:59] [INFO] [MapEditorScene] Updated hoveredTilePanes 734,203
[2025-03-31 20:08:59] [INFO] [MapEditorScene] Updated hoveredTilePanes 717,196
[2025-03-31 20:08:59] [INFO] [MapEditorScene] Updated hoveredTilePanes 712,193
[2025-03-31 20:08:59] [INFO] [MapEditorScene] Updated hoveredTilePanes 701,189
[2025-03-31 20:08:59] [INFO] [MapEditorScene] Updated hoveredTilePanes 690,185
[2025-03-31 20:08:59] [INFO] [MapEditorScene] Updated hoveredTilePanes 683,182
[2025-03-31 20:08:59] [INFO] [MapEditorScene] Updated hoveredTilePanes 678,180
[2025-03-31 20:08:59] [INFO] [MapEditorScene] Updated hoveredTilePanes 675,178
[2025-03-31 20:09:00] [INFO] [MapEditorScene] Updated hoveredTilePanes 673,178
[2025-03-31 20:09:00] [INFO] [MapEditorScene] Updated hoveredTilePanes 672,177
[2025-03-31 20:09:00] [INFO] [MapEditorScene] Updated hoveredTilePanes 671,177
[2025-03-31 20:09:00] [INFO] [MapEditorScene] Updated hoveredTilePanes 668,177
[2025-03-31 20:09:00] [INFO] [MapEditorScene] Updated hoveredTilePanes 661,177
[2025-03-31 20:09:00] [INFO] [MapEditorScene] Updated hoveredTilePanes 655,176
[2025-03-31 20:09:00] [INFO] [MapEditorScene] Updated hoveredTilePanes 648,173
[2025-03-31 20:09:00] [INFO] [MapEditorScene] Updated hoveredTilePanes 631,170
[2025-03-31 20:09:00] [INFO] [MapEditorScene] Updated hoveredTilePanes 617,165
[2025-03-31 20:09:00] [INFO] [MapEditorScene] Updated hoveredTilePanes 600,160
[2025-03-31 20:09:00] [INFO] [MapEditorScene] Updated hoveredTilePanes 584,155
[2025-03-31 20:09:00] [INFO] [MapEditorScene] Updated hoveredTilePanes 567,150
[2025-03-31 20:09:00] [INFO] [MapEditorScene] Updated hoveredTilePanes 550,143
[2025-03-31 20:09:00] [INFO] [MapEditorScene] Updated hoveredTilePanes 533,138
[2025-03-31 20:09:00] [INFO] [MapEditorScene] Updated hoveredTilePanes 519,132
[2025-03-31 20:09:00] [INFO] [MapEditorScene] Updated hoveredTilePanes 505,128
[2025-03-31 20:09:00] [INFO] [MapEditorScene] Updated hoveredTilePanes 501,125
[2025-03-31 20:09:00] [INFO] [MapEditorScene] Updated hoveredTilePanes 480,117
[2025-03-31 20:09:00] [INFO] [MapEditorScene] Updated hoveredTilePanes 476,114
[2025-03-31 20:09:00] [INFO] [MapEditorScene] Updated hoveredTilePanes 458,105
[2025-03-31 20:09:00] [INFO] [MapEditorScene] Updated hoveredTilePanes 452,102
[2025-03-31 20:09:00] [INFO] [MapEditorScene] Updated hoveredTilePanes 448,99
[2025-03-31 20:09:00] [INFO] [MapEditorScene] Updated hoveredTilePanes 434,93
[2025-03-31 20:09:00] [INFO] [MapEditorScene] Updated hoveredTilePanes 426,88
[2025-03-31 20:09:00] [INFO] [MapEditorScene] Updated hoveredTilePanes 421,86
[2025-03-31 20:09:00] [INFO] [MapEditorScene] Updated hoveredTilePanes 415,83
[2025-03-31 20:09:00] [INFO] [MapEditorScene] Updated hoveredTilePanes 408,79
[2025-03-31 20:09:00] [INFO] [MapEditorScene] Updated hoveredTilePanes 403,76
[2025-03-31 20:09:00] [INFO] [MapEditorScene] Updated hoveredTilePanes 399,74
[2025-03-31 20:09:00] [INFO] [MapEditorScene] Updated hoveredTilePanes 394,71
[2025-03-31 20:09:00] [INFO] [MapEditorScene] Updated hoveredTilePanes 389,68
[2025-03-31 20:09:00] [INFO] [MapEditorScene] Updated hoveredTilePanes 384,65
[2025-03-31 20:09:00] [INFO] [MapEditorScene] Updated hoveredTilePanes 380,63
[2025-03-31 20:09:00] [INFO] [MapEditorScene] Updated hoveredTilePanes 375,61
[2025-03-31 20:09:00] [INFO] [MapEditorScene] Updated hoveredTilePanes 370,58
[2025-03-31 20:09:00] [INFO] [MapEditorScene] Updated hoveredTilePanes 365,56
[2025-03-31 20:09:00] [INFO] [MapEditorScene] Updated hoveredTilePanes 356,54
[2025-03-31 20:09:00] [INFO] [MapEditorScene] Updated hoveredTilePanes 354,53
[2025-03-31 20:09:00] [INFO] [MapEditorScene] Updated hoveredTilePanes 343,50
[2025-03-31 20:09:00] [INFO] [MapEditorScene] Updated hoveredTilePanes 337,46
[2025-03-31 20:09:00] [INFO] [MapEditorScene] Updated hoveredTilePanes 328,44
[2025-03-31 20:09:00] [INFO] [MapEditorScene] Updated hoveredTilePanes 322,42
[2025-03-31 20:09:00] [INFO] [MapEditorScene] Updated hoveredTilePanes 317,40
[2025-03-31 20:09:00] [INFO] [MapEditorScene] Updated hoveredTilePanes 310,37
[2025-03-31 20:09:00] [INFO] [MapEditorScene] Updated hoveredTilePanes 304,33
[2025-03-31 20:09:00] [INFO] [MapEditorScene] Updated hoveredTilePanes 293,29
[2025-03-31 20:09:00] [INFO] [MapEditorScene] Updated hoveredTilePanes 289,28
[2025-03-31 20:09:00] [INFO] [MapEditorScene] Updated hoveredTilePanes 275,23
[2025-03-31 20:09:00] [INFO] [MapEditorScene] Updated hoveredTilePanes 269,20
[2025-03-31 20:09:00] [INFO] [MapEditorScene] Updated hoveredTilePanes 261,17
[2025-03-31 20:09:00] [INFO] [MapEditorScene] Updated hoveredTilePanes 252,15
[2025-03-31 20:09:00] [INFO] [MapEditorScene] Updated hoveredTilePanes 243,12
[2025-03-31 20:09:00] [INFO] [MapEditorScene] Updated hoveredTilePanes 232,9
[2025-03-31 20:09:00] [INFO] [MapEditorScene] Updated hoveredTilePanes 223,7
[2025-03-31 20:09:00] [INFO] [MapEditorScene] Updated hoveredTilePanes 218,6
[2025-03-31 20:09:00] [INFO] [MapEditorScene] Updated hoveredTilePanes 210,4
[2025-03-31 20:09:00] [INFO] [MapEditorScene] Updated hoveredTilePanes 203,1
