[2025-03-12 20:33:42] [INFO] [AssetPool] Started initializing AssetPool
[2025-03-12 20:33:42] [INFO] [Engine] HEAP ALLOCATION INCREASED! 1.0 GB of 16.0 GB used
[2025-03-12 20:33:42] [INFO] [SpriteSheetOG] Started loading Sprite's from ./res/graphics
[2025-03-12 20:33:42] [INFO] [SpriteSheetOG] Finished reading files for sprites
[2025-03-12 20:33:42] [INFO] [Sprite] Finished loading ./res/graphics/misc/blue_reticle.png
[2025-03-12 20:33:42] [INFO] [Sprite] Finished loading ./res/graphics/misc/pink_spawn.png
[2025-03-12 20:33:42] [INFO] [Sprite] Finished loading ./res/graphics/misc/reticle.png
[2025-03-12 20:33:42] [INFO] [Sprite] Finished loading ./res/graphics/misc/yellow_spawn.png
[2025-03-12 20:33:42] [INFO] [Sprite] Finished loading ./res/graphics/misc/blue_spawn.png
[2025-03-12 20:33:42] [INFO] [Sprite] Finished loading ./res/graphics/misc/red_reticle.png
[2025-03-12 20:33:42] [INFO] [Sprite] Finished loading ./res/graphics/misc/depth_shadows.png
[2025-03-12 20:33:42] [INFO] [Sprite] Finished loading ./res/graphics/misc/yellow_reticle.png
[2025-03-12 20:33:42] [INFO] [Sprite] Finished loading ./res/graphics/misc/red_spawn.png
[2025-03-12 20:33:42] [INFO] [Sprite] Finished loading ./res/graphics/misc/directional_shadows.png
[2025-03-12 20:33:42] [INFO] [Sprite] Finished loading ./res/graphics/shadows/northwest.png
[2025-03-12 20:33:42] [INFO] [Sprite] Finished loading ./res/graphics/shadows/west.png
[2025-03-12 20:33:42] [INFO] [Sprite] Finished loading ./res/graphics/shadows/north.png
[2025-03-12 20:33:42] [INFO] [Sprite] Finished loading ./res/graphics/shadows/east.png
[2025-03-12 20:33:42] [INFO] [Sprite] Finished loading ./res/graphics/shadows/northeast.png
[2025-03-12 20:33:42] [INFO] [Sprite] Finished loading ./res/graphics/shadows/south.png
[2025-03-12 20:33:42] [INFO] [Sprite] Finished loading ./res/graphics/shadows/southwest.png
[2025-03-12 20:33:42] [INFO] [Sprite] Finished loading ./res/graphics/shadows/southeast.png
[2025-03-12 20:33:42] [INFO] [Sprite] Finished loading ./res/graphics/structures/tree3_structure.png
[2025-03-12 20:33:42] [INFO] [Sprite] Finished loading ./res/graphics/structures/tree4_structure.png
[2025-03-12 20:33:42] [INFO] [Sprite] Finished loading ./res/graphics/structures/tree1_structure.png
[2025-03-12 20:33:42] [INFO] [Sprite] Finished loading ./res/graphics/structures/tree5_structure.png
[2025-03-12 20:33:42] [INFO] [Sprite] Finished loading ./res/graphics/structures/tree2_structure.png
[2025-03-12 20:33:42] [INFO] [Sprite] Finished loading ./res/graphics/structures/tree6_structure.png
[2025-03-12 20:33:42] [INFO] [Sprite] Finished loading ./res/graphics/wall_tiles/rock_wall2.png
[2025-03-12 20:33:42] [INFO] [Sprite] Finished loading ./res/graphics/wall_tiles/sandstone_wall.png
[2025-03-12 20:33:42] [INFO] [Sprite] Finished loading ./res/graphics/wall_tiles/elden_yellow_wall.png
[2025-03-12 20:33:42] [INFO] [Sprite] Finished loading ./res/graphics/wall_tiles/vine_on_wall.png
[2025-03-12 20:33:42] [INFO] [Sprite] Finished loading ./res/graphics/wall_tiles/boulder_wall.png
[2025-03-12 20:33:42] [INFO] [Sprite] Finished loading ./res/graphics/wall_tiles/white_marble_wall.png
[2025-03-12 20:33:42] [INFO] [Sprite] Finished loading ./res/graphics/wall_tiles/elden_green_wall.png
[2025-03-12 20:33:42] [INFO] [Sprite] Finished loading ./res/graphics/wall_tiles/brown_marble_wall.png
[2025-03-12 20:33:42] [INFO] [Sprite] Finished loading ./res/graphics/wall_tiles/small_brick_wall.png
[2025-03-12 20:33:42] [INFO] [Sprite] Finished loading ./res/graphics/wall_tiles/moss_wall.png
[2025-03-12 20:33:42] [INFO] [Sprite] Finished loading ./res/graphics/wall_tiles/dirt_brick_vine_wall.png
[2025-03-12 20:33:42] [INFO] [Sprite] Finished loading ./res/graphics/wall_tiles/elden_purple_wall.png
[2025-03-12 20:33:42] [INFO] [Sprite] Finished loading ./res/graphics/wall_tiles/large_brick_wall.png
[2025-03-12 20:33:42] [INFO] [Sprite] Finished loading ./res/graphics/wall_tiles/dirt_wall.png
[2025-03-12 20:33:42] [INFO] [Sprite] Finished loading ./res/graphics/wall_tiles/alien_wall.png
[2025-03-12 20:33:42] [INFO] [Sprite] Finished loading ./res/graphics/wall_tiles/industrial_brick_wall.png
[2025-03-12 20:33:42] [INFO] [Sprite] Finished loading ./res/graphics/wall_tiles/rock_wall.png
[2025-03-12 20:33:42] [INFO] [Sprite] Finished loading ./res/graphics/wall_tiles/dirt_wall2.png
[2025-03-12 20:33:42] [INFO] [Sprite] Finished loading ./res/graphics/wall_tiles/moss_wall2.png
[2025-03-12 20:33:42] [INFO] [Sprite] Finished loading ./res/graphics/wall_tiles/moss_wall3.png
[2025-03-12 20:33:42] [INFO] [Sprite] Finished loading ./res/graphics/wall_tiles/no_wall.png
[2025-03-12 20:33:42] [INFO] [Sprite] Finished loading ./res/graphics/wall_tiles/alien_rune_wall.png
[2025-03-12 20:33:42] [INFO] [Sprite] Finished loading ./res/graphics/wall_tiles/industrial_wall.png
[2025-03-12 20:33:42] [INFO] [Sprite] Finished loading ./res/graphics/wall_tiles/small_brick_wall2.png
[2025-03-12 20:33:42] [INFO] [Sprite] Finished loading ./res/graphics/old/liquids 2.png
[2025-03-12 20:33:42] [INFO] [Sprite] Finished loading ./res/graphics/old/gems.png
[2025-03-12 20:33:42] [INFO] [Sprite] Finished loading ./res/graphics/old/floors.png
[2025-03-12 20:33:42] [INFO] [Sprite] Finished loading ./res/graphics/old/terrains.png
[2025-03-12 20:33:42] [INFO] [Sprite] Finished loading ./res/graphics/old/gemsRaw.png
[2025-03-12 20:33:42] [INFO] [Sprite] Finished loading ./res/graphics/old/walls.png
[2025-03-12 20:33:42] [INFO] [Sprite] Finished loading ./res/graphics/old/special2.png
[2025-03-12 20:33:42] [INFO] [Sprite] Finished loading ./res/graphics/old/structures.png
[2025-03-12 20:33:42] [INFO] [Sprite] Finished loading ./res/graphics/old/special.png
[2025-03-12 20:33:42] [INFO] [Sprite] Finished loading ./res/graphics/old/liquids.png
[2025-03-12 20:33:42] [INFO] [Sprite] Finished loading ./res/graphics/old/units.png
[2025-03-12 20:33:42] [INFO] [Sprite] Finished loading ./res/graphics/old/terrains2.png
[2025-03-12 20:33:42] [INFO] [Sprite] Finished loading ./res/graphics/old/floors2.png
[2025-03-12 20:33:42] [INFO] [Sprite] Finished loading ./res/graphics/floor_tiles/sand_1_floor.png
[2025-03-12 20:33:42] [INFO] [Sprite] Finished loading ./res/graphics/floor_tiles/sand_dark_floor.png
[2025-03-12 20:33:42] [INFO] [Sprite] Finished loading ./res/graphics/floor_tiles/dirty_grass_1_floor.png
[2025-03-12 20:33:42] [INFO] [Sprite] Finished loading ./res/graphics/floor_tiles/white_sand_floor.png
[2025-03-12 20:33:42] [INFO] [Sprite] Finished loading ./res/graphics/floor_tiles/white_sands_2.png
[2025-03-12 20:33:42] [INFO] [Sprite] Finished loading ./res/graphics/floor_tiles/dirty_grass_2_floor.png
[2025-03-12 20:33:42] [INFO] [Sprite] Finished loading ./res/graphics/floor_tiles/sand_3_floor.png
[2025-03-12 20:33:42] [INFO] [Sprite] Finished loading ./res/graphics/floor_tiles/obsidian_floor.png
[2025-03-12 20:33:42] [INFO] [Sprite] Finished loading ./res/graphics/floor_tiles/base_floor.png
[2025-03-12 20:33:42] [INFO] [Sprite] Finished loading ./res/graphics/floor_tiles/sand_floor.png
[2025-03-12 20:33:42] [INFO] [Sprite] Finished loading ./res/graphics/floor_tiles/dirty_grass_3_floor.png
[2025-03-12 20:33:42] [INFO] [Sprite] Finished loading ./res/graphics/floor_tiles/sand_2_floor.png
[2025-03-12 20:33:42] [INFO] [Sprite] Finished loading ./res/graphics/units/Air_Dragon.png
[2025-03-12 20:33:42] [INFO] [Sprite] Finished loading ./res/graphics/units/Dragon.png
[2025-03-12 20:33:42] [INFO] [Sprite] Finished loading ./res/graphics/units/Dark_Dragon.png
[2025-03-12 20:33:42] [INFO] [Sprite] Finished loading ./res/graphics/units/Earth_Dragon.png
[2025-03-12 20:33:42] [INFO] [Sprite] Finished loading ./res/graphics/units/Light_Dragon.png
[2025-03-12 20:33:42] [INFO] [Sprite] Finished loading ./res/graphics/units/Water_Dragon.png
[2025-03-12 20:33:42] [INFO] [Sprite] Finished loading ./res/graphics/units/Fire_Dragon.png
[2025-03-12 20:33:42] [INFO] [Sprite] Finished loading ./res/graphics/actions/StatsDown.png
[2025-03-12 20:33:42] [INFO] [Sprite] Finished loading ./res/graphics/actions/PhysicalHit4.png
[2025-03-12 20:33:42] [INFO] [Sprite] Finished loading ./res/graphics/actions/Slash.png
[2025-03-12 20:33:42] [INFO] [Sprite] Finished loading ./res/graphics/actions/Air.png
[2025-03-12 20:33:42] [INFO] [Sprite] Finished loading ./res/graphics/actions/Dark.png
[2025-03-12 20:33:42] [INFO] [Sprite] Finished loading ./res/graphics/actions/Blunt.png
[2025-03-12 20:33:42] [INFO] [Sprite] Finished loading ./res/graphics/actions/Fire.png
[2025-03-12 20:33:42] [INFO] [Sprite] Finished loading ./res/graphics/actions/Earth.png
[2025-03-12 20:33:42] [INFO] [Sprite] Finished loading ./res/graphics/actions/Light.png
[2025-03-12 20:33:42] [INFO] [Sprite] Finished loading ./res/graphics/actions/StatsUp.png
[2025-03-12 20:33:42] [INFO] [Sprite] Finished loading ./res/graphics/actions/Water.png
[2025-03-12 20:33:42] [INFO] [Sprite] Finished loading ./res/graphics/actions/Pierce.png
[2025-03-12 20:33:42] [INFO] [Sprite] Finished loading ./res/graphics/spells/LightSpell.png
[2025-03-12 20:33:42] [INFO] [Sprite] Finished loading ./res/graphics/spells/StatsDown.png
[2025-03-12 20:33:42] [INFO] [Sprite] Finished loading ./res/graphics/spells/WindSpell.png
[2025-03-12 20:33:42] [INFO] [Sprite] Finished loading ./res/graphics/spells/WaterSpell.png
[2025-03-12 20:33:42] [INFO] [Sprite] Finished loading ./res/graphics/spells/PhysicalHit4.png
[2025-03-12 20:33:42] [INFO] [Sprite] Finished loading ./res/graphics/spells/PhysicalHit1.png
[2025-03-12 20:33:42] [INFO] [Sprite] Finished loading ./res/graphics/spells/LightningSpell.png
[2025-03-12 20:33:42] [INFO] [Sprite] Finished loading ./res/graphics/spells/PhysicalHit3.png
[2025-03-12 20:33:42] [INFO] [Sprite] Finished loading ./res/graphics/spells/PhysicalHit2.png
[2025-03-12 20:33:42] [INFO] [Sprite] Finished loading ./res/graphics/spells/FireSpell.png
[2025-03-12 20:33:42] [INFO] [Sprite] Finished loading ./res/graphics/spells/DarkSpell.png
[2025-03-12 20:33:42] [INFO] [Sprite] Finished loading ./res/graphics/spells/StatsUp.png
[2025-03-12 20:33:42] [INFO] [Sprite] Finished loading ./res/graphics/spells/EarthSpell.png
[2025-03-12 20:33:42] [INFO] [Sprite] Finished loading ./res/graphics/liquids/greater_leafage_liquid.png
[2025-03-12 20:33:42] [INFO] [Sprite] Finished loading ./res/graphics/liquids/waterV4_liquid.png
[2025-03-12 20:33:42] [INFO] [Sprite] Finished loading ./res/graphics/liquids/shallow_swamp.png
[2025-03-12 20:33:42] [INFO] [Sprite] Finished loading ./res/graphics/liquids/water5.png
[2025-03-12 20:33:42] [INFO] [Sprite] Finished loading ./res/graphics/liquids/swamp_2.png
[2025-03-12 20:33:42] [INFO] [Sprite] Finished loading ./res/graphics/liquids/Lava_liquid.png
[2025-03-12 20:33:42] [INFO] [Sprite] Finished loading ./res/graphics/liquids/swamp2.png
[2025-03-12 20:33:42] [INFO] [Sprite] Finished loading ./res/graphics/liquids/waterV33_liquid.png
[2025-03-12 20:33:42] [INFO] [Sprite] Finished loading ./res/graphics/liquids/shallow_water_liquid.png
[2025-03-12 20:33:42] [INFO] [Sprite] Finished loading ./res/graphics/liquids/water_liquid.png
[2025-03-12 20:33:42] [INFO] [Sprite] Finished loading ./res/graphics/liquids/waterV2_liquid.png
[2025-03-12 20:33:42] [INFO] [Sprite] Finished loading ./res/graphics/liquids/swamp2_liquid.png
[2025-03-12 20:33:42] [INFO] [SpriteSheetOG] Finished loading ./res/graphics
[2025-03-12 20:33:42] [INFO] [AssetPool] Finished initializing AssetPool
[2025-03-12 20:33:42] [INFO] [FontPoolV1] Started initializing FontPoolV1
[2025-03-12 20:33:42] [INFO] [FontPoolV1] Finished initializing FontPoolV1
[2025-03-12 20:33:42] [INFO] [UnitDatabase] Started initializing UnitDatabase
[2025-03-12 20:33:42] [INFO] [UnitDatabase] Successfully initialized UnitDatabase
[2025-03-12 20:33:42] [INFO] [UnitDatabase] Finished initializing UnitDatabase
[2025-03-12 20:33:42] [INFO] [JsonDatabase] Started initializing JsonDatabase
[2025-03-12 20:33:42] [INFO] [JsonTable] Started initializing JsonTable
[2025-03-12 20:33:42] [INFO] [JsonTable] Successfully initialized JsonTable
[2025-03-12 20:33:42] [INFO] [JsonTable] Finished initializing JsonTable
[2025-03-12 20:33:42] [INFO] [JsonTable] Started initializing JsonTable
[2025-03-12 20:33:42] [INFO] [JsonTable] Successfully initialized JsonTable
[2025-03-12 20:33:42] [INFO] [JsonTable] Finished initializing JsonTable
[2025-03-12 20:33:42] [INFO] [JsonTable] Started initializing JsonTable
[2025-03-12 20:33:42] [INFO] [JsonTable] Successfully initialized JsonTable
[2025-03-12 20:33:42] [INFO] [JsonTable] Finished initializing JsonTable
[2025-03-12 20:33:42] [INFO] [JsonDatabase] Successfully initialized JsonDatabase
[2025-03-12 20:33:42] [INFO] [JsonDatabase] Finished initializing JsonDatabase
[2025-03-12 20:33:42] [INFO] [Component] Setting ceaa3c32-191b-4527-b45d-7b9ecbf7110e on to 5d393aa5-3931-4463-8613-75a6db68fa77.
[2025-03-12 20:33:42] [INFO] [SpeedQueue] Added unit enemy:Zeuea into queue
[2025-03-12 20:33:42] [INFO] [Component] Setting e0b9463b-0355-4f6b-a26a-304e9f25231c on to 36c8909c-5df4-4f4f-a157-cc572be2ea37.
[2025-03-12 20:33:42] [INFO] [SpeedQueue] Added unit enemy:Zuxwac into queue
[2025-03-12 20:33:42] [INFO] [Component] Setting b17a8976-4164-4c5b-87ca-685acd95ad60 on to 243aacec-2659-415a-bff9-7ed8a8562265.
[2025-03-12 20:33:42] [INFO] [SpeedQueue] Added unit enemy:Teuyu into queue
[2025-03-12 20:33:42] [INFO] [Component] Setting 11f1c7c0-0520-4930-902b-15bee9fcb346 on to d1f3feac-506e-4f1e-bc49-afc78d9ab6ba.
[2025-03-12 20:33:42] [INFO] [SpeedQueue] Added unit enemy:Wehvey into queue
[2025-03-12 20:33:42] [INFO] [Component] Setting b72fc451-0368-4a9e-b4ce-110f95d5cbb4 on to 710bb682-31d0-4adb-be03-d9544ba5ae00.
[2025-03-12 20:33:42] [INFO] [SpeedQueue] Added unit user:Zuyyy into queue
[2025-03-12 20:33:42] [INFO] [Component] Setting c48d4a95-871d-49e2-995b-c845fa8d49f0 on to 467d87ab-fd45-41f0-9f9d-af68705f0fe8.
[2025-03-12 20:33:42] [INFO] [SpeedQueue] Added unit user:Uouou into queue
[2025-03-12 20:33:42] [INFO] [Component] Setting 38457aff-66db-4a53-a5da-8f65f8ed465a on to af4e8f38-e88c-4d68-8437-00f21127e0c1.
[2025-03-12 20:33:42] [INFO] [SpeedQueue] Added unit user:Mami into queue
[2025-03-12 20:33:42] [INFO] [FontPool] Started initializing FontPool
[2025-03-12 20:33:42] [INFO] [FontPool] ✅ Successfully loaded font: Lilian
[2025-03-12 20:33:43] [INFO] [SpeedQueue] Speed queue updated.
[2025-03-12 20:33:43] [INFO] [VisualsSystem] Started creating blurred background
[2025-03-12 20:33:43] [INFO] [TimeLinePanel] Started updating the timeline panel after turn order has changed.
[2025-03-12 20:33:43] [INFO] [TimeLinePanel] Finished updating the timeline panel after turn order has changed.
[2025-03-12 20:33:43] [INFO] [SelectedTilePanel] Checksum updated, getting units at selected tiles.
[2025-03-12 20:33:43] [INFO] [SelectedTilePanel] Either no unit selected or more than one unit selected
[2025-03-12 20:33:43] [INFO] [LesserStatisticsInformationPanel] Checksum has been updated, querying statistics for unit c48d4a95-871d-49e2-995b-c845fa8d49f0
[2025-03-12 20:33:44] [INFO] [VisualsSystem] Finished creating blurred background after 0.5016314387321472 seconds
[2025-03-12 20:33:53] [INFO] [Main] {
  "map.generation.zoom": 0.75,
  "map.generation.min.height": -10,
  "hovered.tiles": ["7a41af6f-d5b6-4961-8109-e01078ecce7f"],
  "view_sprite_height": 96,
  "delta_time": 0.016758209,
  "map.generation.starting.camerra.height": 950,
  "spawn.placement.policy": "everywhere",
  "gameplay.water.level": 0,
  "statistics.panel.is.open": false,
  "automatically.go.to.home.controls": false,
  "camera_map": {
    "main_camera": {},
    "selection_camera": {}
  },
  "map.generation.starting.y": 0,
  "map.generation.base.level": 1,
  "map.generation.starting.x": 0,
  "show.heights": true,
  "hide.gameplay.ui": true,
  "tile.to.glide.to": "",
  "map.generation.max.height": 10,
  "selected.tiles.checksum": 2945,
  "map.generation.base.terrain": "dirty_grass_1_floor",
  "debug_mode_for_the_game_state": false,
  "movement.panel.is.open": false,
  "gameplay.rows": 10,
  "view_sprite_width": 96,
  "map.generation.starting.sprite.width": 96,
  "ability.panel.is.open": false,
  "gameplay.mode": "gameplay.mode.regular",
  "map.generation.structure.assets": ["tree4_structure"],
  "floating_text_map": {},
  "map.center.on.startup": true,
  "gameplay.columns": 10,
  "gameplay.water.asset": "water_liquid",
  "selected.tiles": [],
  "map.generation.starting.camera.width": 1500,
  "selected_ability_from_ui": "",
  "map.generation.starting.sprite.height": 96,
  "map.generation.use.noise": true,
  "floating_text_font_size": 30,
  "map.generation.base.asset": "base_floor"
}
