[2025-04-06 21:49:22] [INFO] [UnitTable] Started initializing UnitTable
[2025-04-06 21:49:22] [INFO] [EmeritusDatabase] Started initializing EmeritusDatabase
[2025-04-06 21:49:22] [INFO] [EmeritusDatabase] Finished initializing EmeritusDatabase
[2025-04-06 21:49:22] [INFO] [UnitTable] Successfully initialized UnitTable
[2025-04-06 21:49:22] [INFO] [UnitTable] Finished initializing UnitTable
[2025-04-06 21:49:22] [INFO] [AbilityTable] Started initializing AbilityTable
[2025-04-06 21:49:22] [INFO] [AbilityTable] Finished initializing AbilityTable
[2025-04-06 21:49:22] [INFO] [UserSaveStateManager] Started loading user save data
[2025-04-06 21:49:22] [INFO] [UserSaveStateManager] Finished loading user save data
[2025-04-06 21:49:22] [INFO] [AssetPool] Started initializing AssetPool
[2025-04-06 21:49:22] [INFO] [AssetNameSpace] Started loading Sprite's from ./res/graphics
[2025-04-06 21:49:22] [INFO] [AssetNameSpace] Finished reading files for sprites
[2025-04-06 21:49:22] [INFO] [AssetNameSpace] Finished loading ./res/graphics
[2025-04-06 21:49:22] [INFO] [AssetPool] Finished initializing AssetPool
[2025-04-06 21:49:22] [INFO] [Component] Setting dragon_Catyba_b06b3489-b799-4c9c-971b-fa6f8eaadad2 on to 3_12_f9ca0984-bd96-4ad0-9165-a8784d2bc1be.
[2025-04-06 21:49:22] [INFO] [SpeedQueue] Added unit enemy:Catyba into queue
[2025-04-06 21:49:22] [INFO] [Component] Setting dragon_Kiku_e2fdce3a-363f-4bc5-b1ce-ef9929a1ace5 on to 6_9_61eb00b5-6e7b-40d3-8a6e-66547e2edad1.
[2025-04-06 21:49:22] [INFO] [SpeedQueue] Added unit enemy:Kiku into queue
[2025-04-06 21:49:22] [INFO] [Component] Setting dragon_Lajv_588aa02a-9b23-4673-9222-49e1646bc1f2 on to 8_6_bc4a4197-c29b-472c-9f29-b0d3c7fc8706.
[2025-04-06 21:49:22] [INFO] [SpeedQueue] Added unit enemy:Lajv into queue
[2025-04-06 21:49:22] [INFO] [Component] Setting fire_dragon_Coxe_eaf29cd7-a9c5-4ffd-bda6-e32235f51ad6 on to 2_1_8ed8795d-c177-418b-ae70-f2212085b28c.
[2025-04-06 21:49:22] [INFO] [SpeedQueue] Added unit enemy:Coxe into queue
[2025-04-06 21:49:22] [INFO] [Component] Setting dark_dragon_Oamuf_535cabe7-6361-4d08-b227-e66de4a54531 on to 2_13_035c8284-a414-4553-805b-0b460958fee2.
[2025-04-06 21:49:22] [INFO] [SpeedQueue] Added unit enemy:Oamuf into queue
[2025-04-06 21:49:22] [INFO] [Component] Setting fire_dragon_Hoqul_192acd3d-6939-4987-9e9e-1412144f27b8 on to 2_2_d7ec01d8-5610-48c9-9862-5b207a9faa1c.
[2025-04-06 21:49:22] [INFO] [SpeedQueue] Added unit enemy:Hoqul into queue
[2025-04-06 21:49:22] [INFO] [Component] Setting dark_dragon_Zames_00c453ea-365c-4b9b-836f-258257427cb4 on to 9_1_cf387417-b719-4e06-b936-7931b2e3279d.
[2025-04-06 21:49:22] [INFO] [SpeedQueue] Added unit enemy:Zames into queue
[2025-04-06 21:49:22] [INFO] [Component] Setting water_dragon_Wezroy_005df109-7d03-451d-98bb-d38ccbc49ce4 on to 12_11_8fe605ca-1afb-4236-bac4-8a62171fbd31.
[2025-04-06 21:49:22] [INFO] [SpeedQueue] Added unit enemy:Wezroy into queue
[2025-04-06 21:49:22] [INFO] [Component] Setting air_dragon_Deuxve_d1f2f2f2-dd86-4f1d-9851-34252804735f on to 4_3_8293be48-92fe-4188-b5fc-b785fb2cb8a7.
[2025-04-06 21:49:22] [INFO] [SpeedQueue] Added unit enemy:Deuxve into queue
[2025-04-06 21:49:22] [INFO] [Component] Setting light_dragon_Iigfo_8d98c8c3-93fa-4115-9006-c9dc00634784 on to 14_14_eea0e6f8-ac48-4434-a620-61ad900dd199.
[2025-04-06 21:49:22] [INFO] [SpeedQueue] Added unit enemy:Iigfo into queue
[2025-04-06 21:49:22] [INFO] [Component] Setting dark_dragon_Hooa_cd3f2732-48fe-4a2c-a696-d08c8b3bf89e on to 11_1_62797af3-2455-40b7-afe8-7a1b9a775f5e.
[2025-04-06 21:49:22] [INFO] [SpeedQueue] Added unit enemy:Hooa into queue
[2025-04-06 21:49:22] [INFO] [Component] Setting water_dragon_Zemae_78a13b0f-e825-4434-8814-74d3583f2c9e on to 1_8_f889e2ea-81b9-4c6e-961d-aba1788eb752.
[2025-04-06 21:49:22] [INFO] [SpeedQueue] Added unit enemy:Zemae into queue
[2025-04-06 21:49:22] [INFO] [Component] Setting dark_dragon_Tods_7f320a43-481f-46f9-bb99-97a6f877a395 on to 8_7_e732f579-ecbe-4f06-97af-64dec909f58d.
[2025-04-06 21:49:22] [INFO] [SpeedQueue] Added unit enemy:Tods into queue
[2025-04-06 21:49:22] [INFO] [Component] Setting fire_dragon_Moaayg_bbea0777-72cc-4435-8369-d239a805c96d on to 4_2_68563f41-3c3a-4e97-bcdb-855b4d5150d4.
[2025-04-06 21:49:22] [INFO] [SpeedQueue] Added unit enemy:Moaayg into queue
[2025-04-06 21:49:22] [INFO] [Component] Setting water_dragon_Xunmaq_1748140b-b2de-4a15-90d7-be79f55ca3d5 on to 0_3_3a82aea4-aa10-4595-9d00-4083d4eddeaf.
[2025-04-06 21:49:22] [INFO] [SpeedQueue] Added unit enemy:Xunmaq into queue
[2025-04-06 21:49:22] [INFO] [Component] Setting water_dragon_Mose_d4e108ee-b27c-457b-a08b-c1290fb9ff7f on to 5_0_4925600f-39f9-4394-9b72-11fc987e9fea.
[2025-04-06 21:49:22] [INFO] [SpeedQueue] Added unit enemy:Mose into queue
[2025-04-06 21:49:22] [INFO] [Component] Setting light_dragon_Nosqei_b93d9564-a87a-4eef-8442-03ae65f0b64b on to 14_13_2e242895-4b18-4935-aa60-6861ec43021d.
[2025-04-06 21:49:22] [INFO] [SpeedQueue] Added unit enemy:Nosqei into queue
[2025-04-06 21:49:22] [INFO] [Component] Setting earth_dragon_Xopx_b4886f4e-9df1-4a7d-912a-f356ada08165 on to 9_5_d49eb350-01f6-46d4-ad99-9cc251af7b3b.
[2025-04-06 21:49:22] [INFO] [SpeedQueue] Added unit enemy:Xopx into queue
[2025-04-06 21:49:22] [INFO] [Component] Setting dark_dragon_Vign_7ce823ec-41fd-4074-8792-c3907f257d92 on to 13_11_49335d57-027e-44cb-92a3-b598039eee5e.
[2025-04-06 21:49:22] [INFO] [SpeedQueue] Added unit enemy:Vign into queue
[2025-04-06 21:49:22] [INFO] [Component] Setting air_dragon_Nysni_8bd79b78-f7f4-464a-ab8e-dea22dbbecd1 on to 14_11_d8e9fea1-a759-449d-aaea-300170e2d589.
[2025-04-06 21:49:22] [INFO] [SpeedQueue] Added unit enemy:Nysni into queue
[2025-04-06 21:49:22] [INFO] [Component] Setting fire_dragon_Oyvezx_f38f3140-dd9b-4dc6-9a46-b5c3a4dd4b14 on to 10_14_4a28ab6d-e817-4925-b698-9b4069fb1359.
[2025-04-06 21:49:22] [INFO] [SpeedQueue] Added unit enemy:Oyvezx into queue
[2025-04-06 21:49:22] [INFO] [Component] Setting water_dragon_Fiqyaw_c03ef64f-52cf-4844-914a-730312943279 on to 5_13_cd7023fd-1ab4-4647-85e9-c6193c0ff4c4.
[2025-04-06 21:49:22] [INFO] [SpeedQueue] Added unit enemy:Fiqyaw into queue
[2025-04