[2025-04-17 08:44:57] [INFO] [UnitTable] Started initializing UnitTable
[2025-04-17 08:44:57] [INFO] [EmeritusDatabase] Started initializing EmeritusDatabase
[2025-04-17 08:44:57] [INFO] [EmeritusDatabase] Finished initializing EmeritusDatabase
[2025-04-17 08:44:57] [INFO] [UnitTable] Successfully initialized UnitTable
[2025-04-17 08:44:57] [INFO] [UnitTable] Finished initializing UnitTable
[2025-04-17 08:44:57] [INFO] [AbilityTable] Started initializing AbilityTable
[2025-04-17 08:44:57] [INFO] [AbilityTable] Finished initializing AbilityTable
[2025-04-17 08:44:57] [INFO] [UserSaveStateManager] Started loading user save data
[2025-04-17 08:44:57] [INFO] [UserSaveStateManager] Finished loading user save data
[2025-04-17 08:44:57] [INFO] [AssetPool] Started initializing AssetPool
[2025-04-17 08:44:57] [INFO] [AssetNameSpace] Started loading Sprite's from ./res/graphics
[2025-04-17 08:44:57] [INFO] [AssetNameSpace] Finished reading files for sprites
[2025-04-17 08:44:57] [INFO] [AssetNameSpace] Finished loading ./res/graphics
[2025-04-17 08:44:57] [INFO] [AssetPool] Finished initializing AssetPool
[2025-04-17 08:44:57] [INFO] [Component] Setting earth_dragon_Uooia_c52eb3e8-5e4e-4df4-a31e-25713437b164 on to {"spawn_region":[],"collider":"","unit":"earth_dragon_Uooia_c52eb3e8-5e4e-4df4-a31e-25713437b164","column":6,"row":1,"structure":"","height":0}.
[2025-04-17 08:44:57] [INFO] [SpeedQueue] Added unit enemy:Uooia into queue
[2025-04-17 08:44:57] [INFO] [Component] Setting water_dragon_Fejuay_e3e79350-018a-4386-9d40-779248bd289a on to {"spawn_region":[],"collider":"","unit":"water_dragon_Fejuay_e3e79350-018a-4386-9d40-779248bd289a","column":5,"row":6,"structure":"","height":0}.
[2025-04-17 08:44:57] [INFO] [SpeedQueue] Added unit enemy:Fejuay into queue
[2025-04-17 08:44:57] [INFO] [Component] Setting dark_dragon_Uyya_321d7403-bd7e-4606-aec1-fe50489f3cca on to {"spawn_region":[],"collider":"","unit":"dark_dragon_Uyya_321d7403-bd7e-4606-aec1-fe50489f3cca","column":6,"row":7,"structure":"","height":0}.
[2025-04-17 08:44:57] [INFO] [SpeedQueue] Added unit enemy:Uyya into queue
[2025-04-17 08:44:57] [INFO] [Component] Setting air_dragon_Yuonf_86cba8cf-d81b-4c5f-ad52-6d2dd98174d5 on to {"spawn_region":[],"collider":"","unit":"air_dragon_Yuonf_86cba8cf-d81b-4c5f-ad52-6d2dd98174d5","column":0,"row":0,"structure":"","height":0}.
[2025-04-17 08:44:57] [INFO] [SpeedQueue] Added unit enemy:Yuonf into queue
[2025-04-17 08:44:57] [INFO] [Component] Setting dark_dragon_Sikqpa_dd5a22dd-dd0a-467a-b58b-81f3ddb1a30f on to {"spawn_region":[],"collider":"","unit":"dark_dragon_Sikqpa_dd5a22dd-dd0a-467a-b58b-81f3ddb1a30f","column":1,"row":4,"structure":"","height":0}.
[2025-04-17 08:44:57] [INFO] [SpeedQueue] Added unit enemy:Sikqpa into queue
[2025-04-17 08:44:57] [INFO] [Component] Setting dark_dragon_Ryfpel_67614120-6bae-4ebb-bb7f-0388e451e35a on to {"spawn_region":[],"collider":"","unit":"dark_dragon_Ryfpel_67614120-6bae-4ebb-bb7f-0388e451e35a","column":7,"row":2,"structure":"","height":0}.
[2025-04-17 08:44:57] [INFO] [SpeedQueue] Added unit user:Ryfpel into queue
[2025-04-17 08:44:57] [INFO] [EngineController] Started setting scene to MENU_SCENE
[2025-04-17 08:44:57] [INFO] [EngineController] Finished setting scene to MENU_SCENE
[2025-04-17 08:44:57] [INFO] [EngineController] Started setting scene to MAP_EDITOR_SCENE
[2025-04-17 08:44:57] [INFO] [FontPool] Started initializing FontPool
[2025-04-17 08:44:57] [INFO] [FontPool] ✅ Successfully loaded font: Lilian
[2025-04-17 08:44:57] [INFO] [MapEditorScene] Starting to create new GameController!
[2025-04-17 08:44:58] [INFO] [MapEditorScene] Successfully created new GameController!
[2025-04-17 08:44:58] [INFO] [EngineController] Finished setting scene to MAP_EDITOR_SCENE
[2025-04-17 08:44:58] [INFO] [InputHandler] Gliding 0 camera to new tile 10_12_64352450-dab6-4f10-8672-6e7d8a4f20d1
[2025-04-17 08:44:58] [INFO] [TimeLinePanel] Started updating the timeline panel after turn order has changed.
[2025-04-17 08:44:58] [INFO] [TimeLinePanel] Finished updating the timeline panel after turn order has changed.
[2025-04-17 08:44:58] [INFO] [SelectedTilePanel] Checksum updated, getting units at selected tiles.
[2025-04-17 08:44:58] [INFO] [SelectedTilePanel] Either no unit selected or more than one unit selected
[2025-04-17 08:44:58] [INFO] [VisualsSystem] Started creating blurred background
[2025-04-17 08:44:59] [INFO] [VisualsSystem] Finished creating blurred background after 0.502145528793335 seconds
[2025-04-17 08:45:00] [INFO] [MapEditorScene] Updated hoveredTilePanes 1107,217
[2025-04-17 08:45:00] [INFO] [MapEditorScene] Updated hoveredTilePanes 1092,227
[2025-04-17 08:45:00] [INFO] [MapEditorScene] Updated hoveredTilePanes 1074,238
[2025-04-17 08:45:00] [INFO] [MapEditorScene] Updated hoveredTilePanes 1042,260
[2025-04-17 08:45:00] [INFO] [MapEditorScene] Updated hoveredTilePanes 1012,276
[2025-04-17 08:45:00] [INFO] [MapEditorScene] Updated hoveredTilePanes 981,295
[2025-04-17 08:45:00] [INFO] [MapEditorScene] Updated hoveredTilePanes 965,304
[2025-04-17 08:45:00] [INFO] [MapEditorScene] Updated hoveredTilePanes 936,320
[2025-04-17 08:45:00] [INFO] [MapEditorScene] Updated hoveredTilePanes 910,335
[2025-04-17 08:45:00] [INFO] [MapEditorScene] Updated hoveredTilePanes 884,348
[2025-04-17 08:45:00] [INFO] [MapEditorScene] Updated hoveredTilePanes 862,360
[2025-04-17 08:45:00] [INFO] [MapEditorScene] Updated hoveredTilePanes 844,369
[2025-04-17 08:45:00] [INFO] [MapEditorScene] Updated hoveredTilePanes 825,378
[2025-04-17 08:45:00] [INFO] [MapEditorScene] Updated hoveredTilePanes 810,386
[2025-04-17 08:45:00] [INFO] [MapEditorScene] Updated hoveredTilePanes 797,397
[2025-04-17 08:45:00] [INFO] [MapEditorScene] Updated hoveredTilePanes 784,404
[2025-04-17 08:45:00] [INFO] [MapEditorScene] Updated hoveredTilePanes 774,415
[2025-04-17 08:45:00] [INFO] [MapEditorScene] Updated hoveredTilePanes 763,426
[2025-04-17 08:45:00] [INFO] [MapEditorScene] Updated hoveredTilePanes 751,439
[2025-04-17 08:45:00] [INFO] [MapEditorScene] Updated hoveredTilePanes 739,453
[2025-04-17 08:45:00] [INFO] [MapEditorScene] Updated hoveredTilePanes 731,465
[2025-04-17 08:45:00] [INFO] [MapEditorScene] Updated hoveredTilePanes 721,479
[2025-04-17 08:45:00] [INFO] [MapEditorScene] Updated hoveredTilePanes 718,484
[2025-04-17 08:45:00] [INFO] [MapEditorScene] Updated hoveredTilePanes 713,491
[2025-04-17 08:45:00] [INFO] [MapEditorScene] Updated hoveredTilePanes 708,499
[2025-04-17 08:45:00] [INFO] [MapEditorScene] Updated hoveredTilePanes 705,503
[2025-04-17 08:45:00] [INFO] [MapEditorScene] Updated hoveredTilePanes 703,506
[2025-04-17 08:45:00] [INFO] [MapEditorScene] Updated hoveredTilePanes 701,507
[2025-04-17 08:45:00] [INFO] [MapEditorScene] Updated hoveredTilePanes 700,508
[2025-04-17 08:45:00] [INFO] [MapEditorScene] Updated hoveredTilePanes 699,509
[2025-04-17 08:45:00] [INFO] [MapEditorScene] Updated hoveredTilePanes 698,510
[2025-04-17 08:45:00] [INFO] [MapEditorScene] Updated hoveredTilePanes 697,510
[2025-04-17 08:45:00] [INFO] [MapEditorScene] Updated hoveredTilePanes 696,510
[2025-04-17 08:45:01] [INFO] [MapEditorScene] Updated hoveredTilePanes 696,509
[2025-04-17 08:45:01] [INFO] [MapEditorScene] Updated hoveredTilePanes 697,506
[2025-04-17 08:45:01] [INFO] [MapEditorScene] Updated hoveredTilePanes 698,504
[2025-04-17 08:45:01] [INFO] [MapEditorScene] Updated hoveredTilePanes 700,501
[2025-04-17 08:45:01] [INFO] [MapEditorScene] Updated hoveredTilePanes 701,499
[2025-04-17 08:45:01] [INFO] [MapEditorScene] Updated hoveredTilePanes 702,495
[2025-04-17 08:45:01] [INFO] [MapEditorScene] Updated hoveredTilePanes 703,493
[2025-04-17 08:45:01] [INFO] [MapEditorScene] Updated hoveredTilePanes 704,490
[2025-04-17 08:45:01] [INFO] [MapEditorScene] Updated hoveredTilePanes 705,488
[2025-04-17 08:45:01] [INFO] [MapEditorScene] Updated hoveredTilePanes 706,486
[2025-04-17 08:45:01] [INFO] [MapEditorScene] Updated hoveredTilePanes 707,484
[2025-04-17 08:45:01] [INFO] [MapEditorScene] Updated hoveredTilePanes 708,482
[2025-04-17 08:45:01] [INFO] [MapEditorScene] Updated hoveredTilePanes 709,480
[2025-04-17 08:45:01] [INFO] [MapEditorScene] Updated hoveredTilePanes 710,479
[2025-04-17 08:45:01] [INFO] [MapEditorScene] Updated hoveredTilePanes 710,478
[2025-04-17 08:45:01] [INFO] [MapEditorScene] Updated hoveredTilePanes 711,477
[2025-04-17 08:45:01] [INFO] [MapEditorScene] Updated hoveredTilePanes 712,475
[2025-04-17 08:45:01] [INFO] [MapEditorScene] Updated hoveredTilePanes 713,475
[2025-04-17 08:45:01] [INFO] [MapEditorScene] Updated hoveredTilePanes 713,474
[2025-04-17 08:45:01] [INFO] [MapEditorScene] Updated hoveredTilePanes 714,473
[2025-04-17 08:45:01] [INFO] [MapEditorScene] Updated hoveredTilePanes 715,472
[2025-04-17 08:45:01] [INFO] [MapEditorScene] Updated hoveredTilePanes 715,471
[2025-04-17 08:45:01] [INFO] [MapEditorScene] Updated hoveredTilePanes 716,469
[2025-04-17 08:45:01] [INFO] [MapEditorScene] Updated hoveredTilePanes 717,468
[2025-04-17 08:45:01] [INFO] [MapEditorScene] Updated hoveredTilePanes 718,465
[2025-04-17 08:45:01] [INFO] [MapEditorScene] Updated hoveredTilePanes 720,463
[2025-04-17 08:45:01] [INFO] [MapEditorScene] Updated hoveredTilePanes 723,456
[2025-04-17 08:45:01] [INFO] [MapEditorScene] Updated hoveredTilePanes 724,454
[2025-04-17 08:45:01] [INFO] [MapEditorScene] Updated hoveredTilePanes 727,450
[2025-04-17 08:45:01] [INFO] [MapEditorScene] Updated hoveredTilePanes 729,447
[2025-04-17 08:45:01] [INFO] [MapEditorScene] Updated hoveredTilePanes 732,442
[2025-04-17 08:45:01] [INFO] [MapEditorScene] Updated hoveredTilePanes 733,439
[2025-04-17 08:45:01] [INFO] [MapEditorScene] Updated hoveredTilePanes 736,435
[2025-04-17 08:45:01] [INFO] [MapEditorScene] Updated hoveredTilePanes 739,431
[2025-04-17 08:45:01] [INFO] [MapEditorScene] Updated hoveredTilePanes 740,429
[2025-04-17 08:45:01] [INFO] [MapEditorScene] Updated hoveredTilePanes 743,425
[2025-04-17 08:45:01] [INFO] [MapEditorScene] Updated hoveredTilePanes 746,422
[2025-04-17 08:45:01] [INFO] [MapEditorScene] Updated hoveredTilePanes 749,419
[2025-04-17 08:45:01] [INFO] [MapEditorScene] Updated hoveredTilePanes 750,416
[2025-04-17 08:45:01] [INFO] [MapEditorScene] Updated hoveredTilePanes 753,412
[2025-04-17 08:45:01] [INFO] [MapEditorScene] Updated hoveredTilePanes 754,410
[2025-04-17 08:45:01] [INFO] [MapEditorScene] Updated hoveredTilePanes 757,408
[2025-04-17 08:45:01] [INFO] [MapEditorScene] Updated hoveredTilePanes 758,406
[2025-04-17 08:45:01] [INFO] [MapEditorScene] Updated hoveredTilePanes 759,404
[2025-04-17 08:45:01] [INFO] [MapEditorScene] Updated hoveredTilePanes 760,402
[2025-04-17 08:45:01] [INFO] [MapEditorScene] Updated hoveredTilePanes 761,400
[2025-04-17 08:45:01] [INFO] [MapEditorScene] Updated hoveredTilePanes 762,399
[2025-04-17 08:45:01] [INFO] [MapEditorScene] Updated hoveredTilePanes 763,397
[2025-04-17 08:45:01] [INFO] [MapEditorScene] Updated hoveredTilePanes 763,396
[2025-04-17 08:45:01] [INFO] [MapEditorScene] Updated hoveredTilePanes 764,396
[2025-04-17 08:45:01] [INFO] [MapEditorScene] Updated hoveredTilePanes 764,395
[2025-04-17 08:45:01] [INFO] [MapEditorScene] Updated hoveredTilePanes 765,394
[2025-04-17 08:45:01] [INFO] [MapEditorScene] Updated hoveredTilePanes 765,393
[2025-04-17 08:45:01] [INFO] [MapEditorScene] Updated hoveredTilePanes 766,392
[2025-04-17 08:45:01] [INFO] [MapEditorScene] Updated hoveredTilePanes 766,391
[2025-04-17 08:45:01] [INFO] [MapEditorScene] Updated hoveredTilePanes 766,390
[2025-04-17 08:45:01] [INFO] [MapEditorScene] Updated hoveredTilePanes 767,390
[2025-04-17 08:45:01] [INFO] [MapEditorScene] Updated hoveredTilePanes 767,389
[2025-04-17 08:45:02] [INFO] [MapEditorScene] Updated hoveredTilePanes 770,385
[2025-04-17 08:45:02] [INFO] [MapEditorScene] Updated hoveredTilePanes 771,383
[2025-04-17 08:45:02] [INFO] [MapEditorScene] Updated hoveredTilePanes 772,381
[2025-04-17 08:45:02] [INFO] [MapEditorScene] Updated hoveredTilePanes 774,379
[2025-04-17 08:45:02] [INFO] [MapEditorScene] Updated hoveredTilePanes 775,377
[2025-04-17 08:45:02] [INFO] [MapEditorScene] Updated hoveredTilePanes 776,375
[2025-04-17 08:45:02] [INFO] [MapEditorScene] Updated hoveredTilePanes 777,374
[2025-04-17 08:45:02] [INFO] [MapEditorScene] Updated hoveredTilePanes 777,373
[2025-04-17 08:45:02] [INFO] [MapEditorScene] Updated hoveredTilePanes 778,372
[2025-04-17 08:45:02] [INFO] [MapEditorScene] Updated hoveredTilePanes 778,371
[2025-04-17 08:45:02] [INFO] [MapEditorScene] Updated hoveredTilePanes 779,370
[2025-04-17 08:45:02] [INFO] [MapEditorScene] Updated hoveredTilePanes 779,369
[2025-04-17 08:45:02] [INFO] [MapEditorScene] Updated hoveredTilePanes 780,367
[2025-04-17 08:45:03] [INFO] [MapEditorScene] Updated hoveredTilePanes 781,366
[2025-04-17 08:45:03] [INFO] [MapEditorScene] Updated hoveredTilePanes 781,365
[2025-04-17 08:45:03] [INFO] [MapEditorScene] Updated hoveredTilePanes 781,364
[2025-04-17 08:45:03] [INFO] [MapEditorScene] Updated hoveredTilePanes 782,364
[2025-04-17 08:45:03] [INFO] [MapEditorScene] Updated hoveredTilePanes 782,363
[2025-04-17 08:45:03] [INFO] [MapEditorScene] Updated hoveredTilePanes 782,362
[2025-04-17 08:45:03] [INFO] [MapEditorScene] Updated hoveredTilePanes 783,362
[2025-04-17 08:45:03] [INFO] [MapEditorScene] Updated hoveredTilePanes 783,361
[2025-04-17 08:45:03] [INFO] [MapEditorScene] Updated hoveredTilePanes 783,360
[2025-04-17 08:45:03] [INFO] [MapEditorScene] Updated hoveredTilePanes 784,360
[2025-04-17 08:45:03] [INFO] [MapEditorScene] Updated hoveredTilePanes 784,359
[2025-04-17 08:45:03] [INFO] [MapEditorScene] Updated hoveredTilePanes 784,358
[2025-04-17 08:45:03] [INFO] [MapEditorScene] Updated hoveredTilePanes 785,358
[2025-04-17 08:45:03] [INFO] [MapEditorScene] Updated hoveredTilePanes 785,357
[2025-04-17 08:45:03] [INFO] [MapEditorScene] Updated hoveredTilePanes 785,356
[2025-04-17 08:45:03] [INFO] [MapEditorScene] Updated hoveredTilePanes 786,354
[2025-04-17 08:45:03] [INFO] [MapEditorScene] Updated hoveredTilePanes 786,353
[2025-04-17 08:45:03] [INFO] [MapEditorScene] Updated hoveredTilePanes 787,352
[2025-04-17 08:45:03] [INFO] [MapEditorScene] Updated hoveredTilePanes 787,351
[2025-04-17 08:45:03] [INFO] [MapEditorScene] Updated hoveredTilePanes 787,350
[2025-04-17 08:45:03] [INFO] [MapEditorScene] Updated hoveredTilePanes 788,349
[2025-04-17 08:45:03] [INFO] [MapEditorScene] Updated hoveredTilePanes 788,348
[2025-04-17 08:45:03] [INFO] [MapEditorScene] Updated hoveredTilePanes 788,347
[2025-04-17 08:45:03] [INFO] [MapEditorScene] Updated hoveredTilePanes 789,346
[2025-04-17 08:45:03] [INFO] [MapEditorScene] Updated hoveredTilePanes 789,345
[2025-04-17 08:45:03] [INFO] [MapEditorScene] Updated hoveredTilePanes 789,344
[2025-04-17 08:45:03] [INFO] [MapEditorScene] Updated hoveredTilePanes 790,343
[2025-04-17 08:45:03] [INFO] [MapEditorScene] Updated hoveredTilePanes 790,342
[2025-04-17 08:45:03] [INFO] [MapEditorScene] Updated hoveredTilePanes 790,341
[2025-04-17 08:45:03] [INFO] [MapEditorScene] Updated hoveredTilePanes 791,341
[2025-04-17 08:45:03] [INFO] [MapEditorScene] Updated hoveredTilePanes 791,340
[2025-04-17 08:45:03] [INFO] [MapEditorScene] Updated hoveredTilePanes 791,339
[2025-04-17 08:45:03] [INFO] [MapEditorScene] Updated hoveredTilePanes 791,338
[2025-04-17 08:45:03] [INFO] [MapEditorScene] Updated hoveredTilePanes 792,338
[2025-04-17 08:45:03] [INFO] [MapEditorScene] Updated hoveredTilePanes 792,337
[2025-04-17 08:45:03] [INFO] [MapEditorScene] Updated hoveredTilePanes 792,336
[2025-04-17 08:45:03] [INFO] [MapEditorScene] Updated hoveredTilePanes 792,335
[2025-04-17 08:45:03] [INFO] [MapEditorScene] Updated hoveredTilePanes 793,335
[2025-04-17 08:45:03] [INFO] [MapEditorScene] Updated hoveredTilePanes 793,334
[2025-04-17 08:45:03] [INFO] [MapEditorScene] Updated hoveredTilePanes 794,334
[2025-04-17 08:45:03] [INFO] [MapEditorScene] Updated hoveredTilePanes 794,333
[2025-04-17 08:45:03] [INFO] [MapEditorScene] Updated hoveredTilePanes 795,333
[2025-04-17 08:45:03] [INFO] [MapEditorScene] Updated hoveredTilePanes 795,332
[2025-04-17 08:45:03] [INFO] [MapEditorScene] Updated hoveredTilePanes 795,331
[2025-04-17 08:45:03] [INFO] [MapEditorScene] Updated hoveredTilePanes 796,330
[2025-04-17 08:45:03] [INFO] [MapEditorScene] Updated hoveredTilePanes 797,329
[2025-04-17 08:45:03] [INFO] [MapEditorScene] Updated hoveredTilePanes 797,328
[2025-04-17 08:45:03] [INFO] [MapEditorScene] Updated hoveredTilePanes 798,327
[2025-04-17 08:45:03] [INFO] [MapEditorScene] Updated hoveredTilePanes 798,326
[2025-04-17 08:45:03] [INFO] [MapEditorScene] Updated hoveredTilePanes 799,326
[2025-04-17 08:45:03] [INFO] [MapEditorScene] Updated hoveredTilePanes 799,325
[2025-04-17 08:45:03] [INFO] [MapEditorScene] Updated hoveredTilePanes 799,324
[2025-04-17 08:45:03] [INFO] [MapEditorScene] Updated hoveredTilePanes 800,324
[2025-04-17 08:45:03] [INFO] [MapEditorScene] Updated hoveredTilePanes 800,323
[2025-04-17 08:45:03] [INFO] [MapEditorScene] Updated hoveredTilePanes 800,322
[2025-04-17 08:45:03] [INFO] [MapEditorScene] Updated hoveredTilePanes 801,322
[2025-04-17 08:45:03] [INFO] [MapEditorScene] Updated hoveredTilePanes 801,321
[2025-04-17 08:45:04] [INFO] [MapEditorScene] Updated hoveredTilePanes 802,321
[2025-04-17 08:45:04] [INFO] [MapEditorScene] Updated hoveredTilePanes 802,320
[2025-04-17 08:45:04] [INFO] [MapEditorScene] Updated hoveredTilePanes 802,319
[2025-04-17 08:45:04] [INFO] [MapEditorScene] Updated hoveredTilePanes 803,319
[2025-04-17 08:45:04] [INFO] [MapEditorScene] Updated hoveredTilePanes 803,318
[2025-04-17 08:45:04] [INFO] [MapEditorScene] Updated hoveredTilePanes 803,316
[2025-04-17 08:45:04] [INFO] [MapEditorScene] Updated hoveredTilePanes 803,314
[2025-04-17 08:45:04] [INFO] [MapEditorScene] Updated hoveredTilePanes 803,312
[2025-04-17 08:45:04] [INFO] [MapEditorScene] Updated hoveredTilePanes 803,310
[2025-04-17 08:45:04] [INFO] [MapEditorScene] Updated hoveredTilePanes 803,308
[2025-04-17 08:45:04] [INFO] [MapEditorScene] Updated hoveredTilePanes 803,306
[2025-04-17 08:45:04] [INFO] [MapEditorScene] Updated hoveredTilePanes 803,303
[2025-04-17 08:45:04] [INFO] [MapEditorScene] Updated hoveredTilePanes 803,301
[2025-04-17 08:45:04] [INFO] [MapEditorScene] Updated hoveredTilePanes 803,300
[2025-04-17 08:45:04] [INFO] [MapEditorScene] Updated hoveredTilePanes 803,298
[2025-04-17 08:45:04] [INFO] [MapEditorScene] Updated hoveredTilePanes 803,296
[2025-04-17 08:45:04] [INFO] [MapEditorScene] Updated hoveredTilePanes 803,295
[2025-04-17 08:45:04] [INFO] [MapEditorScene] Updated hoveredTilePanes 802,295
[2025-04-17 08:45:04] [INFO] [MapEditorScene] Updated hoveredTilePanes 802,294
[2025-04-17 08:45:04] [INFO] [MapEditorScene] Updated hoveredTilePanes 801,294
[2025-04-17 08:45:05] [INFO] [MapEditorScene] Updated hoveredTilePanes 800,294
[2025-04-17 08:45:05] [INFO] [MapEditorScene] Updated hoveredTilePanes 799,294
[2025-04-17 08:45:05] [INFO] [MapEditorScene] Updated hoveredTilePanes 798,295
[2025-04-17 08:45:05] [INFO] [MapEditorScene] Updated hoveredTilePanes 796,297
[2025-04-17 08:45:05] [INFO] [MapEditorScene] Updated hoveredTilePanes 795,298
[2025-04-17 08:45:05] [INFO] [MapEditorScene] Updated hoveredTilePanes 794,300
[2025-04-17 08:45:05] [INFO] [MapEditorScene] Updated hoveredTilePanes 793,302
[2025-04-17 08:45:05] [INFO] [MapEditorScene] Updated hoveredTilePanes 792,304
[2025-04-17 08:45:05] [INFO] [MapEditorScene] Updated hoveredTilePanes 791,306
[2025-04-17 08:45:05] [INFO] [MapEditorScene] Updated hoveredTilePanes 789,308
[2025-04-17 08:45:05] [INFO] [MapEditorScene] Updated hoveredTilePanes 789,310
[2025-04-17 08:45:05] [INFO] [MapEditorScene] Updated hoveredTilePanes 787,311
[2025-04-17 08:45:05] [INFO] [MapEditorScene] Updated hoveredTilePanes 786,312
[2025-04-17 08:45:05] [INFO] [MapEditorScene] Updated hoveredTilePanes 786,314
[2025-04-17 08:45:05] [INFO] [MapEditorScene] Updated hoveredTilePanes 785,315
[2025-04-17 08:45:05] [INFO] [MapEditorScene] Updated hoveredTilePanes 784,316
[2025-04-17 08:45:05] [INFO] [MapEditorScene] Updated hoveredTilePanes 783,317
[2025-04-17 08:45:05] [INFO] [MapEditorScene] Updated hoveredTilePanes 783,318
[2025-04-17 08:45:05] [INFO] [MapEditorScene] Updated hoveredTilePanes 782,319
[2025-04-17 08:45:05] [INFO] [MapEditorScene] Updated hoveredTilePanes 781,321
[2025-04-17 08:45:05] [INFO] [MapEditorScene] Updated hoveredTilePanes 780,322
[2025-04-17 08:45:05] [INFO] [MapEditorScene] Updated hoveredTilePanes 779,322
[2025-04-17 08:45:05] [INFO] [MapEditorScene] Updated hoveredTilePanes 778,323
[2025-04-17 08:45:05] [INFO] [MapEditorScene] Updated hoveredTilePanes 778,324
[2025-04-17 08:45:05] [INFO] [MapEditorScene] Updated hoveredTilePanes 777,325
[2025-04-17 08:45:05] [INFO] [MapEditorScene] Updated hoveredTilePanes 776,326
[2025-04-17 08:45:05] [INFO] [MapEditorScene] Updated hoveredTilePanes 775,327
[2025-04-17 08:45:05] [INFO] [MapEditorScene] Updated hoveredTilePanes 775,328
[2025-04-17 08:45:05] [INFO] [MapEditorScene] Updated hoveredTilePanes 773,330
[2025-04-17 08:45:05] [INFO] [MapEditorScene] Updated hoveredTilePanes 772,331
[2025-04-17 08:45:05] [INFO] [MapEditorScene] Updated hoveredTilePanes 771,333
[2025-04-17 08:45:05] [INFO] [MapEditorScene] Updated hoveredTilePanes 769,335
[2025-04-17 08:45:05] [INFO] [MapEditorScene] Updated hoveredTilePanes 768,337
[2025-04-17 08:45:05] [INFO] [MapEditorScene] Updated hoveredTilePanes 766,339
[2025-04-17 08:45:05] [INFO] [MapEditorScene] Updated hoveredTilePanes 763,343
[2025-04-17 08:45:05] [INFO] [MapEditorScene] Updated hoveredTilePanes 761,345
[2025-04-17 08:45:05] [INFO] [MapEditorScene] Updated hoveredTilePanes 758,349
[2025-04-17 08:45:05] [INFO] [MapEditorScene] Updated hoveredTilePanes 755,351
[2025-04-17 08:45:05] [INFO] [MapEditorScene] Updated hoveredTilePanes 751,355
[2025-04-17 08:45:05] [INFO] [MapEditorScene] Updated hoveredTilePanes 749,358
[2025-04-17 08:45:05] [INFO] [MapEditorScene] Updated hoveredTilePanes 747,360
[2025-04-17 08:45:05] [INFO] [MapEditorScene] Updated hoveredTilePanes 744,363
[2025-04-17 08:45:05] [INFO] [MapEditorScene] Updated hoveredTilePanes 742,365
[2025-04-17 08:45:05] [INFO] [MapEditorScene] Updated hoveredTilePanes 739,367
[2025-04-17 08:45:05] [INFO] [MapEditorScene] Updated hoveredTilePanes 737,370
[2025-04-17 08:45:05] [INFO] [MapEditorScene] Updated hoveredTilePanes 734,374
[2025-04-17 08:45:05] [INFO] [MapEditorScene] Updated hoveredTilePanes 732,376
[2025-04-17 08:45:05] [INFO] [MapEditorScene] Updated hoveredTilePanes 729,380
[2025-04-17 08:45:05] [INFO] [MapEditorScene] Updated hoveredTilePanes 726,382
[2025-04-17 08:45:05] [INFO] [MapEditorScene] Updated hoveredTilePanes 724,386
[2025-04-17 08:45:05] [INFO] [MapEditorScene] Updated hoveredTilePanes 722,389
[2025-04-17 08:45:05] [INFO] [MapEditorScene] Updated hoveredTilePanes 719,392
[2025-04-17 08:45:05] [INFO] [MapEditorScene] Updated hoveredTilePanes 718,394
[2025-04-17 08:45:05] [INFO] [MapEditorScene] Updated hoveredTilePanes 717,396
[2025-04-17 08:45:05] [INFO] [MapEditorScene] Updated hoveredTilePanes 715,398
[2025-04-17 08:45:05] [INFO] [MapEditorScene] Updated hoveredTilePanes 714,399
[2025-04-17 08:45:05] [INFO] [MapEditorScene] Updated hoveredTilePanes 713,400
[2025-04-17 08:45:05] [INFO] [MapEditorScene] Updated hoveredTilePanes 712,401
[2025-04-17 08:45:05] [INFO] [MapEditorScene] Updated hoveredTilePanes 711,402
[2025-04-17 08:45:05] [INFO] [MapEditorScene] Updated hoveredTilePanes 710,403
[2025-04-17 08:45:05] [INFO] [MapEditorScene] Updated hoveredTilePanes 709,404
[2025-04-17 08:45:05] [INFO] [MapEditorScene] Updated hoveredTilePanes 708,405
[2025-04-17 08:45:05] [INFO] [MapEditorScene] Updated hoveredTilePanes 707,406
[2025-04-17 08:45:05] [INFO] [MapEditorScene] Updated hoveredTilePanes 705,407
[2025-04-17 08:45:05] [INFO] [MapEditorScene] Updated hoveredTilePanes 704,409
[2025-04-17 08:45:05] [INFO] [MapEditorScene] Updated hoveredTilePanes 702,410
[2025-04-17 08:45:05] [INFO] [MapEditorScene] Updated hoveredTilePanes 699,413
[2025-04-17 08:45:05] [INFO] [MapEditorScene] Updated hoveredTilePanes 697,414
[2025-04-17 08:45:05] [INFO] [MapEditorScene] Updated hoveredTilePanes 695,417
[2025-04-17 08:45:05] [INFO] [MapEditorScene] Updated hoveredTilePanes 693,418
[2025-04-17 08:45:05] [INFO] [MapEditorScene] Updated hoveredTilePanes 691,419
[2025-04-17 08:45:05] [INFO] [MapEditorScene] Updated hoveredTilePanes 687,422
[2025-04-17 08:45:05] [INFO] [MapEditorScene] Updated hoveredTilePanes 685,424
[2025-04-17 08:45:05] [INFO] [MapEditorScene] Updated hoveredTilePanes 683,425
[2025-04-17 08:45:05] [INFO] [MapEditorScene] Updated hoveredTilePanes 681,426
[2025-04-17 08:45:05] [INFO] [MapEditorScene] Updated hoveredTilePanes 679,428
[2025-04-17 08:45:05] [INFO] [MapEditorScene] Updated hoveredTilePanes 677,428
[2025-04-17 08:45:05] [INFO] [MapEditorScene] Updated hoveredTilePanes 675,430
[2025-04-17 08:45:05] [INFO] [MapEditorScene] Updated hoveredTilePanes 673,431
[2025-04-17 08:45:05] [INFO] [MapEditorScene] Updated hoveredTilePanes 672,431
[2025-04-17 08:45:05] [INFO] [MapEditorScene] Updated hoveredTilePanes 671,432
[2025-04-17 08:45:05] [INFO] [MapEditorScene] Updated hoveredTilePanes 670,432
[2025-04-17 08:45:05] [INFO] [MapEditorScene] Updated hoveredTilePanes 670,433
[2025-04-17 08:45:05] [INFO] [MapEditorScene] Updated hoveredTilePanes 668,433
[2025-04-17 08:45:05] [INFO] [MapEditorScene] Updated hoveredTilePanes 667,434
[2025-04-17 08:45:05] [INFO] [MapEditorScene] Updated hoveredTilePanes 666,435
[2025-04-17 08:45:05] [INFO] [MapEditorScene] Updated hoveredTilePanes 665,435
[2025-04-17 08:45:05] [INFO] [MapEditorScene] Updated hoveredTilePanes 664,436
[2025-04-17 08:45:05] [INFO] [MapEditorScene] Updated hoveredTilePanes 663,436
[2025-04-17 08:45:05] [INFO] [MapEditorScene] Updated hoveredTilePanes 662,437
[2025-04-17 08:45:05] [INFO] [MapEditorScene] Updated hoveredTilePanes 661,437
[2025-04-17 08:45:05] [INFO] [MapEditorScene] Updated hoveredTilePanes 660,438
[2025-04-17 08:45:05] [INFO] [MapEditorScene] Updated hoveredTilePanes 659,438
[2025-04-17 08:45:05] [INFO] [MapEditorScene] Updated hoveredTilePanes 658,439
[2025-04-17 08:45:05] [INFO] [MapEditorScene] Updated hoveredTilePanes 657,439
[2025-04-17 08:45:05] [INFO] [MapEditorScene] Updated hoveredTilePanes 656,439
[2025-04-17 08:45:05] [INFO] [MapEditorScene] Updated hoveredTilePanes 655,440
[2025-04-17 08:45:05] [INFO] [MapEditorScene] Updated hoveredTilePanes 654,441
[2025-04-17 08:45:05] [INFO] [MapEditorScene] Updated hoveredTilePanes 653,441
[2025-04-17 08:45:05] [INFO] [MapEditorScene] Updated hoveredTilePanes 652,442
[2025-04-17 08:45:05] [INFO] [MapEditorScene] Updated hoveredTilePanes 651,442
[2025-04-17 08:45:05] [INFO] [MapEditorScene] Updated hoveredTilePanes 651,443
[2025-04-17 08:45:05] [INFO] [MapEditorScene] Updated hoveredTilePanes 650,443
[2025-04-17 08:45:06] [INFO] [MapEditorScene] Updated hoveredTilePanes 649,443
[2025-04-17 08:45:06] [INFO] [MapEditorScene] Updated hoveredTilePanes 649,444
[2025-04-17 08:45:06] [INFO] [MapEditorScene] Updated hoveredTilePanes 648,445
[2025-04-17 08:45:06] [INFO] [MapEditorScene] Updated hoveredTilePanes 648,446
[2025-04-17 08:45:06] [INFO] [MapEditorScene] Updated hoveredTilePanes 648,447
[2025-04-17 08:45:06] [INFO] [MapEditorScene] Updated hoveredTilePanes 647,448
[2025-04-17 08:45:06] [INFO] [MapEditorScene] Updated hoveredTilePanes 647,449
[2025-04-17 08:45:06] [INFO] [MapEditorScene] Updated hoveredTilePanes 647,450
[2025-04-17 08:45:06] [INFO] [MapEditorScene] Updated hoveredTilePanes 646,452
[2025-04-17 08:45:06] [INFO] [MapEditorScene] Updated hoveredTilePanes 646,453
[2025-04-17 08:45:06] [INFO] [MapEditorScene] Updated hoveredTilePanes 645,454
[2025-04-17 08:45:06] [INFO] [MapEditorScene] Updated hoveredTilePanes 645,455
[2025-04-17 08:45:06] [INFO] [MapEditorScene] Updated hoveredTilePanes 645,456
[2025-04-17 08:45:06] [INFO] [MapEditorScene] Updated hoveredTilePanes 645,457
[2025-04-17 08:45:06] [INFO] [MapEditorScene] Updated hoveredTilePanes 645,458
[2025-04-17 08:45:06] [INFO] [MapEditorScene] Updated hoveredTilePanes 645,459
[2025-04-17 08:45:06] [INFO] [MapEditorScene] Updated hoveredTilePanes 645,460
[2025-04-17 08:45:06] [INFO] [MapEditorScene] Updated hoveredTilePanes 645,461
[2025-04-17 08:45:06] [INFO] [MapEditorScene] Updated hoveredTilePanes 645,462
[2025-04-17 08:45:06] [INFO] [MapEditorScene] Updated hoveredTilePanes 645,463
[2025-04-17 08:45:06] [INFO] [MapEditorScene] Updated hoveredTilePanes 645,464
[2025-04-17 08:45:06] [INFO] [MapEditorScene] Updated hoveredTilePanes 645,465
[2025-04-17 08:45:06] [INFO] [MapEditorScene] Updated hoveredTilePanes 645,466
[2025-04-17 08:45:06] [INFO] [MapEditorScene] Updated hoveredTilePanes 645,467
[2025-04-17 08:45:06] [INFO] [MapEditorScene] Updated hoveredTilePanes 645,468
[2025-04-17 08:45:06] [INFO] [MapEditorScene] Updated hoveredTilePanes 645,469
[2025-04-17 08:45:06] [INFO] [MapEditorScene] Updated hoveredTilePanes 645,470
[2025-04-17 08:45:06] [INFO] [MapEditorScene] Updated hoveredTilePanes 645,471
[2025-04-17 08:45:06] [INFO] [MapEditorScene] Updated hoveredTilePanes 645,472
[2025-04-17 08:45:06] [INFO] [MapEditorScene] Updated hoveredTilePanes 645,473
[2025-04-17 08:45:06] [INFO] [MapEditorScene] Updated hoveredTilePanes 645,474
[2025-04-17 08:45:06] [INFO] [MapEditorScene] Updated hoveredTilePanes 646,474
[2025-04-17 08:45:06] [INFO] [MapEditorScene] Updated hoveredTilePanes 646,475
[2025-04-17 08:45:06] [INFO] [MapEditorScene] Updated hoveredTilePanes 647,475
[2025-04-17 08:45:06] [INFO] [MapEditorScene] Updated hoveredTilePanes 648,476
[2025-04-17 08:45:06] [INFO] [MapEditorScene] Updated hoveredTilePanes 650,476
[2025-04-17 08:45:06] [INFO] [MapEditorScene] Updated hoveredTilePanes 651,476
[2025-04-17 08:45:06] [INFO] [MapEditorScene] Updated hoveredTilePanes 652,476
[2025-04-17 08:45:06] [INFO] [MapEditorScene] Updated hoveredTilePanes 653,476
[2025-04-17 08:45:06] [INFO] [MapEditorScene] Updated hoveredTilePanes 655,476
[2025-04-17 08:45:06] [INFO] [MapEditorScene] Updated hoveredTilePanes 657,476
[2025-04-17 08:45:06] [INFO] [MapEditorScene] Updated hoveredTilePanes 659,476
[2025-04-17 08:45:06] [INFO] [MapEditorScene] Updated hoveredTilePanes 660,476
[2025-04-17 08:45:06] [INFO] [MapEditorScene] Updated hoveredTilePanes 662,476
[2025-04-17 08:45:06] [INFO] [MapEditorScene] Updated hoveredTilePanes 664,476
[2025-04-17 08:45:06] [INFO] [MapEditorScene] Updated hoveredTilePanes 666,476
[2025-04-17 08:45:06] [INFO] [MapEditorScene] Updated hoveredTilePanes 668,476
[2025-04-17 08:45:06] [INFO] [MapEditorScene] Updated hoveredTilePanes 669,476
[2025-04-17 08:45:06] [INFO] [MapEditorScene] Updated hoveredTilePanes 671,476
[2025-04-17 08:45:06] [INFO] [MapEditorScene] Updated hoveredTilePanes 673,476
[2025-04-17 08:45:06] [INFO] [MapEditorScene] Updated hoveredTilePanes 675,476
[2025-04-17 08:45:06] [INFO] [MapEditorScene] Updated hoveredTilePanes 677,476
[2025-04-17 08:45:06] [INFO] [MapEditorScene] Updated hoveredTilePanes 679,476
[2025-04-17 08:45:06] [INFO] [MapEditorScene] Updated hoveredTilePanes 681,476
[2025-04-17 08:45:06] [INFO] [MapEditorScene] Updated hoveredTilePanes 683,476
[2025-04-17 08:45:06] [INFO] [MapEditorScene] Updated hoveredTilePanes 685,476
[2025-04-17 08:45:06] [INFO] [MapEditorScene] Updated hoveredTilePanes 687,476
[2025-04-17 08:45:06] [INFO] [MapEditorScene] Updated hoveredTilePanes 688,476
[2025-04-17 08:45:06] [INFO] [MapEditorScene] Updated hoveredTilePanes 690,476
[2025-04-17 08:45:06] [INFO] [MapEditorScene] Updated hoveredTilePanes 692,477
[2025-04-17 08:45:06] [INFO] [MapEditorScene] Updated hoveredTilePanes 693,477
[2025-04-17 08:45:06] [INFO] [MapEditorScene] Updated hoveredTilePanes 695,477
[2025-04-17 08:45:07] [INFO] [MapEditorScene] Updated hoveredTilePanes 697,478
[2025-04-17 08:45:07] [INFO] [MapEditorScene] Updated hoveredTilePanes 698,478
[2025-04-17 08:45:07] [INFO] [MapEditorScene] Updated hoveredTilePanes 699,478
[2025-04-17 08:45:07] [INFO] [MapEditorScene] Updated hoveredTilePanes 700,478
[2025-04-17 08:45:07] [INFO] [MapEditorScene] Updated hoveredTilePanes 701,478
[2025-04-17 08:45:07] [INFO] [MapEditorScene] Updated hoveredTilePanes 702,479
[2025-04-17 08:45:07] [INFO] [MapEditorScene] Updated hoveredTilePanes 703,479
[2025-04-17 08:45:07] [INFO] [MapEditorScene] Updated hoveredTilePanes 704,479
[2025-04-17 08:45:07] [INFO] [MapEditorScene] Updated hoveredTilePanes 705,479
[2025-04-17 08:45:07] [INFO] [MapEditorScene] Updated hoveredTilePanes 706,479
[2025-04-17 08:45:07] [INFO] [MapEditorScene] Updated hoveredTilePanes 707,479
[2025-04-17 08:45:07] [INFO] [MapEditorScene] Updated hoveredTilePanes 708,479
[2025-04-17 08:45:07] [INFO] [MapEditorScene] Updated hoveredTilePanes 709,479
[2025-04-17 08:45:07] [INFO] [MapEditorScene] Updated hoveredTilePanes 710,479
[2025-04-17 08:45:07] [INFO] [MapEditorScene] Updated hoveredTilePanes 712,479
[2025-04-17 08:45:07] [INFO] [MapEditorScene] Updated hoveredTilePanes 713,479
[2025-04-17 08:45:07] [INFO] [MapEditorScene] Updated hoveredTilePanes 714,479
[2025-04-17 08:45:07] [INFO] [MapEditorScene] Updated hoveredTilePanes 715,479
[2025-04-17 08:45:07] [INFO] [MapEditorScene] Updated hoveredTilePanes 717,479
[2025-04-17 08:45:07] [INFO] [MapEditorScene] Updated hoveredTilePanes 718,479
[2025-04-17 08:45:07] [INFO] [MapEditorScene] Updated hoveredTilePanes 717,479
[2025-04-17 08:45:07] [INFO] [MapEditorScene] Updated hoveredTilePanes 716,479
[2025-04-17 08:45:07] [INFO] [MapEditorScene] Updated hoveredTilePanes 714,479
[2025-04-17 08:45:07] [INFO] [MapEditorScene] Updated hoveredTilePanes 712,479
[2025-04-17 08:45:07] [INFO] [MapEditorScene] Updated hoveredTilePanes 710,479
[2025-04-17 08:45:07] [INFO] [MapEditorScene] Updated hoveredTilePanes 707,479
[2025-04-17 08:45:07] [INFO] [MapEditorScene] Updated hoveredTilePanes 702,479
[2025-04-17 08:45:07] [INFO] [MapEditorScene] Updated hoveredTilePanes 698,479
[2025-04-17 08:45:07] [INFO] [MapEditorScene] Updated hoveredTilePanes 694,479
[2025-04-17 08:45:07] [INFO] [MapEditorScene] Updated hoveredTilePanes 689,479
[2025-04-17 08:45:07] [INFO] [MapEditorScene] Updated hoveredTilePanes 683,479
[2025-04-17 08:45:07] [INFO] [MapEditorScene] Updated hoveredTilePanes 678,479
[2025-04-17 08:45:07] [INFO] [MapEditorScene] Updated hoveredTilePanes 673,479
[2025-04-17 08:45:07] [INFO] [MapEditorScene] Updated hoveredTilePanes 667,479
[2025-04-17 08:45:07] [INFO] [MapEditorScene] Updated hoveredTilePanes 666,479
[2025-04-17 08:45:07] [INFO] [MapEditorScene] Updated hoveredTilePanes 665,479
[2025-04-17 08:45:07] [INFO] [MapEditorScene] Updated hoveredTilePanes 664,479
[2025-04-17 08:45:08] [INFO] [MapEditorScene] Updated hoveredTilePanes 665,479
[2025-04-17 08:45:08] [INFO] [MapEditorScene] Updated hoveredTilePanes 666,479
[2025-04-17 08:45:08] [INFO] [MapEditorScene] Updated hoveredTilePanes 667,479
[2025-04-17 08:45:08] [INFO] [MapEditorScene] Updated hoveredTilePanes 668,479
[2025-04-17 08:45:08] [INFO] [MapEditorScene] Updated hoveredTilePanes 669,479
[2025-04-17 08:45:08] [INFO] [MapEditorScene] Updated hoveredTilePanes 670,479
[2025-04-17 08:45:08] [INFO] [MapEditorScene] Updated hoveredTilePanes 672,478
[2025-04-17 08:45:08] [INFO] [MapEditorScene] Updated hoveredTilePanes 673,478
[2025-04-17 08:45:08] [INFO] [MapEditorScene] Updated hoveredTilePanes 674,478
[2025-04-17 08:45:08] [INFO] [MapEditorScene] Updated hoveredTilePanes 676,477
[2025-04-17 08:45:08] [INFO] [MapEditorScene] Updated hoveredTilePanes 677,477
[2025-04-17 08:45:08] [INFO] [MapEditorScene] Updated hoveredTilePanes 678,477
[2025-04-17 08:45:08] [INFO] [MapEditorScene] Updated hoveredTilePanes 680,477
[2025-04-17 08:45:08] [INFO] [MapEditorScene] Updated hoveredTilePanes 681,477
[2025-04-17 08:45:08] [INFO] [MapEditorScene] Updated hoveredTilePanes 682,476
[2025-04-17 08:45:08] [INFO] [MapEditorScene] Updated hoveredTilePanes 683,476
[2025-04-17 08:45:08] [INFO] [MapEditorScene] Updated hoveredTilePanes 685,476
[2025-04-17 08:45:08] [INFO] [MapEditorScene] Updated hoveredTilePanes 686,476
[2025-04-17 08:45:08] [INFO] [MapEditorScene] Updated hoveredTilePanes 688,476
[2025-04-17 08:45:08] [INFO] [MapEditorScene] Updated hoveredTilePanes 689,476
[2025-04-17 08:45:08] [INFO] [MapEditorScene] Updated hoveredTilePanes 690,476
[2025-04-17 08:45:08] [INFO] [MapEditorScene] Updated hoveredTilePanes 692,476
[2025-04-17 08:45:08] [INFO] [MapEditorScene] Updated hoveredTilePanes 693,476
[2025-04-17 08:45:08] [INFO] [MapEditorScene] Updated hoveredTilePanes 695,476
[2025-04-17 08:45:08] [INFO] [MapEditorScene] Updated hoveredTilePanes 696,476
[2025-04-17 08:45:08] [INFO] [MapEditorScene] Updated hoveredTilePanes 698,476
[2025-04-17 08:45:08] [INFO] [MapEditorScene] Updated hoveredTilePanes 700,476
[2025-04-17 08:45:08] [INFO] [MapEditorScene] Updated hoveredTilePanes 701,476
[2025-04-17 08:45:08] [INFO] [MapEditorScene] Updated hoveredTilePanes 703,475
[2025-04-17 08:45:08] [INFO] [MapEditorScene] Updated hoveredTilePanes 704,475
[2025-04-17 08:45:08] [INFO] [MapEditorScene] Updated hoveredTilePanes 705,475
[2025-04-17 08:45:08] [INFO] [MapEditorScene] Updated hoveredTilePanes 706,475
[2025-04-17 08:45:08] [INFO] [MapEditorScene] Updated hoveredTilePanes 707,475
[2025-04-17 08:45:08] [INFO] [MapEditorScene] Updated hoveredTilePanes 708,475
[2025-04-17 08:45:09] [INFO] [MapEditorScene] Updated hoveredTilePanes 705,475
[2025-04-17 08:45:09] [INFO] [MapEditorScene] Updated hoveredTilePanes 703,475
[2025-04-17 08:45:09] [INFO] [MapEditorScene] Updated hoveredTilePanes 700,475
[2025-04-17 08:45:09] [INFO] [MapEditorScene] Updated hoveredTilePanes 696,475
[2025-04-17 08:45:09] [INFO] [MapEditorScene] Updated hoveredTilePanes 692,475
[2025-04-17 08:45:09] [INFO] [MapEditorScene] Updated hoveredTilePanes 688,475
[2025-04-17 08:45:09] [INFO] [MapEditorScene] Updated hoveredTilePanes 685,475
[2025-04-17 08:45:09] [INFO] [MapEditorScene] Updated hoveredTilePanes 682,475
[2025-04-17 08:45:09] [INFO] [MapEditorScene] Updated hoveredTilePanes 679,475
[2025-04-17 08:45:09] [INFO] [MapEditorScene] Updated hoveredTilePanes 675,475
[2025-04-17 08:45:09] [INFO] [MapEditorScene] Updated hoveredTilePanes 672,475
[2025-04-17 08:45:09] [INFO] [MapEditorScene] Updated hoveredTilePanes 670,475
[2025-04-17 08:45:09] [INFO] [MapEditorScene] Updated hoveredTilePanes 668,475
[2025-04-17 08:45:09] [INFO] [MapEditorScene] Updated hoveredTilePanes 666,475
[2025-04-17 08:45:09] [INFO] [MapEditorScene] Updated hoveredTilePanes 664,475
[2025-04-17 08:45:09] [INFO] [MapEditorScene] Updated hoveredTilePanes 662,475
[2025-04-17 08:45:09] [INFO] [MapEditorScene] Updated hoveredTilePanes 660,475
[2025-04-17 08:45:09] [INFO] [MapEditorScene] Updated hoveredTilePanes 658,475
[2025-04-17 08:45:09] [INFO] [MapEditorScene] Updated hoveredTilePanes 657,475
[2025-04-17 08:45:09] [INFO] [MapEditorScene] Updated hoveredTilePanes 656,475
[2025-04-17 08:45:09] [INFO] [MapEditorScene] Updated hoveredTilePanes 654,475
[2025-04-17 08:45:09] [INFO] [MapEditorScene] Updated hoveredTilePanes 653,475
[2025-04-17 08:45:09] [INFO] [MapEditorScene] Updated hoveredTilePanes 652,475
[2025-04-17 08:45:09] [INFO] [MapEditorScene] Updated hoveredTilePanes 651,475
[2025-04-17 08:45:09] [INFO] [MapEditorScene] Updated hoveredTilePanes 650,475
[2025-04-17 08:45:09] [INFO] [MapEditorScene] Updated hoveredTilePanes 649,475
[2025-04-17 08:45:09] [INFO] [MapEditorScene] Updated hoveredTilePanes 648,475
[2025-04-17 08:45:09] [INFO] [MapEditorScene] Updated hoveredTilePanes 648,474
[2025-04-17 08:45:09] [INFO] [MapEditorScene] Updated hoveredTilePanes 647,474
[2025-04-17 08:45:09] [INFO] [MapEditorScene] Updated hoveredTilePanes 646,473
[2025-04-17 08:45:09] [INFO] [MapEditorScene] Updated hoveredTilePanes 645,473
[2025-04-17 08:45:09] [INFO] [MapEditorScene] Updated hoveredTilePanes 645,472
[2025-04-17 08:45:09] [INFO] [MapEditorScene] Updated hoveredTilePanes 644,472
[2025-04-17 08:45:10] [INFO] [MapEditorScene] Updated hoveredTilePanes 645,472
[2025-04-17 08:45:10] [INFO] [MapEditorScene] Updated hoveredTilePanes 649,472
[2025-04-17 08:45:10] [INFO] [MapEditorScene] Updated hoveredTilePanes 658,472
[2025-04-17 08:45:10] [INFO] [MapEditorScene] Updated hoveredTilePanes 661,472
[2025-04-17 08:45:10] [INFO] [MapEditorScene] Updated hoveredTilePanes 675,472
[2025-04-17 08:45:10] [INFO] [MapEditorScene] Updated hoveredTilePanes 678,472
[2025-04-17 08:45:10] [INFO] [MapEditorScene] Updated hoveredTilePanes 685,472
[2025-04-17 08:45:10] [INFO] [MapEditorScene] Updated hoveredTilePanes 691,472
[2025-04-17 08:45:10] [INFO] [MapEditorScene] Updated hoveredTilePanes 696,472
[2025-04-17 08:45:10] [INFO] [MapEditorScene] Updated hoveredTilePanes 701,472
[2025-04-17 08:45:10] [INFO] [MapEditorScene] Updated hoveredTilePanes 706,472
[2025-04-17 08:45:10] [INFO] [MapEditorScene] Updated hoveredTilePanes 709,472
[2025-04-17 08:45:10] [INFO] [MapEditorScene] Updated hoveredTilePanes 711,472
[2025-04-17 08:45:10] [INFO] [MapEditorScene] Updated hoveredTilePanes 713,472
[2025-04-17 08:45:10] [INFO] [MapEditorScene] Updated hoveredTilePanes 715,472
[2025-04-17 08:45:10] [INFO] [MapEditorScene] Updated hoveredTilePanes 716,472
[2025-04-17 08:45:10] [INFO] [MapEditorScene] Updated hoveredTilePanes 718,472
[2025-04-17 08:45:10] [INFO] [MapEditorScene] Updated hoveredTilePanes 719,472
[2025-04-17 08:45:10] [INFO] [MapEditorScene] Updated hoveredTilePanes 719,473
[2025-04-17 08:45:10] [INFO] [MapEditorScene] Updated hoveredTilePanes 720,473
[2025-04-17 08:45:10] [INFO] [MapEditorScene] Updated hoveredTilePanes 721,473
[2025-04-17 08:45:10] [INFO] [MapEditorScene] Updated hoveredTilePanes 722,474
[2025-04-17 08:45:10] [INFO] [MapEditorScene] Updated hoveredTilePanes 722,475
[2025-04-17 08:45:10] [INFO] [MapEditorScene] Updated hoveredTilePanes 720,475
[2025-04-17 08:45:10] [INFO] [MapEditorScene] Updated hoveredTilePanes 719,476
[2025-04-17 08:45:10] [INFO] [MapEditorScene] Updated hoveredTilePanes 717,476
[2025-04-17 08:45:10] [INFO] [MapEditorScene] Updated hoveredTilePanes 715,477
[2025-04-17 08:45:10] [INFO] [MapEditorScene] Updated hoveredTilePanes 713,477
[2025-04-17 08:45:10] [INFO] [MapEditorScene] Updated hoveredTilePanes 711,477
[2025-04-17 08:45:10] [INFO] [MapEditorScene] Updated hoveredTilePanes 708,477
[2025-04-17 08:45:10] [INFO] [MapEditorScene] Updated hoveredTilePanes 705,478
[2025-04-17 08:45:10] [INFO] [MapEditorScene] Updated hoveredTilePanes 702,478
[2025-04-17 08:45:10] [INFO] [MapEditorScene] Updated hoveredTilePanes 698,478
[2025-04-17 08:45:10] [INFO] [MapEditorScene] Updated hoveredTilePanes 694,478
[2025-04-17 08:45:10] [INFO] [MapEditorScene] Updated hoveredTilePanes 689,478
[2025-04-17 08:45:10] [INFO] [MapEditorScene] Updated hoveredTilePanes 686,478
[2025-04-17 08:45:10] [INFO] [MapEditorScene] Updated hoveredTilePanes 681,478
[2025-04-17 08:45:10] [INFO] [MapEditorScene] Updated hoveredTilePanes 678,478
[2025-04-17 08:45:10] [INFO] [MapEditorScene] Updated hoveredTilePanes 673,478
[2025-04-17 08:45:10] [INFO] [MapEditorScene] Updated hoveredTilePanes 670,478
[2025-04-17 08:45:10] [INFO] [MapEditorScene] Updated hoveredTilePanes 666,478
[2025-04-17 08:45:10] [INFO] [MapEditorScene] Updated hoveredTilePanes 664,478
[2025-04-17 08:45:10] [INFO] [MapEditorScene] Updated hoveredTilePanes 661,478
[2025-04-17 08:45:10] [INFO] [MapEditorScene] Updated hoveredTilePanes 659,478
[2025-04-17 08:45:10] [INFO] [MapEditorScene] Updated hoveredTilePanes 658,478
[2025-04-17 08:45:10] [INFO] [MapEditorScene] Updated hoveredTilePanes 656,478
[2025-04-17 08:45:10] [INFO] [MapEditorScene] Updated hoveredTilePanes 655,477
[2025-04-17 08:45:10] [INFO] [MapEditorScene] Updated hoveredTilePanes 654,477
[2025-04-17 08:45:10] [INFO] [MapEditorScene] Updated hoveredTilePanes 653,477
[2025-04-17 08:45:10] [INFO] [MapEditorScene] Updated hoveredTilePanes 652,477
[2025-04-17 08:45:10] [INFO] [MapEditorScene] Updated hoveredTilePanes 651,477
[2025-04-17 08:45:10] [INFO] [MapEditorScene] Updated hoveredTilePanes 650,477
[2025-04-17 08:45:10] [INFO] [MapEditorScene] Updated hoveredTilePanes 649,476
[2025-04-17 08:45:11] [INFO] [MapEditorScene] Updated hoveredTilePanes 648,476
[2025-04-17 08:45:11] [INFO] [MapEditorScene] Updated hoveredTilePanes 647,476
[2025-04-17 08:45:11] [INFO] [MapEditorScene] Updated hoveredTilePanes 647,475
[2025-04-17 08:45:11] [INFO] [MapEditorScene] Updated hoveredTilePanes 648,475
[2025-04-17 08:45:11] [INFO] [MapEditorScene] Updated hoveredTilePanes 649,475
[2025-04-17 08:45:11] [INFO] [MapEditorScene] Updated hoveredTilePanes 650,475
[2025-04-17 08:45:11] [INFO] [MapEditorScene] Updated hoveredTilePanes 652,475
[2025-04-17 08:45:11] [INFO] [MapEditorScene] Updated hoveredTilePanes 654,475
[2025-04-17 08:45:11] [INFO] [MapEditorScene] Updated hoveredTilePanes 656,475
[2025-04-17 08:45:11] [INFO] [MapEditorScene] Updated hoveredTilePanes 660,475
[2025-04-17 08:45:11] [INFO] [MapEditorScene] Updated hoveredTilePanes 663,475
[2025-04-17 08:45:11] [INFO] [MapEditorScene] Updated hoveredTilePanes 668,474
[2025-04-17 08:45:11] [INFO] [MapEditorScene] Updated hoveredTilePanes 671,474
[2025-04-17 08:45:11] [INFO] [MapEditorScene] Updated hoveredTilePanes 676,473
[2025-04-17 08:45:11] [INFO] [MapEditorScene] Updated hoveredTilePanes 680,472
[2025-04-17 08:45:11] [INFO] [MapEditorScene] Updated hoveredTilePanes 685,472
[2025-04-17 08:45:11] [INFO] [MapEditorScene] Updated hoveredTilePanes 688,471
[2025-04-17 08:45:11] [INFO] [MapEditorScene] Updated hoveredTilePanes 696,471
[2025-04-17 08:45:11] [INFO] [MapEditorScene] Updated hoveredTilePanes 700,470
[2025-04-17 08:45:11] [INFO] [MapEditorScene] Updated hoveredTilePanes 702,470
[2025-04-17 08:45:11] [INFO] [MapEditorScene] Updated hoveredTilePanes 705,470
[2025-04-17 08:45:11] [INFO] [MapEditorScene] Updated hoveredTilePanes 707,470
[2025-04-17 08:45:11] [INFO] [MapEditorScene] Updated hoveredTilePanes 708,469
[2025-04-17 08:45:11] [INFO] [MapEditorScene] Updated hoveredTilePanes 709,469
[2025-04-17 08:45:11] [INFO] [MapEditorScene] Updated hoveredTilePanes 710,469
[2025-04-17 08:45:11] [INFO] [MapEditorScene] Updated hoveredTilePanes 711,469
[2025-04-17 08:45:11] [INFO] [MapEditorScene] Updated hoveredTilePanes 712,469
[2025-04-17 08:45:11] [INFO] [MapEditorScene] Updated hoveredTilePanes 713,469
[2025-04-17 08:45:11] [INFO] [MapEditorScene] Updated hoveredTilePanes 714,469
[2025-04-17 08:45:11] [INFO] [MapEditorScene] Updated hoveredTilePanes 715,469
[2025-04-17 08:45:11] [INFO] [MapEditorScene] Updated hoveredTilePanes 715,470
[2025-04-17 08:45:11] [INFO] [MapEditorScene] Updated hoveredTilePanes 714,471
[2025-04-17 08:45:11] [INFO] [MapEditorScene] Updated hoveredTilePanes 713,472
[2025-04-17 08:45:11] [INFO] [MapEditorScene] Updated hoveredTilePanes 712,472
[2025-04-17 08:45:11] [INFO] [MapEditorScene] Updated hoveredTilePanes 712,473
[2025-04-17 08:45:11] [INFO] [MapEditorScene] Updated hoveredTilePanes 711,473
[2025-04-17 08:45:11] [INFO] [MapEditorScene] Updated hoveredTilePanes 710,474
[2025-04-17 08:45:11] [INFO] [MapEditorScene] Updated hoveredTilePanes 708,474
[2025-04-17 08:45:11] [INFO] [MapEditorScene] Updated hoveredTilePanes 707,475
[2025-04-17 08:45:11] [INFO] [MapEditorScene] Updated hoveredTilePanes 705,476
[2025-04-17 08:45:11] [INFO] [MapEditorScene] Updated hoveredTilePanes 703,476
[2025-04-17 08:45:11] [INFO] [MapEditorScene] Updated hoveredTilePanes 700,476
[2025-04-17 08:45:11] [INFO] [MapEditorScene] Updated hoveredTilePanes 697,476
[2025-04-17 08:45:11] [INFO] [MapEditorScene] Updated hoveredTilePanes 694,477
[2025-04-17 08:45:11] [INFO] [MapEditorScene] Updated hoveredTilePanes 689,477
[2025-04-17 08:45:11] [INFO] [MapEditorScene] Updated hoveredTilePanes 686,477
[2025-04-17 08:45:11] [INFO] [MapEditorScene] Updated hoveredTilePanes 681,477
[2025-04-17 08:45:11] [INFO] [MapEditorScene] Updated hoveredTilePanes 676,477
[2025-04-17 08:45:11] [INFO] [MapEditorScene] Updated hoveredTilePanes 671,477
[2025-04-17 08:45:11] [INFO] [MapEditorScene] Updated hoveredTilePanes 668,477
[2025-04-17 08:45:12] [INFO] [MapEditorScene] Updated hoveredTilePanes 665,477
[2025-04-17 08:45:12] [INFO] [MapEditorScene] Updated hoveredTilePanes 661,477
[2025-04-17 08:45:12] [INFO] [MapEditorScene] Updated hoveredTilePanes 659,477
[2025-04-17 08:45:12] [INFO] [MapEditorScene] Updated hoveredTilePanes 657,477
[2025-04-17 08:45:12] [INFO] [MapEditorScene] Updated hoveredTilePanes 655,477
[2025-04-17 08:45:12] [INFO] [MapEditorScene] Updated hoveredTilePanes 654,477
[2025-04-17 08:45:12] [INFO] [MapEditorScene] Updated hoveredTilePanes 653,477
[2025-04-17 08:45:12] [INFO] [MapEditorScene] Updated hoveredTilePanes 652,477
[2025-04-17 08:45:12] [INFO] [MapEditorScene] Updated hoveredTilePanes 651,477
[2025-04-17 08:45:12] [INFO] [MapEditorScene] Updated hoveredTilePanes 650,476
[2025-04-17 08:45:12] [INFO] [MapEditorScene] Updated hoveredTilePanes 649,476
[2025-04-17 08:45:12] [INFO] [MapEditorScene] Updated hoveredTilePanes 648,476
[2025-04-17 08:45:12] [INFO] [MapEditorScene] Updated hoveredTilePanes 647,476
[2025-04-17 08:45:12] [INFO] [MapEditorScene] Updated hoveredTilePanes 646,476
[2025-04-17 08:45:12] [INFO] [MapEditorScene] Updated hoveredTilePanes 647,476
[2025-04-17 08:45:12] [INFO] [MapEditorScene] Updated hoveredTilePanes 648,476
[2025-04-17 08:45:12] [INFO] [MapEditorScene] Updated hoveredTilePanes 650,476
[2025-04-17 08:45:12] [INFO] [MapEditorScene] Updated hoveredTilePanes 652,476
[2025-04-17 08:45:12] [INFO] [MapEditorScene] Updated hoveredTilePanes 655,475
[2025-04-17 08:45:12] [INFO] [MapEditorScene] Updated hoveredTilePanes 657,475
[2025-04-17 08:45:12] [INFO] [MapEditorScene] Updated hoveredTilePanes 660,475
[2025-04-17 08:45:12] [INFO] [MapEditorScene] Updated hoveredTilePanes 665,475
[2025-04-17 08:45:12] [INFO] [MapEditorScene] Updated hoveredTilePanes 668,475
[2025-04-17 08:45:12] [INFO] [MapEditorScene] Updated hoveredTilePanes 671,475
[2025-04-17 08:45:12] [INFO] [MapEditorScene] Updated hoveredTilePanes 676,475
[2025-04-17 08:45:12] [INFO] [MapEditorScene] Updated hoveredTilePanes 679,475
[2025-04-17 08:45:12] [INFO] [MapEditorScene] Updated hoveredTilePanes 683,475
[2025-04-17 08:45:12] [INFO] [MapEditorScene] Updated hoveredTilePanes 686,475
[2025-04-17 08:45:12] [INFO] [MapEditorScene] Updated hoveredTilePanes 689,475
[2025-04-17 08:45:12] [INFO] [MapEditorScene] Updated hoveredTilePanes 691,476
[2025-04-17 08:45:12] [INFO] [MapEditorScene] Updated hoveredTilePanes 693,476
[2025-04-17 08:45:12] [INFO] [MapEditorScene] Updated hoveredTilePanes 696,477
[2025-04-17 08:45:12] [INFO] [MapEditorScene] Updated hoveredTilePanes 697,477
[2025-04-17 08:45:12] [INFO] [MapEditorScene] Updated hoveredTilePanes 699,477
[2025-04-17 08:45:12] [INFO] [MapEditorScene] Updated hoveredTilePanes 701,477
[2025-04-17 08:45:12] [INFO] [MapEditorScene] Updated hoveredTilePanes 703,478
[2025-04-17 08:45:12] [INFO] [MapEditorScene] Updated hoveredTilePanes 705,478
[2025-04-17 08:45:12] [INFO] [MapEditorScene] Updated hoveredTilePanes 706,478
[2025-04-17 08:45:12] [INFO] [MapEditorScene] Updated hoveredTilePanes 707,478
[2025-04-17 08:45:12] [INFO] [MapEditorScene] Updated hoveredTilePanes 708,479
[2025-04-17 08:45:12] [INFO] [MapEditorScene] Updated hoveredTilePanes 709,479
[2025-04-17 08:45:12] [INFO] [MapEditorScene] Updated hoveredTilePanes 710,479
[2025-04-17 08:45:12] [INFO] [MapEditorScene] Updated hoveredTilePanes 711,479
[2025-04-17 08:45:12] [INFO] [MapEditorScene] Updated hoveredTilePanes 711,480
[2025-04-17 08:45:12] [INFO] [MapEditorScene] Updated hoveredTilePanes 712,480
[2025-04-17 08:45:12] [INFO] [MapEditorScene] Updated hoveredTilePanes 713,480
[2025-04-17 08:45:12] [INFO] [MapEditorScene] Updated hoveredTilePanes 712,481
[2025-04-17 08:45:12] [INFO] [MapEditorScene] Updated hoveredTilePanes 711,481
[2025-04-17 08:45:13] [INFO] [MapEditorScene] Updated hoveredTilePanes 709,481
[2025-04-17 08:45:13] [INFO] [MapEditorScene] Updated hoveredTilePanes 708,481
[2025-04-17 08:45:13] [INFO] [MapEditorScene] Updated hoveredTilePanes 705,481
[2025-04-17 08:45:13] [INFO] [MapEditorScene] Updated hoveredTilePanes 703,482
[2025-04-17 08:45:13] [INFO] [MapEditorScene] Updated hoveredTilePanes 699,482
[2025-04-17 08:45:13] [INFO] [MapEditorScene] Updated hoveredTilePanes 696,482
[2025-04-17 08:45:13] [INFO] [MapEditorScene] Updated hoveredTilePanes 693,482
[2025-04-17 08:45:13] [INFO] [MapEditorScene] Updated hoveredTilePanes 690,482
[2025-04-17 08:45:13] [INFO] [MapEditorScene] Updated hoveredTilePanes 686,482
[2025-04-17 08:45:13] [INFO] [MapEditorScene] Updated hoveredTilePanes 683,482
[2025-04-17 08:45:13] [INFO] [MapEditorScene] Updated hoveredTilePanes 680,482
[2025-04-17 08:45:13] [INFO] [MapEditorScene] Updated hoveredTilePanes 677,482
[2025-04-17 08:45:13] [INFO] [MapEditorScene] Updated hoveredTilePanes 675,482
[2025-04-17 08:45:13] [INFO] [MapEditorScene] Updated hoveredTilePanes 671,482
[2025-04-17 08:45:13] [INFO] [MapEditorScene] Updated hoveredTilePanes 669,482
[2025-04-17 08:45:13] [INFO] [MapEditorScene] Updated hoveredTilePanes 667,481
[2025-04-17 08:45:13] [INFO] [MapEditorScene] Updated hoveredTilePanes 665,481
[2025-04-17 08:45:13] [INFO] [MapEditorScene] Updated hoveredTilePanes 664,481
[2025-04-17 08:45:13] [INFO] [MapEditorScene] Updated hoveredTilePanes 663,480
[2025-04-17 08:45:13] [INFO] [MapEditorScene] Updated hoveredTilePanes 662,480
[2025-04-17 08:45:13] [INFO] [MapEditorScene] Updated hoveredTilePanes 661,480
[2025-04-17 08:45:13] [INFO] [MapEditorScene] Updated hoveredTilePanes 660,480
[2025-04-17 08:45:13] [INFO] [MapEditorScene] Updated hoveredTilePanes 660,479
[2025-04-17 08:45:13] [INFO] [MapEditorScene] Updated hoveredTilePanes 659,479
[2025-04-17 08:45:13] [INFO] [MapEditorScene] Updated hoveredTilePanes 658,479
[2025-04-17 08:45:13] [INFO] [MapEditorScene] Updated hoveredTilePanes 658,478
[2025-04-17 08:45:13] [INFO] [MapEditorScene] Updated hoveredTilePanes 657,478
[2025-04-17 08:45:13] [INFO] [MapEditorScene] Updated hoveredTilePanes 656,478
[2025-04-17 08:45:13] [INFO] [MapEditorScene] Updated hoveredTilePanes 655,478
[2025-04-17 08:45:39] [INFO] [MapEditorScene] Updated hoveredTilePanes 655,477
[2025-04-17 08:45:39] [INFO] [MapEditorScene] Updated hoveredTilePanes 655,476
[2025-04-17 08:45:39] [INFO] [MapEditorScene] Updated hoveredTilePanes 655,475
[2025-04-17 08:45:39] [INFO] [MapEditorScene] Updated hoveredTilePanes 654,475
[2025-04-17 08:45:39] [INFO] [MapEditorScene] Updated hoveredTilePanes 654,474
[2025-04-17 08:45:40] [INFO] [MapEditorScene] Updated hoveredTilePanes 655,474
[2025-04-17 08:45:40] [INFO] [MapEditorScene] Updated hoveredTilePanes 656,474
[2025-04-17 08:45:40] [INFO] [MapEditorScene] Updated hoveredTilePanes 657,474
[2025-04-17 08:45:40] [INFO] [MapEditorScene] Updated hoveredTilePanes 658,475
[2025-04-17 08:45:40] [INFO] [MapEditorScene] Updated hoveredTilePanes 659,475
[2025-04-17 08:45:40] [INFO] [MapEditorScene] Updated hoveredTilePanes 660,475
[2025-04-17 08:45:40] [INFO] [MapEditorScene] Updated hoveredTilePanes 661,475
[2025-04-17 08:45:40] [INFO] [MapEditorScene] Updated hoveredTilePanes 662,475
[2025-04-17 08:45:40] [INFO] [MapEditorScene] Updated hoveredTilePanes 663,475
[2025-04-17 08:45:40] [INFO] [MapEditorScene] Updated hoveredTilePanes 665,475
[2025-04-17 08:45:40] [INFO] [MapEditorScene] Updated hoveredTilePanes 667,475
[2025-04-17 08:45:40] [INFO] [MapEditorScene] Updated hoveredTilePanes 669,475
[2025-04-17 08:45:40] [INFO] [MapEditorScene] Updated hoveredTilePanes 670,475
[2025-04-17 08:45:40] [INFO] [MapEditorScene] Updated hoveredTilePanes 672,475
[2025-04-17 08:45:40] [INFO] [MapEditorScene] Updated hoveredTilePanes 674,475
[2025-04-17 08:45:40] [INFO] [MapEditorScene] Updated hoveredTilePanes 676,475
[2025-04-17 08:45:40] [INFO] [MapEditorScene] Updated hoveredTilePanes 678,475
[2025-04-17 08:45:40] [INFO] [MapEditorScene] Updated hoveredTilePanes 679,475
[2025-04-17 08:45:40] [INFO] [MapEditorScene] Updated hoveredTilePanes 680,475
[2025-04-17 08:45:40] [INFO] [MapEditorScene] Updated hoveredTilePanes 681,475
[2025-04-17 08:45:40] [INFO] [MapEditorScene] Updated hoveredTilePanes 682,475
[2025-04-17 08:45:40] [INFO] [MapEditorScene] Updated hoveredTilePanes 683,475
[2025-04-17 08:45:40] [INFO] [MapEditorScene] Updated hoveredTilePanes 684,475
[2025-04-17 08:45:40] [INFO] [MapEditorScene] Updated hoveredTilePanes 684,476
[2025-04-17 08:45:40] [INFO] [MapEditorScene] Updated hoveredTilePanes 684,477
[2025-04-17 08:45:40] [INFO] [MapEditorScene] Updated hoveredTilePanes 684,480
[2025-04-17 08:45:40] [INFO] [MapEditorScene] Updated hoveredTilePanes 684,483
[2025-04-17 08:45:40] [INFO] [MapEditorScene] Updated hoveredTilePanes 684,487
[2025-04-17 08:45:40] [INFO] [MapEditorScene] Updated hoveredTilePanes 682,493
[2025-04-17 08:45:40] [INFO] [MapEditorScene] Updated hoveredTilePanes 670,507
[2025-04-17 08:45:40] [INFO] [MapEditorScene] Updated hoveredTilePanes 664,513
[2025-04-17 08:45:40] [INFO] [MapEditorScene] Updated hoveredTilePanes 649,528
[2025-04-17 08:45:40] [INFO] [MapEditorScene] Updated hoveredTilePanes 635,542
[2025-04-17 08:45:40] [INFO] [MapEditorScene] Updated hoveredTilePanes 617,558
[2025-04-17 08:45:40] [INFO] [MapEditorScene] Updated hoveredTilePanes 599,574
[2025-04-17 08:45:41] [INFO] [MapEditorScene] Updated hoveredTilePanes 581,590
[2025-04-17 08:45:41] [INFO] [MapEditorScene] Updated hoveredTilePanes 563,606
[2025-04-17 08:45:41] [INFO] [MapEditorScene] Updated hoveredTilePanes 543,622
[2025-04-17 08:45:41] [INFO] [MapEditorScene] Updated hoveredTilePanes 527,635
[2025-04-17 08:45:41] [INFO] [MapEditorScene] Updated hoveredTilePanes 510,648
[2025-04-17 08:45:41] [INFO] [MapEditorScene] Updated hoveredTilePanes 494,660
[2025-04-17 08:45:41] [INFO] [MapEditorScene] Updated hoveredTilePanes 480,672
[2025-04-17 08:45:41] [INFO] [MapEditorScene] Updated hoveredTilePanes 469,683
[2025-04-17 08:45:41] [INFO] [MapEditorScene] Updated hoveredTilePanes 459,692
[2025-04-17 08:45:41] [INFO] [MapEditorScene] Updated hoveredTilePanes 448,702
[2025-04-17 08:45:41] [INFO] [MapEditorScene] Updated hoveredTilePanes 439,710
[2025-04-17 08:45:41] [INFO] [MapEditorScene] Updated hoveredTilePanes 430,717
[2025-04-17 08:45:41] [INFO] [MapEditorScene] Updated hoveredTilePanes 427,721
[2025-04-17 08:45:41] [INFO] [MapEditorScene] Updated hoveredTilePanes 410,734
[2025-04-17 08:45:41] [INFO] [MapEditorScene] Updated hoveredTilePanes 404,740
[2025-04-17 08:45:41] [INFO] [MapEditorScene] Updated hoveredTilePanes 396,745
[2025-04-17 08:45:41] [INFO] [MapEditorScene] Updated hoveredTilePanes 389,751
[2025-04-17 08:45:41] [INFO] [MapEditorScene] Updated hoveredTilePanes 381,756
[2025-04-17 08:45:41] [INFO] [MapEditorScene] Updated hoveredTilePanes 374,762
[2025-04-17 08:45:41] [INFO] [MapEditorScene] Updated hoveredTilePanes 368,767
[2025-04-17 08:45:41] [INFO] [MapEditorScene] Updated hoveredTilePanes 365,770
[2025-04-17 08:45:41] [INFO] [MapEditorScene] Updated hoveredTilePanes 359,774
[2025-04-17 08:45:41] [INFO] [MapEditorScene] Updated hoveredTilePanes 353,780
[2025-04-17 08:45:41] [INFO] [MapEditorScene] Updated hoveredTilePanes 344,789
[2025-04-17 08:45:41] [INFO] [MapEditorScene] Updated hoveredTilePanes 342,791
[2025-04-17 08:45:41] [INFO] [MapEditorScene] Updated hoveredTilePanes 336,796
[2025-04-17 08:45:41] [INFO] [MapEditorScene] Updated hoveredTilePanes 333,799
[2025-04-17 08:45:41] [INFO] [MapEditorScene] Updated hoveredTilePanes 327,804
[2025-04-17 08:45:41] [INFO] [MapEditorScene] Updated hoveredTilePanes 319,812
[2025-04-17 08:45:41] [INFO] [MapEditorScene] Updated hoveredTilePanes 311,817
[2025-04-17 08:45:41] [INFO] [MapEditorScene] Updated hoveredTilePanes 309,819
[2025-04-17 08:45:41] [INFO] [MapEditorScene] Updated hoveredTilePanes 299,825
[2025-04-17 08:45:41] [INFO] [MapEditorScene] Updated hoveredTilePanes 293,829
[2025-04-17 08:45:41] [INFO] [MapEditorScene] Updated hoveredTilePanes 289,830
[2025-04-17 08:45:41] [INFO] [MapEditorScene] Updated hoveredTilePanes 283,834
[2025-04-17 08:45:41] [INFO] [MapEditorScene] Updated hoveredTilePanes 277,838
[2025-04-17 08:45:41] [INFO] [MapEditorScene] Updated hoveredTilePanes 271,840
[2025-04-17 08:45:41] [INFO] [MapEditorScene] Updated hoveredTilePanes 266,843
[2025-04-17 08:45:41] [INFO] [MapEditorScene] Updated hoveredTilePanes 261,846
[2025-04-17 08:45:41] [INFO] [MapEditorScene] Updated hoveredTilePanes 256,848
[2025-04-17 08:45:41] [INFO] [MapEditorScene] Updated hoveredTilePanes 253,851
[2025-04-17 08:45:41] [INFO] [MapEditorScene] Updated hoveredTilePanes 248,853
[2025-04-17 08:45:41] [INFO] [SelectedTilePanel] Checksum updated, getting units at selected tiles.
[2025-04-17 08:45:41] [INFO] [SelectedTilePanel] Either no unit selected or more than one unit selected
[2025-04-17 08:45:42] [INFO] [MapEditorScene] Updated hoveredTilePanes 248,828
[2025-04-17 08:45:42] [INFO] [MapEditorScene] Updated hoveredTilePanes 252,826
[2025-04-17 08:45:42] [INFO] [MapEditorScene] Updated hoveredTilePanes 255,825
[2025-04-17 08:45:42] [INFO] [MapEditorScene] Updated hoveredTilePanes 258,823
[2025-04-17 08:45:42] [INFO] [MapEditorScene] Updated hoveredTilePanes 265,820
[2025-04-17 08:45:42] [INFO] [MapEditorScene] Updated hoveredTilePanes 267,818
[2025-04-17 08:45:42] [INFO] [MapEditorScene] Updated hoveredTilePanes 271,817
[2025-04-17 08:45:42] [INFO] [MapEditorScene] Updated hoveredTilePanes 278,814
[2025-04-17 08:45:42] [INFO] [MapEditorScene] Updated hoveredTilePanes 283,812
[2025-04-17 08:45:42] [INFO] [MapEditorScene] Updated hoveredTilePanes 288,811
[2025-04-17 08:45:42] [INFO] [MapEditorScene] Updated hoveredTilePanes 294,808
[2025-04-17 08:45:42] [INFO] [MapEditorScene] Updated hoveredTilePanes 299,807
[2025-04-17 08:45:42] [INFO] [MapEditorScene] Updated hoveredTilePanes 304,805
[2025-04-17 08:45:42] [INFO] [MapEditorScene] Updated hoveredTilePanes 309,804
[2025-04-17 08:45:42] [INFO] [MapEditorScene] Updated hoveredTilePanes 313,803
[2025-04-17 08:45:42] [INFO] [MapEditorScene] Updated hoveredTilePanes 317,802
[2025-04-17 08:45:42] [INFO] [MapEditorScene] Updated hoveredTilePanes 322,800
[2025-04-17 08:45:42] [INFO] [MapEditorScene] Updated hoveredTilePanes 325,798
[2025-04-17 08:45:42] [INFO] [MapEditorScene] Updated hoveredTilePanes 330,796
[2025-04-17 08:45:42] [INFO] [MapEditorScene] Updated hoveredTilePanes 334,795
[2025-04-17 08:45:42] [INFO] [MapEditorScene] Updated hoveredTilePanes 339,792
[2025-04-17 08:45:42] [INFO] [MapEditorScene] Updated hoveredTilePanes 348,790
[2025-04-17 08:45:42] [INFO] [MapEditorScene] Updated hoveredTilePanes 350,789
[2025-04-17 08:45:42] [INFO] [MapEditorScene] Updated hoveredTilePanes 356,786
[2025-04-17 08:45:42] [INFO] [MapEditorScene] Updated hoveredTilePanes 360,785
[2025-04-17 08:45:42] [INFO] [MapEditorScene] Updated hoveredTilePanes 365,783
[2025-04-17 08:45:42] [INFO] [MapEditorScene] Updated hoveredTilePanes 368,781
[2025-04-17 08:45:42] [INFO] [MapEditorScene] Updated hoveredTilePanes 370,781
[2025-04-17 08:45:42] [INFO] [MapEditorScene] Updated hoveredTilePanes 372,779
[2025-04-17 08:45:42] [INFO] [MapEditorScene] Updated hoveredTilePanes 374,779
[2025-04-17 08:45:42] [INFO] [MapEditorScene] Updated hoveredTilePanes 374,778
[2025-04-17 08:45:42] [INFO] [MapEditorScene] Updated hoveredTilePanes 375,778
[2025-04-17 08:45:42] [INFO] [MapEditorScene] Updated hoveredTilePanes 376,778
[2025-04-17 08:45:43] [INFO] [MapEditorScene] Updated hoveredTilePanes 377,777
[2025-04-17 08:45:43] [INFO] [MapEditorScene] Updated hoveredTilePanes 377,776
[2025-04-17 08:45:43] [INFO] [MapEditorScene] Updated hoveredTilePanes 378,776
[2025-04-17 08:45:43] [INFO] [MapEditorScene] Updated hoveredTilePanes 378,775
[2025-04-17 08:45:43] [INFO] [SelectedTilePanel] Checksum updated, getting units at selected tiles.
[2025-04-17 08:45:43] [INFO] [SelectedTilePanel] Either no unit selected or more than one unit selected
[2025-04-17 08:45:43] [INFO] [MapEditorScene] Updated hoveredTilePanes 379,775
[2025-04-17 08:45:43] [INFO] [MapEditorScene] Updated hoveredTilePanes 382,775
[2025-04-17 08:45:43] [INFO] [MapEditorScene] Updated hoveredTilePanes 388,775
[2025-04-17 08:45:43] [INFO] [MapEditorScene] Updated hoveredTilePanes 400,775
[2025-04-17 08:45:43] [INFO] [MapEditorScene] Updated hoveredTilePanes 413,775
[2025-04-17 08:45:43] [INFO] [MapEditorScene] Updated hoveredTilePanes 427,774
[2025-04-17 08:45:43] [INFO] [MapEditorScene] Updated hoveredTilePanes 448,776
[2025-04-17 08:45:43] [INFO] [MapEditorScene] Updated hoveredTilePanes 465,781
[2025-04-17 08:45:43] [INFO] [MapEditorScene] Updated hoveredTilePanes 488,785
[2025-04-17 08:45:43] [INFO] [MapEditorScene] Updated hoveredTilePanes 505,788
[2025-04-17 08:45:43] [INFO] [MapEditorScene] Updated hoveredTilePanes 526,794
[2025-04-17 08:45:43] [INFO] [MapEditorScene] Updated hoveredTilePanes 549,798
[2025-04-17 08:45:43] [INFO] [MapEditorScene] Updated hoveredTilePanes 573,802
[2025-04-17 08:45:43] [INFO] [MapEditorScene] Updated hoveredTilePanes 590,805
[2025-04-17 08:45:43] [INFO] [MapEditorScene] Updated hoveredTilePanes 607,810
[2025-04-17 08:45:43] [INFO] [MapEditorScene] Updated hoveredTilePanes 614,811
[2025-04-17 08:45:43] [INFO] [MapEditorScene] Updated hoveredTilePanes 625,814
[2025-04-17 08:45:43] [INFO] [MapEditorScene] Updated hoveredTilePanes 634,818
[2025-04-17 08:45:43] [INFO] [MapEditorScene] Updated hoveredTilePanes 639,820
[2025-04-17 08:45:44] [INFO] [MapEditorScene] Updated hoveredTilePanes 645,816
[2025-04-17 08:45:44] [INFO] [MapEditorScene] Updated hoveredTilePanes 655,811
[2025-04-17 08:45:44] [INFO] [MapEditorScene] Updated hoveredTilePanes 681,798
[2025-04-17 08:45:44] [INFO] [MapEditorScene] Updated hoveredTilePanes 690,792
[2025-04-17 08:45:44] [INFO] [MapEditorScene] Updated hoveredTilePanes 712,780
[2025-04-17 08:45:44] [INFO] [MapEditorScene] Updated hoveredTilePanes 753,758
[2025-04-17 08:45:44] [INFO] [MapEditorScene] Updated hoveredTilePanes 779,746
[2025-04-17 08:45:44] [INFO] [MapEditorScene] Updated hoveredTilePanes 818,727
[2025-04-17 08:45:44] [INFO] [MapEditorScene] Updated hoveredTilePanes 852,713
[2025-04-17 08:45:44] [INFO] [MapEditorScene] Updated hoveredTilePanes 886,696
[2025-04-17 08:45:44] [INFO] [MapEditorScene] Updated hoveredTilePanes 903,689
[2025-04-17 08:45:44] [INFO] [MapEditorScene] Updated hoveredTilePanes 929,676
[2025-04-17 08:45:44] [INFO] [MapEditorScene] Updated hoveredTilePanes 959,662
[2025-04-17 08:45:44] [INFO] [MapEditorScene] Updated hoveredTilePanes 981,652
[2025-04-17 08:45:44] [INFO] [MapEditorScene] Updated hoveredTilePanes 1006,640
[2025-04-17 08:45:44] [INFO] [MapEditorScene] Updated hoveredTilePanes 1028,630
[2025-04-17 08:45:44] [INFO] [MapEditorScene] Updated hoveredTilePanes 1047,620
[2025-04-17 08:45:44] [INFO] [MapEditorScene] Updated hoveredTilePanes 1064,614
[2025-04-17 08:45:44] [INFO] [MapEditorScene] Updated hoveredTilePanes 1068,611
[2025-04-17 08:45:44] [INFO] [MapEditorScene] Updated hoveredTilePanes 1080,605
[2025-04-17 08:45:44] [INFO] [MapEditorScene] Updated hoveredTilePanes 1089,600
[2025-04-17 08:45:44] [INFO] [MapEditorScene] Updated hoveredTilePanes 1096,596
[2025-04-17 08:45:44] [INFO] [MapEditorScene] Updated hoveredTilePanes 1103,593
[2025-04-17 08:45:44] [INFO] [MapEditorScene] Updated hoveredTilePanes 1107,590
[2025-04-17 08:45:44] [INFO] [MapEditorScene] Updated hoveredTilePanes 1112,588
[2025-04-17 08:45:44] [INFO] [MapEditorScene] Updated hoveredTilePanes 1117,585
[2025-04-17 08:45:44] [INFO] [MapEditorScene] Updated hoveredTilePanes 1120,584
[2025-04-17 08:45:50] [INFO] [MapEditorScene] Updated hoveredTilePanes 1109,274
[2025-04-17 08:45:50] [INFO] [MapEditorScene] Updated hoveredTilePanes 1086,291
[2025-04-17 08:45:50] [INFO] [MapEditorScene] Updated hoveredTilePanes 1060,312
[2025-04-17 08:45:50] [INFO] [MapEditorScene] Updated hoveredTilePanes 1035,333
[2025-04-17 08:45:50] [INFO] [MapEditorScene] Updated hoveredTilePanes 1012,350
[2025-04-17 08:45:50] [INFO] [MapEditorScene] Updated hoveredTilePanes 990,369
[2025-04-17 08:45:50] [INFO] [MapEditorScene] Updated hoveredTilePanes 970,383
[2025-04-17 08:45:50] [INFO] [MapEditorScene] Updated hoveredTilePanes 965,387
[2025-04-17 08:45:50] [INFO] [MapEditorScene] Updated hoveredTilePanes 951,397
[2025-04-17 08:45:50] [INFO] [MapEditorScene] Updated hoveredTilePanes 943,406
[2025-04-17 08:45:50] [INFO] [MapEditorScene] Updated hoveredTilePanes 935,411
[2025-04-17 08:45:50] [INFO] [MapEditorScene] Updated hoveredTilePanes 931,414
[2025-04-17 08:45:50] [INFO] [MapEditorScene] Updated hoveredTilePanes 928,416
[2025-04-17 08:45:50] [INFO] [MapEditorScene] Updated hoveredTilePanes 926,418
[2025-04-17 08:45:50] [INFO] [MapEditorScene] Updated hoveredTilePanes 925,418
[2025-04-17 08:45:50] [INFO] [MapEditorScene] Updated hoveredTilePanes 924,419
[2025-04-17 08:45:50] [INFO] [MapEditorScene] Updated hoveredTilePanes 925,419
[2025-04-17 08:45:50] [INFO] [MapEditorScene] Updated hoveredTilePanes 928,416
[2025-04-17 08:45:50] [INFO] [MapEditorScene] Updated hoveredTilePanes 930,415
[2025-04-17 08:45:50] [INFO] [MapEditorScene] Updated hoveredTilePanes 934,412
[2025-04-17 08:45:50] [INFO] [MapEditorScene] Updated hoveredTilePanes 939,411
[2025-04-17 08:45:50] [INFO] [MapEditorScene] Updated hoveredTilePanes 949,405
[2025-04-17 08:45:50] [INFO] [MapEditorScene] Updated hoveredTilePanes 954,401
[2025-04-17 08:45:50] [INFO] [MapEditorScene] Updated hoveredTilePanes 958,399
[2025-04-17 08:45:50] [INFO] [MapEditorScene] Updated hoveredTilePanes 962,396
[2025-04-17 08:45:50] [INFO] [MapEditorScene] Updated hoveredTilePanes 970,391
[2025-04-17 08:45:50] [INFO] [MapEditorScene] Updated hoveredTilePanes 975,388
[2025-04-17 08:45:50] [INFO] [MapEditorScene] Updated hoveredTilePanes 978,385
[2025-04-17 08:45:50] [INFO] [MapEditorScene] Updated hoveredTilePanes 982,382
[2025-04-17 08:45:50] [INFO] [MapEditorScene] Updated hoveredTilePanes 986,380
[2025-04-17 08:45:50] [INFO] [MapEditorScene] Updated hoveredTilePanes 988,378
[2025-04-17 08:45:50] [INFO] [MapEditorScene] Updated hoveredTilePanes 990,377
[2025-04-17 08:45:50] [INFO] [MapEditorScene] Updated hoveredTilePanes 992,376
[2025-04-17 08:45:50] [INFO] [MapEditorScene] Updated hoveredTilePanes 993,375
[2025-04-17 08:45:50] [INFO] [MapEditorScene] Updated hoveredTilePanes 994,374
[2025-04-17 08:45:51] [INFO] [MapEditorScene] Updated hoveredTilePanes 995,374
[2025-04-17 08:45:51] [INFO] [MapEditorScene] Updated hoveredTilePanes 996,373
[2025-04-17 08:45:51] [INFO] [MapEditorScene] Updated hoveredTilePanes 997,373
[2025-04-17 08:45:51] [INFO] [MapEditorScene] Updated hoveredTilePanes 997,372
[2025-04-17 08:45:51] [INFO] [MapEditorScene] Updated hoveredTilePanes 998,372
[2025-04-17 08:45:54] [INFO] [SelectedTilePanel] Checksum updated, getting units at selected tiles.
[2025-04-17 08:45:54] [INFO] [SelectedTilePanel] Either no unit selected or more than one unit selected
[2025-04-17 08:45:54] [INFO] [MapEditorScene] Updated hoveredTilePanes 323,211
[2025-04-17 08:45:56] [INFO] [MapEditorScene] Updated hoveredTilePanes 1123,528
[2025-04-17 08:45:56] [INFO] [MapEditorScene] Updated hoveredTilePanes 1120,530
[2025-04-17 08:45:56] [INFO] [MapEditorScene] Updated hoveredTilePanes 1117,530
[2025-04-17 08:45:56] [INFO] [MapEditorScene] Updated hoveredTilePanes 1114,531
[2025-04-17 08:45:56] [INFO] [MapEditorScene] Updated hoveredTilePanes 1110,532
[2025-04-17 08:45:56] [INFO] [MapEditorScene] Updated hoveredTilePanes 1107,533
[2025-04-17 08:45:56] [INFO] [MapEditorScene] Updated hoveredTilePanes 1104,533
[2025-04-17 08:45:56] [INFO] [MapEditorScene] Updated hoveredTilePanes 1102,533
[2025-04-17 08:45:56] [INFO] [MapEditorScene] Updated hoveredTilePanes 1100,533
[2025-04-17 08:45:56] [INFO] [MapEditorScene] Updated hoveredTilePanes 1097,533
[2025-04-17 08:45:56] [INFO] [MapEditorScene] Updated hoveredTilePanes 1096,533
[2025-04-17 08:45:56] [INFO] [MapEditorScene] Updated hoveredTilePanes 1094,533
[2025-04-17 08:45:56] [INFO] [MapEditorScene] Updated hoveredTilePanes 1092,532
[2025-04-17 08:45:56] [INFO] [MapEditorScene] Updated hoveredTilePanes 1090,530
[2025-04-17 08:45:56] [INFO] [MapEditorScene] Updated hoveredTilePanes 1088,528
[2025-04-17 08:45:56] [INFO] [MapEditorScene] Updated hoveredTilePanes 1086,526
[2025-04-17 08:45:56] [INFO] [MapEditorScene] Updated hoveredTilePanes 1083,523
[2025-04-17 08:45:56] [INFO] [MapEditorScene] Updated hoveredTilePanes 1080,519
[2025-04-17 08:45:56] [INFO] [MapEditorScene] Updated hoveredTilePanes 1078,515
[2025-04-17 08:45:56] [INFO] [MapEditorScene] Updated hoveredTilePanes 1073,507
[2025-04-17 08:45:56] [INFO] [MapEditorScene] Updated hoveredTilePanes 1071,504
[2025-04-17 08:45:56] [INFO] [MapEditorScene] Updated hoveredTilePanes 1064,494
[2025-04-17 08:45:56] [INFO] [MapEditorScene] Updated hoveredTilePanes 1060,489
[2025-04-17 08:45:56] [INFO] [MapEditorScene] Updated hoveredTilePanes 1054,479
[2025-04-17 08:45:56] [INFO] [MapEditorScene] Updated hoveredTilePanes 1049,471
[2025-04-17 08:45:56] [INFO] [MapEditorScene] Updated hoveredTilePanes 1042,462
[2025-04-17 08:45:56] [INFO] [MapEditorScene] Updated hoveredTilePanes 1037,454
[2025-04-17 08:45:56] [INFO] [MapEditorScene] Updated hoveredTilePanes 1028,443
[2025-04-17 08:45:56] [INFO] [MapEditorScene] Updated hoveredTilePanes 1021,433
[2025-04-17 08:45:56] [INFO] [MapEditorScene] Updated hoveredTilePanes 1012,425
[2025-04-17 08:45:56] [INFO] [MapEditorScene] Updated hoveredTilePanes 1006,418
[2025-04-17 08:45:56] [INFO] [MapEditorScene] Updated hoveredTilePanes 998,409
[2025-04-17 08:45:56] [INFO] [MapEditorScene] Updated hoveredTilePanes 994,406
[2025-04-17 08:45:56] [INFO] [MapEditorScene] Updated hoveredTilePanes 986,401
[2025-04-17 08:45:56] [INFO] [MapEditorScene] Updated hoveredTilePanes 979,396
[2025-04-17 08:45:56] [INFO] [MapEditorScene] Updated hoveredTilePanes 972,393
[2025-04-17 08:45:56] [INFO] [MapEditorScene] Updated hoveredTilePanes 966,391
[2025-04-17 08:45:56] [INFO] [MapEditorScene] Updated hoveredTilePanes 954,387
[2025-04-17 08:45:56] [INFO] [MapEditorScene] Updated hoveredTilePanes 946,387
[2025-04-17 08:45:56] [INFO] [MapEditorScene] Updated hoveredTilePanes 937,385
[2025-04-17 08:45:56] [INFO] [MapEditorScene] Updated hoveredTilePanes 930,385
[2025-04-17 08:45:57] [INFO] [MapEditorScene] Updated hoveredTilePanes 919,385
[2025-04-17 08:45:57] [INFO] [MapEditorScene] Updated hoveredTilePanes 916,385
[2025-04-17 08:45:57] [INFO] [MapEditorScene] Updated hoveredTilePanes 907,385
[2025-04-17 08:45:57] [INFO] [MapEditorScene] Updated hoveredTilePanes 901,385
[2025-04-17 08:45:57] [INFO] [MapEditorScene] Updated hoveredTilePanes 894,388
[2025-04-17 08:45:57] [INFO] [MapEditorScene] Updated hoveredTilePanes 889,389
[2025-04-17 08:45:57] [INFO] [MapEditorScene] Updated hoveredTilePanes 884,392
[2025-04-17 08:45:57] [INFO] [MapEditorScene] Updated hoveredTilePanes 880,395
[2025-04-17 08:45:57] [INFO] [MapEditorScene] Updated hoveredTilePanes 876,398
[2025-04-17 08:45:57] [INFO] [MapEditorScene] Updated hoveredTilePanes 872,401
[2025-04-17 08:45:57] [INFO] [MapEditorScene] Updated hoveredTilePanes 869,403
[2025-04-17 08:45:57] [INFO] [MapEditorScene] Updated hoveredTilePanes 866,406
[2025-04-17 08:45:57] [INFO] [MapEditorScene] Updated hoveredTilePanes 864,408
[2025-04-17 08:45:57] [INFO] [MapEditorScene] Updated hoveredTilePanes 863,409
[2025-04-17 08:45:57] [INFO] [MapEditorScene] Updated hoveredTilePanes 862,410
[2025-04-17 08:45:57] [INFO] [MapEditorScene] Updated hoveredTilePanes 861,411
[2025-04-17 08:45:57] [INFO] [MapEditorScene] Updated hoveredTilePanes 861,412
[2025-04-17 08:45:57] [INFO] [MapEditorScene] Updated hoveredTilePanes 860,413
[2025-04-17 08:45:57] [INFO] [MapEditorScene] Updated hoveredTilePanes 861,413
[2025-04-17 08:45:57] [INFO] [MapEditorScene] Updated hoveredTilePanes 863,414
[2025-04-17 08:45:57] [INFO] [MapEditorScene] Updated hoveredTilePanes 865,414
[2025-04-17 08:45:57] [INFO] [MapEditorScene] Updated hoveredTilePanes 869,415
[2025-04-17 08:45:57] [INFO] [MapEditorScene] Updated hoveredTilePanes 872,416
[2025-04-17 08:45:57] [INFO] [MapEditorScene] Updated hoveredTilePanes 877,416
[2025-04-17 08:45:57] [INFO] [MapEditorScene] Updated hoveredTilePanes 885,419
[2025-04-17 08:45:57] [INFO] [MapEditorScene] Updated hoveredTilePanes 887,420
[2025-04-17 08:45:57] [INFO] [MapEditorScene] Updated hoveredTilePanes 894,422
[2025-04-17 08:45:57] [INFO] [MapEditorScene] Updated hoveredTilePanes 899,424
[2025-04-17 08:45:57] [INFO] [MapEditorScene] Updated hoveredTilePanes 904,426
[2025-04-17 08:45:57] [INFO] [MapEditorScene] Updated hoveredTilePanes 907,427
[2025-04-17 08:45:57] [INFO] [MapEditorScene] Updated hoveredTilePanes 912,429
[2025-04-17 08:45:57] [INFO] [MapEditorScene] Updated hoveredTilePanes 914,432
[2025-04-17 08:45:57] [INFO] [MapEditorScene] Updated hoveredTilePanes 916,433
[2025-04-17 08:45:57] [INFO] [MapEditorScene] Updated hoveredTilePanes 918,434
[2025-04-17 08:45:57] [INFO] [MapEditorScene] Updated hoveredTilePanes 920,436
[2025-04-17 08:45:57] [INFO] [MapEditorScene] Updated hoveredTilePanes 921,437
[2025-04-17 08:45:57] [INFO] [MapEditorScene] Updated hoveredTilePanes 922,439
[2025-04-17 08:45:57] [INFO] [MapEditorScene] Updated hoveredTilePanes 923,441
[2025-04-17 08:45:57] [INFO] [MapEditorScene] Updated hoveredTilePanes 924,443
[2025-04-17 08:45:57] [INFO] [MapEditorScene] Updated hoveredTilePanes 925,445
[2025-04-17 08:45:57] [INFO] [MapEditorScene] Updated hoveredTilePanes 926,447
[2025-04-17 08:45:57] [INFO] [MapEditorScene] Updated hoveredTilePanes 927,450
[2025-04-17 08:45:57] [INFO] [MapEditorScene] Updated hoveredTilePanes 927,453
[2025-04-17 08:45:57] [INFO] [MapEditorScene] Updated hoveredTilePanes 928,456
[2025-04-17 08:45:57] [INFO] [MapEditorScene] Updated hoveredTilePanes 929,460
[2025-04-17 08:45:57] [INFO] [MapEditorScene] Updated hoveredTilePanes 929,464
[2025-04-17 08:45:57] [INFO] [MapEditorScene] Updated hoveredTilePanes 929,468
[2025-04-17 08:45:57] [INFO] [MapEditorScene] Updated hoveredTilePanes 930,473
[2025-04-17 08:45:57] [INFO] [MapEditorScene] Updated hoveredTilePanes 930,479
[2025-04-17 08:45:57] [INFO] [MapEditorScene] Updated hoveredTilePanes 930,482
[2025-04-17 08:45:57] [INFO] [MapEditorScene] Updated hoveredTilePanes 930,487
[2025-04-17 08:45:57] [INFO] [MapEditorScene] Updated hoveredTilePanes 930,492
[2025-04-17 08:45:57] [INFO] [MapEditorScene] Updated hoveredTilePanes 930,497
[2025-04-17 08:45:57] [INFO] [MapEditorScene] Updated hoveredTilePanes 930,502
[2025-04-17 08:45:57] [INFO] [MapEditorScene] Updated hoveredTilePanes 930,508
[2025-04-17 08:45:57] [INFO] [MapEditorScene] Updated hoveredTilePanes 930,513
[2025-04-17 08:45:57] [INFO] [MapEditorScene] Updated hoveredTilePanes 929,518
[2025-04-17 08:45:57] [INFO] [MapEditorScene] Updated hoveredTilePanes 927,521
[2025-04-17 08:45:57] [INFO] [MapEditorScene] Updated hoveredTilePanes 925,526
[2025-04-17 08:45:57] [INFO] [MapEditorScene] Updated hoveredTilePanes 925,530
[2025-04-17 08:45:57] [INFO] [MapEditorScene] Updated hoveredTilePanes 923,534
[2025-04-17 08:45:57] [INFO] [MapEditorScene] Updated hoveredTilePanes 923,536
[2025-04-17 08:45:57] [INFO] [MapEditorScene] Updated hoveredTilePanes 922,539
[2025-04-17 08:45:57] [INFO] [MapEditorScene] Updated hoveredTilePanes 921,541
[2025-04-17 08:45:57] [INFO] [MapEditorScene] Updated hoveredTilePanes 921,543
[2025-04-17 08:45:57] [INFO] [MapEditorScene] Updated hoveredTilePanes 921,544
[2025-04-17 08:45:57] [INFO] [MapEditorScene] Updated hoveredTilePanes 921,545
[2025-04-17 08:45:57] [INFO] [MapEditorScene] Updated hoveredTilePanes 921,546
[2025-04-17 08:45:57] [INFO] [MapEditorScene] Updated hoveredTilePanes 922,546
[2025-04-17 08:45:57] [INFO] [MapEditorScene] Updated hoveredTilePanes 925,542
[2025-04-17 08:45:57] [INFO] [MapEditorScene] Updated hoveredTilePanes 930,539
[2025-04-17 08:45:57] [INFO] [MapEditorScene] Updated hoveredTilePanes 933,536
[2025-04-17 08:45:57] [INFO] [MapEditorScene] Updated hoveredTilePanes 937,532
[2025-04-17 08:45:57] [INFO] [MapEditorScene] Updated hoveredTilePanes 942,527
[2025-04-17 08:45:57] [INFO] [MapEditorScene] Updated hoveredTilePanes 948,523
[2025-04-17 08:45:57] [INFO] [MapEditorScene] Updated hoveredTilePanes 952,519
[2025-04-17 08:45:57] [INFO] [MapEditorScene] Updated hoveredTilePanes 958,513
[2025-04-17 08:45:57] [INFO] [MapEditorScene] Updated hoveredTilePanes 962,510
[2025-04-17 08:45:57] [INFO] [MapEditorScene] Updated hoveredTilePanes 966,506
[2025-04-17 08:45:57] [INFO] [MapEditorScene] Updated hoveredTilePanes 969,502
[2025-04-17 08:45:57] [INFO] [MapEditorScene] Updated hoveredTilePanes 973,498
[2025-04-17 08:45:57] [INFO] [MapEditorScene] Updated hoveredTilePanes 976,496
[2025-04-17 08:45:57] [INFO] [MapEditorScene] Updated hoveredTilePanes 980,492
[2025-04-17 08:45:57] [INFO] [MapEditorScene] Updated hoveredTilePanes 982,490
[2025-04-17 08:45:57] [INFO] [MapEditorScene] Updated hoveredTilePanes 984,487
[2025-04-17 08:45:57] [INFO] [MapEditorScene] Updated hoveredTilePanes 986,485
[2025-04-17 08:45:57] [INFO] [MapEditorScene] Updated hoveredTilePanes 988,483
[2025-04-17 08:45:57] [INFO] [MapEditorScene] Updated hoveredTilePanes 989,482
[2025-04-17 08:45:57] [INFO] [MapEditorScene] Updated hoveredTilePanes 991,480
[2025-04-17 08:45:57] [INFO] [MapEditorScene] Updated hoveredTilePanes 991,479
[2025-04-17 08:45:57] [INFO] [MapEditorScene] Updated hoveredTilePanes 992,478
[2025-04-17 08:45:57] [INFO] [MapEditorScene] Updated hoveredTilePanes 993,477
[2025-04-17 08:45:57] [INFO] [MapEditorScene] Updated hoveredTilePanes 994,476
[2025-04-17 08:45:57] [INFO] [MapEditorScene] Updated hoveredTilePanes 995,476
[2025-04-17 08:45:57] [INFO] [MapEditorScene] Updated hoveredTilePanes 995,475
[2025-04-17 08:45:57] [INFO] [MapEditorScene] Updated hoveredTilePanes 996,475
[2025-04-17 08:45:57] [INFO] [MapEditorScene] Updated hoveredTilePanes 997,475
[2025-04-17 08:45:57] [INFO] [MapEditorScene] Updated hoveredTilePanes 997,474
[2025-04-17 08:45:57] [INFO] [MapEditorScene] Updated hoveredTilePanes 998,474
[2025-04-17 08:45:57] [INFO] [MapEditorScene] Updated hoveredTilePanes 999,473
[2025-04-17 08:45:57] [INFO] [MapEditorScene] Updated hoveredTilePanes 1000,473
[2025-04-17 08:45:57] [INFO] [MapEditorScene] Updated hoveredTilePanes 1000,472
[2025-04-17 08:45:57] [INFO] [MapEditorScene] Updated hoveredTilePanes 1001,472
[2025-04-17 08:45:57] [INFO] [MapEditorScene] Updated hoveredTilePanes 1001,471
[2025-04-17 08:45:57] [INFO] [MapEditorScene] Updated hoveredTilePanes 1002,471
[2025-04-17 08:45:57] [INFO] [MapEditorScene] Updated hoveredTilePanes 1002,470
[2025-04-17 08:45:57] [INFO] [MapEditorScene] Updated hoveredTilePanes 1003,470
[2025-04-17 08:45:57] [INFO] [MapEditorScene] Updated hoveredTilePanes 1004,470
[2025-04-17 08:45:57] [INFO] [MapEditorScene] Updated hoveredTilePanes 1005,470
[2025-04-17 08:45:58] [INFO] [MapEditorScene] Updated hoveredTilePanes 1005,469
[2025-04-17 08:45:58] [INFO] [MapEditorScene] Updated hoveredTilePanes 1006,469
[2025-04-17 08:45:58] [INFO] [MapEditorScene] Updated hoveredTilePanes 1007,469
[2025-04-17 08:45:58] [INFO] [MapEditorScene] Updated hoveredTilePanes 1007,468
[2025-04-17 08:45:58] [INFO] [MapEditorScene] Updated hoveredTilePanes 1009,468
[2025-04-17 08:45:58] [INFO] [MapEditorScene] Updated hoveredTilePanes 1010,467
[2025-04-17 08:45:58] [INFO] [MapEditorScene] Updated hoveredTilePanes 1012,466
[2025-04-17 08:45:58] [INFO] [MapEditorScene] Updated hoveredTilePanes 1015,463
[2025-04-17 08:45:58] [INFO] [MapEditorScene] Updated hoveredTilePanes 1018,462
[2025-04-17 08:45:58] [INFO] [MapEditorScene] Updated hoveredTilePanes 1021,460
[2025-04-17 08:45:58] [INFO] [MapEditorScene] Updated hoveredTilePanes 1024,458
[2025-04-17 08:45:58] [INFO] [MapEditorScene] Updated hoveredTilePanes 1027,456
[2025-04-17 08:45:58] [INFO] [MapEditorScene] Updated hoveredTilePanes 1031,453
[2025-04-17 08:45:58] [INFO] [MapEditorScene] Updated hoveredTilePanes 1033,452
[2025-04-17 08:45:58] [INFO] [MapEditorScene] Updated hoveredTilePanes 1035,451
[2025-04-17 08:45:58] [INFO] [MapEditorScene] Updated hoveredTilePanes 1037,448
[2025-04-17 08:45:58] [INFO] [MapEditorScene] Updated hoveredTilePanes 1038,448
[2025-04-17 08:45:58] [INFO] [MapEditorScene] Updated hoveredTilePanes 1039,447
[2025-04-17 08:45:58] [INFO] [MapEditorScene] Updated hoveredTilePanes 1040,445
[2025-04-17 08:45:58] [INFO] [MapEditorScene] Updated hoveredTilePanes 1041,445
[2025-04-17 08:45:58] [INFO] [MapEditorScene] Updated hoveredTilePanes 1041,444
[2025-04-17 08:45:58] [INFO] [MapEditorScene] Updated hoveredTilePanes 1041,443
[2025-04-17 08:45:58] [INFO] [MapEditorScene] Updated hoveredTilePanes 1041,442
[2025-04-17 08:45:58] [INFO] [MapEditorScene] Updated hoveredTilePanes 1041,441
[2025-04-17 08:45:58] [INFO] [MapEditorScene] Updated hoveredTilePanes 1041,440
[2025-04-17 08:45:58] [INFO] [MapEditorScene] Updated hoveredTilePanes 1040,439
[2025-04-17 08:45:58] [INFO] [SelectedTilePanel] Checksum updated, getting units at selected tiles.
[2025-04-17 08:45:58] [INFO] [SelectedTilePanel] Either no unit selected or more than one unit selected
[2025-04-17 08:45:58] [INFO] [MapEditorScene] Updated hoveredTilePanes 1040,437
[2025-04-17 08:45:58] [INFO] [MapEditorScene] Updated hoveredTilePanes 1040,436
[2025-04-17 08:45:58] [INFO] [MapEditorScene] Updated hoveredTilePanes 1040,431
[2025-04-17 08:45:58] [INFO] [MapEditorScene] Updated hoveredTilePanes 1040,430
[2025-04-17 08:45:58] [INFO] [MapEditorScene] Updated hoveredTilePanes 1040,427
[2025-04-17 08:45:58] [INFO] [MapEditorScene] Updated hoveredTilePanes 1040,424
[2025-04-17 08:45:58] [INFO] [MapEditorScene] Updated hoveredTilePanes 1040,421
[2025-04-17 08:45:59] [INFO] [MapEditorScene] Updated hoveredTilePanes 1040,419
[2025-04-17 08:45:59] [INFO] [MapEditorScene] Updated hoveredTilePanes 1040,418
[2025-04-17 08:45:59] [INFO] [MapEditorScene] Updated hoveredTilePanes 1040,401
[2025-04-17 08:45:59] [INFO] [MapEditorScene] Updated hoveredTilePanes 1040,400
[2025-04-17 08:46:00] [INFO] [MapEditorScene] Updated hoveredTilePanes 1039,400
[2025-04-17 08:46:00] [INFO] [MapEditorScene] Updated hoveredTilePanes 1038,400
[2025-04-17 08:46:00] [INFO] [MapEditorScene] Updated hoveredTilePanes 1036,400
[2025-04-17 08:46:00] [INFO] [MapEditorScene] Updated hoveredTilePanes 1035,400
[2025-04-17 08:46:00] [INFO] [MapEditorScene] Updated hoveredTilePanes 1033,400
[2025-04-17 08:46:00] [INFO] [MapEditorScene] Updated hoveredTilePanes 1031,400
[2025-04-17 08:46:00] [INFO] [MapEditorScene] Updated hoveredTilePanes 1026,398
[2025-04-17 08:46:00] [INFO] [MapEditorScene] Updated hoveredTilePanes 1019,397
[2025-04-17 08:46:00] [INFO] [MapEditorScene] Updated hoveredTilePanes 1006,390
[2025-04-17 08:46:00] [INFO] [MapEditorScene] Updated hoveredTilePanes 985,385
[2025-04-17 08:46:00] [INFO] [MapEditorScene] Updated hoveredTilePanes 958,374
[2025-04-17 08:46:00] [INFO] [MapEditorScene] Updated hoveredTilePanes 916,361
[2025-04-17 08:46:00] [INFO] [MapEditorScene] Updated hoveredTilePanes 820,325
[2025-04-17 08:46:00] [INFO] [MapEditorScene] Updated hoveredTilePanes 746,301
[2025-04-17 08:46:00] [INFO] [MapEditorScene] Updated hoveredTilePanes 710,288
[2025-04-17 08:46:00] [INFO] [MapEditorScene] Updated hoveredTilePanes 636,264
[2025-04-17 08:46:00] [INFO] [MapEditorScene] Updated hoveredTilePanes 562,239
[2025-04-17 08:46:00] [INFO] [MapEditorScene] Updated hoveredTilePanes 498,223
[2025-04-17 08:46:00] [INFO] [MapEditorScene] Updated hoveredTilePanes 474,219
[2025-04-17 08:46:00] [INFO] [MapEditorScene] Updated hoveredTilePanes 422,205
[2025-04-17 08:46:00] [INFO] [MapEditorScene] Updated hoveredTilePanes 385,197
[2025-04-17 08:46:00] [INFO] [MapEditorScene] Updated hoveredTilePanes 357,193
[2025-04-17 08:46:00] [INFO] [MapEditorScene] Updated hoveredTilePanes 349,192
[2025-04-17 08:46:00] [INFO] [MapEditorScene] Updated hoveredTilePanes 332,188
[2025-04-17 08:46:00] [INFO] [MapEditorScene] Updated hoveredTilePanes 318,185
[2025-04-17 08:46:00] [INFO] [MapEditorScene] Updated hoveredTilePanes 312,184
[2025-04-17 08:46:00] [INFO] [MapEditorScene] Updated hoveredTilePanes 307,183
[2025-04-17 08:46:00] [INFO] [MapEditorScene] Updated hoveredTilePanes 304,182
[2025-04-17 08:46:00] [INFO] [MapEditorScene] Updated hoveredTilePanes 303,182
[2025-04-17 08:46:00] [INFO] [MapEditorScene] Updated hoveredTilePanes 302,182
[2025-04-17 08:46:00] [INFO] [MapEditorScene] Updated hoveredTilePanes 290,174
[2025-04-17 08:46:00] [INFO] [MapEditorScene] Updated hoveredTilePanes 273,161
[2025-04-17 08:46:00] [INFO] [MapEditorScene] Updated hoveredTilePanes 242,142
[2025-04-17 08:46:00] [INFO] [MapEditorScene] Updated hoveredTilePanes 178,105
[2025-04-17 08:46:00] [INFO] [MapEditorScene] Updated hoveredTilePanes 148,89
[2025-04-17 08:46:00] [INFO] [MapEditorScene] Updated hoveredTilePanes 90,57
[2025-04-17 08:46:00] [INFO] [MapEditorScene] Updated hoveredTilePanes 32,25
