[2025-03-04 09:28:18] [INFO] [AssetPool] Started initializing AssetPool
[2025-03-04 09:28:18] [INFO] [Engine] HEAP ALLOCATION INCREASED! 1.0 GB of 16.0 GB used
[2025-03-04 09:28:18] [INFO] [SpriteSheetOG] Started loading Sprite's from ./res/graphics
[2025-03-04 09:28:18] [INFO] [SpriteSheetOG] Finished reading files for sprites
[2025-03-04 09:28:18] [INFO] [Sprite] Finished loading ./res/graphics/misc/blue_reticle.png
[2025-03-04 09:28:18] [INFO] [Sprite] Finished loading ./res/graphics/misc/pink_spawn.png
[2025-03-04 09:28:18] [INFO] [Sprite] Finished loading ./res/graphics/misc/reticle.png
[2025-03-04 09:28:18] [INFO] [Sprite] Finished loading ./res/graphics/misc/yellow_spawn.png
[2025-03-04 09:28:18] [INFO] [Sprite] Finished loading ./res/graphics/misc/blue_spawn.png
[2025-03-04 09:28:18] [INFO] [Sprite] Finished loading ./res/graphics/misc/red_reticle.png
[2025-03-04 09:28:18] [INFO] [Sprite] Finished loading ./res/graphics/misc/depth_shadows.png
[2025-03-04 09:28:18] [INFO] [Sprite] Finished loading ./res/graphics/misc/yellow_reticle.png
[2025-03-04 09:28:18] [INFO] [Sprite] Finished loading ./res/graphics/misc/red_spawn.png
[2025-03-04 09:28:18] [INFO] [Sprite] Finished loading ./res/graphics/misc/directional_shadows.png
[2025-03-04 09:28:18] [INFO] [Sprite] Finished loading ./res/graphics/shadows/northwest.png
[2025-03-04 09:28:18] [INFO] [Sprite] Finished loading ./res/graphics/shadows/west.png
[2025-03-04 09:28:18] [INFO] [Sprite] Finished loading ./res/graphics/shadows/north.png
[2025-03-04 09:28:18] [INFO] [Sprite] Finished loading ./res/graphics/shadows/east.png
[2025-03-04 09:28:18] [INFO] [Sprite] Finished loading ./res/graphics/shadows/northeast.png
[2025-03-04 09:28:18] [INFO] [Sprite] Finished loading ./res/graphics/shadows/south.png
[2025-03-04 09:28:18] [INFO] [Sprite] Finished loading ./res/graphics/shadows/southwest.png
[2025-03-04 09:28:18] [INFO] [Sprite] Finished loading ./res/graphics/shadows/southeast.png
[2025-03-04 09:28:18] [INFO] [Sprite] Finished loading ./res/graphics/structures/tree3_structure.png
[2025-03-04 09:28:18] [INFO] [Sprite] Finished loading ./res/graphics/structures/tree4_structure.png
[2025-03-04 09:28:18] [INFO] [Sprite] Finished loading ./res/graphics/structures/tree1_structure.png
[2025-03-04 09:28:18] [INFO] [Sprite] Finished loading ./res/graphics/structures/tree5_structure.png
[2025-03-04 09:28:18] [INFO] [Sprite] Finished loading ./res/graphics/structures/tree2_structure.png
[2025-03-04 09:28:18] [INFO] [Sprite] Finished loading ./res/graphics/structures/tree6_structure.png
[2025-03-04 09:28:18] [INFO] [Sprite] Finished loading ./res/graphics/wall_tiles/rock_wall2.png
[2025-03-04 09:28:18] [INFO] [Sprite] Finished loading ./res/graphics/wall_tiles/sandstone_wall.png
[2025-03-04 09:28:18] [INFO] [Sprite] Finished loading ./res/graphics/wall_tiles/elden_yellow_wall.png
[2025-03-04 09:28:18] [INFO] [Sprite] Finished loading ./res/graphics/wall_tiles/vine_on_wall.png
[2025-03-04 09:28:18] [INFO] [Sprite] Finished loading ./res/graphics/wall_tiles/boulder_wall.png
[2025-03-04 09:28:18] [INFO] [Sprite] Finished loading ./res/graphics/wall_tiles/white_marble_wall.png
[2025-03-04 09:28:18] [INFO] [Sprite] Finished loading ./res/graphics/wall_tiles/elden_green_wall.png
[2025-03-04 09:28:18] [INFO] [Sprite] Finished loading ./res/graphics/wall_tiles/brown_marble_wall.png
[2025-03-04 09:28:18] [INFO] [Sprite] Finished loading ./res/graphics/wall_tiles/small_brick_wall.png
[2025-03-04 09:28:18] [INFO] [Sprite] Finished loading ./res/graphics/wall_tiles/moss_wall.png
[2025-03-04 09:28:18] [INFO] [Sprite] Finished loading ./res/graphics/wall_tiles/dirt_brick_vine_wall.png
[2025-03-04 09:28:18] [INFO] [Sprite] Finished loading ./res/graphics/wall_tiles/elden_purple_wall.png
[2025-03-04 09:28:18] [INFO] [Sprite] Finished loading ./res/graphics/wall_tiles/large_brick_wall.png
[2025-03-04 09:28:18] [INFO] [Sprite] Finished loading ./res/graphics/wall_tiles/dirt_wall.png
[2025-03-04 09:28:18] [INFO] [Sprite] Finished loading ./res/graphics/wall_tiles/alien_wall.png
[2025-03-04 09:28:18] [INFO] [Sprite] Finished loading ./res/graphics/wall_tiles/industrial_brick_wall.png
[2025-03-04 09:28:18] [INFO] [Sprite] Finished loading ./res/graphics/wall_tiles/rock_wall.png
[2025-03-04 09:28:18] [INFO] [Sprite] Finished loading ./res/graphics/wall_tiles/dirt_wall2.png
[2025-03-04 09:28:18] [INFO] [Sprite] Finished loading ./res/graphics/wall_tiles/moss_wall2.png
[2025-03-04 09:28:18] [INFO] [Sprite] Finished loading ./res/graphics/wall_tiles/moss_wall3.png
[2025-03-04 09:28:18] [INFO] [Sprite] Finished loading ./res/graphics/wall_tiles/no_wall.png
[2025-03-04 09:28:18] [INFO] [Sprite] Finished loading ./res/graphics/wall_tiles/alien_rune_wall.png
[2025-03-04 09:28:18] [INFO] [Sprite] Finished loading ./res/graphics/wall_tiles/industrial_wall.png
[2025-03-04 09:28:18] [INFO] [Sprite] Finished loading ./res/graphics/wall_tiles/small_brick_wall2.png
[2025-03-04 09:28:18] [INFO] [Sprite] Finished loading ./res/graphics/old/liquids 2.png
[2025-03-04 09:28:18] [INFO] [Sprite] Finished loading ./res/graphics/old/gems.png
[2025-03-04 09:28:18] [INFO] [Sprite] Finished loading ./res/graphics/old/floors.png
[2025-03-04 09:28:18] [INFO] [Sprite] Finished loading ./res/graphics/old/terrains.png
[2025-03-04 09:28:18] [INFO] [Sprite] Finished loading ./res/graphics/old/gemsRaw.png
[2025-03-04 09:28:18] [INFO] [Sprite] Finished loading ./res/graphics/old/walls.png
[2025-03-04 09:28:18] [INFO] [Sprite] Finished loading ./res/graphics/old/special2.png
[2025-03-04 09:28:18] [INFO] [Sprite] Finished loading ./res/graphics/old/structures.png
[2025-03-04 09:28:18] [INFO] [Sprite] Finished loading ./res/graphics/old/special.png
[2025-03-04 09:28:18] [INFO] [Sprite] Finished loading ./res/graphics/old/liquids.png
[2025-03-04 09:28:18] [INFO] [Sprite] Finished loading ./res/graphics/old/units.png
[2025-03-04 09:28:18] [INFO] [Sprite] Finished loading ./res/graphics/old/terrains2.png
[2025-03-04 09:28:18] [INFO] [Sprite] Finished loading ./res/graphics/old/floors2.png
[2025-03-04 09:28:18] [INFO] [Sprite] Finished loading ./res/graphics/floor_tiles/sand_1_floor.png
[2025-03-04 09:28:18] [INFO] [Sprite] Finished loading ./res/graphics/floor_tiles/sand_dark_floor.png
[2025-03-04 09:28:18] [INFO] [Sprite] Finished loading ./res/graphics/floor_tiles/dirty_grass_1_floor.png
[2025-03-04 09:28:18] [INFO] [Sprite] Finished loading ./res/graphics/floor_tiles/white_sand_floor.png
[2025-03-04 09:28:18] [INFO] [Sprite] Finished loading ./res/graphics/floor_tiles/white_sands_2.png
[2025-03-04 09:28:18] [INFO] [Sprite] Finished loading ./res/graphics/floor_tiles/dirty_grass_2_floor.png
[2025-03-04 09:28:18] [INFO] [Sprite] Finished loading ./res/graphics/floor_tiles/sand_3_floor.png
[2025-03-04 09:28:18] [INFO] [Sprite] Finished loading ./res/graphics/floor_tiles/obsidian_floor.png
[2025-03-04 09:28:18] [INFO] [Sprite] Finished loading ./res/graphics/floor_tiles/base_floor.png
[2025-03-04 09:28:18] [INFO] [Sprite] Finished loading ./res/graphics/floor_tiles/sand_floor.png
[2025-03-04 09:28:18] [INFO] [Sprite] Finished loading ./res/graphics/floor_tiles/dirty_grass_3_floor.png
[2025-03-04 09:28:18] [INFO] [Sprite] Finished loading ./res/graphics/floor_tiles/sand_2_floor.png
[2025-03-04 09:28:18] [INFO] [Sprite] Finished loading ./res/graphics/units/Air_Dragon.png
[2025-03-04 09:28:18] [INFO] [Sprite] Finished loading ./res/graphics/units/Dragon.png
[2025-03-04 09:28:18] [INFO] [Sprite] Finished loading ./res/graphics/units/Dark_Dragon.png
[2025-03-04 09:28:18] [INFO] [Sprite] Finished loading ./res/graphics/units/Earth_Dragon.png
[2025-03-04 09:28:18] [INFO] [Sprite] Finished loading ./res/graphics/units/Light_Dragon.png
[2025-03-04 09:28:18] [INFO] [Sprite] Finished loading ./res/graphics/units/Water_Dragon.png
[2025-03-04 09:28:18] [INFO] [Sprite] Finished loading ./res/graphics/units/Fire_Dragon.png
[2025-03-04 09:28:18] [INFO] [Sprite] Finished loading ./res/graphics/actions/StatsDown.png
[2025-03-04 09:28:18] [INFO] [Sprite] Finished loading ./res/graphics/actions/PhysicalHit4.png
[2025-03-04 09:28:18] [INFO] [Sprite] Finished loading ./res/graphics/actions/Slash.png
[2025-03-04 09:28:18] [INFO] [Sprite] Finished loading ./res/graphics/actions/Air.png
[2025-03-04 09:28:18] [INFO] [Sprite] Finished loading ./res/graphics/actions/Dark.png
[2025-03-04 09:28:18] [INFO] [Sprite] Finished loading ./res/graphics/actions/Blunt.png
[2025-03-04 09:28:18] [INFO] [Sprite] Finished loading ./res/graphics/actions/Fire.png
[2025-03-04 09:28:18] [INFO] [Sprite] Finished loading ./res/graphics/actions/Earth.png
[2025-03-04 09:28:18] [INFO] [Sprite] Finished loading ./res/graphics/actions/Light.png
[2025-03-04 09:28:18] [INFO] [Sprite] Finished loading ./res/graphics/actions/StatsUp.png
[2025-03-04 09:28:18] [INFO] [Sprite] Finished loading ./res/graphics/actions/Water.png
[2025-03-04 09:28:18] [INFO] [Sprite] Finished loading ./res/graphics/actions/Pierce.png
[2025-03-04 09:28:18] [INFO] [Sprite] Finished loading ./res/graphics/spells/LightSpell.png
[2025-03-04 09:28:18] [INFO] [Sprite] Finished loading ./res/graphics/spells/StatsDown.png
[2025-03-04 09:28:18] [INFO] [Sprite] Finished loading ./res/graphics/spells/WindSpell.png
[2025-03-04 09:28:18] [INFO] [Sprite] Finished loading ./res/graphics/spells/WaterSpell.png
[2025-03-04 09:28:18] [INFO] [Sprite] Finished loading ./res/graphics/spells/PhysicalHit4.png
[2025-03-04 09:28:18] [INFO] [Sprite] Finished loading ./res/graphics/spells/PhysicalHit1.png
[2025-03-04 09:28:18] [INFO] [Sprite] Finished loading ./res/graphics/spells/LightningSpell.png
[2025-03-04 09:28:18] [INFO] [Sprite] Finished loading ./res/graphics/spells/PhysicalHit3.png
[2025-03-04 09:28:18] [INFO] [Sprite] Finished loading ./res/graphics/spells/PhysicalHit2.png
[2025-03-04 09:28:18] [INFO] [Sprite] Finished loading ./res/graphics/spells/FireSpell.png
[2025-03-04 09:28:18] [INFO] [Sprite] Finished loading ./res/graphics/spells/DarkSpell.png
[2025-03-04 09:28:18] [INFO] [Sprite] Finished loading ./res/graphics/spells/StatsUp.png
[2025-03-04 09:28:18] [INFO] [Sprite] Finished loading ./res/graphics/spells/EarthSpell.png
[2025-03-04 09:28:18] [INFO] [Sprite] Finished loading ./res/graphics/liquids/greater_leafage_liquid.png
[2025-03-04 09:28:18] [INFO] [Sprite] Finished loading ./res/graphics/liquids/waterV4_liquid.png
[2025-03-04 09:28:18] [INFO] [Sprite] Finished loading ./res/graphics/liquids/shallow_swamp.png
[2025-03-04 09:28:18] [INFO] [Sprite] Finished loading ./res/graphics/liquids/water5.png
[2025-03-04 09:28:18] [INFO] [Sprite] Finished loading ./res/graphics/liquids/swamp_2.png
[2025-03-04 09:28:18] [INFO] [Sprite] Finished loading ./res/graphics/liquids/Lava_liquid.png
[2025-03-04 09:28:18] [INFO] [Sprite] Finished loading ./res/graphics/liquids/swamp2.png
[2025-03-04 09:28:18] [INFO] [Sprite] Finished loading ./res/graphics/liquids/waterV33_liquid.png
[2025-03-04 09:28:18] [INFO] [Sprite] Finished loading ./res/graphics/liquids/shallow_water_liquid.png
[2025-03-04 09:28:18] [INFO] [Sprite] Finished loading ./res/graphics/liquids/water_liquid.png
[2025-03-04 09:28:18] [INFO] [Sprite] Finished loading ./res/graphics/liquids/waterV2_liquid.png
[2025-03-04 09:28:18] [INFO] [Sprite] Finished loading ./res/graphics/liquids/swamp2_liquid.png
[2025-03-04 09:28:18] [INFO] [SpriteSheetOG] Finished loading ./res/graphics
[2025-03-04 09:28:18] [INFO] [AssetPool] Finished initializing AssetPool
[2025-03-04 09:28:18] [INFO] [FontPool] Started initializing FontPool
[2025-03-04 09:28:19] [INFO] [FontPool] Finished initializing FontPool
[2025-03-04 09:28:19] [INFO] [UnitDatabase] Started initializing UnitDatabase
[2025-03-04 09:28:19] [INFO] [UnitDatabase] Successfully initialized UnitDatabase
[2025-03-04 09:28:19] [INFO] [UnitDatabase] Finished initializing UnitDatabase
[2025-03-04 09:28:19] [INFO] [JsonDatabase] Started initializing JsonDatabase
[2025-03-04 09:28:19] [INFO] [JsonTable] Started initializing JsonTable
[2025-03-04 09:28:19] [INFO] [JsonTable] Successfully initialized JsonTable
[2025-03-04 09:28:19] [INFO] [JsonTable] Finished initializing JsonTable
[2025-03-04 09:28:19] [INFO] [JsonTable] Started initializing JsonTable
[2025-03-04 09:28:19] [INFO] [JsonTable] Successfully initialized JsonTable
[2025-03-04 09:28:19] [INFO] [JsonTable] Finished initializing JsonTable
[2025-03-04 09:28:19] [INFO] [JsonTable] Started initializing JsonTable
[2025-03-04 09:28:19] [INFO] [JsonTable] Successfully initialized JsonTable
[2025-03-04 09:28:19] [INFO] [JsonTable] Finished initializing JsonTable
[2025-03-04 09:28:19] [INFO] [JsonDatabase] Successfully initialized JsonDatabase
[2025-03-04 09:28:19] [INFO] [JsonDatabase] Finished initializing JsonDatabase
[2025-03-04 09:28:19] [INFO] [Component] Setting 91fa2c19-dee0-43b7-9d18-39131a212538 on to 792c552f-1fe7-4872-8efe-39dbd2029f7f.
[2025-03-04 09:28:19] [INFO] [SpeedQueue] Added unit enemy:Myvuhz into queue
[2025-03-04 09:28:19] [INFO] [Component] Setting b94d3584-c481-4230-b455-47302093d58c on to 4210f037-1a25-4de6-a2ca-a07e550dca51.
[2025-03-04 09:28:19] [INFO] [SpeedQueue] Added unit enemy:Jyyyt into queue
[2025-03-04 09:28:19] [INFO] [Component] Setting 1d4dee26-4a37-451d-bd57-f66dfd4a1058 on to ceb39a0f-29ce-4dad-bfcd-17528f99b3fc.
[2025-03-04 09:28:19] [INFO] [SpeedQueue] Added unit enemy:Muxoi into queue
[2025-03-04 09:28:19] [INFO] [Component] Setting 7d043df0-b62c-4ade-880a-3cf20a5cf751 on to d86b5324-8325-42c7-9b39-12effcaf693d.
[2025-03-04 09:28:19] [INFO] [SpeedQueue] Added unit enemy:Uioy into queue
[2025-03-04 09:28:19] [INFO] [Component] Setting dc751035-7d49-4fe0-9ff8-c5e3d1813c28 on to 53dfd443-b582-4ccd-af2a-dbdd369f43ff.
[2025-03-04 09:28:19] [INFO] [SpeedQueue] Added unit user:Byboku into queue
[2025-03-04 09:28:19] [INFO] [Component] Setting e2aebc95-5d1f-4977-8fa5-48e5c8d25900 on to 5961c1fa-3b09-4af0-abf8-e1ee947b3cc1.
[2025-03-04 09:28:19] [INFO] [SpeedQueue] Added unit user:Xizuab into queue
[2025-03-04 09:28:19] [INFO] [FontPoolV2] Started initializing FontPoolV2
[2025-03-04 09:28:19] [INFO] [FontPoolV2] ✅ Successfully loaded font: Lilian
[2025-03-04 09:28:19] [INFO] [SpeedQueue] Speed queue updated.
[2025-03-04 09:28:19] [INFO] [VisualsSystem] Started creating blurred background
[2025-03-04 09:28:19] [INFO] [TimeLinePanel] Updating timeline HUD
[2025-03-04 09:28:20] [INFO] [VisualsSystem] Finished creating blurred background after 0.5001987814903259 seconds
[2025-03-04 09:28:21] [INFO] [AbilityDatabase] Started initializing AbilityDatabase
[2025-03-04 09:28:21] [INFO] [AbilityDatabase] Successfully initialized AbilityDatabase
[2025-03-04 09:28:21] [INFO] [AbilityDatabase] Finished initializing AbilityDatabase
[2025-03-04 09:28:23] [INFO] [MovementSystem] Jyyyt is planning to move from [2, 9] to [2, 9]
[2025-03-04 09:28:23] [INFO] [MovementSystem] Updated movement area for Jyyyt
[2025-03-04 09:28:23] [INFO] [MovementSystem] Updated movement path for Jyyyt
[2025-03-04 09:28:25] [INFO] [MovementSystem] Jyyyt is planning to move from [2, 9] to [4, 9]
[2025-03-04 09:28:25] [INFO] [MovementSystem] Updated movement path for Jyyyt
[2025-03-04 09:28:25] [INFO] [Component] Setting b94d3584-c481-4230-b455-47302093d58c on to 5b71cec1-a526-42aa-bc76-b3e264726b68.
[2025-03-04 09:28:25] [INFO] [MovementSystem] Moved from [2, 9] to [4, 9]
[2025-03-04 09:28:27] [INFO] [TimeLinePanel] Updating timeline HUD
[2025-03-04 09:28:27] [INFO] [MovementSystem] Xizuab is plannin