[2025-04-06 22:19:52] [INFO] [UnitTable] Started initializing UnitTable
[2025-04-06 22:19:52] [INFO] [EmeritusDatabase] Started initializing EmeritusDatabase
[2025-04-06 22:19:52] [INFO] [EmeritusDatabase] Finished initializing EmeritusDatabase
[2025-04-06 22:19:52] [INFO] [UnitTable] Successfully initialized UnitTable
[2025-04-06 22:19:52] [INFO] [UnitTable] Finished initializing UnitTable
[2025-04-06 22:19:52] [INFO] [AbilityTable] Started initializing AbilityTable
[2025-04-06 22:19:52] [INFO] [AbilityTable] Finished initializing AbilityTable
[2025-04-06 22:19:52] [INFO] [UserSaveStateManager] Started loading user save data
[2025-04-06 22:19:52] [INFO] [UserSaveStateManager] Finished loading user save data
[2025-04-06 22:19:52] [INFO] [AssetPool] Started initializing AssetPool
[2025-04-06 22:19:52] [INFO] [AssetNameSpace] Started loading Sprite's from ./res/graphics
[2025-04-06 22:19:52] [INFO] [AssetNameSpace] Finished reading files for sprites
[2025-04-06 22:19:52] [INFO] [AssetNameSpace] Finished loading ./res/graphics
[2025-04-06 22:19:52] [INFO] [AssetPool] Finished initializing AssetPool
[2025-04-06 22:19:52] [INFO] [Component] Setting light_dragon_Wodai_fccc3d3a-00c7-44bf-95a2-a8471534f99d on to 8_1_42d95fa5-7c8d-49a2-ab50-b07ddd216a72.
[2025-04-06 22:19:52] [INFO] [SpeedQueue] Added unit enemy:Wodai into queue
[2025-04-06 22:19:52] [INFO] [Component] Setting light_dragon_Binuuy_9111c72a-3ee3-4ed3-981b-272b490d3217 on to 10_14_49d1dbea-6038-424a-b1c3-7177c1baf35e.
[2025-04-06 22:19:52] [INFO] [SpeedQueue] Added unit enemy:Binuuy into queue
[2025-04-06 22:19:52] [INFO] [Component] Setting dragon_Racc_bf5b2cb0-036a-4182-81dc-2be60fa1ea6a on to 14_5_5cb6b6ba-8aa9-4779-af85-922864492ecb.
[2025-04-06 22:19:52] [INFO] [SpeedQueue] Added unit enemy:Racc into queue
[2025-04-06 22:19:52] [INFO] [Component] Setting fire_dragon_Joxssl_31803cb5-b2a5-474d-bf9c-4ddfcdcaeea2 on to 8_3_b5fabf63-3b44-4fc9-82de-e0ac1adb2b4a.
[2025-04-06 22:19:52] [INFO] [SpeedQueue] Added unit enemy:Joxssl into queue
[2025-04-06 22:19:52] [INFO] [Component] Setting dragon_Duwaiy_224591c0-4803-4827-9080-069cb0f13807 on to 1_4_2176fda9-9672-484c-b914-89a4d6d272e3.
[2025-04-06 22:19:52] [INFO] [SpeedQueue] Added unit enemy:Duwaiy into queue
[2025-04-06 22:19:52] [INFO] [Component] Setting dragon_Houni_a67343b8-e267-4c08-8d9a-1df4c2092672 on to 6_10_3957401c-9f90-4aff-99a5-24c62de56bee.
[2025-04-06 22:19:52] [INFO] [SpeedQueue] Added unit enemy:Houni into queue
[2025-04-06 22:19:52] [INFO] [Component] Setting air_dragon_Ceoe_d9398600-997e-4d69-b108-7277d26d3eea on to 4_9_b52c7790-595d-4399-8e48-4696bf43158b.
[2025-04-06 22:19:52] [INFO] [SpeedQueue] Added unit enemy:Ceoe into queue
[2025-04-06 22:19:52] [INFO] [Component] Setting dark_dragon_Oilua_31efec2f-cebb-402d-b052-883f6a254dcf on to 12_11_1e0673aa-5da0-4e9a-bbb8-d6bbf1e3a773.
[2025-04-06 22:19:52] [INFO] [SpeedQueue] Added unit enemy:Oilua into queue
[2025-04-06 22:19:52] [INFO] [Component] Setting dark_dragon_Pitvbo_feb47380-cfd4-4fec-a266-b9ef7ab72c24 on to 7_11_049f4c7b-0394-4406-acb3-316fa7d6dd8d.
[2025-04-06 22:19:52] [INFO] [SpeedQueue] Added unit enemy:Pitvbo into queue
[2025-04-06 22:19:52] [INFO] [Component] Setting water_dragon_Uiway_bfab3085-a4b9-4230-9f8e-d0c4c8105907 on to 10_5_50d230dc-3b9d-4cf9-a768-0620e645bb65.
[2025-04-06 22:19:52] [INFO] [SpeedQueue] Added unit enemy:Uiway into queue
[2025-04-06 22:19:52] [INFO] [Component] Setting fire_dragon_Qunuye_739e2385-77fc-4858-adb8-1851d1405582 on to 14_8_b0635d10-34a3-4a88-9728-c3857800bf8d.
[2025-04-06 22:19:52] [INFO] [SpeedQueue] Added unit enemy:Qunuye into queue
[2025-04-06 22:19:52] [INFO] [Component] Setting dark_dragon_Kinxj_358b04fe-a506-412d-8196-98a986b8ce98 on to 13_3_db8a89e5-2aa4-4d03-88e0-f9c639aaf8da.
[2025-04-06 22:19:52] [INFO] [SpeedQueue] Added unit enemy:Kinxj into queue
[2025-04-06 22:19:52] [INFO] [Component] Setting air_dragon_Zelut_06eea28b-898c-4930-89a4-dd87e29b6513 on to 12_13_76bda1bf-1830-4c7a-ba7e-b3eddc676acb.
[2025-04-06 22:19:52] [INFO] [SpeedQueue] Added unit enemy:Zelut into queue
[2025-04-06 22:19:52] [INFO] [Component] Setting dark_dragon_Iafzi_9e9e23d3-7424-43e9-9cac-21cb57287f6a on to 6_0_e1172783-fd01-43db-ab35-b497aba73c5d.
[2025-04-06 22:19:52] [INFO] [SpeedQueue] Added unit enemy:Iafzi into queue
[2025-04-06 22:19:52] [INFO] [Component] Setting light_dragon_Jahde_71730619-69bc-41d1-adcf-c4cf96fb0e45 on to 2_2_204b6cdd-24da-4482-901e-682a79f8caf1.
[2025-04-06 22:19:52] [INFO] [SpeedQueue] Added unit enemy:Jahde into queue
[2025-04-06 22:19:52] [INFO] [Component] Setting dark_dragon_Uocyc_6f06c94d-4281-4f56-916d-5a5df6099c79 on to 1_13_f929afc0-aa17-41e0-8b27-3aeed4bd5721.
[2025-04-06 22:19:52] [INFO] [SpeedQueue] Added unit enemy:Uocyc into queue
[2025-04-06 22:19:52] [INFO] [Component] Setting air_dragon_Qoese_88ed193f-2ed8-4688-8164-418b83244a9f on to 1_7_6267d445-0197-4dfc-b292-3c61ccd67ab7.
[2025-04-06 22:19:52] [INFO] [SpeedQueue] Added unit enemy:Qoese into queue
[2025-04-06 22:19:52] [INFO] [Component] Setting air_dragon_Lybyt_89f208f3-bc27-4cf7-beb6-4b3822748640 on to 8_2_6df7d913-4d09-42b2-be39-94c3077024d2.
[2025-04-06 22:19:52] [INFO] [SpeedQueue] Added unit enemy:Lybyt into queue
[2025-04-06 22:19:52] [INFO] [Component] Setting air_dragon_Cyzou_3e2dc86c-0b00-4da1-bf90-0163d71c48e6 on to 1_6_a83109cf-4d48-4d1c-8a0e-4947e1c8b9bf.
[2025-04-06 22:19:52] [INFO] [SpeedQueue] Added unit enemy:Cyzou into queue
[2025-04-06 22:19:52] [INFO] [Component] Setting air_dragon_Symlyi_4715ee39-4a51-444f-94c3-cb809ca1aded on to 8_12_4dfb1a6c-0878-4504-a01f-5f2d856a5f0d.
[2025-04-06 22:19:52] [INFO] [SpeedQueue] Added unit enemy:Symlyi into queue
[2025-04-06 22:19:52] [INFO] [Component] Setting water_dragon_Yoke_db1a70fc-5ee1-44c8-85cb-4ed3a243aac1 on to 9_12_64eb0c1c-7b0e-46a6-a328-c673344ccd04.
[2025-04-06 22:19:52] [INFO] [SpeedQueue] Added unit enemy:Yoke into queue
[2025-04-06 22:19:52] [INFO] [Component] Setting fire_dragon_Kymus_56597f94-1447-44f3-8ab9-4c8f95c66c15 on to 10_8_cac3aeef-d890-4e75-9b86-64e9e3eb0734.
[2025-04-06 22:19:52] [INFO] [SpeedQueue] Added unit enemy:Kymus into queue
[2025-04-06 22:19:52] [INFO] [Component] Setting water_dragon_Pyuzo_c26f20d4-a815-4cf7-a250-b82e131c5149 on to 14_11_545dc296-b02d-428f-a5dd-9f2fc6e65692.
[2025-04-06 22:19:52] [INFO] [SpeedQueue] Added unit enemy:Pyuzo into queue
[2025-04-06 22:19:52] [INFO] [Component] Setting water_dragon_Wiah_624bf7fc-99d3-42eb-92c9-249865342f05 on to 1_8_c5bb81e7-8b5d-4edb-97d5-1da0f9ba155c.
[2025-04-06 22:19:52] [INFO] [SpeedQueue] Added unit user:Wiah into queue
[2025-04-06 22:19:52] [INFO] [Component] Setting dragon_Rixoy_7b0cb2b2-6580-41b3-b6e2-300b6b41238d on to 13_7_7efc1812-d562-41d3-a6a3-393bf79c1f0e.
[2025-04-06 22:19:52] [INFO] [SpeedQueue] Added unit user:Rixoy into queue
[2025-04-06 22:19:52] [INFO] [Component] Setting air_dragon_Yyeu_03184649-a009-4504-afda-da014bb77b52 on to 3_0_7548dc3c-6a81-4c3f-8035-1db2b6747b00.
[2025-04-06 22:19:52] [INFO] [SpeedQueue] Added unit user:Yyeu into queue
[2025-04-06 22:19:52] [INFO] [Component] Setting fire_dragon_Razviv_4eb2a963-b56c-441e-bd66-dd324fe78150 on to 6_14_5402e510-60f9-49a8-b151-0f63fddb5fe4.
[2025-04-06 22:19:52] [INFO] [SpeedQueue] Added unit user:Razviv into queue
[2025-04-06 22:19:52] [INFO] [Component] Setting water_dragon_Aalcp_ee43c658-17c6-46b3-82b2-cd5304f78701 on to 0_13_884c8047-89b5-48fc-a8f9-ccc56023f579.
[2025-04-06 22:19:52] [INFO] [SpeedQueue] Added unit user:Aalcp into queue
[2025-04-06 22:19:52] [INFO] [Component] Setting fire_dragon_Tiwlo_ffdb9cc8-687f-476c-8135-03c0aa1b0828 on to 11_12_34df2520-5a52-4af1-8fa0-749f68e804cf.
[2025-04-06 22:19:52] [INFO] [SpeedQueue] Added unit user:Tiwlo into queue
[2025-04-06 22:19:52] [INFO] [EngineController] Started setting scene to MENU_SCENE
[2025-04-06 22:19:53] [INFO] [EngineController] Finished setting scene to MENU_SCENE
[2025-04-06 22:19:53] [INFO] [EngineController] Started setting scene to GAME_SCENE
[2025-04-06 22:19:53] [INFO] [FontPool] Started initializing FontPool
[2025-04-06 22:19:53] [INFO] [FontPool] ✅ Successfully loaded font: Lilian
[2025-04-06 22:19:53] [INFO] [EngineController] Finished setting scene to GAME_SCENE
[2025-04-06 22:19:53] [INFO] [SpeedQueue] Speed queue updated.
[2025-04-06 22:19:53] [INFO] [TimeLinePanel] Started updating the timeline panel after turn order has changed.
[2025-04-06 22:19:53] [INFO] [TimeLinePanel] Finished updating the timeline panel after turn order has changed.
[2025-04-06 22:19:53] [INFO] [SelectedTilePanel] Checksum updated, getting units at selected tiles.
[2025-04-06 22:19:53] [INFO] [SelectedTilePanel] Either no unit selected or more than one unit selected
[2025-04-06 22:19:53] [INFO] [StatisticsInformationPanel] Checksum has been updated, querying statistics for unit light_dragon_Jahde_71730619-69bc-41d1-adcf-c4cf96fb0e45
[2025-04-06 22:19:53] [INFO] [VisualsSystem] Started creating blurred background
[2025-04-06 22:19:54] [INFO] [VisualsSystem] Finished creating blurred background after 0.4866812527179718 seconds
[2025-04-06 22:19:55] [INFO] [InputHandler] Gliding 0 camera to new tile 2_2_204b6cdd-24da-4482-901e-682a79f8caf1
[2025-04-06 22:19:55] [INFO] [InputHandler] Gliding 1 camera to new tile 2_2_204b6cdd-24da-4482-901e-682a79f8caf1
[2025-04-06 22:19:55] [INFO] [SelectedTilePanel] Checksum updated, getting units at selected tiles.
[2025-04-06 22:19:55] [INFO] [SelectedTilePanel] Updated selected tile display to view Jahde
[2025-04-06 22:19:55] [INFO] [StatisticsInformationPanel] Finished updating Greater UI
[2025-04-06 22:19:56] [INFO] [InputHandler] Gliding 1 camera to new tile 2_2_204b6cdd-24da-4482-901e-682a79f8caf1
