[2025-03-11 00:32:11] [INFO] [AssetPool] Started initializing AssetPool
[2025-03-11 00:32:11] [INFO] [Engine] HEAP ALLOCATION INCREASED! 1.0 GB of 16.0 GB used
[2025-03-11 00:32:11] [INFO] [SpriteSheetOG] Started loading Sprite's from ./res/graphics
[2025-03-11 00:32:11] [INFO] [SpriteSheetOG] Finished reading files for sprites
[2025-03-11 00:32:11] [INFO] [Sprite] Finished loading ./res/graphics/misc/blue_reticle.png
[2025-03-11 00:32:11] [INFO] [Sprite] Finished loading ./res/graphics/misc/pink_spawn.png
[2025-03-11 00:32:11] [INFO] [Sprite] Finished loading ./res/graphics/misc/reticle.png
[2025-03-11 00:32:11] [INFO] [Sprite] Finished loading ./res/graphics/misc/yellow_spawn.png
[2025-03-11 00:32:11] [INFO] [Sprite] Finished loading ./res/graphics/misc/blue_spawn.png
[2025-03-11 00:32:11] [INFO] [Sprite] Finished loading ./res/graphics/misc/red_reticle.png
[2025-03-11 00:32:11] [INFO] [Sprite] Finished loading ./res/graphics/misc/depth_shadows.png
[2025-03-11 00:32:11] [INFO] [Sprite] Finished loading ./res/graphics/misc/yellow_reticle.png
[2025-03-11 00:32:11] [INFO] [Sprite] Finished loading ./res/graphics/misc/red_spawn.png
[2025-03-11 00:32:11] [INFO] [Sprite] Finished loading ./res/graphics/misc/directional_shadows.png
[2025-03-11 00:32:11] [INFO] [Sprite] Finished loading ./res/graphics/shadows/northwest.png
[2025-03-11 00:32:11] [INFO] [Sprite] Finished loading ./res/graphics/shadows/west.png
[2025-03-11 00:32:11] [INFO] [Sprite] Finished loading ./res/graphics/shadows/north.png
[2025-03-11 00:32:11] [INFO] [Sprite] Finished loading ./res/graphics/shadows/east.png
[2025-03-11 00:32:11] [INFO] [Sprite] Finished loading ./res/graphics/shadows/northeast.png
[2025-03-11 00:32:11] [INFO] [Sprite] Finished loading ./res/graphics/shadows/south.png
[2025-03-11 00:32:11] [INFO] [Sprite] Finished loading ./res/graphics/shadows/southwest.png
[2025-03-11 00:32:11] [INFO] [Sprite] Finished loading ./res/graphics/shadows/southeast.png
[2025-03-11 00:32:11] [INFO] [Sprite] Finished loading ./res/graphics/structures/tree3_structure.png
[2025-03-11 00:32:11] [INFO] [Sprite] Finished loading ./res/graphics/structures/tree4_structure.png
[2025-03-11 00:32:11] [INFO] [Sprite] Finished loading ./res/graphics/structures/tree1_structure.png
[2025-03-11 00:32:11] [INFO] [Sprite] Finished loading ./res/graphics/structures/tree5_structure.png
[2025-03-11 00:32:11] [INFO] [Sprite] Finished loading ./res/graphics/structures/tree2_structure.png
[2025-03-11 00:32:11] [INFO] [Sprite] Finished loading ./res/graphics/structures/tree6_structure.png
[2025-03-11 00:32:11] [INFO] [Sprite] Finished loading ./res/graphics/wall_tiles/rock_wall2.png
[2025-03-11 00:32:11] [INFO] [Sprite] Finished loading ./res/graphics/wall_tiles/sandstone_wall.png
[2025-03-11 00:32:11] [INFO] [Sprite] Finished loading ./res/graphics/wall_tiles/elden_yellow_wall.png
[2025-03-11 00:32:11] [INFO] [Sprite] Finished loading ./res/graphics/wall_tiles/vine_on_wall.png
[2025-03-11 00:32:11] [INFO] [Sprite] Finished loading ./res/graphics/wall_tiles/boulder_wall.png
[2025-03-11 00:32:11] [INFO] [Sprite] Finished loading ./res/graphics/wall_tiles/white_marble_wall.png
[2025-03-11 00:32:11] [INFO] [Sprite] Finished loading ./res/graphics/wall_tiles/elden_green_wall.png
[2025-03-11 00:32:11] [INFO] [Sprite] Finished loading ./res/graphics/wall_tiles/brown_marble_wall.png
[2025-03-11 00:32:11] [INFO] [Sprite] Finished loading ./res/graphics/wall_tiles/small_brick_wall.png
[2025-03-11 00:32:11] [INFO] [Sprite] Finished loading ./res/graphics/wall_tiles/moss_wall.png
[2025-03-11 00:32:11] [INFO] [Sprite] Finished loading ./res/graphics/wall_tiles/dirt_brick_vine_wall.png
[2025-03-11 00:32:11] [INFO] [Sprite] Finished loading ./res/graphics/wall_tiles/elden_purple_wall.png
[2025-03-11 00:32:11] [INFO] [Sprite] Finished loading ./res/graphics/wall_tiles/large_brick_wall.png
[2025-03-11 00:32:11] [INFO] [Sprite] Finished loading ./res/graphics/wall_tiles/dirt_wall.png
[2025-03-11 00:32:11] [INFO] [Sprite] Finished loading ./res/graphics/wall_tiles/alien_wall.png
[2025-03-11 00:32:11] [INFO] [Sprite] Finished loading ./res/graphics/wall_tiles/industrial_brick_wall.png
[2025-03-11 00:32:11] [INFO] [Sprite] Finished loading ./res/graphics/wall_tiles/rock_wall.png
[2025-03-11 00:32:11] [INFO] [Sprite] Finished loading ./res/graphics/wall_tiles/dirt_wall2.png
[2025-03-11 00:32:11] [INFO] [Sprite] Finished loading ./res/graphics/wall_tiles/moss_wall2.png
[2025-03-11 00:32:11] [INFO] [Sprite] Finished loading ./res/graphics/wall_tiles/moss_wall3.png
[2025-03-11 00:32:11] [INFO] [Sprite] Finished loading ./res/graphics/wall_tiles/no_wall.png
[2025-03-11 00:32:11] [INFO] [Sprite] Finished loading ./res/graphics/wall_tiles/alien_rune_wall.png
[2025-03-11 00:32:11] [INFO] [Sprite] Finished loading ./res/graphics/wall_tiles/industrial_wall.png
[2025-03-11 00:32:11] [INFO] [Sprite] Finished loading ./res/graphics/wall_tiles/small_brick_wall2.png
[2025-03-11 00:32:11] [INFO] [Sprite] Finished loading ./res/graphics/old/liquids 2.png
[2025-03-11 00:32:11] [INFO] [Sprite] Finished loading ./res/graphics/old/gems.png
[2025-03-11 00:32:11] [INFO] [Sprite] Finished loading ./res/graphics/old/floors.png
[2025-03-11 00:32:11] [INFO] [Sprite] Finished loading ./res/graphics/old/terrains.png
[2025-03-11 00:32:11] [INFO] [Sprite] Finished loading ./res/graphics/old/gemsRaw.png
[2025-03-11 00:32:11] [INFO] [Sprite] Finished loading ./res/graphics/old/walls.png
[2025-03-11 00:32:11] [INFO] [Sprite] Finished loading ./res/graphics/old/special2.png
[2025-03-11 00:32:11] [INFO] [Sprite] Finished loading ./res/graphics/old/structures.png
[2025-03-11 00:32:11] [INFO] [Sprite] Finished loading ./res/graphics/old/special.png
[2025-03-11 00:32:11] [INFO] [Sprite] Finished loading ./res/graphics/old/liquids.png
[2025-03-11 00:32:11] [INFO] [Sprite] Finished loading ./res/graphics/old/units.png
[2025-03-11 00:32:11] [INFO] [Sprite] Finished loading ./res/graphics/old/terrains2.png
[2025-03-11 00:32:11] [INFO] [Sprite] Finished loading ./res/graphics/old/floors2.png
[2025-03-11 00:32:11] [INFO] [Sprite] Finished loading ./res/graphics/floor_tiles/sand_1_floor.png
[2025-03-11 00:32:11] [INFO] [Sprite] Finished loading ./res/graphics/floor_tiles/sand_dark_floor.png
[2025-03-11 00:32:11] [INFO] [Sprite] Finished loading ./res/graphics/floor_tiles/dirty_grass_1_floor.png
[2025-03-11 00:32:11] [INFO] [Sprite] Finished loading ./res/graphics/floor_tiles/white_sand_floor.png
[2025-03-11 00:32:11] [INFO] [Sprite] Finished loading ./res/graphics/floor_tiles/white_sands_2.png
[2025-03-11 00:32:11] [INFO] [Sprite] Finished loading ./res/graphics/floor_tiles/dirty_grass_2_floor.png
[2025-03-11 00:32:11] [INFO] [Sprite] Finished loading ./res/graphics/floor_tiles/sand_3_floor.png
[2025-03-11 00:32:11] [INFO] [Sprite] Finished loading ./res/graphics/floor_tiles/obsidian_floor.png
[2025-03-11 00:32:11] [INFO] [Sprite] Finished loading ./res/graphics/floor_tiles/base_floor.png
[2025-03-11 00:32:11] [INFO] [Sprite] Finished loading ./res/graphics/floor_tiles/sand_floor.png
[2025-03-11 00:32:11] [INFO] [Sprite] Finished loading ./res/graphics/floor_tiles/dirty_grass_3_floor.png
[2025-03-11 00:32:11] [INFO] [Sprite] Finished loading ./res/graphics/floor_tiles/sand_2_floor.png
[2025-03-11 00:32:11] [INFO] [Sprite] Finished loading ./res/graphics/units/Air_Dragon.png
[2025-03-11 00:32:11] [INFO] [Sprite] Finished loading ./res/graphics/units/Dragon.png
[2025-03-11 00:32:11] [INFO] [Sprite] Finished loading ./res/graphics/units/Dark_Dragon.png
[2025-03-11 00:32:11] [INFO] [Sprite] Finished loading ./res/graphics/units/Earth_Dragon.png
[2025-03-11 00:32:11] [INFO] [Sprite] Finished loading ./res/graphics/units/Light_Dragon.png
[2025-03-11 00:32:11] [INFO] [Sprite] Finished loading ./res/graphics/units/Water_Dragon.png
[2025-03-11 00:32:11] [INFO] [Sprite] Finished loading ./res/graphics/units/Fire_Dragon.png
[2025-03-11 00:32:11] [INFO] [Sprite] Finished loading ./res/graphics/actions/StatsDown.png
[2025-03-11 00:32:11] [INFO] [Sprite] Finished loading ./res/graphics/actions/PhysicalHit4.png
[2025-03-11 00:32:11] [INFO] [Sprite] Finished loading ./res/graphics/actions/Slash.png
[2025-03-11 00:32:11] [INFO] [Sprite] Finished loading ./res/graphics/actions/Air.png
[2025-03-11 00:32:11] [INFO] [Sprite] Finished loading ./res/graphics/actions/Dark.png
[2025-03-11 00:32:11] [INFO] [Sprite] Finished loading ./res/graphics/actions/Blunt.png
[2025-03-11 00:32:11] [INFO] [Sprite] Finished loading ./res/graphics/actions/Fire.png
[2025-03-11 00:32:11] [INFO] [Sprite] Finished loading ./res/graphics/actions/Earth.png
[2025-03-11 00:32:11] [INFO] [Sprite] Finished loading ./res/graphics/actions/Light.png
[2025-03-11 00:32:11] [INFO] [Sprite] Finished loading ./res/graphics/actions/StatsUp.png
[2025-03-11 00:32:11] [INFO] [Sprite] Finished loading ./res/graphics/actions/Water.png
[2025-03-11 00:32:11] [INFO] [Sprite] Finished loading ./res/graphics/actions/Pierce.png
[2025-03-11 00:32:11] [INFO] [Sprite] Finished loading ./res/graphics/spells/LightSpell.png
[2025-03-11 00:32:11] [INFO] [Sprite] Finished loading ./res/graphics/spells/StatsDown.png
[2025-03-11 00:32:11] [INFO] [Sprite] Finished loading ./res/graphics/spells/WindSpell.png
[2025-03-11 00:32:11] [INFO] [Sprite] Finished loading ./res/graphics/spells/WaterSpell.png
[2025-03-11 00:32:11] [INFO] [Sprite] Finished loading ./res/graphics/spells/PhysicalHit4.png
[2025-03-11 00:32:11] [INFO] [Sprite] Finished loading ./res/graphics/spells/PhysicalHit1.png
[2025-03-11 00:32:11] [INFO] [Sprite] Finished loading ./res/graphics/spells/LightningSpell.png
[2025-03-11 00:32:11] [INFO] [Sprite] Finished loading ./res/graphics/spells/PhysicalHit3.png
[2025-03-11 00:32:11] [INFO] [Sprite] Finished loading ./res/graphics/spells/PhysicalHit2.png
[2025-03-11 00:32:11] [INFO] [Sprite] Finished loading ./res/graphics/spells/FireSpell.png
[2025-03-11 00:32:11] [INFO] [Sprite] Finished loading ./res/graphics/spells/DarkSpell.png
[2025-03-11 00:32:11] [INFO] [Sprite] Finished loading ./res/graphics/spells/StatsUp.png
[2025-03-11 00:32:11] [INFO] [Sprite] Finished loading ./res/graphics/spells/EarthSpell.png
[2025-03-11 00:32:11] [INFO] [Sprite] Finished loading ./res/graphics/liquids/greater_leafage_liquid.png
[2025-03-11 00:32:11] [INFO] [Sprite] Finished loading ./res/graphics/liquids/waterV4_liquid.png
[2025-03-11 00:32:11] [INFO] [Sprite] Finished loading ./res/graphics/liquids/shallow_swamp.png
[2025-03-11 00:32:11] [INFO] [Sprite] Finished loading ./res/graphics/liquids/water5.png
[2025-03-11 00:32:11] [INFO] [Sprite] Finished loading ./res/graphics/liquids/swamp_2.png
[2025-03-11 00:32:11] [INFO] [Sprite] Finished loading ./res/graphics/liquids/Lava_liquid.png
[2025-03-11 00:32:11] [INFO] [Sprite] Finished loading ./res/graphics/liquids/swamp2.png
[2025-03-11 00:32:11] [INFO] [Sprite] Finished loading ./res/graphics/liquids/waterV33_liquid.png
[2025-03-11 00:32:11] [INFO] [Sprite] Finished loading ./res/graphics/liquids/shallow_water_liquid.png
[2025-03-11 00:32:11] [INFO] [Sprite] Finished loading ./res/graphics/liquids/water_liquid.png
[2025-03-11 00:32:11] [INFO] [Sprite] Finished loading ./res/graphics/liquids/waterV2_liquid.png
[2025-03-11 00:32:11] [INFO] [Sprite] Finished loading ./res/graphics/liquids/swamp2_liquid.png
[2025-03-11 00:32:11] [INFO] [SpriteSheetOG] Finished loading ./res/graphics
[2025-03-11 00:32:11] [INFO] [AssetPool] Finished initializing AssetPool
[2025-03-11 00:32:11] [INFO] [FontPoolV1] Started initializing FontPoolV1
[2025-03-11 00:32:11] [INFO] [FontPoolV1] Finished initializing FontPoolV1
[2025-03-11 00:32:11] [INFO] [UnitDatabase] Started initializing UnitDatabase
[2025-03-11 00:32:11] [INFO] [UnitDatabase] Successfully initialized UnitDatabase
[2025-03-11 00:32:11] [INFO] [UnitDatabase] Finished initializing UnitDatabase
[2025-03-11 00:32:11] [INFO] [JsonDatabase] Started initializing JsonDatabase
[2025-03-11 00:32:11] [INFO] [JsonTable] Started initializing JsonTable
[2025-03-11 00:32:11] [INFO] [JsonTable] Successfully initialized JsonTable
[2025-03-11 00:32:11] [INFO] [JsonTable] Finished initializing JsonTable
[2025-03-11 00:32:11] [INFO] [JsonTable] Started initializing JsonTable
[2025-03-11 00:32:11] [INFO] [JsonTable] Successfully initialized JsonTable
[2025-03-11 00:32:11] [INFO] [JsonTable] Finished initializing JsonTable
[2025-03-11 00:32:11] [INFO] [JsonTable] Started initializing JsonTable
[2025-03-11 00:32:11] [INFO] [JsonTable] Successfully initialized JsonTable
[2025-03-11 00:32:11] [INFO] [JsonTable] Finished initializing JsonTable
[2025-03-11 00:32:11] [INFO] [JsonDatabase] Successfully initialized JsonDatabase
[2025-03-11 00:32:11] [INFO] [JsonDatabase] Finished initializing JsonDatabase
[2025-03-11 00:32:11] [INFO] [Component] Setting 98b14eb3-5325-4c47-8c56-a9d9ae3f4af1 on to ad376d80-af88-4c71-b338-2d32ebea9f9e.
[2025-03-11 00:32:11] [INFO] [SpeedQueue] Added unit enemy:Syyzo into queue
[2025-03-11 00:32:11] [INFO] [Component] Setting 13262897-341a-46bb-9a4e-4421b3fc49cb on to 0e02ec4d-a0e6-478f-ab1d-b387d99010c8.
[2025-03-11 00:32:11] [INFO] [SpeedQueue] Added unit enemy:Zohe into queue
[2025-03-11 00:32:11] [INFO] [Component] Setting f47b74cf-e028-46e3-a3ad-9d0baccdd234 on to b92d5c96-ee9d-4312-8be5-d0a20878063d.
[2025-03-11 00:32:11] [INFO] [SpeedQueue] Added unit enemy:Rymy into queue
[2025-03-11 00:32:11] [INFO] [Component] Setting b6aec2b9-92c0-4927-ac1b-b93b1543859e on to 2df6867e-8d62-4926-8269-83aade3895b1.
[2025-03-11 00:32:11] [INFO] [SpeedQueue] Added unit enemy:Zopaji into queue
[2025-03-11 00:32:11] [INFO] [Component] Setting 6ba2b8a5-356e-4829-a335-a907c74c73b9 on to f626a9f1-4954-4da7-b4cc-059e8380dc4e.
[2025-03-11 00:32:11] [INFO] [SpeedQueue] Added unit user:Sahyeo into queue
[2025-03-11 00:32:11] [INFO] [Component] Setting 457e261b-6c88-4803-ad61-8b0b89c19a6b on to c700126e-32a4-4daf-9d96-c73fe5fedb88.
[2025-03-11 00:32:11] [INFO] [SpeedQueue] Added unit user:Taji into queue
[2025-03-11 00:32:11] [INFO] [Component] Setting 790abc68-1a65-480e-b37b-a1da127d60be on to 1f8094ca-2b18-4109-b4b7-1ac2e8b71810.
[2025-03-11 00:32:11] [INFO] [SpeedQueue] Added unit user:Gayi into queue
[2025-03-11 00:32:11] [INFO] [Component] Setting 6cd0edc0-a812-4a19-97f3-1aaa64bd4b39 on to 1ebe53b6-22cf-478f-9af0-3bf65bbc4d84.
[2025-03-11 00:32:11] [INFO] [SpeedQueue] Added unit user:Xyjffa into queue
[2025-03-11 00:32:11] [INFO] [FontPool] Started initializing FontPool
[2025-03-11 00:32:11] [INFO] [FontPool] ✅ Successfully loaded font: Lilian
[2025-03-11 00:32:12] [INFO] [SpeedQueue] Speed queue updated.
[2025-03-11 00:32:12] [INFO] [VisualsSystem] Started creating blurred background
[2025-03-11 00:32:12] [INFO] [TimeLinePanel] Updating timeline HUD
[2025-03-11 00:32:12] [INFO] [SelectedTilePanel] Checksum updated, getting units at selected tiles.
[2025-03-11 00:32:12] [INFO] [SelectedTilePanel] Either no unit selected or more than one unit selected
[2025-03-11 00:32:12] [INFO] [LesserStatisticsInformationPanel] Checksum has been updated, querying statistics for unit 457e261b-6c88-4803-ad61-8b0b89c19a6b
[2025-03-11 00:32:13] [INFO] [VisualsSystem] Finished creating blurred background after 0.4995304346084595 seconds
[2025-03-11 00:32:15] [INFO] [SelectedTilePanel] Checksum updated, getting units at selected tiles.
[2025-03-11 00:32:15] [INFO] [SelectedTilePanel] Either no unit selected or more than one unit selected
[2025-03-11 00:32:18] [INFO] [SelectedTilePanel] Checksum updated, getting units at selected tiles.
[2025-03-11 00:32:18] [INFO] [SelectedTilePanel] Either no unit selected or more than one unit selected
[2025-03-11 00:32:19] [INFO] [SelectedTilePanel] Checksum updated, getting units at selected tiles.
[2025-03-11 00:32:19] [INFO] [SelectedTilePanel] Either no unit selected or more than one unit selected
[2025-03-11 00:32:22] [INFO] [SelectedTilePanel] Checksum updated, getting units at selected tiles.
[2025-03-11 00:32:22] [INFO] [SelectedTilePanel] Either no unit selected or more than one unit selected
[2025-03-11 00:32:24] [INFO] [SelectedTilePanel] Checksum updated, getting units at selected tiles.
[2025-03-11 00:32:24] [INFO] [SelectedTilePanel] Either no unit selected or more than one unit selected
[2025-03-11 00:32:25] [INFO] [SelectedTilePanel] Checksum updated, getting units at selected tiles.
[2025-03-11 00:32:25] [INFO] [SelectedTilePanel] Either no unit selected or more than one unit selected
[2025-03-11 00:32:26] [INFO] [SelectedTilePanel] Checksum updated, getting units at selected tiles.
[2025-03-11 00:32:26] [INFO] [SelectedTilePanel] Either no unit selected or more than one unit selected
[2025-03-11 00:32:27] [INFO] [SelectedTilePanel] Checksum updated, getting units at selected tiles.
[2025-03-11 00:32:27] [INFO] [SelectedTilePanel] Either no unit selected or more than one unit selected
[2025-03-11 00:32:28] [INFO] [SelectedTilePanel] Checksum updated, getting units at selected tiles.
[2025-03-11 00:32:28] [INFO] [SelectedTilePanel] Either no unit selected or more than one unit selected
[2025-03-11 00:32:29] [INFO] [SelectedTilePanel] Checksum updated, getting units at selected tiles.
[2025-03-11 00:32:29] [INFO] [SelectedTilePanel] Either no unit selected or more than one unit selected
[2025-03-11 00:32:31] [INFO] [SelectedTilePanel] Checksum updated, getting units at selected tiles.
[2025-03-11 00:32:31] [INFO] [SelectedTilePanel] Either no unit selected or more than one unit selected
[2025-03-11 00:32:32] [INFO] [SelectedTilePanel] Checksum updated, getting units at selected tiles.
[2025-03-11 00:32:32] [INFO] [SelectedTilePanel] Updated selected tile display to view Rymy
[2025-03-11 00:32:33] [INFO] [SelectedTilePanel] Checksum updated, getting units at selected tiles.
[2025-03-11 00:32:33] [INFO] [SelectedTilePanel] Either no unit selected or more than one unit selected
[2025-03-11 00:32:37] [INFO] [Main] {
  "map.generation.zoom": 0.75,
  "map.generation.min.height": -10,
  "hovered.tiles": ["346439f9-d61c-4217-b83c-b3438eca1b8a"],
  "view_sprite_height": 96,
  "delta_time": 0.034113417,
  "map.generation.starting.camerra.height": 950,
  "spawn.placement.policy": "everywhere",
  "gameplay.water.level": 0,
  "statistics.panel.is.open": false,
  "automatically.go.to.home.controls": false,
  "camera_map": {
    "main_camera": {},
    "selection_camera": {}
  },
  "map.generation.starting.y": 0,
  "map.generation.base.level": 1,
  "map.generation.starting.x": 0,
  "show.heights": true,
  "hide.gameplay.ui": true,
  "tile.to.glide.to": "",
  "map.generation.max.height": 10,
  "selected.tiles.checksum": 1155994883,
  "map.generation.base.terrain": "obsidian_floor",
  "debug_mode_for_the_game_state": false,
  "movement.panel.is.open": false,
  "gameplay.rows": 10,
  "view_sprite_width": 96,
  "map.generation.starting.sprite.width": 96,
  "ability.panel.is.open": false,
  "gameplay.mode": "gameplay.mode.regular",
  "map.generation.structure.assets": ["tree4_structure"],
  "floating_text_map": {},
  "map.center.on.startup": true,
  "gameplay.columns": 10,
  "gameplay.water.asset": "water_liquid",
  "selected.tiles": ["a5bff8ea-818e-4453-adc6-bb8dde37d6c9"],
  "map.generation.starting.camera.width": 1500,
  "selected_ability_from_ui": "",
  "map.generation.starting.sprite.height": 96,
  "map.generation.use.noise": true,
  "floating_text_font_size": 30,
  "map.generation.base.asset": "base_floor"
}
