[2025-04-16 22:48:44] [INFO] [UnitTable] Started initializing UnitTable
[2025-04-16 22:48:44] [INFO] [EmeritusDatabase] Started initializing EmeritusDatabase
[2025-04-16 22:48:44] [INFO] [EmeritusDatabase] Finished initializing EmeritusDatabase
[2025-04-16 22:48:44] [INFO] [UnitTable] Successfully initialized UnitTable
[2025-04-16 22:48:44] [INFO] [UnitTable] Finished initializing UnitTable
[2025-04-16 22:48:44] [INFO] [AbilityTable] Started initializing AbilityTable
[2025-04-16 22:48:44] [INFO] [AbilityTable] Finished initializing AbilityTable
[2025-04-16 22:48:44] [INFO] [UserSaveStateManager] Started loading user save data
[2025-04-16 22:48:44] [INFO] [UserSaveStateManager] Finished loading user save data
[2025-04-16 22:48:44] [INFO] [AssetPool] Started initializing AssetPool
[2025-04-16 22:48:44] [INFO] [AssetNameSpace] Started loading Sprite's from ./res/graphics
[2025-04-16 22:48:44] [INFO] [AssetNameSpace] Finished reading files for sprites
[2025-04-16 22:48:44] [INFO] [AssetNameSpace] Finished loading ./res/graphics
[2025-04-16 22:48:44] [INFO] [AssetPool] Finished initializing AssetPool
[2025-04-16 22:48:44] [INFO] [Component] Setting water_dragon_Yuio_5822c61b-f579-45a1-85bb-2589d039cf41 on to {"spawn_region":[],"collider":"","unit":"water_dragon_Yuio_5822c61b-f579-45a1-85bb-2589d039cf41","column":7,"row":7,"structure":"","height":0}.
[2025-04-16 22:48:44] [INFO] [SpeedQueue] Added unit enemy:Yuio into queue
[2025-04-16 22:48:44] [INFO] [Component] Setting earth_dragon_Mucy_f631eaeb-b1b7-4b61-b5fd-84c0432fc900 on to {"spawn_region":[],"collider":"","unit":"earth_dragon_Mucy_f631eaeb-b1b7-4b61-b5fd-84c0432fc900","column":7,"row":4,"structure":"","height":0}.
[2025-04-16 22:48:44] [INFO] [SpeedQueue] Added unit enemy:Mucy into queue
[2025-04-16 22:48:44] [INFO] [Component] Setting dark_dragon_Uykiy_18a54a2e-8db6-4dfe-804a-b3d555c19a72 on to {"spawn_region":[],"collider":"","unit":"dark_dragon_Uykiy_18a54a2e-8db6-4dfe-804a-b3d555c19a72","column":7,"row":0,"structure":"","height":0}.
[2025-04-16 22:48:44] [INFO] [SpeedQueue] Added unit enemy:Uykiy into queue
[2025-04-16 22:48:44] [INFO] [Component] Setting water_dragon_Pyzr_56a2817d-8f3b-4c71-bb8e-57fc394b5488 on to {"spawn_region":[],"collider":"","unit":"water_dragon_Pyzr_56a2817d-8f3b-4c71-bb8e-57fc394b5488","column":0,"row":4,"structure":"","height":0}.
[2025-04-16 22:48:44] [INFO] [SpeedQueue] Added unit enemy:Pyzr into queue
[2025-04-16 22:48:44] [INFO] [Component] Setting dragon_Fecoz_3510ee0d-3d8a-4a01-88d7-fbaa17536574 on to {"spawn_region":[],"collider":"","unit":"dragon_Fecoz_3510ee0d-3d8a-4a01-88d7-fbaa17536574","column":5,"row":7,"structure":"","height":0}.
[2025-04-16 22:48:44] [INFO] [SpeedQueue] Added unit user:Fecoz into queue
[2025-04-16 22:48:44] [INFO] [EngineController] Started setting scene to MENU_SCENE
[2025-04-16 22:48:45] [INFO] [EngineController] Finished setting scene to MENU_SCENE
[2025-04-16 22:48:45] [INFO] [EngineController] Started setting scene to MAP_EDITOR_SCENE
[2025-04-16 22:48:45] [INFO] [FontPool] Started initializing FontPool
[2025-04-16 22:48:45] [INFO] [FontPool] ✅ Successfully loaded font: Lilian
[2025-04-16 22:48:45] [INFO] [MapEditorScene] Starting to create new GameController!
[2025-04-16 22:48:45] [INFO] [MapEditorScene] Successfully created new GameController!
[2025-04-16 22:48:45] [INFO] [EngineController] Finished setting scene to MAP_EDITOR_SCENE
[2025-04-16 22:48:45] [INFO] [InputHandler] Gliding 0 camera to new tile 10_12_3b7800ea-c0f7-4ea4-bff6-7ae1aff4c9e3
[2025-04-16 22:48:45] [INFO] [TimeLinePanel] Started updating the timeline panel after turn order has changed.
[2025-04-16 22:48:45] [INFO] [TimeLinePanel] Finished updating the timeline panel after turn order has changed.
[2025-04-16 22:48:45] [INFO] [SelectedTilePanel] Checksum updated, getting units at selected tiles.
[2025-04-16 22:48:45] [INFO] [SelectedTilePanel] Either no unit selected or more than one unit selected
[2025-04-16 22:48:45] [INFO] [VisualsSystem] Started creating blurred background
[2025-04-16 22:48:46] [INFO] [VisualsSystem] Finished creating blurred background after 0.5029782056808472 seconds
[2025-04-16 22:48:46] [INFO] [MapEditorScene] Updated hoveredTilePanes 745,461
[2025-04-16 22:48:46] [INFO] [MapEditorScene] Updated hoveredTilePanes 742,462
[2025-04-16 22:48:46] [INFO] [MapEditorScene] Updated hoveredTilePanes 737,464
[2025-04-16 22:48:46] [INFO] [MapEditorScene] Updated hoveredTilePanes 728,468
[2025-04-16 22:48:46] [INFO] [MapEditorScene] Updated hoveredTilePanes 722,470
[2025-04-16 22:48:46] [INFO] [MapEditorScene] Updated hoveredTilePanes 715,473
[2025-04-16 22:48:46] [INFO] [MapEditorScene] Updated hoveredTilePanes 708,475
[2025-04-16 22:48:46] [INFO] [MapEditorScene] Updated hoveredTilePanes 703,476
[2025-04-16 22:48:46] [INFO] [MapEditorScene] Updated hoveredTilePanes 697,478
[2025-04-16 22:48:46] [INFO] [MapEditorScene] Updated hoveredTilePanes 690,480
[2025-04-16 22:48:46] [INFO] [MapEditorScene] Updated hoveredTilePanes 679,483
[2025-04-16 22:48:46] [INFO] [MapEditorScene] Updated hoveredTilePanes 674,485
[2025-04-16 22:48:46] [INFO] [MapEditorScene] Updated hoveredTilePanes 671,486
[2025-04-16 22:48:46] [INFO] [MapEditorScene] Updated hoveredTilePanes 669,487
[2025-04-16 22:48:46] [INFO] [MapEditorScene] Updated hoveredTilePanes 667,487
[2025-04-16 22:48:46] [INFO] [MapEditorScene] Updated hoveredTilePanes 666,488
[2025-04-16 22:48:46] [INFO] [MapEditorScene] Updated hoveredTilePanes 665,488
[2025-04-16 22:48:46] [INFO] [MapEditorScene] Updated hoveredTilePanes 664,488
[2025-04-16 22:48:46] [INFO] [MapEditorScene] Updated hoveredTilePanes 664,487
[2025-04-16 22:48:46] [INFO] [MapEditorScene] Updated hoveredTilePanes 664,485
[2025-04-16 22:48:46] [INFO] [MapEditorScene] Updated hoveredTilePanes 664,481
[2025-04-16 22:48:46] [INFO] [MapEditorScene] Updated hoveredTilePanes 661,475
[2025-04-16 22:48:46] [INFO] [MapEditorScene] Updated hoveredTilePanes 661,466
[2025-04-16 22:48:46] [INFO] [MapEditorScene] Updated hoveredTilePanes 661,459
[2025-04-16 22:48:47] [INFO] [MapEditorScene] Updated hoveredTilePanes 661,451
[2025-04-16 22:48:47] [INFO] [MapEditorScene] Updated hoveredTilePanes 660,439
[2025-04-16 22:48:47] [INFO] [MapEditorScene] Updated hoveredTilePanes 660,428
[2025-04-16 22:48:47] [INFO] [MapEditorScene] Updated hoveredTilePanes 660,425
[2025-04-16 22:48:47] [INFO] [MapEditorScene] Updated hoveredTilePanes 660,414
[2025-04-16 22:48:47] [INFO] [MapEditorScene] Updated hoveredTilePanes 658,400
[2025-04-16 22:48:47] [INFO] [MapEditorScene] Updated hoveredTilePanes 658,397
[2025-04-16 22:48:47] [INFO] [MapEditorScene] Updated hoveredTilePanes 658,388
[2025-04-16 22:48:47] [INFO] [MapEditorScene] Updated hoveredTilePanes 658,381
[2025-04-16 22:48:47] [INFO] [MapEditorScene] Updated hoveredTilePanes 658,375
[2025-04-16 22:48:47] [INFO] [MapEditorScene] Updated hoveredTilePanes 658,368
[2025-04-16 22:48:47] [INFO] [MapEditorScene] Updated hoveredTilePanes 658,365
[2025-04-16 22:48:47] [INFO] [MapEditorScene] Updated hoveredTilePanes 658,360
[2025-04-16 22:48:47] [INFO] [MapEditorScene] Updated hoveredTilePanes 658,357
[2025-04-16 22:48:47] [INFO] [MapEditorScene] Updated hoveredTilePanes 658,355
[2025-04-16 22:48:47] [INFO] [MapEditorScene] Updated hoveredTilePanes 658,354
[2025-04-16 22:48:47] [INFO] [MapEditorScene] Updated hoveredTilePanes 658,353
[2025-04-16 22:48:47] [INFO] [MapEditorScene] Updated hoveredTilePanes 658,352
[2025-04-16 22:48:47] [INFO] [MapEditorScene] Updated hoveredTilePanes 658,351
[2025-04-16 22:48:47] [INFO] [MapEditorScene] Updated hoveredTilePanes 658,350
[2025-04-16 22:48:47] [INFO] [MapEditorScene] Updated hoveredTilePanes 656,346
[2025-04-16 22:48:47] [INFO] [MapEditorScene] Updated hoveredTilePanes 652,340
[2025-04-16 22:48:47] [INFO] [MapEditorScene] Updated hoveredTilePanes 648,335
[2025-04-16 22:48:47] [INFO] [MapEditorScene] Updated hoveredTilePanes 641,327
[2025-04-16 22:48:47] [INFO] [MapEditorScene] Updated hoveredTilePanes 633,319
[2025-04-16 22:48:47] [INFO] [MapEditorScene] Updated hoveredTilePanes 627,312
[2025-04-16 22:48:47] [INFO] [MapEditorScene] Updated hoveredTilePanes 619,306
[2025-04-16 22:48:47] [INFO] [MapEditorScene] Updated hoveredTilePanes 617,304
[2025-04-16 22:48:47] [INFO] [MapEditorScene] Updated hoveredTilePanes 609,298
[2025-04-16 22:48:47] [INFO] [MapEditorScene] Updated hoveredTilePanes 605,294
[2025-04-16 22:48:47] [INFO] [MapEditorScene] Updated hoveredTilePanes 600,289
[2025-04-16 22:48:47] [INFO] [MapEditorScene] Updated hoveredTilePanes 596,285
[2025-04-16 22:48:47] [INFO] [MapEditorScene] Updated hoveredTilePanes 592,283
[2025-04-16 22:48:47] [INFO] [MapEditorScene] Updated hoveredTilePanes 590,280
[2025-04-16 22:48:47] [INFO] [MapEditorScene] Updated hoveredTilePanes 587,278
[2025-04-16 22:48:47] [INFO] [MapEditorScene] Updated hoveredTilePanes 585,275
[2025-04-16 22:48:47] [INFO] [MapEditorScene] Updated hoveredTilePanes 583,274
[2025-04-16 22:48:47] [INFO] [MapEditorScene] Updated hoveredTilePanes 581,271
[2025-04-16 22:48:47] [INFO] [MapEditorScene] Updated hoveredTilePanes 578,269
[2025-04-16 22:48:47] [INFO] [MapEditorScene] Updated hoveredTilePanes 576,268
[2025-04-16 22:48:47] [INFO] [MapEditorScene] Updated hoveredTilePanes 575,267
[2025-04-16 22:48:47] [INFO] [MapEditorScene] Updated hoveredTilePanes 573,265
[2025-04-16 22:48:47] [INFO] [MapEditorScene] Updated hoveredTilePanes 571,264
[2025-04-16 22:48:47] [INFO] [MapEditorScene] Updated hoveredTilePanes 569,263
[2025-04-16 22:48:47] [INFO] [MapEditorScene] Updated hoveredTilePanes 567,261
[2025-04-16 22:48:47] [INFO] [MapEditorScene] Updated hoveredTilePanes 565,260
[2025-04-16 22:48:47] [INFO] [MapEditorScene] Updated hoveredTilePanes 562,259
[2025-04-16 22:48:47] [INFO] [MapEditorScene] Updated hoveredTilePanes 557,257
[2025-04-16 22:48:47] [INFO] [MapEditorScene] Updated hoveredTilePanes 554,256
[2025-04-16 22:48:47] [INFO] [MapEditorScene] Updated hoveredTilePanes 549,256
[2025-04-16 22:48:47] [INFO] [MapEditorScene] Updated hoveredTilePanes 544,255
[2025-04-16 22:48:47] [INFO] [MapEditorScene] Updated hoveredTilePanes 538,254
[2025-04-16 22:48:47] [INFO] [MapEditorScene] Updated hoveredTilePanes 529,254
[2025-04-16 22:48:47] [INFO] [MapEditorScene] Updated hoveredTilePanes 522,254
[2025-04-16 22:48:47] [INFO] [MapEditorScene] Updated hoveredTilePanes 514,254
[2025-04-16 22:48:47] [INFO] [MapEditorScene] Updated hoveredTilePanes 505,254
[2025-04-16 22:48:47] [INFO] [MapEditorScene] Updated hoveredTilePanes 494,254
[2025-04-16 22:48:47] [INFO] [MapEditorScene] Updated hoveredTilePanes 482,254
[2025-04-16 22:48:47] [INFO] [MapEditorScene] Updated hoveredTilePanes 469,254
[2025-04-16 22:48:47] [INFO] [MapEditorScene] Updated hoveredTilePanes 464,255
[2025-04-16 22:48:47] [INFO] [MapEditorScene] Updated hoveredTilePanes 453,258
[2025-04-16 22:48:47] [INFO] [MapEditorScene] Updated hoveredTilePanes 444,261
[2025-04-16 22:48:47] [INFO] [MapEditorScene] Updated hoveredTilePanes 437,263
[2025-04-16 22:48:47] [INFO] [MapEditorScene] Updated hoveredTilePanes 431,265
[2025-04-16 22:48:47] [INFO] [MapEditorScene] Updated hoveredTilePanes 426,267
[2025-04-16 22:48:47] [INFO] [MapEditorScene] Updated hoveredTilePanes 423,268
[2025-04-16 22:48:47] [INFO] [MapEditorScene] Updated hoveredTilePanes 422,268
[2025-04-16 22:48:47] [INFO] [MapEditorScene] Updated hoveredTilePanes 420,269
[2025-04-16 22:48:47] [INFO] [MapEditorScene] Updated hoveredTilePanes 419,269
[2025-04-16 22:48:48] [INFO] [MapEditorScene] Updated hoveredTilePanes 419,270
[2025-04-16 22:48:48] [INFO] [MapEditorScene] Updated hoveredTilePanes 418,274
[2025-04-16 22:48:48] [INFO] [MapEditorScene] Updated hoveredTilePanes 414,278
[2025-04-16 22:48:48] [INFO] [MapEditorScene] Updated hoveredTilePanes 411,282
[2025-04-16 22:48:48] [INFO] [MapEditorScene] Updated hoveredTilePanes 408,286
[2025-04-16 22:48:48] [INFO] [MapEditorScene] Updated hoveredTilePanes 406,288
[2025-04-16 22:48:48] [INFO] [MapEditorScene] Updated hoveredTilePanes 403,291
[2025-04-16 22:48:48] [INFO] [MapEditorScene] Updated hoveredTilePanes 398,295
[2025-04-16 22:48:48] [INFO] [MapEditorScene] Updated hoveredTilePanes 392,299
[2025-04-16 22:48:48] [INFO] [MapEditorScene] Updated hoveredTilePanes 387,304
[2025-04-16 22:48:48] [INFO] [MapEditorScene] Updated hoveredTilePanes 382,307
[2025-04-16 22:48:48] [INFO] [MapEditorScene] Updated hoveredTilePanes 378,310
[2025-04-16 22:48:48] [INFO] [MapEditorScene] Updated hoveredTilePanes 373,312
[2025-04-16 22:48:48] [INFO] [MapEditorScene] Updated hoveredTilePanes 369,314
[2025-04-16 22:48:48] [INFO] [MapEditorScene] Updated hoveredTilePanes 365,317
[2025-04-16 22:48:48] [INFO] [MapEditorScene] Updated hoveredTilePanes 360,319
[2025-04-16 22:48:48] [INFO] [MapEditorScene] Updated hoveredTilePanes 356,322
[2025-04-16 22:48:48] [INFO] [MapEditorScene] Updated hoveredTilePanes 351,324
[2025-04-16 22:48:48] [INFO] [MapEditorScene] Updated hoveredTilePanes 348,327
[2025-04-16 22:48:48] [INFO] [MapEditorScene] Updated hoveredTilePanes 339,331
[2025-04-16 22:48:48] [INFO] [MapEditorScene] Updated hoveredTilePanes 334,333
[2025-04-16 22:48:48] [INFO] [MapEditorScene] Updated hoveredTilePanes 327,336
[2025-04-16 22:48:48] [INFO] [MapEditorScene] Updated hoveredTilePanes 325,336
[2025-04-16 22:48:48] [INFO] [MapEditorScene] Updated hoveredTilePanes 319,340
[2025-04-16 22:48:48] [INFO] [MapEditorScene] Updated hoveredTilePanes 314,341
[2025-04-16 22:48:48] [INFO] [MapEditorScene] Updated hoveredTilePanes 307,343
[2025-04-16 22:48:48] [INFO] [MapEditorScene] Updated hoveredTilePanes 303,345
[2025-04-16 22:48:48] [INFO] [MapEditorScene] Updated hoveredTilePanes 299,346
[2025-04-16 22:48:48] [INFO] [MapEditorScene] Updated hoveredTilePanes 295,347
[2025-04-16 22:48:48] [INFO] [MapEditorScene] Updated hoveredTilePanes 291,348
[2025-04-16 22:48:48] [INFO] [MapEditorScene] Updated hoveredTilePanes 288,349
[2025-04-16 22:48:48] [INFO] [MapEditorScene] Updated hoveredTilePanes 285,351
[2025-04-16 22:48:48] [INFO] [MapEditorScene] Updated hoveredTilePanes 283,351
[2025-04-16 22:48:48] [INFO] [MapEditorScene] Updated hoveredTilePanes 280,352
[2025-04-16 22:48:48] [INFO] [MapEditorScene] Updated hoveredTilePanes 278,353
[2025-04-16 22:48:48] [INFO] [MapEditorScene] Updated hoveredTilePanes 276,354
[2025-04-16 22:48:48] [INFO] [MapEditorScene] Updated hoveredTilePanes 272,357
[2025-04-16 22:48:48] [INFO] [MapEditorScene] Updated hoveredTilePanes 269,359
[2025-04-16 22:48:48] [INFO] [MapEditorScene] Updated hoveredTilePanes 265,360
[2025-04-16 22:48:48] [INFO] [MapEditorScene] Updated hoveredTilePanes 261,363
[2025-04-16 22:48:48] [INFO] [MapEditorScene] Updated hoveredTilePanes 258,365
[2025-04-16 22:48:48] [INFO] [MapEditorScene] Updated hoveredTilePanes 254,368
[2025-04-16 22:48:48] [INFO] [MapEditorScene] Updated hoveredTilePanes 252,370
[2025-04-16 22:48:48] [INFO] [MapEditorScene] Updated hoveredTilePanes 249,372
[2025-04-16 22:48:48] [INFO] [MapEditorScene] Updated hoveredTilePanes 245,375
[2025-04-16 22:48:48] [INFO] [MapEditorScene] Updated hoveredTilePanes 243,376
[2025-04-16 22:48:48] [INFO] [MapEditorScene] Updated hoveredTilePanes 239,379
[2025-04-16 22:48:48] [INFO] [MapEditorScene] Updated hoveredTilePanes 238,380
[2025-04-16 22:48:48] [INFO] [MapEditorScene] Updated hoveredTilePanes 236,381
[2025-04-16 22:48:48] [INFO] [MapEditorScene] Updated hoveredTilePanes 233,384
[2025-04-16 22:48:48] [INFO] [MapEditorScene] Updated hoveredTilePanes 232,385
[2025-04-16 22:48:48] [INFO] [MapEditorScene] Updated hoveredTilePanes 231,386
[2025-04-16 22:48:48] [INFO] [MapEditorScene] Updated hoveredTilePanes 230,388
[2025-04-16 22:48:48] [INFO] [MapEditorScene] Updated hoveredTilePanes 229,389
[2025-04-16 22:48:48] [INFO] [MapEditorScene] Updated hoveredTilePanes 228,391
[2025-04-16 22:48:48] [INFO] [MapEditorScene] Updated hoveredTilePanes 226,393
[2025-04-16 22:48:48] [INFO] [MapEditorScene] Updated hoveredTilePanes 224,395
[2025-04-16 22:48:48] [INFO] [MapEditorScene] Updated hoveredTilePanes 222,398
[2025-04-16 22:48:48] [INFO] [MapEditorScene] Updated hoveredTilePanes 221,400
[2025-04-16 22:48:48] [INFO] [MapEditorScene] Updated hoveredTilePanes 219,404
[2025-04-16 22:48:48] [INFO] [MapEditorScene] Updated hoveredTilePanes 218,407
[2025-04-16 22:48:48] [INFO] [MapEditorScene] Updated hoveredTilePanes 216,410
[2025-04-16 22:48:48] [INFO] [MapEditorScene] Updated hoveredTilePanes 214,413
[2025-04-16 22:48:48] [INFO] [MapEditorScene] Updated hoveredTilePanes 212,418
[2025-04-16 22:48:48] [INFO] [MapEditorScene] Updated hoveredTilePanes 211,421
[2025-04-16 22:48:48] [INFO] [MapEditorScene] Updated hoveredTilePanes 209,426
[2025-04-16 22:48:48] [INFO] [MapEditorScene] Updated hoveredTilePanes 207,430
[2025-04-16 22:48:48] [INFO] [MapEditorScene] Updated hoveredTilePanes 206,433
[2025-04-16 22:48:48] [INFO] [MapEditorScene] Updated hoveredTilePanes 204,438
[2025-04-16 22:48:48] [INFO] [MapEditorScene] Updated hoveredTilePanes 202,442
[2025-04-16 22:48:48] [INFO] [MapEditorScene] Updated hoveredTilePanes 200,446
[2025-04-16 22:48:48] [INFO] [MapEditorScene] Updated hoveredTilePanes 199,449
[2025-04-16 22:48:48] [INFO] [MapEditorScene] Updated hoveredTilePanes 197,454
[2025-04-16 22:48:48] [INFO] [MapEditorScene] Updated hoveredTilePanes 194,458
[2025-04-16 22:48:48] [INFO] [MapEditorScene] Updated hoveredTilePanes 192,462
[2025-04-16 22:48:48] [INFO] [MapEditorScene] Updated hoveredTilePanes 190,466
[2025-04-16 22:48:48] [INFO] [MapEditorScene] Updated hoveredTilePanes 189,470
[2025-04-16 22:48:48] [INFO] [MapEditorScene] Updated hoveredTilePanes 187,475
[2025-04-16 22:48:48] [INFO] [MapEditorScene] Updated hoveredTilePanes 184,479
[2025-04-16 22:48:48] [INFO] [MapEditorScene] Updated hoveredTilePanes 182,484
[2025-04-16 22:48:48] [INFO] [MapEditorScene] Updated hoveredTilePanes 180,487
[2025-04-16 22:48:48] [INFO] [MapEditorScene] Updated hoveredTilePanes 178,494
[2025-04-16 22:48:48] [INFO] [MapEditorScene] Updated hoveredTilePanes 176,497
[2025-04-16 22:48:48] [INFO] [MapEditorScene] Updated hoveredTilePanes 174,502
[2025-04-16 22:48:48] [INFO] [MapEditorScene] Updated hoveredTilePanes 174,507
[2025-04-16 22:48:48] [INFO] [MapEditorScene] Updated hoveredTilePanes 171,513
[2025-04-16 22:48:48] [INFO] [MapEditorScene] Updated hoveredTilePanes 169,522
[2025-04-16 22:48:48] [INFO] [MapEditorScene] Updated hoveredTilePanes 168,529
[2025-04-16 22:48:48] [INFO] [MapEditorScene] Updated hoveredTilePanes 167,535
[2025-04-16 22:48:48] [INFO] [MapEditorScene] Updated hoveredTilePanes 165,544
[2025-04-16 22:48:48] [INFO] [MapEditorScene] Updated hoveredTilePanes 164,549
[2025-04-16 22:48:48] [INFO] [MapEditorScene] Updated hoveredTilePanes 163,563
[2025-04-16 22:48:48] [INFO] [MapEditorScene] Updated hoveredTilePanes 163,566
[2025-04-16 22:48:48] [INFO] [MapEditorScene] Updated hoveredTilePanes 162,575
[2025-04-16 22:48:48] [INFO] [MapEditorScene] Updated hoveredTilePanes 162,581
[2025-04-16 22:48:48] [INFO] [MapEditorScene] Updated hoveredTilePanes 160,588
[2025-04-16 22:48:48] [INFO] [MapEditorScene] Updated hoveredTilePanes 160,593
[2025-04-16 22:48:48] [INFO] [MapEditorScene] Updated hoveredTilePanes 159,599
[2025-04-16 22:48:48] [INFO] [MapEditorScene] Updated hoveredTilePanes 159,604
[2025-04-16 22:48:48] [INFO] [MapEditorScene] Updated hoveredTilePanes 158,613
[2025-04-16 22:48:48] [INFO] [MapEditorScene] Updated hoveredTilePanes 158,616
[2025-04-16 22:48:48] [INFO] [MapEditorScene] Updated hoveredTilePanes 158,623
[2025-04-16 22:48:48] [INFO] [MapEditorScene] Updated hoveredTilePanes 158,628
[2025-04-16 22:48:48] [INFO] [MapEditorScene] Updated hoveredTilePanes 158,634
[2025-04-16 22:48:48] [INFO] [MapEditorScene] Updated hoveredTilePanes 158,641
[2025-04-16 22:48:48] [INFO] [MapEditorScene] Updated hoveredTilePanes 158,648
[2025-04-16 22:48:48] [INFO] [MapEditorScene] Updated hoveredTilePanes 158,652
[2025-04-16 22:48:49] [INFO] [MapEditorScene] Updated hoveredTilePanes 158,657
[2025-04-16 22:48:49] [INFO] [MapEditorScene] Updated hoveredTilePanes 159,662
[2025-04-16 22:48:49] [INFO] [MapEditorScene] Updated hoveredTilePanes 159,667
[2025-04-16 22:48:49] [INFO] [MapEditorScene] Updated hoveredTilePanes 160,669
[2025-04-16 22:48:49] [INFO] [MapEditorScene] Updated hoveredTilePanes 161,672
[2025-04-16 22:48:49] [INFO] [MapEditorScene] Updated hoveredTilePanes 161,674
[2025-04-16 22:48:49] [INFO] [MapEditorScene] Updated hoveredTilePanes 161,676
[2025-04-16 22:48:49] [INFO] [MapEditorScene] Updated hoveredTilePanes 162,677
[2025-04-16 22:48:49] [INFO] [MapEditorScene] Updated hoveredTilePanes 162,679
[2025-04-16 22:48:49] [INFO] [MapEditorScene] Updated hoveredTilePanes 163,680
[2025-04-16 22:48:49] [INFO] [MapEditorScene] Updated hoveredTilePanes 163,681
[2025-04-16 22:48:49] [INFO] [MapEditorScene] Updated hoveredTilePanes 164,681
[2025-04-16 22:48:49] [INFO] [MapEditorScene] Updated hoveredTilePanes 164,683
[2025-04-16 22:48:49] [INFO] [MapEditorScene] Updated hoveredTilePanes 165,684
[2025-04-16 22:48:49] [INFO] [MapEditorScene] Updated hoveredTilePanes 166,684
[2025-04-16 22:48:49] [INFO] [MapEditorScene] Updated hoveredTilePanes 167,685
[2025-04-16 22:48:49] [INFO] [MapEditorScene] Updated hoveredTilePanes 168,686
[2025-04-16 22:48:49] [INFO] [MapEditorScene] Updated hoveredTilePanes 169,687
[2025-04-16 22:48:49] [INFO] [MapEditorScene] Updated hoveredTilePanes 170,688
[2025-04-16 22:48:49] [INFO] [MapEditorScene] Updated hoveredTilePanes 172,689
[2025-04-16 22:48:49] [INFO] [MapEditorScene] Updated hoveredTilePanes 173,689
[2025-04-16 22:48:49] [INFO] [MapEditorScene] Updated hoveredTilePanes 175,691
[2025-04-16 22:48:49] [INFO] [MapEditorScene] Updated hoveredTilePanes 176,692
[2025-04-16 22:48:49] [INFO] [MapEditorScene] Updated hoveredTilePanes 178,693
[2025-04-16 22:48:49] [INFO] [MapEditorScene] Updated hoveredTilePanes 180,694
[2025-04-16 22:48:49] [INFO] [MapEditorScene] Updated hoveredTilePanes 181,694
[2025-04-16 22:48:49] [INFO] [MapEditorScene] Updated hoveredTilePanes 183,695
[2025-04-16 22:48:49] [INFO] [MapEditorScene] Updated hoveredTilePanes 184,696
[2025-04-16 22:48:49] [INFO] [MapEditorScene] Updated hoveredTilePanes 185,696
[2025-04-16 22:48:49] [INFO] [MapEditorScene] Updated hoveredTilePanes 187,696
[2025-04-16 22:48:49] [INFO] [MapEditorScene] Updated hoveredTilePanes 188,696
[2025-04-16 22:48:49] [INFO] [MapEditorScene] Updated hoveredTilePanes 189,694
[2025-04-16 22:48:49] [INFO] [MapEditorScene] Updated hoveredTilePanes 195,690
[2025-04-16 22:48:49] [INFO] [MapEditorScene] Updated hoveredTilePanes 200,683
[2025-04-16 22:48:49] [INFO] [MapEditorScene] Updated hoveredTilePanes 205,675
[2025-04-16 22:48:49] [INFO] [MapEditorScene] Updated hoveredTilePanes 211,668
[2025-04-16 22:48:49] [INFO] [MapEditorScene] Updated hoveredTilePanes 216,658
[2025-04-16 22:48:49] [INFO] [MapEditorScene] Updated hoveredTilePanes 222,647
[2025-04-16 22:48:49] [INFO] [MapEditorScene] Updated hoveredTilePanes 228,636
[2025-04-16 22:48:49] [INFO] [MapEditorScene] Updated hoveredTilePanes 232,624
[2025-04-16 22:48:49] [INFO] [MapEditorScene] Updated hoveredTilePanes 236,611
[2025-04-16 22:48:49] [INFO] [MapEditorScene] Updated hoveredTilePanes 241,597
[2025-04-16 22:48:49] [INFO] [MapEditorScene] Updated hoveredTilePanes 246,580
[2025-04-16 22:48:49] [INFO] [MapEditorScene] Updated hoveredTilePanes 250,559
[2025-04-16 22:48:49] [INFO] [MapEditorScene] Updated hoveredTilePanes 255,543
[2025-04-16 22:48:49] [INFO] [MapEditorScene] Updated hoveredTilePanes 260,522
[2025-04-16 22:48:49] [INFO] [MapEditorScene] Updated hoveredTilePanes 264,502
[2025-04-16 22:48:49] [INFO] [MapEditorScene] Updated hoveredTilePanes 267,485
[2025-04-16 22:48:49] [INFO] [MapEditorScene] Updated hoveredTilePanes 272,468
[2025-04-16 22:48:49] [INFO] [MapEditorScene] Updated hoveredTilePanes 276,454
[2025-04-16 22:48:49] [INFO] [MapEditorScene] Updated hoveredTilePanes 279,437
[2025-04-16 22:48:49] [INFO] [MapEditorScene] Updated hoveredTilePanes 282,423
[2025-04-16 22:48:49] [INFO] [MapEditorScene] Updated hoveredTilePanes 285,410
[2025-04-16 22:48:49] [INFO] [MapEditorScene] Updated hoveredTilePanes 288,396
[2025-04-16 22:48:49] [INFO] [MapEditorScene] Updated hoveredTilePanes 291,382
[2025-04-16 22:48:49] [INFO] [MapEditorScene] Updated hoveredTilePanes 294,371
[2025-04-16 22:48:49] [INFO] [MapEditorScene] Updated hoveredTilePanes 297,357
[2025-04-16 22:48:49] [INFO] [MapEditorScene] Updated hoveredTilePanes 300,346
[2025-04-16 22:48:49] [INFO] [MapEditorScene] Updated hoveredTilePanes 305,332
[2025-04-16 22:48:49] [INFO] [MapEditorScene] Updated hoveredTilePanes 308,318
[2025-04-16 22:48:49] [INFO] [MapEditorScene] Updated hoveredTilePanes 312,307
[2025-04-16 22:48:49] [INFO] [MapEditorScene] Updated hoveredTilePanes 313,302
[2025-04-16 22:48:49] [INFO] [MapEditorScene] Updated hoveredTilePanes 314,291
[2025-04-16 22:48:49] [INFO] [MapEditorScene] Updated hoveredTilePanes 315,282
[2025-04-16 22:48:49] [INFO] [MapEditorScene] Updated hoveredTilePanes 317,275
[2025-04-16 22:48:49] [INFO] [MapEditorScene] Updated hoveredTilePanes 318,266
[2025-04-16 22:48:49] [INFO] [MapEditorScene] Updated hoveredTilePanes 319,262
[2025-04-16 22:48:49] [INFO] [MapEditorScene] Updated hoveredTilePanes 319,257
[2025-04-16 22:48:49] [INFO] [MapEditorScene] Updated hoveredTilePanes 319,252
[2025-04-16 22:48:49] [INFO] [MapEditorScene] Updated hoveredTilePanes 319,249
[2025-04-16 22:48:49] [INFO] [MapEditorScene] Updated hoveredTilePanes 319,246
[2025-04-16 22:48:49] [INFO] [MapEditorScene] Updated hoveredTilePanes 319,242
[2025-04-16 22:48:49] [INFO] [MapEditorScene] Updated hoveredTilePanes 319,240
[2025-04-16 22:48:49] [INFO] [MapEditorScene] Updated hoveredTilePanes 319,238
[2025-04-16 22:48:49] [INFO] [MapEditorScene] Updated hoveredTilePanes 319,236
[2025-04-16 22:48:49] [INFO] [MapEditorScene] Updated hoveredTilePanes 318,234
[2025-04-16 22:48:49] [INFO] [MapEditorScene] Updated hoveredTilePanes 317,233
[2025-04-16 22:48:49] [INFO] [MapEditorScene] Updated hoveredTilePanes 315,232
[2025-04-16 22:48:49] [INFO] [MapEditorScene] Updated hoveredTilePanes 313,231
[2025-04-16 22:48:49] [INFO] [MapEditorScene] Updated hoveredTilePanes 311,230
[2025-04-16 22:48:49] [INFO] [MapEditorScene] Updated hoveredTilePanes 309,229
[2025-04-16 22:48:49] [INFO] [MapEditorScene] Updated hoveredTilePanes 306,228
[2025-04-16 22:48:49] [INFO] [MapEditorScene] Updated hoveredTilePanes 303,228
[2025-04-16 22:48:49] [INFO] [MapEditorScene] Updated hoveredTilePanes 296,226
[2025-04-16 22:48:49] [INFO] [MapEditorScene] Updated hoveredTilePanes 291,226
[2025-04-16 22:48:49] [INFO] [MapEditorScene] Updated hoveredTilePanes 285,225
[2025-04-16 22:48:49] [INFO] [MapEditorScene] Updated hoveredTilePanes 276,225
[2025-04-16 22:48:49] [INFO] [MapEditorScene] Updated hoveredTilePanes 267,225
[2025-04-16 22:48:49] [INFO] [MapEditorScene] Updated hoveredTilePanes 258,225
[2025-04-16 22:48:49] [INFO] [MapEditorScene] Updated hoveredTilePanes 247,225
[2025-04-16 22:48:49] [INFO] [MapEditorScene] Updated hoveredTilePanes 242,225
[2025-04-16 22:48:49] [INFO] [MapEditorScene] Updated hoveredTilePanes 234,225
[2025-04-16 22:48:49] [INFO] [MapEditorScene] Updated hoveredTilePanes 227,225
[2025-04-16 22:48:49] [INFO] [MapEditorScene] Updated hoveredTilePanes 218,225
[2025-04-16 22:48:49] [INFO] [MapEditorScene] Updated hoveredTilePanes 212,225
[2025-04-16 22:48:49] [INFO] [MapEditorScene] Updated hoveredTilePanes 207,226
[2025-04-16 22:48:50] [INFO] [MapEditorScene] Updated hoveredTilePanes 202,227
[2025-04-16 22:48:50] [INFO] [MapEditorScene] Updated hoveredTilePanes 199,229
[2025-04-16 22:48:50] [INFO] [MapEditorScene] Updated hoveredTilePanes 195,230
[2025-04-16 22:48:50] [INFO] [MapEditorScene] Updated hoveredTilePanes 193,230
[2025-04-16 22:48:50] [INFO] [MapEditorScene] Updated hoveredTilePanes 190,231
[2025-04-16 22:48:50] [INFO] [MapEditorScene] Updated hoveredTilePanes 188,232
[2025-04-16 22:48:50] [INFO] [MapEditorScene] Updated hoveredTilePanes 187,232
[2025-04-16 22:48:50] [INFO] [MapEditorScene] Updated hoveredTilePanes 186,232
[2025-04-16 22:48:50] [INFO] [MapEditorScene] Updated hoveredTilePanes 185,232
[2025-04-16 22:48:50] [INFO] [MapEditorScene] Updated hoveredTilePanes 184,232
[2025-04-16 22:48:50] [INFO] [MapEditorScene] Updated hoveredTilePanes 183,233
[2025-04-16 22:48:50] [INFO] [MapEditorScene] Updated hoveredTilePanes 183,234
[2025-04-16 22:48:50] [INFO] [MapEditorScene] Updated hoveredTilePanes 183,236
[2025-04-16 22:48:50] [INFO] [MapEditorScene] Updated hoveredTilePanes 183,239
[2025-04-16 22:48:50] [INFO] [MapEditorScene] Updated hoveredTilePanes 183,244
[2025-04-16 22:48:50] [INFO] [MapEditorScene] Updated hoveredTilePanes 183,251
[2025-04-16 22:48:50] [INFO] [MapEditorScene] Updated hoveredTilePanes 183,257
[2025-04-16 22:48:50] [INFO] [MapEditorScene] Updated hoveredTilePanes 187,264
[2025-04-16 22:48:50] [INFO] [MapEditorScene] Updated hoveredTilePanes 192,274
[2025-04-16 22:48:50] [INFO] [MapEditorScene] Updated hoveredTilePanes 200,286
[2025-04-16 22:48:50] [INFO] [MapEditorScene] Updated hoveredTilePanes 209,297
[2025-04-16 22:48:50] [INFO] [MapEditorScene] Updated hoveredTilePanes 230,322
[2025-04-16 22:48:50] [INFO] [MapEditorScene] Updated hoveredTilePanes 240,329
[2025-04-16 22:48:50] [INFO] [MapEditorScene] Updated hoveredTilePanes 257,347
[2025-04-16 22:48:50] [INFO] [MapEditorScene] Updated hoveredTilePanes 277,363
[2025-04-16 22:48:50] [INFO] [MapEditorScene] Updated hoveredTilePanes 299,382
[2025-04-16 22:48:50] [INFO] [MapEditorScene] Updated hoveredTilePanes 317,400
[2025-04-16 22:48:50] [INFO] [MapEditorScene] Updated hoveredTilePanes 335,418
[2025-04-16 22:48:50] [INFO] [MapEditorScene] Updated hoveredTilePanes 350,438
[2025-04-16 22:48:50] [INFO] [MapEditorScene] Updated hoveredTilePanes 365,452
[2025-04-16 22:48:50] [INFO] [MapEditorScene] Updated hoveredTilePanes 378,469
[2025-04-16 22:48:50] [INFO] [MapEditorScene] Updated hoveredTilePanes 389,480
[2025-04-16 22:48:50] [INFO] [MapEditorScene] Updated hoveredTilePanes 399,493
[2025-04-16 22:48:50] [INFO] [MapEditorScene] Updated hoveredTilePanes 406,503
[2025-04-16 22:48:50] [INFO] [MapEditorScene] Updated hoveredTilePanes 412,511
[2025-04-16 22:48:50] [INFO] [MapEditorScene] Updated hoveredTilePanes 419,520
[2025-04-16 22:48:50] [INFO] [MapEditorScene] Updated hoveredTilePanes 425,528
[2025-04-16 22:48:50] [INFO] [MapEditorScene] Updated hoveredTilePanes 434,536
[2025-04-16 22:48:50] [INFO] [MapEditorScene] Updated hoveredTilePanes 439,544
[2025-04-16 22:48:50] [INFO] [MapEditorScene] Updated hoveredTilePanes 445,551
[2025-04-16 22:48:50] [INFO] [MapEditorScene] Updated hoveredTilePanes 451,559
[2025-04-16 22:48:50] [INFO] [MapEditorScene] Updated hoveredTilePanes 454,563
[2025-04-16 22:48:50] [INFO] [MapEditorScene] Updated hoveredTilePanes 459,568
[2025-04-16 22:48:50] [INFO] [MapEditorScene] Updated hoveredTilePanes 463,574
[2025-04-16 22:48:50] [INFO] [MapEditorScene] Updated hoveredTilePanes 467,579
[2025-04-16 22:48:50] [INFO] [MapEditorScene] Updated hoveredTilePanes 470,584
[2025-04-16 22:48:50] [INFO] [MapEditorScene] Updated hoveredTilePanes 475,589
[2025-04-16 22:48:50] [INFO] [MapEditorScene] Updated hoveredTilePanes 479,593
[2025-04-16 22:48:50] [INFO] [MapEditorScene] Updated hoveredTilePanes 481,598
[2025-04-16 22:48:50] [INFO] [MapEditorScene] Updated hoveredTilePanes 488,606
[2025-04-16 22:48:50] [INFO] [MapEditorScene] Updated hoveredTilePanes 490,608
[2025-04-16 22:48:50] [INFO] [MapEditorScene] Updated hoveredTilePanes 494,612
[2025-04-16 22:48:50] [INFO] [MapEditorScene] Updated hoveredTilePanes 498,616
[2025-04-16 22:48:50] [INFO] [MapEditorScene] Updated hoveredTilePanes 502,619
[2025-04-16 22:48:50] [INFO] [MapEditorScene] Updated hoveredTilePanes 505,623
[2025-04-16 22:48:50] [INFO] [MapEditorScene] Updated hoveredTilePanes 507,627
[2025-04-16 22:48:50] [INFO] [MapEditorScene] Updated hoveredTilePanes 510,630
[2025-04-16 22:48:50] [INFO] [MapEditorScene] Updated hoveredTilePanes 512,632
[2025-04-16 22:48:50] [INFO] [MapEditorScene] Updated hoveredTilePanes 514,634
[2025-04-16 22:48:50] [INFO] [MapEditorScene] Updated hoveredTilePanes 516,636
[2025-04-16 22:48:50] [INFO] [MapEditorScene] Updated hoveredTilePanes 517,638
[2025-04-16 22:48:50] [INFO] [MapEditorScene] Updated hoveredTilePanes 519,640
[2025-04-16 22:48:50] [INFO] [MapEditorScene] Updated hoveredTilePanes 520,641
[2025-04-16 22:48:50] [INFO] [MapEditorScene] Updated hoveredTilePanes 522,644
[2025-04-16 22:48:50] [INFO] [MapEditorScene] Updated hoveredTilePanes 523,645
[2025-04-16 22:48:50] [INFO] [MapEditorScene] Updated hoveredTilePanes 524,646
[2025-04-16 22:48:50] [INFO] [MapEditorScene] Updated hoveredTilePanes 525,647
[2025-04-16 22:48:50] [INFO] [MapEditorScene] Updated hoveredTilePanes 526,648
[2025-04-16 22:48:50] [INFO] [MapEditorScene] Updated hoveredTilePanes 527,649
[2025-04-16 22:48:50] [INFO] [MapEditorScene] Updated hoveredTilePanes 529,651
[2025-04-16 22:48:50] [INFO] [MapEditorScene] Updated hoveredTilePanes 530,652
[2025-04-16 22:48:50] [INFO] [MapEditorScene] Updated hoveredTilePanes 532,653
[2025-04-16 22:48:50] [INFO] [MapEditorScene] Updated hoveredTilePanes 534,654
[2025-04-16 22:48:50] [INFO] [MapEditorScene] Updated hoveredTilePanes 535,656
[2025-04-16 22:48:50] [INFO] [MapEditorScene] Updated hoveredTilePanes 537,657
[2025-04-16 22:48:50] [INFO] [MapEditorScene] Updated hoveredTilePanes 539,659
[2025-04-16 22:48:50] [INFO] [MapEditorScene] Updated hoveredTilePanes 541,660
[2025-04-16 22:48:50] [INFO] [MapEditorScene] Updated hoveredTilePanes 542,662
[2025-04-16 22:48:50] [INFO] [MapEditorScene] Updated hoveredTilePanes 544,663
[2025-04-16 22:48:50] [INFO] [MapEditorScene] Updated hoveredTilePanes 546,665
[2025-04-16 22:48:50] [INFO] [MapEditorScene] Updated hoveredTilePanes 548,666
[2025-04-16 22:48:50] [INFO] [MapEditorScene] Updated hoveredTilePanes 550,667
[2025-04-16 22:48:50] [INFO] [MapEditorScene] Updated hoveredTilePanes 552,669
[2025-04-16 22:48:50] [INFO] [MapEditorScene] Updated hoveredTilePanes 553,670
[2025-04-16 22:48:50] [INFO] [MapEditorScene] Updated hoveredTilePanes 556,672
[2025-04-16 22:48:50] [INFO] [MapEditorScene] Updated hoveredTilePanes 559,674
[2025-04-16 22:48:50] [INFO] [MapEditorScene] Updated hoveredTilePanes 561,675
[2025-04-16 22:48:50] [INFO] [MapEditorScene] Updated hoveredTilePanes 565,678
[2025-04-16 22:48:50] [INFO] [MapEditorScene] Updated hoveredTilePanes 567,679
[2025-04-16 22:48:50] [INFO] [MapEditorScene] Updated hoveredTilePanes 569,681
[2025-04-16 22:48:50] [INFO] [MapEditorScene] Updated hoveredTilePanes 572,682
[2025-04-16 22:48:50] [INFO] [MapEditorScene] Updated hoveredTilePanes 573,683
[2025-04-16 22:48:50] [INFO] [MapEditorScene] Updated hoveredTilePanes 575,684
[2025-04-16 22:48:50] [INFO] [MapEditorScene] Updated hoveredTilePanes 577,685
[2025-04-16 22:48:50] [INFO] [MapEditorScene] Updated hoveredTilePanes 579,687
[2025-04-16 22:48:50] [INFO] [MapEditorScene] Updated hoveredTilePanes 580,688
[2025-04-16 22:48:50] [INFO] [MapEditorScene] Updated hoveredTilePanes 582,689
[2025-04-16 22:48:50] [INFO] [MapEditorScene] Updated hoveredTilePanes 584,691
[2025-04-16 22:48:50] [INFO] [MapEditorScene] Updated hoveredTilePanes 586,693
[2025-04-16 22:48:50] [INFO] [MapEditorScene] Updated hoveredTilePanes 588,695
[2025-04-16 22:48:50] [INFO] [MapEditorScene] Updated hoveredTilePanes 589,696
[2025-04-16 22:48:50] [INFO] [MapEditorScene] Updated hoveredTilePanes 590,697
[2025-04-16 22:48:50] [INFO] [MapEditorScene] Updated hoveredTilePanes 591,698
[2025-04-16 22:48:50] [INFO] [MapEditorScene] Updated hoveredTilePanes 592,699
[2025-04-16 22:48:50] [INFO] [MapEditorScene] Updated hoveredTilePanes 593,700
[2025-04-16 22:48:50] [INFO] [MapEditorScene] Updated hoveredTilePanes 593,701
[2025-04-16 22:48:50] [INFO] [MapEditorScene] Updated hoveredTilePanes 594,702
[2025-04-16 22:48:50] [INFO] [MapEditorScene] Updated hoveredTilePanes 595,704
[2025-04-16 22:48:50] [INFO] [MapEditorScene] Updated hoveredTilePanes 595,705
[2025-04-16 22:48:50] [INFO] [MapEditorScene] Updated hoveredTilePanes 597,707
[2025-04-16 22:48:50] [INFO] [MapEditorScene] Updated hoveredTilePanes 598,709
[2025-04-16 22:48:50] [INFO] [MapEditorScene] Updated hoveredTilePanes 600,713
[2025-04-16 22:48:50] [INFO] [MapEditorScene] Updated hoveredTilePanes 601,715
[2025-04-16 22:48:50] [INFO] [MapEditorScene] Updated hoveredTilePanes 602,717
[2025-04-16 22:48:50] [INFO] [MapEditorScene] Updated hoveredTilePanes 603,719
[2025-04-16 22:48:50] [INFO] [MapEditorScene] Updated hoveredTilePanes 604,721
[2025-04-16 22:48:50] [INFO] [MapEditorScene] Updated hoveredTilePanes 604,722
[2025-04-16 22:48:50] [INFO] [MapEditorScene] Updated hoveredTilePanes 605,722
[2025-04-16 22:48:50] [INFO] [MapEditorScene] Updated hoveredTilePanes 605,723
[2025-04-16 22:48:50] [INFO] [MapEditorScene] Updated hoveredTilePanes 605,724
[2025-04-16 22:48:50] [INFO] [MapEditorScene] Updated hoveredTilePanes 606,724
[2025-04-16 22:48:51] [INFO] [MapEditorScene] Updated hoveredTilePanes 606,725
[2025-04-16 22:48:51] [INFO] [MapEditorScene] Updated hoveredTilePanes 606,727
[2025-04-16 22:48:51] [INFO] [MapEditorScene] Updated hoveredTilePanes 606,729
[2025-04-16 22:48:51] [INFO] [MapEditorScene] Updated hoveredTilePanes 606,731
[2025-04-16 22:48:51] [INFO] [MapEditorScene] Updated hoveredTilePanes 607,733
[2025-04-16 22:48:51] [INFO] [MapEditorScene] Updated hoveredTilePanes 607,734
[2025-04-16 22:48:51] [INFO] [MapEditorScene] Updated hoveredTilePanes 607,736
[2025-04-16 22:48:51] [INFO] [MapEditorScene] Updated hoveredTilePanes 608,737
[2025-04-16 22:48:51] [INFO] [MapEditorScene] Updated hoveredTilePanes 608,738
[2025-04-16 22:48:51] [INFO] [MapEditorScene] Updated hoveredTilePanes 608,739
[2025-04-16 22:48:51] [INFO] [MapEditorScene] Updated hoveredTilePanes 609,740
[2025-04-16 22:48:51] [INFO] [MapEditorScene] Updated hoveredTilePanes 609,741
[2025-04-16 22:48:51] [INFO] [MapEditorScene] Updated hoveredTilePanes 609,742
[2025-04-16 22:48:51] [INFO] [MapEditorScene] Updated hoveredTilePanes 609,743
[2025-04-16 22:48:51] [INFO] [MapEditorScene] Updated hoveredTilePanes 609,742
[2025-04-16 22:48:51] [INFO] [MapEditorScene] Updated hoveredTilePanes 609,741
[2025-04-16 22:48:51] [INFO] [MapEditorScene] Updated hoveredTilePanes 609,740
[2025-04-16 22:48:51] [INFO] [MapEditorScene] Updated hoveredTilePanes 608,740
[2025-04-16 22:48:51] [INFO] [MapEditorScene] Updated hoveredTilePanes 608,739
[2025-04-16 22:48:51] [INFO] [MapEditorScene] Updated hoveredTilePanes 608,738
[2025-04-16 22:48:51] [INFO] [MapEditorScene] Updated hoveredTilePanes 607,737
[2025-04-16 22:48:51] [INFO] [MapEditorScene] Updated hoveredTilePanes 606,736
[2025-04-16 22:48:51] [INFO] [MapEditorScene] Updated hoveredTilePanes 605,735
[2025-04-16 22:48:51] [INFO] [MapEditorScene] Updated hoveredTilePanes 605,733
[2025-04-16 22:48:51] [INFO] [MapEditorScene] Updated hoveredTilePanes 604,732
[2025-04-16 22:48:51] [INFO] [MapEditorScene] Updated hoveredTilePanes 602,730
[2025-04-16 22:48:51] [INFO] [MapEditorScene] Updated hoveredTilePanes 601,729
[2025-04-16 22:48:51] [INFO] [MapEditorScene] Updated hoveredTilePanes 601,727
[2025-04-16 22:48:51] [INFO] [MapEditorScene] Updated hoveredTilePanes 600,726
[2025-04-16 22:48:51] [INFO] [MapEditorScene] Updated hoveredTilePanes 598,724
[2025-04-16 22:48:51] [INFO] [MapEditorScene] Updated hoveredTilePanes 597,723
[2025-04-16 22:48:51] [INFO] [MapEditorScene] Updated hoveredTilePanes 597,722
[2025-04-16 22:48:51] [INFO] [MapEditorScene] Updated hoveredTilePanes 596,721
[2025-04-16 22:48:51] [INFO] [MapEditorScene] Updated hoveredTilePanes 595,720
[2025-04-16 22:48:51] [INFO] [MapEditorScene] Updated hoveredTilePanes 594,718
[2025-04-16 22:48:51] [INFO] [MapEditorScene] Updated hoveredTilePanes 593,717
[2025-04-16 22:48:51] [INFO] [MapEditorScene] Updated hoveredTilePanes 592,716
[2025-04-16 22:48:51] [INFO] [MapEditorScene] Updated hoveredTilePanes 591,715
[2025-04-16 22:48:52] [INFO] [MapEditorScene] Updated hoveredTilePanes 590,715
[2025-04-16 22:48:52] [INFO] [MapEditorScene] Updated hoveredTilePanes 590,714
[2025-04-16 22:48:52] [INFO] [MapEditorScene] Updated hoveredTilePanes 589,714
[2025-04-16 22:48:52] [INFO] [MapEditorScene] Updated hoveredTilePanes 588,713
[2025-04-16 22:48:52] [INFO] [MapEditorScene] Updated hoveredTilePanes 587,713
[2025-04-16 22:48:52] [INFO] [MapEditorScene] Updated hoveredTilePanes 586,713
[2025-04-16 22:48:52] [INFO] [MapEditorScene] Updated hoveredTilePanes 585,713
[2025-04-16 22:48:52] [INFO] [MapEditorScene] Updated hoveredTilePanes 584,713
[2025-04-16 22:48:52] [INFO] [MapEditorScene] Updated hoveredTilePanes 583,713
[2025-04-16 22:48:52] [INFO] [MapEditorScene] Updated hoveredTilePanes 582,713
[2025-04-16 22:48:52] [INFO] [MapEditorScene] Updated hoveredTilePanes 580,713
[2025-04-16 22:48:52] [INFO] [MapEditorScene] Updated hoveredTilePanes 579,714
[2025-04-16 22:48:52] [INFO] [MapEditorScene] Updated hoveredTilePanes 578,714
[2025-04-16 22:48:52] [INFO] [MapEditorScene] Updated hoveredTilePanes 577,714
[2025-04-16 22:48:52] [INFO] [MapEditorScene] Updated hoveredTilePanes 575,714
[2025-04-16 22:48:52] [INFO] [MapEditorScene] Updated hoveredTilePanes 574,714
[2025-04-16 22:48:52] [INFO] [MapEditorScene] Updated hoveredTilePanes 573,714
[2025-04-16 22:48:52] [INFO] [MapEditorScene] Updated hoveredTilePanes 572,714
[2025-04-16 22:48:52] [INFO] [MapEditorScene] Updated hoveredTilePanes 570,714
[2025-04-16 22:48:52] [INFO] [MapEditorScene] Updated hoveredTilePanes 569,714
[2025-04-16 22:48:52] [INFO] [MapEditorScene] Updated hoveredTilePanes 568,714
[2025-04-16 22:48:52] [INFO] [MapEditorScene] Updated hoveredTilePanes 567,714
[2025-04-16 22:48:52] [INFO] [MapEditorScene] Updated hoveredTilePanes 566,714
[2025-04-16 22:48:52] [INFO] [MapEditorScene] Updated hoveredTilePanes 565,714
[2025-04-16 22:48:52] [INFO] [MapEditorScene] Updated hoveredTilePanes 566,714
[2025-04-16 22:48:52] [INFO] [MapEditorScene] Updated hoveredTilePanes 567,714
[2025-04-16 22:48:52] [INFO] [MapEditorScene] Updated hoveredTilePanes 568,715
[2025-04-16 22:48:52] [INFO] [MapEditorScene] Updated hoveredTilePanes 569,716
[2025-04-16 22:48:52] [INFO] [MapEditorScene] Updated hoveredTilePanes 570,716
[2025-04-16 22:48:52] [INFO] [MapEditorScene] Updated hoveredTilePanes 571,717
[2025-04-16 22:48:52] [INFO] [MapEditorScene] Updated hoveredTilePanes 572,718
[2025-04-16 22:48:52] [INFO] [MapEditorScene] Updated hoveredTilePanes 573,719
[2025-04-16 22:48:52] [INFO] [MapEditorScene] Updated hoveredTilePanes 575,721
[2025-04-16 22:48:52] [INFO] [MapEditorScene] Updated hoveredTilePanes 575,725
[2025-04-16 22:48:52] [INFO] [MapEditorScene] Updated hoveredTilePanes 577,727
[2025-04-16 22:48:52] [INFO] [MapEditorScene] Updated hoveredTilePanes 578,730
[2025-04-16 22:48:52] [INFO] [MapEditorScene] Updated hoveredTilePanes 579,732
[2025-04-16 22:48:52] [INFO] [MapEditorScene] Updated hoveredTilePanes 580,733
[2025-04-16 22:48:52] [INFO] [MapEditorScene] Updated hoveredTilePanes 580,735
[2025-04-16 22:48:52] [INFO] [MapEditorScene] Updated hoveredTilePanes 581,736
[2025-04-16 22:48:52] [INFO] [MapEditorScene] Updated hoveredTilePanes 581,737
[2025-04-16 22:48:52] [INFO] [MapEditorScene] Updated hoveredTilePanes 581,738
[2025-04-16 22:48:52] [INFO] [MapEditorScene] Updated hoveredTilePanes 581,739
[2025-04-16 22:48:52] [INFO] [MapEditorScene] Updated hoveredTilePanes 579,740
[2025-04-16 22:48:52] [INFO] [MapEditorScene] Updated hoveredTilePanes 577,740
[2025-04-16 22:48:52] [INFO] [MapEditorScene] Updated hoveredTilePanes 574,740
[2025-04-16 22:48:52] [INFO] [MapEditorScene] Updated hoveredTilePanes 570,741
[2025-04-16 22:48:52] [INFO] [MapEditorScene] Updated hoveredTilePanes 567,742
[2025-04-16 22:48:52] [INFO] [MapEditorScene] Updated hoveredTilePanes 564,743
[2025-04-16 22:48:52] [INFO] [MapEditorScene] Updated hoveredTilePanes 561,743
[2025-04-16 22:48:52] [INFO] [MapEditorScene] Updated hoveredTilePanes 556,744
[2025-04-16 22:48:52] [INFO] [MapEditorScene] Updated hoveredTilePanes 553,744
[2025-04-16 22:48:52] [INFO] [MapEditorScene] Updated hoveredTilePanes 548,744
[2025-04-16 22:48:52] [INFO] [MapEditorScene] Updated hoveredTilePanes 544,744
[2025-04-16 22:48:52] [INFO] [MapEditorScene] Updated hoveredTilePanes 541,744
[2025-04-16 22:48:52] [INFO] [MapEditorScene] Updated hoveredTilePanes 538,744
[2025-04-16 22:48:52] [INFO] [MapEditorScene] Updated hoveredTilePanes 535,744
[2025-04-16 22:48:52] [INFO] [MapEditorScene] Updated hoveredTilePanes 531,744
[2025-04-16 22:48:52] [INFO] [MapEditorScene] Updated hoveredTilePanes 527,744
[2025-04-16 22:48:52] [INFO] [MapEditorScene] Updated hoveredTilePanes 523,744
[2025-04-16 22:48:52] [INFO] [MapEditorScene] Updated hoveredTilePanes 520,744
[2025-04-16 22:48:52] [INFO] [MapEditorScene] Updated hoveredTilePanes 515,744
[2025-04-16 22:48:52] [INFO] [MapEditorScene] Updated hoveredTilePanes 512,744
[2025-04-16 22:48:52] [INFO] [MapEditorScene] Updated hoveredTilePanes 507,743
[2025-04-16 22:48:52] [INFO] [MapEditorScene] Updated hoveredTilePanes 504,742
[2025-04-16 22:48:52] [INFO] [MapEditorScene] Updated hoveredTilePanes 501,740
[2025-04-16 22:48:52] [INFO] [MapEditorScene] Updated hoveredTilePanes 498,739
[2025-04-16 22:48:52] [INFO] [MapEditorScene] Updated hoveredTilePanes 496,738
[2025-04-16 22:48:52] [INFO] [MapEditorScene] Updated hoveredTilePanes 494,737
[2025-04-16 22:48:52] [INFO] [MapEditorScene] Updated hoveredTilePanes 493,737
[2025-04-16 22:48:52] [INFO] [MapEditorScene] Updated hoveredTilePanes 491,736
[2025-04-16 22:48:52] [INFO] [MapEditorScene] Updated hoveredTilePanes 490,736
[2025-04-16 22:48:52] [INFO] [MapEditorScene] Updated hoveredTilePanes 489,735
[2025-04-16 22:48:52] [INFO] [MapEditorScene] Updated hoveredTilePanes 488,735
[2025-04-16 22:48:53] [INFO] [MapEditorScene] Updated hoveredTilePanes 487,734
[2025-04-16 22:48:53] [INFO] [MapEditorScene] Updated hoveredTilePanes 486,734
[2025-04-16 22:48:53] [INFO] [MapEditorScene] Updated hoveredTilePanes 485,735
[2025-04-16 22:48:53] [INFO] [MapEditorScene] Updated hoveredTilePanes 485,736
[2025-04-16 22:48:53] [INFO] [MapEditorScene] Updated hoveredTilePanes 484,736
[2025-04-16 22:48:53] [INFO] [MapEditorScene] Updated hoveredTilePanes 483,737
[2025-04-16 22:48:53] [INFO] [MapEditorScene] Updated hoveredTilePanes 483,738
[2025-04-16 22:48:53] [INFO] [MapEditorScene] Updated hoveredTilePanes 482,738
[2025-04-16 22:48:53] [INFO] [MapEditorScene] Updated hoveredTilePanes 481,740
[2025-04-16 22:48:53] [INFO] [MapEditorScene] Updated hoveredTilePanes 481,741
[2025-04-16 22:48:53] [INFO] [MapEditorScene] Updated hoveredTilePanes 479,743
[2025-04-16 22:48:53] [INFO] [MapEditorScene] Updated hoveredTilePanes 479,744
[2025-04-16 22:48:53] [INFO] [MapEditorScene] Updated hoveredTilePanes 478,745
[2025-04-16 22:48:53] [INFO] [MapEditorScene] Updated hoveredTilePanes 477,746
[2025-04-16 22:48:53] [INFO] [MapEditorScene] Updated hoveredTilePanes 476,747
[2025-04-16 22:48:53] [INFO] [MapEditorScene] Updated hoveredTilePanes 476,749
[2025-04-16 22:48:53] [INFO] [MapEditorScene] Updated hoveredTilePanes 475,750
[2025-04-16 22:48:53] [INFO] [MapEditorScene] Updated hoveredTilePanes 474,751
[2025-04-16 22:48:53] [INFO] [MapEditorScene] Updated hoveredTilePanes 474,752
[2025-04-16 22:48:53] [INFO] [MapEditorScene] Updated hoveredTilePanes 473,753
[2025-04-16 22:48:53] [INFO] [MapEditorScene] Updated hoveredTilePanes 473,754
[2025-04-16 22:48:53] [INFO] [MapEditorScene] Updated hoveredTilePanes 473,755
[2025-04-16 22:48:53] [INFO] [MapEditorScene] Updated hoveredTilePanes 473,756
[2025-04-16 22:48:53] [INFO] [MapEditorScene] Updated hoveredTilePanes 473,757
[2025-04-16 22:48:53] [INFO] [MapEditorScene] Updated hoveredTilePanes 474,758
[2025-04-16 22:48:53] [INFO] [MapEditorScene] Updated hoveredTilePanes 476,758
[2025-04-16 22:48:53] [INFO] [MapEditorScene] Updated hoveredTilePanes 478,758
[2025-04-16 22:48:53] [INFO] [MapEditorScene] Updated hoveredTilePanes 480,758
[2025-04-16 22:48:53] [INFO] [MapEditorScene] Updated hoveredTilePanes 483,758
[2025-04-16 22:48:53] [INFO] [MapEditorScene] Updated hoveredTilePanes 486,758
[2025-04-16 22:48:53] [INFO] [MapEditorScene] Updated hoveredTilePanes 489,758
[2025-04-16 22:48:53] [INFO] [MapEditorScene] Updated hoveredTilePanes 496,758
[2025-04-16 22:48:53] [INFO] [MapEditorScene] Updated hoveredTilePanes 503,758
[2025-04-16 22:48:53] [INFO] [MapEditorScene] Updated hoveredTilePanes 509,758
[2025-04-16 22:48:53] [INFO] [MapEditorScene] Updated hoveredTilePanes 518,758
[2025-04-16 22:48:53] [INFO] [MapEditorScene] Updated hoveredTilePanes 529,757
[2025-04-16 22:48:53] [INFO] [MapEditorScene] Updated hoveredTilePanes 540,755
[2025-04-16 22:48:53] [INFO] [MapEditorScene] Updated hoveredTilePanes 551,753
[2025-04-16 22:48:53] [INFO] [MapEditorScene] Updated hoveredTilePanes 556,751
[2025-04-16 22:48:53] [INFO] [MapEditorScene] Updated hoveredTilePanes 565,750
[2025-04-16 22:48:53] [INFO] [MapEditorScene] Updated hoveredTilePanes 571,747
[2025-04-16 22:48:53] [INFO] [MapEditorScene] Updated hoveredTilePanes 578,746
[2025-04-16 22:48:53] [INFO] [MapEditorScene] Updated hoveredTilePanes 585,745
[2025-04-16 22:48:53] [INFO] [MapEditorScene] Updated hoveredTilePanes 589,744
[2025-04-16 22:48:53] [INFO] [MapEditorScene] Updated hoveredTilePanes 594,744
[2025-04-16 22:48:53] [INFO] [MapEditorScene] Updated hoveredTilePanes 597,743
[2025-04-16 22:48:53] [INFO] [MapEditorScene] Updated hoveredTilePanes 602,742
[2025-04-16 22:48:53] [INFO] [MapEditorScene] Updated hoveredTilePanes 605,742
[2025-04-16 22:48:53] [INFO] [MapEditorScene] Updated hoveredTilePanes 610,742
[2025-04-16 22:48:53] [INFO] [MapEditorScene] Updated hoveredTilePanes 614,742
[2025-04-16 22:48:53] [INFO] [MapEditorScene] Updated hoveredTilePanes 617,742
[2025-04-16 22:48:53] [INFO] [MapEditorScene] Updated hoveredTilePanes 620,742
[2025-04-16 22:48:53] [INFO] [MapEditorScene] Updated hoveredTilePanes 622,742
[2025-04-16 22:48:53] [INFO] [MapEditorScene] Updated hoveredTilePanes 625,742
[2025-04-16 22:48:53] [INFO] [MapEditorScene] Updated hoveredTilePanes 626,742
[2025-04-16 22:48:53] [INFO] [MapEditorScene] Updated hoveredTilePanes 628,742
[2025-04-16 22:48:53] [INFO] [MapEditorScene] Updated hoveredTilePanes 629,742
[2025-04-16 22:48:53] [INFO] [MapEditorScene] Updated hoveredTilePanes 630,742
[2025-04-16 22:48:53] [INFO] [MapEditorScene] Updated hoveredTilePanes 631,742
[2025-04-16 22:48:53] [INFO] [MapEditorScene] Updated hoveredTilePanes 632,742
[2025-04-16 22:48:53] [INFO] [MapEditorScene] Updated hoveredTilePanes 633,742
[2025-04-16 22:48:54] [INFO] [MapEditorScene] Updated hoveredTilePanes 631,739
[2025-04-16 22:48:54] [INFO] [MapEditorScene] Updated hoveredTilePanes 629,738
[2025-04-16 22:48:54] [INFO] [MapEditorScene] Updated hoveredTilePanes 623,733
[2025-04-16 22:48:54] [INFO] [MapEditorScene] Updated hoveredTilePanes 617,727
[2025-04-16 22:48:54] [INFO] [MapEditorScene] Updated hoveredTilePanes 609,719
[2025-04-16 22:48:54] [INFO] [MapEditorScene] Updated hoveredTilePanes 599,708
[2025-04-16 22:48:54] [INFO] [MapEditorScene] Updated hoveredTilePanes 589,694
[2025-04-16 22:48:54] [INFO] [MapEditorScene] Updated hoveredTilePanes 577,681
[2025-04-16 22:48:54] [INFO] [MapEditorScene] Updated hoveredTilePanes 567,666
[2025-04-16 22:48:54] [INFO] [MapEditorScene] Updated hoveredTilePanes 557,652
[2025-04-16 22:48:54] [INFO] [MapEditorScene] Updated hoveredTilePanes 534,616
[2025-04-16 22:48:54] [INFO] [MapEditorScene] Updated hoveredTilePanes 519,592
[2025-04-16 22:48:54] [INFO] [MapEditorScene] Updated hoveredTilePanes 504,566
[2025-04-16 22:48:54] [INFO] [MapEditorScene] Updated hoveredTilePanes 489,541
[2025-04-16 22:48:54] [INFO] [MapEditorScene] Updated hoveredTilePanes 473,511
[2025-04-16 22:48:54] [INFO] [MapEditorScene] Updated hoveredTilePanes 452,475
[2025-04-16 22:48:54] [INFO] [MapEditorScene] Updated hoveredTilePanes 435,441
[2025-04-16 22:48:54] [INFO] [MapEditorScene] Updated hoveredTilePanes 409,394
[2025-04-16 22:48:54] [INFO] [MapEditorScene] Updated hoveredTilePanes 387,353
[2025-04-16 22:48:54] [INFO] [MapEditorScene] Updated hoveredTilePanes 377,335
[2025-04-16 22:48:54] [INFO] [MapEditorScene] Updated hoveredTilePanes 341,257
[2025-04-16 22:48:54] [INFO] [MapEditorScene] Updated hoveredTilePanes 335,243
[2025-04-16 22:48:54] [INFO] [MapEditorScene] Updated hoveredTilePanes 317,209
[2025-04-16 22:48:54] [INFO] [MapEditorScene] Updated hoveredTilePanes 304,180
[2025-04-16 22:48:54] [INFO] [MapEditorScene] Updated hoveredTilePanes 293,154
[2025-04-16 22:48:55] [INFO] [MapEditorScene] Updated hoveredTilePanes 289,151
[2025-04-16 22:48:55] [INFO] [MapEditorScene] Updated hoveredTilePanes 285,147
[2025-04-16 22:48:55] [INFO] [MapEditorScene] Updated hoveredTilePanes 278,141
[2025-04-16 22:48:55] [INFO] [MapEditorScene] Updated hoveredTilePanes 267,132
[2025-04-16 22:48:55] [INFO] [MapEditorScene] Updated hoveredTilePanes 256,122
[2025-04-16 22:48:55] [INFO] [MapEditorScene] Updated hoveredTilePanes 242,110
[2025-04-16 22:48:55] [INFO] [MapEditorScene] Updated hoveredTilePanes 232,100
[2025-04-16 22:48:55] [INFO] [MapEditorScene] Updated hoveredTilePanes 218,88
[2025-04-16 22:48:55] [INFO] [MapEditorScene] Updated hoveredTilePanes 208,77
[2025-04-16 22:48:55] [INFO] [MapEditorScene] Updated hoveredTilePanes 197,68
[2025-04-16 22:48:55] [INFO] [MapEditorScene] Updated hoveredTilePanes 187,57
[2025-04-16 22:48:55] [INFO] [MapEditorScene] Updated hoveredTilePanes 179,49
[2025-04-16 22:48:55] [INFO] [MapEditorScene] Updated hoveredTilePanes 175,45
[2025-04-16 22:48:55] [INFO] [MapEditorScene] Updated hoveredTilePanes 169,39
[2025-04-16 22:48:55] [INFO] [MapEditorScene] Updated hoveredTilePanes 163,34
[2025-04-16 22:48:55] [INFO] [MapEditorScene] Updated hoveredTilePanes 157,28
[2025-04-16 22:48:55] [INFO] [MapEditorScene] Updated hoveredTilePanes 153,25
[2025-04-16 22:48:55] [INFO] [MapEditorScene] Updated hoveredTilePanes 150,22
[2025-04-16 22:48:55] [INFO] [MapEditorScene] Updated hoveredTilePanes 146,20
[2025-04-16 22:48:55] [INFO] [MapEditorScene] Updated hoveredTilePanes 144,18
[2025-04-16 22:48:55] [INFO] [MapEditorScene] Updated hoveredTilePanes 141,17
[2025-04-16 22:48:55] [INFO] [MapEditorScene] Updated hoveredTilePanes 140,16
[2025-04-16 22:48:55] [INFO] [MapEditorScene] Updated hoveredTilePanes 138,15
[2025-04-16 22:48:55] [INFO] [MapEditorScene] Updated hoveredTilePanes 136,15
[2025-04-16 22:48:55] [INFO] [MapEditorScene] Updated hoveredTilePanes 134,14
[2025-04-16 22:48:55] [INFO] [MapEditorScene] Updated hoveredTilePanes 133,14
[2025-04-16 22:48:55] [INFO] [MapEditorScene] Updated hoveredTilePanes 131,14
[2025-04-16 22:48:55] [INFO] [MapEditorScene] Updated hoveredTilePanes 129,14
[2025-04-16 22:48:55] [INFO] [MapEditorScene] Updated hoveredTilePanes 127,14
[2025-04-16 22:48:55] [INFO] [MapEditorScene] Updated hoveredTilePanes 125,13
[2025-04-16 22:48:55] [INFO] [MapEditorScene] Updated hoveredTilePanes 121,13
[2025-04-16 22:48:55] [INFO] [MapEditorScene] Updated hoveredTilePanes 119,13
[2025-04-16 22:48:55] [INFO] [MapEditorScene] Updated hoveredTilePanes 116,13
[2025-04-16 22:48:55] [INFO] [MapEditorScene] Updated hoveredTilePanes 113,13
[2025-04-16 22:48:55] [INFO] [MapEditorScene] Updated hoveredTilePanes 110,13
[2025-04-16 22:48:55] [INFO] [MapEditorScene] Updated hoveredTilePanes 105,13
[2025-04-16 22:48:55] [INFO] [MapEditorScene] Updated hoveredTilePanes 102,13
[2025-04-16 22:48:55] [INFO] [MapEditorScene] Updated hoveredTilePanes 95,13
[2025-04-16 22:48:55] [INFO] [MapEditorScene] Updated hoveredTilePanes 92,13
[2025-04-16 22:48:55] [INFO] [MapEditorScene] Updated hoveredTilePanes 87,13
[2025-04-16 22:48:55] [INFO] [MapEditorScene] Updated hoveredTilePanes 82,13
[2025-04-16 22:48:55] [INFO] [MapEditorScene] Updated hoveredTilePanes 75,13
[2025-04-16 22:48:55] [INFO] [MapEditorScene] Updated hoveredTilePanes 71,13
[2025-04-16 22:48:55] [INFO] [MapEditorScene] Updated hoveredTilePanes 64,13
[2025-04-16 22:48:55] [INFO] [MapEditorScene] Updated hoveredTilePanes 61,13
[2025-04-16 22:48:55] [INFO] [MapEditorScene] Updated hoveredTilePanes 56,13
[2025-04-16 22:48:55] [INFO] [MapEditorScene] Updated hoveredTilePanes 53,13
[2025-04-16 22:48:55] [INFO] [MapEditorScene] Updated hoveredTilePanes 50,13
[2025-04-16 22:48:55] [INFO] [MapEditorScene] Updated hoveredTilePanes 46,13
[2025-04-16 22:48:55] [INFO] [MapEditorScene] Updated hoveredTilePanes 44,12
[2025-04-16 22:48:55] [INFO] [MapEditorScene] Updated hoveredTilePanes 42,12
[2025-04-16 22:48:55] [INFO] [MapEditorScene] Updated hoveredTilePanes 40,11
[2025-04-16 22:48:55] [INFO] [MapEditorScene] Updated hoveredTilePanes 39,11
[2025-04-16 22:48:55] [INFO] [MapEditorScene] Updated hoveredTilePanes 37,10
[2025-04-16 22:48:55] [INFO] [MapEditorScene] Updated hoveredTilePanes 35,9
[2025-04-16 22:48:55] [INFO] [MapEditorScene] Updated hoveredTilePanes 34,8
[2025-04-16 22:48:55] [INFO] [MapEditorScene] Updated hoveredTilePanes 33,8
[2025-04-16 22:48:55] [INFO] [MapEditorScene] Updated hoveredTilePanes 31,7
[2025-04-16 22:48:55] [INFO] [MapEditorScene] Updated hoveredTilePanes 30,6
[2025-04-16 22:48:55] [INFO] [MapEditorScene] Updated hoveredTilePanes 29,5
[2025-04-16 22:48:55] [INFO] [MapEditorScene] Updated hoveredTilePanes 28,4
[2025-04-16 22:48:55] [INFO] [MapEditorScene] Updated hoveredTilePanes 27,4
[2025-04-16 22:48:55] [INFO] [MapEditorScene] Updated hoveredTilePanes 26,3
[2025-04-16 22:48:55] [INFO] [MapEditorScene] Updated hoveredTilePanes 25,2
[2025-04-16 22:48:55] [INFO] [MapEditorScene] Updated hoveredTilePanes 24,2
[2025-04-16 22:48:55] [INFO] [MapEditorScene] Updated hoveredTilePanes 23,1
[2025-04-16 22:48:55] [INFO] [MapEditorScene] Updated hoveredTilePanes 22,1
[2025-04-16 22:48:55] [INFO] [MapEditorScene] Updated hoveredTilePanes 22,0
[2025-04-16 22:48:55] [INFO] [MapEditorScene] Updated hoveredTilePanes 21,0
