[2025-04-16 20:10:19] [INFO] [UnitTable] Started initializing UnitTable
[2025-04-16 20:10:19] [INFO] [EmeritusDatabase] Started initializing EmeritusDatabase
[2025-04-16 20:10:19] [INFO] [EmeritusDatabase] Finished initializing EmeritusDatabase
[2025-04-16 20:10:19] [INFO] [UnitTable] Successfully initialized UnitTable
[2025-04-16 20:10:19] [INFO] [UnitTable] Finished initializing UnitTable
[2025-04-16 20:10:19] [INFO] [AbilityTable] Started initializing AbilityTable
[2025-04-16 20:10:19] [INFO] [AbilityTable] Finished initializing AbilityTable
[2025-04-16 20:10:19] [INFO] [UserSaveStateManager] Started loading user save data
[2025-04-16 20:10:19] [INFO] [UserSaveStateManager] Finished loading user save data
[2025-04-16 20:10:19] [INFO] [AssetPool] Started initializing AssetPool
[2025-04-16 20:10:19] [INFO] [AssetNameSpace] Started loading Sprite's from ./res/graphics
[2025-04-16 20:10:19] [INFO] [AssetNameSpace] Finished reading files for sprites
[2025-04-16 20:10:20] [INFO] [AssetNameSpace] Finished loading ./res/graphics
[2025-04-16 20:10:20] [INFO] [AssetPool] Finished initializing AssetPool
[2025-04-16 20:10:20] [INFO] [Component] Setting earth_dragon_Kyru_803ce04b-b9ec-4765-bd33-1c62a89bbbdf on to {"spawn_region":[],"collider":"","unit":"earth_dragon_Kyru_803ce04b-b9ec-4765-bd33-1c62a89bbbdf","column":4,"row":7,"structure":"","height":0}.
[2025-04-16 20:10:20] [INFO] [SpeedQueue] Added unit enemy:Kyru into queue
[2025-04-16 20:10:20] [INFO] [Component] Setting earth_dragon_Moovri_10ecdf80-c6a4-49cf-aeb2-ae0892af1075 on to {"spawn_region":[],"collider":"","unit":"earth_dragon_Moovri_10ecdf80-c6a4-49cf-aeb2-ae0892af1075","column":4,"row":6,"structure":"","height":0}.
[2025-04-16 20:10:20] [INFO] [SpeedQueue] Added unit enemy:Moovri into queue
[2025-04-16 20:10:20] [INFO] [Component] Setting earth_dragon_Hyrli_e47dbe0b-3183-46d2-84e3-5958d24e9313 on to {"spawn_region":[],"collider":"","unit":"earth_dragon_Hyrli_e47dbe0b-3183-46d2-84e3-5958d24e9313","column":7,"row":3,"structure":"","height":0}.
[2025-04-16 20:10:20] [INFO] [SpeedQueue] Added unit enemy:Hyrli into queue
[2025-04-16 20:10:20] [INFO] [Component] Setting light_dragon_Faiyo_91bb8e56-26b9-4e6b-b2e6-032a6c924d0c on to {"spawn_region":[],"collider":"","unit":"light_dragon_Faiyo_91bb8e56-26b9-4e6b-b2e6-032a6c924d0c","column":7,"row":6,"structure":"","height":0}.
[2025-04-16 20:10:20] [INFO] [SpeedQueue] Added unit enemy:Faiyo into queue
[2025-04-16 20:10:20] [INFO] [Component] Setting dark_dragon_Yovkxo_9637d9f5-0bd7-459f-8d38-5df46b889bb1 on to {"spawn_region":[],"collider":"","unit":"dark_dragon_Yovkxo_9637d9f5-0bd7-459f-8d38-5df46b889bb1","column":6,"row":6,"structure":"","height":0}.
[2025-04-16 20:10:20] [INFO] [SpeedQueue] Added unit user:Yovkxo into queue
[2025-04-16 20:10:20] [INFO] [Component] Setting light_dragon_Myoy_75d58f59-d973-4509-8f38-79e850bf9591 on to {"spawn_region":[],"collider":"","unit":"light_dragon_Myoy_75d58f59-d973-4509-8f38-79e850bf9591","column":5,"row":3,"structure":"","height":0}.
[2025-04-16 20:10:20] [INFO] [SpeedQueue] Added unit user:Myoy into queue
[2025-04-16 20:10:20] [INFO] [EngineController] Started setting scene to MENU_SCENE
[2025-04-16 20:10:20] [INFO] [EngineController] Finished setting scene to MENU_SCENE
[2025-04-16 20:10:20] [INFO] [EngineController] Started setting scene to MAP_EDITOR_SCENE
[2025-04-16 20:10:20] [INFO] [FontPool] Started initializing FontPool
[2025-04-16 20:10:20] [INFO] [FontPool] ✅ Successfully loaded font: Lilian
[2025-04-16 20:10:20] [INFO] [MapEditorScene] Starting to create new GameController!
[2025-04-16 20:10:20] [INFO] [MapEditorScene] Successfully created new GameController!
[2025-04-16 20:10:20] [INFO] [EngineController] Finished setting scene to MAP_EDITOR_SCENE
[2025-04-16 20:10:20] [INFO] [InputHandler] Gliding 0 camera to new tile 10_12_cab2d920-ba8e-4682-abf8-e6aae683bbc8
[2025-04-16 20:10:20] [INFO] [TimeLinePanel] Started updating the timeline panel after turn order has changed.
[2025-04-16 20:10:20] [INFO] [TimeLinePanel] Finished updating the timeline panel after turn order has changed.
[2025-04-16 20:10:20] [INFO] [SelectedTilePanel] Checksum updated, getting units at selected tiles.
[2025-04-16 20:10:20] [INFO] [SelectedTilePanel] Either no unit selected or more than one unit selected
[2025-04-16 20:10:20] [INFO] [VisualsSystem] Started creating blurred background
[2025-04-16 20:10:21] [INFO] [VisualsSystem] Finished creating blurred background after 0.494917631149292 seconds
[2025-04-16 20:10:21] [INFO] [MapEditorScene] Updated hoveredTilePanes 129,18
[2025-04-16 20:10:21] [INFO] [MapEditorScene] Updated hoveredTilePanes 127,15
[2025-04-16 20:10:21] [INFO] [MapEditorScene] Updated hoveredTilePanes 124,11
[2025-04-16 20:10:21] [INFO] [MapEditorScene] Updated hoveredTilePanes 121,7
[2025-04-16 20:10:21] [INFO] [MapEditorScene] Updated hoveredTilePanes 120,5
[2025-04-16 20:10:21] [INFO] [MapEditorScene] Updated hoveredTilePanes 118,2
[2025-04-16 20:10:21] [INFO] [MapEditorScene] Updated hoveredTilePanes 116,0
[2025-04-16 20:10:22] [INFO] [MapEditorScene] Updated hoveredTilePanes 101,1
[2025-04-16 20:10:22] [INFO] [MapEditorScene] Updated hoveredTilePanes 99,3
[2025-04-16 20:10:22] [INFO] [MapEditorScene] Updated hoveredTilePanes 97,7
[2025-04-16 20:10:22] [INFO] [MapEditorScene] Updated hoveredTilePanes 95,9
[2025-04-16 20:10:22] [INFO] [MapEditorScene] Updated hoveredTilePanes 92,12
[2025-04-16 20:10:22] [INFO] [MapEditorScene] Updated hoveredTilePanes 91,15
[2025-04-16 20:10:22] [INFO] [MapEditorScene] Updated hoveredTilePanes 89,17
[2025-04-16 20:10:22] [INFO] [MapEditorScene] Updated hoveredTilePanes 88,19
[2025-04-16 20:10:22] [INFO] [MapEditorScene] Updated hoveredTilePanes 329,383
[2025-04-16 20:10:22] [INFO] [MapEditorScene] Updated hoveredTilePanes 339,388
[2025-04-16 20:10:22] [INFO] [MapEditorScene] Updated hoveredTilePanes 344,393
[2025-04-16 20:10:22] [INFO] [MapEditorScene] Updated hoveredTilePanes 350,397
[2025-04-16 20:10:22] [INFO] [MapEditorScene] Updated hoveredTilePanes 354,400
[2025-04-16 20:10:22] [INFO] [MapEditorScene] Updated hoveredTilePanes 356,401
[2025-04-16 20:10:22] [INFO] [MapEditorScene] Updated hoveredTilePanes 357,403
[2025-04-16 20:10:22] [INFO] [MapEditorScene] Updated hoveredTilePanes 359,404
[2025-04-16 20:10:22] [INFO] [MapEditorScene] Updated hoveredTilePanes 359,405
[2025-04-16 20:10:22] [INFO] [MapEditorScene] Updated hoveredTilePanes 360,405
[2025-04-16 20:10:22] [INFO] [MapEditorScene] Updated hoveredTilePanes 360,406
[2025-04-16 20:10:22] [INFO] [MapEditorScene] Updated hoveredTilePanes 361,406
[2025-04-16 20:10:22] [INFO] [MapEditorScene] Updated hoveredTilePanes 361,407
[2025-04-16 20:10:22] [INFO] [MapEditorScene] Updated hoveredTilePanes 361,408
[2025-04-16 20:10:22] [INFO] [MapEditorScene] Updated hoveredTilePanes 361,409
[2025-04-16 20:10:22] [INFO] [MapEditorScene] Updated hoveredTilePanes 361,410
[2025-04-16 20:10:22] [INFO] [MapEditorScene] Updated hoveredTilePanes 361,412
[2025-04-16 20:10:22] [INFO] [MapEditorScene] Updated hoveredTilePanes 361,413
[2025-04-16 20:10:22] [INFO] [MapEditorScene] Updated hoveredTilePanes 362,415
[2025-04-16 20:10:22] [INFO] [MapEditorScene] Updated hoveredTilePanes 363,417
[2025-04-16 20:10:22] [INFO] [MapEditorScene] Updated hoveredTilePanes 364,418
[2025-04-16 20:10:22] [INFO] [MapEditorScene] Updated hoveredTilePanes 366,419
[2025-04-16 20:10:22] [INFO] [MapEditorScene] Updated hoveredTilePanes 371,421
[2025-04-16 20:10:22] [INFO] [MapEditorScene] Updated hoveredTilePanes 375,422
[2025-04-16 20:10:22] [INFO] [MapEditorScene] Updated hoveredTilePanes 382,423
[2025-04-16 20:10:22] [INFO] [MapEditorScene] Updated hoveredTilePanes 391,423
[2025-04-16 20:10:22] [INFO] [MapEditorScene] Updated hoveredTilePanes 402,423
[2025-04-16 20:10:22] [INFO] [MapEditorScene] Updated hoveredTilePanes 411,423
[2025-04-16 20:10:22] [INFO] [MapEditorScene] Updated hoveredTilePanes 422,422
[2025-04-16 20:10:22] [INFO] [MapEditorScene] Updated hoveredTilePanes 433,419
[2025-04-16 20:10:22] [INFO] [MapEditorScene] Updated hoveredTilePanes 444,416
[2025-04-16 20:10:22] [INFO] [MapEditorScene] Updated hoveredTilePanes 453,412
[2025-04-16 20:10:22] [INFO] [MapEditorScene] Updated hoveredTilePanes 458,411
[2025-04-16 20:10:22] [INFO] [MapEditorScene] Updated hoveredTilePanes 464,409
[2025-04-16 20:10:22] [INFO] [MapEditorScene] Updated hoveredTilePanes 473,405
[2025-04-16 20:10:22] [INFO] [MapEditorScene] Updated hoveredTilePanes 484,401
[2025-04-16 20:10:22] [INFO] [MapEditorScene] Updated hoveredTilePanes 491,398
[2025-04-16 20:10:22] [INFO] [MapEditorScene] Updated hoveredTilePanes 500,394
[2025-04-16 20:10:22] [INFO] [MapEditorScene] Updated hoveredTilePanes 507,389
[2025-04-16 20:10:22] [INFO] [MapEditorScene] Updated hoveredTilePanes 515,384
[2025-04-16 20:10:22] [INFO] [MapEditorScene] Updated hoveredTilePanes 519,382
[2025-04-16 20:10:22] [INFO] [MapEditorScene] Updated hoveredTilePanes 524,380
[2025-04-16 20:10:22] [INFO] [MapEditorScene] Updated hoveredTilePanes 529,378
[2025-04-16 20:10:22] [INFO] [MapEditorScene] Updated hoveredTilePanes 534,376
[2025-04-16 20:10:22] [INFO] [MapEditorScene] Updated hoveredTilePanes 537,374
[2025-04-16 20:10:22] [INFO] [MapEditorScene] Updated hoveredTilePanes 539,373
[2025-04-16 20:10:22] [INFO] [MapEditorScene] Updated hoveredTilePanes 540,373
[2025-04-16 20:10:22] [INFO] [MapEditorScene] Updated hoveredTilePanes 541,373
[2025-04-16 20:10:22] [INFO] [MapEditorScene] Updated hoveredTilePanes 542,373
[2025-04-16 20:10:23] [INFO] [MapEditorScene] Updated hoveredTilePanes 543,373
[2025-04-16 20:10:23] [INFO] [MapEditorScene] Updated hoveredTilePanes 544,373
[2025-04-16 20:10:23] [INFO] [MapEditorScene] Updated hoveredTilePanes 545,373
[2025-04-16 20:10:23] [INFO] [MapEditorScene] Updated hoveredTilePanes 545,372
[2025-04-16 20:10:23] [INFO] [MapEditorScene] Updated hoveredTilePanes 546,371
[2025-04-16 20:10:23] [INFO] [MapEditorScene] Updated hoveredTilePanes 547,370
[2025-04-16 20:10:23] [INFO] [MapEditorScene] Updated hoveredTilePanes 547,368
[2025-04-16 20:10:23] [INFO] [MapEditorScene] Updated hoveredTilePanes 548,366
[2025-04-16 20:10:23] [INFO] [MapEditorScene] Updated hoveredTilePanes 550,363
[2025-04-16 20:10:23] [INFO] [MapEditorScene] Updated hoveredTilePanes 551,360
[2025-04-16 20:10:23] [INFO] [MapEditorScene] Updated hoveredTilePanes 552,355
[2025-04-16 20:10:23] [INFO] [MapEditorScene] Updated hoveredTilePanes 553,352
[2025-04-16 20:10:23] [INFO] [MapEditorScene] Updated hoveredTilePanes 554,348
[2025-04-16 20:10:23] [INFO] [MapEditorScene] Updated hoveredTilePanes 556,345
[2025-04-16 20:10:23] [INFO] [MapEditorScene] Updated hoveredTilePanes 556,342
[2025-04-16 20:10:23] [INFO] [MapEditorScene] Updated hoveredTilePanes 558,340
[2025-04-16 20:10:23] [INFO] [MapEditorScene] Updated hoveredTilePanes 558,338
[2025-04-16 20:10:23] [INFO] [MapEditorScene] Updated hoveredTilePanes 559,337
[2025-04-16 20:10:23] [INFO] [MapEditorScene] Updated hoveredTilePanes 559,336
[2025-04-16 20:10:23] [INFO] [MapEditorScene] Updated hoveredTilePanes 560,336
[2025-04-16 20:10:23] [INFO] [MapEditorScene] Updated hoveredTilePanes 556,339
[2025-04-16 20:10:23] [INFO] [MapEditorScene] Updated hoveredTilePanes 552,343
[2025-04-16 20:10:23] [INFO] [MapEditorScene] Updated hoveredTilePanes 546,347
[2025-04-16 20:10:23] [INFO] [MapEditorScene] Updated hoveredTilePanes 541,351
[2025-04-16 20:10:23] [INFO] [MapEditorScene] Updated hoveredTilePanes 533,358
[2025-04-16 20:10:23] [INFO] [MapEditorScene] Updated hoveredTilePanes 529,360
[2025-04-16 20:10:23] [INFO] [MapEditorScene] Updated hoveredTilePanes 522,367
[2025-04-16 20:10:23] [INFO] [MapEditorScene] Updated hoveredTilePanes 516,371
[2025-04-16 20:10:23] [INFO] [MapEditorScene] Updated hoveredTilePanes 511,376
[2025-04-16 20:10:23] [INFO] [MapEditorScene] Updated hoveredTilePanes 507,379
[2025-04-16 20:10:23] [INFO] [MapEditorScene] Updated hoveredTilePanes 504,383
[2025-04-16 20:10:23] [INFO] [MapEditorScene] Updated hoveredTilePanes 501,387
[2025-04-16 20:10:23] [INFO] [MapEditorScene] Updated hoveredTilePanes 499,389
[2025-04-16 20:10:23] [INFO] [MapEditorScene] Updated hoveredTilePanes 498,391
[2025-04-16 20:10:23] [INFO] [MapEditorScene] Updated hoveredTilePanes 496,395
[2025-04-16 20:10:23] [INFO] [MapEditorScene] Updated hoveredTilePanes 495,397
[2025-04-16 20:10:23] [INFO] [MapEditorScene] Updated hoveredTilePanes 493,399
[2025-04-16 20:10:23] [INFO] [MapEditorScene] Updated hoveredTilePanes 492,402
[2025-04-16 20:10:23] [INFO] [MapEditorScene] Updated hoveredTilePanes 490,404
[2025-04-16 20:10:23] [INFO] [MapEditorScene] Updated hoveredTilePanes 489,407
[2025-04-16 20:10:23] [INFO] [MapEditorScene] Updated hoveredTilePanes 487,409
[2025-04-16 20:10:23] [INFO] [MapEditorScene] Updated hoveredTilePanes 486,411
[2025-04-16 20:10:23] [INFO] [MapEditorScene] Updated hoveredTilePanes 485,413
[2025-04-16 20:10:23] [INFO] [MapEditorScene] Updated hoveredTilePanes 484,415
[2025-04-16 20:10:23] [INFO] [MapEditorScene] Updated hoveredTilePanes 483,416
[2025-04-16 20:10:23] [INFO] [MapEditorScene] Updated hoveredTilePanes 482,418
[2025-04-16 20:10:23] [INFO] [MapEditorScene] Updated hoveredTilePanes 480,420
[2025-04-16 20:10:23] [INFO] [MapEditorScene] Updated hoveredTilePanes 479,421
[2025-04-16 20:10:23] [INFO] [MapEditorScene] Updated hoveredTilePanes 479,422
[2025-04-16 20:10:23] [INFO] [MapEditorScene] Updated hoveredTilePanes 478,423
[2025-04-16 20:10:23] [INFO] [MapEditorScene] Updated hoveredTilePanes 476,425
[2025-04-16 20:10:23] [INFO] [MapEditorScene] Updated hoveredTilePanes 474,427
[2025-04-16 20:10:23] [INFO] [MapEditorScene] Updated hoveredTilePanes 473,429
[2025-04-16 20:10:23] [INFO] [MapEditorScene] Updated hoveredTilePanes 472,430
[2025-04-16 20:10:23] [INFO] [MapEditorScene] Updated hoveredTilePanes 471,430
[2025-04-16 20:10:23] [INFO] [MapEditorScene] Updated hoveredTilePanes 470,431
[2025-04-16 20:10:23] [INFO] [MapEditorScene] Updated hoveredTilePanes 469,432
[2025-04-16 20:10:23] [INFO] [MapEditorScene] Updated hoveredTilePanes 469,433
[2025-04-16 20:10:23] [INFO] [MapEditorScene] Updated hoveredTilePanes 470,432
[2025-04-16 20:10:23] [INFO] [MapEditorScene] Updated hoveredTilePanes 475,429
[2025-04-16 20:10:23] [INFO] [MapEditorScene] Updated hoveredTilePanes 482,423
[2025-04-16 20:10:23] [INFO] [MapEditorScene] Updated hoveredTilePanes 491,414
[2025-04-16 20:10:23] [INFO] [MapEditorScene] Updated hoveredTilePanes 500,407
[2025-04-16 20:10:23] [INFO] [MapEditorScene] Updated hoveredTilePanes 514,397
[2025-04-16 20:10:23] [INFO] [MapEditorScene] Updated hoveredTilePanes 525,388
[2025-04-16 20:10:23] [INFO] [MapEditorScene] Updated hoveredTilePanes 537,380
[2025-04-16 20:10:23] [INFO] [MapEditorScene] Updated hoveredTilePanes 548,371
[2025-04-16 20:10:23] [INFO] [MapEditorScene] Updated hoveredTilePanes 553,368
[2025-04-16 20:10:23] [INFO] [MapEditorScene] Updated hoveredTilePanes 563,361
[2025-04-16 20:10:23] [INFO] [MapEditorScene] Updated hoveredTilePanes 570,356
[2025-04-16 20:10:23] [INFO] [MapEditorScene] Updated hoveredTilePanes 576,352
[2025-04-16 20:10:23] [INFO] [MapEditorScene] Updated hoveredTilePanes 580,349
[2025-04-16 20:10:23] [INFO] [MapEditorScene] Updated hoveredTilePanes 586,344
[2025-04-16 20:10:23] [INFO] [MapEditorScene] Updated hoveredTilePanes 588,342
[2025-04-16 20:10:23] [INFO] [MapEditorScene] Updated hoveredTilePanes 592,339
[2025-04-16 20:10:23] [INFO] [MapEditorScene] Updated hoveredTilePanes 595,337
[2025-04-16 20:10:23] [INFO] [MapEditorScene] Updated hoveredTilePanes 596,336
[2025-04-16 20:10:23] [INFO] [MapEditorScene] Updated hoveredTilePanes 597,334
[2025-04-16 20:10:23] [INFO] [MapEditorScene] Updated hoveredTilePanes 598,332
[2025-04-16 20:10:23] [INFO] [MapEditorScene] Updated hoveredTilePanes 599,331
[2025-04-16 20:10:23] [INFO] [MapEditorScene] Updated hoveredTilePanes 600,330
[2025-04-16 20:10:23] [INFO] [MapEditorScene] Updated hoveredTilePanes 600,329
[2025-04-16 20:10:23] [INFO] [MapEditorScene] Updated hoveredTilePanes 601,329
[2025-04-16 20:10:23] [INFO] [MapEditorScene] Updated hoveredTilePanes 601,328
[2025-04-16 20:10:23] [INFO] [MapEditorScene] Updated hoveredTilePanes 602,327
[2025-04-16 20:10:23] [INFO] [MapEditorScene] Updated hoveredTilePanes 603,326
[2025-04-16 20:10:23] [INFO] [MapEditorScene] Updated hoveredTilePanes 603,325
[2025-04-16 20:10:24] [INFO] [MapEditorScene] Updated hoveredTilePanes 602,325
[2025-04-16 20:10:24] [INFO] [MapEditorScene] Updated hoveredTilePanes 600,326
[2025-04-16 20:10:24] [INFO] [MapEditorScene] Updated hoveredTilePanes 598,327
[2025-04-16 20:10:24] [INFO] [MapEditorScene] Updated hoveredTilePanes 596,330
[2025-04-16 20:10:24] [INFO] [MapEditorScene] Updated hoveredTilePanes 592,333
[2025-04-16 20:10:24] [INFO] [MapEditorScene] Updated hoveredTilePanes 590,335
[2025-04-16 20:10:24] [INFO] [MapEditorScene] Updated hoveredTilePanes 586,338
[2025-04-16 20:10:24] [INFO] [MapEditorScene] Updated hoveredTilePanes 582,342
[2025-04-16 20:10:24] [INFO] [MapEditorScene] Updated hoveredTilePanes 580,344
[2025-04-16 20:10:24] [INFO] [MapEditorScene] Updated hoveredTilePanes 573,351
[2025-04-16 20:10:24] [INFO] [MapEditorScene] Updated hoveredTilePanes 571,353
[2025-04-16 20:10:24] [INFO] [MapEditorScene] Updated hoveredTilePanes 563,359
[2025-04-16 20:10:24] [INFO] [MapEditorScene] Updated hoveredTilePanes 560,363
[2025-04-16 20:10:24] [INFO] [MapEditorScene] Updated hoveredTilePanes 553,371
[2025-04-16 20:10:24] [INFO] [MapEditorScene] Updated hoveredTilePanes 547,377
[2025-04-16 20:10:24] [INFO] [MapEditorScene] Updated hoveredTilePanes 543,381
[2025-04-16 20:10:24] [INFO] [MapEditorScene] Updated hoveredTilePanes 537,387
[2025-04-16 20:10:24] [INFO] [MapEditorScene] Updated hoveredTilePanes 532,391
[2025-04-16 20:10:24] [INFO] [MapEditorScene] Updated hoveredTilePanes 527,397
[2025-04-16 20:10:24] [INFO] [MapEditorScene] Updated hoveredTilePanes 522,401
[2025-04-16 20:10:24] [INFO] [MapEditorScene] Updated hoveredTilePanes 518,404
[2025-04-16 20:10:24] [INFO] [MapEditorScene] Updated hoveredTilePanes 515,406
[2025-04-16 20:10:24] [INFO] [MapEditorScene] Updated hoveredTilePanes 513,408
[2025-04-16 20:10:24] [INFO] [MapEditorScene] Updated hoveredTilePanes 512,409
[2025-04-16 20:10:24] [INFO] [MapEditorScene] Updated hoveredTilePanes 511,409
[2025-04-16 20:10:24] [INFO] [MapEditorScene] Updated hoveredTilePanes 511,410
[2025-04-16 20:10:24] [INFO] [MapEditorScene] Updated hoveredTilePanes 510,410
[2025-04-16 20:10:24] [INFO] [MapEditorScene] Updated hoveredTilePanes 511,410
[2025-04-16 20:10:24] [INFO] [MapEditorScene] Updated hoveredTilePanes 515,407
[2025-04-16 20:10:24] [INFO] [MapEditorScene] Updated hoveredTilePanes 520,403
[2025-04-16 20:10:24] [INFO] [MapEditorScene] Updated hoveredTilePanes 528,396
[2025-04-16 20:10:24] [INFO] [MapEditorScene] Updated hoveredTilePanes 541,386
[2025-04-16 20:10:24] [INFO] [MapEditorScene] Updated hoveredTilePanes 555,376
[2025-04-16 20:10:24] [INFO] [MapEditorScene] Updated hoveredTilePanes 571,363
[2025-04-16 20:10:24] [INFO] [MapEditorScene] Updated hoveredTilePanes 585,353
[2025-04-16 20:10:24] [INFO] [MapEditorScene] Updated hoveredTilePanes 600,343
[2025-04-16 20:10:24] [INFO] [MapEditorScene] Updated hoveredTilePanes 614,333
[2025-04-16 20:10:24] [INFO] [MapEditorScene] Updated hoveredTilePanes 618,330
[2025-04-16 20:10:24] [INFO] [MapEditorScene] Updated hoveredTilePanes 628,323
[2025-04-16 20:10:24] [INFO] [MapEditorScene] Updated hoveredTilePanes 638,317
[2025-04-16 20:10:24] [INFO] [MapEditorScene] Updated hoveredTilePanes 645,314
[2025-04-16 20:10:24] [INFO] [MapEditorScene] Updated hoveredTilePanes 648,311
[2025-04-16 20:10:24] [INFO] [MapEditorScene] Updated hoveredTilePanes 652,308
[2025-04-16 20:10:24] [INFO] [MapEditorScene] Updated hoveredTilePanes 654,307
[2025-04-16 20:10:24] [INFO] [MapEditorScene] Updated hoveredTilePanes 656,306
[2025-04-16 20:10:24] [INFO] [MapEditorScene] Updated hoveredTilePanes 657,305
[2025-04-16 20:10:24] [INFO] [MapEditorScene] Updated hoveredTilePanes 658,305
[2025-04-16 20:10:24] [INFO] [MapEditorScene] Updated hoveredTilePanes 658,304
[2025-04-16 20:10:24] [INFO] [MapEditorScene] Updated hoveredTilePanes 657,304
[2025-04-16 20:10:24] [INFO] [MapEditorScene] Updated hoveredTilePanes 656,304
[2025-04-16 20:10:24] [INFO] [MapEditorScene] Updated hoveredTilePanes 653,304
[2025-04-16 20:10:24] [INFO] [MapEditorScene] Updated hoveredTilePanes 651,305
[2025-04-16 20:10:24] [INFO] [MapEditorScene] Updated hoveredTilePanes 648,306
[2025-04-16 20:10:24] [INFO] [MapEditorScene] Updated hoveredTilePanes 643,309
[2025-04-16 20:10:24] [INFO] [MapEditorScene] Updated hoveredTilePanes 637,312
[2025-04-16 20:10:24] [INFO] [MapEditorScene] Updated hoveredTilePanes 633,314
[2025-04-16 20:10:24] [INFO] [MapEditorScene] Updated hoveredTilePanes 629,317
[2025-04-16 20:10:24] [INFO] [MapEditorScene] Updated hoveredTilePanes 624,320
[2025-04-16 20:10:24] [INFO] [MapEditorScene] Updated hoveredTilePanes 619,322
[2025-04-16 20:10:24] [INFO] [MapEditorScene] Updated hoveredTilePanes 612,325
[2025-04-16 20:10:24] [INFO] [MapEditorScene] Updated hoveredTilePanes 608,327
[2025-04-16 20:10:24] [INFO] [MapEditorScene] Updated hoveredTilePanes 603,330
[2025-04-16 20:10:24] [INFO] [MapEditorScene] Updated hoveredTilePanes 600,331
[2025-04-16 20:10:24] [INFO] [MapEditorScene] Updated hoveredTilePanes 595,334
[2025-04-16 20:10:24] [INFO] [MapEditorScene] Updated hoveredTilePanes 592,336
[2025-04-16 20:10:24] [INFO] [MapEditorScene] Updated hoveredTilePanes 588,338
[2025-04-16 20:10:24] [INFO] [MapEditorScene] Updated hoveredTilePanes 586,340
[2025-04-16 20:10:24] [INFO] [MapEditorScene] Updated hoveredTilePanes 583,342
[2025-04-16 20:10:24] [INFO] [MapEditorScene] Updated hoveredTilePanes 580,344
[2025-04-16 20:10:24] [INFO] [MapEditorScene] Updated hoveredTilePanes 579,345
[2025-04-16 20:10:24] [INFO] [MapEditorScene] Updated hoveredTilePanes 577,346
[2025-04-16 20:10:24] [INFO] [MapEditorScene] Updated hoveredTilePanes 576,347
[2025-04-16 20:10:24] [INFO] [MapEditorScene] Updated hoveredTilePanes 575,348
[2025-04-16 20:10:24] [INFO] [MapEditorScene] Updated hoveredTilePanes 574,349
[2025-04-16 20:10:24] [INFO] [MapEditorScene] Updated hoveredTilePanes 573,350
[2025-04-16 20:10:24] [INFO] [MapEditorScene] Updated hoveredTilePanes 572,350
[2025-04-16 20:10:24] [INFO] [MapEditorScene] Updated hoveredTilePanes 571,351
[2025-04-16 20:10:24] [INFO] [MapEditorScene] Updated hoveredTilePanes 570,352
[2025-04-16 20:10:24] [INFO] [MapEditorScene] Updated hoveredTilePanes 568,353
[2025-04-16 20:10:24] [INFO] [MapEditorScene] Updated hoveredTilePanes 566,354
[2025-04-16 20:10:24] [INFO] [MapEditorScene] Updated hoveredTilePanes 565,355
[2025-04-16 20:10:24] [INFO] [MapEditorScene] Updated hoveredTilePanes 563,356
[2025-04-16 20:10:25] [INFO] [MapEditorScene] Updated hoveredTilePanes 561,357
[2025-04-16 20:10:25] [INFO] [MapEditorScene] Updated hoveredTilePanes 559,359
[2025-04-16 20:10:25] [INFO] [MapEditorScene] Updated hoveredTilePanes 557,360
[2025-04-16 20:10:25] [INFO] [MapEditorScene] Updated hoveredTilePanes 555,361
[2025-04-16 20:10:25] [INFO] [MapEditorScene] Updated hoveredTilePanes 554,362
[2025-04-16 20:10:25] [INFO] [MapEditorScene] Updated hoveredTilePanes 552,364
[2025-04-16 20:10:25] [INFO] [MapEditorScene] Updated hoveredTilePanes 551,365
[2025-04-16 20:10:25] [INFO] [MapEditorScene] Updated hoveredTilePanes 549,366
[2025-04-16 20:10:25] [INFO] [MapEditorScene] Updated hoveredTilePanes 547,367
[2025-04-16 20:10:25] [INFO] [MapEditorScene] Updated hoveredTilePanes 545,369
[2025-04-16 20:10:25] [INFO] [MapEditorScene] Updated hoveredTilePanes 543,371
[2025-04-16 20:10:25] [INFO] [MapEditorScene] Updated hoveredTilePanes 541,373
[2025-04-16 20:10:25] [INFO] [MapEditorScene] Updated hoveredTilePanes 537,376
[2025-04-16 20:10:25] [INFO] [MapEditorScene] Updated hoveredTilePanes 534,379
[2025-04-16 20:10:25] [INFO] [MapEditorScene] Updated hoveredTilePanes 530,383
[2025-04-16 20:10:25] [INFO] [MapEditorScene] Updated hoveredTilePanes 527,386
[2025-04-16 20:10:25] [INFO] [MapEditorScene] Updated hoveredTilePanes 524,390
[2025-04-16 20:10:25] [INFO] [MapEditorScene] Updated hoveredTilePanes 520,393
[2025-04-16 20:10:25] [INFO] [MapEditorScene] Updated hoveredTilePanes 514,398
[2025-04-16 20:10:25] [INFO] [MapEditorScene] Updated hoveredTilePanes 511,401
[2025-04-16 20:10:25] [INFO] [MapEditorScene] Updated hoveredTilePanes 505,406
[2025-04-16 20:10:25] [INFO] [MapEditorScene] Updated hoveredTilePanes 501,409
[2025-04-16 20:10:25] [INFO] [MapEditorScene] Updated hoveredTilePanes 497,413
[2025-04-16 20:10:25] [INFO] [MapEditorScene] Updated hoveredTilePanes 493,415
[2025-04-16 20:10:25] [INFO] [MapEditorScene] Updated hoveredTilePanes 489,417
[2025-04-16 20:10:25] [INFO] [MapEditorScene] Updated hoveredTilePanes 485,420
[2025-04-16 20:10:25] [INFO] [MapEditorScene] Updated hoveredTilePanes 483,421
[2025-04-16 20:10:25] [INFO] [MapEditorScene] Updated hoveredTilePanes 480,423
[2025-04-16 20:10:25] [INFO] [MapEditorScene] Updated hoveredTilePanes 478,423
[2025-04-16 20:10:25] [INFO] [MapEditorScene] Updated hoveredTilePanes 476,425
[2025-04-16 20:10:25] [INFO] [MapEditorScene] Updated hoveredTilePanes 475,425
[2025-04-16 20:10:25] [INFO] [MapEditorScene] Updated hoveredTilePanes 474,426
[2025-04-16 20:10:25] [INFO] [MapEditorScene] Updated hoveredTilePanes 473,426
[2025-04-16 20:10:25] [INFO] [MapEditorScene] Updated hoveredTilePanes 472,427
[2025-04-16 20:10:25] [INFO] [MapEditorScene] Updated hoveredTilePanes 471,427
[2025-04-16 20:10:25] [INFO] [MapEditorScene] Updated hoveredTilePanes 470,428
[2025-04-16 20:10:25] [INFO] [MapEditorScene] Updated hoveredTilePanes 469,428
[2025-04-16 20:10:25] [INFO] [MapEditorScene] Updated hoveredTilePanes 468,429
[2025-04-16 20:10:25] [INFO] [MapEditorScene] Updated hoveredTilePanes 467,429
[2025-04-16 20:10:25] [INFO] [MapEditorScene] Updated hoveredTilePanes 466,430
[2025-04-16 20:10:25] [INFO] [MapEditorScene] Updated hoveredTilePanes 465,430
[2025-04-16 20:10:25] [INFO] [MapEditorScene] Updated hoveredTilePanes 464,431
[2025-04-16 20:10:25] [INFO] [MapEditorScene] Updated hoveredTilePanes 463,432
[2025-04-16 20:10:25] [INFO] [MapEditorScene] Updated hoveredTilePanes 462,432
[2025-04-16 20:10:25] [INFO] [MapEditorScene] Updated hoveredTilePanes 461,433
[2025-04-16 20:10:25] [INFO] [MapEditorScene] Updated hoveredTilePanes 460,433
[2025-04-16 20:10:25] [INFO] [MapEditorScene] Updated hoveredTilePanes 460,434
[2025-04-16 20:10:25] [INFO] [MapEditorScene] Updated hoveredTilePanes 459,435
[2025-04-16 20:10:25] [INFO] [MapEditorScene] Updated hoveredTilePanes 460,435
[2025-04-16 20:10:25] [INFO] [MapEditorScene] Updated hoveredTilePanes 461,435
[2025-04-16 20:10:25] [INFO] [MapEditorScene] Updated hoveredTilePanes 463,435
[2025-04-16 20:10:25] [INFO] [MapEditorScene] Updated hoveredTilePanes 468,435
[2025-04-16 20:10:25] [INFO] [MapEditorScene] Updated hoveredTilePanes 470,435
[2025-04-16 20:10:25] [INFO] [MapEditorScene] Updated hoveredTilePanes 474,435
[2025-04-16 20:10:25] [INFO] [MapEditorScene] Updated hoveredTilePanes 479,435
[2025-04-16 20:10:25] [INFO] [MapEditorScene] Updated hoveredTilePanes 484,435
[2025-04-16 20:10:25] [INFO] [MapEditorScene] Updated hoveredTilePanes 489,435
[2025-04-16 20:10:25] [INFO] [MapEditorScene] Updated hoveredTilePanes 493,434
[2025-04-16 20:10:25] [INFO] [MapEditorScene] Updated hoveredTilePanes 498,433
[2025-04-16 20:10:25] [INFO] [MapEditorScene] Updated hoveredTilePanes 503,432
[2025-04-16 20:10:25] [INFO] [MapEditorScene] Updated hoveredTilePanes 510,431
[2025-04-16 20:10:25] [INFO] [MapEditorScene] Updated hoveredTilePanes 518,429
[2025-04-16 20:10:25] [INFO] [MapEditorScene] Updated hoveredTilePanes 525,427
[2025-04-16 20:10:25] [INFO] [MapEditorScene] Updated hoveredTilePanes 532,423
[2025-04-16 20:10:25] [INFO] [MapEditorScene] Updated hoveredTilePanes 540,419
[2025-04-16 20:10:25] [INFO] [MapEditorScene] Updated hoveredTilePanes 550,414
[2025-04-16 20:10:25] [INFO] [MapEditorScene] Updated hoveredTilePanes 553,412
[2025-04-16 20:10:25] [INFO] [MapEditorScene] Updated hoveredTilePanes 561,407
[2025-04-16 20:10:25] [INFO] [MapEditorScene] Updated hoveredTilePanes 568,402
[2025-04-16 20:10:25] [INFO] [MapEditorScene] Updated hoveredTilePanes 574,398
[2025-04-16 20:10:25] [INFO] [MapEditorScene] Updated hoveredTilePanes 579,393
[2025-04-16 20:10:25] [INFO] [MapEditorScene] Updated hoveredTilePanes 585,389
[2025-04-16 20:10:25] [INFO] [MapEditorScene] Updated hoveredTilePanes 590,385
[2025-04-16 20:10:25] [INFO] [MapEditorScene] Updated hoveredTilePanes 597,378
[2025-04-16 20:10:25] [INFO] [MapEditorScene] Updated hoveredTilePanes 601,373
[2025-04-16 20:10:25] [INFO] [MapEditorScene] Updated hoveredTilePanes 604,370
[2025-04-16 20:10:25] [INFO] [MapEditorScene] Updated hoveredTilePanes 610,361
[2025-04-16 20:10:25] [INFO] [MapEditorScene] Updated hoveredTilePanes 612,359
[2025-04-16 20:10:25] [INFO] [MapEditorScene] Updated hoveredTilePanes 616,353
[2025-04-16 20:10:25] [INFO] [MapEditorScene] Updated hoveredTilePanes 619,349
[2025-04-16 20:10:25] [INFO] [MapEditorScene] Updated hoveredTilePanes 622,345
[2025-04-16 20:10:25] [INFO] [MapEditorScene] Updated hoveredTilePanes 623,343
[2025-04-16 20:10:25] [INFO] [MapEditorScene] Updated hoveredTilePanes 624,341
[2025-04-16 20:10:25] [INFO] [MapEditorScene] Updated hoveredTilePanes 625,341
[2025-04-16 20:10:25] [INFO] [MapEditorScene] Updated hoveredTilePanes 625,340
[2025-04-16 20:10:25] [INFO] [MapEditorScene] Updated hoveredTilePanes 626,340
[2025-04-16 20:10:25] [INFO] [MapEditorScene] Updated hoveredTilePanes 624,340
[2025-04-16 20:10:25] [INFO] [MapEditorScene] Updated hoveredTilePanes 622,340
[2025-04-16 20:10:25] [INFO] [MapEditorScene] Updated hoveredTilePanes 620,340
[2025-04-16 20:10:25] [INFO] [MapEditorScene] Updated hoveredTilePanes 618,340
[2025-04-16 20:10:25] [INFO] [MapEditorScene] Updated hoveredTilePanes 615,340
[2025-04-16 20:10:25] [INFO] [MapEditorScene] Updated hoveredTilePanes 612,340
[2025-04-16 20:10:25] [INFO] [MapEditorScene] Updated hoveredTilePanes 609,341
[2025-04-16 20:10:25] [INFO] [MapEditorScene] Updated hoveredTilePanes 604,343
[2025-04-16 20:10:25] [INFO] [MapEditorScene] Updated hoveredTilePanes 597,345
[2025-04-16 20:10:25] [INFO] [MapEditorScene] Updated hoveredTilePanes 589,349
[2025-04-16 20:10:25] [INFO] [MapEditorScene] Updated hoveredTilePanes 587,351
[2025-04-16 20:10:25] [INFO] [MapEditorScene] Updated hoveredTilePanes 580,354
[2025-04-16 20:10:25] [INFO] [MapEditorScene] Updated hoveredTilePanes 575,357
[2025-04-16 20:10:25] [INFO] [MapEditorScene] Updated hoveredTilePanes 570,360
[2025-04-16 20:10:25] [INFO] [MapEditorScene] Updated hoveredTilePanes 565,362
[2025-04-16 20:10:25] [INFO] [MapEditorScene] Updated hoveredTilePanes 560,367
[2025-04-16 20:10:25] [INFO] [MapEditorScene] Updated hoveredTilePanes 554,371
[2025-04-16 20:10:26] [INFO] [MapEditorScene] Updated hoveredTilePanes 550,374
[2025-04-16 20:10:26] [INFO] [MapEditorScene] Updated hoveredTilePanes 546,378
[2025-04-16 20:10:26] [INFO] [MapEditorScene] Updated hoveredTilePanes 542,382
[2025-04-16 20:10:26] [INFO] [MapEditorScene] Updated hoveredTilePanes 539,386
[2025-04-16 20:10:26] [INFO] [MapEditorScene] Updated hoveredTilePanes 537,388
[2025-04-16 20:10:26] [INFO] [MapEditorScene] Updated hoveredTilePanes 534,391
[2025-04-16 20:10:26] [INFO] [MapEditorScene] Updated hoveredTilePanes 533,392
[2025-04-16 20:10:26] [INFO] [MapEditorScene] Updated hoveredTilePanes 533,393
[2025-04-16 20:10:26] [INFO] [MapEditorScene] Updated hoveredTilePanes 532,393
[2025-04-16 20:10:26] [INFO] [MapEditorScene] Updated hoveredTilePanes 532,394
[2025-04-16 20:10:46] [INFO] [MapEditorScene] Updated hoveredTilePanes 535,394
[2025-04-16 20:10:46] [INFO] [MapEditorScene] Updated hoveredTilePanes 539,393
[2025-04-16 20:10:46] [INFO] [MapEditorScene] Updated hoveredTilePanes 545,390
[2025-04-16 20:10:46] [INFO] [MapEditorScene] Updated hoveredTilePanes 552,386
[2025-04-16 20:10:46] [INFO] [MapEditorScene] Updated hoveredTilePanes 557,382
[2025-04-16 20:10:46] [INFO] [MapEditorScene] Updated hoveredTilePanes 561,379
[2025-04-16 20:10:46] [INFO] [MapEditorScene] Updated hoveredTilePanes 575,369
[2025-04-16 20:10:46] [INFO] [MapEditorScene] Updated hoveredTilePanes 577,366
[2025-04-16 20:10:46] [INFO] [MapEditorScene] Updated hoveredTilePanes 584,360
[2025-04-16 20:10:46] [INFO] [MapEditorScene] Updated hoveredTilePanes 588,357
[2025-04-16 20:10:46] [INFO] [MapEditorScene] Updated hoveredTilePanes 594,353
[2025-04-16 20:10:46] [INFO] [MapEditorScene] Updated hoveredTilePanes 598,350
[2025-04-16 20:10:46] [INFO] [MapEditorScene] Updated hoveredTilePanes 600,347
[2025-04-16 20:10:46] [INFO] [MapEditorScene] Updated hoveredTilePanes 603,346
[2025-04-16 20:10:46] [INFO] [MapEditorScene] Updated hoveredTilePanes 604,345
[2025-04-16 20:10:46] [INFO] [MapEditorScene] Updated hoveredTilePanes 606,343
[2025-04-16 20:10:46] [INFO] [MapEditorScene] Updated hoveredTilePanes 607,342
[2025-04-16 20:10:46] [INFO] [MapEditorScene] Updated hoveredTilePanes 609,341
[2025-04-16 20:10:46] [INFO] [MapEditorScene] Updated hoveredTilePanes 610,340
[2025-04-16 20:10:46] [INFO] [MapEditorScene] Updated hoveredTilePanes 611,339
[2025-04-16 20:10:46] [INFO] [MapEditorScene] Updated hoveredTilePanes 612,338
[2025-04-16 20:10:46] [INFO] [MapEditorScene] Updated hoveredTilePanes 613,338
[2025-04-16 20:10:46] [INFO] [MapEditorScene] Updated hoveredTilePanes 614,337
[2025-04-16 20:10:46] [INFO] [MapEditorScene] Updated hoveredTilePanes 615,337
[2025-04-16 20:10:46] [INFO] [MapEditorScene] Updated hoveredTilePanes 616,337
[2025-04-16 20:10:46] [INFO] [MapEditorScene] Updated hoveredTilePanes 618,337
[2025-04-16 20:10:46] [INFO] [MapEditorScene] Updated hoveredTilePanes 619,337
[2025-04-16 20:10:46] [INFO] [MapEditorScene] Updated hoveredTilePanes 621,337
[2025-04-16 20:10:46] [INFO] [MapEditorScene] Updated hoveredTilePanes 623,337
[2025-04-16 20:10:47] [INFO] [MapEditorScene] Updated hoveredTilePanes 625,337
[2025-04-16 20:10:47] [INFO] [MapEditorScene] Updated hoveredTilePanes 626,337
[2025-04-16 20:10:47] [INFO] [MapEditorScene] Updated hoveredTilePanes 627,337
[2025-04-16 20:10:47] [INFO] [MapEditorScene] Updated hoveredTilePanes 628,337
[2025-04-16 20:10:47] [INFO] [MapEditorScene] Updated hoveredTilePanes 629,337
[2025-04-16 20:10:47] [INFO] [MapEditorScene] Updated hoveredTilePanes 630,337
[2025-04-16 20:10:47] [INFO] [MapEditorScene] Updated hoveredTilePanes 630,338
[2025-04-16 20:10:47] [INFO] [MapEditorScene] Updated hoveredTilePanes 630,339
[2025-04-16 20:10:47] [INFO] [MapEditorScene] Updated hoveredTilePanes 630,340
[2025-04-16 20:10:47] [INFO] [MapEditorScene] Updated hoveredTilePanes 630,341
[2025-04-16 20:10:47] [INFO] [MapEditorScene] Updated hoveredTilePanes 630,342
[2025-04-16 20:10:47] [INFO] [MapEditorScene] Updated hoveredTilePanes 630,343
[2025-04-16 20:10:47] [INFO] [MapEditorScene] Updated hoveredTilePanes 630,344
[2025-04-16 20:10:47] [INFO] [MapEditorScene] Updated hoveredTilePanes 630,346
[2025-04-16 20:10:47] [INFO] [MapEditorScene] Updated hoveredTilePanes 630,347
[2025-04-16 20:10:47] [INFO] [MapEditorScene] Updated hoveredTilePanes 630,348
[2025-04-16 20:10:47] [INFO] [MapEditorScene] Updated hoveredTilePanes 630,350
[2025-04-16 20:10:47] [INFO] [MapEditorScene] Updated hoveredTilePanes 630,351
[2025-04-16 20:10:47] [INFO] [MapEditorScene] Updated hoveredTilePanes 628,353
[2025-04-16 20:10:47] [INFO] [MapEditorScene] Updated hoveredTilePanes 627,355
[2025-04-16 20:10:47] [INFO] [MapEditorScene] Updated hoveredTilePanes 627,357
[2025-04-16 20:10:47] [INFO] [MapEditorScene] Updated hoveredTilePanes 625,359
[2025-04-16 20:10:47] [INFO] [MapEditorScene] Updated hoveredTilePanes 624,361
[2025-04-16 20:10:47] [INFO] [MapEditorScene] Updated hoveredTilePanes 623,363
[2025-04-16 20:10:47] [INFO] [MapEditorScene] Updated hoveredTilePanes 622,365
[2025-04-16 20:10:47] [INFO] [MapEditorScene] Updated hoveredTilePanes 621,367
[2025-04-16 20:10:47] [INFO] [MapEditorScene] Updated hoveredTilePanes 619,369
[2025-04-16 20:10:47] [INFO] [MapEditorScene] Updated hoveredTilePanes 618,371
[2025-04-16 20:10:47] [INFO] [MapEditorScene] Updated hoveredTilePanes 617,373
[2025-04-16 20:10:47] [INFO] [MapEditorScene] Updated hoveredTilePanes 615,376
[2025-04-16 20:10:47] [INFO] [MapEditorScene] Updated hoveredTilePanes 613,378
[2025-04-16 20:10:47] [INFO] [MapEditorScene] Updated hoveredTilePanes 610,382
[2025-04-16 20:10:47] [INFO] [MapEditorScene] Updated hoveredTilePanes 608,385
[2025-04-16 20:10:47] [INFO] [MapEditorScene] Updated hoveredTilePanes 605,389
[2025-04-16 20:10:47] [INFO] [MapEditorScene] Updated hoveredTilePanes 602,393
[2025-04-16 20:10:47] [INFO] [MapEditorScene] Updated hoveredTilePanes 599,398
[2025-04-16 20:10:47] [INFO] [MapEditorScene] Updated hoveredTilePanes 597,403
[2025-04-16 20:10:47] [INFO] [MapEditorScene] Updated hoveredTilePanes 594,406
[2025-04-16 20:10:47] [INFO] [MapEditorScene] Updated hoveredTilePanes 591,411
[2025-04-16 20:10:47] [INFO] [MapEditorScene] Updated hoveredTilePanes 589,414
[2025-04-16 20:10:47] [INFO] [MapEditorScene] Updated hoveredTilePanes 586,419
[2025-04-16 20:10:47] [INFO] [MapEditorScene] Updated hoveredTilePanes 585,422
[2025-04-16 20:10:47] [INFO] [MapEditorScene] Updated hoveredTilePanes 583,426
[2025-04-16 20:10:47] [INFO] [MapEditorScene] Updated hoveredTilePanes 582,428
[2025-04-16 20:10:47] [INFO] [MapEditorScene] Updated hoveredTilePanes 580,430
[2025-04-16 20:10:47] [INFO] [MapEditorScene] Updated hoveredTilePanes 580,431
[2025-04-16 20:10:47] [INFO] [MapEditorScene] Updated hoveredTilePanes 578,433
[2025-04-16 20:10:47] [INFO] [MapEditorScene] Updated hoveredTilePanes 578,434
[2025-04-16 20:10:47] [INFO] [MapEditorScene] Updated hoveredTilePanes 577,435
[2025-04-16 20:10:47] [INFO] [MapEditorScene] Updated hoveredTilePanes 577,436
[2025-04-16 20:10:47] [INFO] [MapEditorScene] Updated hoveredTilePanes 577,435
[2025-04-16 20:10:54] [INFO] [MapEditorScene] Updated hoveredTilePanes 577,434
[2025-04-16 20:10:54] [INFO] [MapEditorScene] Updated hoveredTilePanes 577,433
[2025-04-16 20:10:54] [INFO] [MapEditorScene] Updated hoveredTilePanes 577,431
[2025-04-16 20:10:54] [INFO] [MapEditorScene] Updated hoveredTilePanes 577,429
[2025-04-16 20:10:54] [INFO] [MapEditorScene] Updated hoveredTilePanes 578,427
[2025-04-16 20:10:54] [INFO] [MapEditorScene] Updated hoveredTilePanes 579,423
[2025-04-16 20:10:54] [INFO] [MapEditorScene] Updated hoveredTilePanes 580,421
[2025-04-16 20:10:54] [INFO] [MapEditorScene] Updated hoveredTilePanes 580,418
[2025-04-16 20:10:54] [INFO] [MapEditorScene] Updated hoveredTilePanes 581,416
[2025-04-16 20:10:54] [INFO] [MapEditorScene] Updated hoveredTilePanes 582,413
[2025-04-16 20:10:54] [INFO] [MapEditorScene] Updated hoveredTilePanes 583,410
[2025-04-16 20:10:54] [INFO] [MapEditorScene] Updated hoveredTilePanes 583,408
[2025-04-16 20:10:54] [INFO] [MapEditorScene] Updated hoveredTilePanes 584,406
[2025-04-16 20:10:54] [INFO] [MapEditorScene] Updated hoveredTilePanes 585,404
[2025-04-16 20:10:54] [INFO] [MapEditorScene] Updated hoveredTilePanes 585,402
[2025-04-16 20:10:54] [INFO] [MapEditorScene] Updated hoveredTilePanes 586,400
[2025-04-16 20:10:54] [INFO] [MapEditorScene] Updated hoveredTilePanes 587,398
[2025-04-16 20:10:54] [INFO] [MapEditorScene] Updated hoveredTilePanes 587,397
[2025-04-16 20:10:54] [INFO] [MapEditorScene] Updated hoveredTilePanes 587,396
[2025-04-16 20:10:54] [INFO] [MapEditorScene] Updated hoveredTilePanes 588,394
[2025-04-16 20:10:54] [INFO] [MapEditorScene] Updated hoveredTilePanes 588,393
[2025-04-16 20:10:54] [INFO] [MapEditorScene] Updated hoveredTilePanes 588,392
[2025-04-16 20:10:54] [INFO] [MapEditorScene] Updated hoveredTilePanes 589,391
[2025-04-16 20:10:54] [INFO] [MapEditorScene] Updated hoveredTilePanes 589,390
[2025-04-16 20:10:54] [INFO] [MapEditorScene] Updated hoveredTilePanes 589,389
[2025-04-16 20:10:54] [INFO] [MapEditorScene] Updated hoveredTilePanes 589,388
[2025-04-16 20:10:54] [INFO] [MapEditorScene] Updated hoveredTilePanes 590,388
[2025-04-16 20:10:54] [INFO] [MapEditorScene] Updated hoveredTilePanes 590,387
[2025-04-16 20:10:54] [INFO] [MapEditorScene] Updated hoveredTilePanes 590,386
[2025-04-16 20:10:54] [INFO] [MapEditorScene] Updated hoveredTilePanes 590,385
[2025-04-16 20:10:55] [INFO] [MapEditorScene] Updated hoveredTilePanes 590,386
[2025-04-16 20:10:55] [INFO] [MapEditorScene] Updated hoveredTilePanes 590,387
[2025-04-16 20:10:55] [INFO] [MapEditorScene] Updated hoveredTilePanes 590,388
[2025-04-16 20:10:55] [INFO] [MapEditorScene] Updated hoveredTilePanes 590,389
[2025-04-16 20:10:55] [INFO] [MapEditorScene] Updated hoveredTilePanes 589,390
[2025-04-16 20:10:55] [INFO] [MapEditorScene] Updated hoveredTilePanes 589,391
[2025-04-16 20:10:55] [INFO] [MapEditorScene] Updated hoveredTilePanes 589,392
[2025-04-16 20:10:55] [INFO] [MapEditorScene] Updated hoveredTilePanes 589,393
[2025-04-16 20:10:55] [INFO] [MapEditorScene] Updated hoveredTilePanes 589,394
[2025-04-16 20:10:55] [INFO] [MapEditorScene] Updated hoveredTilePanes 589,395
[2025-04-16 20:10:55] [INFO] [MapEditorScene] Updated hoveredTilePanes 589,396
[2025-04-16 20:10:55] [INFO] [MapEditorScene] Updated hoveredTilePanes 589,397
[2025-04-16 20:10:55] [INFO] [MapEditorScene] Updated hoveredTilePanes 588,398
[2025-04-16 20:10:55] [INFO] [MapEditorScene] Updated hoveredTilePanes 588,399
[2025-04-16 20:10:55] [INFO] [MapEditorScene] Updated hoveredTilePanes 588,400
[2025-04-16 20:10:55] [INFO] [MapEditorScene] Updated hoveredTilePanes 588,401
[2025-04-16 20:10:55] [INFO] [MapEditorScene] Updated hoveredTilePanes 587,402
[2025-04-16 20:10:55] [INFO] [MapEditorScene] Updated hoveredTilePanes 587,404
[2025-04-16 20:10:55] [INFO] [MapEditorScene] Updated hoveredTilePanes 586,405
[2025-04-16 20:10:55] [INFO] [MapEditorScene] Updated hoveredTilePanes 586,406
[2025-04-16 20:10:55] [INFO] [MapEditorScene] Updated hoveredTilePanes 585,407
[2025-04-16 20:10:55] [INFO] [MapEditorScene] Updated hoveredTilePanes 585,408
[2025-04-16 20:10:55] [INFO] [MapEditorScene] Updated hoveredTilePanes 585,409
[2025-04-16 20:10:55] [INFO] [MapEditorScene] Updated hoveredTilePanes 584,409
[2025-04-16 20:10:55] [INFO] [MapEditorScene] Updated hoveredTilePanes 584,410
[2025-04-16 20:10:55] [INFO] [MapEditorScene] Updated hoveredTilePanes 583,412
[2025-04-16 20:10:55] [INFO] [MapEditorScene] Updated hoveredTilePanes 583,413
[2025-04-16 20:10:55] [INFO] [MapEditorScene] Updated hoveredTilePanes 582,414
[2025-04-16 20:10:55] [INFO] [MapEditorScene] Updated hoveredTilePanes 582,415
[2025-04-16 20:10:55] [INFO] [MapEditorScene] Updated hoveredTilePanes 581,417
[2025-04-16 20:10:55] [INFO] [MapEditorScene] Updated hoveredTilePanes 581,418
[2025-04-16 20:10:55] [INFO] [MapEditorScene] Updated hoveredTilePanes 580,419
[2025-04-16 20:10:55] [INFO] [MapEditorScene] Updated hoveredTilePanes 580,420
[2025-04-16 20:10:55] [INFO] [MapEditorScene] Updated hoveredTilePanes 580,421
[2025-04-16 20:10:55] [INFO] [MapEditorScene] Updated hoveredTilePanes 579,422
[2025-04-16 20:10:55] [INFO] [MapEditorScene] Updated hoveredTilePanes 579,423
[2025-04-16 20:10:55] [INFO] [MapEditorScene] Updated hoveredTilePanes 578,424
[2025-04-16 20:10:55] [INFO] [MapEditorScene] Updated hoveredTilePanes 578,425
[2025-04-16 20:10:55] [INFO] [MapEditorScene] Updated hoveredTilePanes 578,426
[2025-04-16 20:10:55] [INFO] [MapEditorScene] Updated hoveredTilePanes 577,427
[2025-04-16 20:10:55] [INFO] [MapEditorScene] Updated hoveredTilePanes 577,428
[2025-04-16 20:10:55] [INFO] [MapEditorScene] Updated hoveredTilePanes 577,427
[2025-04-16 20:10:55] [INFO] [MapEditorScene] Updated hoveredTilePanes 578,426
[2025-04-16 20:10:56] [INFO] [MapEditorScene] Updated hoveredTilePanes 578,425
[2025-04-16 20:10:56] [INFO] [MapEditorScene] Updated hoveredTilePanes 578,423
[2025-04-16 20:10:56] [INFO] [MapEditorScene] Updated hoveredTilePanes 579,421
[2025-04-16 20:10:56] [INFO] [MapEditorScene] Updated hoveredTilePanes 580,419
[2025-04-16 20:10:56] [INFO] [MapEditorScene] Updated hoveredTilePanes 580,417
[2025-04-16 20:10:56] [INFO] [MapEditorScene] Updated hoveredTilePanes 581,415
[2025-04-16 20:10:56] [INFO] [MapEditorScene] Updated hoveredTilePanes 582,412
[2025-04-16 20:10:56] [INFO] [MapEditorScene] Updated hoveredTilePanes 583,409
[2025-04-16 20:10:56] [INFO] [MapEditorScene] Updated hoveredTilePanes 583,406
[2025-04-16 20:10:56] [INFO] [MapEditorScene] Updated hoveredTilePanes 584,402
[2025-04-16 20:10:56] [INFO] [MapEditorScene] Updated hoveredTilePanes 585,399
[2025-04-16 20:10:56] [INFO] [MapEditorScene] Updated hoveredTilePanes 586,397
[2025-04-16 20:10:56] [INFO] [MapEditorScene] Updated hoveredTilePanes 586,394
[2025-04-16 20:10:56] [INFO] [MapEditorScene] Updated hoveredTilePanes 587,392
[2025-04-16 20:10:56] [INFO] [MapEditorScene] Updated hoveredTilePanes 588,390
[2025-04-16 20:10:56] [INFO] [MapEditorScene] Updated hoveredTilePanes 588,388
[2025-04-16 20:10:56] [INFO] [MapEditorScene] Updated hoveredTilePanes 588,386
[2025-04-16 20:10:56] [INFO] [MapEditorScene] Updated hoveredTilePanes 588,385
[2025-04-16 20:10:56] [INFO] [MapEditorScene] Updated hoveredTilePanes 589,383
[2025-04-16 20:10:56] [INFO] [MapEditorScene] Updated hoveredTilePanes 589,382
[2025-04-16 20:10:56] [INFO] [MapEditorScene] Updated hoveredTilePanes 590,381
[2025-04-16 20:10:56] [INFO] [MapEditorScene] Updated hoveredTilePanes 590,380
[2025-04-16 20:10:56] [INFO] [MapEditorScene] Updated hoveredTilePanes 591,379
[2025-04-16 20:10:56] [INFO] [MapEditorScene] Updated hoveredTilePanes 591,378
[2025-04-16 20:10:56] [INFO] [MapEditorScene] Updated hoveredTilePanes 591,377
[2025-04-16 20:10:56] [INFO] [MapEditorScene] Updated hoveredTilePanes 591,376
[2025-04-16 20:10:56] [INFO] [MapEditorScene] Updated hoveredTilePanes 592,375
[2025-04-16 20:10:56] [INFO] [MapEditorScene] Updated hoveredTilePanes 592,374
[2025-04-16 20:10:56] [INFO] [MapEditorScene] Updated hoveredTilePanes 593,373
[2025-04-16 20:10:56] [INFO] [MapEditorScene] Updated hoveredTilePanes 593,372
[2025-04-16 20:10:56] [INFO] [MapEditorScene] Updated hoveredTilePanes 594,371
[2025-04-16 20:10:56] [INFO] [MapEditorScene] Updated hoveredTilePanes 594,370
[2025-04-16 20:10:56] [INFO] [MapEditorScene] Updated hoveredTilePanes 594,369
[2025-04-16 20:10:56] [INFO] [MapEditorScene] Updated hoveredTilePanes 595,368
[2025-04-16 20:10:56] [INFO] [MapEditorScene] Updated hoveredTilePanes 595,367
[2025-04-16 20:10:56] [INFO] [MapEditorScene] Updated hoveredTilePanes 595,366
[2025-04-16 20:10:56] [INFO] [MapEditorScene] Updated hoveredTilePanes 596,365
[2025-04-16 20:10:57] [INFO] [MapEditorScene] Updated hoveredTilePanes 596,366
[2025-04-16 20:10:57] [INFO] [MapEditorScene] Updated hoveredTilePanes 596,367
[2025-04-16 20:10:57] [INFO] [MapEditorScene] Updated hoveredTilePanes 596,368
[2025-04-16 20:10:57] [INFO] [MapEditorScene] Updated hoveredTilePanes 596,369
[2025-04-16 20:10:57] [INFO] [MapEditorScene] Updated hoveredTilePanes 596,372
[2025-04-16 20:10:59] [INFO] [MapEditorScene] Updated hoveredTilePanes 597,372
[2025-04-16 20:10:59] [INFO] [MapEditorScene] Updated hoveredTilePanes 599,372
[2025-04-16 20:10:59] [INFO] [MapEditorScene] Updated hoveredTilePanes 601,371
[2025-04-16 20:10:59] [INFO] [MapEditorScene] Updated hoveredTilePanes 603,371
[2025-04-16 20:10:59] [INFO] [MapEditorScene] Updated hoveredTilePanes 605,370
[2025-04-16 20:10:59] [INFO] [MapEditorScene] Updated hoveredTilePanes 606,370
[2025-04-16 20:10:59] [INFO] [MapEditorScene] Updated hoveredTilePanes 605,370
[2025-04-16 20:10:59] [INFO] [MapEditorScene] Updated hoveredTilePanes 602,373
[2025-04-16 20:10:59] [INFO] [MapEditorScene] Updated hoveredTilePanes 598,376
[2025-04-16 20:10:59] [INFO] [MapEditorScene] Updated hoveredTilePanes 595,378
[2025-04-16 20:10:59] [INFO] [MapEditorScene] Updated hoveredTilePanes 591,381
[2025-04-16 20:10:59] [INFO] [MapEditorScene] Updated hoveredTilePanes 589,383
[2025-04-16 20:10:59] [INFO] [MapEditorScene] Updated hoveredTilePanes 587,384
[2025-04-16 20:10:59] [INFO] [MapEditorScene] Updated hoveredTilePanes 586,385
[2025-04-16 20:10:59] [INFO] [MapEditorScene] Updated hoveredTilePanes 585,385
[2025-04-16 20:10:59] [INFO] [MapEditorScene] Updated hoveredTilePanes 585,386
[2025-04-16 20:10:59] [INFO] [MapEditorScene] Updated hoveredTilePanes 588,384
[2025-04-16 20:10:59] [INFO] [MapEditorScene] Updated hoveredTilePanes 592,381
[2025-04-16 20:10:59] [INFO] [MapEditorScene] Updated hoveredTilePanes 594,379
[2025-04-16 20:10:59] [INFO] [MapEditorScene] Updated hoveredTilePanes 598,376
[2025-04-16 20:10:59] [INFO] [MapEditorScene] Updated hoveredTilePanes 602,373
[2025-04-16 20:10:59] [INFO] [MapEditorScene] Updated hoveredTilePanes 604,372
[2025-04-16 20:10:59] [INFO] [MapEditorScene] Updated hoveredTilePanes 606,370
[2025-04-16 20:10:59] [INFO] [MapEditorScene] Updated hoveredTilePanes 607,370
[2025-04-16 20:10:59] [INFO] [MapEditorScene] Updated hoveredTilePanes 606,370
[2025-04-16 20:10:59] [INFO] [MapEditorScene] Updated hoveredTilePanes 602,373
[2025-04-16 20:10:59] [INFO] [MapEditorScene] Updated hoveredTilePanes 598,375
[2025-04-16 20:10:59] [INFO] [MapEditorScene] Updated hoveredTilePanes 594,378
[2025-04-16 20:10:59] [INFO] [MapEditorScene] Updated hoveredTilePanes 589,381
[2025-04-16 20:10:59] [INFO] [MapEditorScene] Updated hoveredTilePanes 585,384
[2025-04-16 20:10:59] [INFO] [MapEditorScene] Updated hoveredTilePanes 580,387
[2025-04-16 20:10:59] [INFO] [MapEditorScene] Updated hoveredTilePanes 575,389
[2025-04-16 20:10:59] [INFO] [MapEditorScene] Updated hoveredTilePanes 572,390
[2025-04-16 20:11:00] [INFO] [MapEditorScene] Updated hoveredTilePanes 569,392
[2025-04-16 20:11:00] [INFO] [MapEditorScene] Updated hoveredTilePanes 565,394
[2025-04-16 20:11:00] [INFO] [MapEditorScene] Updated hoveredTilePanes 563,394
[2025-04-16 20:11:00] [INFO] [MapEditorScene] Updated hoveredTilePanes 562,395
[2025-04-16 20:11:00] [INFO] [MapEditorScene] Updated hoveredTilePanes 561,395
[2025-04-16 20:11:00] [INFO] [MapEditorScene] Updated hoveredTilePanes 561,396
[2025-04-16 20:11:00] [INFO] [MapEditorScene] Updated hoveredTilePanes 560,396
[2025-04-16 20:11:00] [INFO] [MapEditorScene] Updated hoveredTilePanes 559,396
[2025-04-16 20:11:00] [INFO] [MapEditorScene] Updated hoveredTilePanes 558,396
[2025-04-16 20:11:00] [INFO] [MapEditorScene] Updated hoveredTilePanes 556,395
[2025-04-16 20:11:00] [INFO] [MapEditorScene] Updated hoveredTilePanes 554,395
[2025-04-16 20:11:00] [INFO] [MapEditorScene] Updated hoveredTilePanes 552,394
[2025-04-16 20:11:00] [INFO] [MapEditorScene] Updated hoveredTilePanes 549,394
[2025-04-16 20:11:00] [INFO] [MapEditorScene] Updated hoveredTilePanes 547,393
[2025-04-16 20:11:00] [INFO] [MapEditorScene] Updated hoveredTilePanes 543,392
[2025-04-16 20:11:00] [INFO] [MapEditorScene] Updated hoveredTilePanes 540,392
[2025-04-16 20:11:00] [INFO] [MapEditorScene] Updated hoveredTilePanes 538,391
[2025-04-16 20:11:00] [INFO] [MapEditorScene] Updated hoveredTilePanes 535,391
[2025-04-16 20:11:00] [INFO] [MapEditorScene] Updated hoveredTilePanes 532,391
[2025-04-16 20:11:00] [INFO] [MapEditorScene] Updated hoveredTilePanes 530,390
[2025-04-16 20:11:00] [INFO] [MapEditorScene] Updated hoveredTilePanes 528,390
[2025-04-16 20:11:00] [INFO] [MapEditorScene] Updated hoveredTilePanes 524,390
[2025-04-16 20:11:00] [INFO] [MapEditorScene] Updated hoveredTilePanes 522,390
[2025-04-16 20:11:00] [INFO] [MapEditorScene] Updated hoveredTilePanes 520,390
[2025-04-16 20:11:10] [INFO] [MapEditorScene] Updated hoveredTilePanes 511,386
[2025-04-16 20:11:10] [INFO] [MapEditorScene] Updated hoveredTilePanes 504,381
[2025-04-16 20:11:10] [INFO] [MapEditorScene] Updated hoveredTilePanes 492,374
[2025-04-16 20:11:10] [INFO] [MapEditorScene] Updated hoveredTilePanes 483,365
[2025-04-16 20:11:10] [INFO] [MapEditorScene] Updated hoveredTilePanes 473,358
[2025-04-16 20:11:10] [INFO] [MapEditorScene] Updated hoveredTilePanes 463,349
[2025-04-16 20:11:10] [INFO] [MapEditorScene] Updated hoveredTilePanes 445,333
[2025-04-16 20:11:10] [INFO] [MapEditorScene] Updated hoveredTilePanes 427,317
[2025-04-16 20:11:10] [INFO] [MapEditorScene] Updated hoveredTilePanes 412,302
[2025-04-16 20:11:10] [INFO] [MapEditorScene] Updated hoveredTilePanes 396,284
[2025-04-16 20:11:10] [INFO] [MapEditorScene] Updated hoveredTilePanes 380,266
[2025-04-16 20:11:10] [INFO] [MapEditorScene] Updated hoveredTilePanes 368,251
[2025-04-16 20:11:10] [INFO] [MapEditorScene] Updated hoveredTilePanes 354,237
[2025-04-16 20:11:10] [INFO] [MapEditorScene] Updated hoveredTilePanes 341,220
[2025-04-16 20:11:10] [INFO] [MapEditorScene] Updated hoveredTilePanes 329,207
[2025-04-16 20:11:10] [INFO] [MapEditorScene] Updated hoveredTilePanes 26,18
[2025-04-16 20:11:10] [INFO] [MapEditorScene] Updated hoveredTilePanes 23,17
[2025-04-16 20:11:10] [INFO] [MapEditorScene] Updated hoveredTilePanes 21,16
[2025-04-16 20:11:10] [INFO] [MapEditorScene] Updated hoveredTilePanes 19,16
[2025-04-16 20:11:10] [INFO] [MapEditorScene] Updated hoveredTilePanes 18,15
[2025-04-16 20:11:10] [INFO] [MapEditorScene] Updated hoveredTilePanes 17,14
[2025-04-16 20:11:10] [INFO] [MapEditorScene] Updated hoveredTilePanes 16,14
[2025-04-16 20:11:10] [INFO] [MapEditorScene] Updated hoveredTilePanes 15,13
[2025-04-16 20:11:10] [INFO] [MapEditorScene] Updated hoveredTilePanes 14,12
[2025-04-16 20:11:10] [INFO] [MapEditorScene] Updated hoveredTilePanes 14,11
[2025-04-16 20:11:11] [INFO] [MapEditorScene] Updated hoveredTilePanes 13,11
[2025-04-16 20:11:11] [INFO] [MapEditorScene] Updated hoveredTilePanes 13,10
[2025-04-16 20:11:11] [INFO] [MapEditorScene] Updated hoveredTilePanes 13,9
[2025-04-16 20:11:11] [INFO] [MapEditorScene] Updated hoveredTilePanes 13,8
[2025-04-16 20:11:11] [INFO] [MapEditorScene] Updated hoveredTilePanes 12,8
[2025-04-16 20:11:11] [INFO] [MapEditorScene] Updated hoveredTilePanes 12,7
[2025-04-16 20:11:11] [INFO] [MapEditorScene] Updated hoveredTilePanes 12,6
[2025-04-16 20:11:11] [INFO] [MapEditorScene] Updated hoveredTilePanes 12,5
[2025-04-16 20:11:11] [INFO] [MapEditorScene] Updated hoveredTilePanes 13,4
[2025-04-16 20:11:11] [INFO] [MapEditorScene] Updated hoveredTilePanes 13,3
[2025-04-16 20:11:11] [INFO] [MapEditorScene] Updated hoveredTilePanes 13,2
[2025-04-16 20:11:11] [INFO] [MapEditorScene] Updated hoveredTilePanes 14,1
[2025-04-16 20:11:11] [INFO] [MapEditorScene] Updated hoveredTilePanes 14,0
