[2025-03-22 12:42:21] [INFO] [AssetPool] Started initializing AssetPool
[2025-03-22 12:42:21] [INFO] [SpriteSheetOG] Started loading Sprite's from ./res/graphics
[2025-03-22 12:42:21] [INFO] [SpriteSheetOG] Finished reading files for sprites
[2025-03-22 12:42:21] [INFO] [Sprite] Finished loading ./res/graphics/misc/blue_reticle.png
[2025-03-22 12:42:21] [INFO] [Sprite] Finished loading ./res/graphics/misc/pink_spawn.png
[2025-03-22 12:42:21] [INFO] [Sprite] Finished loading ./res/graphics/misc/reticle.png
[2025-03-22 12:42:21] [INFO] [Sprite] Finished loading ./res/graphics/misc/yellow_spawn.png
[2025-03-22 12:42:21] [INFO] [Sprite] Finished loading ./res/graphics/misc/blue_spawn.png
[2025-03-22 12:42:21] [INFO] [Sprite] Finished loading ./res/graphics/misc/red_reticle.png
[2025-03-22 12:42:21] [INFO] [Sprite] Finished loading ./res/graphics/misc/depth_shadows.png
[2025-03-22 12:42:21] [INFO] [Sprite] Finished loading ./res/graphics/misc/yellow_reticle.png
[2025-03-22 12:42:21] [INFO] [Sprite] Finished loading ./res/graphics/misc/red_spawn.png
[2025-03-22 12:42:21] [INFO] [Sprite] Finished loading ./res/graphics/misc/directional_shadows.png
[2025-03-22 12:42:21] [INFO] [Sprite] Finished loading ./res/graphics/shadows/northwest.png
[2025-03-22 12:42:21] [INFO] [Sprite] Finished loading ./res/graphics/shadows/west.png
[2025-03-22 12:42:21] [INFO] [Sprite] Finished loading ./res/graphics/shadows/north.png
[2025-03-22 12:42:21] [INFO] [Sprite] Finished loading ./res/graphics/shadows/east.png
[2025-03-22 12:42:21] [INFO] [Sprite] Finished loading ./res/graphics/shadows/northeast.png
[2025-03-22 12:42:21] [INFO] [Sprite] Finished loading ./res/graphics/shadows/south.png
[2025-03-22 12:42:21] [INFO] [Sprite] Finished loading ./res/graphics/shadows/southwest.png
[2025-03-22 12:42:21] [INFO] [Sprite] Finished loading ./res/graphics/shadows/southeast.png
[2025-03-22 12:42:21] [INFO] [Sprite] Finished loading ./res/graphics/structures/tree3_structure.png
[2025-03-22 12:42:21] [INFO] [Sprite] Finished loading ./res/graphics/structures/tree4_structure.png
[2025-03-22 12:42:21] [INFO] [Sprite] Finished loading ./res/graphics/structures/tree1_structure.png
[2025-03-22 12:42:21] [INFO] [Sprite] Finished loading ./res/graphics/structures/tree5_structure.png
[2025-03-22 12:42:21] [INFO] [Sprite] Finished loading ./res/graphics/structures/tree2_structure.png
[2025-03-22 12:42:21] [INFO] [Sprite] Finished loading ./res/graphics/structures/tree6_structure.png
[2025-03-22 12:42:21] [INFO] [Sprite] Finished loading ./res/graphics/wall_tiles/rock_wall2.png
[2025-03-22 12:42:21] [INFO] [Sprite] Finished loading ./res/graphics/wall_tiles/sandstone_wall.png
[2025-03-22 12:42:21] [INFO] [Sprite] Finished loading ./res/graphics/wall_tiles/elden_yellow_wall.png
[2025-03-22 12:42:21] [INFO] [Sprite] Finished loading ./res/graphics/wall_tiles/vine_on_wall.png
[2025-03-22 12:42:21] [INFO] [Sprite] Finished loading ./res/graphics/wall_tiles/boulder_wall.png
[2025-03-22 12:42:21] [INFO] [Sprite] Finished loading ./res/graphics/wall_tiles/white_marble_wall.png
[2025-03-22 12:42:21] [INFO] [Sprite] Finished loading ./res/graphics/wall_tiles/elden_green_wall.png
[2025-03-22 12:42:21] [INFO] [Sprite] Finished loading ./res/graphics/wall_tiles/brown_marble_wall.png
[2025-03-22 12:42:21] [INFO] [Sprite] Finished loading ./res/graphics/wall_tiles/small_brick_wall.png
[2025-03-22 12:42:21] [INFO] [Sprite] Finished loading ./res/graphics/wall_tiles/moss_wall.png
[2025-03-22 12:42:21] [INFO] [Sprite] Finished loading ./res/graphics/wall_tiles/dirt_brick_vine_wall.png
[2025-03-22 12:42:21] [INFO] [Sprite] Finished loading ./res/graphics/wall_tiles/elden_purple_wall.png
[2025-03-22 12:42:21] [INFO] [Sprite] Finished loading ./res/graphics/wall_tiles/large_brick_wall.png
[2025-03-22 12:42:21] [INFO] [Sprite] Finished loading ./res/graphics/wall_tiles/dirt_wall.png
[2025-03-22 12:42:21] [INFO] [Sprite] Finished loading ./res/graphics/wall_tiles/alien_wall.png
[2025-03-22 12:42:21] [INFO] [Sprite] Finished loading ./res/graphics/wall_tiles/industrial_brick_wall.png
[2025-03-22 12:42:21] [INFO] [Sprite] Finished loading ./res/graphics/wall_tiles/rock_wall.png
[2025-03-22 12:42:21] [INFO] [Sprite] Finished loading ./res/graphics/wall_tiles/dirt_wall2.png
[2025-03-22 12:42:21] [INFO] [Sprite] Finished loading ./res/graphics/wall_tiles/moss_wall2.png
[2025-03-22 12:42:21] [INFO] [Sprite] Finished loading ./res/graphics/wall_tiles/moss_wall3.png
[2025-03-22 12:42:21] [INFO] [Sprite] Finished loading ./res/graphics/wall_tiles/no_wall.png
[2025-03-22 12:42:21] [INFO] [Sprite] Finished loading ./res/graphics/wall_tiles/alien_rune_wall.png
[2025-03-22 12:42:21] [INFO] [Sprite] Finished loading ./res/graphics/wall_tiles/industrial_wall.png
[2025-03-22 12:42:21] [INFO] [Sprite] Finished loading ./res/graphics/wall_tiles/small_brick_wall2.png
[2025-03-22 12:42:21] [INFO] [Sprite] Finished loading ./res/graphics/old/liquids 2.png
[2025-03-22 12:42:21] [INFO] [Sprite] Finished loading ./res/graphics/old/gems.png
[2025-03-22 12:42:21] [INFO] [Sprite] Finished loading ./res/graphics/old/floors.png
[2025-03-22 12:42:21] [INFO] [Sprite] Finished loading ./res/graphics/old/terrains.png
[2025-03-22 12:42:21] [INFO] [Sprite] Finished loading ./res/graphics/old/gemsRaw.png
[2025-03-22 12:42:21] [INFO] [Sprite] Finished loading ./res/graphics/old/walls.png
[2025-03-22 12:42:21] [INFO] [Sprite] Finished loading ./res/graphics/old/special2.png
[2025-03-22 12:42:21] [INFO] [Sprite] Finished loading ./res/graphics/old/structures.png
[2025-03-22 12:42:21] [INFO] [Sprite] Finished loading ./res/graphics/old/special.png
[2025-03-22 12:42:21] [INFO] [Sprite] Finished loading ./res/graphics/old/liquids.png
[2025-03-22 12:42:21] [INFO] [Sprite] Finished loading ./res/graphics/old/units.png
[2025-03-22 12:42:21] [INFO] [Sprite] Finished loading ./res/graphics/old/terrains2.png
[2025-03-22 12:42:21] [INFO] [Sprite] Finished loading ./res/graphics/old/floors2.png
[2025-03-22 12:42:21] [INFO] [Sprite] Finished loading ./res/graphics/floor_tiles/sand_1_floor.png
[2025-03-22 12:42:21] [INFO] [Sprite] Finished loading ./res/graphics/floor_tiles/sand_dark_floor.png
[2025-03-22 12:42:21] [INFO] [Sprite] Finished loading ./res/graphics/floor_tiles/dirty_grass_1_floor.png
[2025-03-22 12:42:21] [INFO] [Sprite] Finished loading ./res/graphics/floor_tiles/white_sand_floor.png
[2025-03-22 12:42:21] [INFO] [Sprite] Finished loading ./res/graphics/floor_tiles/white_sands_2.png
[2025-03-22 12:42:21] [INFO] [Sprite] Finished loading ./res/graphics/floor_tiles/dirty_grass_2_floor.png
[2025-03-22 12:42:21] [INFO] [Sprite] Finished loading ./res/graphics/floor_tiles/sand_3_floor.png
[2025-03-22 12:42:21] [INFO] [Sprite] Finished loading ./res/graphics/floor_tiles/obsidian_floor.png
[2025-03-22 12:42:21] [INFO] [Sprite] Finished loading ./res/graphics/floor_tiles/base_floor.png
[2025-03-22 12:42:21] [INFO] [Sprite] Finished loading ./res/graphics/floor_tiles/sand_floor.png
[2025-03-22 12:42:21] [INFO] [Sprite] Finished loading ./res/graphics/floor_tiles/dirty_grass_3_floor.png
[2025-03-22 12:42:21] [INFO] [Sprite] Finished loading ./res/graphics/floor_tiles/sand_2_floor.png
[2025-03-22 12:42:21] [INFO] [Sprite] Finished loading ./res/graphics/units/Air_Dragon.png
[2025-03-22 12:42:21] [INFO] [Sprite] Finished loading ./res/graphics/units/Dragon.png
[2025-03-22 12:42:21] [INFO] [Sprite] Finished loading ./res/graphics/units/Dark_Dragon.png
[2025-03-22 12:42:21] [INFO] [Sprite] Finished loading ./res/graphics/units/Earth_Dragon.png
[2025-03-22 12:42:21] [INFO] [Sprite] Finished loading ./res/graphics/units/Light_Dragon.png
[2025-03-22 12:42:21] [INFO] [Sprite] Finished loading ./res/graphics/units/Water_Dragon.png
[2025-03-22 12:42:21] [INFO] [Sprite] Finished loading ./res/graphics/units/Fire_Dragon.png
[2025-03-22 12:42:21] [INFO] [Sprite] Finished loading ./res/graphics/actions/StatsDown.png
[2025-03-22 12:42:21] [INFO] [Sprite] Finished loading ./res/graphics/actions/PhysicalHit4.png
[2025-03-22 12:42:21] [INFO] [Sprite] Finished loading ./res/graphics/actions/Slash.png
[2025-03-22 12:42:21] [INFO] [Sprite] Finished loading ./res/graphics/actions/Air.png
[2025-03-22 12:42:21] [INFO] [Sprite] Finished loading ./res/graphics/actions/Dark.png
[2025-03-22 12:42:21] [INFO] [Sprite] Finished loading ./res/graphics/actions/Blunt.png
[2025-03-22 12:42:21] [INFO] [Sprite] Finished loading ./res/graphics/actions/Fire.png
[2025-03-22 12:42:21] [INFO] [Sprite] Finished loading ./res/graphics/actions/Earth.png
[2025-03-22 12:42:21] [INFO] [Sprite] Finished loading ./res/graphics/actions/Light.png
[2025-03-22 12:42:21] [INFO] [Sprite] Finished loading ./res/graphics/actions/StatsUp.png
[2025-03-22 12:42:21] [INFO] [Sprite] Finished loading ./res/graphics/actions/Water.png
[2025-03-22 12:42:21] [INFO] [Sprite] Finished loading ./res/graphics/actions/Pierce.png
[2025-03-22 12:42:21] [INFO] [Sprite] Finished loading ./res/graphics/spells/LightSpell.png
[2025-03-22 12:42:21] [INFO] [Sprite] Finished loading ./res/graphics/spells/StatsDown.png
[2025-03-22 12:42:21] [INFO] [Sprite] Finished loading ./res/graphics/spells/WindSpell.png
[2025-03-22 12:42:21] [INFO] [Sprite] Finished loading ./res/graphics/spells/WaterSpell.png
[2025-03-22 12:42:21] [INFO] [Sprite] Finished loading ./res/graphics/spells/PhysicalHit4.png
[2025-03-22 12:42:21] [INFO] [Sprite] Finished loading ./res/graphics/spells/PhysicalHit1.png
[2025-03-22 12:42:21] [INFO] [Sprite] Finished loading ./res/graphics/spells/LightningSpell.png
[2025-03-22 12:42:21] [INFO] [Sprite] Finished loading ./res/graphics/spells/PhysicalHit3.png
[2025-03-22 12:42:21] [INFO] [Sprite] Finished loading ./res/graphics/spells/PhysicalHit2.png
[2025-03-22 12:42:21] [INFO] [Sprite] Finished loading ./res/graphics/spells/FireSpell.png
[2025-03-22 12:42:21] [INFO] [Sprite] Finished loading ./res/graphics/spells/DarkSpell.png
[2025-03-22 12:42:21] [INFO] [Sprite] Finished loading ./res/graphics/spells/StatsUp.png
[2025-03-22 12:42:21] [INFO] [Sprite] Finished loading ./res/graphics/spells/EarthSpell.png
[2025-03-22 12:42:21] [INFO] [Sprite] Finished loading ./res/graphics/liquids/greater_leafage_liquid.png
[2025-03-22 12:42:21] [INFO] [Sprite] Finished loading ./res/graphics/liquids/waterV4_liquid.png
[2025-03-22 12:42:21] [INFO] [Sprite] Finished loading ./res/graphics/liquids/shallow_swamp.png
[2025-03-22 12:42:21] [INFO] [Sprite] Finished loading ./res/graphics/liquids/water5.png
[2025-03-22 12:42:21] [INFO] [Sprite] Finished loading ./res/graphics/liquids/swamp_2.png
[2025-03-22 12:42:21] [INFO] [Sprite] Finished loading ./res/graphics/liquids/Lava_liquid.png
[2025-03-22 12:42:21] [INFO] [Sprite] Finished loading ./res/graphics/liquids/swamp2.png
[2025-03-22 12:42:21] [INFO] [Sprite] Finished loading ./res/graphics/liquids/waterV33_liquid.png
[2025-03-22 12:42:21] [INFO] [Sprite] Finished loading ./res/graphics/liquids/shallow_water_liquid.png
[2025-03-22 12:42:21] [INFO] [Sprite] Finished loading ./res/graphics/liquids/water_liquid.png
[2025-03-22 12:42:21] [INFO] [Sprite] Finished loading ./res/graphics/liquids/waterV2_liquid.png
[2025-03-22 12:42:21] [INFO] [Sprite] Finished loading ./res/graphics/liquids/swamp2_liquid.png
[2025-03-22 12:42:21] [INFO] [SpriteSheetOG] Finished loading ./res/graphics
[2025-03-22 12:42:21] [INFO] [AssetPool] Finished initializing AssetPool
[2025-03-22 12:42:21] [INFO] [FontPoolV1] Started initializing FontPoolV1
[2025-03-22 12:42:21] [INFO] [FontPoolV1] Finished initializing FontPoolV1
[2025-03-22 12:42:21] [INFO] [UnitDatabase] Started initializing UnitDatabase
[2025-03-22 12:42:21] [INFO] [UnitDatabase] Successfully initialized UnitDatabase
[2025-03-22 12:42:21] [INFO] [UnitDatabase] Finished initializing UnitDatabase
[2025-03-22 12:42:21] [INFO] [JsonDatabase] Started initializing JsonDatabase
[2025-03-22 12:42:21] [INFO] [JsonTable] Started initializing JsonTable
[2025-03-22 12:42:21] [INFO] [JsonTable] Successfully initialized JsonTable
[2025-03-22 12:42:21] [INFO] [JsonTable] Finished initializing JsonTable
[2025-03-22 12:42:21] [INFO] [JsonTable] Started initializing JsonTable
[2025-03-22 12:42:21] [INFO] [JsonTable] Successfully initialized JsonTable
[2025-03-22 12:42:21] [INFO] [JsonTable] Finished initializing JsonTable
[2025-03-22 12:42:21] [INFO] [JsonTable] Started initializing JsonTable
[2025-03-22 12:42:21] [INFO] [JsonTable] Successfully initialized JsonTable
[2025-03-22 12:42:21] [INFO] [JsonTable] Finished initializing JsonTable
[2025-03-22 12:42:21] [INFO] [JsonDatabase] Successfully initialized JsonDatabase
[2025-03-22 12:42:21] [INFO] [JsonDatabase] Finished initializing JsonDatabase
[2025-03-22 12:42:21] [INFO] [Component] Setting 5347177e-f8ea-4d13-9ed7-a24c2d66f67a on to 7de91b4d-959e-4648-b834-53849e1a4ab9.
[2025-03-22 12:42:21] [INFO] [SpeedQueue] Added unit enemy:Euva into queue
[2025-03-22 12:42:21] [INFO] [Component] Setting 69727395-d022-4e84-b7a8-c1034ee0f54b on to 6b0651c7-653a-4c8a-946f-e315531a802b.
[2025-03-22 12:42:21] [INFO] [SpeedQueue] Added unit enemy:Qudia into queue
[2025-03-22 12:42:21] [INFO] [Component] Setting 4f401f50-1b57-44af-b36a-5a3e3a67c703 on to 0780e9fc-b94d-4860-ba1f-f8a1065f7198.
[2025-03-22 12:42:21] [INFO] [SpeedQueue] Added unit enemy:Deoemy into queue
[2025-03-22 12:42:21] [INFO] [Component] Setting aace4487-7787-4f20-989c-fc6c94cfcb89 on to 2d8a2e9d-1a6d-4ce5-940c-e92f5ab36ac0.
[2025-03-22 12:42:21] [INFO] [SpeedQueue] Added unit enemy:Yarcp into queue
[2025-03-22 12:42:21] [INFO] [Component] Setting c79f5982-e917-46aa-b64d-b15153043a33 on to d4d847c8-a09d-4703-a73f-fc4567f0c940.
[2025-03-22 12:42:21] [INFO] [SpeedQueue] Added unit user:Sujymi into queue
[2025-03-22 12:42:21] [INFO] [Component] Setting 4edf3446-0584-4577-a3fa-0d97fd37525e on to 1ea3174d-06d9-4ca0-ad0a-7cb9ec935c40.
[2025-03-22 12:42:21] [INFO] [SpeedQueue] Added unit user:Oecy into queue
[2025-03-22 12:42:21] [INFO] [Component] Setting ce2d53de-df1e-4802-a9e1-4698b32813fa on to 1c8aee3d-0056-461b-a6b0-7aa4fa275056.
[2025-03-22 12:42:21] [INFO] [SpeedQueue] Added unit user:Eeloa into queue
[2025-03-22 12:42:21] [INFO] [Component] Setting b29d4ab4-f0d6-4bde-a5cc-fb2578f265c0 on to 7ccc27bc-b0a8-4c55-9a82-7b2686ce0a4a.
[2025-03-22 12:42:21] [INFO] [SpeedQueue] Added unit user:Rooa into queue
[2025-03-22 12:42:22] [INFO] [FontPool] Started initializing FontPool
[2025-03-22 12:42:22] [INFO] [FontPool] ✅ Successfully loaded font: Lilian
[2025-03-22 12:42:22] [INFO] [SpeedQueue] Speed queue updated.
[2025-03-22 12:42:22] [INFO] [VisualsSystem] Started creating blurred background
[2025-03-22 12:42:22] [INFO] [TimeLinePanel] Started updating the timeline panel after turn order has changed.
[2025-03-22 12:42:22] [INFO] [TimeLinePanel] Finished updating the timeline panel after turn order has changed.
[2025-03-22 12:42:22] [INFO] [SelectedTilePanel] Checksum updated, getting units at selected tiles.
[2025-03-22 12:42:22] [INFO] [SelectedTilePanel] Either no unit selected or more than one unit selected
[2025-03-22 12:42:22] [INFO] [LesserStatisticsInformationPanel] Checksum has been updated, querying statistics for unit 4edf3446-0584-4577-a3fa-0d97fd37525e
[2025-03-22 12:42:23] [INFO] [VisualsSystem] Finished creating blurred background after 0.49950703978538513 seconds
