[2025-04-30 01:21:24] [INFO] [UnitTable] Started initializing UnitTable
[2025-04-30 01:21:24] [INFO] [EmeritusDatabase] Started initializing EmeritusDatabase
[2025-04-30 01:21:24] [INFO] [EmeritusDatabase] Finished initializing EmeritusDatabase
[2025-04-30 01:21:24] [INFO] [UnitTable] Successfully initialized UnitTable
[2025-04-30 01:21:24] [INFO] [UnitTable] Finished initializing UnitTable
[2025-04-30 01:21:24] [INFO] [AbilityTable] Started initializing AbilityTable
[2025-04-30 01:21:24] [INFO] [AbilityTable] Finished initializing AbilityTable
[2025-04-30 01:21:24] [INFO] [UserSaveStateManager] Started loading user save data
[2025-04-30 01:21:24] [INFO] [UserSaveStateManager] Finished loading user save data
[2025-04-30 01:21:24] [INFO] [AssetPool] Started initializing AssetPool
[2025-04-30 01:21:24] [INFO] [AssetNameSpace] Started loading Sprite's from ./res/graphics
[2025-04-30 01:21:24] [INFO] [AssetNameSpace] Finished reading files for sprites
[2025-04-30 01:21:24] [INFO] [AssetNameSpace] Finished loading ./res/graphics
[2025-04-30 01:21:24] [INFO] [AssetPool] Finished initializing AssetPool
[2025-04-30 01:21:24] [INFO] [Component] Setting fire_dragon_Qypy_1042f489-f255-4322-846c-385776d1d4b1 on to {"row":0,"column":3,"height":0,"spawn_region":[],"collider":"","unit":"fire_dragon_Qypy_1042f489-f255-4322-846c-385776d1d4b1","structure":""}.
[2025-04-30 01:21:24] [INFO] [SpeedQueue] Added unit enemy:Qypy into queue
[2025-04-30 01:21:24] [INFO] [Component] Setting light_dragon_Luto_eea10d47-11bf-4604-bb37-f66cd0946653 on to {"row":1,"column":3,"height":0,"spawn_region":[],"collider":"","unit":"light_dragon_Luto_eea10d47-11bf-4604-bb37-f66cd0946653","structure":""}.
[2025-04-30 01:21:24] [INFO] [SpeedQueue] Added unit enemy:Luto into queue
[2025-04-30 01:21:24] [INFO] [Component] Setting dark_dragon_Kexomu_641093fd-9e24-4eba-84d7-b88f560b671b on to {"row":2,"column":5,"height":0,"spawn_region":[],"collider":"","unit":"dark_dragon_Kexomu_641093fd-9e24-4eba-84d7-b88f560b671b","structure":""}.
[2025-04-30 01:21:24] [INFO] [SpeedQueue] Added unit enemy:Kexomu into queue
[2025-04-30 01:21:24] [INFO] [Component] Setting earth_dragon_Yeweue_3eb39992-2d58-41a1-9d13-6a6b1fbb2826 on to {"row":6,"column":1,"height":0,"spawn_region":[],"collider":"","unit":"earth_dragon_Yeweue_3eb39992-2d58-41a1-9d13-6a6b1fbb2826","structure":""}.
[2025-04-30 01:21:24] [INFO] [SpeedQueue] Added unit enemy:Yeweue into queue
[2025-04-30 01:21:24] [INFO] [Component] Setting water_dragon_Tupqmy_bc64edf0-b7c9-4555-a4c1-1d15d5a0d6d2 on to {"row":7,"column":2,"height":0,"spawn_region":[],"collider":"","unit":"water_dragon_Tupqmy_bc64edf0-b7c9-4555-a4c1-1d15d5a0d6d2","structure":""}.
[2025-04-30 01:21:24] [INFO] [SpeedQueue] Added unit user:Tupqmy into queue
[2025-04-30 01:21:24] [INFO] [Component] Setting dark_dragon_Eeay_eaae7abd-9b90-4822-9ba6-e70197cc300a on to {"row":3,"column":5,"height":0,"spawn_region":[],"collider":"","unit":"dark_dragon_Eeay_eaae7abd-9b90-4822-9ba6-e70197cc300a","structure":""}.
[2025-04-30 01:21:24] [INFO] [SpeedQueue] Added unit user:Eeay into queue
[2025-04-30 01:21:24] [INFO] [Component] Setting light_dragon_Iooaoe_5ab2cb3c-9fa5-4782-9379-17a2d9a50712 on to {"row":6,"column":0,"height":0,"spawn_region":[],"collider":"","unit":"light_dragon_Iooaoe_5ab2cb3c-9fa5-4782-9379-17a2d9a50712","structure":""}.
[2025-04-30 01:21:24] [INFO] [SpeedQueue] Added unit user:Iooaoe into queue
[2025-04-30 01:21:24] [INFO] [Component] Setting air_dragon_Lumo_548d70d4-cdbd-4280-80d8-84ca54558ae8 on to {"row":7,"column":5,"height":0,"spawn_region":[],"collider":"","unit":"air_dragon_Lumo_548d70d4-cdbd-4280-80d8-84ca54558ae8","structure":""}.
[2025-04-30 01:21:24] [INFO] [SpeedQueue] Added unit user:Lumo into queue
[2025-04-30 01:21:24] [INFO] [EngineController] Started setting scene to MENU_SCENE
[2025-04-30 01:21:24] [INFO] [EngineController] Finished setting scene to MENU_SCENE
[2025-04-30 01:21:24] [INFO] [EngineController] Started setting scene to MAP_EDITOR_SCENE
[2025-04-30 01:21:24] [INFO] [FontPool] Started initializing FontPool
[2025-04-30 01:21:24] [INFO] [FontPool] ✅ Successfully loaded font: Lilian
[2025-04-30 01:21:25] [INFO] [MapEditorScene] Starting to create new GameController!
[2025-04-30 01:21:25] [INFO] [MapEditorScene] Successfully created new GameController!
[2025-04-30 01:21:25] [INFO] [EngineController] Finished setting scene to MAP_EDITOR_SCENE
[2025-04-30 01:21:25] [INFO] [EngineController] Started setting scene to GAME_SCENE
[2025-04-30 01:21:25] [INFO] [EngineController] Finished setting scene to GAME_SCENE
[2025-04-30 01:21:25] [INFO] [AbilitySystem] Started updating {} because of ability
[2025-04-30 01:21:25] [INFO] [AbilitySystem] Finished update updating {} because of ability
[2025-04-30 01:21:25] [INFO] [AbilitySystem] Started updating {} because of ability
[2025-04-30 01:21:25] [INFO] [AbilitySystem] Finished update updating {} because of ability
[2025-04-30 01:21:25] [INFO] [AbilitySystem] Started updating {} because of ability
[2025-04-30 01:21:25] [INFO] [AbilitySystem] Finished update updating {} because of ability
[2025-04-30 01:21:25] [INFO] [AbilitySystem] Started updating {} because of ability
[2025-04-30 01:21:25] [INFO] [AbilitySystem] Finished update updating {} because of ability
[2025-04-30 01:21:25] [INFO] [AbilitySystem] Started updating {} because of ability
[2025-04-30 01:21:25] [INFO] [AbilitySystem] Finished update updating {} because of ability
[2025-04-30 01:21:25] [INFO] [AbilitySystem] Started updating {} because of ability
[2025-04-30 01:21:25] [INFO] [AbilitySystem] Finished update updating {} because of ability
[2025-04-30 01:21:25] [INFO] [AbilitySystem] Started updating {} because of ability
[2025-04-30 01:21:25] [INFO] [AbilitySystem] Finished update updating {} because of ability
[2025-04-30 01:21:25] [INFO] [AbilitySystem] Started updating {} because of ability
[2025-04-30 01:21:25] [INFO] [AbilitySystem] Finished update updating {} because of ability
[2025-04-30 01:21:25] [INFO] [SpeedQueue] Speed queue updated.
[2025-04-30 01:21:25] [INFO] [AbilityPanel] Updating ability selection for air_dragon_Lumo_548d70d4-cdbd-4280-80d8-84ca54558ae8
[2025-04-30 01:21:25] [INFO] [AbilityPanel] Finished ability selection for air_dragon_Lumo_548d70d4-cdbd-4280-80d8-84ca54558ae8
[2025-04-30 01:21:25] [INFO] [MovementPanel] Started update to Movement Information panel.
[2025-04-30 01:21:25] [INFO] [MovementPanel] Finished update to Movement Information panel.
[2025-04-30 01:21:25] [INFO] [TimeLinePanel] Started updating the timeline panel after turn order has changed.
[2025-04-30 01:21:25] [INFO] [TimeLinePanel] Finished updating the timeline panel after turn order has changed.
[2025-04-30 01:21:25] [INFO] [SelectedTilePanel] Checksum updated, getting units at selected tiles.
[2025-04-30 01:21:25] [INFO] [SelectedTilePanel] Either no unit selected or more than one unit selected
[2025-04-30 01:21:25] [INFO] [VisualsSystem] Started creating blurred background
[2025-04-30 01:21:26] [INFO] [VisualsSystem] Finished creating blurred background after 0.4832025170326233 seconds
[2025-04-30 01:21:26] [INFO] [AbilitySystem] Started updating {} because of ability
[2025-04-30 01:21:26] [INFO] [AbilitySystem] Finished update updating {} because of ability
[2025-04-30 01:21:26] [INFO] [AbilitySystem] Started updating {} because of ability
[2025-04-30 01:21:26] [INFO] [AbilitySystem] Finished update updating {} because of ability
[2025-04-30 01:21:26] [INFO] [AbilitySystem] Started updating {} because of ability
[2025-04-30 01:21:26] [INFO] [AbilitySystem] Finished update updating {} because of ability
[2025-04-30 01:21:26] [INFO] [AbilitySystem] Started updating {} because of ability
[2025-04-30 01:21:26] [INFO] [AbilitySystem] Finished update updating {} because of ability
[2025-04-30 01:21:26] [INFO] [AbilitySystem] Started updating {} because of ability
[2025-04-30 01:21:26] [INFO] [AbilitySystem] Finished update updating {} because of ability
[2025-04-30 01:21:26] [INFO] [AbilitySystem] Started updating {} because of ability
[2025-04-30 01:21:26] [INFO] [AbilitySystem] Finished update updating {} because of ability
[2025-04-30 01:21:26] [INFO] [AbilitySystem] Started updating {} because of ability
[2025-04-30 01:21:26] [INFO] [AbilitySystem] Finished update updating {} because of ability
[2025-04-30 01:21:26] [INFO] [AbilitySystem] Started updating {} because of ability
[2025-04-30 01:21:26] [INFO] [AbilitySystem] Finished update updating {} because of ability
[2025-04-30 01:21:26] [INFO] [AbilityPanel] Updating ability selection for air_dragon_Lumo_548d70d4-cdbd-4280-80d8-84ca54558ae8
[2025-04-30 01:21:26] [INFO] [AbilityPanel] Finished ability selection for air_dragon_Lumo_548d70d4-cdbd-4280-80d8-84ca54558ae8
[2025-04-30 01:21:26] [INFO] [MovementPanel] Started update to Movement Information panel.
[2025-04-30 01:21:26] [INFO] [MovementPanel] Finished update to Movement Information panel.
[2025-04-30 01:21:26] [INFO] [AbilitySystem] Started updating {} because of ability
[2025-04-30 01:21:26] [INFO] [AbilitySystem] Finished update updating {} because of ability
[2025-04-30 01:21:26] [INFO] [AbilitySystem] Started updating {} because of ability
[2025-04-30 01:21:26] [INFO] [AbilitySystem] Finished update updating {} because of ability
[2025-04-30 01:21:26] [INFO] [AbilitySystem] Started updating {} because of ability
[2025-04-30 01:21:26] [INFO] [AbilitySystem] Finished update updating {} because of ability
[2025-04-30 01:21:26] [INFO] [AbilitySystem] Started updating {} because of ability
[2025-04-30 01:21:26] [INFO] [AbilitySystem] Finished update updating {} because of ability
[2025-04-30 01:21:26] [INFO] [AbilitySystem] Started updating {} because of ability
[2025-04-30 01:21:26] [INFO] [AbilitySystem] Finished update updating {} because of ability
[2025-04-30 01:21:26] [INFO] [AbilitySystem] Started updating {} because of ability
[2025-04-30 01:21:26] [INFO] [AbilitySystem] Finished update updating {} because of ability
[2025-04-30 01:21:26] [INFO] [AbilitySystem] Started updating {} because of ability
[2025-04-30 01:21:26] [INFO] [AbilitySystem] Finished update updating {} because of ability
[2025-04-30 01:21:26] [INFO] [AbilitySystem] Started updating {} because of ability
[2025-04-30 01:21:26] [INFO] [AbilitySystem] Finished update updating {} because of ability
[2025-04-30 01:21:26] [INFO] [AbilityPanel] Updating ability selection for air_dragon_Lumo_548d70d4-cdbd-4280-80d8-84ca54558ae8
[2025-04-30 01:21:26] [INFO] [AbilityPanel] Finished ability selection for air_dragon_Lumo_548d70d4-cdbd-4280-80d8-84ca54558ae8
[2025-04-30 01:21:26] [INFO] [MovementPanel] Started update to Movement Information panel.
[2025-04-30 01:21:26] [INFO] [MovementPanel] Finished update to Movement Information panel.
[2025-04-30 01:21:26] [INFO] [AbilitySystem] Started updating {} because of ability
[2025-04-30 01:21:26] [INFO] [AbilitySystem] Finished update updating {} because of ability
[2025-04-30 01:21:26] [INFO] [AbilityPanel] Updating ability selection for air_dragon_Lumo_548d70d4-cdbd-4280-80d8-84ca54558ae8
[2025-04-30 01:21:26] [INFO] [AbilityPanel] Finished ability selection for air_dragon_Lumo_548d70d4-cdbd-4280-80d8-84ca54558ae8
[2025-04-30 01:21:26] [INFO] [MovementPanel] Started update to Movement Information panel.
[2025-04-30 01:21:26] [INFO] [MovementPanel] Finished update to Movement Information panel.
[2025-04-30 01:21:26] [INFO] [AbilitySystem] Started updating {} because of ability
[2025-04-30 01:21:26] [INFO] [AbilitySystem] Finished update updating {} because of ability
[2025-04-30 01:21:27] [INFO] [MovementSystem] Updated movement range to 7 for Lumo
[2025-04-30 01:21:27] [INFO] [MovementSystem] Updated movement path from [7, 5] to [7, 6] for Lumo
[2025-04-30 01:21:27] [INFO] [Component] Setting air_dragon_Lumo_548d70d4-cdbd-4280-80d8-84ca54558ae8 on to {"row":7,"column":6,"height":0,"spawn_region":[],"collider":"","unit":"air_dragon_Lumo_548d70d4-cdbd-4280-80d8-84ca54558ae8","structure":""}.
[2025-04-30 01:21:27] [INFO] [MovementSystem] Moved from [7, 5] to [7, 6]
[2025-04-30 01:21:27] [INFO] [StatisticsPanel] Started updating Statistics Information Panel for entity air_dragon_Lumo_548d70d4-cdbd-4280-80d8-84ca54558ae8
[2025-04-30 01:21:27] [INFO] [StatisticsPanel] Finished updating Statistics Information Panel for entity air_dragon_Lumo_548d70d4-cdbd-4280-80d8-84ca54558ae8
[2025-04-30 01:21:27] [INFO] [SelectedTilePanel] Checksum updated, getting units at selected tiles.
[2025-04-30 01:21:27] [INFO] [SelectedTilePanel] Updated selected tile display to view Lumo
[2025-04-30 01:21:27] [INFO] [InputHandler] Gliding 0 camera to new tile 7_6_1a3c9512-7649-425c-ad1f-dd2552411ff3
[2025-04-30 01:21:27] [INFO] [InputHandler] Gliding 1 camera to new tile 7_6_1a3c9512-7649-425c-ad1f-dd2552411ff3
[2025-04-30 01:21:28] [INFO] [AbilityPanel] Updating ability selection for fire_dragon_Qypy_1042f489-f255-4322-846c-385776d1d4b1
[2025-04-30 01:21:28] [INFO] [AbilityPanel] Finished ability selection for fire_dragon_Qypy_1042f489-f255-4322-846c-385776d1d4b1
[2025-04-30 01:21:28] [INFO] [MovementPanel] Started update to Movement Information panel.
[2025-04-30 01:21:28] [INFO] [MovementPanel] Finished update to Movement Information panel.
[2025-04-30 01:21:28] [INFO] [TimeLinePanel] Started updating the timeline panel after turn order has changed.
[2025-04-30 01:21:28] [INFO] [TimeLinePanel] Finished updating the timeline panel after turn order has changed.
[2025-04-30 01:21:28] [INFO] [StatisticsPanel] Started updating Statistics Information Panel for entity fire_dragon_Qypy_1042f489-f255-4322-846c-385776d1d4b1
[2025-04-30 01:21:28] [INFO] [StatisticsPanel] Finished updating Statistics Information Panel for entity fire_dragon_Qypy_1042f489-f255-4322-846c-385776d1d4b1
[2025-04-30 01:21:28] [INFO] [SelectedTilePanel] Checksum updated, getting units at selected tiles.
[2025-04-30 01:21:28] [INFO] [SelectedTilePanel] Updated selected tile display to view Qypy
[2025-04-30 01:21:28] [INFO] [InputHandler] Gliding 0 camera to new tile 0_3_cebb110f-c9d2-4472-86eb-6bf952987936
[2025-04-30 01:21:28] [INFO] [InputHandler] Gliding 1 camera to new tile 0_3_cebb110f-c9d2-4472-86eb-6bf952987936
[2025-04-30 01:21:29] [INFO] [InputHandler] Gliding 0 camera to new tile 0_3_cebb110f-c9d2-4472-86eb-6bf952987936
[2025-04-30 01:21:29] [INFO] [GreaterAbilityPanel] Started updating Greater Ability Information Panel
[2025-04-30 01:21:29] [INFO] [GreaterAbilityPanel] Finished updating Greater Ability Information Panel
[2025-04-30 01:21:30] [INFO] [AbilityPanel] Selecting fire_attack
[2025-04-30 01:21:30] [INFO] [AbilitySystem] Qypy is planning to use fire_attack on null
[2025-04-30 01:21:30] [INFO] [AbilitySystem] Updated area of sight for Qypy, viewing 5 tiles
[2025-04-30 01:21:30] [INFO] [AbilitySystem] Updated line of sight for Qypy, viewing 0 tiles
[2025-04-30 01:21:30] [INFO] [AbilitySystem] Updated area of effect for Qypy viewing 0 tiles
[2025-04-30 01:21:30] [INFO] [AbilityDamageReport] Started constructing damage mappings for Qypy to use fire_attack
[2025-04-30 01:21:30] [INFO] [AbilityDamageReport] Finished constructing damage mappings for Qypy to use fire_attack
[2025-04-30 01:21:55] [INFO] [GreaterAbilityPanel] Started updating Greater Ability Information Panel
[2025-04-30 01:21:55] [INFO] [CombatSystem] Started constructing damage mappings for Qypy to use fire_attack
[2025-04-30 01:21:55] [INFO] [CombatSystem] Finished constructing damage mappings for Qypy to use fire_attack
[2025-04-30 01:21:55] [INFO] [CombatSystem] Started constructing cost mappings for Qypy to use fire_attack
[2025-04-30 01:21:55] [INFO] [CombatSystem] Finished constructing cost mappings for Qypy to use fire_attack
[2025-04-30 01:21:55] [INFO] [GreaterAbilityPanel] Finished updating Greater Ability Information Panel
[2025-04-30 01:22:08] [INFO] [AbilitySystem] Qypy is planning to use fire_attack on [0, 6]
[2025-04-30 01:22:08] [INFO] [AbilitySystem] Updated line of sight for Qypy, viewing 2 tiles
[2025-04-30 01:22:08] [INFO] [AbilitySystem] Updated area of effect for Qypy viewing 1 tiles
[2025-04-30 01:22:08] [INFO] [AbilityDamageReport] Started constructing damage mappings for Qypy to use fire_attack
[2025-04-30 01:22:08] [INFO] [AbilityDamageReport] Finished constructing damage mappings for Qypy to use fire_attack
[2025-04-30 01:22:08] [INFO] [GreaterAbilityPanel] Started updating Greater Ability Information Panel
[2025-04-30 01:22:08] [INFO] [CombatSystem] Started constructing damage mappings for Qypy to use fire_attack
[2025-04-30 01:22:08] [INFO] [CombatSystem] Finished constructing damage mappings for Qypy to use fire_attack
[2025-04-30 01:22:08] [INFO] [CombatSystem] Started constructing cost mappings for Qypy to use fire_attack
[2025-04-30 01:22:08] [INFO] [CombatSystem] Finished constructing cost mappings for Qypy to use fire_attack
[2025-04-30 01:22:08] [INFO] [GreaterAbilityPanel] Finished updating Greater Ability Information Panel
[2025-04-30 01:22:08] [INFO] [AbilitySystem] Qypy is planning to use fire_attack on [0, 5]
[2025-04-30 01:22:08] [INFO] [AbilitySystem] Updated line of sight for Qypy, viewing 2 tiles
[2025-04-30 01:22:08] [INFO] [AbilitySystem] Updated area of effect for Qypy viewing 1 tiles
[2025-04-30 01:22:08] [INFO] [AbilityDamageReport] Started constructing damage mappings for Qypy to use fire_attack
[2025-04-30 01:22:08] [INFO] [AbilityDamageReport] Finished constructing damage mappings for Qypy to use fire_attack
[2025-04-30 01:22:08] [INFO] [GreaterAbilityPanel] Started updating Greater Ability Information Panel
[2025-04-30 01:22:08] [INFO] [CombatSystem] Started constructing damage mappings for Qypy to use fire_attack
[2025-04-30 01:22:08] [INFO] [CombatSystem] Finished constructing damage mappings for Qypy to use fire_attack
[2025-04-30 01:22:08] [INFO] [CombatSystem] Started constructing cost mappings for Qypy to use fire_attack
[2025-04-30 01:22:08] [INFO] [CombatSystem] Finished constructing cost mappings for Qypy to use fire_attack
[2025-04-30 01:22:08] [INFO] [GreaterAbilityPanel] Finished updating Greater Ability Information Panel
[2025-04-30 01:22:08] [INFO] [AbilitySystem] Qypy is planning to use fire_attack on [1, 5]
[2025-04-30 01:22:08] [INFO] [AbilitySystem] Updated line of sight for Qypy, viewing 2 tiles
[2025-04-30 01:22:08] [INFO] [AbilitySystem] Updated area of effect for Qypy viewing 1 tiles
[2025-04-30 01:22:08] [INFO] [AbilityDamageReport] Started constructing damage mappings for Qypy to use fire_attack
[2025-04-30 01:22:08] [INFO] [AbilityDamageReport] Finished constructing damage mappings for Qypy to use fire_attack
[2025-04-30 01:22:08] [INFO] [GreaterAbilityPanel] Started updating Greater Ability Information Panel
[2025-04-30 01:22:08] [INFO] [CombatSystem] Started constructing damage mappings for Qypy to use fire_attack
[2025-04-30 01:22:08] [INFO] [CombatSystem] Finished constructing damage mappings for Qypy to use fire_attack
[2025-04-30 01:22:08] [INFO] [CombatSystem] Started constructing cost mappings for Qypy to use fire_attack
[2025-04-30 01:22:08] [INFO] [CombatSystem] Finished constructing cost mappings for Qypy to use fire_attack
[2025-04-30 01:22:08] [INFO] [GreaterAbilityPanel] Finished updating Greater Ability Information Panel
[2025-04-30 01:22:08] [INFO] [AbilitySystem] Qypy is planning to use fire_attack on [1, 4]
[2025-04-30 01:22:08] [INFO] [AbilitySystem] Updated line of sight for Qypy, viewing 2 tiles
[2025-04-30 01:22:08] [INFO] [AbilitySystem] Updated area of effect for Qypy viewing 1 tiles
[2025-04-30 01:22:08] [INFO] [AbilityDamageReport] Started constructing damage mappings for Qypy to use fire_attack
[2025-04-30 01:22:08] [INFO] [AbilityDamageReport] Finished constructing damage mappings for Qypy to use fire_attack
[2025-04-30 01:22:08] [INFO] [GreaterAbilityPanel] Started updating Greater Ability Information Panel
[2025-04-30 01:22:08] [INFO] [CombatSystem] Started constructing damage mappings for Qypy to use fire_attack
[2025-04-30 01:22:08] [INFO] [CombatSystem] Finished constructing damage mappings for Qypy to use fire_attack
[2025-04-30 01:22:08] [INFO] [CombatSystem] Started constructing cost mappings for Qypy to use fire_attack
[2025-04-30 01:22:08] [INFO] [CombatSystem] Finished constructing cost mappings for Qypy to use fire_attack
[2025-04-30 01:22:08] [INFO] [GreaterAbilityPanel] Finished updating Greater Ability Information Panel
[2025-04-30 01:22:09] [INFO] [AbilitySystem] Qypy is planning to use fire_attack on [1, 3]
[2025-04-30 01:22:09] [INFO] [AbilitySystem] Updated line of sight for Qypy, viewing 2 tiles
[2025-04-30 01:22:09] [INFO] [AbilitySystem] Updated area of effect for Qypy viewing 1 tiles
[2025-04-30 01:22:09] [INFO] [AbilityDamageReport] Started constructing damage mappings for Qypy to use fire_attack
[2025-04-30 01:22:09] [INFO] [AbilityDamageReport] Finished constructing damage mappings for Qypy to use fire_attack
[2025-04-30 01:22:09] [INFO] [AbilityDamageReport] Started constructing damage mappings for Qypy to use fire_attack
[2025-04-30 01:22:09] [INFO] [AbilityDamageReport] Finished constructing damage mappings for Qypy to use fire_attack
[2025-04-30 01:22:09] [INFO] [AbilityDamageReport] Started constructing damage mappings after defense Qypy to use fire_attack
[2025-04-30 01:22:09] [INFO] [AbilityDamageReport] Started calculating damage after modifiers for Qypy
[2025-04-30 01:22:09] [INFO] [AbilityDamageReport] 10.0 Ra