[2025-04-05 21:12:01] [INFO] [UnitDatabase] Started initializing UnitDatabase
[2025-04-05 21:12:01] [INFO] [UnitDatabase] Successfully initialized UnitDatabase
[2025-04-05 21:12:01] [INFO] [UnitDatabase] Finished initializing UnitDatabase
[2025-04-05 21:12:01] [INFO] [AbilityDatabase] Started initializing AbilityDatabase
[2025-04-05 21:12:01] [INFO] [AbilityDatabase] Successfully initialized AbilityDatabase
[2025-04-05 21:12:01] [INFO] [AbilityDatabase] Finished initializing AbilityDatabase
[2025-04-05 21:12:01] [INFO] [UserSaveStateManager] Started loading user save data
[2025-04-05 21:12:01] [INFO] [UserSaveStateManager] Finished loading user save data
[2025-04-05 21:12:01] [INFO] [AssetPool] Started initializing AssetPool
[2025-04-05 21:12:01] [INFO] [AssetNameSpace] Started loading Sprite's from ./res/graphics
[2025-04-05 21:12:01] [INFO] [AssetNameSpace] Finished reading files for sprites
[2025-04-05 21:12:02] [INFO] [AssetNameSpace] Finished loading ./res/graphics
[2025-04-05 21:12:02] [INFO] [AssetPool] Finished initializing AssetPool
[2025-04-05 21:12:02] [INFO] [EmeritusDatabase] Started initializing EmeritusDatabase
[2025-04-05 21:12:02] [INFO] [EmeritusDatabase] Finished initializing EmeritusDatabase
[2025-04-05 21:12:02] [INFO] [Component] Setting water_dragon_Aokeyr_e7b54ddd-7102-4432-a985-cb35f96ed626 on to 9_6_d11b21de-7367-4a9e-8f04-6f8ff615bed0.
[2025-04-05 21:12:02] [INFO] [SpeedQueue] Added unit enemy:Aokeyr into queue
[2025-04-05 21:12:02] [INFO] [Component] Setting dragon_Qiycyo_07a5c3c3-c8d3-4fda-8017-129186054d68 on to 1_12_b7542c79-3fd8-4e2b-ad44-b1790830b66f.
[2025-04-05 21:12:02] [INFO] [SpeedQueue] Added unit enemy:Qiycyo into queue
[2025-04-05 21:12:02] [INFO] [Component] Setting water_dragon_Fupao_5489548c-36ac-4623-a5fc-b870ad080d5c on to 10_8_1b56a880-ec09-4826-9f96-9f52761caf1d.
[2025-04-05 21:12:02] [INFO] [SpeedQueue] Added unit enemy:Fupao into queue
[2025-04-05 21:12:02] [INFO] [Component] Setting air_dragon_Tuvyzy_aca723b1-f6d1-46cf-9386-a4f4030f0a99 on to 9_2_ea45906c-2539-427c-86ec-846fb44d6c52.
[2025-04-05 21:12:02] [INFO] [SpeedQueue] Added unit enemy:Tuvyzy into queue
[2025-04-05 21:12:02] [INFO] [Component] Setting fire_dragon_Yuit_1a7a01e7-ee7d-487e-94c3-e2576efc8bc4 on to 8_8_3590722f-1a18-4bc9-ba79-62eed1163845.
[2025-04-05 21:12:02] [INFO] [SpeedQueue] Added unit enemy:Yuit into queue
[2025-04-05 21:12:02] [INFO] [Component] Setting water_dragon_Yoeuio_9d3ed69b-b1cf-4456-bd5e-4921f8a26465 on to 11_7_00eabf83-2a58-492b-939f-b641b4a0ad1c.
[2025-04-05 21:12:02] [INFO] [SpeedQueue] Added unit enemy:Yoeuio into queue
[2025-04-05 21:12:02] [INFO] [Component] Setting fire_dragon_Fiqw_a87eed6a-a860-42a9-8fc3-6520e2b189c1 on to 14_5_5a95f825-935e-456b-9c68-6f7f4a49cf29.
[2025-04-05 21:12:02] [INFO] [SpeedQueue] Added unit enemy:Fiqw into queue
[2025-04-05 21:12:02] [INFO] [Component] Setting water_dragon_Mouyfd_42819125-af08-450d-86da-1efda1667d8b on to 2_6_11286128-64b7-4d41-8abd-5bda618822d5.
[2025-04-05 21:12:02] [INFO] [SpeedQueue] Added unit enemy:Mouyfd into queue
[2025-04-05 21:12:02] [INFO] [Component] Setting water_dragon_Cuxe_cb0fc851-32d2-4c4a-9aab-25e8b44da232 on to 14_10_3da64a43-4747-4a2c-82db-3fd7c738c013.
[2025-04-05 21:12:02] [INFO] [SpeedQueue] Added unit enemy:Cuxe into queue
[2025-04-05 21:12:02] [INFO] [Component] Setting earth_dragon_Ioaioi_7b046875-c834-4205-8ca0-4f1d18581b7a on to 6_2_4f15819f-9ccd-4a68-868e-44fd22665e14.
[2025-04-05 21:12:02] [INFO] [SpeedQueue] Added unit enemy:Ioaioi into queue
[2025-04-05 21:12:02] [INFO] [Component] Setting fire_dragon_Tyaze_b32cc1d6-4405-4f4d-902c-345006c11c93 on to 12_11_8ea5dca5-350d-4c72-a02f-63d5acbae252.
[2025-04-05 21:12:02] [INFO] [SpeedQueue] Added unit enemy:Tyaze into queue
[2025-04-05 21:12:02] [INFO] [Component] Setting dragon_Wujnao_9c36e5fe-2fc0-4b70-8e6a-e16bc91e0011 on to 0_5_63fb10e3-f76e-4997-8d67-980965d37ce3.
[2025-04-05 21:12:02] [INFO] [SpeedQueue] Added unit enemy:Wujnao into queue
[2025-04-05 21:12:02] [INFO] [Component] Setting dragon_Butk_5c858c7f-9a32-43f9-b146-cf0f686a3e79 on to 1_9_51a2a17c-1ce8-4947-8bd5-9d9934bc1a80.
[2025-04-05 21:12:02] [INFO] [SpeedQueue] Added unit enemy:Butk into queue
[2025-04-05 21:12:02] [INFO] [Component] Setting air_dragon_Jakvy_97075317-d1a6-401f-a5e1-f0cc57884255 on to 12_3_f803dd9d-dd5a-4c8d-be4e-7f9e62dedbd4.
[2025-04-05 21:12:02] [INFO] [SpeedQueue] Added unit enemy:Jakvy into queue
[2025-04-05 21:12:02] [INFO] [Component] Setting light_dragon_Aadofu_173c5e61-2edb-44c1-9011-657d22a18e59 on to 4_0_9211799c-dcbc-472d-9dcb-2e4fca0aea81.
[2025-04-05 21:12:02] [INFO] [SpeedQueue] Added unit enemy:Aadofu into queue
[2025-04-05 21:12:02] [INFO] [Component] Setting dragon_Gerkpz_0e6f89ab-eaea-4db9-86f6-88b7a99cfecc on to 4_14_24014a25-b916-43c4-b61e-5ebe8e40fe6b.
[2025-04-05 21:12:02] [INFO] [SpeedQueue] Added unit enemy:Gerkpz into queue
[2025-04-05 21:12:02] [INFO] [Component] Setting air_dragon_Haro_32c75ee4-432e-4f9a-87fd-aaac9f4a9b31 on to 0_13_b6ff70fb-4948-446d-98ac-da73b4bd0a04.
[2025-04-05 21:12:02] [INFO] [SpeedQueue] Added unit enemy:Haro into queue
[2025-04-05 21:12:02] [INFO] [Component] Setting water_dragon_Qoneoy_86df616d-7068-4077-ba02-166e11a9fe81 on to 7_4_e5d062fa-ee68-49d4-b737-68e510a25993.
[2025-04-05 21:12:02] [INFO] [SpeedQueue] Added unit enemy:Qoneoy into queue
[2025-04-05 21:12:02] [INFO] [Component] Setting air_dragon_Nilf_a53e7b8f-32e3-416a-b530-bd98ab3ea6c0 on to 4_4_e84dc4de-3e80-4401-875c-f1c8a1a40171.
[2025-04-05 21:12:02] [INFO] [SpeedQueue] Added unit enemy:Nilf into queue
[2025-04-05 21:12:02] [INFO] [Component] Setting fire_dragon_Tuqey_bc459527-9a47-4495-8ffc-89b87b4a29f3 on to 10_0_4be21b57-e5a7-4e7a-b961-5c2e6341a44c.
[2025-04-05 21:12:02] [INFO] [SpeedQueue] Added unit enemy:Tuqey into queue
[2025-04-05 21:12:02] [INFO] [Component] Setting water_dragon_Jice_04c54f8e-141b-4029-b346-78388e3a559b on to 2_5_231ced77-a7ee-43fc-a903-5116c1c4025c.
[2025-04-05 21:12:02] [INFO] [SpeedQueue] Added unit enemy:Jice into queue
[2025-04-05 21:12:02] [INFO] [Component] Setting air_dragon_Xekyd_f7f5ab11-3b20-4f88-abd5-2024c51114f3 on to 10_7_ac135d3f-5cbf-4a1f-a2d6-733b417f2fa6.
[2025-04-05 21:12:02] [INFO] [SpeedQueue] Added unit enemy:Xekyd into queue
[2025-04-05 21:12:02] [INFO] [Component] Setting fire_dragon_Coxao_0519109f-c49f-4b49-bcf2-694e81b0d175 on to 4_11_a3c6e492-c32f-402a-b508-601bd6446401.
[2025-04-05 21:12:02] [INFO] [SpeedQueue] Added unit enemy:Coxao into queue
[2025-04-05 21:12:02] [INFO] [EngineController] Started setting scene to MENU_SCENE
[2025-04-05 21:12:02] [INFO] [EngineController] Finished setting scene to MENU_SCENE
[2025-04-05 21:12:02] [INFO] [EngineController] Started setting scene to GAME_SCENE
[2025-04-05 21:12:02] [INFO] [FontPool] Started initializing FontPool
[2025-04-05 21:12:02] [INFO] [FontPool] ✅ Successfully loaded font: Lilian
[2025-04-05 21:12:02] [INFO] [EngineController] Finished setting scene to GAME_SCENE
[2025-04-05 21:12:03] [INFO] [SpeedQueue] Speed queue updated.
[2025-04-05 21:12:03] [INFO] [TimeLinePanel] Started updating the timeline panel after turn order has changed.
[2025-04-05 21:12:03] [INFO] [TimeLinePanel] Finished updating the timeline panel after turn order has changed.
[2025-04-05 21:12:03] [INFO] [SelectedTilePanel] Checksum updated, getting units at selected tiles.
[2025-04-05 21:12:03] [INFO] [SelectedTilePanel] Either no unit selected or more than one unit selected
[2025-04-05 21:12:03] [INFO] [LesserStatisticsInformationPanel] Checksum has been updated, querying statistics for unit air_dragon_Nilf_a53e7b8f-32e3-416a-b530-bd98ab3ea6c0
[2025-04-05 21:12:03] [INFO] [VisualsSystem] Started creating blurred background
[2025-04-05 21:12:03] [INFO] [VisualsSystem] Finished creating blurred background after 0.48533403873443604 seconds
[2025-04-05 21:12:03] [INFO] [MovementSystem] Nilf is planning to move from [4, 4] to [4, 4]
[2025-04-05 21:12:03] [INFO] [MovementSystem] Updated movement area for Nilf
[2025-04-05 21:12:03] [INFO] [MovementSystem] Updated movement path for Nilf
[2025-04-05 21:12:03] [INFO] [MovementSystem] Nilf is planning to move from [4, 4] to [4, 4]
[2025-04-05 21:12:03] [INFO] [MovementSystem] Updated movement area for Nilf
[2025-04-05 21:12:03] [INFO] [MovementSystem] Updated movement path for Nilf
[2025-04-05 21:12:03] [INFO] [AbilitySystem] Yoeuio Triggered ability system
[2025-04-05 21:12:03] [INFO] [AbilitySystem] Tyaze Triggered ability system
[2025-04-05 21:12:03] [INFO] [AbilitySystem] Butk Triggered ability system
[2025-04-05 21:12:03] [INFO] [AbilitySystem] Wujnao Triggered ability system
[2025-04-05 21:12:03] [INFO] [AbilitySystem] Tuvyzy Triggered ability system
[2025-04-05 21:12:03] [INFO] [AbilitySystem] Haro Triggered ability system
[2025-04-05 21:12:03] [INFO] [AbilitySystem] Aokeyr Triggered ability system
[2025-04-05 21:12:03] [INFO] [AbilitySystem] Ioaioi Triggered ability system
[2025-04-05 21:12:03] [INFO] [AbilitySystem] Jice Triggered ability system
[2025-04-05 21:12:03] [INFO] [AbilitySystem] Mouyfd Triggered ability system
[2025-04-05 21:12:03] [INFO] [AbilitySystem] Qiycyo Triggered ability system
[2025-04-05 21:12:03] [INFO] [AbilitySystem] Jakvy Triggered ability system
[2025-04-05 21:12:03] [INFO] [AbilitySystem] Fupao Triggered ability system
[2025-04-05 21:12:03] [INFO] [AbilitySystem] Coxao Triggered ability system
[2025-04-05 21:12:03] [INFO] [AbilitySystem] Gerkpz Triggered ability system
[2025-04-05 21:12:03] [INFO] [AbilitySystem] Yuit Triggered ability system
[2025-04-05 21:12:03] [INFO] [AbilitySystem] Aadofu Triggered ability system
[2025-04-05 21:12:03] [INFO] [AbilitySystem] Xekyd Triggered ability system
[2025-04-05 21:12:03] [INFO] [AbilitySystem] Tuqey Triggered ability system
[2025-04-05 21:12:03] [INFO] [AbilitySystem] Fiqw Triggered ability system
[2025-04-05 21:12:03] [INFO] [AbilitySystem] Cuxe Triggered ability system
[2025-04-05 21:12:03] [INFO] [AbilitySystem] Qoneoy Triggered ability system
[2025-04-05 21:12:05] [INFO] [MovementSystem] Nilf is planning to move from [4, 4] to [3, 5]
[2025-04-05 21:12:05] [INFO] [MovementSystem] Updated movement path for Nilf
[2025-04-05 21:12:05] [INFO] [Component] Setting air_dragon_Nilf_a53e7b8f-32e3-416a-b530-bd98ab3ea6c0 on to 3_5_80171f88-92d4-47dc-bea1-94f48f7e9551.
[2025-04-05 21:12:05] [INFO] [MovementSystem] Moved from [4, 4] to [3, 5]
[2025-04-05 21:12:05] [INFO] [MovementSystem] {} has moved
[2025-04-05 21:12:05] [INFO] [InputHandler] Gliding 0 camera to new tile 3_5_80171f88-92d4-47dc-bea1-94f48f7e9551
[2025-04-05 21:12:05] [INFO] [InputHandler] Gliding 1 camera to new tile 3_5_80171f88-92d4-47dc-bea1-94f48f7e9551
[2025-04-05 21:12:05] [INFO] [SelectedTilePanel] Checksum updated, getting units at selected tiles.
[2025-04-05 21:12:05] [INFO] [SelectedTilePanel] Updated selected tile display to view Nilf
[2025-04-05 21:12:05] [INFO] [LesserStatisticsInformationPanel] Finished updating Greater UI
[2025-04-05 21:12:06] [INFO] [AbilitySystem] Nilf Triggered ability system
[2025-04-05 21:12:07] [INFO] [TimeLinePanel] Started updating the timeline panel after turn order has changed.
[2025-04-05 21:12:07] [INFO] [TimeLinePanel] Finished updating the timeline panel after turn order has changed.
[2025-04-05 21:12:07] [INFO] [MovementSystem] Qoneoy is planning to move from [7, 4] to [7, 5]
[2025-04-05 21:12:07] [INFO] [MovementSystem] Updated movement area for Qoneoy
[2025-04-05 21:12:07] [INFO] [MovementSystem] Updated movement path for Qoneoy
[2025-04-05 21:12:07] [INFO] [Component] Setting water_dragon_Qoneoy_86df616d-7068-4077-ba02-166e11a9fe81 on to 7_5_e275caf9-aaa9-4586-8042-62cae18b5550.
[2025-04-05 21:12:07] [INFO] [MovementSystem] Moved from [7, 4] to [7, 5]
[2025-04-05 21:12:07] [INFO] [MovementSystem] {} has moved
[2025-04-05 21:12:08] [INFO] [InputHandler] Gliding 1 camera to new tile 7_5_e275caf9-aaa9-4586-8042-62cae18b5550
[2025-04-05 21:12:08] [INFO] [SelectedTilePanel] Checksum updated, getting units at selected tiles.
[2025-04-05 21:12:08] [INFO] [SelectedTilePanel] Updated selected tile display to view Qoneoy
[2025-04-05 21:12:08] [INFO] [LesserStatisticsInformationPanel] Finished updating Greater UI
[2025-04-05 21:12:08] [INFO] [AbilitySystem] Nilf Triggered ability system
[2025-04-05 21:12:08] [INFO] [TimeLinePanel] Started updating the timeline panel after turn order has changed.
[2025-04-05 21:12:08] [INFO] [TimeLinePanel] Finished updating the timeline panel after turn order has changed.
[2025-04-05 21:12:08] [INFO] [MovementSystem] Cuxe is planning to move from [14, 10] to [14, 11]
[2025-04-05 21:12:08] [INFO] [MovementSystem] Updated movement area for Cuxe
[2025-04-05 21:12:08] [INFO] [MovementSystem] Updated movement path for Cuxe
[2025-04-05 21:12:08] [INFO] [Component] Setting water_dragon_Cuxe_cb0fc851-32d2-4c4a-9aab-25e8b44da232 on to 14_11_5ecfcd83-376e-43bb-a87d-7bf7c105498a.
[2025-04-05 21:12:08] [INFO] [MovementSystem] Moved from [14, 10] to [14, 11]
[2025-04-05 21:12:08] [INFO] [MovementSystem] {} has moved
[2025-04-05 21:12:09] [INFO] [AbilitySystem] Qoneoy Triggered ability system
[2025-04-05 21:12:09] [INFO] [TimeLinePanel] Started updating the timeline panel after turn order has changed.
[2025-04-05 21:12:09] [INFO] [TimeLinePanel] Finished updating the timeline panel after turn order has changed.
[2025-04-05 21:12:09] [INFO] [MovementSystem] Fiqw is planning to move from [14, 5] to [13, 4]
[2025-04-05 21:12:09] [INFO] [MovementSystem] Updated movement area for Fiqw
[2025-04-05 21:12:09] [INFO] [MovementSystem] Updated movement path for Fiqw
[2025-04-05 21:12:09] [INFO] [Component] Setting fire_dragon_Fiqw_a87eed6a-a860-42a9-8fc3-6520e2b189c1 on to 13_4_f5688731-fe95-4e68-9459-57246f76c57d.
[2025-04-05 21:12:09] [INFO] [MovementSystem] Moved from [14, 5] to [13, 4]
[2025-04-05 21:12:09] [INFO] [MovementSystem] {} has moved
[2025-04-05 21:12:10] [INFO] [AbilitySystem] Cuxe Triggered ability system
[2025-04-05 21:12:10] [INFO] [TimeLinePanel] Started updating the timeline panel after turn order has changed.
[2025-04-05 21:12:10] [INFO] [TimeLinePanel] Finished updating the timeline panel after turn order has changed.
[2025-04-05 21:12:10] [INFO] [MovementSystem] Tuqey is planning to move from [10, 0] to [8, 0]
[2025-04-05 21:12:10] [INFO] [MovementSystem] Updated movement area for Tuqey
[2025-04-05 21:12:10] [INFO] [MovementSystem] Updated movement path for Tuqey
[2025-04-05 21:12:10] [INFO] [Component] Setting fire_dragon_Tuqey_bc459527-9a47-4495-8ffc-89b87b4a29f3 on to 8_0_e91f837a-66a3-4535-9fb9-1b137e4442e5.
[2025-04-05 21:12:10] [INFO] [MovementSystem] Moved from [10, 0] to [8, 0]
[2025-04-05 21:12:10] [INFO] [MovementSystem] {} has moved
[2025-04-05 21:12:11] [INFO] [AbilitySystem] Fiqw Triggered ability system
[2025-04-05 21:12:11] [INFO] [TimeLinePanel] Started updating the timeline panel after turn order has changed.
[2025-04-05 21:12:11] [INFO] [TimeLinePanel] Finished updating the timeline panel after turn order has changed.
[2025-04-05 21:12:11] [INFO] [MovementSystem] Xekyd is planning to move from [10, 7] to [10, 6]
[2025-04-05 21:12:11] [INFO] [MovementSystem] Updated movement area for Xekyd
[2025-04-05 21:12:11] [INFO] [MovementSystem] Updated movement path for Xekyd
[2025-04-05 21:12:11] [INFO] [Component] Setting air_dragon_Xekyd_f7f5ab11-3b20-4f88-abd5-2024c51114f3 on to 10_6_0a910c5f-4857-4136-a0c3-3f095c5fa8e4.
[2025-04-05 21:12:11] [INFO] [MovementSystem] Moved from [10, 7] to [10, 6]
[2025-04-05 21:12:11] [INFO] [MovementSystem] {} has moved
[2025-04-05 21:12:12] [INFO] [AbilitySystem] Tuqey Triggered ability system
[2025-04-05 21:12:12] [INFO] [TimeLinePanel] Started updating the timeline panel after turn order has changed.
[2025-04-05 21:12:12] [INFO] [TimeLinePanel] Finished updating the timeline panel after turn order has changed.
[2025-04-05 21:12:12] [INFO] [MovementSystem] Aadofu is planning to move from [4, 0] to [3, 0]
[2025-04-05 21:12:12] [INFO] [MovementSystem] Updated movement area for Aadofu
[2025-04-05 21:12:12] [INFO] [MovementSystem] Updated movement path for Aadofu
[2025-04-05 21:12:12] [INFO] [Component] Setting light_dragon_Aadofu_173c5e61-2edb-44c1-9011-657d22a18e59 on to 3_0_8e9e4beb-34dd-4fca-af4d-824342e4df32.
[2025-04-05 21:12:12] [INFO] [MovementSystem] Moved from [4, 0] to [3, 0]
[2025-04-05 21:12:12] [INFO] [MovementSystem] {} has moved
[2025-04-05 21:12:13] [INFO] [AbilitySystem] Xekyd Triggered ability system
[2025-04-05 21:12:13] [INFO] [TimeLinePanel] Started updating the timeline panel after turn order has changed.
[2025-04-05 21:12:13] [INFO] [TimeLinePanel] Finished updating the timeline panel after turn order has changed.
[2025-04-05 21:12:13] [INFO] [MovementSystem] Yuit is planning to move from [8, 8] to [7, 8]
[2025-04-05 21:12:13] [INFO] [MovementSystem] Updated movement area for Yuit
[2025-04-05 21:12:13] [INFO] [MovementSystem] Updated movement path for Yuit
[2025-04-05 21:12:13] [INFO] [Component] Setting fire_dragon_Yuit_1a7a01e7-ee7d-487e-94c3-e2576efc8bc4 on to 7_8_dc270a0c-b9e7-4f59-891a-84eab8630b7a.
[2025-04-05 21:12:13] [INFO] [MovementSystem] Moved from [8, 8] to [7, 8]
[2025-04-05 21:12:13] [INFO] [MovementSystem] {} has moved
[2025-04-05 21:12:14] [INFO] [AbilitySystem] Aadofu Triggered ability system
[2025-04-05 21:12:14] [INFO] [TimeLinePanel] Started updating the timeline panel after turn order has changed.
[2025-04-05 21:12:14] [INFO] [TimeLinePanel] Finished updating the timeline panel after turn order has changed.
[2025-04-05 21:12:14] [INFO] [MovementSystem] Gerkpz is planning to move from [4, 14] to [5, 13]
[2025-04-05 21:12:14] [INFO] [MovementSystem] Updated movement area for Gerkpz
[2025-04-05 21:12:14] [INFO] [MovementSystem] Updated movement path for Gerkpz
[2025-04-05 21:12:14] [INFO] [Component] Setting dragon_Gerkpz_0e6f89ab-eaea-4db9-86f6-88b7a99cfecc on to 5_13_5892962b-0365-4411-bcb9-fe0a3d9513f3.
[2025-04-05 21:12:14] [INFO] [MovementSystem] Moved from [4, 14] to [5, 13]
[2025-04-05 21:12:14] [INFO] [MovementSystem] {} has moved
[2025-04-05 21:12:15] [INFO] [AbilitySystem] Yuit Triggered ability system
[2025-04-05 21:12:15] [INFO] [TimeLinePanel] Started updating the timeline panel after turn order has changed.
[2025-04-05 21:12:15] [INFO] [TimeLinePanel] Finished updating the timeline panel after turn order has changed.
[2025-04-05 21:12:15] [INFO] [MovementSystem] Coxao is planning to move from [4, 11] to [2, 11]
[2025-04-05 21:12:15] [INFO] [MovementSystem] Updated movement area for Coxao
[2025-04-05 21:12:15] [INFO] [MovementSystem] Updated movement path for Coxao
[2025-04-05 21:12:15] [INFO] [Component] Setting fire_dragon_Coxao_0519109f-c49f-4b49-bcf2-694e81b0d175 on to 2_11_87c85e99-c719-443c-a93f-e50959418cde.
[2025-04-05 21:12:15] [INFO] [MovementSystem] Moved from [4, 11] to [2, 11]
[2025-04-05 21:12:15] [INFO] [MovementSystem] {} has moved
[2025-04-05 21:12:16] [INFO] [AbilitySystem] Gerkpz Triggered ability system
[2025-04-05 21:12:16] [INFO] [TimeLinePanel] Started updating the timeline panel after turn order has changed.
[2025-04-05 21:12:16] [INFO] [TimeLinePanel] Finished updating the timeline panel after turn order has changed.
[2025-04-05 21:12:16] [INFO] [MovementSystem] Fupao is planning to move from [10, 8] to [12, 8]
[2025-04-05 21:12:16] [INFO] [MovementSystem] Updated movement area for Fupao
[2025-04-05 21:12:16] [INFO] [MovementSystem] Updated movement path for Fupao
[2025-04-05 21:12:16] [INFO] [Component] Setting water_dragon_Fupao_5489548c-36ac-4623-a5fc-b870ad080d5c on to 12_8_8e4e48a8-31c2-4517-96aa-1219691426bf.
[2025-04-05 21:12:16] [INFO] [MovementSystem] Moved from [10, 8] to [12, 8]
[2025-04-05 21:12:16] [INFO] [MovementSystem] {} has moved
[2025-04-05 21:12:17] [INFO] [AbilitySystem] Coxao Triggered ability system
[2025-04-05 21:12:17] [INFO] [TimeLinePanel] Started updating the timeline panel after turn order has changed.
[2025-04-05 21:12:17] [INFO] [TimeLinePanel] Finished updating the timeline panel after turn order has changed.
[2025-04-05 21:12:17] [INFO] [MovementSystem] Jakvy is planning to move from [12, 3] to [13, 2]
[2025-04-05 21:12:17] [INFO] [MovementSystem] Updated movement area for Jakvy
[2025-04-05 21:12:17] [INFO] [MovementSystem] Updated movement path for Jakvy
[2025-04-05 21:12:17] [INFO] [Component] Setting air_dragon_Jakvy_97075317-d1a6-401f-a5e1-f0cc57884255 on to 13_2_7a09a095-892a-47c9-b01f-adcc37e9dfef.
[2025-04-05 21:12:17] [INFO] [MovementSystem] Moved from [12, 3] to [13, 2]
[2025-04-05 21:12:17] [INFO] [MovementSystem] {} has moved
[2025-04-05 21:12:18] [INFO] [AbilitySystem] Fupao Triggered ability system
[2025-04-05 21:12:18] [INFO] [TimeLinePanel] Started updating the timeline panel after turn order has changed.
[2025-04-05 21:12:18] [INFO] [TimeLinePanel] Finished updating the timeline panel after turn order has changed.
[2025-04-05 21:12:18] [INFO] [MovementSystem] Qiycyo is planning to move from [1, 12] to [1, 11]
[2025-04-05 21:12:18] [INFO] [MovementSystem] Updated movement area for Qiycyo
[2025-04-05 21:12:18] [INFO] [MovementSystem] Updated movement path for Qiycyo
[2025-04-05 21:12:18] [INFO] [Component] Setting dragon_Qiycyo_07a5c3c3-c8d3-4fda-8017-129186054d68 on to 1_11_a5864759-80ef-4f8a-9438-7cd218e79363.
[2025-04-05 21:12:18] [INFO] [MovementSystem] Moved from [1, 12] to [1, 11]
[2025-04-05 21:12:18] [INFO] [MovementSystem] {} has moved
[2025-04-05 21:12:19] [INFO] [AbilitySystem] Jakvy Triggered ability system
[2025-04-05 21:12:19] [INFO] [TimeLinePanel] Started updating the timeline panel after turn order has changed.
[2025-04-05 21:12:19] [INFO] [TimeLinePanel] Finished updating the timeline panel after turn order has changed.
[2025-04-05 21:12:19] [INFO] [MovementSystem] Mouyfd is planning to move from [2, 6] to [0, 6]
[2025-04-05 21:12:19] [INFO] [MovementSystem] Updated movement area for Mouyfd
[2025-04-05 21:12:19] [INFO] [MovementSystem] Updated movement path for Mouyfd
[2025-04-05 21:12:19] [INFO] [Component] Setting water_dragon_Mouyfd_42819125-af08-450d-86da-1efda1667d8b on to 0_6_2d7253ec-3544-497f-8d14-e11b7967a30a.
[2025-04-05 21:12:19] [INFO] [MovementSystem] Moved from [2, 6] to [0, 6]
[2025-04-05 21:12:19] [INFO] [MovementSystem] {} has moved
[2025-04-05 21:12:20] [INFO] [AbilitySystem] Qiycyo Triggered ability system
[2025-04-05 21:12:20] [INFO] [TimeLinePanel] Started updating the timeline panel after turn order has changed.
[2025-04-05 21:12:20] [INFO] [TimeLinePanel] Finished updating the timeline panel after turn order has changed.
[2025-04-05 21:12:20] [INFO] [MovementSystem] Jice is planning to move from [2, 5] to [2, 6]
[2025-04-05 21:12:20] [INFO] [MovementSystem] Updated movement area for Jice
[2025-04-05 21:12:20] [INFO] [MovementSystem] Updated movement path for Jice
[2025-04-05 21:12:20] [INFO] [Component] Setting water_dragon_Jice_04c54f8e-141b-4029-b346-78388e3a559b on to 2_6_11286128-64b7-4d41-8abd-5bda618822d5.
[2025-04-05 21:12:20] [INFO] [MovementSystem] Moved from [2, 5] to [2, 6]
[2025-04-05 21:12:20] [INFO] [MovementSystem] {} has moved
[2025-04-05 21:12:21] [INFO] [AbilitySystem] Mouyfd Triggered ability system
[2025-04-05 21:12:21] [INFO] [TimeLinePanel] Started updating the timeline panel after turn order has changed.
[2025-04-05 21:12:21] [INFO] [TimeLinePanel] Finished updating the timeline panel after turn order has changed.
[2025-04-05 21:12:21] [INFO] [MovementSystem] Ioaioi is planning to move from [6, 2] to [7, 2]
[2025-04-05 21:12:21] [INFO] [MovementSystem] Updated movement area for Ioaioi
[2025-04-05 21:12:21] [INFO] [MovementSystem] Updated movement path for Ioaioi
[2025-04-05 21:12:21] [INFO] [Component] Setting earth_dragon_Ioaioi_7b046875-c834-4205-8ca0-4f1d18581b7a on to 7_2_9aab0cb3-88f1-4af7-a734-da2a80f57ea8.
[2025-04-05 21:12:21] [INFO] [MovementSystem] Moved from [6, 2] to [7, 2]
[2025-04-05 21:12:21] [INFO] [MovementSystem] {} has moved
[2025-04-05 21:12:22] [INFO] [AbilitySystem] Jice Triggered ability system
[2025-04-05 21:12:22] [INFO] [TimeLinePanel] Started updating the timeline panel after turn order has changed.
[2025-04-05 21:12:22] [INFO] [TimeLinePanel] Finished updating the timeline panel after turn order has changed.
[2025-04-05 21:12:23] [INFO] [MovementSystem] Aokeyr is planning to move from [9, 6] to [8, 6]
[2025-04-05 21:12:23] [INFO] [MovementSystem] Updated movement area for Aokeyr
[2025-04-05 21:12:23] [INFO] [MovementSystem] Updated movement path for Aokeyr
[2025-04-05 21:12:23] [INFO] [Component] Setting water_dragon_Aokeyr_e7b54ddd-7102-4432-a985-cb35f96ed626 on to 8_6_079f2945-47ea-410f-92f6-e02289becbec.
[2025-04-05 21:12:23] [INFO] [MovementSystem] Moved from [9, 6] to [8, 6]
[2025-04-05 21:12:23] [INFO] [MovementSystem] {} has moved
[2025-04-05 21:12:24] [INFO] [AbilitySystem] Ioaioi Triggered ability system
[2025-04-05 21:12:24] [INFO] [TimeLinePanel] Started updating the timeline panel after turn order has changed.
[2025-04-05 21:12:24] [INFO] [TimeLinePanel] Finished updating the timeline panel after turn order has changed.
[2025-04-05 21:12:24] [INFO] [MovementSystem] Haro is planning to move from [0, 13] to [0, 11]
[2025-04-05 21:12:24] [INFO] [MovementSystem] Updated movement area for Haro
[2025-04-05 21:12:24] [INFO] [MovementSystem] Updated movement path for Haro
[2025-04-05 21:12:24] [INFO] [Component] Setting air_dragon_Haro_32c75ee4-432e-4f9a-87fd-aaac9f4a9b31 on to 0_11_0a2a0ab1-e50d-4ff6-900e-0d8d0667f737.
[2025-04-05 21:12:24] [INFO] [MovementSystem] Moved from [0, 13] to [0, 11]
[2025-04-05 21:12:24] [INFO] [MovementSystem] {} has moved
[2025-04-05 21:12:25] [INFO] [AbilitySystem] Aokeyr Triggered ability system
[2025-04-05 21:12:25] [INFO] [TimeLinePanel] Started updating the timeline panel after turn order has changed.
[2025-04-05 21:12:25] [INFO] [TimeLinePanel] Finished updating the timeline panel after turn order has changed.
[2025-04-05 21:12:25] [INFO] [MovementSystem] Tuvyzy is planning to move from [9, 2] to [8, 1]
[2025-04-05 21:12:25] [INFO] [MovementSystem] Updated movement area for Tuvyzy
[2025-04-05 21:12:25] [INFO] [MovementSystem] Updated movement path for Tuvyzy
[2025-04-05 21:12:25] [INFO] [Component] Setting air_dragon_Tuvyzy_aca723b1-f6d1-46cf-9386-a4f4030f0a99 on to 8_1_0ecc9bf9-083e-4460-87cf-ca9ee3ac789f.
[2025-04-05 21:12:25] [INFO] [MovementSystem] Moved from [9, 2] to [8, 1]
[2025-04-05 21:12:25] [INFO] [MovementSystem] {} has moved
[2025-04-05 21:12:26] [INFO] [AbilitySystem] Haro Triggered ability system
[2025-04-05 21:12:26] [INFO] [TimeLinePanel] Started updating the timeline panel after turn order has changed.
[2025-04-05 21:12:26] [INFO] [TimeLinePanel] Finished updating the timeline panel after turn order has changed.
[2025-04-05 21:12:26] [INFO] [MovementSystem] Wujnao is planning to move from [0, 5] to [1, 4]
[2025-04-05 21:12:26] [INFO] [MovementSystem] Updated movement area for Wujnao
[2025-04-05 21:12:26] [INFO] [MovementSystem] Updated movement path for Wujnao
[2025-04-05 21:12:26] [INFO] [Component] Setting dragon_Wujnao_9c36e5fe-2fc0-4b70-8e6a-e16bc91e0011 on to 1_4_05a9445d-75d8-432b-9238-f091017a881a.
[2025-04-05 21:12:26] [INFO] [MovementSystem] Moved from [0, 5] to [1, 4]
[2025-04-05 21:12:26] [INFO] [MovementSystem] {} has moved
[2025-04-05 21:12:27] [INFO] [AbilitySystem] Tuvyzy Triggered ability system
[2025-04-05 21:12:27] [INFO] [TimeLinePanel] Started updating the timeline panel after turn order has changed.
[2025-04-05 21:12:27] [INFO] [TimeLinePanel] Finished updating the timeline panel after turn order has changed.
[2025-04-05 21:12:27] [INFO] [MovementSystem] Butk is planning to move from [1, 9] to [0, 9]
[2025-04-05 21:12:27] [INFO] [MovementSystem] Updated movement area for Butk
[2025-04-05 21:12:27] [INFO] [MovementSystem] Updated movement path for Butk
[2025-04-05 21:12:27] [INFO] [Component] Setting dragon_Butk_5c858c7f-9a32-43f9-b146-cf0f686a3e79 on to 0_9_1b3a5517-bfab-4188-8ffa-84fa501c2e81.
[2025-04-05 21:12:27] [INFO] [MovementSystem] Moved from [1, 9] to [0, 9]
[2025-04-05 21:12:27] [INFO] [MovementSystem] {} has moved
[2025-04-05 21:12:28] [INFO] [AbilitySystem] Wujnao Triggered ability system
[2025-04-05 21:12:28] [INFO] [TimeLinePanel] Started updating the timeline panel after turn order has changed.
[2025-04-05 21:12:28] [INFO] [TimeLinePanel] Finished updating the timeline panel after turn order has changed.
[2025-04-05 21:12:28] [INFO] [MovementSystem] Tyaze is planning to move from [12, 11] to [13, 12]
[2025-04-05 21:12:28] [INFO] [MovementSystem] Updated movement area for Tyaze
[2025-04-05 21:12:28] [INFO] [MovementSystem] Updated movement path for Tyaze
[2025-04-05 21:12:28] [INFO] [Component] Setting fire_dragon_Tyaze_b32cc1d6-4405-4f4d-902c-345006c11c93 on to 13_12_479ae98c-6165-4665-bfab-38b8593325de.
[2025-04-05 21:12:28] [INFO] [MovementSystem] Moved from [12, 11] to [13, 12]
[2025-04-05 21:12:28] [INFO] [MovementSystem] {} has moved
[2025-04-05 21:12:29] [INFO] [AbilitySystem] Butk Triggered ability system
[2025-04-05 21:12:29] [INFO] [TimeLinePanel] Started updating the timeline panel after turn order has changed.
[2025-04-05 21:12:29] [INFO] [TimeLinePanel] Finished updating the timeline panel after turn order has changed.
[2025-04-05 21:12:29] [INFO] [MovementSystem] Yoeuio is planning to move from [11, 7] to [12, 6]
[2025-04-05 21:12:29] [INFO] [MovementSystem] Updated movement area for Yoeuio
[2025-04-05 21:12:29] [INFO] [MovementSystem] Updated movement path for Yoeuio
[2025-04-05 21:12:29] [INFO] [Component] Setting water_dragon_Yoeuio_9d3ed69b-b1cf-4456-bd5e-4921f8a26465 on to 12_6_473f7da7-167a-493c-bbd0-34199790166d.
[2025-04-05 21:12:29] [INFO] [MovementSystem] Moved from [11, 7] to [12, 6]
[2025-04-05 21:12:29] [INFO] [MovementSystem] {} has moved
[2025-04-05 21:12:29] [INFO] [DevPanel] Setting camera mode
[2025-04-05 21:12:30] [INFO] [AbilitySystem] Tyaze Triggered ability system
[2025-04-05 21:12:30] [INFO] [SpeedQueue] Speed queue updated.
[2025-04-05 21:12:30] [INFO] [TimeLinePanel] Started updating the timeline panel after turn order has changed.
[2025-04-05 21:12:30] [INFO] [TimeLinePanel] Finished updating the timeline panel after turn order has changed.
[2025-04-05 21:12:30] [INFO] [MovementSystem] Nilf is planning to move from [3, 5] to [4, 5]
[2025-04-05 21:12:30] [INFO] [MovementSystem] Updated movement area for Nilf
[2025-04-05 21:12:30] [INFO] [MovementSystem] Updated movement path for Nilf
[2025-04-05 21:12:30] [INFO] [Component] Setting air_dragon_Nilf_a53e7b8f-32e3-416a-b530-bd98ab3ea6c0 on to 4_5_538d6720-3287-4353-922e-dec9be2f8d18.
[2025-04-05 21:12:30] [INFO] [MovementSystem] Moved from [3, 5] to [4, 5]
[2025-04-05 21:12:30] [INFO] [MovementSystem] {} has moved
[2025-04-05 21:12:31] [INFO] [AbilitySystem] Yoeuio Triggered ability system
[2025-04-05 21:12:31] [INFO] [TimeLinePanel] Started updating the timeline panel after turn order has changed.
[2025-04-05 21:12:31] [INFO] [TimeLinePanel] Finished updating the timeline panel after turn order has changed.
[2025-04-05 21:12:31] [INFO] [MovementSystem] Qoneoy is planning to move from [7, 5] to [7, 4]
[2025-04-05 21:12:31] [INFO] [MovementSystem] Updated movement area for Qoneoy
[2025-04-05 21:12:31] [INFO] [MovementSystem] Updated movement path for Qoneoy
[2025-04-05 21:12:31] [INFO] [Component] Setting water_dragon_Qoneoy_86df616d-7068-4077-ba02-166e11a9fe81 on to 7_4_e5d062fa-ee68-49d4-b737-68e510a25993.
[2025-04-05 21:12:31] [INFO] [MovementSystem] Moved from [7, 5] to [7, 4]
[2025-04-05 21:12:31] [INFO] [MovementSystem] {} has moved
[2025-04-05 21:12:32] [INFO] [AbilitySystem] Nilf Triggered ability system
[2025-04-05 21:12:32] [INFO] [TimeLinePanel] Started updating the timeline panel after turn order has changed.
[2025-04-05 21:12:32] [INFO] [TimeLinePanel] Finished updating the timeline panel after turn order has changed.
[2025-04-05 21:12:32] [INFO] [MovementSystem] Cuxe is planning to move from [14, 11] to [13, 10]
[2025-04-05 21:12:32] [INFO] [MovementSystem] Updated movement area for Cuxe
[2025-04-05 21:12:32] [INFO] [MovementSystem] Updated movement path for Cuxe
[2025-04-05 21:12:32] [INFO] [Component] Setting water_dragon_Cuxe_cb0fc851-32d2-4c4a-9aab-25e8b44da232 on to 13_10_1d6c5dd2-013c-48d7-8d55-dc5e6e87ec39.
[2025-04-05 21:12:32] [INFO] [MovementSystem] Moved from [14, 11] to [13, 10]
[2025-04-05 21:12:32] [INFO] [MovementSystem] {} has moved
[2025-04-05 21:12:33] [INFO] [AbilitySystem] Qoneoy Triggered ability system
[2025-04-05 21:12:33] [INFO] [TimeLinePanel] Started updating the timeline panel after turn order has changed.
[2025-04-05 21:12:33] [INFO] [TimeLinePanel] Finished updating the timeline panel after turn order has changed.
[2025-04-05 21:12:33] [INFO] [MovementSystem] Fiqw is planning to move from [13, 4] to [11, 4]
[2025-04-05 21:12:33] [INFO] [MovementSystem] Updated movement area for Fiqw
[2025-04-05 21:12:33] [INFO] [MovementSystem] Updated movement path for Fiqw
[2025-04-05 21:12:33] [INFO] [Component] Setting fire_dragon_Fiqw_a87eed6a-a860-42a9-8fc3-6520e2b189c1 on to 11_4_c0d4c2a1-680f-4c61-8ae2-f2c0b2e415e2.
[2025-04-05 21:12:33] [INFO] [MovementSystem] Moved from [13, 4] to [11, 4]
[2025-04-05 21:12:33] [INFO] [MovementSystem] {} has moved
[2025-04-05 21:12:34] [INFO] [AbilitySystem] Cuxe Triggered ability system
[2025-04-05 21:12:34] [INFO] [TimeLinePanel] Started updating the timeline panel after turn order has changed.
[2025-04-05 21:12:34] [INFO] [TimeLinePanel] Finished updating the timeline panel after turn order has changed.
[2025-04-05 21:12:34] [INFO] [MovementSystem] Tuqey is planning to move from [8, 0] to [6, 0]
[2025-04-05 21:12:34] [INFO] [MovementSystem] Updated movement area for Tuqey
[2025-04-05 21:12:34] [INFO] [MovementSystem] Updated movement path for Tuqey
[2025-04-05 21:12:34] [INFO] [Component] Setting fire_dragon_Tuqey_bc459527-9a47-4495-8ffc-89b87b4a29f3 on to 6_0_5bdbcfb6-5f87-4252-88ba-5f2638017e9e.
[2025-04-05 21:12:34] [INFO] [MovementSystem] Moved from [8, 0] to [6, 0]
[2025-04-05 21:12:34] [INFO] [MovementSystem] {} has moved
[2025-04-05 21:12:35] [INFO] [AbilitySystem] Fiqw Triggered ability system
[2025-04-05 21:12:35] [INFO] [TimeLinePanel] Started updating the timeline panel after turn order has changed.
[2025-04-05 21:12:35] [INFO] [TimeLinePanel] Finished updating the timeline panel after turn order has changed.
[2025-04-05 21:12:35] [INFO] [MovementSystem] Xekyd is planning to move from [10, 6] to [10, 6]
[2025-04-05 21:12:35] [INFO] [MovementSystem] Updated movement area for Xekyd
[2025-04-05 21:12:35] [INFO] [MovementSystem] Updated movement path for Xekyd
[2025-04-05 21:12:35] [INFO] [MovementSystem] Xekyd is planning to move from [10, 6] to [10, 6]
[2025-04-05 21:12:35] [INFO] [MovementSystem] Updated movement area for Xekyd
[2025-04-05 21:12:35] [INFO] [MovementSystem] Updated movement path for Xekyd
[2025-04-05 21:12:36] [INFO] [MovementSystem] Xekyd is planning to move from [10, 6] to [10, 5]
[2025-04-05 21:12:36] [INFO] [MovementSystem] Updated movement path for Xekyd
[2025-04-05 21:12:36] [INFO] [Component] Setting air_dragon_Xekyd_f7f5ab11-3b20-4f88-abd5-2024c51114f3 on to 10_5_1b5f5461-cb00-4643-892a-e3a2aaa5d19d.
[2025-04-05 21:12:36] [INFO] [MovementSystem] Moved from [10, 6] to [10, 5]
[2025-04-05 21:12:36] [INFO] [MovementSystem] {} has moved
[2025-04-05 21:12:36] [INFO] [AbilitySystem] Tuqey Triggered ability system
[2025-04-05 21:12:37] [INFO] [TimeLinePanel] Started updating the timeline panel after turn order has changed.
[2025-04-05 21:12:37] [INFO] [TimeLinePanel] Finished updating the timeline panel after turn order has changed.
[2025-04-05 21:12:37] [INFO] [MovementSystem] Aadofu is planning to move from [3, 0] to [4, 0]
[2025-04-05 21:12:37] [INFO] [MovementSystem] Updated movement area for Aadofu
[2025-04-05 21:12:37] [INFO] [MovementSystem] Updated movement path for Aadofu
[2025-04-05 21:12:37] [INFO] [Component] Setting light_dragon_Aadofu_173c5e61-2edb-44c1-9011-657d22a18e59 on to 4_0_9211799c-dcbc-472d-9dcb-2e4fca0aea81.
[2025-04-05 21:12:37] [INFO] [MovementSystem] Moved from [3, 0] to [4, 0]
[2025-04-05 21:12:37] [INFO] [MovementSystem] {} has moved
[2025-04-05 21:12:38] [INFO] [AbilitySystem] Xekyd Triggered ability system
[2025-04-05 21:12:38] [INFO] [TimeLinePanel] Started updating the timeline panel after turn order has changed.
[2025-04-05 21:12:38] [INFO] [TimeLinePanel] Finished updating the timeline panel after turn order has changed.
[2025-04-05 21:12:38] [INFO] [MovementSystem] Yuit is planning to move from [7, 8] to [8, 9]
[2025-04-05 21:12:38] [INFO] [MovementSystem] Updated movement area for Yuit
[2025-04-05 21:12:38] [INFO] [MovementSystem] Updated movement path for Yuit
[2025-04-05 21:12:38] [INFO] [Component] Setting fire_dragon_Yuit_1a7a01e7-ee7d-487e-94c3-e2576efc8bc4 on to 8_9_07c62eb5-0321-47ee-9b6c-8f4e2c1f7a1b.
[2025-04-05 21:12:38] [INFO] [MovementSystem] Moved from [7, 8] to [8, 9]
[2025-04-05 21:12:38] [INFO] [MovementSystem] {} has moved
[2025-04-05 21:12:39] [INFO] [AbilitySystem] Aadofu Triggered ability system
[2025-04-05 21:12:39] [INFO] [TimeLinePanel] Started updating the timeline panel after turn order has changed.
[2025-04-05 21:12:39] [INFO] [TimeLinePanel] Finished updating the timeline panel after turn order has changed.
[2025-04-05 21:12:39] [INFO] [MovementSystem] Gerkpz is planning to move from [5, 13] to [5, 11]
[2025-04-05 21:12:39] [INFO] [MovementSystem] Updated movement area for Gerkpz
[2025-04-05 21:12:39] [INFO] [MovementSystem] Updated movement path for Gerkpz
[2025-04-05 21:12:39] [INFO] [Component] Setting dragon_Gerkpz_0e6f89ab-eaea-4db9-86f6-88b7a99cfecc on to 5_11_586e8e03-3034-4286-9a7a-7fe82f604a53.
[2025-04-05 21:12:39] [INFO] [MovementSystem] Moved from [5, 13] to [5, 11]
[2025-04-05 21:12:39] [INFO] [MovementSystem] {} has moved
[2025-04-05 21:12:40] [INFO] [AbilitySystem] Yuit Triggered ability system
[2025-04-05 21:12:40] [INFO] [TimeLinePanel] Started updating the timeline panel after turn order has changed.
[2025-04-05 21:12:40] [INFO] [TimeLinePanel] Finished updating the timeline panel after turn order has changed.
[2025-04-05 21:12:40] [INFO] [MovementSystem] Coxao is planning to move from [2, 11] to [2, 9]
[2025-04-05 21:12:40] [INFO] [MovementSystem] Updated movement area for Coxao
[2025-04-05 21:12:40] [INFO] [MovementSystem] Updated movement path for Coxao
[2025-04-05 21:12:40] [INFO] [Component] Setting fire_dragon_Coxao_0519109f-c49f-4b49-bcf2-694e81b0d175 on to 2_9_7c0b367a-b0a7-4d92-a578-75c55a605c57.
[2025-04-05 21:12:40] [INFO] [MovementSystem] Moved from [2, 11] to [2, 9]
[2025-04-05 21:12:40] [INFO] [MovementSystem] {} has moved
[2025-04-05 21:12:41] [INFO] [AbilitySystem] Gerkpz Triggered ability system
[2025-04-05 21:12:41] [INFO] [TimeLinePanel] Started updating the timeline panel after turn order has changed.
[2025-04-05 21:12:41] [INFO] [TimeLinePanel] Finished updating the timeline panel after turn order has changed.
[2025-04-05 21:12:41] [INFO] [MovementSystem] Fupao is planning to move from [12, 8] to [12, 8]
[2025-04-05 21:12:41] [INFO] [MovementSystem] Updated movement area for Fupao
[2025-04-05 21:12:41] [INFO] [MovementSystem] Updated movement path for Fupao
[2025-04-05 21:12:41] [INFO] [MovementSystem] Fupao is planning to move from [12, 8] to [12, 8]
[2025-04-05 21:12:41] [INFO] [MovementSystem] Updated movement area for Fupao
[2025-04-05 21:12:41] [INFO] [MovementSystem] Updated movement path for Fupao
[2025-04-05 21:12:42] [INFO] [MovementSystem] Fupao is planning to move from [12, 8] to [11, 9]
[2025-04-05 21:12:42] [INFO] [MovementSystem] Updated movement path for Fupao
[2025-04-05 21:12:42] [INFO] [Component] Setting water_dragon_Fupao_5489548c-36ac-4623-a5fc-b870ad080d5c on to 11_9_6deb5ce7-0cff-4fb2-9b1b-cef0e250722c.
[2025-04-05 21:12:42] [INFO] [MovementSystem] Moved from [12, 8] to [11, 9]
[2025-04-05 21:12:42] [INFO] [MovementSystem] {} has moved
[2025-04-05 21:12:42] [INFO] [AbilitySystem] Coxao Triggered ability system
[2025-04-05 21:12:43] [INFO] [TimeLinePanel] Started updating the timeline panel after turn order has changed.
[2025-04-05 21:12:43] [INFO] [TimeLinePanel] Finished updating the timeline panel after turn order has changed.
[2025-04-05 21:12:43] [INFO] [MovementSystem] Jakvy is planning to move from [13, 2] to [14, 1]
[2025-04-05 21:12:43] [INFO] [MovementSystem] Updated movement area for Jakvy
[2025-04-05 21:12:43] [INFO] [MovementSystem] Updated movement path for Jakvy
[2025-04-05 21:12:43] [INFO] [Component] Setting air_dragon_Jakvy_97075317-d1a6-401f-a5e1-f0cc57884255 on to 14_1_8f9aa17d-b316-418a-98f3-450db2af3926.
[2025-04-05 21:12:43] [INFO] [MovementSystem] Moved from [13, 2] to [14, 1]
[2025-04-05 21:12:43] [INFO] [MovementSystem] {} has moved
[2025-04-05 21:12:44] [INFO] [AbilitySystem] Fupao Triggered ability system
[2025-04-05 21:12:44] [INFO] [TimeLinePanel] Started updating the timeline panel after turn order has changed.
[2025-04-05 21:12:44] [INFO] [TimeLinePanel] Finished updating the timeline panel after turn order has changed.
[2025-04-05 21:12:44] [INFO] [MovementSystem] Qiycyo is planning to move from [1, 11] to [1, 12]
[2025-04-05 21:12:44] [INFO] [MovementSystem] Updated movement area for Qiycyo
[2025-04-05 21:12:44] [INFO] [MovementSystem] Updated movement path for Qiycyo
[2025-04-05 21:12:44] [INFO] [Component] Setting dragon_Qiycyo_07a5c3c3-c8d3-4fda-8017-129186054d68 on to 1_12_b7542c79-3fd8-4e2b-ad44-b1790830b66f.
[2025-04-05 21:12:44] [INFO] [MovementSystem] Moved from [1, 11] to [1, 12]
[2025-04-05 21:12:44] [INFO] [MovementSystem] {} has moved
[2025-04-05 21:12:45] [INFO] [AbilitySystem] Jakvy Triggered ability system
[2025-04-05 21:12:45] [INFO] [TimeLinePanel] Started updating the timeline panel after turn order has changed.
[2025-04-05 21:12:45] [INFO] [TimeLinePanel] Finished updating the timeline panel after turn order has changed.
[2025-04-05 21:12:45] [INFO] [MovementSystem] Mouyfd is planning to move from [0, 6] to [0, 4]
[2025-04-05 21:12:45] [INFO] [MovementSystem] Updated movement area for Mouyfd
[2025-04-05 21:12:45] [INFO] [MovementSystem] Updated movement path for Mouyfd
[2025-04-05 21:12:45] [INFO] [Component] Setting water_dragon_Mouyfd_42819125-af08-450d-86da-1efda1667d8b on to 0_4_e7034042-a611-4ff3-8071-c6487eb1c2b0.
[2025-04-05 21:12:45] [INFO] [MovementSystem] Moved from [0, 6] to [0, 4]
[2025-04-05 21:12:45] [INFO] [MovementSystem] {} has moved
[2025-04-05 21:12:46] [INFO] [AbilitySystem] Qiycyo Triggered ability system
[2025-04-05 21:12:46] [INFO] [TimeLinePanel] Started updating the timeline panel after turn order has changed.
[2025-04-05 21:12:46] [INFO] [TimeLinePanel] Finished updating the timeline panel after turn order has changed.
[2025-04-05 21:12:46] [INFO] [MovementSystem] Jice is planning to move from [2, 6] to [2, 6]
[2025-04-05 21:12:46] [INFO] [MovementSystem] Updated movement area for Jice
[2025-04-05 21:12:46] [INFO] [MovementSystem] Updated movement path for Jice
[2025-04-05 21:12:46] [INFO] [MovementSystem] Jice is planning to move from [2, 6] to [2, 6]
[2025-04-05 21:12:46] [INFO] [MovementSystem] Updated movement area for Jice
[2025-04-05 21:12:46] [INFO] [MovementSystem] Updated movement path for Jice
[2025-04-05 21:12:47] [INFO] [AbilitySystem] Mouyfd Triggered ability system
[2025-04-05 21:12:47] [INFO] [MovementSystem] Jice is planning to move from [2, 6] to [4, 6]
[2025-04-05 21:12:47] [INFO] [MovementSystem] Updated movement path for Jice
[2025-04-05 21:12:47] [INFO] [Component] Setting water_dragon_Jice_04c54f8e-141b-4029-b346-78388e3a559b on to 4_6_f3b1cd8e-893f-4b33-8db3-82660df4724b.
[2025-04-05 21:12:47] [INFO] [MovementSystem] Moved from [2, 6] to [4, 6]
[2025-04-05 21:12:47] [INFO] [MovementSystem] {} has moved
[2025-04-05 21:12:48] [INFO] [TimeLinePanel] Started updating the timeline panel after turn order has changed.
[2025-04-05 21:12:48] [INFO] [TimeLinePanel] Finished updating the timeline panel after turn order has changed.
[2025-04-05 21:12:48] [INFO] [MovementSystem] Ioaioi is planning to move from [7, 2] to [9, 2]
[2025-04-05 21:12:48] [INFO] [MovementSystem] Updated movement area for Ioaioi
[2025-04-05 21:12:48] [INFO] [MovementSystem] Updated movement path for Ioaioi
[2025-04-05 21:12:48] [INFO] [Component] Setting earth_dragon_Ioaioi_7b046875-c834-4205-8ca0-4f1d18581b7a on to 9_2_ea45906c-2539-427c-86ec-846fb44d6c52.
[2025-04-05 21:12:48] [INFO] [MovementSystem] Moved from [7, 2] to [9, 2]
[2025-04-05 21:12:48] [INFO] [MovementSystem] {} has moved
[2025-04-05 21:12:49] [INFO] [AbilitySystem] Jice Triggered ability system
[2025-04-05 21:12:49] [INFO] [TimeLinePanel] Started updating the timeline panel after turn order has changed.
[2025-04-05 21:12:49] [INFO] [TimeLinePanel] Finished updating the timeline panel after turn order has changed.
[2025-04-05 21:12:49] [INFO] [MovementSystem] Aokeyr is planning to move from [8, 6] to [10, 6]
[2025-04-05 21:12:49] [INFO] [MovementSystem] Updated movement area for Aokeyr
[2025-04-05 21:12:49] [INFO] [MovementSystem] Updated movement path for Aokeyr
[2025-04-05 21:12:49] [INFO] [Component] Setting water_dragon_Aokeyr_e7b54ddd-7102-4432-a985-cb35f96ed626 on to 10_6_0a910c5f-4857-4136-a0c3-3f095c5fa8e4.
[2025-04-05 21:12:49] [INFO] [MovementSystem] Moved from [8, 6] to [10, 6]
[2025-04-05 21:12:49] [INFO] [MovementSystem] {} has moved
[2025-04-05 21:12:50] [INFO] [AbilitySystem] Ioaioi Triggered ability system
[2025-04-05 21:12:50] [INFO] [TimeLinePanel] Started updating the timeline panel after turn order has changed.
[2025-04-05 21:12:50] [INFO] [TimeLinePanel] Finished updating the timeline panel after turn order has changed.
[2025-04-05 21:12:50] [INFO] [MovementSystem] Haro is planning to move from [0, 11] to [0, 13]
[2025-04-05 21:12:50] [INFO] [MovementSystem] Updated movement area for Haro
[2025-04-05 21:12:50] [INFO] [MovementSystem] Updated movement path for Haro
[2025-04-05 21:12:50] [INFO] [Component] Setting air_dragon_Haro_32c75ee4-432e-4f9a-87fd-aaac9f4a9b31 on to 0_13_b6ff70fb-4948-446d-98ac-da73b4bd0a04.
[2025-04-05 21:12:50] [INFO] [MovementSystem] Moved from [0, 11] to [0, 13]
[2025-04-05 21:12:50] [INFO] [MovementSystem] {} has moved
[2025-04-05 21:12:51] [INFO] [AbilitySystem] Aokeyr Triggered ability system
[2025-04-05 21:12:51] [INFO] [TimeLinePanel] Started updating the timeline panel after turn order has changed.
[2025-04-05 21:12:51] [INFO] [TimeLinePanel] Finished updating the timeline panel after turn order has changed.
[2025-04-05 21:12:51] [INFO] [MovementSystem] Tuvyzy is planning to move from [8, 1] to [7, 2]
[2025-04-05 21:12:51] [INFO] [MovementSystem] Updated movement area for Tuvyzy
[2025-04-05 21:12:51] [INFO] [MovementSystem] Updated movement path for Tuvyzy
[2025-04-05 21:12:51] [INFO] [Component] Setting air_dragon_Tuvyzy_aca723b1-f6d1-46cf-9386-a4f4030f0a99 on to 7_2_9aab0cb3-88f1-4af7-a734-da2a80f57ea8.
[2025-04-05 21:12:51] [INFO] [MovementSystem] Moved from [8, 1] to [7, 2]
[2025-04-05 21:12:51] [INFO] [MovementSystem] {} has moved
[2025-04-05 21:12:52] [INFO] [AbilitySystem] Haro Triggered ability system
[2025-04-05 21:12:52] [INFO] [TimeLinePanel] Started updating the timeline panel after turn order has changed.
[2025-04-05 21:12:52] [INFO] [TimeLinePanel] Finished updating the timeline panel after turn order has changed.
[2025-04-05 21:12:52] [INFO] [MovementSystem] Wujnao is planning to move from [1, 4] to [1, 4]
[2025-04-05 21:12:52] [INFO] [MovementSystem] Updated movement area for Wujnao
[2025-04-05 21:12:52] [INFO] [MovementSystem] Updated movement path for Wujnao
[2025-04-05 21:12:52] [INFO] [MovementSystem] Wujnao is planning to move from [1, 4] to [1, 4]
[2025-04-05 21:12:52] [INFO] [MovementSystem] Updated movement area for Wujnao
[2025-04-05 21:12:52] [INFO] [MovementSystem] Updated movement path for Wujnao
[2025-04-05 21:12:53] [INFO] [MovementSystem] Wujnao is planning to move from [1, 4] to [1, 2]
[2025-04-05 21:12:53] [INFO] [MovementSystem] Updated movement path for Wujnao
[2025-04-05 21:12:53] [INFO] [Component] Setting dragon_Wujnao_9c36e5fe-2fc0-4b70-8e6a-e16bc91e0011 on to 1_2_ba3fff2d-ca70-4d01-b6af-0e58d7892ef2.
[2025-04-05 21:12:53] [INFO] [MovementSystem] Moved from [1, 4] to [1, 2]
[2025-04-05 21:12:53] [INFO] [MovementSystem] {} has moved
[2025-04-05 21:12:53] [INFO] [AbilitySystem] Tuvyzy Triggered ability system
[2025-04-05 21:12:54] [INFO] [TimeLinePanel] Started updating the timeline panel after turn order has changed.
[2025-04-05 21:12:54] [INFO] [TimeLinePanel] Finished updating the timeline panel after turn order has changed.
[2025-04-05 21:12:54] [INFO] [MovementSystem] Butk is planning to move from [0, 9] to [0, 8]
[2025-04-05 21:12:54] [INFO] [MovementSystem] Updated movement area for Butk
[2025-04-05 21:12:54] [INFO] [MovementSystem] Updated movement path for Butk
[2025-04-05 21:12:54] [INFO] [Component] Setting dragon_Butk_5c858c7f-9a32-43f9-b146-cf0f686a3e79 on to 0_8_4709d2d9-501d-45bd-b971-14620878bd55.
[2025-04-05 21:12:54] [INFO] [MovementSystem] Moved from [0, 9] to [0, 8]
[2025-04-05 21:12:54] [INFO] [MovementSystem] {} has moved
[2025-04-05 21:12:55] [INFO] [AbilitySystem] Wujnao Triggered ability system
[2025-04-05 21:12:55] [INFO] [TimeLinePanel] Started updating the timeline panel after turn order has changed.
[2025-04-05 21:12:55] [INFO] [TimeLinePanel] Finished updating the timeline panel after turn order has changed.
[2025-04-05 21:12:55] [INFO] [MovementSystem] Tyaze is planning to move from [13, 12] to [12, 11]
[2025-04-05 21:12:55] [INFO] [MovementSystem] Updated movement area for Tyaze
[2025-04-05 21:12:55] [INFO] [MovementSystem] Updated movement path for Tyaze
[2025-04-05 21:12:55] [INFO] [Component] Setting fire_dragon_Tyaze_b32cc1d6-4405-4f4d-902c-345006c11c93 on to 12_11_8ea5dca5-350d-4c72-a02f-63d5acbae252.
[2025-04-05 21:12:55] [INFO] [MovementSystem] Moved from [13, 12] to [12, 11]
[2025-04-05 21:12:55] [INFO] [MovementSystem] {} has moved
[2025-04-05 21:12:56] [INFO] [AbilitySystem] Butk Triggered ability system
[2025-04-05 21:12:56] [INFO] [TimeLinePanel] Started updating the timeline panel after turn order has changed.
[2025-04-05 21:12:56] [INFO] [TimeLinePanel] Finished updating the timeline panel after turn order has changed.
[2025-04-05 21:12:56] [INFO] [MovementSystem] Yoeuio is planning to move from [12, 6] to [13, 5]
[2025-04-05 21:12:56] [INFO] [MovementSystem] Updated movement area for Yoeuio
[2025-04-05 21:12:56] [INFO] [MovementSystem] Updated movement path for Yoeuio
[2025-04-05 21:12:56] [INFO] [Component] Setting water_dragon_Yoeuio_9d3ed69b-b1cf-4456-bd5e-4921f8a26465 on to 13_5_ccfa6efc-0b30-4c08-818f-50b56aebbbde.
[2025-04-05 21:12:56] [INFO] [MovementSystem] Moved from [12, 6] to [13, 5]
[2025-04-05 21:12:56] [INFO] [MovementSystem] {} has moved
[2025-04-05 21:12:57] [INFO] [AbilitySystem] Tyaze Triggered ability system
[2025-04-05 21:12:57] [INFO] [SpeedQueue] Speed queue updated.
[2025-04-05 21:12:57] [INFO] [TimeLinePanel] Started updating the timeline panel after turn order has changed.
[2025-04-05 21:12:57] [INFO] [TimeLinePanel] Finished updating the timeline panel after turn order has changed.
[2025-04-05 21:12:57] [INFO] [MovementSystem] Nilf is planning to move from [4, 5] to [2, 5]
[2025-04-05 21:12:57] [INFO] [MovementSystem] Updated movement area for Nilf
[2025-04-05 21:12:57] [INFO] [MovementSystem] Updated movement path for Nilf
[2025-04-05 21:12:57] [INFO] [Component] Setting air_dragon_Nilf_a53e7b8f-32e3-416a-b530-bd98ab3ea6c0 on to 2_5_231ced77-a7ee-43fc-a903-5116c1c4025c.
[2025-04-05 21:12:57] [INFO] [MovementSystem] Moved from [4, 5] to [2, 5]
[2025-04-05 21:12:57] [INFO] [MovementSystem] {} has moved
[2025-04-05 21:12:58] [INFO] [AbilitySystem] Yoeuio Triggered ability system
[2025-04-05 21:12:58] [INFO] [TimeLinePanel] Started updating the timeline panel after turn order has changed.
[2025-04-05 21:12:58] [INFO] [TimeLinePanel] Finished updating the timeline panel after turn order has changed.
[2025-04-05 21:12:58] [INFO] [MovementSystem] Qoneoy is planning to move from [7, 4] to [7, 4]
[2025-04-05 21:12:58] [INFO] [MovementSystem] Updated movement area for Qoneoy
[2025-04-05 21:12:58] [INFO] [MovementSystem] Updated movement path for Qoneoy
[2025-04-05 21:12:58] [INFO] [MovementSystem] Qoneoy is planning to move from [7, 4] to [7, 4]
[2025-04-05 21:12:58] [INFO] [MovementSystem] Updated movement area for Qoneoy
[2025-04-05 21:12:58] [INFO] [MovementSystem] Updated movement path for Qoneoy
[2025-04-05 21:12:59] [INFO] [MovementSystem] Qoneoy is planning to move from [7, 4] to [9, 4]
[2025-04-05 21:12:59] [INFO] [MovementSystem] Updated movement path for Qoneoy
[2025-04-05 21:12:59] [INFO] [Component] Setting water_dragon_Qoneoy_86df616d-7068-4077-ba02-166e11a9fe81 on to 9_4_dc9c8e8c-af92-4383-8051-ff08d8ad3e69.
[2025-04-05 21:12:59] [INFO] [MovementSystem] Moved from [7, 4] to [9, 4]
[2025-04-05 21:12:59] [INFO] [MovementSystem] {} has moved
[2025-04-05 21:12:59] [INFO] [AbilitySystem] Nilf Triggered ability system
[2025-04-05 21:13:00] [INFO] [TimeLinePanel] Started updating the timeline panel after turn order has changed.
[2025-04-05 21:13:00] [INFO] [TimeLinePanel] Finished updating the timeline panel after turn order has changed.
[2025-04-05 21:13:00] [INFO] [MovementSystem] Cuxe is planning to move from [13, 10] to [13, 8]
[2025-04-05 21:13:00] [INFO] [MovementSystem] Updated movement area for Cuxe
[2025-04-05 21:13:00] [INFO] [MovementSystem] Updated movement path for Cuxe
[2025-04-05 21:13:00] [INFO] [Component] Setting water_dragon_Cuxe_cb0fc851-32d2-4c4a-9aab-25e8b44da232 on to 13_8_d059f8ad-4934-4695-95dc-785e556184cc.
[2025-04-05 21:13:00] [INFO] [MovementSystem] Moved from [13, 10] to [13, 8]
[2025-04-05 21:13:00] [INFO] [MovementSystem] {} has moved
[2025-04-05 21:13:01] [INFO] [AbilitySystem] Qoneoy Triggered ability system
[2025-04-05 21:13:01] [INFO] [TimeLinePanel] Started updating the timeline panel after turn order has changed.
[2025-04-05 21:13:01] [INFO] [TimeLinePanel] Finished updating the timeline panel after turn order has changed.
[2025-04-05 21:13:01] [INFO] [MovementSystem] Fiqw is planning to move from [11, 4] to [10, 4]
[2025-04-05 21:13:01] [INFO] [MovementSystem] Updated movement area for Fiqw
[2025-04-05 21:13:01] [INFO] [MovementSystem] Updated movement path for Fiqw
[2025-04-05 21:13:01] [INFO] [Component] Setting fire_dragon_Fiqw_a87eed6a-a860-42a9-8fc3-6520e2b189c1 on to 10_4_016eb0cc-777c-4988-b2a6-5ac6a68a3504.
[2025-04-05 21:13:01] [INFO] [MovementSystem] Moved from [11, 4] to [10, 4]
[2025-04-05 21:13:01] [INFO] [MovementSystem] {} has moved
[2025-04-05 21:13:02] [INFO] [AbilitySystem] Cuxe Triggered ability system
[2025-04-05 21:13:02] [INFO] [TimeLinePanel] Started updating the timeline panel after turn order has changed.
[2025-04-05 21:13:02] [INFO] [TimeLinePanel] Finished updating the timeline panel after turn order has changed.
[2025-04-05 21:13:02] [INFO] [MovementSystem] Tuqey is planning to move from [6, 0] to [6, 1]
[2025-04-05 21:13:02] [INFO] [MovementSystem] Updated movement area for Tuqey
[2025-04-05 21:13:02] [INFO] [MovementSystem] Updated movement path for Tuqey
[2025-04-05 21:13:02] [INFO] [Component] Setting fire_dragon_Tuqey_bc459527-9a47-4495-8ffc-89b87b4a29f3 on to 6_1_9995dc73-5fe9-44e6-90dc-73d593bb3429.
[2025-04-05 21:13:02] [INFO] [MovementSystem] Moved from [6, 0] to [6, 1]
[2025-04-05 21:13:02] [INFO] [MovementSystem] {} has moved
[2025-04-05 21:13:03] [INFO] [AbilitySystem] Fiqw Triggered ability system
[2025-04-05 21:13:03] [INFO] [TimeLinePanel] Started updating the timeline panel after turn order has changed.
[2025-04-05 21:13:03] [INFO] [TimeLinePanel] Finished updating the timeline panel after turn order has changed.
[2025-04-05 21:13:03] [INFO] [MovementSystem] Xekyd is planning to move from [10, 5] to [11, 4]
[2025-04-05 21:13:03] [INFO] [MovementSystem] Updated movement area for Xekyd
[2025-04-05 21:13:03] [INFO] [MovementSystem] Updated movement path for Xekyd
[2025-04-05 21:13:03] [INFO] [Component] Setting air_dragon_Xekyd_f7f5ab11-3b20-4f88-abd5-2024c51114f3 on to 11_4_c0d4c2a1-680f-4c61-8ae2-f2c0b2e415e2.
[2025-04-05 21:13:03] [INFO] [MovementSystem] Moved from [10, 5] to [11, 4]
[2025-04-05 21:13:03] [INFO] [MovementSystem] {} has moved
[2025-04-05 21:13:04] [INFO] [AbilitySystem] Tuqey Triggered ability system
[2025-04-05 21:13:04] [INFO] [TimeLinePanel] Started updating the timeline panel after turn order has changed.
[2025-04-05 21:13:04] [INFO] [TimeLinePanel] Finished updating the timeline panel after turn order has changed.
[2025-04-05 21:13:04] [INFO] [MovementSystem] Aadofu is planning to move from [4, 0] to [5, 0]
[2025-04-05 21:13:04] [INFO] [MovementSystem] Updated movement area for Aadofu
[2025-04-05 21:13:04] [INFO] [MovementSystem] Updated movement path for Aadofu
[2025-04-05 21:13:04] [INFO] [Component] Setting light_dragon_Aadofu_173c5e61-2edb-44c1-9011-657d22a18e59 on to 5_0_9fed0da8-849c-4ff5-b93b-35bbe30db865.
[2025-04-05 21:13:04] [INFO] [MovementSystem] Moved from [4, 0] to [5, 0]
[2025-04-05 21:13:04] [INFO] [MovementSystem] {} has moved
[2025-04-05 21:13:05] [INFO] [AbilitySystem] Xekyd Triggered ability system
[2025-04-05 21:13:05] [INFO] [TimeLinePanel] Started updating the timeline panel after turn order has changed.
[2025-04-05 21:13:05] [INFO] [TimeLinePanel] Finished updating the timeline panel after turn order has changed.
[2025-04-05 21:13:05] [INFO] [MovementSystem] Yuit is planning to move from [8, 9] to [9, 8]
[2025-04-05 21:13:05] [INFO] [MovementSystem] Updated movement area for Yuit
[2025-04-05 21:13:05] [INFO] [MovementSystem] Updated movement path for Yuit
[2025-04-05 21:13:05] [INFO] [Component] Setting fire_dragon_Yuit_1a7a01e7-ee7d-487e-94c3-e2576efc8bc4 on to 9_8_30aed7de-9048-41bb-9cd5-edd3f4084f5e.
[2025-04-05 21:13:05] [INFO] [MovementSystem] Moved from [8, 9] to [9, 8]
[2025-04-05 21:13:05] [INFO] [MovementSystem] {} has moved
[2025-04-05 21:13:06] [INFO] [AbilitySystem] Aadofu Triggered ability system
[2025-04-05 21:13:06] [INFO] [TimeLinePanel] Started updating the timeline panel after turn order has changed.
[2025-04-05 21:13:06] [INFO] [TimeLinePanel] Finished updating the timeline panel after turn order has changed.
[2025-04-05 21:13:06] [INFO] [MovementSystem] Gerkpz is planning to move from [5, 11] to [5, 12]
[2025-04-05 21:13:06] [INFO] [MovementSystem] Updated movement area for Gerkpz
[2025-04-05 21:13:06] [INFO] [MovementSystem] Updated movement path for Gerkpz
[2025-04-05 21:13:06] [INFO] [Component] Setting dragon_Gerkpz_0e6f89ab-eaea-4db9-86f6-88b7a99cfecc on to 5_12_3abd63b1-9188-48e1-b63f-a8d45531ff4d.
[2025-04-05 21:13:06] [INFO] [MovementSystem] Moved from [5, 11] to [5, 12]
[2025-04-05 21:13:06] [INFO] [MovementSystem] {} has moved
[2025-04-05 21:13:07] [INFO] [AbilitySystem] Yuit Triggered ability system
[2025-04-05 21:13:07] [INFO] [TimeLinePanel] Started updating the timeline panel after turn order has changed.
[2025-04-05 21:13:07] [INFO] [TimeLinePanel] Finished updating the timeline panel after turn order has changed.
[2025-04-05 21:13:07] [INFO] [MovementSystem] Coxao is planning to move from [2, 9] to [1, 8]
[2025-04-05 21:13:07] [INFO] [MovementSystem] Updated movement area for Coxao
[2025-04-05 21:13:07] [INFO] [MovementSystem] Updated movement path for Coxao
[2025-04-05 21:13:07] [INFO] [Component] Setting fire_dragon_Coxao_0519109f-c49f-4b49-bcf2-694e81b0d175 on to 1_8_3a4ec20f-db20-42ee-8fa2-940775c1fb2a.
[2025-04-05 21:13:07] [INFO] [MovementSystem] Moved from [2, 9] to [1, 8]
[2025-04-05 21:13:07] [INFO] [MovementSystem] {} has moved
[2025-04-05 21:13:08] [INFO] [AbilitySystem] Gerkpz Triggered ability system
[2025-04-05 21:13:08] [INFO] [TimeLinePanel] Started updating the timeline panel after turn order has changed.
[2025-04-05 21:13:08] [INFO] [TimeLinePanel] Finished updating the timeline panel after turn order has changed.
[2025-04-05 21:13:08] [INFO] [MovementSystem] Fupao is planning to move from [11, 9] to [11, 9]
[2025-04-05 21:13:08] [INFO] [MovementSystem] Updated movement area for Fupao
[2025-04-05 21:13:08] [INFO] [MovementSystem] Updated movement path for Fupao
[2025-04-05 21:13:08] [INFO] [MovementSystem] Fupao is planning to move from [11, 9] to [11, 9]
[2025-04-05 21:13:08] [INFO] [MovementSystem] Updated movement area for Fupao
[2025-04-05 21:13:08] [INFO] [MovementSystem] Updated movement path for Fupao
