[2025-06-03 00:19:32] [INFO] [AssetPool] Started initializing AssetPool
[2025-06-03 00:19:32] [INFO] [AssetNameSpace] Started loading Sprite's from ./res/graphics
[2025-06-03 00:19:32] [INFO] [AssetNameSpace] Finished reading files for sprites
[2025-06-03 00:19:32] [INFO] [AssetNameSpace] Finished loading ./res/graphics
[2025-06-03 00:19:32] [INFO] [AssetPool] Finished initializing AssetPool
[2025-06-03 00:19:32] [INFO] [FontPool] Started initializing FontPool
[2025-06-03 00:19:32] [INFO] [FontPool] ✅ Successfully loaded font: Lilian
[2025-06-03 00:19:32] [INFO] [UnitTable] Started initializing UnitTable
[2025-06-03 00:19:32] [INFO] [EmeritusDatabase] Started initializing EmeritusDatabase
[2025-06-03 00:19:32] [INFO] [EmeritusDatabase] Finished initializing EmeritusDatabase
[2025-06-03 00:19:32] [INFO] [UnitTable] Successfully initialized UnitTable
[2025-06-03 00:19:32] [INFO] [UnitTable] Finished initializing UnitTable
[2025-06-03 00:19:32] [INFO] [Component] Setting UNIT_water_dragon___NICKNAME_Ioeo___2ed52ef0-6ef4-4c5c-824b-e0458d4a8408 on to {"row":4,"column":4,"base_elevation":0,"unit":"UNIT_water_dragon___NICKNAME_Ioeo___2ed52ef0-6ef4-4c5c-824b-e0458d4a8408","layers":{"empty":false},"total_elevation":10}.
[2025-06-03 00:19:32] [INFO] [SpeedQueue] Added unit UNIT_water_dragon___NICKNAME_Ioeo___2ed52ef0-6ef4-4c5c-824b-e0458d4a8408 into queue
[2025-06-03 00:19:32] [INFO] [Component] Setting UNIT_air_dragon___NICKNAME_Fiou___a274b825-f0dc-4fcb-b591-c180702c3dc7 on to {"row":4,"column":5,"base_elevation":0,"unit":"UNIT_air_dragon___NICKNAME_Fiou___a274b825-f0dc-4fcb-b591-c180702c3dc7","layers":{"empty":false},"total_elevation":10}.
[2025-06-03 00:19:32] [INFO] [SpeedQueue] Added unit UNIT_air_dragon___NICKNAME_Fiou___a274b825-f0dc-4fcb-b591-c180702c3dc7 into queue
[2025-06-03 00:19:32] [INFO] [SpeedQueue] Speed queue updated.
[2025-06-03 00:19:32] [INFO] [AbilityPanel] Updating ability selection for UNIT_water_dragon___NICKNAME_Ioeo___2ed52ef0-6ef4-4c5c-824b-e0458d4a8408
[2025-06-03 00:19:32] [INFO] [AbilityPanel] Finished ability selection for UNIT_water_dragon___NICKNAME_Ioeo___2ed52ef0-6ef4-4c5c-824b-e0458d4a8408
[2025-06-03 00:19:32] [INFO] [MovementPanel] Started update to Movement Information panel.
[2025-06-03 00:19:32] [INFO] [MovementPanel] Finished update to Movement Information panel.
[2025-06-03 00:19:32] [INFO] [TimeLinePanel] Started updating the timeline panel after turn order has changed.
[2025-06-03 00:19:32] [INFO] [TimeLinePanel] Finished updating the timeline panel after turn order has changed.
[2025-06-03 00:19:33] [INFO] [SelectedTilePanel] Checksum updated, getting units at selected tiles.
[2025-06-03 00:19:33] [INFO] [SelectedTilePanel] Either no unit selected or more than one unit selected
[2025-06-03 00:19:33] [INFO] [VisualsSystem] Started creating blurred background
[2025-06-03 00:19:33] [INFO] [VisualsSystem] Finished creating blurred background after 0.33272355794906616 seconds
[2025-06-03 00:19:33] [INFO] [AbilitySystem] Started updating {} because of ability
[2025-06-03 00:19:33] [I