[2025-03-30 07:59:12] [INFO] [UserSaveStateManager] Started loading user save data
[2025-03-30 07:59:12] [INFO] [UserSaveStateManager] Finished loading user save data
[2025-03-30 07:59:12] [INFO] [JsonDatabase] Started initializing JsonDatabase
[2025-03-30 07:59:12] [INFO] [JsonTable] Started initializing JsonTable
[2025-03-30 07:59:12] [INFO] [JsonTable] Successfully initialized JsonTable
[2025-03-30 07:59:12] [INFO] [JsonTable] Finished initializing JsonTable
[2025-03-30 07:59:12] [INFO] [JsonTable] Started initializing JsonTable
[2025-03-30 07:59:12] [INFO] [JsonTable] Successfully initialized JsonTable
[2025-03-30 07:59:12] [INFO] [JsonTable] Finished initializing JsonTable
[2025-03-30 07:59:12] [INFO] [JsonTable] Started initializing JsonTable
[2025-03-30 07:59:12] [INFO] [JsonTable] Successfully initialized JsonTable
[2025-03-30 07:59:12] [INFO] [JsonTable] Finished initializing JsonTable
[2025-03-30 07:59:12] [INFO] [JsonDatabase] Successfully initialized JsonDatabase
[2025-03-30 07:59:12] [INFO] [JsonDatabase] Finished initializing JsonDatabase
[2025-03-30 07:59:12] [INFO] [AssetPool] Started initializing AssetPool
[2025-03-30 07:59:12] [INFO] [AssetNameSpace] Started loading Sprite's from ./res/graphics
[2025-03-30 07:59:12] [INFO] [AssetNameSpace] Finished reading files for sprites
[2025-03-30 07:59:12] [INFO] [AssetNameSpace] Finished loading ./res/graphics
[2025-03-30 07:59:12] [INFO] [AssetPool] Finished initializing AssetPool
[2025-03-30 07:59:12] [INFO] [UnitDatabase] Started initializing UnitDatabase
[2025-03-30 07:59:12] [INFO] [UnitDatabase] Successfully initialized UnitDatabase
[2025-03-30 07:59:12] [INFO] [UnitDatabase] Finished initializing UnitDatabase
[2025-03-30 07:59:12] [INFO] [Component] Setting b2e500f0-baec-4dfd-8eca-7a0f157f94cd on to 577964c8-1495-4365-b963-d5dc4e4ab182.
[2025-03-30 07:59:12] [INFO] [SpeedQueue] Added unit enemy:Niwawi into queue
[2025-03-30 07:59:12] [INFO] [Component] Setting 7f862f2e-d90b-4ee0-a96a-734bb3026d2f on to 429ebfff-03c4-4337-a0b2-fe304ec65168.
[2025-03-30 07:59:12] [INFO] [SpeedQueue] Added unit enemy:Yyhyy into queue
[2025-03-30 07:59:12] [INFO] [Component] Setting 5f8a8612-fe9f-4e9b-8310-533ca0a4e99b on to 74e51385-31a4-4dc5-9273-b3f7d270ccc3.
[2025-03-30 07:59:12] [INFO] [SpeedQueue] Added unit enemy:Syfuj into queue
[2025-03-30 07:59:12] [INFO] [Component] Setting a8556a37-cc3e-481e-b7dc-4d8e9b1053f8 on to 72ea764f-2db2-4b1a-991c-d1d1d295b6eb.
[2025-03-30 07:59:12] [INFO] [SpeedQueue] Added unit enemy:Dogueu into queue
[2025-03-30 07:59:12] [INFO] [Component] Setting c9797e44-09af-4cc4-8379-1c9bf26219cb on to e74966ba-b6eb-4e7d-9493-a3f0bdfa0449.
[2025-03-30 07:59:12] [INFO] [SpeedQueue] Added unit user:Jiiyoo into queue
[2025-03-30 07:59:12] [INFO] [Component] Setting 0e30a127-d08f-4287-af65-f7bb6d8f376a on to 7390ec92-4192-49bf-971a-b2802e443957.
[2025-03-30 07:59:12] [INFO] [SpeedQueue] Added unit user:Xieu into queue
[2025-03-30 07:59:12] [INFO] [Component] Setting 8a7e20b6-ec6a-42f3-b1f0-61e269059228 on to d60eeba2-b15a-41ee-9db3-260c062ad5fd.
[2025-03-30 07:59:12] [INFO] [SpeedQueue] Added unit user:Bevyu into queue
[2025-03-30 07:59:12] [INFO] [EngineController] Started setting scene to MENU_SCENE
[2025-03-30 07:59:13] [INFO] [EngineController] Finished setting scene to MENU_SCENE
[2025-03-30 07:59:13] [INFO] [EngineController] Started setting scene to MAP_EDITOR_SCENE
[2025-03-30 07:59:13] [INFO] [FontPool] Started initializing FontPool
[2025-03-30 07:59:13] [INFO] [FontPool] ✅ Successfully loaded font: Lilian
[2025-03-30 07:59:13] [INFO] [MapEditorScene] Starting to create new GameController!
[2025-03-30 07:59:13] [INFO] [MapEditorScene] Successfully created new GameController!
[2025-03-30 07:59:13] [INFO] [EngineController] Finished setting scene to MAP_EDITOR_SCENE
[2025-03-30 07:59:13] [INFO] [InputHandler] Gliding main.camera camera to new tile 92c6dd88-2065-4aab-85a0-b64e84fff3a9
[2025-03-30 07:59:13] [INFO] [VisualsSystem] Started creating blurred background
[2025-03-30 07:59:13] [INFO] [TimeLinePanel] Started updating the timeline panel after turn order has changed.
[2025-03-30 07:59:13] [INFO] [TimeLinePanel] Finished updating the timeline panel after turn order has changed.
[2025-03-30 07:59:13] [INFO] [SelectedTilePanel] Checksum updated, getting units at selected tiles.
[2025-03-30 07:59:13] [INFO] [SelectedTilePanel] Either no unit selected or more than one unit selected
[2025-03-30 07:59:14] [INFO] [VisualsSystem] Finished creating blurred background after 0.2927895784378052 seconds
