[2025-04-02 00:23:06] [INFO] [UserSaveStateManager] Started loading user save data
[2025-04-02 00:23:06] [INFO] [UserSaveStateManager] Finished loading user save data
[2025-04-02 00:23:06] [INFO] [AssetPool] Started initializing AssetPool
[2025-04-02 00:23:06] [INFO] [AssetNameSpace] Started loading Sprite's from ./res/graphics
[2025-04-02 00:23:06] [INFO] [AssetNameSpace] Finished reading files for sprites
[2025-04-02 00:23:06] [INFO] [AssetNameSpace] Finished loading ./res/graphics
[2025-04-02 00:23:06] [INFO] [AssetPool] Finished initializing AssetPool
[2025-04-02 00:23:06] [INFO] [UnitDatabase] Started initializing UnitDatabase
[2025-04-02 00:23:06] [INFO] [UnitDatabase] Successfully initialized UnitDatabase
[2025-04-02 00:23:06] [INFO] [UnitDatabase] Finished initializing UnitDatabase
[2025-04-02 00:23:06] [INFO] [JsonDatabase] Started initializing JsonDatabase
[2025-04-02 00:23:06] [INFO] [JsonTable] Started initializing JsonTable
[2025-04-02 00:23:06] [INFO] [JsonTable] Successfully initialized JsonTable
[2025-04-02 00:23:06] [INFO] [JsonTable] Finished initializing JsonTable
[2025-04-02 00:23:06] [INFO] [JsonTable] Started initializing JsonTable
[2025-04-02 00:23:06] [INFO] [JsonTable] Successfully initialized JsonTable
[2025-04-02 00:23:06] [INFO] [JsonTable] Finished initializing JsonTable
[2025-04-02 00:23:06] [INFO] [JsonTable] Started initializing JsonTable
[2025-04-02 00:23:06] [INFO] [JsonTable] Successfully initialized JsonTable
[2025-04-02 00:23:06] [INFO] [JsonTable] Finished initializing JsonTable
[2025-04-02 00:23:06] [INFO] [JsonDatabase] Successfully initialized JsonDatabase
[2025-04-02 00:23:06] [INFO] [JsonDatabase] Finished initializing JsonDatabase
[2025-04-02 00:23:06] [INFO] [Component] Setting bdd3d503-424b-490d-93bb-c7bc2a560ac1 on to 858a08dc-4552-407a-81eb-840685089e02.
[2025-04-02 00:23:06] [INFO] [SpeedQueue] Added unit enemy:Zasrg into queue
[2025-04-02 00:23:06] [INFO] [Component] Setting 4716ccb1-04c1-4803-84b0-d76d314d759c on to 03018424-73f8-4c7f-9599-f3aac22886ae.
[2025-04-02 00:23:06] [INFO] [SpeedQueue] Added unit enemy:Juzee into queue
[2025-04-02 00:23:06] [INFO] [Component] Setting 9659ba84-c8ff-4cda-b2c6-485bb7fcff7a on to 48711c02-accc-40c1-a9dc-f098e947960a.
[2025-04-02 00:23:06] [INFO] [SpeedQueue] Added unit enemy:Jeuky into queue
[2025-04-02 00:23:06] [INFO] [Component] Setting 3d390a6b-faca-4f78-aca3-d8d5e17d1e71 on to 4dbb2eaa-6a64-4528-8506-37f1e8666b9d.
[2025-04-02 00:23:06] [INFO] [SpeedQueue] Added unit enemy:Xeyhlo into queue
[2025-04-02 00:23:06] [INFO] [Component] Setting ae962308-9c91-4a48-b4da-94072532e868 on to 42fcad2a-7f58-44ca-a5db-358e67e1b359.
[2025-04-02 00:23:06] [INFO] [SpeedQueue] Added unit user:Cibv into queue
[2025-04-02 00:23:06] [INFO] [Component] Setting c2feaadb-43d6-4134-a441-9bed94d9e70a on to c5c79c7e-d3b9-4a8d-827b-4b8756e4f308.
[2025-04-02 00:23:06] [INFO] [SpeedQueue] Added unit user:Ouiqi into queue
[2025-04-02 00:23:06] [INFO] [Component] Setting 7e6e4f84-cf04-4a99-9903-248d18f8a2dd on to c25150c6-97ef-44c3-97be-33c05ab3d3d1.
[2025