[2025-03-11 22:15:05] [INFO] [AssetPool] Started initializing AssetPool
[2025-03-11 22:15:05] [INFO] [Engine] HEAP ALLOCATION INCREASED! 1.0 GB of 16.0 GB used
[2025-03-11 22:15:05] [INFO] [SpriteSheetOG] Started loading Sprite's from ./res/graphics
[2025-03-11 22:15:05] [INFO] [SpriteSheetOG] Finished reading files for sprites
[2025-03-11 22:15:05] [INFO] [Sprite] Finished loading ./res/graphics/misc/blue_reticle.png
[2025-03-11 22:15:05] [INFO] [Sprite] Finished loading ./res/graphics/misc/pink_spawn.png
[2025-03-11 22:15:05] [INFO] [Sprite] Finished loading ./res/graphics/misc/reticle.png
[2025-03-11 22:15:05] [INFO] [Sprite] Finished loading ./res/graphics/misc/yellow_spawn.png
[2025-03-11 22:15:05] [INFO] [Sprite] Finished loading ./res/graphics/misc/blue_spawn.png
[2025-03-11 22:15:05] [INFO] [Sprite] Finished loading ./res/graphics/misc/red_reticle.png
[2025-03-11 22:15:05] [INFO] [Sprite] Finished loading ./res/graphics/misc/depth_shadows.png
[2025-03-11 22:15:05] [INFO] [Sprite] Finished loading ./res/graphics/misc/yellow_reticle.png
[2025-03-11 22:15:05] [INFO] [Sprite] Finished loading ./res/graphics/misc/red_spawn.png
[2025-03-11 22:15:05] [INFO] [Sprite] Finished loading ./res/graphics/misc/directional_shadows.png
[2025-03-11 22:15:05] [INFO] [Sprite] Finished loading ./res/graphics/shadows/northwest.png
[2025-03-11 22:15:05] [INFO] [Sprite] Finished loading ./res/graphics/shadows/west.png
[2025-03-11 22:15:05] [INFO] [Sprite] Finished loading ./res/graphics/shadows/north.png
[2025-03-11 22:15:05] [INFO] [Sprite] Finished loading ./res/graphics/shadows/east.png
[2025-03-11 22:15:05] [INFO] [Sprite] Finished loading ./res/graphics/shadows/northeast.png
[2025-03-11 22:15:05] [INFO] [Sprite] Finished loading ./res/graphics/shadows/south.png
[2025-03-11 22:15:05] [INFO] [Sprite] Finished loading ./res/graphics/shadows/southwest.png
[2025-03-11 22:15:05] [INFO] [Sprite] Finished loading ./res/graphics/shadows/southeast.png
[2025-03-11 22:15:05] [INFO] [Sprite] Finished loading ./res/graphics/structures/tree3_structure.png
[2025-03-11 22:15:05] [INFO] [Sprite] Finished loading ./res/graphics/structures/tree4_structure.png
[2025-03-11 22:15:05] [INFO] [Sprite] Finished loading ./res/graphics/structures/tree1_structure.png
[2025-03-11 22:15:05] [INFO] [Sprite] Finished loading ./res/graphics/structures/tree5_structure.png
[2025-03-11 22:15:05] [INFO] [Sprite] Finished loading ./res/graphics/structures/tree2_structure.png
[2025-03-11 22:15:05] [INFO] [Sprite] Finished loading ./res/graphics/structures/tree6_structure.png
[2025-03-11 22:15:05] [INFO] [Sprite] Finished loading ./res/graphics/wall_tiles/rock_wall2.png
[2025-03-11 22:15:05] [INFO] [Sprite] Finished loading ./res/graphics/wall_tiles/sandstone_wall.png
[2025-03-11 22:15:05] [INFO] [Sprite] Finished loading ./res/graphics/wall_tiles/elden_yellow_wall.png
[2025-03-11 22:15:05] [INFO] [Sprite] Finished loading ./res/graphics/wall_tiles/vine_on_wall.png
[2025-03-11 22:15:05] [INFO] [Sprite] Finished loading ./res/graphics/wall_tiles/boulder_wall.png
[2025-03-11 22:15:05] [INFO] [Sprite] Finished loading ./res/graphics/wall_tiles/white_marble_wall.png
[2025-03-11 22:15:05] [INFO] [Sprite] Finished loading ./res/graphics/wall_tiles/elden_green_wall.png
[2025-03-11 22:15:05] [INFO] [Sprite] Finished loading ./res/graphics/wall_tiles/brown_marble_wall.png
[2025-03-11 22:15:05] [INFO] [Sprite] Finished loading ./res/graphics/wall_tiles/small_brick_wall.png
[2025-03-11 22:15:05] [INFO] [Sprite] Finished loading ./res/graphics/wall_tiles/moss_wall.png
[2025-03-11 22:15:05] [INFO] [Sprite] Finished loading ./res/graphics/wall_tiles/dirt_brick_vine_wall.png
[2025-03-11 22:15:05] [INFO] [Sprite] Finished loading ./res/graphics/wall_tiles/elden_purple_wall.png
[2025-03-11 22:15:05] [INFO] [Sprite] Finished loading ./res/graphics/wall_tiles/large_brick_wall.png
[2025-03-11 22:15:05] [INFO] [Sprite] Finished loading ./res/graphics/wall_tiles/dirt_wall.png
[2025-03-11 22:15:05] [INFO] [Sprite] Finished loading ./res/graphics/wall_tiles/alien_wall.png
[2025-03-11 22:15:05] [INFO] [Sprite] Finished loading ./res/graphics/wall_tiles/industrial_brick_wall.png
[2025-03-11 22:15:05] [INFO] [Sprite] Finished loading ./res/graphics/wall_tiles/rock_wall.png
[2025-03-11 22:15:05] [INFO] [Sprite] Finished loading ./res/graphics/wall_tiles/dirt_wall2.png
[2025-03-11 22:15:05] [INFO] [Sprite] Finished loading ./res/graphics/wall_tiles/moss_wall2.png
[2025-03-11 22:15:05] [INFO] [Sprite] Finished loading ./res/graphics/wall_tiles/moss_wall3.png
[2025-03-11 22:15:05] [INFO] [Sprite] Finished loading ./res/graphics/wall_tiles/no_wall.png
[2025-03-11 22:15:05] [INFO] [Sprite] Finished loading ./res/graphics/wall_tiles/alien_rune_wall.png
[2025-03-11 22:15:05] [INFO] [Sprite] Finished loading ./res/graphics/wall_tiles/industrial_wall.png
[2025-03-11 22:15:05] [INFO] [Sprite] Finished loading ./res/graphics/wall_tiles/small_brick_wall2.png
[2025-03-11 22:15:05] [INFO] [Sprite] Finished loading ./res/graphics/old/liquids 2.png
[2025-03-11 22:15:05] [INFO] [Sprite] Finished loading ./res/graphics/old/gems.png
[2025-03-11 22:15:05] [INFO] [Sprite] Finished loading ./res/graphics/old/floors.png
[2025-03-11 22:15:05] [INFO] [Sprite] Finished loading ./res/graphics/old/terrains.png
[2025-03-11 22:15:05] [INFO] [Sprite] Finished loading ./res/graphics/old/gemsRaw.png
[2025-03-11 22:15:05] [INFO] [Sprite] Finished loading ./res/graphics/old/walls.png
[2025-03-11 22:15:05] [INFO] [Sprite] Finished loading ./res/graphics/old/special2.png
[2025-03-11 22:15:05] [INFO] [Sprite] Finished loading ./res/graphics/old/structures.png
[2025-03-11 22:15:05] [INFO] [Sprite] Finished loading ./res/graphics/old/special.png
[2025-03-11 22:15:05] [INFO] [Sprite] Finished loading ./res/graphics/old/liquids.png
[2025-03-11 22:15:05] [INFO] [Sprite] Finished loading ./res/graphics/old/units.png
[2025-03-11 22:15:05] [INFO] [Sprite] Finished loading ./res/graphics/old/terrains2.png
[2025-03-11 22:15:05] [INFO] [Sprite] Finished loading ./res/graphics/old/floors2.png
[2025-03-11 22:15:05] [INFO] [Sprite] Finished loading ./res/graphics/floor_tiles/sand_1_floor.png
[2025-03-11 22:15:05] [INFO] [Sprite] Finished loading ./res/graphics/floor_tiles/sand_dark_floor.png
[2025-03-11 22:15:05] [INFO] [Sprite] Finished loading ./res/graphics/floor_tiles/dirty_grass_1_floor.png
[2025-03-11 22:15:05] [INFO] [Sprite] Finished loading ./res/graphics/floor_tiles/white_sand_floor.png
[2025-03-11 22:15:05] [INFO] [Sprite] Finished loading ./res/graphics/floor_tiles/white_sands_2.png
[2025-03-11 22:15:05] [INFO] [Sprite] Finished loading ./res/graphics/floor_tiles/dirty_grass_2_floor.png
[2025-03-11 22:15:05] [INFO] [Sprite] Finished loading ./res/graphics/floor_tiles/sand_3_floor.png
[2025-03-11 22:15:05] [INFO] [Sprite] Finished loading ./res/graphics/floor_tiles/obsidian_floor.png
[2025-03-11 22:15:05] [INFO] [Sprite] Finished loading ./res/graphics/floor_tiles/base_floor.png
[2025-03-11 22:15:05] [INFO] [Sprite] Finished loading ./res/graphics/floor_tiles/sand_floor.png
[2025-03-11 22:15:05] [INFO] [Sprite] Finished loading ./res/graphics/floor_tiles/dirty_grass_3_floor.png
[2025-03-11 22:15:05] [INFO] [Sprite] Finished loading ./res/graphics/floor_tiles/sand_2_floor.png
[2025-03-11 22:15:05] [INFO] [Sprite] Finished loading ./res/graphics/units/Air_Dragon.png
[2025-03-11 22:15:05] [INFO] [Sprite] Finished loading ./res/graphics/units/Dragon.png
[2025-03-11 22:15:05] [INFO] [Sprite] Finished loading ./res/graphics/units/Dark_Dragon.png
[2025-03-11 22:15:05] [INFO] [Sprite] Finished loading ./res/graphics/units/Earth_Dragon.png
[2025-03-11 22:15:05] [INFO] [Sprite] Finished loading ./res/graphics/units/Light_Dragon.png
[2025-03-11 22:15:05] [INFO] [Sprite] Finished loading ./res/graphics/units/Water_Dragon.png
[2025-03-11 22:15:05] [INFO] [Sprite] Finished loading ./res/graphics/units/Fire_Dragon.png
[2025-03-11 22:15:05] [INFO] [Sprite] Finished loading ./res/graphics/actions/StatsDown.png
[2025-03-11 22:15:05] [INFO] [Sprite] Finished loading ./res/graphics/actions/PhysicalHit4.png
[2025-03-11 22:15:05] [INFO] [Sprite] Finished loading ./res/graphics/actions/Slash.png
[2025-03-11 22:15:05] [INFO] [Sprite] Finished loading ./res/graphics/actions/Air.png
[2025-03-11 22:15:05] [INFO] [Sprite] Finished loading ./res/graphics/actions/Dark.png
[2025-03-11 22:15:05] [INFO] [Sprite] Finished loading ./res/graphics/actions/Blunt.png
[2025-03-11 22:15:05] [INFO] [Sprite] Finished loading ./res/graphics/actions/Fire.png
[2025-03-11 22:15:05] [INFO] [Sprite] Finished loading ./res/graphics/actions/Earth.png
[2025-03-11 22:15:05] [INFO] [Sprite] Finished loading ./res/graphics/actions/Light.png
[2025-03-11 22:15:05] [INFO] [Sprite] Finished loading ./res/graphics/actions/StatsUp.png
[2025-03-11 22:15:05] [INFO] [Sprite] Finished loading ./res/graphics/actions/Water.png
[2025-03-11 22:15:05] [INFO] [Sprite] Finished loading ./res/graphics/actions/Pierce.png
[2025-03-11 22:15:05] [INFO] [Sprite] Finished loading ./res/graphics/spells/LightSpell.png
[2025-03-11 22:15:05] [INFO] [Sprite] Finished loading ./res/graphics/spells/StatsDown.png
[2025-03-11 22:15:05] [INFO] [Sprite] Finished loading ./res/graphics/spells/WindSpell.png
[2025-03-11 22:15:05] [INFO] [Sprite] Finished loading ./res/graphics/spells/WaterSpell.png
[2025-03-11 22:15:05] [INFO] [Sprite] Finished loading ./res/graphics/spells/PhysicalHit4.png
[2025-03-11 22:15:05] [INFO] [Sprite] Finished loading ./res/graphics/spells/PhysicalHit1.png
[2025-03-11 22:15:05] [INFO] [Sprite] Finished loading ./res/graphics/spells/LightningSpell.png
[2025-03-11 22:15:05] [INFO] [Sprite] Finished loading ./res/graphics/spells/PhysicalHit3.png
[2025-03-11 22:15:05] [INFO] [Sprite] Finished loading ./res/graphics/spells/PhysicalHit2.png
[2025-03-11 22:15:05] [INFO] [Sprite] Finished loading ./res/graphics/spells/FireSpell.png
[2025-03-11 22:15:05] [INFO] [Sprite] Finished loading ./res/graphics/spells/DarkSpell.png
[2025-03-11 22:15:05] [INFO] [Sprite] Finished loading ./res/graphics/spells/StatsUp.png
[2025-03-11 22:15:05] [INFO] [Sprite] Finished loading ./res/graphics/spells/EarthSpell.png
[2025-03-11 22:15:05] [INFO] [Sprite] Finished loading ./res/graphics/liquids/greater_leafage_liquid.png
[2025-03-11 22:15:05] [INFO] [Sprite] Finished loading ./res/graphics/liquids/waterV4_liquid.png
[2025-03-11 22:15:05] [INFO] [Sprite] Finished loading ./res/graphics/liquids/shallow_swamp.png
[2025-03-11 22:15:05] [INFO] [Sprite] Finished loading ./res/graphics/liquids/water5.png
[2025-03-11 22:15:05] [INFO] [Sprite] Finished loading ./res/graphics/liquids/swamp_2.png
[2025-03-11 22:15:05] [INFO] [Sprite] Finished loading ./res/graphics/liquids/Lava_liquid.png
[2025-03-11 22:15:05] [INFO] [Sprite] Finished loading ./res/graphics/liquids/swamp2.png
[2025-03-11 22:15:05] [INFO] [Sprite] Finished loading ./res/graphics/liquids/waterV33_liquid.png
[2025-03-11 22:15:05] [INFO] [Sprite] Finished loading ./res/graphics/liquids/shallow_water_liquid.png
[2025-03-11 22:15:05] [INFO] [Sprite] Finished loading ./res/graphics/liquids/water_liquid.png
[2025-03-11 22:15:05] [INFO] [Sprite] Finished loading ./res/graphics/liquids/waterV2_liquid.png
[2025-03-11 22:15:05] [INFO] [Sprite] Finished loading ./res/graphics/liquids/swamp2_liquid.png
[2025-03-11 22:15:05] [INFO] [SpriteSheetOG] Finished loading ./res/graphics
[2025-03-11 22:15:05] [INFO] [AssetPool] Finished initializing AssetPool
[2025-03-11 22:15:05] [INFO] [FontPoolV1] Started initializing FontPoolV1
[2025-03-11 22:15:05] [INFO] [FontPoolV1] Finished initializing FontPoolV1
[2025-03-11 22:15:05] [INFO] [UnitDatabase] Started initializing UnitDatabase
[2025-03-11 22:15:05] [INFO] [UnitDatabase] Successfully initialized UnitDatabase
[2025-03-11 22:15:05] [INFO] [UnitDatabase] Finished initializing UnitDatabase
[2025-03-11 22:15:05] [INFO] [JsonDatabase] Started initializing JsonDatabase
[2025-03-11 22:15:05] [INFO] [JsonTable] Started initializing JsonTable
[2025-03-11 22:15:05] [INFO] [JsonTable] Successfully initialized JsonTable
[2025-03-11 22:15:05] [INFO] [JsonTable] Finished initializing JsonTable
[2025-03-11 22:15:05] [INFO] [JsonTable] Started initializing JsonTable
[2025-03-11 22:15:05] [INFO] [JsonTable] Successfully initialized JsonTable
[2025-03-11 22:15:05] [INFO] [JsonTable] Finished initializing JsonTable
[2025-03-11 22:15:05] [INFO] [JsonTable] Started initializing JsonTable
[2025-03-11 22:15:05] [INFO] [JsonTable] Successfully initialized JsonTable
[2025-03-11 22:15:05] [INFO] [JsonTable] Finished initializing JsonTable
[2025-03-11 22:15:05] [INFO] [JsonDatabase] Successfully initialized JsonDatabase
[2025-03-11 22:15:05] [INFO] [JsonDatabase] Finished initializing JsonDatabase
[2025-03-11 22:15:05] [INFO] [Component] Setting c791675b-bde2-4c8a-9798-a7347fae53da on to 78e21a14-d9f0-485f-9ce7-0d4d0c195f16.
[2025-03-11 22:15:05] [INFO] [SpeedQueue] Added unit enemy:Lepii into queue
[2025-03-11 22:15:05] [INFO] [Component] Setting cfbbb6ef-4d69-4f37-91e6-011e527c7100 on to 2a600573-cf9d-4cfb-8e80-7525d01137f5.
[2025-03-11 22:15:05] [INFO] [SpeedQueue] Added unit enemy:Dywyb into queue
[2025-03-11 22:15:05] [INFO] [Component] Setting 4751af9f-29fd-47f0-8cdd-c270bbcd5b77 on to 4f2beec9-0aae-417f-8180-748946993515.
[2025-03-11 22:15:05] [INFO] [SpeedQueue] Added unit enemy:Xyuugd into queue
[2025-03-11 22:15:05] [INFO] [Component] Setting dc7d135f-375b-4d70-805b-811e1450d59c on to 8d04d466-5ef6-4b20-87c5-293c3ab51592.
[2025-03-11 22:15:05] [INFO] [SpeedQueue] Added unit enemy:Quzuua into queue
[2025-03-11 22:15:05] [INFO] [Component] Setting e60b1625-813a-4032-af51-4b3d02557a83 on to 12817184-f286-4439-8fc9-edc9b994f9e9.
[2025-03-11 22:15:05] [INFO] [SpeedQueue] Added unit user:Oiqyu into queue
[2025-03-11 22:15:05] [INFO] [Component] Setting abe5cc10-2ec7-4be0-a83e-d7b90cd862e1 on to 2dfb7f98-5896-46d9-bb55-c012f322e90a.
[2025-03-11 22:15:05] [INFO] [SpeedQueue] Added unit user:Cagoey into queue
[2025-03-11 22:15:05] [INFO] [Component] Setting 94323b75-f64b-4bc4-a931-ddff514d3d40 on to cdd123e3-c4e7-4633-bd8a-5d234fcc8c78.
[2025-03-11 22:15:05] [INFO] [SpeedQueue] Added unit user:Sopue into queue
[2025-03-11 22:15:05] [INFO] [Component] Setting 61a95f47-e433-410e-a658-2451436a9a34 on to d2ecf363-1954-47fa-b5bf-87e5a693567a.
[2025-03-11 22:15:05] [INFO] [SpeedQueue] Added unit user:Wiwyae into queue
[2025-03-11 22:15:05] [INFO] [FontPool] Started initializing FontPool
[2025-03-11 22:15:05] [INFO] [FontPool] ✅ Successfully loaded font: Lilian
[2025-03-11 22:15:06] [INFO] [SpeedQueue] Speed queue updated.
[2025-03-11 22:15:06] [INFO] [VisualsSystem] Started creating blurred background
[2025-03-11 22:15:06] [INFO] [TimeLinePanel] Started updating the timeline panel after turn order has changed.
[2025-03-11 22:15:06] [INFO] [TimeLinePanel] Finished updating the timeline panel after turn order has changed.
[2025-03-11 22:15:06] [INFO] [SelectedTilePanel] Checksum updated, getting units at selected tiles.
[2025-03-11 22:15:06] [INFO] [SelectedTilePanel] Either no unit selected or more than one unit selected
[2025-03-11 22:15:06] [INFO] [LesserStatisticsInformationPanel] Checksum has been updated, querying statistics for unit abe5cc10-2ec7-4be0-a83e-d7b90cd862e1
[2025-03-11 22:15:06] [INFO] [LesserStatisticsInformationPanel] Finished updating Greater UI
[2025-03-11 22:15:07] [INFO] [VisualsSystem] Finished creating blurred background after 0.49905088543891907 seconds
[2025-03-11 22:15:09] [INFO] [SelectedTilePanel] Checksum updated, getting units at selected tiles.
[2025-03-11 22:15:09] [INFO] [SelectedTilePanel] Updated selected tile display to view Quzuua
[2025-03-11 22:15:11] [INFO] [SelectedTilePanel] Checksum updated, getting units at selected tiles.
[2025-03-11 22:15:11] [INFO] [SelectedTilePanel] Updated selected tile display to view Dywyb
[2025-03-11 22:15:12] [INFO] [SelectedTilePanel] Checksum updated, getting units at selected tiles.
[2025-03-11 22:15:12] [INFO] [SelectedTilePanel] Updated selected tile display to view Sopue
[2025-03-11 22:15:16] [INFO] [Main] {
  "map.generation.zoom": 0.75,
  "map.generation.min.height": -10,
  "hovered.tiles": ["6b2e0b20-640c-4b3b-b569-c4f06f1bd208"],
  "view_sprite_height": 96,
  "delta_time": 0.015732083,
  "map.generation.starting.camerra.height": 950,
  "spawn.placement.policy": "everywhere",
  "gameplay.water.level": 0,
  "statistics.panel.is.open": false,
  "automatically.go.to.home.controls": false,
  "camera_map": {
    "main_camera": {},
    "selection_camera": {}
  },
  "map.generation.starting.y": 0,
  "map.generation.base.level": 1,
  "map.generation.starting.x": 0,
  "show.heights": true,
  "hide.gameplay.ui": true,
  "tile.to.glide.to": "",
  "map.generation.max.height": 10,
  "selected.tiles.checksum": 1463565788,
  "map.generation.base.terrain": "dirty_grass_1_floor",
  "debug_mode_for_the_game_state": false,
  "movement.panel.is.open": false,
  "gameplay.rows": 10,
  "view_sprite_width": 96,
  "map.generation.starting.sprite.width": 96,
  "ability.panel.is.open": false,
  "gameplay.mode": "gameplay.mode.regular",
  "map.generation.structure.assets": ["tree4_structure"],
  "floating_text_map": {},
  "map.center.on.startup": true,
  "gameplay.columns": 10,
  "gameplay.water.asset": "water_liquid",
  "selected.tiles": ["cdd123e3-c4e7-4633-bd8a-5d234fcc8c78"],
  "map.generation.starting.camera.width": 1500,
  "selected_ability_from_ui": "",
  "map.generation.starting.sprite.height": 96,
  "map.generation.use.noise": true,
  "floating_text_font_size": 30,
  "map.generation.base.asset": "base_floor"
}
