[2025-03-03 10:03:50] [INFO] [AssetPool] Started initializing AssetPool
[2025-03-03 10:03:50] [INFO] [Engine] HEAP ALLOCATION INCREASED! 1.0 GB of 16.0 GB used
[2025-03-03 10:03:50] [INFO] [SpriteSheetOG] Started loading Sprite's from ./res/graphics
[2025-03-03 10:03:50] [INFO] [SpriteSheetOG] Finished reading files for sprites
[2025-03-03 10:03:50] [INFO] [Sprite] Finished loading ./res/graphics/misc/blue_reticle.png
[2025-03-03 10:03:50] [INFO] [Sprite] Finished loading ./res/graphics/misc/pink_spawn.png
[2025-03-03 10:03:50] [INFO] [Sprite] Finished loading ./res/graphics/misc/reticle.png
[2025-03-03 10:03:50] [INFO] [Sprite] Finished loading ./res/graphics/misc/yellow_spawn.png
[2025-03-03 10:03:50] [INFO] [Sprite] Finished loading ./res/graphics/misc/blue_spawn.png
[2025-03-03 10:03:50] [INFO] [Sprite] Finished loading ./res/graphics/misc/red_reticle.png
[2025-03-03 10:03:50] [INFO] [Sprite] Finished loading ./res/graphics/misc/depth_shadows.png
[2025-03-03 10:03:50] [INFO] [Sprite] Finished loading ./res/graphics/misc/yellow_reticle.png
[2025-03-03 10:03:50] [INFO] [Sprite] Finished loading ./res/graphics/misc/red_spawn.png
[2025-03-03 10:03:50] [INFO] [Sprite] Finished loading ./res/graphics/misc/directional_shadows.png
[2025-03-03 10:03:50] [INFO] [Sprite] Finished loading ./res/graphics/shadows/northwest.png
[2025-03-03 10:03:50] [INFO] [Sprite] Finished loading ./res/graphics/shadows/west.png
[2025-03-03 10:03:50] [INFO] [Sprite] Finished loading ./res/graphics/shadows/north.png
[2025-03-03 10:03:50] [INFO] [Sprite] Finished loading ./res/graphics/shadows/east.png
[2025-03-03 10:03:50] [INFO] [Sprite] Finished loading ./res/graphics/shadows/northeast.png
[2025-03-03 10:03:50] [INFO] [Sprite] Finished loading ./res/graphics/shadows/south.png
[2025-03-03 10:03:50] [INFO] [Sprite] Finished loading ./res/graphics/shadows/southwest.png
[2025-03-03 10:03:50] [INFO] [Sprite] Finished loading ./res/graphics/shadows/southeast.png
[2025-03-03 10:03:50] [INFO] [Sprite] Finished loading ./res/graphics/structures/tree3_structure.png
[2025-03-03 10:03:50] [INFO] [Sprite] Finished loading ./res/graphics/structures/tree4_structure.png
[2025-03-03 10:03:50] [INFO] [Sprite] Finished loading ./res/graphics/structures/tree1_structure.png
[2025-03-03 10:03:50] [INFO] [Sprite] Finished loading ./res/graphics/structures/tree5_structure.png
[2025-03-03 10:03:50] [INFO] [Sprite] Finished loading ./res/graphics/structures/tree2_structure.png
[2025-03-03 10:03:50] [INFO] [Sprite] Finished loading ./res/graphics/structures/tree6_structure.png
[2025-03-03 10:03:50] [INFO] [Sprite] Finished loading ./res/graphics/wall_tiles/rock_wall2.png
[2025-03-03 10:03:50] [INFO] [Sprite] Finished loading ./res/graphics/wall_tiles/sandstone_wall.png
[2025-03-03 10:03:50] [INFO] [Sprite] Finished loading ./res/graphics/wall_tiles/elden_yellow_wall.png
[2025-03-03 10:03:50] [INFO] [Sprite] Finished loading ./res/graphics/wall_tiles/vine_on_wall.png
[2025-03-03 10:03:50] [INFO] [Sprite] Finished loading ./res/graphics/wall_tiles/boulder_wall.png
[2025-03-03 10:03:50] [INFO] [Sprite] Finished loading ./res/graphics/wall_tiles/white_marble_wall.png
[2025-03-03 10:03:50] [INFO] [Sprite] Finished loading ./res/graphics/wall_tiles/elden_green_wall.png
[2025-03-03 10:03:50] [INFO] [Sprite] Finished loading ./res/graphics/wall_tiles/brown_marble_wall.png
[2025-03-03 10:03:50] [INFO] [Sprite] Finished loading ./res/graphics/wall_tiles/small_brick_wall.png
[2025-03-03 10:03:50] [INFO] [Sprite] Finished loading ./res/graphics/wall_tiles/moss_wall.png
[2025-03-03 10:03:50] [INFO] [Sprite] Finished loading ./res/graphics/wall_tiles/dirt_brick_vine_wall.png
[2025-03-03 10:03:50] [INFO] [Sprite] Finished loading ./res/graphics/wall_tiles/elden_purple_wall.png
[2025-03-03 10:03:50] [INFO] [Sprite] Finished loading ./res/graphics/wall_tiles/large_brick_wall.png
[2025-03-03 10:03:50] [INFO] [Sprite] Finished loading ./res/graphics/wall_tiles/dirt_wall.png
[2025-03-03 10:03:50] [INFO] [Sprite] Finished loading ./res/graphics/wall_tiles/alien_wall.png
[2025-03-03 10:03:50] [INFO] [Sprite] Finished loading ./res/graphics/wall_tiles/industrial_brick_wall.png
[2025-03-03 10:03:50] [INFO] [Sprite] Finished loading ./res/graphics/wall_tiles/rock_wall.png
[2025-03-03 10:03:50] [INFO] [Sprite] Finished loading ./res/graphics/wall_tiles/dirt_wall2.png
[2025-03-03 10:03:50] [INFO] [Sprite] Finished loading ./res/graphics/wall_tiles/moss_wall2.png
[2025-03-03 10:03:50] [INFO] [Sprite] Finished loading ./res/graphics/wall_tiles/moss_wall3.png
[2025-03-03 10:03:50] [INFO] [Sprite] Finished loading ./res/graphics/wall_tiles/no_wall.png
[2025-03-03 10:03:50] [INFO] [Sprite] Finished loading ./res/graphics/wall_tiles/alien_rune_wall.png
[2025-03-03 10:03:50] [INFO] [Sprite] Finished loading ./res/graphics/wall_tiles/industrial_wall.png
[2025-03-03 10:03:50] [INFO] [Sprite] Finished loading ./res/graphics/wall_tiles/small_brick_wall2.png
[2025-03-03 10:03:50] [INFO] [Sprite] Finished loading ./res/graphics/old/liquids 2.png
[2025-03-03 10:03:50] [INFO] [Sprite] Finished loading ./res/graphics/old/gems.png
[2025-03-03 10:03:50] [INFO] [Sprite] Finished loading ./res/graphics/old/floors.png
[2025-03-03 10:03:50] [INFO] [Sprite] Finished loading ./res/graphics/old/terrains.png
[2025-03-03 10:03:50] [INFO] [Sprite] Finished loading ./res/graphics/old/gemsRaw.png
[2025-03-03 10:03:50] [INFO] [Sprite] Finished loading ./res/graphics/old/walls.png
[2025-03-03 10:03:50] [INFO] [Sprite] Finished loading ./res/graphics/old/special2.png
[2025-03-03 10:03:50] [INFO] [Sprite] Finished loading ./res/graphics/old/structures.png
[2025-03-03 10:03:50] [INFO] [Sprite] Finished loading ./res/graphics/old/special.png
[2025-03-03 10:03:50] [INFO] [Sprite] Finished loading ./res/graphics/old/liquids.png
[2025-03-03 10:03:50] [INFO] [Sprite] Finished loading ./res/graphics/old/units.png
[2025-03-03 10:03:50] [INFO] [Sprite] Finished loading ./res/graphics/old/terrains2.png
[2025-03-03 10:03:50] [INFO] [Sprite] Finished loading ./res/graphics/old/floors2.png
[2025-03-03 10:03:50] [INFO] [Sprite] Finished loading ./res/graphics/floor_tiles/sand_1_floor.png
[2025-03-03 10:03:50] [INFO] [Sprite] Finished loading ./res/graphics/floor_tiles/sand_dark_floor.png
[2025-03-03 10:03:50] [INFO] [Sprite] Finished loading ./res/graphics/floor_tiles/dirty_grass_1_floor.png
[2025-03-03 10:03:50] [INFO] [Sprite] Finished loading ./res/graphics/floor_tiles/white_sand_floor.png
[2025-03-03 10:03:50] [INFO] [Sprite] Finished loading ./res/graphics/floor_tiles/white_sands_2.png
[2025-03-03 10:03:50] [INFO] [Sprite] Finished loading ./res/graphics/floor_tiles/dirty_grass_2_floor.png
[2025-03-03 10:03:50] [INFO] [Sprite] Finished loading ./res/graphics/floor_tiles/sand_3_floor.png
[2025-03-03 10:03:50] [INFO] [Sprite] Finished loading ./res/graphics/floor_tiles/obsidian_floor.png
[2025-03-03 10:03:50] [INFO] [Sprite] Finished loading ./res/graphics/floor_tiles/base_floor.png
[2025-03-03 10:03:50] [INFO] [Sprite] Finished loading ./res/graphics/floor_tiles/sand_floor.png
[2025-03-03 10:03:50] [INFO] [Sprite] Finished loading ./res/graphics/floor_tiles/dirty_grass_3_floor.png
[2025-03-03 10:03:50] [INFO] [Sprite] Finished loading ./res/graphics/floor_tiles/sand_2_floor.png
[2025-03-03 10:03:50] [INFO] [Sprite] Finished loading ./res/graphics/units/Air_Dragon.png
[2025-03-03 10:03:50] [INFO] [Sprite] Finished loading ./res/graphics/units/Dragon.png
[2025-03-03 10:03:50] [INFO] [Sprite] Finished loading ./res/graphics/units/Dark_Dragon.png
[2025-03-03 10:03:50] [INFO] [Sprite] Finished loading ./res/graphics/units/Earth_Dragon.png
[2025-03-03 10:03:50] [INFO] [Sprite] Finished loading ./res/graphics/units/Light_Dragon.png
[2025-03-03 10:03:50] [INFO] [Sprite] Finished loading ./res/graphics/units/Water_Dragon.png
[2025-03-03 10:03:50] [INFO] [Sprite] Finished loading ./res/graphics/units/Fire_Dragon.png
[2025-03-03 10:03:50] [INFO] [Sprite] Finished loading ./res/graphics/actions/StatsDown.png
[2025-03-03 10:03:50] [INFO] [Sprite] Finished loading ./res/graphics/actions/PhysicalHit4.png
[2025-03-03 10:03:50] [INFO] [Sprite] Finished loading ./res/graphics/actions/Slash.png
[2025-03-03 10:03:50] [INFO] [Sprite] Finished loading ./res/graphics/actions/Air.png
[2025-03-03 10:03:50] [INFO] [Sprite] Finished loading ./res/graphics/actions/Dark.png
[2025-03-03 10:03:50] [INFO] [Sprite] Finished loading ./res/graphics/actions/Blunt.png
[2025-03-03 10:03:50] [INFO] [Sprite] Finished loading ./res/graphics/actions/Fire.png
[2025-03-03 10:03:50] [INFO] [Sprite] Finished loading ./res/graphics/actions/Earth.png
[2025-03-03 10:03:50] [INFO] [Sprite] Finished loading ./res/graphics/actions/Light.png
[2025-03-03 10:03:50] [INFO] [Sprite] Finished loading ./res/graphics/actions/StatsUp.png
[2025-03-03 10:03:50] [INFO] [Sprite] Finished loading ./res/graphics/actions/Water.png
[2025-03-03 10:03:50] [INFO] [Sprite] Finished loading ./res/graphics/actions/Pierce.png
[2025-03-03 10:03:50] [INFO] [Sprite] Finished loading ./res/graphics/spells/LightSpell.png
[2025-03-03 10:03:50] [INFO] [Sprite] Finished loading ./res/graphics/spells/StatsDown.png
[2025-03-03 10:03:50] [INFO] [Sprite] Finished loading ./res/graphics/spells/WindSpell.png
[2025-03-03 10:03:50] [INFO] [Sprite] Finished loading ./res/graphics/spells/WaterSpell.png
[2025-03-03 10:03:50] [INFO] [Sprite] Finished loading ./res/graphics/spells/PhysicalHit4.png
[2025-03-03 10:03:50] [INFO] [Sprite] Finished loading ./res/graphics/spells/PhysicalHit1.png
[2025-03-03 10:03:50] [INFO] [Sprite] Finished loading ./res/graphics/spells/LightningSpell.png
[2025-03-03 10:03:50] [INFO] [Sprite] Finished loading ./res/graphics/spells/PhysicalHit3.png
[2025-03-03 10:03:50] [INFO] [Sprite] Finished loading ./res/graphics/spells/PhysicalHit2.png
[2025-03-03 10:03:50] [INFO] [Sprite] Finished loading ./res/graphics/spells/FireSpell.png
[2025-03-03 10:03:50] [INFO] [Sprite] Finished loading ./res/graphics/spells/DarkSpell.png
[2025-03-03 10:03:50] [INFO] [Sprite] Finished loading ./res/graphics/spells/StatsUp.png
[2025-03-03 10:03:50] [INFO] [Sprite] Finished loading ./res/graphics/spells/EarthSpell.png
[2025-03-03 10:03:50] [INFO] [Sprite] Finished loading ./res/graphics/liquids/greater_leafage_liquid.png
[2025-03-03 10:03:50] [INFO] [Sprite] Finished loading ./res/graphics/liquids/waterV4_liquid.png
[2025-03-03 10:03:50] [INFO] [Sprite] Finished loading ./res/graphics/liquids/shallow_swamp.png
[2025-03-03 10:03:50] [INFO] [Sprite] Finished loading ./res/graphics/liquids/water5.png
[2025-03-03 10:03:50] [INFO] [Sprite] Finished loading ./res/graphics/liquids/swamp_2.png
[2025-03-03 10:03:50] [INFO] [Sprite] Finished loading ./res/graphics/liquids/Lava_liquid.png
[2025-03-03 10:03:50] [INFO] [Sprite] Finished loading ./res/graphics/liquids/swamp2.png
[2025-03-03 10:03:50] [INFO] [Sprite] Finished loading ./res/graphics/liquids/waterV33_liquid.png
[2025-03-03 10:03:50] [INFO] [Sprite] Finished loading ./res/graphics/liquids/shallow_water_liquid.png
[2025-03-03 10:03:50] [INFO] [Sprite] Finished loading ./res/graphics/liquids/water_liquid.png
[2025-03-03 10:03:50] [INFO] [Sprite] Finished loading ./res/graphics/liquids/waterV2_liquid.png
[2025-03-03 10:03:50] [INFO] [Sprite] Finished loading ./res/graphics/liquids/swamp2_liquid.png
[2025-03-03 10:03:50] [INFO] [SpriteSheetOG] Finished loading ./res/graphics
[2025-03-03 10:03:50] [INFO] [AssetPool] Finished initializing AssetPool
[2025-03-03 10:03:50] [INFO] [FontPool] Started initializing FontPool
[2025-03-03 10:03:51] [INFO] [FontPool] Finished initializing FontPool
[2025-03-03 10:03:51] [INFO] [UnitDatabase] Started initializing UnitDatabase
[2025-03-03 10:03:51] [INFO] [UnitDatabase] Successfully initialized UnitDatabase
[2025-03-03 10:03:51] [INFO] [UnitDatabase] Finished initializing UnitDatabase
[2025-03-03 10:03:51] [INFO] [JsonDatabase] Started initializing JsonDatabase
[2025-03-03 10:03:51] [INFO] [JsonTable] Started initializing JsonTable
[2025-03-03 10:03:51] [INFO] [JsonTable] Successfully initialized JsonTable
[2025-03-03 10:03:51] [INFO] [JsonTable] Finished initializing JsonTable
[2025-03-03 10:03:51] [INFO] [JsonTable] Started initializing JsonTable
[2025-03-03 10:03:51] [INFO] [JsonTable] Successfully initialized JsonTable
[2025-03-03 10:03:51] [INFO] [JsonTable] Finished initializing JsonTable
[2025-03-03 10:03:51] [INFO] [JsonTable] Started initializing JsonTable
[2025-03-03 10:03:51] [INFO] [JsonTable] Successfully initialized JsonTable
[2025-03-03 10:03:51] [INFO] [JsonTable] Finished initializing JsonTable
[2025-03-03 10:03:51] [INFO] [JsonDatabase] Successfully initialized JsonDatabase
[2025-03-03 10:03:51] [INFO] [JsonDatabase] Finished initializing JsonDatabase
[2025-03-03 10:03:51] [INFO] [Component] Setting d1d14a5a-a9a5-416a-9577-6f352cf41459 on to 0bcc7607-202c-473a-bfc5-70066c4a250b.
[2025-03-03 10:03:51] [INFO] [Component] Setting 7b822477-6beb-41bb-bc9c-bc742cfb5691 on to 364c9fe9-379e-4769-8fef-40ede78b2462.
[2025-03-03 10:03:51] [INFO] [Component] Setting 95aae2c1-24a6-4056-b75e-8d2dd9d6f276 on to 31c39fcf-845c-4348-be22-a6d6c9c41d2e.
[2025-03-03 10:03:51] [INFO] [Component] Setting 1ed47f92-d0c9-444d-8859-034bc8a8b480 on to 3ed793e1-c849-4ae0-b406-7e1d2dd60932.
[2025-03-03 10:03:51] [INFO] [Component] Setting 07036c6b-dba0-4ba0-95bf-245666f31fc8 on to ee04d31f-712b-4efd-8c08-9b5227aa2086.
[2025-03-03 10:03:51] [INFO] [Component] Setting f5f9392f-bbc5-4baf-a020-d4e24189fc64 on to 2e0d4b4d-0aff-4dc8-a712-f3000154e761.
[2025-03-03 10:03:51] [INFO] [Component] Setting c40384c8-be1c-40f8-8b07-2c43422fbe9b on to ba74bea6-22c5-45c3-bae5-d726868f0a29.
[2025-03-03 10:03:51] [INFO] [Component] Setting a0fd8dbc-9483-494b-9ded-d27e6c14b6b4 on to 8eadb7e5-7313-4dc1-b160-3d03781ca94a.
[2025-03-03 10:03:51] [INFO] [Component] Setting 4e8964d1-1fa6-4d77-83ec-02687ba86b69 on to 39bfc69b-9c62-4087-8887-6947aa94698f.
[2025-03-03 10:03:51] [INFO] [FontPoolV2] Started initializing FontPoolV2
[2025-03-03 10:03:51] [INFO] [FontPoolV2] ✅ Successfully loaded font: Lilian
[2025-03-03 10:03:52] [INFO] [VisualsSystem] Started creating blurred background
[2025-03-03 10:03:52] [INFO] [VisualsSystem] Finished creating blurred background after 0.5006712675094604 seconds
[2025-03-03 10:03:55] [INFO] [MovementSystem] Sywy is planning to move from [3, 1] to null
[2025-03-03 10:03:55] [INFO] [MovementSystem] Updated movement area for Sywy
[2025-03-03 10:03:55] [INFO] [MovementSystem] Updated movement path for Sywy
[2025-03-03 10:03:56] [INFO] [MovementSystem] Sywy is planning to move from [3, 1] to [8, 9]
[2025-03-03 10:03:56] [INFO] [MovementSystem] Updated movement path for Sywy
[2025-03-03 10:03:56] [INFO] [MovementSystem] Sywy is planning to move from [3, 1] to [7, 8]
[2025-03-03 10:03:56] [INFO] [MovementSystem] Updated movement path for Sywy
[2025-03-03 10:03:56] [INFO] [MovementSystem] Sywy is planning to move from [3, 1] to [7, 7]
[2025-03-03 10:03:56] [INFO] [MovementSystem] Updated movement path for Sywy
[2025-03-03 10:03:56] [INFO] [MovementSystem] Sywy is planning to move from [3, 1] to [6, 6]
[2025-03-03 10:03:56] [INFO] [MovementSystem] Updated movement path for Sywy
[2025-03-03 10:03:56] [INFO] [MovementSystem] Sywy is planning to move from [3, 1] to [6, 5]
[2025-03-03 10:03:56] [INFO] [MovementSystem] Updated movement path for Sywy
[2025-03-03 10:03:56] [INFO] [MovementSystem] Sywy is planning to move from [3, 1] to [5, 5]
[2025-03-03 10:03:56] [INFO] [MovementSystem] Updated movement path for Sywy
[2025-03-03 10:03:56] [INFO] [MovementSystem] Sywy is planning to move from [3, 1] to [5, 4]
[2025-03-03 10:03:56] [INFO] [MovementSystem] Updated movement path for Sywy
[2025-03-03 10:03:56] [INFO] [MovementSystem] Sywy is planning to move from [3, 1] to [5, 3]
[2025-03-03 10:03:56] [INFO] [MovementSystem] Updated movement path for Sywy
[2025-03-03 10:03:56] [INFO] [MovementSystem] Sywy is planning to move from [3, 1] to [4, 3]
[2025-03-03 10:03:56] [INFO] [MovementSystem] Updated movement path for Sywy
[2025-03-03 10:03:56] [INFO] [MovementSystem] Sywy is planning to move from [3, 1] to [4, 2]
[2025-03-03 10:03:56] [INFO] [MovementSystem] Updated movement path for Sywy
[2025-03-03 10:03:56] [INFO] [MovementSystem] Sywy is planning to move from [3, 1] to [4, 1]
[2025-03-03 10:03:56] [INFO] [MovementSystem] Updated movement path for Sywy
[2025-03-03 10:03:57] [INFO] [MovementSystem] Sywy is planning to move from [3, 1] to [5, 1]
[2025-03-03 10:03:57] [INFO] [MovementSystem] Updated movement path for Sywy
[2025-03-03 10:03:57] [INFO] [MovementSystem] Sywy is planning to move from [3, 1] to [4, 0]
[2025-03-03 10:03:57] [INFO] [MovementSystem] Updated movement path for Sywy
[2025-03-03 10:03:57] [INFO] [MovementSystem] Sywy is planning to move from [3, 1] to [3, 0]
[2025-03-03 10:03:57] [INFO] [MovementSystem] Updated movement path for Sywy
[2025-03-03 10:03:57] [INFO] [MovementSystem] Sywy is planning to move from [3, 1] to [2, 0]
[2025-03-03 10:03:57] [INFO] [MovementSystem] Updated movement path for Sywy
[2025-03-03 10:03:57] [INFO] [MovementSystem] Sywy is planning to move from [3, 1] to null
[2025-03-03 10:03:57] [INFO] [MovementSystem] Updated movement path for Sywy
[2025-03-03 10:04:18] [INFO] [MovementSystem] Sywy is planning to move from [3, 1] to [0, 9]
[2025-03-03 10:04:18] [INFO] [MovementSystem] Updated movement path for Sywy
[2025-03-03 10:04:18] [INFO] [MovementSystem] Sywy is planning to move from [3, 1] to [0, 8]
[2025-03-03 10:04:18] [INFO] [MovementSystem] Updated movement path for Sywy
[2025-03-03 10:04:19] [INFO] [MovementSystem] Sywy is planning to move from [3, 1] to [1, 8]
[2025-03-03 10:04:19] [INFO] [MovementSystem] Updated movement path for Sywy
[2025-03-03 10:04:19] [INFO] [MovementSystem] Sywy is planning to move from [3, 1] to [1, 7]
[2025-03-03 10:04:19] [INFO] [MovementSystem] Updated movement path for Sywy
[2025-03-03 10:04:19] [INFO] [MovementSystem] Sywy is planning to move from [3, 1] to [1, 6]
[2025-03-03 10:04:19] [INFO] [MovementSystem] Updated movement path for Sywy
[2025-03-03 10:04:19] [INFO] [MovementSystem] Sywy is planning to move from [3, 1] to [2, 6]
[2025-03-03 10:04:19] [INFO] [MovementSystem] Updated movement path for Sywy
