[2025-03-15 11:08:49] [INFO] [AssetPool] Started initializing AssetPool
[2025-03-15 11:08:49] [INFO] [Engine] HEAP ALLOCATION INCREASED! 1.0 GB of 16.0 GB used
[2025-03-15 11:08:49] [INFO] [SpriteSheetOG] Started loading Sprite's from ./res/graphics
[2025-03-15 11:08:49] [INFO] [SpriteSheetOG] Finished reading files for sprites
[2025-03-15 11:08:49] [INFO] [Sprite] Finished loading ./res/graphics/misc/blue_reticle.png
[2025-03-15 11:08:49] [INFO] [Sprite] Finished loading ./res/graphics/misc/pink_spawn.png
[2025-03-15 11:08:49] [INFO] [Sprite] Finished loading ./res/graphics/misc/reticle.png
[2025-03-15 11:08:49] [INFO] [Sprite] Finished loading ./res/graphics/misc/yellow_spawn.png
[2025-03-15 11:08:49] [INFO] [Sprite] Finished loading ./res/graphics/misc/blue_spawn.png
[2025-03-15 11:08:49] [INFO] [Sprite] Finished loading ./res/graphics/misc/red_reticle.png
[2025-03-15 11:08:49] [INFO] [Sprite] Finished loading ./res/graphics/misc/depth_shadows.png
[2025-03-15 11:08:49] [INFO] [Sprite] Finished loading ./res/graphics/misc/yellow_reticle.png
[2025-03-15 11:08:49] [INFO] [Sprite] Finished loading ./res/graphics/misc/red_spawn.png
[2025-03-15 11:08:49] [INFO] [Sprite] Finished loading ./res/graphics/misc/directional_shadows.png
[2025-03-15 11:08:49] [INFO] [Sprite] Finished loading ./res/graphics/shadows/northwest.png
[2025-03-15 11:08:49] [INFO] [Sprite] Finished loading ./res/graphics/shadows/west.png
[2025-03-15 11:08:49] [INFO] [Sprite] Finished loading ./res/graphics/shadows/north.png
[2025-03-15 11:08:49] [INFO] [Sprite] Finished loading ./res/graphics/shadows/east.png
[2025-03-15 11:08:49] [INFO] [Sprite] Finished loading ./res/graphics/shadows/northeast.png
[2025-03-15 11:08:49] [INFO] [Sprite] Finished loading ./res/graphics/shadows/south.png
[2025-03-15 11:08:49] [INFO] [Sprite] Finished loading ./res/graphics/shadows/southwest.png
[2025-03-15 11:08:49] [INFO] [Sprite] Finished loading ./res/graphics/shadows/southeast.png
[2025-03-15 11:08:50] [INFO] [Sprite] Finished loading ./res/graphics/structures/tree3_structure.png
[2025-03-15 11:08:50] [INFO] [Sprite] Finished loading ./res/graphics/structures/tree4_structure.png
[2025-03-15 11:08:50] [INFO] [Sprite] Finished loading ./res/graphics/structures/tree1_structure.png
[2025-03-15 11:08:50] [INFO] [Sprite] Finished loading ./res/graphics/structures/tree5_structure.png
[2025-03-15 11:08:50] [INFO] [Sprite] Finished loading ./res/graphics/structures/tree2_structure.png
[2025-03-15 11:08:50] [INFO] [Sprite] Finished loading ./res/graphics/structures/tree6_structure.png
[2025-03-15 11:08:50] [INFO] [Sprite] Finished loading ./res/graphics/wall_tiles/rock_wall2.png
[2025-03-15 11:08:50] [INFO] [Sprite] Finished loading ./res/graphics/wall_tiles/sandstone_wall.png
[2025-03-15 11:08:50] [INFO] [Sprite] Finished loading ./res/graphics/wall_tiles/elden_yellow_wall.png
[2025-03-15 11:08:50] [INFO] [Sprite] Finished loading ./res/graphics/wall_tiles/vine_on_wall.png
[2025-03-15 11:08:50] [INFO] [Sprite] Finished loading ./res/graphics/wall_tiles/boulder_wall.png
[2025-03-15 11:08:50] [INFO] [Sprite] Finished loading ./res/graphics/wall_tiles/white_marble_wall.png
[2025-03-15 11:08:50] [INFO] [Sprite] Finished loading ./res/graphics/wall_tiles/elden_green_wall.png
[2025-03-15 11:08:50] [INFO] [Sprite] Finished loading ./res/graphics/wall_tiles/brown_marble_wall.png
[2025-03-15 11:08:50] [INFO] [Sprite] Finished loading ./res/graphics/wall_tiles/small_brick_wall.png
[2025-03-15 11:08:50] [INFO] [Sprite] Finished loading ./res/graphics/wall_tiles/moss_wall.png
[2025-03-15 11:08:50] [INFO] [Sprite] Finished loading ./res/graphics/wall_tiles/dirt_brick_vine_wall.png
[2025-03-15 11:08:50] [INFO] [Sprite] Finished loading ./res/graphics/wall_tiles/elden_purple_wall.png
[2025-03-15 11:08:50] [INFO] [Sprite] Finished loading ./res/graphics/wall_tiles/large_brick_wall.png
[2025-03-15 11:08:50] [INFO] [Sprite] Finished loading ./res/graphics/wall_tiles/dirt_wall.png
[2025-03-15 11:08:50] [INFO] [Sprite] Finished loading ./res/graphics/wall_tiles/alien_wall.png
[2025-03-15 11:08:50] [INFO] [Sprite] Finished loading ./res/graphics/wall_tiles/industrial_brick_wall.png
[2025-03-15 11:08:50] [INFO] [Sprite] Finished loading ./res/graphics/wall_tiles/rock_wall.png
[2025-03-15 11:08:50] [INFO] [Sprite] Finished loading ./res/graphics/wall_tiles/dirt_wall2.png
[2025-03-15 11:08:50] [INFO] [Sprite] Finished loading ./res/graphics/wall_tiles/moss_wall2.png
[2025-03-15 11:08:50] [INFO] [Sprite] Finished loading ./res/graphics/wall_tiles/moss_wall3.png
[2025-03-15 11:08:50] [INFO] [Sprite] Finished loading ./res/graphics/wall_tiles/no_wall.png
[2025-03-15 11:08:50] [INFO] [Sprite] Finished loading ./res/graphics/wall_tiles/alien_rune_wall.png
[2025-03-15 11:08:50] [INFO] [Sprite] Finished loading ./res/graphics/wall_tiles/industrial_wall.png
[2025-03-15 11:08:50] [INFO] [Sprite] Finished loading ./res/graphics/wall_tiles/small_brick_wall2.png
[2025-03-15 11:08:50] [INFO] [Sprite] Finished loading ./res/graphics/old/liquids 2.png
[2025-03-15 11:08:50] [INFO] [Sprite] Finished loading ./res/graphics/old/gems.png
[2025-03-15 11:08:50] [INFO] [Sprite] Finished loading ./res/graphics/old/floors.png
[2025-03-15 11:08:50] [INFO] [Sprite] Finished loading ./res/graphics/old/terrains.png
[2025-03-15 11:08:50] [INFO] [Sprite] Finished loading ./res/graphics/old/gemsRaw.png
[2025-03-15 11:08:50] [INFO] [Sprite] Finished loading ./res/graphics/old/walls.png
[2025-03-15 11:08:50] [INFO] [Sprite] Finished loading ./res/graphics/old/special2.png
[2025-03-15 11:08:50] [INFO] [Sprite] Finished loading ./res/graphics/old/structures.png
[2025-03-15 11:08:50] [INFO] [Sprite] Finished loading ./res/graphics/old/special.png
[2025-03-15 11:08:50] [INFO] [Sprite] Finished loading ./res/graphics/old/liquids.png
[2025-03-15 11:08:50] [INFO] [Sprite] Finished loading ./res/graphics/old/units.png
[2025-03-15 11:08:50] [INFO] [Sprite] Finished loading ./res/graphics/old/terrains2.png
[2025-03-15 11:08:50] [INFO] [Sprite] Finished loading ./res/graphics/old/floors2.png
[2025-03-15 11:08:50] [INFO] [Sprite] Finished loading ./res/graphics/floor_tiles/sand_1_floor.png
[2025-03-15 11:08:50] [INFO] [Sprite] Finished loading ./res/graphics/floor_tiles/sand_dark_floor.png
[2025-03-15 11:08:50] [INFO] [Sprite] Finished loading ./res/graphics/floor_tiles/dirty_grass_1_floor.png
[2025-03-15 11:08:50] [INFO] [Sprite] Finished loading ./res/graphics/floor_tiles/white_sand_floor.png
[2025-03-15 11:08:50] [INFO] [Sprite] Finished loading ./res/graphics/floor_tiles/white_sands_2.png
[2025-03-15 11:08:50] [INFO] [Sprite] Finished loading ./res/graphics/floor_tiles/dirty_grass_2_floor.png
[2025-03-15 11:08:50] [INFO] [Sprite] Finished loading ./res/graphics/floor_tiles/sand_3_floor.png
[2025-03-15 11:08:50] [INFO] [Sprite] Finished loading ./res/graphics/floor_tiles/obsidian_floor.png
[2025-03-15 11:08:50] [INFO] [Sprite] Finished loading ./res/graphics/floor_tiles/base_floor.png
[2025-03-15 11:08:50] [INFO] [Sprite] Finished loading ./res/graphics/floor_tiles/sand_floor.png
[2025-03-15 11:08:50] [INFO] [Sprite] Finished loading ./res/graphics/floor_tiles/dirty_grass_3_floor.png
[2025-03-15 11:08:50] [INFO] [Sprite] Finished loading ./res/graphics/floor_tiles/sand_2_floor.png
[2025-03-15 11:08:50] [INFO] [Sprite] Finished loading ./res/graphics/units/Air_Dragon.png
[2025-03-15 11:08:50] [INFO] [Sprite] Finished loading ./res/graphics/units/Dragon.png
[2025-03-15 11:08:50] [INFO] [Sprite] Finished loading ./res/graphics/units/Dark_Dragon.png
[2025-03-15 11:08:50] [INFO] [Sprite] Finished loading ./res/graphics/units/Earth_Dragon.png
[2025-03-15 11:08:50] [INFO] [Sprite] Finished loading ./res/graphics/units/Light_Dragon.png
[2025-03-15 11:08:50] [INFO] [Sprite] Finished loading ./res/graphics/units/Water_Dragon.png
[2025-03-15 11:08:50] [INFO] [Sprite] Finished loading ./res/graphics/units/Fire_Dragon.png
[2025-03-15 11:08:50] [INFO] [Sprite] Finished loading ./res/graphics/actions/StatsDown.png
[2025-03-15 11:08:50] [INFO] [Sprite] Finished loading ./res/graphics/actions/PhysicalHit4.png
[2025-03-15 11:08:50] [INFO] [Sprite] Finished loading ./res/graphics/actions/Slash.png
[2025-03-15 11:08:50] [INFO] [Sprite] Finished loading ./res/graphics/actions/Air.png
[2025-03-15 11:08:50] [INFO] [Sprite] Finished loading ./res/graphics/actions/Dark.png
[2025-03-15 11:08:50] [INFO] [Sprite] Finished loading ./res/graphics/actions/Blunt.png
[2025-03-15 11:08:50] [INFO] [Sprite] Finished loading ./res/graphics/actions/Fire.png
[2025-03-15 11:08:50] [INFO] [Sprite] Finished loading ./res/graphics/actions/Earth.png
[2025-03-15 11:08:50] [INFO] [Sprite] Finished loading ./res/graphics/actions/Light.png
[2025-03-15 11:08:50] [INFO] [Sprite] Finished loading ./res/graphics/actions/StatsUp.png
[2025-03-15 11:08:50] [INFO] [Sprite] Finished loading ./res/graphics/actions/Water.png
[2025-03-15 11:08:50] [INFO] [Sprite] Finished loading ./res/graphics/actions/Pierce.png
[2025-03-15 11:08:50] [INFO] [Sprite] Finished loading ./res/graphics/spells/LightSpell.png
[2025-03-15 11:08:50] [INFO] [Sprite] Finished loading ./res/graphics/spells/StatsDown.png
[2025-03-15 11:08:50] [INFO] [Sprite] Finished loading ./res/graphics/spells/WindSpell.png
[2025-03-15 11:08:50] [INFO] [Sprite] Finished loading ./res/graphics/spells/WaterSpell.png
[2025-03-15 11:08:50] [INFO] [Sprite] Finished loading ./res/graphics/spells/PhysicalHit4.png
[2025-03-15 11:08:50] [INFO] [Sprite] Finished loading ./res/graphics/spells/PhysicalHit1.png
[2025-03-15 11:08:50] [INFO] [Sprite] Finished loading ./res/graphics/spells/LightningSpell.png
[2025-03-15 11:08:50] [INFO] [Sprite] Finished loading ./res/graphics/spells/PhysicalHit3.png
[2025-03-15 11:08:50] [INFO] [Sprite] Finished loading ./res/graphics/spells/PhysicalHit2.png
[2025-03-15 11:08:50] [INFO] [Sprite] Finished loading ./res/graphics/spells/FireSpell.png
[2025-03-15 11:08:50] [INFO] [Sprite] Finished loading ./res/graphics/spells/DarkSpell.png
[2025-03-15 11:08:50] [INFO] [Sprite] Finished loading ./res/graphics/spells/StatsUp.png
[2025-03-15 11:08:50] [INFO] [Sprite] Finished loading ./res/graphics/spells/EarthSpell.png
[2025-03-15 11:08:50] [INFO] [Sprite] Finished loading ./res/graphics/liquids/greater_leafage_liquid.png
[2025-03-15 11:08:50] [INFO] [Sprite] Finished loading ./res/graphics/liquids/waterV4_liquid.png
[2025-03-15 11:08:50] [INFO] [Sprite] Finished loading ./res/graphics/liquids/shallow_swamp.png
[2025-03-15 11:08:50] [INFO] [Sprite] Finished loading ./res/graphics/liquids/water5.png
[2025-03-15 11:08:50] [INFO] [Sprite] Finished loading ./res/graphics/liquids/swamp_2.png
[2025-03-15 11:08:50] [INFO] [Sprite] Finished loading ./res/graphics/liquids/Lava_liquid.png
[2025-03-15 11:08:50] [INFO] [Sprite] Finished loading ./res/graphics/liquids/swamp2.png
[2025-03-15 11:08:50] [INFO] [Sprite] Finished loading ./res/graphics/liquids/waterV33_liquid.png
[2025-03-15 11:08:50] [INFO] [Sprite] Finished loading ./res/graphics/liquids/shallow_water_liquid.png
[2025-03-15 11:08:50] [INFO] [Sprite] Finished loading ./res/graphics/liquids/water_liquid.png
[2025-03-15 11:08:50] [INFO] [Sprite] Finished loading ./res/graphics/liquids/waterV2_liquid.png
[2025-03-15 11:08:50] [INFO] [Sprite] Finished loading ./res/graphics/liquids/swamp2_liquid.png
[2025-03-15 11:08:50] [INFO] [SpriteSheetOG] Finished loading ./res/graphics
[2025-03-15 11:08:50] [INFO] [AssetPool] Finished initializing AssetPool
[2025-03-15 11:08:50] [INFO] [FontPoolV1] Started initializing FontPoolV1
[2025-03-15 11:08:50] [INFO] [FontPoolV1] Finished initializing FontPoolV1
[2025-03-15 11:08:50] [INFO] [UnitDatabase] Started initializing UnitDatabase
[2025-03-15 11:08:50] [INFO] [UnitDatabase] Successfully initialized UnitDatabase
[2025-03-15 11:08:50] [INFO] [UnitDatabase] Finished initializing UnitDatabase
[2025-03-15 11:08:50] [INFO] [JsonDatabase] Started initializing JsonDatabase
[2025-03-15 11:08:50] [INFO] [JsonTable] Started initializing JsonTable
[2025-03-15 11:08:50] [INFO] [JsonTable] Successfully initialized JsonTable
[2025-03-15 11:08:50] [INFO] [JsonTable] Finished initializing JsonTable
[2025-03-15 11:08:50] [INFO] [JsonTable] Started initializing JsonTable
[2025-03-15 11:08:50] [INFO] [JsonTable] Successfully initialized JsonTable
[2025-03-15 11:08:50] [INFO] [JsonTable] Finished initializing JsonTable
[2025-03-15 11:08:50] [INFO] [JsonTable] Started initializing JsonTable
[2025-03-15 11:08:50] [INFO] [JsonTable] Successfully initialized JsonTable
[2025-03-15 11:08:50] [INFO] [JsonTable] Finished initializing JsonTable
[2025-03-15 11:08:50] [INFO] [JsonDatabase] Successfully initialized JsonDatabase
[2025-03-15 11:08:50] [INFO] [JsonDatabase] Finished initializing JsonDatabase
[2025-03-15 11:08:50] [INFO] [Component] Setting ae6e958c-4c57-4836-a346-7bd00eb9c40a on to d2690f04-d9ea-4728-b101-d8d0fc57ec9e.
[2025-03-15 11:08:50] [INFO] [SpeedQueue] Added unit enemy:Tyaugy into queue
[2025-03-15 11:08:50] [INFO] [Component] Setting 251cac36-fac8-45d7-b80f-0010c380f64e on to eec278ad-a84c-4bef-a39f-aff27c0492fe.
[2025-03-15 11:08:50] [INFO] [SpeedQueue] Added unit enemy:Paqyea into queue
[2025-03-15 11:08:50] [INFO] [Component] Setting d72f0e1b-8d1d-4271-822a-cc47517864e1 on to 07a7346c-66e3-49f0-af1c-3025e9d44b5d.
[2025-03-15 11:08:50] [INFO] [SpeedQueue] Added unit enemy:Reiui into queue
[2025-03-15 11:08:50] [INFO] [Component] Setting 83c5ec71-1aa7-4f8a-9436-010c657edcbe on to a05018f6-b21f-4242-8908-7da5f65bf551.
[2025-03-15 11:08:50] [INFO] [SpeedQueue] Added unit enemy:Yite into queue
[2025-03-15 11:08:50] [INFO] [Component] Setting 5d457611-20c7-438b-9e03-817094fb1aa4 on to d0fe6c48-43eb-4afc-93f4-fba13ef39765.
[2025-03-15 11:08:50] [INFO] [SpeedQueue] Added unit user:Eugoe into queue
[2025-03-15 11:08:50] [INFO] [Component] Setting 150b3e24-dd41-47a9-a849-e1a0c14f2dfa on to a3d383da-2ca8-41d1-a1cb-02d052b56025.
[2025-03-15 11:08:50] [INFO] [SpeedQueue] Added unit user:Busek into queue
[2025-03-15 11:08:50] [INFO] [Component] Setting 953d14f4-09d5-42e4-a7ac-d742f9e89ae9 on to 2b4bbe94-d99b-4b14-8dc0-8671f5143091.
[2025-03-15 11:08:50] [INFO] [SpeedQueue] Added unit user:Zonec into queue
[2025-03-15 11:08:50] [INFO] [Component] Setting 0421083a-407a-4b24-9561-965894d5294c on to 977cdb39-fb73-4012-aa9f-f5577b537907.
[2025-03-15 11:08:50] [INFO] [SpeedQueue] Added unit user:Gusiuu into queue
[2025-03-15 11:08:50] [INFO] [FontPool] Started initializing FontPool
[2025-03-15 11:08:50] [INFO] [FontPool] ✅ Successfully loaded font: Lilian
[2025-03-15 11:08:51] [INFO] [SpeedQueue] Speed queue updated.
[2025-03-15 11:08:51] [INFO] [VisualsSystem] Started creating blurred background
[2025-03-15 11:08:51] [INFO] [TimeLinePanel] Started updating the timeline panel after turn order has changed.
[2025-03-15 11:08:51] [INFO] [TimeLinePanel] Finished updating the timeline panel after turn order has changed.
[2025-03-15 11:08:51] [INFO] [SelectedTilePanel] Checksum updated, getting units at selected tiles.
[2025-03-15 11:08:51] [INFO] [SelectedTilePanel] Either no unit selected or more than one unit selected
[2025-03-15 11:08:51] [INFO] [LesserStatisticsInformationPanel] Checksum has been updated, querying statistics for unit 150b3e24-dd41-47a9-a849-e1a0c14f2dfa
[2025-03-15 11:08:51] [INFO] [VisualsSystem] Finished creating blurred background after 0.49897900223731995 seconds
[2025-03-15 11:08:53] [INFO] [SelectedTilePanel] Checksum updated, getting units at selected tiles.
[2025-03-15 11:08:53] [INFO] [SelectedTilePanel] Updated selected tile display to view Busek
[2025-03-15 11:08:53] [INFO] [LesserStatisticsInformationPanel] Finished updating Greater UI
