[2025-04-19 19:19:55] [INFO] [UnitTable] Started initializing UnitTable
[2025-04-19 19:19:55] [INFO] [EmeritusDatabase] Started initializing EmeritusDatabase
[2025-04-19 19:19:55] [INFO] [EmeritusDatabase] Finished initializing EmeritusDatabase
[2025-04-19 19:19:55] [INFO] [UnitTable] Successfully initialized UnitTable
[2025-04-19 19:19:55] [INFO] [UnitTable] Finished initializing UnitTable
[2025-04-19 19:19:55] [INFO] [AbilityTable] Started initializing AbilityTable
[2025-04-19 19:19:55] [INFO] [AbilityTable] Finished initializing AbilityTable
[2025-04-19 19:19:55] [INFO] [UserSaveStateManager] Started loading user save data
[2025-04-19 19:19:55] [INFO] [UserSaveStateManager] Finished loading user save data
[2025-04-19 19:19:55] [INFO] [AssetPool] Started initializing AssetPool
[2025-04-19 19:19:55] [INFO] [AssetNameSpace] Started loading Sprite's from ./res/graphics
[2025-04-19 19:19:55] [INFO] [AssetNameSpace] Finished reading files for sprites
[2025-04-19 19:19:55] [INFO] [AssetNameSpace] Finished loading ./res/graphics
[2025-04-19 19:19:55] [INFO] [AssetPool] Finished initializing AssetPool
[2025-04-19 19:19:55] [INFO] [Component] Setting earth_dragon_Oefuar_15a18880-b644-4677-bc7e-306347babc58 on to {"row":7,"column":7,"height":0,"spawn_region":[],"collider":"","unit":"earth_dragon_Oefuar_15a18880-b644-4677-bc7e-306347babc58","structure":""}.
[2025-04-19 19:19:55] [INFO] [SpeedQueue] Added unit enemy:Oefuar into queue
[2025-04-19 19:19:55] [INFO] [Component] Setting air_dragon_Rucw_26cb58f9-cc86-4c64-b88f-021f00c9a455 on to {"row":0,"column":4,"height":0,"spawn_region":[],"collider":"","unit":"air_dragon_Rucw_26cb58f9-cc86-4c64-b88f-021f00c9a455","structure":""}.
[2025-04-19 19:19:55] [INFO] [SpeedQueue] Added unit enemy:Rucw into queue
[2025-04-19 19:19:55] [INFO] [Component] Setting earth_dragon_Poaxa_3576dc4b-d93b-4edc-8012-645880ce4bbb on to {"row":5,"column":4,"height":0,"spawn_region":[],"collider":"","unit":"earth_dragon_Poaxa_3576dc4b-d93b-4edc-8012-645880ce4bbb","structure":""}.
[2025-04-19 19:19:55] [INFO] [SpeedQueue] Added unit enemy:Poaxa into queue
[2025-04-19 19:19:55] [INFO] [Component] Setting water_dragon_Iokrn_7704d4d3-75b0-4164-8532-cb3def2a0123 on to {"row":5,"column":5,"height":0,"spawn_region":[],"collider":"","unit":"water_dragon_Iokrn_7704d4d3-75b0-4164-8532-cb3def2a0123","structure":""}.
[2025-04-19 19:19:55] [INFO] [SpeedQueue] Added unit enemy:Iokrn into queue
[2025-04-19 19:19:55] [INFO] [Component] Setting earth_dragon_Tykdu_6eb6a81a-1db1-48eb-9bea-2dd57ad39924 on to {"row":6,"column":4,"height":0,"spawn_region":[],"collider":"","unit":"earth_dragon_Tykdu_6eb6a81a-1db1-48eb-9bea-2dd57ad39924","structure":""}.
[2025-04-19 19:19:55] [INFO] [SpeedQueue] Added unit enemy:Tykdu into queue
[2025-04-19 19:19:55] [INFO] [Component] Setting dragon_Nuio_e6306aba-68cd-413e-aead-51c81c51e2a6 on to {"row":4,"column":1,"height":0,"spawn_region":[],"collider":"","unit":"dragon_Nuio_e6306aba-68cd-413e-aead-51c81c51e2a6","structure":""}.
[2025-04-19 19:19:55] [INFO] [SpeedQueue] Added unit user:Nuio into queue
[2025-04-19 19:19:55] [INFO] [Component] Setting light_dragon_Qack_8e7870ec-4fba-4167-a3dd-a93c58a2b1ee on to {"row":7,"column":5,"height":0,"spawn_region":[],"collider":"","unit":"light_dragon_Qack_8e7870ec-4fba-4167-a3dd-a93c58a2b1ee","structure":""}.
[2025-04-19 19:19:55] [INFO] [SpeedQueue] Added unit user:Qack into queue
[2025-04-19 19:19:55] [INFO] [EngineController] Started setting scene to MENU_SCENE
[2025-04-19 19:19:55] [INFO] [EngineController] Finished setting scene to MENU_SCENE
[2025-04-19 19:19:55] [INFO] [EngineController] Started setting scene to MAP_EDITOR_SCENE
[2025-04-19 19:19:55] [INFO] [FontPool] Started initializing FontPool
[2025-04-19 19:19:55] [INFO] [FontPool] ✅ Successfully loaded font: Lilian
[2025-04-19 19:19:56] [INFO] [MapEditorScene] Starting to create new GameController!
[2025-04-19 19:19:56] [INFO] [MapEditorScene] Successfully created new GameController!
[2025-04-19 19:19:56] [INFO] [EngineController] Finished setting scene to MAP_EDITOR_SCENE
[2025-04-19 19:19:56] [INFO] [InputHandler] Gliding 0 camera to new tile 10_12_aba183e5-d2af-42f8-9485-0f804214118e
[2025-04-19 19:19:56] [INFO] [TimeLinePanel] Started updating the timeline panel after turn order has changed.
[2025-04-19 19:19:56] [INFO] [TimeLinePanel] Finished updating the timeline panel after turn order has changed.
[2025-04-19 19:19:56] [INFO] [SelectedTilePanel] Checksum updated, getting units at selected tiles.
[2025-04-19 19:19:56] [INFO] [SelectedTilePanel] Either no unit selected or more than one unit selected
[2025-04-19 19:19:56] [INFO] [VisualsSystem] Started creating blurred background
[2025-04-19 19:19:57] [INFO] [VisualsSystem] Finished creating blurred background after 0.4966179132461548 seconds
