[2025-05-29 02:04:38] [INFO] [UnitTable] Started initializing UnitTable
[2025-05-29 02:04:38] [INFO] [EmeritusDatabase] Started initializing EmeritusDatabase
[2025-05-29 02:04:39] [INFO] [EmeritusDatabase] Finished initializing EmeritusDatabase
[2025-05-29 02:04:39] [INFO] [UnitTable] Successfully initialized UnitTable
[2025-05-29 02:04:39] [INFO] [UnitTable] Finished initializing UnitTable
[2025-05-29 02:04:39] [INFO] [AbilityTable] Started initializing AbilityTable
[2025-05-29 02:04:39] [INFO] [AbilityTable] Finished initializing AbilityTable
[2025-05-29 02:04:39] [INFO] [UserSaveStateManager] Started loading user save data
[2025-05-29 02:04:39] [INFO] [UserSaveStateManager] Finished loading user save data
[2025-05-29 02:04:39] [INFO] [AssetPool] Started initializing AssetPool
[2025-05-29 02:04:39] [INFO] [AssetNameSpace] Started loading Sprite's from ./res/graphics
[2025-05-29 02:04:39] [INFO] [AssetNameSpace] Finished reading files for sprites
[2025-05-29 02:04:39] [INFO] [AssetNameSpace] Finished loading ./res/graphics
[2025-05-29 02:04:39] [INFO] [AssetPool] Finished initializing AssetPool
[2025-05-29 02:04:55] [INFO] [Component] Setting UNIT_dragon___NICKNAME_Cykuyy___a0ca54e0-c39e-44d1-b03f-d16d5c6566a2 on to {"row":5,"column":0,"base_elevation":0,"spawn_region":"Left","unit":"UNIT_dragon___NICKNAME_Cykuyy___a0ca54e0-c39e-44d1-b03f-d16d5c6566a2","layers":{"empty":false},"total_elevation":8}.
[2025-05-29 02:04:55] [INFO] [SpeedQueue] Added unit UNIT_dragon___NICKNAME_Cykuyy___a0ca54e0-c39e-44d1-b03f-d16d5c6566a2 into queue
[2025-05-29 02:04:55] [INFO] [Component] Setting UNIT_earth_dragon___NICKNAME_Uefuex___25ac05cc-1cb0-485d-a684-b0f29c2da9e4 on to {"row":3,"column":0,"base_elevation":0,"spawn_region":"Left","unit":"UNIT_earth_dragon___NICKNAME_Uefuex___25ac05cc-1cb0-485d-a684-b0f29c2da9e4","layers":{"empty":false},"total_elevation":7}.
[2025-05-29 02:04:55] [INFO] [SpeedQueue] Added unit UNIT_earth_dragon___NICKNAME_Uefuex___25ac05cc-1cb0-485d-a684-b0f29c2da9e4 into queue
[2025-05-29 02:04:55] [INFO] [Component] Setting UNIT_air_dragon___NICKNAME_Wyta___91ce2d2d-9c3a-47eb-af42-e1463b8d8d9d on to {"row":6,"column":1,"base_elevation":0,"spawn_region":"Left","unit":"UNIT_air_dragon___NICKNAME_Wyta___91ce2d2d-9c3a-47eb-af42-e1463b8d8d9d","layers":{"empty":false},"total_elevation":8}.
[2025-05-29 02:04:55] [INFO] [SpeedQueue] Added unit UNIT_air_dragon___NICKNAME_Wyta___91ce2d2d-9c3a-47eb-af42-e1463b8d8d9d into queue
[2025-05-29 02:04:55] [INFO] [Component] Setting UNIT_water_dragon___NICKNAME_Foayvt___e093fa64-867e-467d-8dfb-c7b54b446335 on to {"row":4,"column":1,"base_elevation":0,"spawn_region":"Left","unit":"UNIT_water_dragon___NICKNAME_Foayvt___e093fa64-867e-467d-8dfb-c7b54b446335","layers":{"empty":false},"total_elevation":7}.
[2025-05-29 02:04:55] [INFO] [SpeedQueue] Added unit UNIT_water_dragon___NICKNAME_Foayvt___e093fa64-867e-467d-8dfb-c7b54b446335 into queue
[2025-05-29 02:04:55] [INFO] [Component] Setting UNIT_earth_dragon___NICKNAME_Jokq___be3b5451-71a9-4322-b238-55dcdf9038a8 on to {"row":5,"column":1,"base_elevation":0,"spawn_region":"Left","unit":"UNIT_earth_dragon___NICKNAME_Jokq___be3b5451-71a9-4322-b238-55dcdf9038a8","layers":{"empty":false},"total_elevation":8}.
[2025-05-29 02:04:55] [INFO] [SpeedQueue] Added unit UNIT_earth_dragon___NICKNAME_Jokq___be3b5451-71a9-4322-b238-55dcdf9038a8 into queue
[2025-05-29 02:04:55] [INFO] [Component] Setting UNIT_dark_dragon___NICKNAME_Pitm___5488ac46-9e7b-4572-8d0f-1a8d6bf427bc on to {"row":7,"column":11,"base_elevation":0,"spawn_region":"Right","unit":"UNIT_dark_dragon___NICKNAME_Pitm___5488ac46-9e7b-4572-8d0f-1a8d6bf427bc","layers":{"empty":false},"total_elevation":7}.
[2025-05-29 02:04:55] [INFO] [SpeedQueue] Added unit UNIT_dark_dragon___NICKNAME_Pitm___5488ac46-9e7b-4572-8d0f-1a8d6bf427bc into queue
[2025-05-29 02:04:55] [INFO] [Component] Setting UNIT_earth_dragon___NICKNAME_Uuip___65ed6b6d-9f08-4be0-9b7d-e112aec45859 on to {"row":2,"column":11,"base_elevation":0,"spawn_region":"Right","unit":"UNIT_earth_dragon___NICKNAME_Uuip___65ed6b6d-9f08-4be0-9b7d-e112aec45859","layers":{"empty":false},"total_elevation":7}.
[2025-05-29 02:04:55] [INFO] [SpeedQueue] Added unit UNIT_earth_dragon___NICKNAME_Uuip___65ed6b6d-9f08-4be0-9b7d-e112aec45859 into queue
[2025-05-29 02:04:55] [INFO] [Component] Setting UNIT_light_dragon___NICKNAME_Vegy___560b7ae9-c9f3-413a-852e-2c5133ec449f on to {"row":4,"column":10,"base_elevation":0,"spawn_region":"Right","unit":"UNIT_light_dragon___NICKNAME_Vegy___560b7ae9-c9f3-413a-852e-2c5133ec449f","layers":{"empty":false},"total_elevation":8}.
[2025-05-29 02:04:55] [INFO] [SpeedQueue] Added unit UNIT_light_dragon___NICKNAME_Vegy___560b7ae9-c9f3-413a-852e-2c5133ec449f into queue
[2025-05-29 02:04:55] [INFO] [Component] Setting UNIT_dragon___NICKNAME_Turtyo___8484bacd-64c5-49ae-ac1f-12f8f4ec42b6 on to {"row":6,"column":10,"base_elevation":0,"spawn_region":"Right","unit":"UNIT_dragon___NICKNAME_Turtyo___8484bacd-64c5-49ae-ac1f-12f8f4ec42b6","layers":{"empty":false},"total_elevation":7}.
[2025-05-29 02:04:55] [INFO] [SpeedQueue] Added unit UNIT_dragon___NICKNAME_Turtyo___8484bacd-64c5-49ae-ac1f-12f8f4ec42b6 into queue
[2025-05-29 02:04:55] [INFO] [Component] Setting UNIT_dragon___NICKNAME_Geoe___4cc9e0a3-a263-43a0-9bc4-18e7853f9e03 on to {"row":0,"column":10,"base_elevation":0,"spawn_region":"Right","unit":"UNIT_dragon___NICKNAME_Geoe___4cc9e0a3-a263-43a0-9bc4-18e7853f9e03","layers":{"empty":false},"total_elevation":7}.
[2025-05-29 02:04:55] [INFO] [SpeedQueue] Added unit UNIT_dragon___NICKNAME_Geoe___4cc9e0a3-a263-43a0-9bc4-18e7853f9e03 into queue
[2025-05-29 02:04:55] [INFO] [EngineController] Started setting scene to MENU_SCENE
[2025-05-29 02:04:55] [INFO] [EngineController] Finished setting scene to MENU_SCENE
[2025-05-29 02:04:55] [INFO] [EngineController] Started setting scene to GAME_SCENE
[2025-05-29 02:04:55] [INFO] [FontPool] Started initializing FontPool
[2025-05-29 02:04:55] [INFO] [FontPool] ✅ Successfully loaded font: Lilian
[2025-05-29 02:04:55] [INFO] [EngineController] Finished setting scene to GAME_SCENE
[2025-05-29 02:04:55] [INFO] [AbilitySystem] Started updating {} because of ability
[2025-05-29 02:04:55] [INFO] [AbilitySystem] Finished update updating {} because of ability
[2025-05-29 02:04:55] [INFO] [AbilitySystem] Started updating {} because of ability
[2025-05-29 02:04:55] [INFO] [AbilitySystem] Finished update updating {} because of ability
[2025-05-29 02:04:55] [INFO] [AbilitySystem] Started updating {} because of ability
[2025-05-29 02:04:55] [INFO] [AbilitySystem] Finished update updating {} because of ability
[2025-05-29 02:04:55] [INFO] [AbilitySystem] Started updating {} because of ability
[2025-05-29 02:04:55] [INFO] [AbilitySystem] Finished update updating {} because of ability
[2025-05-29 02:04:55] [INFO] [AbilitySystem] Started updating {} because of ability
[2025-05-29 02:04:55] [INFO] [AbilitySystem] Finished update updating {} because of ability
[2025-05-29 02:04:55] [INFO] [AbilitySystem] Started updating {} because of ability
[2025-05-29 02:04:55] [INFO] [AbilitySystem] Finished update updating {} because of ability
[2025-05-29 02:04:55] [INFO] [AbilitySystem] Started updating {} because of ability
[2025-05-29 02:04:55] [INFO] [AbilitySystem] Finished update updating {} because of ability
[2025-05-29 02:04:55] [INFO] [AbilitySystem] Started updating {} because of ability
[2025-05-29 02:04:55] [INFO] [AbilitySystem] Finished update updating {} because of ability
[2025-05-29 02:04:55] [INFO] [AbilitySystem] Started updating {} because of ability
[2025-05-29 02:04:55] [INFO] [AbilitySystem] Finished update updating {} because of ability
[2025-05-29 02:04:55] [INFO] [AbilitySystem] Started updating {} because of ability
[2025-05-29 02:04:55] [INFO] [AbilitySystem] Finished update updating {} because of ability
[2025-05-29 02:04:55] [INFO] [SpeedQueue] Speed queue updated.
[2025-05-29 02:04:55] [INFO] [AbilityPanel] Updating ability selection for UNIT_air_dragon___NICKNAME_Wyta___91ce2d2d-9c3a-47eb-af42-e1463b8d8d9d
[2025-05-29 02:04:55] [INFO] [AbilityPanel] Finished ability selection for UNIT_air_dragon___NICKNAME_Wyta___91ce2d2d-9c3a-47eb-af42-e1463b8d8d9d
[2025-05-29 02:04:55] [INFO] [MovementPanel] Started update to Movement Information panel.
[2025-05-29 02:04:55] [INFO] [MovementPanel] Finished update to Movement Information panel.
[2025-05-29 02:04:55] [INFO] [TimeLinePanel] Started updating the timeline panel after turn order has changed.
[2025-05-29 02:04:55] [INFO] [TimeLinePanel] Finished updating the timeline panel after turn order has changed.
[2025-05-29 02:04:55] [INFO] [SelectedTilePanel] Checksum updated, getting units at selected tiles.
[2025-05-29 02:04:55] [INFO] [SelectedTilePanel] Either no unit selected or more than one unit selected
[2025-05-29 02:04:55] [INFO] [VisualsSystem] Started creating blurred background
[2025-05-29 02:04:56] [INFO] [VisualsSystem] Finished creating blurred background after 0.4906546175479889 seconds
[2025-05-29 02:04:56] [INFO] [AbilitySystem] Started updating {} because of ability
[2025-05-29 02:04:56] [INFO] [AbilitySystem] Finished update updating {} because of ability
[2025-05-29 02:04:56] [INFO] [AbilitySystem] Started updating {} because of ability
[2025-05-29 02:04:56] [INFO] [AbilitySystem] Finished update updating {} because of ability
[2025-05-29 02:04:56] [INFO] [AbilitySystem] Started updating {} because of ability
[2025-05-29 02:04:56] [INFO] [AbilitySystem] Finished update updating {} because of ability
[2025-05-29 02:04:56] [INFO] [AbilitySystem] Started updating {} because of ability
[2025-05-29 02:04:56] [INFO] [AbilitySystem] Finished update updating {} because of ability
[2025-05-29 02:04:56] [INFO] [AbilitySystem] Started updating {} because of ability
[2025-05-29 02:04:56] [INFO] [AbilitySystem] Finished update updating {} because of ability
[2025-05-29 02:04:56] [INFO] [AbilitySystem] Started updating {} because of ability
[2025-05-29 02:04:56] [INFO] [AbilitySystem] Finished update updating {} because of ability
[2025-05-29 02:04:56] [INFO] [AbilitySystem] Started updating {} because of ability
[2025-05-29 02:04:56] [INFO] [AbilitySystem] Finished update updating {} because of ability
[2025-05-29 02:04:56] [INFO] [AbilityPanel] Updating ability selection for UNIT_air_dragon___NICKNAME_Wyta___91ce2d2d-9c3a-47eb-af42-e1463b8d8d9d
[2025-05-29 02:04:56] [INFO] [AbilityPanel] Finished ability selection for UNIT_air_dragon___NICKNAME_Wyta___91ce2d2d-9c3a-47eb-af42-e1463b8d8d9d
[2025-05-29 02:04:56] [INFO] [MovementPanel] Started update to Movement Information panel.
[2025-05-29 02:04:56] [INFO] [MovementPanel] Finished update to Movement Information panel.
[2025-05-29 02:04:56] [INFO] [AbilitySystem] Started updating {} because of ability
[2025-05-29 02:04:56] [INFO] [AbilitySystem] Finished update updating {} because of ability
[2025-05-29 02:04:56] [INFO] [AbilitySystem] Started updating {} because of ability
[2025-05-29 02:04:56] [INFO] [AbilitySystem] Finished update updating {} because of ability
[2025-05-29 02:04:56] [INFO] [AbilitySystem] Started updating {} because of ability
[2025-05-29 02:04:56] [INFO] [AbilitySystem] Finished update updating {} because of ability
[2025-05-29 02:04:56] [INFO] [AbilitySystem] Started updating {} because of ability
[2025-05-29 02:04:56] [INFO] [AbilitySystem] Finished update updating {} because of ability
[2025-05-29 02:04:56] [INFO] [AbilitySystem] Started updating {} because of ability
[2025-05-29 02:04:56] [INFO] [AbilitySystem] Finished update updating {} because of ability
[2025-05-29 02:04:56] [INFO] [AbilitySystem] Started updating {} because of ability
[2025-05-29 02:04:56] [INFO] [AbilitySystem] Finished update updating {} because of ability
[2025-05-29 02:04:56] [INFO] [AbilitySystem] Started updating {} because of ability
[2025-05-29 02:04:56] [INFO] [AbilitySystem] Finished update updating {} because of ability
[2025-05-29 02:04:56] [INFO] [AbilityPanel] Updating ability selection for UNIT_air_dragon___NICKNAME_Wyta___91ce2d2d-9c3a-47eb-af42-e1463b8d8d9d
[2025-05-29 02:04:56] [INFO] [AbilityPanel] Finished ability selection for UNIT_air_dragon___NICKNAME_Wyta___91ce2d2d-9c3a-47eb-af42-e1463b8d8d9d
[2025-05-29 02:04:56] [INFO] [MovementPanel] Started update to Movement Information panel.
[2025-05-29 02:04:56] [INFO] [MovementPanel] Finished update to Movement Information panel.
[2025-05-29 02:04:56] [INFO] [AbilitySystem] Started updating {} because of ability
[2025-05-29 02:04:56] [INFO] [AbilitySystem] Finished update updating {} because of ability
[2025-05-29 02:04:56] [INFO] [AbilityPanel] Updating ability selection for UNIT_air_dragon___NICKNAME_Wyta___91ce2d2d-9c3a-47eb-af42-e1463b8d8d9d
[2025-05-29 02:04:56] [INFO] [AbilityPanel] Finished ability selection for UNIT_air_dragon___NICKNAME_Wyta___91ce2d2d-9c3a-47eb-af42-e1463b8d8d9d
[2025-05-29 02:04:56] [INFO] [MovementPanel] Started update to Movement Information panel.
[2025-05-29 02:04:56] [INFO] [MovementPanel] Finished update to Movement Information panel.
[2025-05-29 02:04:56] [INFO] [AbilitySystem] Started updating {} because of ability
[2025-05-29 02:04:56] [INFO] [AbilitySystem] Finished update updating {} because of ability
[2025-05-29 02:05:37] [INFO] [SelectedTilePanel] Checksum updated, getting units at selected tiles.
[2025-05-29 02:05:37] [INFO] [SelectedTilePanel] Either no unit selected or more than one unit selected
[2025-05-29 02:05:47] [INFO] [SelectedTilePanel] Checksum updated, getting units at selected tiles.
[2025-05-29 02:05:47] [INFO] [SelectedTilePanel] Either no unit selected or more than one unit selected
[2025-05-29 02:05:50] [INFO] [InputHandler] Gliding 0 camera to new tile ROW_6___COLUMN_1___8a9e4506-9dfd-4b5d-bff8-cc4fbcdb8602
[2025-05-29 02:05:50] [INFO] [InputHandler] Gliding 1 camera to new tile ROW_6___COLUMN_1___8a9e4506-9dfd-4b5d-bff8-cc4fbcdb8602
[2025-05-29 02:05:50] [INFO] [StatisticsPanel] Started updating Statistics Information Panel for entity UNIT_air_dragon___NICKNAME_Wyta___91ce2d2d-9c3a-47eb-af42-e1463b8d8d9d
[2025-05-29 02:05:50] [INFO] [StatisticsPanel] Finished updating Statistics Information Panel for entity UNIT_air_dragon___NICKNAME_Wyta___91ce2d2d-9c3a-47eb-af42-e1463b8d8d9d
[2025-05-29 02:05:50] [INFO] [SelectedTilePanel] Checksum updated, getting units at selected tiles.
[2025-05-29 02:05:50] [INFO] [SelectedTilePanel] Updated selected tile display to view Wyta
