[2025-04-12 20:46:22] [INFO] [UnitTable] Started initializing UnitTable
[2025-04-12 20:46:22] [INFO] [EmeritusDatabase] Started initializing EmeritusDatabase
[2025-04-12 20:46:22] [INFO] [EmeritusDatabase] Finished initializing EmeritusDatabase
[2025-04-12 20:46:22] [INFO] [UnitTable] Successfully initialized UnitTable
[2025-04-12 20:46:22] [INFO] [UnitTable] Finished initializing UnitTable
[2025-04-12 20:46:22] [INFO] [AbilityTable] Started initializing AbilityTable
[2025-04-12 20:46:22] [INFO] [AbilityTable] Finished initializing AbilityTable
[2025-04-12 20:46:22] [INFO] [UserSaveStateManager] Started loading user save data
[2025-04-12 20:46:22] [INFO] [UserSaveStateManager] Finished loading user save data
[2025-04-12 20:46:22] [INFO] [AssetPool] Started initializing AssetPool
[2025-04-12 20:46:22] [INFO] [AssetNameSpace] Started loading Sprite's from ./res/graphics
[2025-04-12 20:46:22] [INFO] [AssetNameSpace] Finished reading files for sprites
[2025-04-12 20:46:22] [INFO] [AssetNameSpace] Finished loading ./res/graphics
[2025-04-12 20:46:22] [INFO] [AssetPool] Finished initializing AssetPool
[2025-04-12 20:46:22] [INFO] [Component] Setting dark_dragon_Yulqyu_56702fdc-6636-48e8-b867-af446af807ac on to {"spawn_region":[],"collider":"","unit":"dark_dragon_Yulqyu_56702fdc-6636-48e8-b867-af446af807ac","column":1,"layers":[],"row":2,"structure":"","height":0}.
[2025-04-12 20:46:22] [INFO] [SpeedQueue] Added unit enemy:Yulqyu into queue
[2025-04-12 20:46:22] [INFO] [Component] Setting dragon_Uyxubm_a3997132-772d-4f9d-b9ed-6929b2ea6920 on to {"spawn_region":[],"collider":"","unit":"dragon_Uyxubm_a3997132-772d-4f9d-b9ed-6929b2ea6920","column":3,"layers":[],"row":4,"structure":"","height":0}.
[2025-04-12 20:46:22] [INFO] [SpeedQueue] Added unit enemy:Uyxubm into queue
[2025-04-12 20:46:22] [INFO] [Component] Setting dragon_Ealni_0ec152cb-a703-4484-ae84-da6c585aaf70 on to {"spawn_region":[],"collider":"","unit":"dragon_Ealni_0ec152cb-a703-4484-ae84-da6c585aaf70","column":1,"layers":[],"row":3,"structure":"","height":0}.
[2025-04-12 20:46:22] [INFO] [SpeedQueue] Added unit enemy:Ealni into queue
[2025-04-12 20:46:22] [INFO] [Component] Setting water_dragon_Oykyvx_7b696857-8a78-43f3-9ebf-49d2ce6230a0 on to {"spawn_region":[],"collider":"","unit":"water_dragon_Oykyvx_7b696857-8a78-43f3-9ebf-49d2ce6230a0","column":6,"layers":[],"row":5,"structure":"","height":0}.
[2025-04-12 20:46:22] [INFO] [SpeedQueue] Added unit enemy:Oykyvx into queue
[2025-04-12 20:46:22] [INFO] [Component] Setting dragon_Hymez_aaff0971-e88e-4398-8f90-4c6843822d1b on to {"spawn_region":[],"collider":"","unit":"dragon_Hymez_aaff0971-e88e-4398-8f90-4c6843822d1b","column":3,"layers":[],"row":7,"structure":"","height":0}.
[2025-04-12 20:46:22] [INFO] [SpeedQueue] Added unit enemy:Hymez into queue
[2025-04-12 20:46:22] [INFO] [Component] Setting water_dragon_Coqaum_73fd871b-74f6-44f0-8644-467386aa501b on to {"spawn_region":[],"collider":"","unit":"water_dragon_Coqaum_73fd871b-74f6-44f0-8644-467386aa501b","column":0,"layers":[],"row":6,"structure":"","height":0}.
[2025-04-12 20:46:22] [INFO] [SpeedQueue] Added unit enemy:Coqaum into queue
[2025-04-12 20:46:22] [INFO] [Component] Setting fire_dragon_Ouji_21db7b49-c577-492a-b432-c0f0cc62795f on to {"spawn_region":[],"collider":"","unit":"fire_dragon_Ouji_21db7b49-c577-492a-b432-c0f0cc62795f","column":5,"layers":[],"row":1,"structure":"","height":0}.
[2025-04-12 20:46:22] [INFO] [SpeedQueue] Added unit enemy:Ouji into queue
[2025-04-12 20:46:22] [INFO] [Component] Setting dragon_Oena_649f650d-ffb5-4a9a-999d-b193eaae073d on to {"spawn_region":[],"collider":"","unit":"dragon_Oena_649f650d-ffb5-4a9a-999d-b193eaae073d","column":0,"layers":[],"row":0,"structure":"","height":0}.
[2025-04-12 20:46:22] [INFO] [SpeedQueue] Added unit user:Oena into queue
[2025-04-12 20:46:22] [INFO] [Component] Setting dragon_Denq_346dbf59-991d-4ec3-a94e-8442e3aa6c1f on to {"spawn_region":[],"collider":"","unit":"dragon_Denq_346dbf59-991d-4ec3-a94e-8442e3aa6c1f","column":4,"layers":[],"row":4,"structure":"","height":0}.
[2025-04-12 20:46:22] [INFO] [SpeedQueue] Added unit user:Denq into queue
[2025-04-12 20:46:22] [INFO] [Component] Setting earth_dragon_Kiti_c0f4998d-2722-40d7-81f7-9ac24bbee7f1 on to {"spawn_region":[],"collider":"","unit":"earth_dragon_Kiti_c0f4998d-2722-40d7-81f7-9ac24bbee7f1","column":6,"layers":[],"row":3,"structure":"","height":0}.
[2025-04-12 20:46:22] [INFO] [SpeedQueue] Added unit user:Kiti into queue
[2025-04-12 20:46:22] [INFO] [Component] Setting water_dragon_Wavqy_88b51541-a197-474e-a1d2-4849a8d97dc3 on to {"spawn_region":[],"collider":"","unit":"water_dragon_Wavqy_88b51541-a197-474e-a1d2-4849a8d97dc3","column":1,"layers":[],"row":1,"structure":"","height":0}.
[2025-04-12 20:46:22] [INFO] [SpeedQueue] Added unit user:Wavqy into queue
[2025-04-12 20:46:22] [INFO] [EngineController] Started setting scene to MENU_SCENE
[2025-04-12 20:46:23] [INFO] [EngineController] Finished setting scene to MENU_SCENE
[2025-04-12 20:46:23] [INFO] [EngineController] Started setting scene to GAME_SCENE
[2025-04-12 20:46:23] [INFO] [FontPool] Started initializing FontPool
[2025-04-12 20:46:23] [INFO] [FontPool] ✅ Successfully loaded font: Lilian
[2025-04-12 20:46:23] [INFO] [EngineController] Finished setting scene to GAME_SCENE
[2025-04-12 20:46:23] [INFO] [SpeedQueue] Speed queue updated.
[2025-04-12 20:46:23] [INFO] [AbilityPanel] Updating ability selection for dragon_Hymez_aaff0971-e88e-4398-8f90-4c6843822d1b
[2025-04-12 20:46:23] [INFO] [AbilityPanel] Finished ability selection for dragon_Hymez_aaff0971-e88e-4398-8f90-4c6843822d1b
[2025-04-12 20:46:23] [INFO] [MovementPanel] Started update to Movement Information panel.
[2025-04-12 20:46:23] [INFO] [MovementPanel] Finished update to Movement Information panel.
[2025-04-12 20:46:23] [INFO] [TimeLinePanel] Started updating the timeline panel after turn order has changed.
[2025-04-12 20:46:23] [INFO] [TimeLinePanel] Finished updating the timeline panel after turn order has changed.
[2025-04-12 20:46:23] [INFO] [SelectedTilePanel] Checksum updated, getting units at selected tiles.
[2025-04-12 20:46:23] [INFO] [SelectedTilePanel] Either no unit selected or more than one unit selected
[2025-04-12 20:46:23] [INFO] [StatisticsPanel] Started updating Statistics Information Panel for entity dragon_Hymez_aaff0971-e88e-4398-8f90-4c6843822d1b
[2025-04-12 20:46:23] [INFO] [StatisticsPanel] Finished updating Statistics Information Panel for entity dragon_Hymez_aaff0971-e88e-4398-8f90-4c6843822d1b
[2025-04-12 20:46:23] [INFO] [StatisticsPanel] Started updating statistics information panel
[2025-04-12 20:46:23] [INFO] [StatisticsPanel] Finished updating statistics information panel
[2025-04-12 20:46:23] [INFO] [GreaterAbilityPanel] Started updating Greater Ability Information Panel
[2025-04-12 20:46:23] [INFO] [GreaterAbilityPanel] Finished updating Greater Ability Information Panel
[2025-04-12 20:46:23] [INFO] [VisualsSystem] Started creating blurred background
[2025-04-12 20:46:24] [INFO] [VisualsSystem] Finished creating blurred background after 0.48365429043769836 seconds
