[2025-03-30 15:38:26] [INFO] [UserSaveStateManager] Started loading user save data
[2025-03-30 15:38:26] [INFO] [UserSaveStateManager] Finished loading user save data
[2025-03-30 15:38:26] [INFO] [JsonDatabase] Started initializing JsonDatabase
[2025-03-30 15:38:26] [INFO] [JsonTable] Started initializing JsonTable
[2025-03-30 15:38:26] [INFO] [JsonTable] Successfully initialized JsonTable
[2025-03-30 15:38:26] [INFO] [JsonTable] Finished initializing JsonTable
[2025-03-30 15:38:26] [INFO] [JsonTable] Started initializing JsonTable
[2025-03-30 15:38:26] [INFO] [JsonTable] Successfully initialized JsonTable
[2025-03-30 15:38:26] [INFO] [JsonTable] Finished initializing JsonTable
[2025-03-30 15:38:26] [INFO] [JsonTable] Started initializing JsonTable
[2025-03-30 15:38:26] [INFO] [JsonTable] Successfully initialized JsonTable
[2025-03-30 15:38:26] [INFO] [JsonTable] Finished initializing JsonTable
[2025-03-30 15:38:26] [INFO] [JsonDatabase] Successfully initialized JsonDatabase
[2025-03-30 15:38:26] [INFO] [JsonDatabase] Finished initializing JsonDatabase
[2025-03-30 15:38:26] [INFO] [AssetPool] Started initializing AssetPool
[2025-03-30 15:38:26] [INFO] [AssetNameSpace] Started loading Sprite's from ./res/graphics
[2025-03-30 15:38:26] [INFO] [AssetNameSpace] Finished reading files for sprites
[2025-03-30 15:38:26] [INFO] [AssetNameSpace] Finished loading ./res/graphics
[2025-03-30 15:38:26] [INFO] [AssetPool] Finished initializing AssetPool
[2025-03-30 15:38:26] [INFO] [UnitDatabase] Started initializing UnitDatabase
[2025-03-30 15:38:26] [INFO] [UnitDatabase] Successfully initialized UnitDatabase
[2025-03-30 15:38:26] [INFO] [UnitDatabase] Finished initializing UnitDatabase
[2025-03-30 15:38:26] [INFO] [Component] Setting 925a9f02-2656-44c7-983b-6edc4927b0d0 on to 509b220e-4835-43c7-b8ba-9282d52947f6.
[2025-03-30 15:38:26] [INFO] [SpeedQueue] Added unit enemy:Jouepo into queue
[2025-03-30 15:38:26] [INFO] [Component] Setting a87d3d8e-9371-478f-9cf8-f8f78a47b708 on to 83635f3f-e118-4593-959e-db7df42b2e74.
[2025-03-30 15:38:26] [INFO] [SpeedQueue] Added unit enemy:Eegra into queue
[2025-03-30 15:38:26] [INFO] [Component] Setting 86110b4f-a4fb-4848-83e6-a0ce253537e9 on to 0ded5a1d-ff98-4c52-a0f4-116718def226.
[2025-03-30 15:38:26] [INFO] [SpeedQueue] Added unit enemy:Zasb into queue
[2025-03-30 15:38:26] [INFO] [Component] Setting e839dda9-8f33-4fb9-9dd7-62c75ba71826 on to 27443227-849f-42ad-89c8-8931f4d0e801.
[2025-03-30 15:38:26] [INFO] [SpeedQueue] Added unit enemy:Dizo into queue
[2025-03-30 15:38:26] [INFO] [Component] Setting 7eb7bfec-bc95-4685-9cc5-a0e6cc2ec6bd on to 769ce8da-617e-4d13-8846-36db7cb3fb3c.
[2025-03-30 15:38:26] [INFO] [SpeedQueue] Added unit user:Uece into queue
[2025-03-30 15:38:26] [INFO] [Component] Setting 669d3f6f-a925-423c-94bd-37d6d40f9d5e on to bc9d8813-2b5c-4f1c-9bcb-612f9d333c39.
[2025-03-30 15:38:26] [INFO] [SpeedQueue] Added unit user:Zytiyv into queue
[2025-03-30 15:38:26] [INFO] [Component] Setting e1370807-3718-43e7-b9b7-f34a3374a646 on to 36d5c7a1-34de-48ee-8238-56f4bc0ac01b.
[2025-03-30 15:38:26] [INFO] [SpeedQueue] Added unit user:Cirezc into queue
[2025-03-30 15:38:26] [INFO] [Component] Setting f51e20d5-a87b-46a6-a513-22b964671fd8 on to cb5a24fa-7704-4a7a-a311-d5c1c9c980f9.
[2025-03-30 15:38:26] [INFO] [SpeedQueue] Added unit user:Wuym into queue
[2025-03-30 15:38:26] [INFO] [EngineController] Started setting scene to MENU_SCENE
[2025-03-30 15:38:27] [INFO] [EngineController] Finished setting scene to MENU_SCENE
[2025-03-30 15:38:27] [INFO] [EngineController] Started setting scene to MAP_EDITOR_SCENE
[2025-03-30 15:38:27] [INFO] [FontPool] Started initializing FontPool
[2025-03-30 15:38:27] [INFO] [FontPool] ✅ Successfully loaded font: Lilian
[2025-03-30 15:38:27] [INFO] [MapEditorScene] Starting to create new GameController!
[2025-03-30 15:38:27] [INFO] [MapEditorScene] Successfully created new GameController!
[2025-03-30 15:38:27] [INFO] [EngineController] Finished setting scene to MAP_EDITOR_SCENE
[2025-03-30 15:38:27] [INFO] [InputHandler] Gliding main.camera camera to new tile 86aad6e2-65d8-48c2-82dc-e162906b9f46
[2025-03-30 15:38:27] [INFO] [VisualsSystem] Started creating blurred background
[2025-03-30 15:38:27] [INFO] [TimeLinePanel] Started updating the timeline panel after turn order has changed.
[2025-03-30 15:38:27] [INFO] [TimeLinePanel] Finished updating the timeline panel after turn order has changed.
[2025-03-30 15:38:27] [INFO] [SelectedTilePanel] Checksum updated, getting units at selected tiles.
[2025-03-30 15:38:27] [INFO] [SelectedTilePanel] Either no unit selected or more than one unit selected
[2025-03-30 15:38:28] [INFO] [VisualsSystem] Finished creating blurred background after 0.3000752925872803 seconds
[2025-03-30 15:38:28] [INFO] [MapEditorScene] Updated hoveredTilePanes 881,393
[2025-03-30 15:38:28] [INFO] [MapEditorScene] Updated hoveredTilePanes 876,393
[2025-03-30 15:38:28] [INFO] [MapEditorScene] Updated hoveredTilePanes 870,393
[2025-03-30 15:38:28] [INFO] [MapEditorScene] Updated hoveredTilePanes 861,393
[2025-03-30 15:38:28] [INFO] [MapEditorScene] Updated hoveredTilePanes 852,393
[2025-03-30 15:38:28] [INFO] [MapEditorScene] Updated hoveredTilePanes 841,395
[2025-03-30 15:38:28] [INFO] [MapEditorScene] Updated hoveredTilePanes 827,396
[2025-03-30 15:38:28] [INFO] [MapEditorScene] Updated hoveredTilePanes 816,396
[2025-03-30 15:38:28] [INFO] [MapEditorScene] Updated hoveredTilePanes 805,398
[2025-03-30 15:38:28] [INFO] [MapEditorScene] Updated hoveredTilePanes 791,399
[2025-03-30 15:38:28] [INFO] [MapEditorScene] Updated hoveredTilePanes 780,399
[2025-03-30 15:38:28] [INFO] [MapEditorScene] Updated hoveredTilePanes 768,399
[2025-03-30 15:38:28] [INFO] [MapEditorScene] Updated hoveredTilePanes 757,399
[2025-03-30 15:38:28] [INFO] [MapEditorScene] Updated hoveredTilePanes 746,399
[2025-03-30 15:38:28] [INFO] [MapEditorScene] Updated hoveredTilePanes 741,399
[2025-03-30 15:38:28] [INFO] [MapEditorScene] Updated hoveredTilePanes 735,399
[2025-03-30 15:38:28] [INFO] [MapEditorScene] Updated hoveredTilePanes 728,399
[2025-03-30 15:38:28] [INFO] [MapEditorScene] Updated hoveredTilePanes 722,399
[2025-03-30 15:38:28] [INFO] [MapEditorScene] Updated hoveredTilePanes 717,399
[2025-03-30 15:38:28] [INFO] [MapEditorScene] Updated hoveredTilePanes 714,399
[2025-03-30 15:38:28] [INFO] [MapEditorScene] Updated hoveredTilePanes 712,399
[2025-03-30 15:38:28] [INFO] [MapEditorScene] Updated hoveredTilePanes 709,399
[2025-03-30 15:38:29] [INFO] [MapEditorScene] Updated hoveredTilePanes 708,399
[2025-03-30 15:38:29] [INFO] [MapEditorScene] Updated hoveredTilePanes 707,399
[2025-03-30 15:38:29] [INFO] [MapEditorScene] Updated hoveredTilePanes 706,399
[2025-03-30 15:38:29] [INFO] [MapEditorScene] Updated hoveredTilePanes 705,400
[2025-03-30 15:38:29] [INFO] [MapEditorScene] Updated hoveredTilePanes 704,400
[2025-03-30 15:38:29] [INFO] [MapEditorScene] Updated hoveredTilePanes 703,401
[2025-03-30 15:38:29] [INFO] [MapEditorScene] Updated hoveredTilePanes 702,402
[2025-03-30 15:38:29] [INFO] [MapEditorScene] Updated hoveredTilePanes 701,404
[2025-03-30 15:38:29] [INFO] [MapEditorScene] Updated hoveredTilePanes 699,406
[2025-03-30 15:38:29] [INFO] [MapEditorScene] Updated hoveredTilePanes 697,407
[2025-03-30 15:38:29] [INFO] [MapEditorScene] Updated hoveredTilePanes 696,408
[2025-03-30 15:38:29] [INFO] [MapEditorScene] Updated hoveredTilePanes 694,409
[2025-03-30 15:38:29] [INFO] [MapEditorScene] Updated hoveredTilePanes 692,411
[2025-03-30 15:38:29] [INFO] [MapEditorScene] Updated hoveredTilePanes 690,412
[2025-03-30 15:38:29] [INFO] [MapEditorScene] Updated hoveredTilePanes 686,414
[2025-03-30 15:38:29] [INFO] [MapEditorScene] Updated hoveredTilePanes 684,415
[2025-03-30 15:38:29] [INFO] [MapEditorScene] Updated hoveredTilePanes 680,418
[2025-03-30 15:38:29] [INFO] [MapEditorScene] Updated hoveredTilePanes 677,419
[2025-03-30 15:38:29] [INFO] [MapEditorScene] Updated hoveredTilePanes 674,421
[2025-03-30 15:38:29] [INFO] [MapEditorScene] Updated hoveredTilePanes 669,424
[2025-03-30 15:38:29] [INFO] [MapEditorScene] Updated hoveredTilePanes 666,426
[2025-03-30 15:38:29] [INFO] [MapEditorScene] Updated hoveredTilePanes 661,428
[2025-03-30 15:38:29] [INFO] [MapEditorScene] Updated hoveredTilePanes 658,430
[2025-03-30 15:38:29] [INFO] [MapEditorScene] Updated hoveredTilePanes 654,433
[2025-03-30 15:38:29] [INFO] [MapEditorScene] Updated hoveredTilePanes 651,435
[2025-03-30 15:38:29] [INFO] [MapEditorScene] Updated hoveredTilePanes 648,436
[2025-03-30 15:38:29] [INFO] [MapEditorScene] Updated hoveredTilePanes 645,438
[2025-03-30 15:38:29] [INFO] [MapEditorScene] Updated hoveredTilePanes 642,440
[2025-03-30 15:38:29] [INFO] [MapEditorScene] Updated hoveredTilePanes 640,441
[2025-03-30 15:38:29] [INFO] [MapEditorScene] Updated hoveredTilePanes 638,443
[2025-03-30 15:38:29] [INFO] [MapEditorScene] Updated hoveredTilePanes 636,443
[2025-03-30 15:38:29] [INFO] [MapEditorScene] Updated hoveredTilePanes 634,445
[2025-03-30 15:38:29] [INFO] [MapEditorScene] Updated hoveredTilePanes 633,445
[2025-03-30 15:38:29] [INFO] [MapEditorScene] Updated hoveredTilePanes 632,446
[2025-03-30 15:38:29] [INFO] [MapEditorScene] Updated hoveredTilePanes 631,447
[2025-03-30 15:38:29] [INFO] [MapEditorScene] Updated hoveredTilePanes 630,447
[2025-03-30 15:38:29] [INFO] [MapEditorScene] Updated hoveredTilePanes 630,448
[2025-03-30 15:38:29] [INFO] [MapEditorScene] Updated hoveredTilePanes 629,448
[2025-03-30 15:38:29] [INFO] [MapEditorScene] Updated hoveredTilePanes 629,449
[2025-03-30 15:38:29] [INFO] [MapEditorScene] Updated hoveredTilePanes 628,449
[2025-03-30 15:38:29] [INFO] [MapEditorScene] Updated hoveredTilePanes 627,450
[2025-03-30 15:38:29] [INFO] [MapEditorScene] Updated hoveredTilePanes 626,451
[2025-03-30 15:38:29] [INFO] [MapEditorScene] Updated hoveredTilePanes 625,452
[2025-03-30 15:38:29] [INFO] [MapEditorScene] Updated hoveredTilePanes 623,453
[2025-03-30 15:38:29] [INFO] [MapEditorScene] Updated hoveredTilePanes 621,455
[2025-03-30 15:38:29] [INFO] [MapEditorScene] Updated hoveredTilePanes 618,457
[2025-03-30 15:38:29] [INFO] [MapEditorScene] Updated hoveredTilePanes 616,458
[2025-03-30 15:38:29] [INFO] [MapEditorScene] Updated hoveredTilePanes 614,461
[2025-03-30 15:38:29] [INFO] [MapEditorScene] Updated hoveredTilePanes 611,462
[2025-03-30 15:38:29] [INFO] [MapEditorScene] Updated hoveredTilePanes 608,465
[2025-03-30 15:38:29] [INFO] [MapEditorScene] Updated hoveredTilePanes 604,468
[2025-03-30 15:38:29] [INFO] [MapEditorScene] Updated hoveredTilePanes 602,470
[2025-03-30 15:38:29] [INFO] [MapEditorScene] Updated hoveredTilePanes 599,472
[2025-03-30 15:38:29] [INFO] [MapEditorScene] Updated hoveredTilePanes 596,474
[2025-03-30 15:38:29] [INFO] [MapEditorScene] Updated hoveredTilePanes 594,477
[2025-03-30 15:38:29] [INFO] [MapEditorScene] Updated hoveredTilePanes 590,479
[2025-03-30 15:38:29] [INFO] [MapEditorScene] Updated hoveredTilePanes 588,481
[2025-03-30 15:38:29] [INFO] [MapEditorScene] Updated hoveredTilePanes 587,483
[2025-03-30 15:38:29] [INFO] [MapEditorScene] Updated hoveredTilePanes 584,485
[2025-03-30 15:38:29] [INFO] [MapEditorScene] Updated hoveredTilePanes 582,487
[2025-03-30 15:38:29] [INFO] [MapEditorScene] Updated hoveredTilePanes 581,489
[2025-03-30 15:38:29] [INFO] [MapEditorScene] Updated hoveredTilePanes 579,490
[2025-03-30 15:38:29] [INFO] [MapEditorScene] Updated hoveredTilePanes 578,491
[2025-03-30 15:38:29] [INFO] [MapEditorScene] Updated hoveredTilePanes 577,492
[2025-03-30 15:38:29] [INFO] [MapEditorScene] Updated hoveredTilePanes 575,493
[2025-03-30 15:38:29] [INFO] [MapEditorScene] Updated hoveredTilePanes 574,494
[2025-03-30 15:38:30] [INFO] [MapEditorScene] Updated hoveredTilePanes 572,496
[2025-03-30 15:38:30] [INFO] [MapEditorScene] Updated hoveredTilePanes 571,497
[2025-03-30 15:38:30] [INFO] [MapEditorScene] Updated hoveredTilePanes 570,498
[2025-03-30 15:38:30] [INFO] [MapEditorScene] Updated hoveredTilePanes 569,499
[2025-03-30 15:38:30] [INFO] [MapEditorScene] Updated hoveredTilePanes 568,500
[2025-03-30 15:38:30] [INFO] [MapEditorScene] Updated hoveredTilePanes 567,501
[2025-03-30 15:38:30] [INFO] [MapEditorScene] Updated hoveredTilePanes 567,502
[2025-03-30 15:38:30] [INFO] [MapEditorScene] Updated hoveredTilePanes 566,502
[2025-03-30 15:38:30] [INFO] [MapEditorScene] Updated hoveredTilePanes 565,503
[2025-03-30 15:38:30] [INFO] [MapEditorScene] Updated hoveredTilePanes 564,504
[2025-03-30 15:38:30] [INFO] [MapEditorScene] Updated hoveredTilePanes 563,505
[2025-03-30 15:38:30] [INFO] [MapEditorScene] Updated hoveredTilePanes 561,505
[2025-03-30 15:38:30] [INFO] [MapEditorScene] Updated hoveredTilePanes 560,507
[2025-03-30 15:38:30] [INFO] [MapEditorScene] Updated hoveredTilePanes 559,508
[2025-03-30 15:38:30] [INFO] [MapEditorScene] Updated hoveredTilePanes 557,510
[2025-03-30 15:38:30] [INFO] [MapEditorScene] Updated hoveredTilePanes 556,511
[2025-03-30 15:38:30] [INFO] [MapEditorScene] Updated hoveredTilePanes 554,512
[2025-03-30 15:38:30] [INFO] [MapEditorScene] Updated hoveredTilePanes 553,514
[2025-03-30 15:38:30] [INFO] [MapEditorScene] Updated hoveredTilePanes 550,517
[2025-03-30 15:38:30] [INFO] [MapEditorScene] Updated hoveredTilePanes 549,518
[2025-03-30 15:38:30] [INFO] [MapEditorScene] Updated hoveredTilePanes 547,520
[2025-03-30 15:38:30] [INFO] [MapEditorScene] Updated hoveredTilePanes 544,523
[2025-03-30 15:38:30] [INFO] [MapEditorScene] Updated hoveredTilePanes 542,525
[2025-03-30 15:38:30] [INFO] [MapEditorScene] Updated hoveredTilePanes 541,527
[2025-03-30 15:38:30] [INFO] [MapEditorScene] Updated hoveredTilePanes 538,529
[2025-03-30 15:38:30] [INFO] [MapEditorScene] Updated hoveredTilePanes 537,530
[2025-03-30 15:38:30] [INFO] [MapEditorScene] Updated hoveredTilePanes 536,532
[2025-03-30 15:38:30] [INFO] [MapEditorScene] Updated hoveredTilePanes 535,533
[2025-03-30 15:38:30] [INFO] [MapEditorScene] Updated hoveredTilePanes 534,534
[2025-03-30 15:38:30] [INFO] [MapEditorScene] Updated hoveredTilePanes 534,535
[2025-03-30 15:38:30] [INFO] [MapEditorScene] Updated hoveredTilePanes 534,536
[2025-03-30 15:38:30] [INFO] [MapEditorScene] Updated hoveredTilePanes 533,536
[2025-03-30 15:38:30] [INFO] [MapEditorScene] Updated hoveredTilePanes 533,537
[2025-03-30 15:38:30] [INFO] [MapEditorScene] Updated hoveredTilePanes 533,536
[2025-03-30 15:38:30] [INFO] [MapEditorScene] Updated hoveredTilePanes 533,534
[2025-03-30 15:38:30] [INFO] [MapEditorScene] Updated hoveredTilePanes 533,532
[2025-03-30 15:38:30] [INFO] [MapEditorScene] Updated hoveredTilePanes 533,531
[2025-03-30 15:38:30] [INFO] [MapEditorScene] Updated hoveredTilePanes 533,529
[2025-03-30 15:38:30] [INFO] [MapEditorScene] Updated hoveredTilePanes 533,528
[2025-03-30 15:38:31] [INFO] [MapEditorScene] Updated hoveredTilePanes 533,527
[2025-03-30 15:38:31] [INFO] [MapEditorScene] Updated hoveredTilePanes 533,526
[2025-03-30 15:38:31] [INFO] [MapEditorScene] Updated hoveredTilePanes 532,525
[2025-03-30 15:38:31] [INFO] [MapEditorScene] Updated hoveredTilePanes 532,524
[2025-03-30 15:38:31] [INFO] [MapEditorScene] Updated hoveredTilePanes 531,523
[2025-03-30 15:38:31] [INFO] [MapEditorScene] Updated hoveredTilePanes 531,522
[2025-03-30 15:38:31] [INFO] [MapEditorScene] Updated hoveredTilePanes 530,522
[2025-03-30 15:38:31] [INFO] [MapEditorScene] Updated hoveredTilePanes 530,521
[2025-03-30 15:38:31] [INFO] [MapEditorScene] Updated hoveredTilePanes 530,520
[2025-03-30 15:38:31] [INFO] [MapEditorScene] Updated hoveredTilePanes 529,518
[2025-03-30 15:38:31] [INFO] [MapEditorScene] Updated hoveredTilePanes 528,516
[2025-03-30 15:38:31] [INFO] [MapEditorScene] Updated hoveredTilePanes 528,514
[2025-03-30 15:38:31] [INFO] [MapEditorScene] Updated hoveredTilePanes 527,512
[2025-03-30 15:38:31] [INFO] [MapEditorScene] Updated hoveredTilePanes 526,510
[2025-03-30 15:38:31] [INFO] [MapEditorScene] Updated hoveredTilePanes 525,508
[2025-03-30 15:38:31] [INFO] [MapEditorScene] Updated hoveredTilePanes 525,507
[2025-03-30 15:38:31] [INFO] [MapEditorScene] Updated hoveredTilePanes 524,506
[2025-03-30 15:38:31] [INFO] [MapEditorScene] Updated hoveredTilePanes 523,504
[2025-03-30 15:38:31] [INFO] [MapEditorScene] Updated hoveredTilePanes 522,503
[2025-03-30 15:38:31] [INFO] [MapEditorScene] Updated hoveredTilePanes 521,503
[2025-03-30 15:38:31] [INFO] [MapEditorScene] Updated hoveredTilePanes 520,502
[2025-03-30 15:38:31] [INFO] [MapEditorScene] Updated hoveredTilePanes 519,501
[2025-03-30 15:38:31] [INFO] [MapEditorScene] Updated hoveredTilePanes 518,500
[2025-03-30 15:38:31] [INFO] [MapEditorScene] Updated hoveredTilePanes 517,500
[2025-03-30 15:38:31] [INFO] [MapEditorScene] Updated hoveredTilePanes 516,500
[2025-03-30 15:38:31] [INFO] [MapEditorScene] Updated hoveredTilePanes 515,499
[2025-03-30 15:38:31] [INFO] [MapEditorScene] Updated hoveredTilePanes 514,498
[2025-03-30 15:38:31] [INFO] [MapEditorScene] Updated hoveredTilePanes 514,497
[2025-03-30 15:38:31] [INFO] [MapEditorScene] Updated hoveredTilePanes 513,496
[2025-03-30 15:38:31] [INFO] [MapEditorScene] Updated hoveredTilePanes 513,495
[2025-03-30 15:38:31] [INFO] [MapEditorScene] Updated hoveredTilePanes 512,495
[2025-03-30 15:38:31] [INFO] [MapEditorScene] Updated hoveredTilePanes 512,494
[2025-03-30 15:38:31] [INFO] [MapEditorScene] Updated hoveredTilePanes 511,494
[2025-03-30 15:38:31] [INFO] [MapEditorScene] Updated hoveredTilePanes 511,493
[2025-03-30 15:38:31] [INFO] [MapEditorScene] Updated hoveredTilePanes 510,493
[2025-03-30 15:38:31] [INFO] [MapEditorScene] Updated hoveredTilePanes 509,492
[2025-03-30 15:38:31] [INFO] [MapEditorScene] Updated hoveredTilePanes 508,492
[2025-03-30 15:38:31] [INFO] [MapEditorScene] Updated hoveredTilePanes 508,491
[2025-03-30 15:38:31] [INFO] [MapEditorScene] Updated hoveredTilePanes 509,490
[2025-03-30 15:38:31] [INFO] [MapEditorScene] Updated hoveredTilePanes 510,490
[2025-03-30 15:38:31] [INFO] [MapEditorScene] Updated hoveredTilePanes 510,489
[2025-03-30 15:38:31] [INFO] [MapEditorScene] Updated hoveredTilePanes 511,489
[2025-03-30 15:38:31] [INFO] [MapEditorScene] Updated hoveredTilePanes 512,489
[2025-03-30 15:38:31] [INFO] [MapEditorScene] Updated hoveredTilePanes 512,488
[2025-03-30 15:38:31] [INFO] [MapEditorScene] Updated hoveredTilePanes 513,488
[2025-03-30 15:38:31] [INFO] [MapEditorScene] Updated hoveredTilePanes 513,487
[2025-03-30 15:38:31] [INFO] [MapEditorScene] Updated hoveredTilePanes 514,487
[2025-03-30 15:38:32] [INFO] [MapEditorScene] Updated hoveredTilePanes 515,487
[2025-03-30 15:38:32] [INFO] [MapEditorScene] Updated hoveredTilePanes 516,487
[2025-03-30 15:38:32] [INFO] [MapEditorScene] Updated hoveredTilePanes 517,487
[2025-03-30 15:38:32] [INFO] [MapEditorScene] Updated hoveredTilePanes 518,487
[2025-03-30 15:38:32] [INFO] [MapEditorScene] Updated hoveredTilePanes 519,487
[2025-03-30 15:38:32] [INFO] [MapEditorScene] Updated hoveredTilePanes 519,486
[2025-03-30 15:38:32] [INFO] [MapEditorScene] Updated hoveredTilePanes 520,486
[2025-03-30 15:38:32] [INFO] [MapEditorScene] Updated hoveredTilePanes 521,486
[2025-03-30 15:38:32] [INFO] [MapEditorScene] Updated hoveredTilePanes 522,486
[2025-03-30 15:38:32] [INFO] [MapEditorScene] Updated hoveredTilePanes 523,486
[2025-03-30 15:38:32] [INFO] [MapEditorScene] Updated hoveredTilePanes 524,486
[2025-03-30 15:38:32] [INFO] [MapEditorScene] Updated hoveredTilePanes 525,486
[2025-03-30 15:38:32] [INFO] [MapEditorScene] Updated hoveredTilePanes 526,485
[2025-03-30 15:38:32] [INFO] [MapEditorScene] Updated hoveredTilePanes 528,485
[2025-03-30 15:38:32] [INFO] [MapEditorScene] Updated hoveredTilePanes 529,485
[2025-03-30 15:38:32] [INFO] [MapEditorScene] Updated hoveredTilePanes 530,485
[2025-03-30 15:38:32] [INFO] [MapEditorScene] Updated hoveredTilePanes 532,485
[2025-03-30 15:38:32] [INFO] [MapEditorScene] Updated hoveredTilePanes 533,485
[2025-03-30 15:38:32] [INFO] [MapEditorScene] Updated hoveredTilePanes 535,484
[2025-03-30 15:38:32] [INFO] [MapEditorScene] Updated hoveredTilePanes 536,484
[2025-03-30 15:38:32] [INFO] [MapEditorScene] Updated hoveredTilePanes 537,484
[2025-03-30 15:38:32] [INFO] [MapEditorScene] Updated hoveredTilePanes 538,484
[2025-03-30 15:38:32] [INFO] [MapEditorScene] Updated hoveredTilePanes 539,484
[2025-03-30 15:38:32] [INFO] [MapEditorScene] Updated hoveredTilePanes 540,484
[2025-03-30 15:38:32] [INFO] [MapEditorScene] Updated hoveredTilePanes 541,484
[2025-03-30 15:38:32] [INFO] [MapEditorScene] Updated hoveredTilePanes 542,484
[2025-03-30 15:38:32] [INFO] [MapEditorScene] Updated hoveredTilePanes 543,483
[2025-03-30 15:38:32] [INFO] [MapEditorScene] Updated hoveredTilePanes 544,483
[2025-03-30 15:38:32] [INFO] [MapEditorScene] Updated hoveredTilePanes 545,483
[2025-03-30 15:38:32] [INFO] [MapEditorScene] Updated hoveredTilePanes 546,483
[2025-03-30 15:38:32] [INFO] [MapEditorScene] Updated hoveredTilePanes 547,483
[2025-03-30 15:38:32] [INFO] [MapEditorScene] Updated hoveredTilePanes 548,483
[2025-03-30 15:38:32] [INFO] [MapEditorScene] Updated hoveredTilePanes 550,483
[2025-03-30 15:38:32] [INFO] [MapEditorScene] Updated hoveredTilePanes 551,483
[2025-03-30 15:38:32] [INFO] [MapEditorScene] Updated hoveredTilePanes 552,483
[2025-03-30 15:38:32] [INFO] [MapEditorScene] Updated hoveredTilePanes 553,482
[2025-03-30 15:38:32] [INFO] [MapEditorScene] Updated hoveredTilePanes 554,482
[2025-03-30 15:38:32] [INFO] [MapEditorScene] Updated hoveredTilePanes 555,482
[2025-03-30 15:38:32] [INFO] [MapEditorScene] Updated hoveredTilePanes 556,482
[2025-03-30 15:38:32] [INFO] [MapEditorScene] Updated hoveredTilePanes 556,481
[2025-03-30 15:38:32] [INFO] [MapEditorScene] Updated hoveredTilePanes 557,481
[2025-03-30 15:38:32] [INFO] [MapEditorScene] Updated hoveredTilePanes 558,481
[2025-03-30 15:38:32] [INFO] [MapEditorScene] Updated hoveredTilePanes 559,481
[2025-03-30 15:38:32] [INFO] [MapEditorScene] Updated hoveredTilePanes 560,481
[2025-03-30 15:38:32] [INFO] [MapEditorScene] Updated hoveredTilePanes 561,480
[2025-03-30 15:38:32] [INFO] [MapEditorScene] Updated hoveredTilePanes 562,480
[2025-03-30 15:38:32] [INFO] [MapEditorScene] Updated hoveredTilePanes 563,480
[2025-03-30 15:38:32] [INFO] [MapEditorScene] Updated hoveredTilePanes 565,480
[2025-03-30 15:38:32] [INFO] [MapEditorScene] Updated hoveredTilePanes 566,479
[2025-03-30 15:38:32] [INFO] [MapEditorScene] Updated hoveredTilePanes 568,478
[2025-03-30 15:38:32] [INFO] [MapEditorScene] Updated hoveredTilePanes 569,478
[2025-03-30 15:38:32] [INFO] [MapEditorScene] Updated hoveredTilePanes 570,478
[2025-03-30 15:38:32] [INFO] [MapEditorScene] Updated hoveredTilePanes 572,477
[2025-03-30 15:38:32] [INFO] [MapEditorScene] Updated hoveredTilePanes 573,477
[2025-03-30 15:38:32] [INFO] [MapEditorScene] Updated hoveredTilePanes 574,477
[2025-03-30 15:38:32] [INFO] [MapEditorScene] Updated hoveredTilePanes 576,476
[2025-03-30 15:38:32] [INFO] [MapEditorScene] Updated hoveredTilePanes 577,475
[2025-03-30 15:38:32] [INFO] [MapEditorScene] Updated hoveredTilePanes 578,475
[2025-03-30 15:38:32] [INFO] [MapEditorScene] Updated hoveredTilePanes 580,474
[2025-03-30 15:38:32] [INFO] [MapEditorScene] Updated hoveredTilePanes 581,474
[2025-03-30 15:38:32] [INFO] [MapEditorScene] Updated hoveredTilePanes 582,473
[2025-03-30 15:38:33] [INFO] [MapEditorScene] Updated hoveredTilePanes 583,473
[2025-03-30 15:38:33] [INFO] [MapEditorScene] Updated hoveredTilePanes 584,473
[2025-03-30 15:38:33] [INFO] [MapEditorScene] Updated hoveredTilePanes 584,474
[2025-03-30 15:38:33] [INFO] [MapEditorScene] Updated hoveredTilePanes 585,474
[2025-03-30 15:38:33] [INFO] [MapEditorScene] Updated hoveredTilePanes 585,475
[2025-03-30 15:38:33] [INFO] [MapEditorScene] Updated hoveredTilePanes 586,475
[2025-03-30 15:38:33] [INFO] [MapEditorScene] Updated hoveredTilePanes 587,476
[2025-03-30 15:38:33] [INFO] [MapEditorScene] Updated hoveredTilePanes 588,477
[2025-03-30 15:38:33] [INFO] [MapEditorScene] Updated hoveredTilePanes 589,478
[2025-03-30 15:38:33] [INFO] [MapEditorScene] Updated hoveredTilePanes 591,479
[2025-03-30 15:38:33] [INFO] [MapEditorScene] Updated hoveredTilePanes 592,480
[2025-03-30 15:38:33] [INFO] [MapEditorScene] Updated hoveredTilePanes 593,481
[2025-03-30 15:38:33] [INFO] [MapEditorScene] Updated hoveredTilePanes 594,482
[2025-03-30 15:38:33] [INFO] [MapEditorScene] Updated hoveredTilePanes 594,483
[2025-03-30 15:38:33] [INFO] [MapEditorScene] Updated hoveredTilePanes 595,484
[2025-03-30 15:38:33] [INFO] [MapEditorScene] Updated hoveredTilePanes 597,485
[2025-03-30 15:38:33] [INFO] [MapEditorScene] Updated hoveredTilePanes 598,486
[2025-03-30 15:38:33] [INFO] [MapEditorScene] Updated hoveredTilePanes 598,487
[2025-03-30 15:38:33] [INFO] [MapEditorScene] Updated hoveredTilePanes 600,488
[2025-03-30 15:38:33] [INFO] [MapEditorScene] Updated hoveredTilePanes 600,489
[2025-03-30 15:38:33] [INFO] [MapEditorScene] Updated hoveredTilePanes 601,489
[2025-03-30 15:38:33] [INFO] [MapEditorScene] Updated hoveredTilePanes 601,490
[2025-03-30 15:38:33] [INFO] [MapEditorScene] Updated hoveredTilePanes 601,491
[2025-03-30 15:38:33] [INFO] [MapEditorScene] Updated hoveredTilePanes 602,491
[2025-03-30 15:38:33] [INFO] [MapEditorScene] Updated hoveredTilePanes 602,492
[2025-03-30 15:38:33] [INFO] [MapEditorScene] Updated hoveredTilePanes 603,492
[2025-03-30 15:38:33] [INFO] [MapEditorScene] Updated hoveredTilePanes 603,493
[2025-03-30 15:38:33] [INFO] [MapEditorScene] Updated hoveredTilePanes 603,494
[2025-03-30 15:38:33] [INFO] [MapEditorScene] Updated hoveredTilePanes 604,494
[2025-03-30 15:38:33] [INFO] [MapEditorScene] Updated hoveredTilePanes 604,495
[2025-03-30 15:38:33] [INFO] [MapEditorScene] Updated hoveredTilePanes 605,495
[2025-03-30 15:38:33] [INFO] [MapEditorScene] Updated hoveredTilePanes 605,496
[2025-03-30 15:38:33] [INFO] [MapEditorScene] Updated hoveredTilePanes 606,497
[2025-03-30 15:38:33] [INFO] [MapEditorScene] Updated hoveredTilePanes 606,498
[2025-03-30 15:38:33] [INFO] [MapEditorScene] Updated hoveredTilePanes 607,499
[2025-03-30 15:38:33] [INFO] [MapEditorScene] Updated hoveredTilePanes 607,501
[2025-03-30 15:38:33] [INFO] [MapEditorScene] Updated hoveredTilePanes 608,502
[2025-03-30 15:38:33] [INFO] [MapEditorScene] Updated hoveredTilePanes 608,503
[2025-03-30 15:38:33] [INFO] [MapEditorScene] Updated hoveredTilePanes 609,504
[2025-03-30 15:38:33] [INFO] [MapEditorScene] Updated hoveredTilePanes 610,505
[2025-03-30 15:38:33] [INFO] [MapEditorScene] Updated hoveredTilePanes 610,506
[2025-03-30 15:38:33] [INFO] [MapEditorScene] Updated hoveredTilePanes 611,507
[2025-03-30 15:38:33] [INFO] [MapEditorScene] Updated hoveredTilePanes 611,508
[2025-03-30 15:38:33] [INFO] [MapEditorScene] Updated hoveredTilePanes 611,509
[2025-03-30 15:38:33] [INFO] [MapEditorScene] Updated hoveredTilePanes 612,509
[2025-03-30 15:38:33] [INFO] [MapEditorScene] Updated hoveredTilePanes 612,510
[2025-03-30 15:38:33] [INFO] [MapEditorScene] Updated hoveredTilePanes 613,511
[2025-03-30 15:38:33] [INFO] [MapEditorScene] Updated hoveredTilePanes 613,513
[2025-03-30 15:38:33] [INFO] [MapEditorScene] Updated hoveredTilePanes 614,513
[2025-03-30 15:38:33] [INFO] [MapEditorScene] Updated hoveredTilePanes 614,514
[2025-03-30 15:38:33] [INFO] [MapEditorScene] Updated hoveredTilePanes 615,515
[2025-03-30 15:38:33] [INFO] [MapEditorScene] Updated hoveredTilePanes 615,516
[2025-03-30 15:38:33] [INFO] [MapEditorScene] Updated hoveredTilePanes 615,517
[2025-03-30 15:38:33] [INFO] [MapEditorScene] Updated hoveredTilePanes 615,518
[2025-03-30 15:38:33] [INFO] [MapEditorScene] Updated hoveredTilePanes 616,518
[2025-03-30 15:38:33] [INFO] [MapEditorScene] Updated hoveredTilePanes 616,519
[2025-03-30 15:38:33] [INFO] [MapEditorScene] Updated hoveredTilePanes 616,520
[2025-03-30 15:38:34] [INFO] [MapEditorScene] Updated hoveredTilePanes 617,521
[2025-03-30 15:38:34] [INFO] [MapEditorScene] Updated hoveredTilePanes 617,522
[2025-03-30 15:38:34] [INFO] [MapEditorScene] Updated hoveredTilePanes 617,523
[2025-03-30 15:38:34] [INFO] [MapEditorScene] Updated hoveredTilePanes 617,524
[2025-03-30 15:38:34] [INFO] [MapEditorScene] Updated hoveredTilePanes 618,524
[2025-03-30 15:38:34] [INFO] [MapEditorScene] Updated hoveredTilePanes 618,525
[2025-03-30 15:38:34] [INFO] [MapEditorScene] Updated hoveredTilePanes 618,526
[2025-03-30 15:38:34] [INFO] [MapEditorScene] Updated hoveredTilePanes 619,526
[2025-03-30 15:38:34] [INFO] [MapEditorScene] Updated hoveredTilePanes 618,526
[2025-03-30 15:38:34] [INFO] [MapEditorScene] Updated hoveredTilePanes 617,526
[2025-03-30 15:38:34] [INFO] [MapEditorScene] Updated hoveredTilePanes 616,526
[2025-03-30 15:38:34] [INFO] [MapEditorScene] Updated hoveredTilePanes 615,526
[2025-03-30 15:38:34] [INFO] [MapEditorScene] Updated hoveredTilePanes 614,526
[2025-03-30 15:38:34] [INFO] [MapEditorScene] Updated hoveredTilePanes 613,526
[2025-03-30 15:38:34] [INFO] [MapEditorScene] Updated hoveredTilePanes 612,526
[2025-03-30 15:38:34] [INFO] [MapEditorScene] Updated hoveredTilePanes 611,526
[2025-03-30 15:38:34] [INFO] [MapEditorScene] Updated hoveredTilePanes 610,526
[2025-03-30 15:38:34] [INFO] [MapEditorScene] Updated hoveredTilePanes 609,526
[2025-03-30 15:38:34] [INFO] [MapEditorScene] Updated hoveredTilePanes 607,527
[2025-03-30 15:38:34] [INFO] [MapEditorScene] Updated hoveredTilePanes 606,527
[2025-03-30 15:38:34] [INFO] [MapEditorScene] Updated hoveredTilePanes 604,527
[2025-03-30 15:38:34] [INFO] [MapEditorScene] Updated hoveredTilePanes 603,528
[2025-03-30 15:38:34] [INFO] [MapEditorScene] Updated hoveredTilePanes 601,528
[2025-03-30 15:38:34] [INFO] [MapEditorScene] Updated hoveredTilePanes 599,528
[2025-03-30 15:38:34] [INFO] [MapEditorScene] Updated hoveredTilePanes 598,528
[2025-03-30 15:38:34] [INFO] [MapEditorScene] Updated hoveredTilePanes 596,528
[2025-03-30 15:38:34] [INFO] [MapEditorScene] Updated hoveredTilePanes 595,528
[2025-03-30 15:38:34] [INFO] [MapEditorScene] Updated hoveredTilePanes 593,528
[2025-03-30 15:38:34] [INFO] [MapEditorScene] Updated hoveredTilePanes 591,528
[2025-03-30 15:38:34] [INFO] [MapEditorScene] Updated hoveredTilePanes 590,529
[2025-03-30 15:38:34] [INFO] [MapEditorScene] Updated hoveredTilePanes 588,529
[2025-03-30 15:38:34] [INFO] [MapEditorScene] Updated hoveredTilePanes 586,529
[2025-03-30 15:38:34] [INFO] [MapEditorScene] Updated hoveredTilePanes 584,529
[2025-03-30 15:38:34] [INFO] [MapEditorScene] Updated hoveredTilePanes 583,529
[2025-03-30 15:38:34] [INFO] [MapEditorScene] Updated hoveredTilePanes 581,529
[2025-03-30 15:38:34] [INFO] [MapEditorScene] Updated hoveredTilePanes 580,530
[2025-03-30 15:38:34] [INFO] [MapEditorScene] Updated hoveredTilePanes 579,530
[2025-03-30 15:38:34] [INFO] [MapEditorScene] Updated hoveredTilePanes 578,530
[2025-03-30 15:38:34] [INFO] [MapEditorScene] Updated hoveredTilePanes 577,530
[2025-03-30 15:38:35] [INFO] [MapEditorScene] Updated hoveredTilePanes 576,530
[2025-03-30 15:38:35] [INFO] [MapEditorScene] Updated hoveredTilePanes 575,530
[2025-03-30 15:38:35] [INFO] [MapEditorScene] Updated hoveredTilePanes 574,530
[2025-03-30 15:38:35] [INFO] [MapEditorScene] Updated hoveredTilePanes 575,530
[2025-03-30 15:38:35] [INFO] [MapEditorScene] Updated hoveredTilePanes 576,530
[2025-03-30 15:38:35] [INFO] [MapEditorScene] Updated hoveredTilePanes 577,530
[2025-03-30 15:38:35] [INFO] [MapEditorScene] Updated hoveredTilePanes 579,530
[2025-03-30 15:38:35] [INFO] [MapEditorScene] Updated hoveredTilePanes 582,529
[2025-03-30 15:38:35] [INFO] [MapEditorScene] Updated hoveredTilePanes 585,529
[2025-03-30 15:38:35] [INFO] [MapEditorScene] Updated hoveredTilePanes 592,529
[2025-03-30 15:38:35] [INFO] [MapEditorScene] Updated hoveredTilePanes 595,528
[2025-03-30 15:38:35] [INFO] [MapEditorScene] Updated hoveredTilePanes 600,527
[2025-03-30 15:38:35] [INFO] [MapEditorScene] Updated hoveredTilePanes 607,527
[2025-03-30 15:38:35] [INFO] [MapEditorScene] Updated hoveredTilePanes 611,526
[2025-03-30 15:38:35] [INFO] [MapEditorScene] Updated hoveredTilePanes 616,525
[2025-03-30 15:38:35] [INFO] [MapEditorScene] Updated hoveredTilePanes 619,524
[2025-03-30 15:38:35] [INFO] [MapEditorScene] Updated hoveredTilePanes 623,524
[2025-03-30 15:38:35] [INFO] [MapEditorScene] Updated hoveredTilePanes 626,523
[2025-03-30 15:38:35] [INFO] [MapEditorScene] Updated hoveredTilePanes 628,523
[2025-03-30 15:38:35] [INFO] [MapEditorScene] Updated hoveredTilePanes 630,522
[2025-03-30 15:38:35] [INFO] [MapEditorScene] Updated hoveredTilePanes 632,521
[2025-03-30 15:38:35] [INFO] [MapEditorScene] Updated hoveredTilePanes 633,521
[2025-03-30 15:38:35] [INFO] [MapEditorScene] Updated hoveredTilePanes 633,520
[2025-03-30 15:38:35] [INFO] [MapEditorScene] Updated hoveredTilePanes 634,520
[2025-03-30 15:38:35] [INFO] [MapEditorScene] Updated hoveredTilePanes 635,520
[2025-03-30 15:38:35] [INFO] [MapEditorScene] Updated hoveredTilePanes 635,519
[2025-03-30 15:38:35] [INFO] [MapEditorScene] Updated hoveredTilePanes 636,519
[2025-03-30 15:38:35] [INFO] [MapEditorScene] Updated hoveredTilePanes 637,519
[2025-03-30 15:38:35] [INFO] [MapEditorScene] Updated hoveredTilePanes 637,518
[2025-03-30 15:38:35] [INFO] [MapEditorScene] Updated hoveredTilePanes 637,517
[2025-03-30 15:38:35] [INFO] [MapEditorScene] Updated hoveredTilePanes 637,516
[2025-03-30 15:38:35] [INFO] [MapEditorScene] Updated hoveredTilePanes 637,515
[2025-03-30 15:38:35] [INFO] [MapEditorScene] Updated hoveredTilePanes 637,513
[2025-03-30 15:38:35] [INFO] [MapEditorScene] Updated hoveredTilePanes 637,511
[2025-03-30 15:38:35] [INFO] [MapEditorScene] Updated hoveredTilePanes 637,510
[2025-03-30 15:38:35] [INFO] [MapEditorScene] Updated hoveredTilePanes 637,509
[2025-03-30 15:38:35] [INFO] [MapEditorScene] Updated hoveredTilePanes 637,508
[2025-03-30 15:38:35] [INFO] [MapEditorScene] Updated hoveredTilePanes 637,506
[2025-03-30 15:38:35] [INFO] [MapEditorScene] Updated hoveredTilePanes 637,505
[2025-03-30 15:38:35] [INFO] [MapEditorScene] Updated hoveredTilePanes 637,503
[2025-03-30 15:38:35] [INFO] [MapEditorScene] Updated hoveredTilePanes 637,501
[2025-03-30 15:38:35] [INFO] [MapEditorScene] Updated hoveredTilePanes 637,500
[2025-03-30 15:38:35] [INFO] [MapEditorScene] Updated hoveredTilePanes 637,498
[2025-03-30 15:38:35] [INFO] [MapEditorScene] Updated hoveredTilePanes 637,496
[2025-03-30 15:38:35] [INFO] [MapEditorScene] Updated hoveredTilePanes 637,494
[2025-03-30 15:38:35] [INFO] [MapEditorScene] Updated hoveredTilePanes 637,493
[2025-03-30 15:38:35] [INFO] [MapEditorScene] Updated hoveredTilePanes 637,491
[2025-03-30 15:38:35] [INFO] [MapEditorScene] Updated hoveredTilePanes 636,490
[2025-03-30 15:38:35] [INFO] [MapEditorScene] Updated hoveredTilePanes 635,488
[2025-03-30 15:38:35] [INFO] [MapEditorScene] Updated hoveredTilePanes 635,487
[2025-03-30 15:38:35] [INFO] [MapEditorScene] Updated hoveredTilePanes 634,485
[2025-03-30 15:38:35] [INFO] [MapEditorScene] Updated hoveredTilePanes 634,484
[2025-03-30 15:38:35] [INFO] [MapEditorScene] Updated hoveredTilePanes 633,482
[2025-03-30 15:38:35] [INFO] [MapEditorScene] Updated hoveredTilePanes 632,481
[2025-03-30 15:38:35] [INFO] [MapEditorScene] Updated hoveredTilePanes 632,479
[2025-03-30 15:38:35] [INFO] [MapEditorScene] Updated hoveredTilePanes 631,478
[2025-03-30 15:38:35] [INFO] [MapEditorScene] Updated hoveredTilePanes 630,477
[2025-03-30 15:38:35] [INFO] [MapEditorScene] Updated hoveredTilePanes 630,475
[2025-03-30 15:38:35] [INFO] [MapEditorScene] Updated hoveredTilePanes 629,474
[2025-03-30 15:38:35] [INFO] [MapEditorScene] Updated hoveredTilePanes 628,474
[2025-03-30 15:38:35] [INFO] [MapEditorScene] Updated hoveredTilePanes 628,473
[2025-03-30 15:38:35] [INFO] [MapEditorScene] Updated hoveredTilePanes 627,472
[2025-03-30 15:38:35] [INFO] [MapEditorScene] Updated hoveredTilePanes 626,471
[2025-03-30 15:38:35] [INFO] [MapEditorScene] Updated hoveredTilePanes 625,470
[2025-03-30 15:38:35] [INFO] [MapEditorScene] Updated hoveredTilePanes 624,469
[2025-03-30 15:38:35] [INFO] [MapEditorScene] Updated hoveredTilePanes 624,468
[2025-03-30 15:38:36] [INFO] [MapEditorScene] Updated hoveredTilePanes 622,467
[2025-03-30 15:38:36] [INFO] [MapEditorScene] Updated hoveredTilePanes 622,466
[2025-03-30 15:38:36] [INFO] [MapEditorScene] Updated hoveredTilePanes 621,464
[2025-03-30 15:38:36] [INFO] [MapEditorScene] Updated hoveredTilePanes 620,463
[2025-03-30 15:38:36] [INFO] [MapEditorScene] Updated hoveredTilePanes 619,463
[2025-03-30 15:38:36] [INFO] [MapEditorScene] Updated hoveredTilePanes 618,461
[2025-03-30 15:38:36] [INFO] [MapEditorScene] Updated hoveredTilePanes 617,460
[2025-03-30 15:38:36] [INFO] [MapEditorScene] Updated hoveredTilePanes 616,459
[2025-03-30 15:38:36] [INFO] [MapEditorScene] Updated hoveredTilePanes 615,458
[2025-03-30 15:38:36] [INFO] [MapEditorScene] Updated hoveredTilePanes 614,457
[2025-03-30 15:38:36] [INFO] [MapEditorScene] Updated hoveredTilePanes 614,456
[2025-03-30 15:38:36] [INFO] [MapEditorScene] Updated hoveredTilePanes 613,455
[2025-03-30 15:38:36] [INFO] [MapEditorScene] Updated hoveredTilePanes 612,454
[2025-03-30 15:38:36] [INFO] [MapEditorScene] Updated hoveredTilePanes 611,452
[2025-03-30 15:38:36] [INFO] [MapEditorScene] Updated hoveredTilePanes 610,451
[2025-03-30 15:38:36] [INFO] [MapEditorScene] Updated hoveredTilePanes 609,450
[2025-03-30 15:38:36] [INFO] [MapEditorScene] Updated hoveredTilePanes 608,449
[2025-03-30 15:38:36] [INFO] [MapEditorScene] Updated hoveredTilePanes 608,448
[2025-03-30 15:38:36] [INFO] [MapEditorScene] Updated hoveredTilePanes 607,448
[2025-03-30 15:38:36] [INFO] [MapEditorScene] Updated hoveredTilePanes 607,447
[2025-03-30 15:38:36] [INFO] [MapEditorScene] Updated hoveredTilePanes 606,446
[2025-03-30 15:38:36] [INFO] [MapEditorScene] Updated hoveredTilePanes 605,446
[2025-03-30 15:38:36] [INFO] [MapEditorScene] Updated hoveredTilePanes 604,446
[2025-03-30 15:38:36] [INFO] [MapEditorScene] Updated hoveredTilePanes 603,446
[2025-03-30 15:38:36] [INFO] [MapEditorScene] Updated hoveredTilePanes 602,446
[2025-03-30 15:38:36] [INFO] [MapEditorScene] Updated hoveredTilePanes 601,446
[2025-03-30 15:38:36] [INFO] [MapEditorScene] Updated hoveredTilePanes 599,446
[2025-03-30 15:38:36] [INFO] [MapEditorScene] Updated hoveredTilePanes 598,446
[2025-03-30 15:38:36] [INFO] [MapEditorScene] Updated hoveredTilePanes 596,446
[2025-03-30 15:38:36] [INFO] [MapEditorScene] Updated hoveredTilePanes 595,447
[2025-03-30 15:38:36] [INFO] [MapEditorScene] Updated hoveredTilePanes 591,449
[2025-03-30 15:38:36] [INFO] [MapEditorScene] Updated hoveredTilePanes 589,450
[2025-03-30 15:38:36] [INFO] [MapEditorScene] Updated hoveredTilePanes 587,451
[2025-03-30 15:38:36] [INFO] [MapEditorScene] Updated hoveredTilePanes 585,453
[2025-03-30 15:38:36] [INFO] [MapEditorScene] Updated hoveredTilePanes 583,454
[2025-03-30 15:38:36] [INFO] [MapEditorScene] Updated hoveredTilePanes 581,455
[2025-03-30 15:38:36] [INFO] [MapEditorScene] Updated hoveredTilePanes 579,457
[2025-03-30 15:38:36] [INFO] [MapEditorScene] Updated hoveredTilePanes 578,457
[2025-03-30 15:38:36] [INFO] [MapEditorScene] Updated hoveredTilePanes 577,458
[2025-03-30 15:38:36] [INFO] [MapEditorScene] Updated hoveredTilePanes 576,458
[2025-03-30 15:38:36] [INFO] [MapEditorScene] Updated hoveredTilePanes 575,459
[2025-03-30 15:38:36] [INFO] [MapEditorScene] Updated hoveredTilePanes 574,459
[2025-03-30 15:38:36] [INFO] [MapEditorScene] Updated hoveredTilePanes 574,460
[2025-03-30 15:38:36] [INFO] [MapEditorScene] Updated hoveredTilePanes 573,460
[2025-03-30 15:38:36] [INFO] [MapEditorScene] Updated hoveredTilePanes 574,460
[2025-03-30 15:38:36] [INFO] [MapEditorScene] Updated hoveredTilePanes 574,459
[2025-03-30 15:38:37] [INFO] [MapEditorScene] Updated hoveredTilePanes 575,459
[2025-03-30 15:38:37] [INFO] [MapEditorScene] Updated hoveredTilePanes 575,458
[2025-03-30 15:38:37] [INFO] [MapEditorScene] Updated hoveredTilePanes 575,456
[2025-03-30 15:38:37] [INFO] [MapEditorScene] Updated hoveredTilePanes 575,454
[2025-03-30 15:38:37] [INFO] [MapEditorScene] Updated hoveredTilePanes 575,451
[2025-03-30 15:38:37] [INFO] [MapEditorScene] Updated hoveredTilePanes 575,449
[2025-03-30 15:38:37] [INFO] [MapEditorScene] Updated hoveredTilePanes 575,446
[2025-03-30 15:38:37] [INFO] [MapEditorScene] Updated hoveredTilePanes 575,442
[2025-03-30 15:38:37] [INFO] [MapEditorScene] Updated hoveredTilePanes 574,440
[2025-03-30 15:38:37] [INFO] [MapEditorScene] Updated hoveredTilePanes 574,438
[2025-03-30 15:38:37] [INFO] [MapEditorScene] Updated hoveredTilePanes 574,437
[2025-03-30 15:38:37] [INFO] [MapEditorScene] Updated hoveredTilePanes 574,435
[2025-03-30 15:38:37] [INFO] [MapEditorScene] Updated hoveredTilePanes 574,434
[2025-03-30 15:38:37] [INFO] [MapEditorScene] Updated hoveredTilePanes 574,433
[2025-03-30 15:38:37] [INFO] [MapEditorScene] Updated hoveredTilePanes 574,432
[2025-03-30 15:38:37] [INFO] [MapEditorScene] Updated hoveredTilePanes 574,431
[2025-03-30 15:38:37] [INFO] [MapEditorScene] Updated hoveredTilePanes 574,430
[2025-03-30 15:38:38] [INFO] [MapEditorScene] Updated hoveredTilePanes 573,430
[2025-03-30 15:38:38] [INFO] [MapEditorScene] Updated hoveredTilePanes 572,430
[2025-03-30 15:38:38] [INFO] [MapEditorScene] Updated hoveredTilePanes 571,430
[2025-03-30 15:38:38] [INFO] [MapEditorScene] Updated hoveredTilePanes 570,430
[2025-03-30 15:38:38] [INFO] [MapEditorScene] Updated hoveredTilePanes 569,430
[2025-03-30 15:38:38] [INFO] [MapEditorScene] Updated hoveredTilePanes 567,430
[2025-03-30 15:38:38] [INFO] [MapEditorScene] Updated hoveredTilePanes 566,430
[2025-03-30 15:38:38] [INFO] [MapEditorScene] Updated hoveredTilePanes 564,430
[2025-03-30 15:38:38] [INFO] [MapEditorScene] Updated hoveredTilePanes 562,430
[2025-03-30 15:38:38] [INFO] [MapEditorScene] Updated hoveredTilePanes 560,430
[2025-03-30 15:38:38] [INFO] [MapEditorScene] Updated hoveredTilePanes 558,430
[2025-03-30 15:38:38] [INFO] [MapEditorScene] Updated hoveredTilePanes 556,430
[2025-03-30 15:38:38] [INFO] [MapEditorScene] Updated hoveredTilePanes 554,430
[2025-03-30 15:38:38] [INFO] [MapEditorScene] Updated hoveredTilePanes 553,430
[2025-03-30 15:38:38] [INFO] [MapEditorScene] Updated hoveredTilePanes 551,430
[2025-03-30 15:38:38] [INFO] [MapEditorScene] Updated hoveredTilePanes 549,430
[2025-03-30 15:38:38] [INFO] [MapEditorScene] Updated hoveredTilePanes 548,430
[2025-03-30 15:38:38] [INFO] [MapEditorScene] Updated hoveredTilePanes 547,430
[2025-03-30 15:38:38] [INFO] [MapEditorScene] Updated hoveredTilePanes 546,430
[2025-03-30 15:38:38] [INFO] [MapEditorScene] Updated hoveredTilePanes 545,430
[2025-03-30 15:38:38] [INFO] [MapEditorScene] Updated hoveredTilePanes 544,430
[2025-03-30 15:38:38] [INFO] [MapEditorScene] Updated hoveredTilePanes 543,430
[2025-03-30 15:38:38] [INFO] [MapEditorScene] Updated hoveredTilePanes 542,430
[2025-03-30 15:38:38] [INFO] [MapEditorScene] Updated hoveredTilePanes 541,430
[2025-03-30 15:38:38] [INFO] [MapEditorScene] Updated hoveredTilePanes 540,430
[2025-03-30 15:38:38] [INFO] [MapEditorScene] Updated hoveredTilePanes 539,430
[2025-03-30 15:38:38] [INFO] [MapEditorScene] Updated hoveredTilePanes 538,430
[2025-03-30 15:38:38] [INFO] [MapEditorScene] Updated hoveredTilePanes 538,431
[2025-03-30 15:38:38] [INFO] [MapEditorScene] Updated hoveredTilePanes 538,432
[2025-03-30 15:38:39] [INFO] [MapEditorScene] Updated hoveredTilePanes 538,433
[2025-03-30 15:38:39] [INFO] [MapEditorScene] Updated hoveredTilePanes 537,434
[2025-03-30 15:38:39] [INFO] [MapEditorScene] Updated hoveredTilePanes 537,435
[2025-03-30 15:38:39] [INFO] [MapEditorScene] Updated hoveredTilePanes 537,436
[2025-03-30 15:38:39] [INFO] [MapEditorScene] Updated hoveredTilePanes 537,437
[2025-03-30 15:38:39] [INFO] [MapEditorScene] Updated hoveredTilePanes 537,438
[2025-03-30 15:38:39] [INFO] [MapEditorScene] Updated hoveredTilePanes 537,439
[2025-03-30 15:38:39] [INFO] [MapEditorScene] Updated hoveredTilePanes 537,440
[2025-03-30 15:38:39] [INFO] [MapEditorScene] Updated hoveredTilePanes 537,441
[2025-03-30 15:38:39] [INFO] [MapEditorScene] Updated hoveredTilePanes 537,442
[2025-03-30 15:38:39] [INFO] [MapEditorScene] Updated hoveredTilePanes 537,443
[2025-03-30 15:38:39] [INFO] [MapEditorScene] Updated hoveredTilePanes 537,444
[2025-03-30 15:38:39] [INFO] [MapEditorScene] Updated hoveredTilePanes 537,445
[2025-03-30 15:38:39] [INFO] [MapEditorScene] Updated hoveredTilePanes 537,446
[2025-03-30 15:38:39] [INFO] [MapEditorScene] Updated hoveredTilePanes 536,446
[2025-03-30 15:38:39] [INFO] [MapEditorScene] Updated hoveredTilePanes 536,447
[2025-03-30 15:42:44] [INFO] [MapEditorScene] Updated hoveredTilePanes 535,447
[2025-03-30 15:42:44] [INFO] [MapEditorScene] Updated hoveredTilePanes 534,447
[2025-03-30 15:42:44] [INFO] [MapEditorScene] Updated hoveredTilePanes 533,447
[2025-03-30 15:42:44] [INFO] [MapEditorScene] Updated hoveredTilePanes 532,447
[2025-03-30 15:42:44] [INFO] [MapEditorScene] Updated hoveredTilePanes 531,447
[2025-03-30 15:42:44] [INFO] [MapEditorScene] Updated hoveredTilePanes 530,447
[2025-03-30 15:42:44] [INFO] [MapEditorScene] Updated hoveredTilePanes 529,447
[2025-03-30 15:42:44] [INFO] [MapEditorScene] Updated hoveredTilePanes 528,447
[2025-03-30 15:42:44] [INFO] [MapEditorScene] Updated hoveredTilePanes 527,447
[2025-03-30 15:42:44] [INFO] [MapEditorScene] Updated hoveredTilePanes 526,446
[2025-03-30 15:42:44] [INFO] [MapEditorScene] Updated hoveredTilePanes 526,445
[2025-03-30 15:42:44] [INFO] [MapEditorScene] Updated hoveredTilePanes 525,445
[2025-03-30 15:42:44] [INFO] [MapEditorScene] Updated hoveredTilePanes 524,444
[2025-03-30 15:42:44] [INFO] [MapEditorScene] Updated hoveredTilePanes 523,444
[2025-03-30 15:42:44] [INFO] [MapEditorScene] Updated hoveredTilePanes 522,444
[2025-03-30 15:42:45] [INFO] [MapEditorScene] Updated hoveredTilePanes 522,443
[2025-03-30 15:42:45] [INFO] [MapEditorScene] Updated hoveredTilePanes 521,442
[2025-03-30 15:42:45] [INFO] [MapEditorScene] Updated hoveredTilePanes 521,441
[2025-03-30 15:42:45] [INFO] [MapEditorScene] Updated hoveredTilePanes 521,440
[2025-03-30 15:42:45] [INFO] [MapEditorScene] Updated hoveredTilePanes 521,439
[2025-03-30 15:42:45] [INFO] [MapEditorScene] Updated hoveredTilePanes 521,438
[2025-03-30 15:42:45] [INFO] [MapEditorScene] Updated hoveredTilePanes 520,437
[2025-03-30 15:42:45] [INFO] [MapEditorScene] Updated hoveredTilePanes 520,436
[2025-03-30 15:42:45] [INFO] [MapEditorScene] Updated hoveredTilePanes 520,434
[2025-03-30 15:42:45] [INFO] [MapEditorScene] Updated hoveredTilePanes 520,432
[2025-03-30 15:42:45] [INFO] [MapEditorScene] Updated hoveredTilePanes 519,431
[2025-03-30 15:42:45] [INFO] [MapEditorScene] Updated hoveredTilePanes 519,430
[2025-03-30 15:42:45] [INFO] [MapEditorScene] Updated hoveredTilePanes 518,428
[2025-03-30 15:42:45] [INFO] [MapEditorScene] Updated hoveredTilePanes 517,427
[2025-03-30 15:42:45] [INFO] [MapEditorScene] Updated hoveredTilePanes 516,425
[2025-03-30 15:42:45] [INFO] [MapEditorScene] Updated hoveredTilePanes 515,424
[2025-03-30 15:42:45] [INFO] [MapEditorScene] Updated hoveredTilePanes 514,422
[2025-03-30 15:42:45] [INFO] [MapEditorScene] Updated hoveredTilePanes 513,421
[2025-03-30 15:42:45] [INFO] [MapEditorScene] Updated hoveredTilePanes 513,420
[2025-03-30 15:42:45] [INFO] [MapEditorScene] Updated hoveredTilePanes 511,418
[2025-03-30 15:42:45] [INFO] [MapEditorScene] Updated hoveredTilePanes 510,417
[2025-03-30 15:42:45] [INFO] [MapEditorScene] Updated hoveredTilePanes 509,416
[2025-03-30 15:42:45] [INFO] [MapEditorScene] Updated hoveredTilePanes 508,414
[2025-03-30 15:42:45] [INFO] [MapEditorScene] Updated hoveredTilePanes 507,413
[2025-03-30 15:42:45] [INFO] [MapEditorScene] Updated hoveredTilePanes 506,412
[2025-03-30 15:42:45] [INFO] [MapEditorScene] Updated hoveredTilePanes 505,411
[2025-03-30 15:42:45] [INFO] [MapEditorScene] Updated hoveredTilePanes 504,410
[2025-03-30 15:42:45] [INFO] [MapEditorScene] Updated hoveredTilePanes 504,409
[2025-03-30 15:42:45] [INFO] [MapEditorScene] Updated hoveredTilePanes 503,408
[2025-03-30 15:42:45] [INFO] [MapEditorScene] Updated hoveredTilePanes 501,407
[2025-03-30 15:42:45] [INFO] [MapEditorScene] Updated hoveredTilePanes 501,406
[2025-03-30 15:42:45] [INFO] [MapEditorScene] Updated hoveredTilePanes 500,405
[2025-03-30 15:42:45] [INFO] [MapEditorScene] Updated hoveredTilePanes 499,404
[2025-03-30 15:42:45] [INFO] [MapEditorScene] Updated hoveredTilePanes 499,403
[2025-03-30 15:42:45] [INFO] [MapEditorScene] Updated hoveredTilePanes 499,402
[2025-03-30 15:42:45] [INFO] [MapEditorScene] Updated hoveredTilePanes 499,401
[2025-03-30 15:42:45] [INFO] [MapEditorScene] Updated hoveredTilePanes 499,400
[2025-03-30 15:42:45] [INFO] [MapEditorScene] Updated hoveredTilePanes 499,398
[2025-03-30 15:42:45] [INFO] [MapEditorScene] Updated hoveredTilePanes 499,396
[2025-03-30 15:42:45] [INFO] [MapEditorScene] Updated hoveredTilePanes 501,392
[2025-03-30 15:42:45] [INFO] [MapEditorScene] Updated hoveredTilePanes 502,390
[2025-03-30 15:42:45] [INFO] [MapEditorScene] Updated hoveredTilePanes 504,387
[2025-03-30 15:42:45] [INFO] [MapEditorScene] Updated hoveredTilePanes 505,385
[2025-03-30 15:42:45] [INFO] [MapEditorScene] Updated hoveredTilePanes 507,383
[2025-03-30 15:42:45] [INFO] [MapEditorScene] Updated hoveredTilePanes 510,379
[2025-03-30 15:42:45] [INFO] [MapEditorScene] Updated hoveredTilePanes 511,377
[2025-03-30 15:42:45] [INFO] [MapEditorScene] Updated hoveredTilePanes 513,375
[2025-03-30 15:42:45] [INFO] [MapEditorScene] Updated hoveredTilePanes 516,372
[2025-03-30 15:42:45] [INFO] [MapEditorScene] Updated hoveredTilePanes 517,371
[2025-03-30 15:42:45] [INFO] [MapEditorScene] Updated hoveredTilePanes 519,369
[2025-03-30 15:42:45] [INFO] [MapEditorScene] Updated hoveredTilePanes 521,368
[2025-03-30 15:42:45] [INFO] [MapEditorScene] Updated hoveredTilePanes 523,366
[2025-03-30 15:42:45] [INFO] [MapEditorScene] Updated hoveredTilePanes 525,365
[2025-03-30 15:42:45] [INFO] [MapEditorScene] Updated hoveredTilePanes 527,364
[2025-03-30 15:42:45] [INFO] [MapEditorScene] Updated hoveredTilePanes 529,362
[2025-03-30 15:42:45] [INFO] [MapEditorScene] Updated hoveredTilePanes 533,361
[2025-03-30 15:42:45] [INFO] [MapEditorScene] Updated hoveredTilePanes 535,360
[2025-03-30 15:42:45] [INFO] [MapEditorScene] Updated hoveredTilePanes 538,359
[2025-03-30 15:42:45] [INFO] [MapEditorScene] Updated hoveredTilePanes 540,359
[2025-03-30 15:42:45] [INFO] [MapEditorScene] Updated hoveredTilePanes 542,357
[2025-03-30 15:42:45] [INFO] [MapEditorScene] Updated hoveredTilePanes 545,356
[2025-03-30 15:42:45] [INFO] [MapEditorScene] Updated hoveredTilePanes 547,356
[2025-03-30 15:42:45] [INFO] [MapEditorScene] Updated hoveredTilePanes 549,355
[2025-03-30 15:42:45] [INFO] [MapEditorScene] Updated hoveredTilePanes 551,354
[2025-03-30 15:42:45] [INFO] [MapEditorScene] Updated hoveredTilePanes 552,354
[2025-03-30 15:42:45] [INFO] [MapEditorScene] Updated hoveredTilePanes 554,353
[2025-03-30 15:42:45] [INFO] [MapEditorScene] Updated hoveredTilePanes 555,353
[2025-03-30 15:42:45] [INFO] [MapEditorScene] Updated hoveredTilePanes 556,352
[2025-03-30 15:42:45] [INFO] [MapEditorScene] Updated hoveredTilePanes 557,352
[2025-03-30 15:42:45] [INFO] [MapEditorScene] Updated hoveredTilePanes 558,351
[2025-03-30 15:42:45] [INFO] [MapEditorScene] Updated hoveredTilePanes 559,351
[2025-03-30 15:42:45] [INFO] [MapEditorScene] Updated hoveredTilePanes 559,350
[2025-03-30 15:42:45] [INFO] [MapEditorScene] Updated hoveredTilePanes 560,350
[2025-03-30 15:42:45] [INFO] [MapEditorScene] Updated hoveredTilePanes 561,350
[2025-03-30 15:42:45] [INFO] [MapEditorScene] Updated hoveredTilePanes 562,349
[2025-03-30 15:42:45] [INFO] [MapEditorScene] Updated hoveredTilePanes 563,349
[2025-03-30 15:42:45] [INFO] [MapEditorScene] Updated hoveredTilePanes 563,348
[2025-03-30 15:42:45] [INFO] [MapEditorScene] Updated hoveredTilePanes 564,348
[2025-03-30 15:42:46] [INFO] [MapEditorScene] Updated hoveredTilePanes 565,348
[2025-03-30 15:42:46] [INFO] [MapEditorScene] Updated hoveredTilePanes 566,348
[2025-03-30 15:42:46] [INFO] [MapEditorScene] Updated hoveredTilePanes 567,349
[2025-03-30 15:42:46] [INFO] [MapEditorScene] Updated hoveredTilePanes 568,350
[2025-03-30 15:42:46] [INFO] [MapEditorScene] Updated hoveredTilePanes 569,351
[2025-03-30 15:42:46] [INFO] [MapEditorScene] Updated hoveredTilePanes 570,351
[2025-03-30 15:42:46] [INFO] [MapEditorScene] Updated hoveredTilePanes 570,352
[2025-03-30 15:42:46] [INFO] [MapEditorScene] Updated hoveredTilePanes 571,353
[2025-03-30 15:42:46] [INFO] [MapEditorScene] Updated hoveredTilePanes 572,354
[2025-03-30 15:42:46] [INFO] [MapEditorScene] Updated hoveredTilePanes 573,354
[2025-03-30 15:42:46] [INFO] [MapEditorScene] Updated hoveredTilePanes 573,355
[2025-03-30 15:42:46] [INFO] [MapEditorScene] Updated hoveredTilePanes 574,356
[2025-03-30 15:42:46] [INFO] [MapEditorScene] Updated hoveredTilePanes 575,357
[2025-03-30 15:42:46] [INFO] [MapEditorScene] Updated hoveredTilePanes 575,358
[2025-03-30 15:42:46] [INFO] [MapEditorScene] Updated hoveredTilePanes 576,358
[2025-03-30 15:42:46] [INFO] [MapEditorScene] Updated hoveredTilePanes 576,359
[2025-03-30 15:42:46] [INFO] [MapEditorScene] Updated hoveredTilePanes 576,360
[2025-03-30 15:42:46] [INFO] [MapEditorScene] Updated hoveredTilePanes 576,361
[2025-03-30 15:42:47] [INFO] [MapEditorScene] Updated hoveredTilePanes 576,362
[2025-03-30 15:42:47] [INFO] [MapEditorScene] Updated hoveredTilePanes 576,363
[2025-03-30 15:42:47] [INFO] [MapEditorScene] Updated hoveredTilePanes 576,364
[2025-03-30 15:42:47] [INFO] [MapEditorScene] Updated hoveredTilePanes 577,364
[2025-03-30 15:42:47] [INFO] [MapEditorScene] Updated hoveredTilePanes 577,365
[2025-03-30 15:42:47] [INFO] [MapEditorScene] Updated hoveredTilePanes 577,366
[2025-03-30 15:42:47] [INFO] [MapEditorScene] Updated hoveredTilePanes 577,367
[2025-03-30 15:42:47] [INFO] [MapEditorScene] Updated hoveredTilePanes 577,368
[2025-03-30 15:42:47] [INFO] [MapEditorScene] Updated hoveredTilePanes 577,369
[2025-03-30 15:42:47] [INFO] [MapEditorScene] Updated hoveredTilePanes 578,369
[2025-03-30 15:42:47] [INFO] [MapEditorScene] Updated hoveredTilePanes 578,370
[2025-03-30 15:42:47] [INFO] [MapEditorScene] Updated hoveredTilePanes 579,370
[2025-03-30 15:42:47] [INFO] [MapEditorScene] Updated hoveredTilePanes 580,371
[2025-03-30 15:42:47] [INFO] [MapEditorScene] Updated hoveredTilePanes 581,371
[2025-03-30 15:42:47] [INFO] [MapEditorScene] Updated hoveredTilePanes 582,371
[2025-03-30 15:42:47] [INFO] [MapEditorScene] Updated hoveredTilePanes 583,371
[2025-03-30 15:42:47] [INFO] [MapEditorScene] Updated hoveredTilePanes 584,371
[2025-03-30 15:42:47] [INFO] [MapEditorScene] Updated hoveredTilePanes 585,371
[2025-03-30 15:42:47] [INFO] [MapEditorScene] Updated hoveredTilePanes 586,371
[2025-03-30 15:42:47] [INFO] [MapEditorScene] Updated hoveredTilePanes 587,371
[2025-03-30 15:42:47] [INFO] [MapEditorScene] Updated hoveredTilePanes 589,371
[2025-03-30 15:42:47] [INFO] [MapEditorScene] Updated hoveredTilePanes 590,371
[2025-03-30 15:42:47] [INFO] [MapEditorScene] Updated hoveredTilePanes 591,371
[2025-03-30 15:42:47] [INFO] [MapEditorScene] Updated hoveredTilePanes 592,371
[2025-03-30 15:42:47] [INFO] [MapEditorScene] Updated hoveredTilePanes 593,371
[2025-03-30 15:42:47] [INFO] [MapEditorScene] Updated hoveredTilePanes 594,371
[2025-03-30 15:42:47] [INFO] [MapEditorScene] Updated hoveredTilePanes 595,371
[2025-03-30 15:42:47] [INFO] [MapEditorScene] Updated hoveredTilePanes 596,371
[2025-03-30 15:42:47] [INFO] [MapEditorScene] Updated hoveredTilePanes 597,371
[2025-03-30 15:42:47] [INFO] [MapEditorScene] Updated hoveredTilePanes 598,371
[2025-03-30 15:42:47] [INFO] [MapEditorScene] Updated hoveredTilePanes 598,370
[2025-03-30 15:42:47] [INFO] [MapEditorScene] Updated hoveredTilePanes 599,370
[2025-03-30 15:42:48] [INFO] [MapEditorScene] Updated hoveredTilePanes 598,370
[2025-03-30 15:42:48] [INFO] [MapEditorScene] Updated hoveredTilePanes 597,370
[2025-03-30 15:42:48] [INFO] [MapEditorScene] Updated hoveredTilePanes 596,371
[2025-03-30 15:42:48] [INFO] [MapEditorScene] Updated hoveredTilePanes 594,371
[2025-03-30 15:42:48] [INFO] [MapEditorScene] Updated hoveredTilePanes 592,372
[2025-03-30 15:42:48] [INFO] [MapEditorScene] Updated hoveredTilePanes 590,374
[2025-03-30 15:42:48] [INFO] [MapEditorScene] Updated hoveredTilePanes 588,374
[2025-03-30 15:42:48] [INFO] [MapEditorScene] Updated hoveredTilePanes 586,375
[2025-03-30 15:42:48] [INFO] [MapEditorScene] Updated hoveredTilePanes 585,376
[2025-03-30 15:42:48] [INFO] [MapEditorScene] Updated hoveredTilePanes 583,377
[2025-03-30 15:42:48] [INFO] [MapEditorScene] Updated hoveredTilePanes 581,377
[2025-03-30 15:42:48] [INFO] [MapEditorScene] Updated hoveredTilePanes 580,378
[2025-03-30 15:42:48] [INFO] [MapEditorScene] Updated hoveredTilePanes 578,378
[2025-03-30 15:42:48] [INFO] [MapEditorScene] Updated hoveredTilePanes 577,379
[2025-03-30 15:42:48] [INFO] [MapEditorScene] Updated hoveredTilePanes 576,380
[2025-03-30 15:42:48] [INFO] [MapEditorScene] Updated hoveredTilePanes 575,380
[2025-03-30 15:42:48] [INFO] [MapEditorScene] Updated hoveredTilePanes 574,380
[2025-03-30 15:42:48] [INFO] [MapEditorScene] Updated hoveredTilePanes 573,380
[2025-03-30 15:42:48] [INFO] [MapEditorScene] Updated hoveredTilePanes 572,380
[2025-03-30 15:42:48] [INFO] [MapEditorScene] Updated hoveredTilePanes 571,380
[2025-03-30 15:42:48] [INFO] [MapEditorScene] Updated hoveredTilePanes 571,381
[2025-03-30 15:42:48] [INFO] [MapEditorScene] Updated hoveredTilePanes 570,381
[2025-03-30 15:42:48] [INFO] [MapEditorScene] Updated hoveredTilePanes 569,381
[2025-03-30 15:42:48] [INFO] [MapEditorScene] Updated hoveredTilePanes 569,382
[2025-03-30 15:42:48] [INFO] [MapEditorScene] Updated hoveredTilePanes 568,383
[2025-03-30 15:42:48] [INFO] [MapEditorScene] Updated hoveredTilePanes 566,384
[2025-03-30 15:42:48] [INFO] [MapEditorScene] Updated hoveredTilePanes 566,385
[2025-03-30 15:42:48] [INFO] [MapEditorScene] Updated hoveredTilePanes 565,385
[2025-03-30 15:42:48] [INFO] [MapEditorScene] Updated hoveredTilePanes 565,386
[2025-03-30 15:42:48] [INFO] [MapEditorScene] Updated hoveredTilePanes 564,386
[2025-03-30 15:42:48] [INFO] [MapEditorScene] Updated hoveredTilePanes 563,387
[2025-03-30 15:42:48] [INFO] [MapEditorScene] Updated hoveredTilePanes 563,388
[2025-03-30 15:42:48] [INFO] [MapEditorScene] Updated hoveredTilePanes 562,388
[2025-03-30 15:42:48] [INFO] [MapEditorScene] Updated hoveredTilePanes 562,389
[2025-03-30 15:42:48] [INFO] [MapEditorScene] Updated hoveredTilePanes 561,389
[2025-03-30 15:42:48] [INFO] [MapEditorScene] Updated hoveredTilePanes 560,390
[2025-03-30 15:42:48] [INFO] [MapEditorScene] Updated hoveredTilePanes 560,391
[2025-03-30 15:42:48] [INFO] [MapEditorScene] Updated hoveredTilePanes 559,391
[2025-03-30 15:42:48] [INFO] [MapEditorScene] Updated hoveredTilePanes 558,392
[2025-03-30 15:42:48] [INFO] [MapEditorScene] Updated hoveredTilePanes 558,393
[2025-03-30 15:42:48] [INFO] [MapEditorScene] Updated hoveredTilePanes 558,394
[2025-03-30 15:42:48] [INFO] [MapEditorScene] Updated hoveredTilePanes 557,394
[2025-03-30 15:42:48] [INFO] [MapEditorScene] Updated hoveredTilePanes 557,395
[2025-03-30 15:42:48] [INFO] [MapEditorScene] Updated hoveredTilePanes 556,395
[2025-03-30 15:42:49] [INFO] [MapEditorScene] Updated hoveredTilePanes 556,396
[2025-03-30 15:42:49] [INFO] [MapEditorScene] Updated hoveredTilePanes 555,396
[2025-03-30 15:42:49] [INFO] [MapEditorScene] Updated hoveredTilePanes 555,397
[2025-03-30 15:42:49] [INFO] [MapEditorScene] Updated hoveredTilePanes 554,398
[2025-03-30 15:42:49] [INFO] [MapEditorScene] Updated hoveredTilePanes 554,399
[2025-03-30 15:42:49] [INFO] [MapEditorScene] Updated hoveredTilePanes 553,400
[2025-03-30 15:42:49] [INFO] [MapEditorScene] Updated hoveredTilePanes 552,401
[2025-03-30 15:42:49] [INFO] [MapEditorScene] Updated hoveredTilePanes 552,402
[2025-03-30 15:42:49] [INFO] [MapEditorScene] Updated hoveredTilePanes 551,403
[2025-03-30 15:42:49] [INFO] [MapEditorScene] Updated hoveredTilePanes 550,404
[2025-03-30 15:42:49] [INFO] [MapEditorScene] Updated hoveredTilePanes 550,405
[2025-03-30 15:42:49] [INFO] [MapEditorScene] Updated hoveredTilePanes 549,406
[2025-03-30 15:42:49] [INFO] [MapEditorScene] Updated hoveredTilePanes 548,407
[2025-03-30 15:42:49] [INFO] [MapEditorScene] Updated hoveredTilePanes 547,408
[2025-03-30 15:42:49] [INFO] [MapEditorScene] Updated hoveredTilePanes 546,409
[2025-03-30 15:42:49] [INFO] [MapEditorScene] Updated hoveredTilePanes 546,410
[2025-03-30 15:42:49] [INFO] [MapEditorScene] Updated hoveredTilePanes 545,411
[2025-03-30 15:42:49] [INFO] [MapEditorScene] Updated hoveredTilePanes 544,412
[2025-03-30 15:42:49] [INFO] [MapEditorScene] Updated hoveredTilePanes 545,412
[2025-03-30 15:42:49] [INFO] [MapEditorScene] Updated hoveredTilePanes 545,411
[2025-03-30 15:42:49] [INFO] [MapEditorScene] Updated hoveredTilePanes 546,411
[2025-03-30 15:42:49] [INFO] [MapEditorScene] Updated hoveredTilePanes 546,410
[2025-03-30 15:42:49] [INFO] [MapEditorScene] Updated hoveredTilePanes 547,410
[2025-03-30 15:42:49] [INFO] [MapEditorScene] Updated hoveredTilePanes 548,409
[2025-03-30 15:42:49] [INFO] [MapEditorScene] Updated hoveredTilePanes 549,409
[2025-03-30 15:42:49] [INFO] [MapEditorScene] Updated hoveredTilePanes 549,408
[2025-03-30 15:42:49] [INFO] [MapEditorScene] Updated hoveredTilePanes 550,408
[2025-03-30 15:42:49] [INFO] [MapEditorScene] Updated hoveredTilePanes 550,407
[2025-03-30 15:42:49] [INFO] [MapEditorScene] Updated hoveredTilePanes 551,407
[2025-03-30 15:42:49] [INFO] [MapEditorScene] Updated hoveredTilePanes 552,407
[2025-03-30 15:42:49] [INFO] [MapEditorScene] Updated hoveredTilePanes 553,406
[2025-03-30 15:42:50] [INFO] [MapEditorScene] Updated hoveredTilePanes 552,406
[2025-03-30 15:44:34] [INFO] [MapEditorScene] Updated hoveredTilePanes 552,404
[2025-03-30 15:44:34] [INFO] [MapEditorScene] Updated hoveredTilePanes 557,400
[2025-03-30 15:44:34] [INFO] [MapEditorScene] Updated hoveredTilePanes 577,384
[2025-03-30 15:44:34] [INFO] [MapEditorScene] Updated hoveredTilePanes 593,371
[2025-03-30 15:44:34] [INFO] [MapEditorScene] Updated hoveredTilePanes 617,354
[2025-03-30 15:44:34] [INFO] [MapEditorScene] Updated hoveredTilePanes 645,336
[2025-03-30 15:44:34] [INFO] [MapEditorScene] Updated hoveredTilePanes 680,316
[2025-03-30 15:44:34] [INFO] [MapEditorScene] Updated hoveredTilePanes 721,294
[2025-03-30 15:44:34] [INFO] [MapEditorScene] Updated hoveredTilePanes 764,275
[2025-03-30 15:44:34] [INFO] [MapEditorScene] Updated hoveredTilePanes 808,256
[2025-03-30 15:44:34] [INFO] [MapEditorScene] Updated hoveredTilePanes 825,249
[2025-03-30 15:44:34] [INFO] [MapEditorScene] Updated hoveredTilePanes 863,234
[2025-03-30 15:44:34] [INFO] [MapEditorScene] Updated hoveredTilePanes 895,222
[2025-03-30 15:44:34] [INFO] [MapEditorScene] Updated hoveredTilePanes 928,215
[2025-03-30 15:44:34] [INFO] [MapEditorScene] Updated hoveredTilePanes 955,209
[2025-03-30 15:44:34] [INFO] [MapEditorScene] Updated hoveredTilePanes 975,207
[2025-03-30 15:44:34] [INFO] [MapEditorScene] Updated hoveredTilePanes 992,205
[2025-03-30 15:44:34] [INFO] [MapEditorScene] Updated hoveredTilePanes 997,205
[2025-03-30 15:44:34] [INFO] [MapEditorScene] Updated hoveredTilePanes 1008,205
[2025-03-30 15:44:34] [INFO] [MapEditorScene] Updated hoveredTilePanes 1017,205
[2025-03-30 15:44:34] [INFO] [MapEditorScene] Updated hoveredTilePanes 1024,205
[2025-03-30 15:44:34] [INFO] [MapEditorScene] Updated hoveredTilePanes 1028,205
[2025-03-30 15:44:34] [INFO] [MapEditorScene] Updated hoveredTilePanes 1033,205
