[2025-06-03 00:39:02] [INFO] [AssetPool] Started initializing AssetPool
[2025-06-03 00:39:02] [INFO] [AssetNameSpace] Started loading Sprite's from ./res/graphics
[2025-06-03 00:39:02] [INFO] [AssetNameSpace] Finished reading files for sprites
[2025-06-03 00:39:03] [INFO] [AssetNameSpace] Finished loading ./res/graphics
[2025-06-03 00:39:03] [INFO] [AssetPool] Finished initializing AssetPool
[2025-06-03 00:39:03] [INFO] [FontPool] Started initializing FontPool
[2025-06-03 00:39:03] [INFO] [FontPool] ✅ Successfully loaded font: Lilian
[2025-06-03 00:39:03] [INFO] [UnitTable] Started initializing UnitTable
[2025-06-03 00:39:03] [INFO] [EmeritusDatabase] Started initializing EmeritusDatabase
[2025-06-03 00:39:03] [INFO] [EmeritusDatabase] Finished initializing EmeritusDatabase
[2025-06-03 00:39:03] [INFO] [UnitTable] Successfully initialized UnitTable
[2025-06-03 00:39:03] [INFO] [UnitTable] Finished initializing UnitTable
[2025-06-03 00:39:03] [INFO] [Component] Setting UNIT_dark_dragon___NICKNAME_Uokfi___7cc3b146-d310-4598-aa54-b4ffc4e0ef92 on to {"row":4,"column":4,"base_elevation":0,"unit":"UNIT_dark_dragon___NICKNAME_Uokfi___7cc3b146-d310-4598-aa54-b4ffc4e0ef92","layers":{"empty":false},"total_elevation":10}.
[2025-06-03 00:39:03] [INFO] [SpeedQueue] Added unit UNIT_dark_dragon___NICKNAME_Uokfi___7cc3b146-d310-4598-aa54-b4ffc4e0ef92 into queue
[2025-06-03 00:39:03] [INFO] [Component] Setting UNIT_fire_dragon___NICKNAME_Vabb___e3238a3f-eecc-4ac4-8ffe-d5df2617c522 on to {"row":4,"column":5,"base_elevation":0,"unit":"UNIT_fire_dragon___NICKNAME_Vabb___e3238a3f-eecc-4ac4-8ffe-d5df2617c522","layers":{"empty":false},"total_elevation":10}.
[2025-06-03 00:39:03] [INFO] [SpeedQueue] Added unit UNIT_fire_dragon___NICKNAME_Vabb___e3238a3f-eecc-4ac4-8ffe-d5df2617c522 into queue
[2025-06-03 00:39:03] [INFO] [SpeedQueue] Speed queue updated.
[2025-06-03 00:39:03] [INFO] [AbilityTable] Started initializing AbilityTable
[2025-06-03 00:39:03] [INFO] [AbilityTable] Finished initializing AbilityTable
[2025-06-03 00:39:03] [INFO] [GameModel] Updated area of sight for Uokfi, viewing 5 tiles
[2025-06-03 00:39:03] [INFO] [GameModel] Updated line of sight for Uokfi, viewing 2 tiles
[2025-06-03 00:39:03] [INFO] [GameModel] Updated area of sight for Uokfi, viewing 1 tiles
[2025-06-03 00:39:03] [INFO] [GameModel] Started gathering cost requirements for test_slash
[2025-06-03 00:39:03] [INFO] [GameModel] Finished gathering cost requirements for test_slash
[2025-06-03 00:39:03] [INFO] [GameModel] Finished checking cost requirements for test_slash
[2025-06-03 00:39:03] [INFO] [GameModel] Started paying cost requirements for test_slash
[2025-06-03 00:39:03] [INFO] [GameModel] Payed 25.0 out of 100 to use test_slash
[2025-06-03 00:39:03] [INFO] [GameModel] Payed 25.0 out of 100 to use test_slash
[2025-06-03 00:39:03] [INFO] [GameModel] Finished paying cost requirements for test_slash
[2025-06-03 00:39:03] [INFO] [AbilityPanel] Updating ability selection for UNIT_dark_dragon___NICKNAME_Uokfi___7cc3b146-d310-4598-aa54-b4ffc4e0ef92
[2025-06-03 00: