[2025-03-22 23:38:57] [INFO] [AssetPool] Started initializing AssetPool
[2025-03-22 23:38:57] [INFO] [AssetNameSpace] Started loading Sprite's from ./res/graphics
[2025-03-22 23:38:57] [INFO] [AssetNameSpace] Finished reading files for sprites
[2025-03-22 23:38:57] [INFO] [AssetNameSpace] Finished loading ./res/graphics
[2025-03-22 23:38:57] [INFO] [AssetPool] Finished initializing AssetPool
[2025-03-22 23:38:57] [INFO] [FontPoolV1] Started initializing FontPoolV1
[2025-03-22 23:38:57] [INFO] [FontPoolV1] Finished initializing FontPoolV1
[2025-03-22 23:38:57] [INFO] [UnitDatabase] Started initializing UnitDatabase
[2025-03-22 23:38:57] [INFO] [UnitDatabase] Successfully initialized UnitDatabase
[2025-03-22 23:38:57] [INFO] [UnitDatabase] Finished initializing UnitDatabase
[2025-03-22 23:38:57] [INFO] [JsonDatabase] Started initializing JsonDatabase
[2025-03-22 23:38:57] [INFO] [JsonTable] Started initializing JsonTable
[2025-03-22 23:38:57] [INFO] [JsonTable] Successfully initialized JsonTable
[2025-03-22 23:38:57] [INFO] [JsonTable] Finished initializing JsonTable
[2025-03-22 23:38:57] [INFO] [JsonTable] Started initializing JsonTable
[2025-03-22 23:38:57] [INFO] [JsonTable] Successfully initialized JsonTable
[2025-03-22 23:38:57] [INFO] [JsonTable] Finished initializing JsonTable
[2025-03-22 23:38:57] [INFO] [JsonTable] Started initializing JsonTable
[2025-03-22 23:38:57] [INFO] [JsonTable] Successfully initialized JsonTable
[2025-03-22 23:38:57] [INFO] [JsonTable] Finished initializing JsonTable
[2025-03-22 23:38:57] [INFO] [JsonDatabase] Successfully initialized JsonDatabase
[2025-03-22 23:38:57] [INFO] [JsonDatabase] Finished initializing JsonDatabase
[2025-03-22 23:38:57] [INFO] [Component] Setting 271c645f-a5b2-4031-838e-9df5a1f3af64 on to f8eddf5e-76b6-4eca-a614-9ffac44f8924.
[2025-03-22 23:38:57] [INFO] [SpeedQueue] Added unit enemy:Ayhe into queue
[2025-03-22 23:38:57] [INFO] [Component] Setting eb70288a-c36f-4108-bebf-aeff6136ff7b on to beffb0bc-0582-4fd1-b63e-8d83c7ac8489.
[2025-03-22 23:38:57] [INFO] [SpeedQueue] Added unit enemy:Kivbiy into queue
[2025-03-22 23:38:57] [INFO] [Component] Setting 8b3133a7-74c2-4934-a27e-848dcf332a82 on to fdb6da54-750d-4f28-9660-e694eb6f2000.
[2025-03-22 23:38:57] [INFO] [SpeedQueue] Added unit enemy:Xoaeii into queue
[2025-03-22 23:38:57] [INFO] [Component] Setting 9bd463b8-6729-487a-8d86-c6e0a7b1150f on to 64ca8c1e-a6e4-40d4-9cbc-eb8c4ebe8bad.
[2025-03-22 23:38:57] [INFO] [SpeedQueue] Added unit user:Laoaqa into queue
[2025-03-22 23:38:57] [INFO] [Component] Setting a8f88dbe-c83e-421a-bf56-9fae551f616e on to 975e00b2-3886-44ed-9afc-e6dbfa38b379.
[2025-03-22 23:38:57] [INFO] [SpeedQueue] Added unit user:Rybhoi into queue
[2025-03-22 23:38:57] [INFO] [Component] Setting af7eb990-79f3-4c6e-a953-991e046c40e1 on to af42409a-ec7a-483f-a225-b3487b67e96b.
[2025-03-22 23:38:57] [INFO] [SpeedQueue] Added unit user:Tigen into queue
[2025-03-22 23:38:57] [INFO] [Component] Setting 7fc79e13-6052-456c-af72-1f1650b03d78 on to af3b88d5-f32d-42ec-b028-91827b353102.
[2025-03-22 23:38:57] [INFO] [SpeedQueue] Added unit user:Rocja into queue
[2025-03-22 23:38:57] [INFO] [EngineController] Started setting scene to MENU_SCENE
[2025-03-22 23:38:58] [INFO] [EngineController] Finished setting scene to MENU_SCENE
[2025-03-22 23:38:58] [INFO] [EngineController] Started setting scene to MAP_EDITOR_SCENE
[2025-03-22 23:38:58] [INFO] [FontPool] Started initializing FontPool
[2025-03-22 23:38:58] [INFO] [FontPool] ✅ Successfully loaded font: Lilian
[2025-03-22 23:38:58] [INFO] [EngineController] Finished setting scene to MAP_EDITOR_SCENE
[2025-03-22 23:38:58] [INFO] [EngineController] Started setting scene to GAME_SCENE
[2025-03-22 23:38:58] [INFO] [EngineController] Finished setting scene to GAME_SCENE
[2025-03-22 23:38:58] [INFO] [SpeedQueue] Speed queue updated.
[2025-03-22 23:38:58] [INFO] [VisualsSystem] Started creating blurred background
[2025-03-22 23:38:58] [INFO] [TimeLinePanel] Started updating the timeline panel after turn order has changed.
[2025-03-22 23:38:58] [INFO] [TimeLinePanel] Finished updating the timeline panel after turn order has changed.
[2025-03-22 23:38:58] [INFO] [SelectedTilePanel] Checksum updated, getting units at selected tiles.
[2025-03-22 23:38:58] [INFO] [SelectedTilePanel] Either no unit selected or more than one unit selected
[2025-03-22 23:38:58] [INFO] [LesserStatisticsInformationPanel] Checksum has been updated, querying statistics for unit eb70288a-c36f-4108-bebf-aeff6136ff7b
[2025-03-22 23:38:59] [INFO] [VisualsSystem] Finished creating blurred background after 0.5032489895820618 seconds
[2025-03-22 23:38:59] [INFO] [SelectedTilePanel] Checksum updated, getting units at selected tiles.
[2025-03-22 23:38:59] [INFO] [SelectedTilePanel] Either no unit selected or more than one unit selected
[2025-03-22 23:38:59] [INFO] [AbilityDatabase] Started initializing AbilityDatabase
[2025-03-22 23:38:59] [INFO] [AbilityDatabase] Successfully initialized AbilityDatabase
[2025-03-22 23:38:59] [INFO] [AbilityDatabase] Finished initializing AbilityDatabase
[2025-03-22 23:39:00] [INFO] [SelectedTilePanel] Checksum updated, getting units at selected tiles.
[2025-03-22 23:39:00] [INFO] [SelectedTilePanel] Either no unit selected or more than one unit selected
[2025-03-22 23:39:01] [INFO] [MovementSystem] Kivbiy is planning to move from [9, 8] to [9, 7]
[2025-03-22 23:39:01] [INFO] [MovementSystem] Updated movement area for Kivbiy
[2025-03-22 23:39:01] [INFO] [MovementSystem] Updated movement path for Kivbiy
[2025-03-22 23:39:01] [INFO] [Component] Setting eb70288a-c36f-4108-bebf-aeff6136ff7b on to 0fc1c21f-37b8-4d88-b611-3a448246102c.
[2025-03-22 23:39:01] [INFO] [MovementSystem] Moved from [9, 8] to [9, 7]
[2025-03-22 23:39:02] [INFO] [SelectedTilePanel] Checksum updated, getting units at selected tiles.
[2025-03-22 23:39:02] [INFO] [SelectedTilePanel] Either no unit selected or more than one unit selected
[2025-03-22 23:39:03] [INFO] [TimeLinePanel] Started updating the timeline panel after turn order has changed.
[2025-03-22 23:39:03] [INFO] [TimeLinePanel] Finished updating the timeline panel after turn order has changed.
[2025-03-22 23:39:04] [INFO] [EngineController] Started setting scene to MAP_EDITOR_SCENE
[2025-03-22 23:39:04] [INFO] [EngineController] Finished setting scene to MAP_EDITOR_SCENE
