[2025-04-16 21:27:15] [INFO] [UnitTable] Started initializing UnitTable
[2025-04-16 21:27:15] [INFO] [EmeritusDatabase] Started initializing EmeritusDatabase
[2025-04-16 21:27:15] [INFO] [EmeritusDatabase] Finished initializing EmeritusDatabase
[2025-04-16 21:27:15] [INFO] [UnitTable] Successfully initialized UnitTable
[2025-04-16 21:27:15] [INFO] [UnitTable] Finished initializing UnitTable
[2025-04-16 21:27:15] [INFO] [AbilityTable] Started initializing AbilityTable
[2025-04-16 21:27:15] [INFO] [AbilityTable] Finished initializing AbilityTable
[2025-04-16 21:27:15] [INFO] [UserSaveStateManager] Started loading user save data
[2025-04-16 21:27:15] [INFO] [UserSaveStateManager] Finished loading user save data
[2025-04-16 21:27:15] [INFO] [AssetPool] Started initializing AssetPool
[2025-04-16 21:27:15] [INFO] [AssetNameSpace] Started loading Sprite's from ./res/graphics
[2025-04-16 21:27:15] [INFO] [AssetNameSpace] Finished reading files for sprites
[2025-04-16 21:27:15] [INFO] [AssetNameSpace] Finished loading ./res/graphics
[2025-04-16 21:27:15] [INFO] [AssetPool] Finished initializing AssetPool
[2025-04-16 21:27:15] [INFO] [Component] Setting water_dragon_Luds_ff8b25c6-7465-4626-a9e9-45503c6c5c74 on to {"spawn_region":[],"collider":"","unit":"water_dragon_Luds_ff8b25c6-7465-4626-a9e9-45503c6c5c74","column":2,"row":6,"structure":"","height":0}.
[2025-04-16 21:27:15] [INFO] [SpeedQueue] Added unit enemy:Luds into queue
[2025-04-16 21:27:15] [INFO] [Component] Setting light_dragon_Byos_dcc0fc54-eea6-401e-97e6-8ecdd7ab6377 on to {"spawn_region":[],"collider":"","unit":"light_dragon_Byos_dcc0fc54-eea6-401e-97e6-8ecdd7ab6377","column":0,"row":1,"structure":"","height":0}.
[2025-04-16 21:27:15] [INFO] [SpeedQueue] Added unit enemy:Byos into queue
[2025-04-16 21:27:15] [INFO] [Component] Setting air_dragon_Zikcqg_4a22fc1d-1fc6-411d-b09e-33b386f9402e on to {"spawn_region":[],"collider":"","unit":"air_dragon_Zikcqg_4a22fc1d-1fc6-411d-b09e-33b386f9402e","column":6,"row":7,"structure":"","height":0}.
[2025-04-16 21:27:15] [INFO] [SpeedQueue] Added unit enemy:Zikcqg into queue
[2025-04-16 21:27:15] [INFO] [Component] Setting earth_dragon_Gykxy_6d0805d7-c64d-4144-86a9-c0f0b8c670fd on to {"spawn_region":[],"collider":"","unit":"earth_dragon_Gykxy_6d0805d7-c64d-4144-86a9-c0f0b8c670fd","column":4,"row":6,"structure":"","height":0}.
[2025-04-16 21:27:15] [INFO] [SpeedQueue] Added unit enemy:Gykxy into queue
[2025-04-16 21:27:15] [INFO] [Component] Setting fire_dragon_Xevkd_7d464c77-53bf-42cf-ae56-334d12e68241 on to {"spawn_region":[],"collider":"","unit":"fire_dragon_Xevkd_7d464c77-53bf-42cf-ae56-334d12e68241","column":5,"row":5,"structure":"","height":0}.
[2025-04-16 21:27:15] [INFO] [SpeedQueue] Added unit user:Xevkd into queue
[2025-04-16 21:27:15] [INFO] [Component] Setting light_dragon_Hugiiu_61a02695-b2bb-4aec-a1c6-163a6083b7fc on to {"spawn_region":[],"collider":"","unit":"light_dragon_Hugiiu_61a02695-b2bb-4aec-a1c6-163a6083b7fc","column":2,"row":1,"structure":"","height":0}.
[2025-04-16 21:27:15] [INFO] [SpeedQueue] Added unit user:Hugiiu into queue
[2025-04-16 21:27:15] [INFO] [EngineController] Started setting scene to MENU_SCENE
[2025-04-16 21:27:15] [INFO] [EngineController] Finished setting scene to MENU_SCENE
[2025-04-16 21:27:15] [INFO] [EngineController] Started setting scene to MAP_EDITOR_SCENE
[2025-04-16 21:27:15] [INFO] [FontPool] Started initializing FontPool
[2025-04-16 21:27:15] [INFO] [FontPool] ✅ Successfully loaded font: Lilian
[2025-04-16 21:27:15] [INFO] [MapEditorScene] Starting to create new GameController!
[2025-04-16 21:27:16] [INFO] [MapEditorScene] Successfully created new GameController!
[2025-04-16 21:27:16] [INFO] [EngineController] Finished setting scene to MAP_EDITOR_SCENE
[2025-04-16 21:27:16] [INFO] [InputHandler] Gliding 0 camera to new tile 10_12_eb243eb4-7b75-448e-9dca-842e22c515b5
[2025-04-16 21:27:16] [INFO] [TimeLinePanel] Started updating the timeline panel after turn order has changed.
[2025-04-16 21:27:16] [INFO] [TimeLinePanel] Finished updating the timeline panel after turn order has changed.
[2025-04-16 21:27:16] [INFO] [SelectedTilePanel] Checksum updated, getting units at selected tiles.
[2025-04-16 21:27:16] [INFO] [SelectedTilePanel] Either no unit selected or more than one unit selected
[2025-04-16 21:27:16] [INFO] [VisualsSystem] Started creating blurred background
[2025-04-16 21:27:16] [INFO] [VisualsSystem] Finished creating blurred background after 0.5013629198074341 seconds
[2025-04-16 21:27:17] [INFO] [MapEditorScene] Updated hoveredTilePanes 1123,157
[2025-04-16 21:27:17] [INFO] [MapEditorScene] Updated hoveredTilePanes 1116,163
[2025-04-16 21:27:17] [INFO] [MapEditorScene] Updated hoveredTilePanes 1108,169
[2025-04-16 21:27:17] [INFO] [MapEditorScene] Updated hoveredTilePanes 1105,172
[2025-04-16 21:27:17] [INFO] [MapEditorScene] Updated hoveredTilePanes 1094,181
[2025-04-16 21:27:17] [INFO] [MapEditorScene] Updated hoveredTilePanes 1090,184
[2025-04-16 21:27:17] [INFO] [MapEditorScene] Updated hoveredTilePanes 1084,189
[2025-04-16 21:27:17] [INFO] [MapEditorScene] Updated hoveredTilePanes 1079,193
[2025-04-16 21:27:17] [INFO] [MapEditorScene] Updated hoveredTilePanes 1075,196
[2025-04-16 21:27:17] [INFO] [MapEditorScene] Updated hoveredTilePanes 1069,200
[2025-04-16 21:27:17] [INFO] [MapEditorScene] Updated hoveredTilePanes 1066,203
[2025-04-16 21:27:17] [INFO] [MapEditorScene] Updated hoveredTilePanes 1064,205
[2025-04-16 21:27:17] [INFO] [MapEditorScene] Updated hoveredTilePanes 1060,206
[2025-04-16 21:27:17] [INFO] [MapEditorScene] Updated hoveredTilePanes 1058,208
[2025-04-16 21:27:17] [INFO] [MapEditorScene] Updated hoveredTilePanes 1056,209
[2025-04-16 21:27:17] [INFO] [MapEditorScene] Updated hoveredTilePanes 1054,210
[2025-04-16 21:27:17] [INFO] [MapEditorScene] Updated hoveredTilePanes 1051,212
[2025-04-16 21:27:17] [INFO] [MapEditorScene] Updated hoveredTilePanes 1049,213
[2025-04-16 21:27:17] [INFO] [MapEditorScene] Updated hoveredTilePanes 1047,215
[2025-04-16 21:27:17] [INFO] [MapEditorScene] Updated hoveredTilePanes 1044,216
[2025-04-16 21:27:17] [INFO] [MapEditorScene] Updated hoveredTilePanes 1040,219
[2025-04-16 21:27:17] [INFO] [MapEditorScene] Updated hoveredTilePanes 1035,222
[2025-04-16 21:27:17] [INFO] [MapEditorScene] Updated hoveredTilePanes 1033,223
[2025-04-16 21:27:17] [INFO] [MapEditorScene] Updated hoveredTilePanes 1026,229
[2025-04-16 21:27:17] [INFO] [MapEditorScene] Updated hoveredTilePanes 1021,232
[2025-04-16 21:27:17] [INFO] [MapEditorScene] Updated hoveredTilePanes 1017,235
[2025-04-16 21:27:17] [INFO] [MapEditorScene] Updated hoveredTilePanes 1009,244
[2025-04-16 21:27:17] [INFO] [MapEditorScene] Updated hoveredTilePanes 1001,249
[2025-04-16 21:27:17] [INFO] [MapEditorScene] Updated hoveredTilePanes 995,255
[2025-04-16 21:27:17] [INFO] [MapEditorScene] Updated hoveredTilePanes 987,261
[2025-04-16 21:27:17] [INFO] [MapEditorScene] Updated hoveredTilePanes 980,267
[2025-04-16 21:27:17] [INFO] [MapEditorScene] Updated hoveredTilePanes 969,277
[2025-04-16 21:27:17] [INFO] [MapEditorScene] Updated hoveredTilePanes 959,284
[2025-04-16 21:27:17] [INFO] [MapEditorScene] Updated hoveredTilePanes 946,295
[2025-04-16 21:27:17] [INFO] [MapEditorScene] Updated hoveredTilePanes 932,306
[2025-04-16 21:27:17] [INFO] [MapEditorScene] Updated hoveredTilePanes 919,316
[2025-04-16 21:27:17] [INFO] [MapEditorScene] Updated hoveredTilePanes 902,329
[2025-04-16 21:27:17] [INFO] [MapEditorScene] Updated hoveredTilePanes 889,340
[2025-04-16 21:27:17] [INFO] [MapEditorScene] Updated hoveredTilePanes 878,350
[2025-04-16 21:27:18] [INFO] [MapEditorScene] Updated hoveredTilePanes 867,359
[2025-04-16 21:27:18] [INFO] [MapEditorScene] Updated hoveredTilePanes 853,369
[2025-04-16 21:27:18] [INFO] [MapEditorScene] Updated hoveredTilePanes 843,378
[2025-04-16 21:27:18] [INFO] [MapEditorScene] Updated hoveredTilePanes 835,385
[2025-04-16 21:27:18] [INFO] [MapEditorScene] Updated hoveredTilePanes 825,392
[2025-04-16 21:27:18] [INFO] [MapEditorScene] Updated hoveredTilePanes 818,397
[2025-04-16 21:27:18] [INFO] [MapEditorScene] Updated hoveredTilePanes 814,399
[2025-04-16 21:27:18] [INFO] [MapEditorScene] Updated hoveredTilePanes 801,410
[2025-04-16 21:27:18] [INFO] [MapEditorScene] Updated hoveredTilePanes 797,411
[2025-04-16 21:27:18] [INFO] [MapEditorScene] Updated hoveredTilePanes 785,419
[2025-04-16 21:27:18] [INFO] [MapEditorScene] Updated hoveredTilePanes 777,424
[2025-04-16 21:27:18] [INFO] [MapEditorScene] Updated hoveredTilePanes 774,426
[2025-04-16 21:27:18] [INFO] [MapEditorScene] Updated hoveredTilePanes 767,431
[2025-04-16 21:27:18] [INFO] [MapEditorScene] Updated hoveredTilePanes 761,435
[2025-04-16 21:27:18] [INFO] [MapEditorScene] Updated hoveredTilePanes 751,442
[2025-04-16 21:27:18] [INFO] [MapEditorScene] Updated hoveredTilePanes 748,444
[2025-04-16 21:27:18] [INFO] [MapEditorScene] Updated hoveredTilePanes 743,446
[2025-04-16 21:27:18] [INFO] [MapEditorScene] Updated hoveredTilePanes 740,450
[2025-04-16 21:27:18] [INFO] [MapEditorScene] Updated hoveredTilePanes 735,453
[2025-04-16 21:27:18] [INFO] [MapEditorScene] Updated hoveredTilePanes 731,455
[2025-04-16 21:27:18] [INFO] [MapEditorScene] Updated hoveredTilePanes 728,456
[2025-04-16 21:27:18] [INFO] [MapEditorScene] Updated hoveredTilePanes 725,458
[2025-04-16 21:27:18] [INFO] [MapEditorScene] Updated hoveredTilePanes 722,460
[2025-04-16 21:27:18] [INFO] [MapEditorScene] Updated hoveredTilePanes 718,460
[2025-04-16 21:27:18] [INFO] [MapEditorScene] Updated hoveredTilePanes 714,461
[2025-04-16 21:27:18] [INFO] [MapEditorScene] Updated hoveredTilePanes 710,462
[2025-04-16 21:27:18] [INFO] [MapEditorScene] Updated hoveredTilePanes 707,463
[2025-04-16 21:27:18] [INFO] [MapEditorScene] Updated hoveredTilePanes 702,464
[2025-04-16 21:27:18] [INFO] [MapEditorScene] Updated hoveredTilePanes 698,464
[2025-04-16 21:27:18] [INFO] [MapEditorScene] Updated hoveredTilePanes 694,464
[2025-04-16 21:27:18] [INFO] [MapEditorScene] Updated hoveredTilePanes 691,464
[2025-04-16 21:27:18] [INFO] [MapEditorScene] Updated hoveredTilePanes 686,464
[2025-04-16 21:27:18] [INFO] [MapEditorScene] Updated hoveredTilePanes 683,464
[2025-04-16 21:27:18] [INFO] [MapEditorScene] Updated hoveredTilePanes 680,464
[2025-04-16 21:27:18] [INFO] [MapEditorScene] Updated hoveredTilePanes 677,464
[2025-04-16 21:27:18] [INFO] [MapEditorScene] Updated hoveredTilePanes 672,464
[2025-04-16 21:27:18] [INFO] [MapEditorScene] Updated hoveredTilePanes 669,462
[2025-04-16 21:27:18] [INFO] [MapEditorScene] Updated hoveredTilePanes 664,460
[2025-04-16 21:27:18] [INFO] [MapEditorScene] Updated hoveredTilePanes 655,457
[2025-04-16 21:27:18] [INFO] [MapEditorScene] Updated hoveredTilePanes 650,454
[2025-04-16 21:27:18] [INFO] [MapEditorScene] Updated hoveredTilePanes 644,450
[2025-04-16 21:27:18] [INFO] [MapEditorScene] Updated hoveredTilePanes 637,447
[2025-04-16 21:27:18] [INFO] [MapEditorScene] Updated hoveredTilePanes 627,442
[2025-04-16 21:27:18] [INFO] [MapEditorScene] Updated hoveredTilePanes 621,438
[2025-04-16 21:27:18] [INFO] [MapEditorScene] Updated hoveredTilePanes 611,431
[2025-04-16 21:27:18] [INFO] [MapEditorScene] Updated hoveredTilePanes 608,430
[2025-04-16 21:27:18] [INFO] [MapEditorScene] Updated hoveredTilePanes 594,419
[2025-04-16 21:27:18] [INFO] [MapEditorScene] Updated hoveredTilePanes 592,417
[2025-04-16 21:27:18] [INFO] [MapEditorScene] Updated hoveredTilePanes 578,407
[2025-04-16 21:27:18] [INFO] [MapEditorScene] Updated hoveredTilePanes 576,404
[2025-04-16 21:27:18] [INFO] [MapEditorScene] Updated hoveredTilePanes 565,394
[2025-04-16 21:27:18] [INFO] [MapEditorScene] Updated hoveredTilePanes 558,387
[2025-04-16 21:27:18] [INFO] [MapEditorScene] Updated hoveredTilePanes 553,380
[2025-04-16 21:27:18] [INFO] [MapEditorScene] Updated hoveredTilePanes 547,374
[2025-04-16 21:27:18] [INFO] [MapEditorScene] Updated hoveredTilePanes 542,366
[2025-04-16 21:27:18] [INFO] [MapEditorScene] Updated hoveredTilePanes 536,359
[2025-04-16 21:27:18] [INFO] [MapEditorScene] Updated hoveredTilePanes 530,349
[2025-04-16 21:27:18] [INFO] [MapEditorScene] Updated hoveredTilePanes 525,341
[2025-04-16 21:27:18] [INFO] [MapEditorScene] Updated hoveredTilePanes 519,334
[2025-04-16 21:27:18] [INFO] [MapEditorScene] Updated hoveredTilePanes 518,331
[2025-04-16 21:27:18] [INFO] [MapEditorScene] Updated hoveredTilePanes 513,323
[2025-04-16 21:27:18] [INFO] [MapEditorScene] Updated hoveredTilePanes 509,316
[2025-04-16 21:27:18] [INFO] [MapEditorScene] Updated hoveredTilePanes 506,312
[2025-04-16 21:27:18] [INFO] [MapEditorScene] Updated hoveredTilePanes 504,307
[2025-04-16 21:27:18] [INFO] [MapEditorScene] Updated hoveredTilePanes 503,304
[2025-04-16 21:27:18] [INFO] [MapEditorScene] Updated hoveredTilePanes 501,300
[2025-04-16 21:27:18] [INFO] [MapEditorScene] Updated hoveredTilePanes 500,297
[2025-04-16 21:27:18] [INFO] [MapEditorScene] Updated hoveredTilePanes 499,295
[2025-04-16 21:27:18] [INFO] [MapEditorScene] Updated hoveredTilePanes 498,292
[2025-04-16 21:27:18] [INFO] [MapEditorScene] Updated hoveredTilePanes 498,290
[2025-04-16 21:27:18] [INFO] [MapEditorScene] Updated hoveredTilePanes 497,287
[2025-04-16 21:27:18] [INFO] [MapEditorScene] Updated hoveredTilePanes 496,283
[2025-04-16 21:27:18] [INFO] [MapEditorScene] Updated hoveredTilePanes 495,279
[2025-04-16 21:27:18] [INFO] [MapEditorScene] Updated hoveredTilePanes 493,272
[2025-04-16 21:27:18] [INFO] [MapEditorScene] Updated hoveredTilePanes 492,265
[2025-04-16 21:27:18] [INFO] [MapEditorScene] Updated hoveredTilePanes 491,259
[2025-04-16 21:27:18] [INFO] [MapEditorScene] Updated hoveredTilePanes 489,250
[2025-04-16 21:27:18] [INFO] [MapEditorScene] Updated hoveredTilePanes 488,239
[2025-04-16 21:27:18] [INFO] [MapEditorScene] Updated hoveredTilePanes 488,222
[2025-04-16 21:27:18] [INFO] [MapEditorScene] Updated hoveredTilePanes 488,205
[2025-04-16 21:27:19] [INFO] [MapEditorScene] Updated hoveredTilePanes 481,205
[2025-04-16 21:27:19] [INFO] [MapEditorScene] Updated hoveredTilePanes 472,205
[2025-04-16 21:27:19] [INFO] [MapEditorScene] Updated hoveredTilePanes 466,205
[2025-04-16 21:27:19] [INFO] [MapEditorScene] Updated hoveredTilePanes 461,205
[2025-04-16 21:27:19] [INFO] [MapEditorScene] Updated hoveredTilePanes 456,205
[2025-04-16 21:27:19] [INFO] [MapEditorScene] Updated hoveredTilePanes 451,205
[2025-04-16 21:27:19] [INFO] [MapEditorScene] Updated hoveredTilePanes 446,205
[2025-04-16 21:27:19] [INFO] [MapEditorScene] Updated hoveredTilePanes 442,205
[2025-04-16 21:27:19] [INFO] [MapEditorScene] Updated hoveredTilePanes 435,205
[2025-04-16 21:27:19] [INFO] [MapEditorScene] Updated hoveredTilePanes 426,206
[2025-04-16 21:27:19] [INFO] [MapEditorScene] Updated hoveredTilePanes 420,207
[2025-04-16 21:27:19] [INFO] [MapEditorScene] Updated hoveredTilePanes 415,208
[2025-04-16 21:27:19] [INFO] [MapEditorScene] Updated hoveredTilePanes 412,209
[2025-04-16 21:27:19] [INFO] [MapEditorScene] Updated hoveredTilePanes 407,210
[2025-04-16 21:27:19] [INFO] [MapEditorScene] Updated hoveredTilePanes 404,212
[2025-04-16 21:27:19] [INFO] [MapEditorScene] Updated hoveredTilePanes 400,213
[2025-04-16 21:27:19] [INFO] [MapEditorScene] Updated hoveredTilePanes 398,214
[2025-04-16 21:27:19] [INFO] [MapEditorScene] Updated hoveredTilePanes 395,215
[2025-04-16 21:27:19] [INFO] [MapEditorScene] Updated hoveredTilePanes 391,218
[2025-04-16 21:27:19] [INFO] [MapEditorScene] Updated hoveredTilePanes 389,220
[2025-04-16 21:27:19] [INFO] [MapEditorScene] Updated hoveredTilePanes 386,221
[2025-04-16 21:27:19] [INFO] [MapEditorScene] Updated hoveredTilePanes 382,224
[2025-04-16 21:27:19] [INFO] [MapEditorScene] Updated hoveredTilePanes 380,227
[2025-04-16 21:27:19] [INFO] [MapEditorScene] Updated hoveredTilePanes 376,230
[2025-04-16 21:27:19] [INFO] [MapEditorScene] Updated hoveredTilePanes 374,232
[2025-04-16 21:27:19] [INFO] [MapEditorScene] Updated hoveredTilePanes 371,236
[2025-04-16 21:27:19] [INFO] [MapEditorScene] Updated hoveredTilePanes 369,238
[2025-04-16 21:27:19] [INFO] [MapEditorScene] Updated hoveredTilePanes 366,242
[2025-04-16 21:27:19] [INFO] [MapEditorScene] Updated hoveredTilePanes 366,244
[2025-04-16 21:27:19] [INFO] [MapEditorScene] Updated hoveredTilePanes 364,246
[2025-04-16 21:27:19] [INFO] [MapEditorScene] Updated hoveredTilePanes 364,249
[2025-04-16 21:27:19] [INFO] [MapEditorScene] Updated hoveredTilePanes 363,252
[2025-04-16 21:27:19] [INFO] [MapEditorScene] Updated hoveredTilePanes 362,254
[2025-04-16 21:27:19] [INFO] [MapEditorScene] Updated hoveredTilePanes 362,257
[2025-04-16 21:27:19] [INFO] [MapEditorScene] Updated hoveredTilePanes 362,261
[2025-04-16 21:27:19] [INFO] [MapEditorScene] Updated hoveredTilePanes 361,264
[2025-04-16 21:27:19] [INFO] [MapEditorScene] Updated hoveredTilePanes 361,267
[2025-04-16 21:27:19] [INFO] [MapEditorScene] Updated hoveredTilePanes 361,270
[2025-04-16 21:27:19] [INFO] [MapEditorScene] Updated hoveredTilePanes 361,275
[2025-04-16 21:27:19] [INFO] [MapEditorScene] Updated hoveredTilePanes 360,278
[2025-04-16 21:27:19] [INFO] [MapEditorScene] Updated hoveredTilePanes 360,283
[2025-04-16 21:27:19] [INFO] [MapEditorScene] Updated hoveredTilePanes 360,286
[2025-04-16 21:27:19] [INFO] [MapEditorScene] Updated hoveredTilePanes 360,291
[2025-04-16 21:27:19] [INFO] [MapEditorScene] Updated hoveredTilePanes 360,294
[2025-04-16 21:27:19] [INFO] [MapEditorScene] Updated hoveredTilePanes 360,296
[2025-04-16 21:27:19] [INFO] [MapEditorScene] Updated hoveredTilePanes 360,298
[2025-04-16 21:27:19] [INFO] [MapEditorScene] Updated hoveredTilePanes 360,299
[2025-04-16 21:27:19] [INFO] [MapEditorScene] Updated hoveredTilePanes 359,300
[2025-04-16 21:27:19] [INFO] [MapEditorScene] Updated hoveredTilePanes 359,301
[2025-04-16 21:27:19] [INFO] [MapEditorScene] Updated hoveredTilePanes 358,297
[2025-04-16 21:27:19] [INFO] [MapEditorScene] Updated hoveredTilePanes 357,293
[2025-04-16 21:27:19] [INFO] [MapEditorScene] Updated hoveredTilePanes 356,286
[2025-04-16 21:27:19] [INFO] [MapEditorScene] Updated hoveredTilePanes 353,275
[2025-04-16 21:27:19] [INFO] [MapEditorScene] Updated hoveredTilePanes 350,261
[2025-04-16 21:27:19] [INFO] [MapEditorScene] Updated hoveredTilePanes 349,244
[2025-04-16 21:27:19] [INFO] [MapEditorScene] Updated hoveredTilePanes 347,224
[2025-04-16 21:27:19] [INFO] [MapEditorScene] Updated hoveredTilePanes 345,203
[2025-04-16 21:27:19] [INFO] [MapEditorScene] Updated hoveredTilePanes 343,187
[2025-04-16 21:27:19] [INFO] [MapEditorScene] Updated hoveredTilePanes 343,180
[2025-04-16 21:27:19] [INFO] [MapEditorScene] Updated hoveredTilePanes 343,163
[2025-04-16 21:27:19] [INFO] [MapEditorScene] Updated hoveredTilePanes 342,152
[2025-04-16 21:27:19] [INFO] [MapEditorScene] Updated hoveredTilePanes 342,143
[2025-04-16 21:27:19] [INFO] [MapEditorScene] Updated hoveredTilePanes 342,134
[2025-04-16 21:27:19] [INFO] [MapEditorScene] Updated hoveredTilePanes 342,128
[2025-04-16 21:27:19] [INFO] [MapEditorScene] Updated hoveredTilePanes 342,123
[2025-04-16 21:27:19] [INFO] [MapEditorScene] Updated hoveredTilePanes 342,120
[2025-04-16 21:27:19] [INFO] [MapEditorScene] Updated hoveredTilePanes 342,116
[2025-04-16 21:27:19] [INFO] [MapEditorScene] Updated hoveredTilePanes 342,113
[2025-04-16 21:27:19] [INFO] [MapEditorScene] Updated hoveredTilePanes 342,111
[2025-04-16 21:27:19] [INFO] [MapEditorScene] Updated hoveredTilePanes 343,108
[2025-04-16 21:27:19] [INFO] [MapEditorScene] Updated hoveredTilePanes 343,106
[2025-04-16 21:27:19] [INFO] [MapEditorScene] Updated hoveredTilePanes 344,104
[2025-04-16 21:27:19] [INFO] [MapEditorScene] Updated hoveredTilePanes 345,102
[2025-04-16 21:27:19] [INFO] [MapEditorScene] Updated hoveredTilePanes 345,100
[2025-04-16 21:27:19] [INFO] [MapEditorScene] Updated hoveredTilePanes 345,98
[2025-04-16 21:27:19] [INFO] [MapEditorScene] Updated hoveredTilePanes 345,96
[2025-04-16 21:27:19] [INFO] [MapEditorScene] Updated hoveredTilePanes 345,95
[2025-04-16 21:27:19] [INFO] [MapEditorScene] Updated hoveredTilePanes 345,93
[2025-04-16 21:27:19] [INFO] [MapEditorScene] Updated hoveredTilePanes 345,91
[2025-04-16 21:27:19] [INFO] [MapEditorScene] Updated hoveredTilePanes 345,88
[2025-04-16 21:27:19] [INFO] [MapEditorScene] Updated hoveredTilePanes 345,86
[2025-04-16 21:27:19] [INFO] [MapEditorScene] Updated hoveredTilePanes 345,84
[2025-04-16 21:27:19] [INFO] [MapEditorScene] Updated hoveredTilePanes 344,80
[2025-04-16 21:27:19] [INFO] [MapEditorScene] Updated hoveredTilePanes 343,78
[2025-04-16 21:27:19] [INFO] [MapEditorScene] Updated hoveredTilePanes 342,76
[2025-04-16 21:27:19] [INFO] [MapEditorScene] Updated hoveredTilePanes 341,74
[2025-04-16 21:27:19] [INFO] [MapEditorScene] Updated hoveredTilePanes 340,73
[2025-04-16 21:27:19] [INFO] [MapEditorScene] Updated hoveredTilePanes 339,72
[2025-04-16 21:27:19] [INFO] [MapEditorScene] Updated hoveredTilePanes 338,72
[2025-04-16 21:27:19] [INFO] [MapEditorScene] Updated hoveredTilePanes 337,75
[2025-04-16 21:27:19] [INFO] [MapEditorScene] Updated hoveredTilePanes 337,82
[2025-04-16 21:27:19] [INFO] [MapEditorScene] Updated hoveredTilePanes 336,91
[2025-04-16 21:27:19] [INFO] [MapEditorScene] Updated hoveredTilePanes 336,104
[2025-04-16 21:27:19] [INFO] [MapEditorScene] Updated hoveredTilePanes 336,121
[2025-04-16 21:27:19] [INFO] [MapEditorScene] Updated hoveredTilePanes 336,138
[2025-04-16 21:27:19] [INFO] [MapEditorScene] Updated hoveredTilePanes 336,159
[2025-04-16 21:27:19] [INFO] [MapEditorScene] Updated hoveredTilePanes 336,182
[2025-04-16 21:27:19] [INFO] [MapEditorScene] Updated hoveredTilePanes 336,206
[2025-04-16 21:27:19] [INFO] [MapEditorScene] Updated hoveredTilePanes 336,230
[2025-04-16 21:27:19] [INFO] [MapEditorScene] Updated hoveredTilePanes 338,254
[2025-04-16 21:27:19] [INFO] [MapEditorScene] Updated hoveredTilePanes 340,274
[2025-04-16 21:27:19] [INFO] [MapEditorScene] Updated hoveredTilePanes 341,281
[2025-04-16 21:27:19] [INFO] [MapEditorScene] Updated hoveredTilePanes 343,298
[2025-04-16 21:27:19] [INFO] [MapEditorScene] Updated hoveredTilePanes 344,309
[2025-04-16 21:27:19] [INFO] [MapEditorScene] Updated hoveredTilePanes 345,318
[2025-04-16 21:27:19] [INFO] [MapEditorScene] Updated hoveredTilePanes 346,324
[2025-04-16 21:27:19] [INFO] [MapEditorScene] Updated hoveredTilePanes 347,331
[2025-04-16 21:27:20] [INFO] [MapEditorScene] Updated hoveredTilePanes 348,336
[2025-04-16 21:27:20] [INFO] [MapEditorScene] Updated hoveredTilePanes 349,339
[2025-04-16 21:27:20] [INFO] [MapEditorScene] Updated hoveredTilePanes 349,341
[2025-04-16 21:27:20] [INFO] [MapEditorScene] Updated hoveredTilePanes 350,343
[2025-04-16 21:27:20] [INFO] [MapEditorScene] Updated hoveredTilePanes 350,345
[2025-04-16 21:27:20] [INFO] [MapEditorScene] Updated hoveredTilePanes 350,346
[2025-04-16 21:27:20] [INFO] [MapEditorScene] Updated hoveredTilePanes 351,348
[2025-04-16 21:27:20] [INFO] [MapEditorScene] Updated hoveredTilePanes 351,349
[2025-04-16 21:27:20] [INFO] [MapEditorScene] Updated hoveredTilePanes 352,350
[2025-04-16 21:27:20] [INFO] [MapEditorScene] Updated hoveredTilePanes 352,351
[2025-04-16 21:27:20] [INFO] [MapEditorScene] Updated hoveredTilePanes 352,352
[2025-04-16 21:27:20] [INFO] [MapEditorScene] Updated hoveredTilePanes 352,353
[2025-04-16 21:27:20] [INFO] [MapEditorScene] Updated hoveredTilePanes 352,354
[2025-04-16 21:27:20] [INFO] [MapEditorScene] Updated hoveredTilePanes 352,355
[2025-04-16 21:27:20] [INFO] [MapEditorScene] Updated hoveredTilePanes 353,355
[2025-04-16 21:27:20] [INFO] [MapEditorScene] Updated hoveredTilePanes 353,356
[2025-04-16 21:27:20] [INFO] [MapEditorScene] Updated hoveredTilePanes 353,357
[2025-04-16 21:27:20] [INFO] [MapEditorScene] Updated hoveredTilePanes 354,361
[2025-04-16 21:27:20] [INFO] [MapEditorScene] Updated hoveredTilePanes 355,364
[2025-04-16 21:27:20] [INFO] [MapEditorScene] Updated hoveredTilePanes 357,369
[2025-04-16 21:27:20] [INFO] [MapEditorScene] Updated hoveredTilePanes 358,375
[2025-04-16 21:27:20] [INFO] [MapEditorScene] Updated hoveredTilePanes 360,382
[2025-04-16 21:27:20] [INFO] [MapEditorScene] Updated hoveredTilePanes 363,391
[2025-04-16 21:27:20] [INFO] [MapEditorScene] Updated hoveredTilePanes 365,399
[2025-04-16 21:27:20] [INFO] [MapEditorScene] Updated hoveredTilePanes 367,410
[2025-04-16 21:27:20] [INFO] [MapEditorScene] Updated hoveredTilePanes 369,422
[2025-04-16 21:27:20] [INFO] [MapEditorScene] Updated hoveredTilePanes 372,436
[2025-04-16 21:27:20] [INFO] [MapEditorScene] Updated hoveredTilePanes 373,440
[2025-04-16 21:27:20] [INFO] [MapEditorScene] Updated hoveredTilePanes 377,461
[2025-04-16 21:27:20] [INFO] [MapEditorScene] Updated hoveredTilePanes 378,465
[2025-04-16 21:27:20] [INFO] [MapEditorScene] Updated hoveredTilePanes 379,477
[2025-04-16 21:27:20] [INFO] [MapEditorScene] Updated hoveredTilePanes 382,483
[2025-04-16 21:27:20] [INFO] [MapEditorScene] Updated hoveredTilePanes 383,490
[2025-04-16 21:27:20] [INFO] [MapEditorScene] Updated hoveredTilePanes 384,496
[2025-04-16 21:27:20] [INFO] [MapEditorScene] Updated hoveredTilePanes 385,501
[2025-04-16 21:27:20] [INFO] [MapEditorScene] Updated hoveredTilePanes 386,506
[2025-04-16 21:27:20] [INFO] [MapEditorScene] Updated hoveredTilePanes 387,509
[2025-04-16 21:27:20] [INFO] [MapEditorScene] Updated hoveredTilePanes 387,513
[2025-04-16 21:27:20] [INFO] [MapEditorScene] Updated hoveredTilePanes 387,516
[2025-04-16 21:27:20] [INFO] [MapEditorScene] Updated hoveredTilePanes 387,518
[2025-04-16 21:27:20] [INFO] [MapEditorScene] Updated hoveredTilePanes 388,521
[2025-04-16 21:27:20] [INFO] [MapEditorScene] Updated hoveredTilePanes 388,524
[2025-04-16 21:27:20] [INFO] [MapEditorScene] Updated hoveredTilePanes 389,528
[2025-04-16 21:27:20] [INFO] [MapEditorScene] Updated hoveredTilePanes 390,531
[2025-04-16 21:27:20] [INFO] [MapEditorScene] Updated hoveredTilePanes 390,533
[2025-04-16 21:27:20] [INFO] [MapEditorScene] Updated hoveredTilePanes 391,536
[2025-04-16 21:27:20] [INFO] [MapEditorScene] Updated hoveredTilePanes 391,539
[2025-04-16 21:27:20] [INFO] [MapEditorScene] Updated hoveredTilePanes 392,543
[2025-04-16 21:27:20] [INFO] [MapEditorScene] Updated hoveredTilePanes 393,546
[2025-04-16 21:27:20] [INFO] [MapEditorScene] Updated hoveredTilePanes 394,549
[2025-04-16 21:27:20] [INFO] [MapEditorScene] Updated hoveredTilePanes 394,552
[2025-04-16 21:27:20] [INFO] [MapEditorScene] Updated hoveredTilePanes 395,556
[2025-04-16 21:27:20] [INFO] [MapEditorScene] Updated hoveredTilePanes 395,558
[2025-04-16 21:27:20] [INFO] [MapEditorScene] Updated hoveredTilePanes 396,561
[2025-04-16 21:27:20] [INFO] [MapEditorScene] Updated hoveredTilePanes 396,564
[2025-04-16 21:27:20] [INFO] [MapEditorScene] Updated hoveredTilePanes 397,569
[2025-04-16 21:27:20] [INFO] [MapEditorScene] Updated hoveredTilePanes 398,575
[2025-04-16 21:27:20] [INFO] [MapEditorScene] Updated hoveredTilePanes 399,582
[2025-04-16 21:27:20] [INFO] [MapEditorScene] Updated hoveredTilePanes 399,585
[2025-04-16 21:27:20] [INFO] [MapEditorScene] Updated hoveredTilePanes 401,596
[2025-04-16 21:27:20] [INFO] [MapEditorScene] Updated hoveredTilePanes 402,600
[2025-04-16 21:27:20] [INFO] [MapEditorScene] Updated hoveredTilePanes 402,606
[2025-04-16 21:27:20] [INFO] [MapEditorScene] Updated hoveredTilePanes 403,613
[2025-04-16 21:27:20] [INFO] [MapEditorScene] Updated hoveredTilePanes 403,620
[2025-04-16 21:27:20] [INFO] [MapEditorScene] Updated hoveredTilePanes 404,624
[2025-04-16 21:27:20] [INFO] [MapEditorScene] Updated hoveredTilePanes 404,628
[2025-04-16 21:27:20] [INFO] [MapEditorScene] Updated hoveredTilePanes 404,631
[2025-04-16 21:27:20] [INFO] [MapEditorScene] Updated hoveredTilePanes 404,633
[2025-04-16 21:27:20] [INFO] [MapEditorScene] Updated hoveredTilePanes 404,634
[2025-04-16 21:27:20] [INFO] [MapEditorScene] Updated hoveredTilePanes 404,635
[2025-04-16 21:27:20] [INFO] [MapEditorScene] Updated hoveredTilePanes 403,635
[2025-04-16 21:27:20] [INFO] [MapEditorScene] Updated hoveredTilePanes 401,632
[2025-04-16 21:27:20] [INFO] [MapEditorScene] Updated hoveredTilePanes 396,624
[2025-04-16 21:27:20] [INFO] [MapEditorScene] Updated hoveredTilePanes 393,616
[2025-04-16 21:27:20] [INFO] [MapEditorScene] Updated hoveredTilePanes 387,604
[2025-04-16 21:27:20] [INFO] [MapEditorScene] Updated hoveredTilePanes 382,591
[2025-04-16 21:27:20] [INFO] [MapEditorScene] Updated hoveredTilePanes 376,574
[2025-04-16 21:27:20] [INFO] [MapEditorScene] Updated hoveredTilePanes 369,557
[2025-04-16 21:27:20] [INFO] [MapEditorScene] Updated hoveredTilePanes 361,533
[2025-04-16 21:27:20] [INFO] [MapEditorScene] Updated hoveredTilePanes 353,513
[2025-04-16 21:27:20] [INFO] [MapEditorScene] Updated hoveredTilePanes 345,489
[2025-04-16 21:27:20] [INFO] [MapEditorScene] Updated hoveredTilePanes 335,463
[2025-04-16 21:27:20] [INFO] [MapEditorScene] Updated hoveredTilePanes 327,443
[2025-04-16 21:27:20] [INFO] [MapEditorScene] Updated hoveredTilePanes 317,421
[2025-04-16 21:27:20] [INFO] [MapEditorScene] Updated hoveredTilePanes 308,402
[2025-04-16 21:27:20] [INFO] [MapEditorScene] Updated hoveredTilePanes 296,380
[2025-04-16 21:27:20] [INFO] [MapEditorScene] Updated hoveredTilePanes 282,361
[2025-04-16 21:27:20] [INFO] [MapEditorScene] Updated hoveredTilePanes 271,342
[2025-04-16 21:27:20] [INFO] [MapEditorScene] Updated hoveredTilePanes 255,322
[2025-04-16 21:27:20] [INFO] [MapEditorScene] Updated hoveredTilePanes 241,302
[2025-04-16 21:27:20] [INFO] [MapEditorScene] Updated hoveredTilePanes 229,286
[2025-04-16 21:27:20] [INFO] [MapEditorScene] Updated hoveredTilePanes 216,269
[2025-04-16 21:27:20] [INFO] [MapEditorScene] Updated hoveredTilePanes 204,256
[2025-04-16 21:27:20] [INFO] [MapEditorScene] Updated hoveredTilePanes 194,242
[2025-04-16 21:27:20] [INFO] [MapEditorScene] Updated hoveredTilePanes 182,229
[2025-04-16 21:27:20] [INFO] [MapEditorScene] Updated hoveredTilePanes 170,215
[2025-04-16 21:27:20] [INFO] [MapEditorScene] Updated hoveredTilePanes 161,204
[2025-04-16 21:27:20] [INFO] [MapEditorScene] Updated hoveredTilePanes 151,191
[2025-04-16 21:27:20] [INFO] [MapEditorScene] Updated hoveredTilePanes 143,178
[2025-04-16 21:27:20] [INFO] [MapEditorScene] Updated hoveredTilePanes 135,166
[2025-04-16 21:27:20] [INFO] [MapEditorScene] Updated hoveredTilePanes 128,156
[2025-04-16 21:27:20] [INFO] [MapEditorScene] Updated hoveredTilePanes 123,146
[2025-04-16 21:27:20] [INFO] [MapEditorScene] Updated hoveredTilePanes 121,142
[2025-04-16 21:27:20] [INFO] [MapEditorScene] Updated hoveredTilePanes 112,126
[2025-04-16 21:27:20] [INFO] [MapEditorScene] Updated hoveredTilePanes 108,118
[2025-04-16 21:27:20] [INFO] [MapEditorScene] Updated hoveredTilePanes 107,113
[2025-04-16 21:27:20] [INFO] [MapEditorScene] Updated hoveredTilePanes 103,99
[2025-04-16 21:27:20] [INFO] [MapEditorScene] Updated hoveredTilePanes 102,94
[2025-04-16 21:27:20] [INFO] [MapEditorScene] Updated hoveredTilePanes 99,80
[2025-04-16 21:27:20] [INFO] [MapEditorScene] Updated hoveredTilePanes 97,72
[2025-04-16 21:27:20] [INFO] [MapEditorScene] Updated hoveredTilePanes 97,67
[2025-04-16 21:27:20] [INFO] [MapEditorScene] Updated hoveredTilePanes 97,60
[2025-04-16 21:27:21] [INFO] [MapEditorScene] Updated hoveredTilePanes 97,53
[2025-04-16 21:27:21] [INFO] [MapEditorScene] Updated hoveredTilePanes 97,47
[2025-04-16 21:27:21] [INFO] [MapEditorScene] Updated hoveredTilePanes 95,40
[2025-04-16 21:27:21] [INFO] [MapEditorScene] Updated hoveredTilePanes 95,31
[2025-04-16 21:27:21] [INFO] [MapEditorScene] Updated hoveredTilePanes 95,20
[2025-04-16 21:27:21] [INFO] [MapEditorScene] Updated hoveredTilePanes 95,17
[2025-04-16 21:27:21] [INFO] [MapEditorScene] Updated hoveredTilePanes 95,10
[2025-04-16 21:27:21] [INFO] [MapEditorScene] Updated hoveredTilePanes 94,4
[2025-04-16 21:27:21] [INFO] [MapEditorScene] Updated hoveredTilePanes 59,1
[2025-04-16 21:27:21] [INFO] [MapEditorScene] Updated hoveredTilePanes 58,6
[2025-04-16 21:27:21] [INFO] [MapEditorScene] Updated hoveredTilePanes 57,8
[2025-04-16 21:27:21] [INFO] [MapEditorScene] Updated hoveredTilePanes 56,10
[2025-04-16 21:27:21] [INFO] [MapEditorScene] Updated hoveredTilePanes 56,11
[2025-04-16 21:27:21] [INFO] [MapEditorScene] Updated hoveredTilePanes 56,12
[2025-04-16 21:27:21] [INFO] [MapEditorScene] Updated hoveredTilePanes 55,12
[2025-04-16 21:27:21] [INFO] [MapEditorScene] Updated hoveredTilePanes 54,12
[2025-04-16 21:27:21] [INFO] [MapEditorScene] Updated hoveredTilePanes 53,11
[2025-04-16 21:27:21] [INFO] [MapEditorScene] Updated hoveredTilePanes 52,9
[2025-04-16 21:27:21] [INFO] [MapEditorScene] Updated hoveredTilePanes 51,7
[2025-04-16 21:27:21] [INFO] [MapEditorScene] Updated hoveredTilePanes 50,5
[2025-04-16 21:27:21] [INFO] [MapEditorScene] Updated hoveredTilePanes 49,3
