[2025-04-18 02:08:00] [INFO] [UnitTable] Started initializing UnitTable
[2025-04-18 02:08:00] [INFO] [EmeritusDatabase] Started initializing EmeritusDatabase
[2025-04-18 02:08:00] [INFO] [EmeritusDatabase] Finished initializing EmeritusDatabase
[2025-04-18 02:08:00] [INFO] [UnitTable] Successfully initialized UnitTable
[2025-04-18 02:08:00] [INFO] [UnitTable] Finished initializing UnitTable
[2025-04-18 02:08:00] [INFO] [AbilityTable] Started initializing AbilityTable
[2025-04-18 02:08:00] [INFO] [AbilityTable] Finished initializing AbilityTable
[2025-04-18 02:08:00] [INFO] [UserSaveStateManager] Started loading user save data
[2025-04-18 02:08:00] [INFO] [UserSaveStateManager] Finished loading user save data
[2025-04-18 02:08:00] [INFO] [AssetPool] Started initializing AssetPool
[2025-04-18 02:08:00] [INFO] [AssetNameSpace] Started loading Sprite's from ./res/graphics
[2025-04-18 02:08:00] [INFO] [AssetNameSpace] Finished reading files for sprites
[2025-04-18 02:08:00] [INFO] [AssetNameSpace] Finished loading ./res/graphics
[2025-04-18 02:08:00] [INFO] [AssetPool] Finished initializing AssetPool
[2025-04-18 02:08:00] [INFO] [Component] Setting air_dragon_Wilia_ffd729a0-46b0-48ed-ac3f-bc7ce0200095 on to {"spawn_region":[],"collider":"","unit":"air_dragon_Wilia_ffd729a0-46b0-48ed-ac3f-bc7ce0200095","column":5,"row":6,"structure":"","height":0}.
[2025-04-18 02:08:00] [INFO] [SpeedQueue] Added unit enemy:Wilia into queue
[2025-04-18 02:08:00] [INFO] [Component] Setting water_dragon_Nokiia_313dcc8a-b7d4-43f6-b99b-4ff4fedd2933 on to {"spawn_region":[],"collider":"","unit":"water_dragon_Nokiia_313dcc8a-b7d4-43f6-b99b-4ff4fedd2933","column":0,"row":4,"structure":"","height":0}.
[2025-04-18 02:08:00] [INFO] [SpeedQueue] Added unit enemy:Nokiia into queue
[2025-04-18 02:08:00] [INFO] [Component] Setting earth_dragon_Hezou_91fb75ce-dca8-4527-a105-67a93dd7382e on to {"spawn_region":[],"collider":"","unit":"earth_dragon_Hezou_91fb75ce-dca8-4527-a105-67a93dd7382e","column":6,"row":3,"structure":"","height":0}.
[2025-04-18 02:08:00] [INFO] [SpeedQueue] Added unit enemy:Hezou into queue
[2025-04-18 02:08:00] [INFO] [Component] Setting fire_dragon_Iyqyae_5013d0cc-1aa0-4eeb-8689-3f40e9118840 on to {"spawn_region":[],"collider":"","unit":"fire_dragon_Iyqyae_5013d0cc-1aa0-4eeb-8689-3f40e9118840","column":1,"row":2,"structure":"","height":0}.
[2025-04-18 02:08:00] [INFO] [SpeedQueue] Added unit enemy:Iyqyae into queue
[2025-04-18 02:08:00] [INFO] [Component] Setting water_dragon_Aiwa_50306b66-6500-49b4-a88c-d39981f3b826 on to {"spawn_region":[],"collider":"","unit":"water_dragon_Aiwa_50306b66-6500-49b4-a88c-d39981f3b826","column":1,"row":5,"structure":"","height":0}.
[2025-04-18 02:08:00] [INFO] [SpeedQueue] Added unit enemy:Aiwa into queue
[2025-04-18 02:08:00] [INFO] [Component] Setting earth_dragon_Loft_0418e534-be84-4332-8323-24275ca41dbc on to {"spawn_region":[],"collider":"","unit":"earth_dragon_Loft_0418e534-be84-4332-8323-24275ca41dbc","column":1,"row":4,"structure":"","height":0}.
[2025-04-18 02:08:00] [INFO] [SpeedQueue] Added unit user:Loft into queue
[2025-04-18 02:08:00] [INFO] [Component] Setting earth_dragon_Gagiui_21922b05-678c-41b1-b25f-caa7eb7278a3 on to {"spawn_region":[],"collider":"","unit":"earth_dragon_Gagiui_21922b05-678c-41b1-b25f-caa7eb7278a3","column":0,"row":5,"structure":"","height":0}.
[2025-04-18 02:08:00] [INFO] [SpeedQueue] Added unit user:Gagiui into queue
[2025-04-18 02:08:00] [INFO] [EngineController] Started setting scene to MENU_SCENE
[2025-04-18 02:08:01] [INFO] [EngineController] Finished setting scene to MENU_SCENE
[2025-04-18 02:08:01] [INFO] [EngineController] Started setting scene to MAP_EDITOR_SCENE
[2025-04-18 02:08:01] [INFO] [FontPool] Started initializing FontPool
[2025-04-18 02:08:01] [INFO] [FontPool] ✅ Successfully loaded font: Lilian
[2025-04-18 02:08:01] [INFO] [MapEditorScene] Starting to create new GameController!
[2025-04-18 02:08:01] [INFO] [MapEditorScene] Successfully created new GameController!
[2025-04-18 02:08:01] [INFO] [EngineController] Finished setting scene to MAP_EDITOR_SCENE
[2025-04-18 02:08:01] [INFO] [InputHandler] Gliding 0 camera to new tile 10_12_5dee6572-3f14-4deb-8d6f-d5c7231a1f22
[2025-04-18 02:08:01] [INFO] [TimeLinePanel] Started updating the timeline panel after turn order has changed.
[2025-04-18 02:08:01] [INFO] [TimeLinePanel] Finished updating the timeline panel after turn order has changed.
[2025-04-18 02:08:01] [INFO] [SelectedTilePanel] Checksum updated, getting units at selected tiles.
[2025-04-18 02:08:01] [INFO] [SelectedTilePanel] Either no unit selected or more than one unit selected
[2025-04-18 02:08:01] [INFO] [VisualsSystem] Started creating blurred background
[2025-04-18 02:08:02] [INFO] [VisualsSystem] Finished creating blurred background after 0.4969285726547241 seconds
[2025-04-18 02:08:02] [INFO] [MapEditorScene] Updated hoveredTilePanes 816,541
[2025-04-18 02:08:06] [INFO] [MapEditorScene] Updated hoveredTilePanes 452,156
[2025-04-18 02:08:09] [INFO] [MapEditorScene] Updated hoveredTilePanes 1104,457
[2025-04-18 02:08:09] [INFO] [MapEditorScene] Updated hoveredTilePanes 1076,457
[2025-04-18 02:08:09] [INFO] [MapEditorScene] Updated hoveredTilePanes 1049,457
[2025-04-18 02:08:09] [INFO] [MapEditorScene] Updated hoveredTilePanes 1025,457
[2025-04-18 02:08:09] [INFO] [MapEditorScene] Updated hoveredTilePanes 1001,455
[2025-04-18 02:08:09] [INFO] [MapEditorScene] Updated hoveredTilePanes 981,451
[2025-04-18 02:08:09] [INFO] [MapEditorScene] Updated hoveredTilePanes 960,449
[2025-04-18 02:08:09] [INFO] [MapEditorScene] Updated hoveredTilePanes 943,446
[2025-04-18 02:08:09] [INFO] [MapEditorScene] Updated hoveredTilePanes 917,443
[2025-04-18 02:08:09] [INFO] [MapEditorScene] Updated hoveredTilePanes 908,442
[2025-04-18 02:08:09] [INFO] [MapEditorScene] Updated hoveredTilePanes 903,441
[2025-04-18 02:08:09] [INFO] [MapEditorScene] Updated hoveredTilePanes 900,441
[2025-04-18 02:08:09] [INFO] [MapEditorScene] Updated hoveredTilePanes 898,441
[2025-04-18 02:08:09] [INFO] [MapEditorScene] Updated hoveredTilePanes 896,441
[2025-04-18 02:08:10] [INFO] [MapEditorScene] Updated hoveredTilePanes 895,441
[2025-04-18 02:08:10] [INFO] [MapEditorScene] Updated hoveredTilePanes 893,441
[2025-04-18 02:08:10] [INFO] [MapEditorScene] Updated hoveredTilePanes 890,441
[2025-04-18 02:08:10] [INFO] [MapEditorScene] Updated hoveredTilePanes 884,440
[2025-04-18 02:08:10] [INFO] [MapEditorScene] Updated hoveredTilePanes 879,439
[2025-04-18 02:08:10] [INFO] [MapEditorScene] Updated hoveredTilePanes 872,437
[2025-04-18 02:08:10] [INFO] [MapEditorScene] Updated hoveredTilePanes 863,435
[2025-04-18 02:08:10] [INFO] [MapEditorScene] Updated hoveredTilePanes 855,433
[2025-04-18 02:08:10] [INFO] [MapEditorScene] Updated hoveredTilePanes 846,430
[2025-04-18 02:08:10] [INFO] [MapEditorScene] Updated hoveredTilePanes 837,429
[2025-04-18 02:08:10] [INFO] [MapEditorScene] Updated hoveredTilePanes 826,426
[2025-04-18 02:08:10] [INFO] [MapEditorScene] Updated hoveredTilePanes 817,425
[2025-04-18 02:08:10] [INFO] [MapEditorScene] Updated hoveredTilePanes 806,424
[2025-04-18 02:08:10] [INFO] [MapEditorScene] Updated hoveredTilePanes 795,424
[2025-04-18 02:08:10] [INFO] [MapEditorScene] Updated hoveredTilePanes 784,422
[2025-04-18 02:08:10] [INFO] [MapEditorScene] Updated hoveredTilePanes 773,422
[2025-04-18 02:08:10] [INFO] [MapEditorScene] Updated hoveredTilePanes 761,421
[2025-04-18 02:08:10] [INFO] [MapEditorScene] Updated hoveredTilePanes 750,421
[2025-04-18 02:08:10] [INFO] [MapEditorScene] Updated hoveredTilePanes 739,419
[2025-04-18 02:08:10] [INFO] [MapEditorScene] Updated hoveredTilePanes 728,419
[2025-04-18 02:08:10] [INFO] [MapEditorScene] Updated hoveredTilePanes 717,419
[2025-04-18 02:08:10] [INFO] [MapEditorScene] Updated hoveredTilePanes 712,419
[2025-04-18 02:08:10] [INFO] [MapEditorScene] Updated hoveredTilePanes 698,419
[2025-04-18 02:08:10] [INFO] [MapEditorScene] Updated hoveredTilePanes 693,419
[2025-04-18 02:08:10] [INFO] [MapEditorScene] Updated hoveredTilePanes 684,419
[2025-04-18 02:08:10] [INFO] [MapEditorScene] Updated hoveredTilePanes 678,419
[2025-04-18 02:08:10] [INFO] [MapEditorScene] Updated hoveredTilePanes 671,419
[2025-04-18 02:08:10] [INFO] [MapEditorScene] Updated hoveredTilePanes 665,419
[2025-04-18 02:08:10] [INFO] [MapEditorScene] Updated hoveredTilePanes 660,419
[2025-04-18 02:08:10] [INFO] [MapEditorScene] Updated hoveredTilePanes 657,419
[2025-04-18 02:08:10] [INFO] [MapEditorScene] Updated hoveredTilePanes 648,418
[2025-04-18 02:08:10] [INFO] [MapEditorScene] Updated hoveredTilePanes 645,417
[2025-04-18 02:08:10] [INFO] [MapEditorScene] Updated hoveredTilePanes 643,417
[2025-04-18 02:08:10] [INFO] [MapEditorScene] Updated hoveredTilePanes 640,416
[2025-04-18 02:08:10] [INFO] [MapEditorScene] Updated hoveredTilePanes 638,415
[2025-04-18 02:08:10] [INFO] [MapEditorScene] Updated hoveredTilePanes 635,415
[2025-04-18 02:08:10] [INFO] [MapEditorScene] Updated hoveredTilePanes 634,415
[2025-04-18 02:08:10] [INFO] [MapEditorScene] Updated hoveredTilePanes 632,415
[2025-04-18 02:08:10] [INFO] [MapEditorScene] Updated hoveredTilePanes 631,414
[2025-04-18 02:08:10] [INFO] [MapEditorScene] Updated hoveredTilePanes 630,414
[2025-04-18 02:08:10] [INFO] [MapEditorScene] Updated hoveredTilePanes 629,414
[2025-04-18 02:08:10] [INFO] [MapEditorScene] Updated hoveredTilePanes 628,414
[2025-04-18 02:08:10] [INFO] [MapEditorScene] Updated hoveredTilePanes 627,413
[2025-04-18 02:08:10] [INFO] [MapEditorScene] Updated hoveredTilePanes 627,412
[2025-04-18 02:08:10] [INFO] [MapEditorScene] Updated hoveredTilePanes 626,411
[2025-04-18 02:08:10] [INFO] [MapEditorScene] Updated hoveredTilePanes 625,411
[2025-04-18 02:08:10] [INFO] [MapEditorScene] Updated hoveredTilePanes 625,410
[2025-04-18 02:08:10] [INFO] [MapEditorScene] Updated hoveredTilePanes 624,410
[2025-04-18 02:08:10] [INFO] [MapEditorScene] Updated hoveredTilePanes 624,409
[2025-04-18 02:08:10] [INFO] [MapEditorScene] Updated hoveredTilePanes 623,409
[2025-04-18 02:08:10] [INFO] [MapEditorScene] Updated hoveredTilePanes 623,408
[2025-04-18 02:08:10] [INFO] [MapEditorScene] Updated hoveredTilePanes 622,407
[2025-04-18 02:08:10] [INFO] [MapEditorScene] Updated hoveredTilePanes 621,406
[2025-04-18 02:08:10] [INFO] [MapEditorScene] Updated hoveredTilePanes 620,405
[2025-04-18 02:08:10] [INFO] [MapEditorScene] Updated hoveredTilePanes 619,404
[2025-04-18 02:08:10] [INFO] [MapEditorScene] Updated hoveredTilePanes 617,403
[2025-04-18 02:08:10] [INFO] [MapEditorScene] Updated hoveredTilePanes 617,402
[2025-04-18 02:08:10] [INFO] [MapEditorScene] Updated hoveredTilePanes 616,402
[2025-04-18 02:08:11] [INFO] [MapEditorScene] Updated hoveredTilePanes 614,400
[2025-04-18 02:08:11] [INFO] [MapEditorScene] Updated hoveredTilePanes 613,399
[2025-04-18 02:08:11] [INFO] [MapEditorScene] Updated hoveredTilePanes 610,397
[2025-04-18 02:08:11] [INFO] [MapEditorScene] Updated hoveredTilePanes 609,395
[2025-04-18 02:08:11] [INFO] [MapEditorScene] Updated hoveredTilePanes 607,394
[2025-04-18 02:08:11] [INFO] [MapEditorScene] Updated hoveredTilePanes 602,387
[2025-04-18 02:08:11] [INFO] [MapEditorScene] Updated hoveredTilePanes 600,385
[2025-04-18 02:08:11] [INFO] [MapEditorScene] Updated hoveredTilePanes 598,383
[2025-04-18 02:08:11] [INFO] [MapEditorScene] Updated hoveredTilePanes 595,380
[2025-04-18 02:08:11] [INFO] [MapEditorScene] Updated hoveredTilePanes 594,378
[2025-04-18 02:08:11] [INFO] [MapEditorScene] Updated hoveredTilePanes 593,377
[2025-04-18 02:08:11] [INFO] [MapEditorScene] Updated hoveredTilePanes 592,376
[2025-04-18 02:08:11] [INFO] [MapEditorScene] Updated hoveredTilePanes 591,375
[2025-04-18 02:08:11] [INFO] [MapEditorScene] Updated hoveredTilePanes 591,374
[2025-04-18 02:08:11] [INFO] [MapEditorScene] Updated hoveredTilePanes 590,374
[2025-04-18 02:08:11] [INFO] [MapEditorScene] Updated hoveredTilePanes 589,374
[2025-04-18 02:08:11] [INFO] [MapEditorScene] Updated hoveredTilePanes 589,373
[2025-04-18 02:08:11] [INFO] [MapEditorScene] Updated hoveredTilePanes 589,372
[2025-04-18 02:08:11] [INFO] [MapEditorScene] Updated hoveredTilePanes 588,371
[2025-04-18 02:08:11] [INFO] [MapEditorScene] Updated hoveredTilePanes 587,370
[2025-04-18 02:08:11] [INFO] [MapEditorScene] Updated hoveredTilePanes 586,369
[2025-04-18 02:08:11] [INFO] [MapEditorScene] Updated hoveredTilePanes 585,368
[2025-04-18 02:08:11] [INFO] [MapEditorScene] Updated hoveredTilePanes 584,367
[2025-04-18 02:08:11] [INFO] [MapEditorScene] Updated hoveredTilePanes 583,365
[2025-04-18 02:08:11] [INFO] [MapEditorScene] Updated hoveredTilePanes 582,363
[2025-04-18 02:08:11] [INFO] [MapEditorScene] Updated hoveredTilePanes 581,363
[2025-04-18 02:08:11] [INFO] [MapEditorScene] Updated hoveredTilePanes 581,362
[2025-04-18 02:08:11] [INFO] [MapEditorScene] Updated hoveredTilePanes 580,361
[2025-04-18 02:08:11] [INFO] [MapEditorScene] Updated hoveredTilePanes 579,360
[2025-04-18 02:08:12] [INFO] [MapEditorScene] Updated hoveredTilePanes 578,359
[2025-04-18 02:08:12] [INFO] [MapEditorScene] Updated hoveredTilePanes 578,358
[2025-04-18 02:08:12] [INFO] [MapEditorScene] Updated hoveredTilePanes 577,358
[2025-04-18 02:08:12] [INFO] [MapEditorScene] Updated hoveredTilePanes 576,358
[2025-04-18 02:08:12] [INFO] [MapEditorScene] Updated hoveredTilePanes 576,357
[2025-04-18 02:08:12] [INFO] [MapEditorScene] Updated hoveredTilePanes 575,357
[2025-04-18 02:08:12] [INFO] [MapEditorScene] Updated hoveredTilePanes 575,356
[2025-04-18 02:08:12] [INFO] [MapEditorScene] Updated hoveredTilePanes 574,356
[2025-04-18 02:08:12] [INFO] [MapEditorScene] Updated hoveredTilePanes 573,356
[2025-04-18 02:08:12] [INFO] [MapEditorScene] Updated hoveredTilePanes 572,355
[2025-04-18 02:08:12] [INFO] [MapEditorScene] Updated hoveredTilePanes 567,349
[2025-04-18 02:08:12] [INFO] [MapEditorScene] Updated hoveredTilePanes 566,348
[2025-04-18 02:08:12] [INFO] [MapEditorScene] Updated hoveredTilePanes 566,346
[2025-04-18 02:08:12] [INFO] [MapEditorScene] Updated hoveredTilePanes 565,345
[2025-04-18 02:08:12] [INFO] [MapEditorScene] Updated hoveredTilePanes 564,344
[2025-04-18 02:08:12] [INFO] [MapEditorScene] Updated hoveredTilePanes 563,343
[2025-04-18 02:08:12] [INFO] [MapEditorScene] Updated hoveredTilePanes 562,342
[2025-04-18 02:08:12] [INFO] [MapEditorScene] Updated hoveredTilePanes 561,341
[2025-04-18 02:08:12] [INFO] [MapEditorScene] Updated hoveredTilePanes 560,339
[2025-04-18 02:08:12] [INFO] [MapEditorScene] Updated hoveredTilePanes 559,338
[2025-04-18 02:08:12] [INFO] [MapEditorScene] Updated hoveredTilePanes 558,337
[2025-04-18 02:08:12] [INFO] [MapEditorScene] Updated hoveredTilePanes 558,336
[2025-04-18 02:08:12] [INFO] [MapEditorScene] Updated hoveredTilePanes 557,335
[2025-04-18 02:08:12] [INFO] [MapEditorScene] Updated hoveredTilePanes 557,334
[2025-04-18 02:08:12] [INFO] [MapEditorScene] Updated hoveredTilePanes 556,334
[2025-04-18 02:08:12] [INFO] [MapEditorScene] Updated hoveredTilePanes 555,334
[2025-04-18 02:08:12] [INFO] [MapEditorScene] Updated hoveredTilePanes 555,333
[2025-04-18 02:08:12] [INFO] [MapEditorScene] Updated hoveredTilePanes 554,333
[2025-04-18 02:08:12] [INFO] [MapEditorScene] Updated hoveredTilePanes 553,332
[2025-04-18 02:08:12] [INFO] [MapEditorScene] Updated hoveredTilePanes 552,331
[2025-04-18 02:08:12] [INFO] [MapEditorScene] Updated hoveredTilePanes 551,330
[2025-04-18 02:08:12] [INFO] [MapEditorScene] Updated hoveredTilePanes 550,330
[2025-04-18 02:08:12] [INFO] [MapEditorScene] Updated hoveredTilePanes 549,329
[2025-04-18 02:08:12] [INFO] [MapEditorScene] Updated hoveredTilePanes 548,329
[2025-04-18 02:08:12] [INFO] [MapEditorScene] Updated hoveredTilePanes 548,328
[2025-04-18 02:08:12] [INFO] [MapEditorScene] Updated hoveredTilePanes 547,328
[2025-04-18 02:08:12] [INFO] [MapEditorScene] Updated hoveredTilePanes 546,327
[2025-04-18 02:08:12] [INFO] [MapEditorScene] Updated hoveredTilePanes 545,326
[2025-04-18 02:08:13] [INFO] [MapEditorScene] Updated hoveredTilePanes 544,325
[2025-04-18 02:08:13] [INFO] [MapEditorScene] Updated hoveredTilePanes 541,324
[2025-04-18 02:08:13] [INFO] [MapEditorScene] Updated hoveredTilePanes 539,322
[2025-04-18 02:08:13] [INFO] [MapEditorScene] Updated hoveredTilePanes 538,322
[2025-04-18 02:08:13] [INFO] [MapEditorScene] Updated hoveredTilePanes 537,321
[2025-04-18 02:08:13] [INFO] [MapEditorScene] Updated hoveredTilePanes 534,320
[2025-04-18 02:08:13] [INFO] [MapEditorScene] Updated hoveredTilePanes 532,319
[2025-04-18 02:08:13] [INFO] [MapEditorScene] Updated hoveredTilePanes 530,318
[2025-04-18 02:08:13] [INFO] [MapEditorScene] Updated hoveredTilePanes 529,318
[2025-04-18 02:08:13] [INFO] [MapEditorScene] Updated hoveredTilePanes 527,316
[2025-04-18 02:08:13] [INFO] [MapEditorScene] Updated hoveredTilePanes 525,316
[2025-04-18 02:08:13] [INFO] [MapEditorScene] Updated hoveredTilePanes 523,314
[2025-04-18 02:08:13] [INFO] [MapEditorScene] Updated hoveredTilePanes 521,314
[2025-04-18 02:08:13] [INFO] [MapEditorScene] Updated hoveredTilePanes 519,313
[2025-04-18 02:08:13] [INFO] [MapEditorScene] Updated hoveredTilePanes 518,312
[2025-04-18 02:08:13] [INFO] [MapEditorScene] Updated hoveredTilePanes 516,312
[2025-04-18 02:08:13] [INFO] [MapEditorScene] Updated hoveredTilePanes 514,311
[2025-04-18 02:08:13] [INFO] [MapEditorScene] Updated hoveredTilePanes 512,310
[2025-04-18 02:08:13] [INFO] [MapEditorScene] Updated hoveredTilePanes 511,310
[2025-04-18 02:08:13] [INFO] [MapEditorScene] Updated hoveredTilePanes 508,309
[2025-04-18 02:08:13] [INFO] [MapEditorScene] Updated hoveredTilePanes 506,309
[2025-04-18 02:08:13] [INFO] [MapEditorScene] Updated hoveredTilePanes 505,308
[2025-04-18 02:08:13] [INFO] [MapEditorScene] Updated hoveredTilePanes 504,308
[2025-04-18 02:08:13] [INFO] [MapEditorScene] Updated hoveredTilePanes 502,308
[2025-04-18 02:08:13] [INFO] [MapEditorScene] Updated hoveredTilePanes 501,308
[2025-04-18 02:08:13] [INFO] [MapEditorScene] Updated hoveredTilePanes 500,307
[2025-04-18 02:08:13] [INFO] [MapEditorScene] Updated hoveredTilePanes 499,307
[2025-04-18 02:08:13] [INFO] [MapEditorScene] Updated hoveredTilePanes 498,307
[2025-04-18 02:08:13] [INFO] [MapEditorScene] Updated hoveredTilePanes 497,307
[2025-04-18 02:08:13] [INFO] [MapEditorScene] Updated hoveredTilePanes 495,307
[2025-04-18 02:08:13] [INFO] [MapEditorScene] Updated hoveredTilePanes 494,306
[2025-04-18 02:08:13] [INFO] [MapEditorScene] Updated hoveredTilePanes 493,306
[2025-04-18 02:08:13] [INFO] [MapEditorScene] Updated hoveredTilePanes 492,306
[2025-04-18 02:08:13] [INFO] [MapEditorScene] Updated hoveredTilePanes 490,306
[2025-04-18 02:08:13] [INFO] [MapEditorScene] Updated hoveredTilePanes 489,306
[2025-04-18 02:08:13] [INFO] [MapEditorScene] Updated hoveredTilePanes 485,306
[2025-04-18 02:08:13] [INFO] [MapEditorScene] Updated hoveredTilePanes 483,306
[2025-04-18 02:08:13] [INFO] [MapEditorScene] Updated hoveredTilePanes 481,306
[2025-04-18 02:08:13] [INFO] [MapEditorScene] Updated hoveredTilePanes 480,306
[2025-04-18 02:08:13] [INFO] [MapEditorScene] Updated hoveredTilePanes 478,306
[2025-04-18 02:08:13] [INFO] [MapEditorScene] Updated hoveredTilePanes 476,306
[2025-04-18 02:08:13] [INFO] [MapEditorScene] Updated hoveredTilePanes 475,305
[2025-04-18 02:08:13] [INFO] [MapEditorScene] Updated hoveredTilePanes 473,305
[2025-04-18 02:08:13] [INFO] [MapEditorScene] Updated hoveredTilePanes 471,305
[2025-04-18 02:08:13] [INFO] [MapEditorScene] Updated hoveredTilePanes 469,305
[2025-04-18 02:08:13] [INFO] [MapEditorScene] Updated hoveredTilePanes 467,305
[2025-04-18 02:08:13] [INFO] [MapEditorScene] Updated hoveredTilePanes 465,305
[2025-04-18 02:08:13] [INFO] [MapEditorScene] Updated hoveredTilePanes 462,305
[2025-04-18 02:08:13] [INFO] [MapEditorScene] Updated hoveredTilePanes 460,305
[2025-04-18 02:08:13] [INFO] [MapEditorScene] Updated hoveredTilePanes 458,305
[2025-04-18 02:08:13] [INFO] [MapEditorScene] Updated hoveredTilePanes 450,305
[2025-04-18 02:08:13] [INFO] [MapEditorScene] Updated hoveredTilePanes 448,305
[2025-04-18 02:08:13] [INFO] [MapEditorScene] Updated hoveredTilePanes 444,305
[2025-04-18 02:08:13] [INFO] [MapEditorScene] Updated hoveredTilePanes 441,305
[2025-04-18 02:08:13] [INFO] [MapEditorScene] Updated hoveredTilePanes 431,305
[2025-04-18 02:08:13] [INFO] [MapEditorScene] Updated hoveredTilePanes 428,306
[2025-04-18 02:08:13] [INFO] [MapEditorScene] Updated hoveredTilePanes 423,306
[2025-04-18 02:08:13] [INFO] [MapEditorScene] Updated hoveredTilePanes 420,306
[2025-04-18 02:08:13] [INFO] [MapEditorScene] Updated hoveredTilePanes 418,307
[2025-04-18 02:08:13] [INFO] [MapEditorScene] Updated hoveredTilePanes 416,307
[2025-04-18 02:08:13] [INFO] [MapEditorScene] Updated hoveredTilePanes 414,307
[2025-04-18 02:08:13] [INFO] [MapEditorScene] Updated hoveredTilePanes 412,307
[2025-04-18 02:08:13] [INFO] [MapEditorScene] Updated hoveredTilePanes 410,307
[2025-04-18 02:08:13] [INFO] [MapEditorScene] Updated hoveredTilePanes 410,308
[2025-04-18 02:08:14] [INFO] [MapEditorScene] Updated hoveredTilePanes 406,308
[2025-04-18 02:08:14] [INFO] [MapEditorScene] Updated hoveredTilePanes 400,309
[2025-04-18 02:08:14] [INFO] [MapEditorScene] Updated hoveredTilePanes 395,311
[2025-04-18 02:08:14] [INFO] [MapEditorScene] Updated hoveredTilePanes 388,314
[2025-04-18 02:08:14] [INFO] [MapEditorScene] Updated hoveredTilePanes 379,316
[2025-04-18 02:08:14] [INFO] [MapEditorScene] Updated hoveredTilePanes 371,319
[2025-04-18 02:08:14] [INFO] [MapEditorScene] Updated hoveredTilePanes 366,321
[2025-04-18 02:08:14] [INFO] [MapEditorScene] Updated hoveredTilePanes 357,323
[2025-04-18 02:08:14] [INFO] [MapEditorScene] Updated hoveredTilePanes 348,325
[2025-04-18 02:08:14] [INFO] [MapEditorScene] Updated hoveredTilePanes 342,327
[2025-04-18 02:08:14] [INFO] [MapEditorScene] Updated hoveredTilePanes 333,328
[2025-04-18 02:08:14] [INFO] [MapEditorScene] Updated hoveredTilePanes 326,329
[2025-04-18 02:08:14] [INFO] [MapEditorScene] Updated hoveredTilePanes 320,330
[2025-04-18 02:08:14] [INFO] [MapEditorScene] Updated hoveredTilePanes 315,332
[2025-04-18 02:08:14] [INFO] [MapEditorScene] Updated hoveredTilePanes 310,333
[2025-04-18 02:08:14] [INFO] [MapEditorScene] Updated hoveredTilePanes 305,334
[2025-04-18 02:08:14] [INFO] [MapEditorScene] Updated hoveredTilePanes 302,335
[2025-04-18 02:08:14] [INFO] [MapEditorScene] Updated hoveredTilePanes 297,336
[2025-04-18 02:08:14] [INFO] [MapEditorScene] Updated hoveredTilePanes 295,337
[2025-04-18 02:08:14] [INFO] [MapEditorScene] Updated hoveredTilePanes 290,337
[2025-04-18 02:08:14] [INFO] [MapEditorScene] Updated hoveredTilePanes 288,338
[2025-04-18 02:08:14] [INFO] [MapEditorScene] Updated hoveredTilePanes 287,338
[2025-04-18 02:08:14] [INFO] [MapEditorScene] Updated hoveredTilePanes 286,338
[2025-04-18 02:08:14] [INFO] [MapEditorScene] Updated hoveredTilePanes 285,338
[2025-04-18 02:08:14] [INFO] [MapEditorScene] Updated hoveredTilePanes 284,338
[2025-04-18 02:08:14] [INFO] [MapEditorScene] Updated hoveredTilePanes 283,338
[2025-04-18 02:08:14] [INFO] [MapEditorScene] Updated hoveredTilePanes 286,338
[2025-04-18 02:08:14] [INFO] [MapEditorScene] Updated hoveredTilePanes 288,337
[2025-04-18 02:08:14] [INFO] [MapEditorScene] Updated hoveredTilePanes 295,336
[2025-04-18 02:08:14] [INFO] [MapEditorScene] Updated hoveredTilePanes 302,335
[2025-04-18 02:08:14] [INFO] [MapEditorScene] Updated hoveredTilePanes 310,332
[2025-04-18 02:08:14] [INFO] [MapEditorScene] Updated hoveredTilePanes 324,329
[2025-04-18 02:08:14] [INFO] [MapEditorScene] Updated hoveredTilePanes 341,327
[2025-04-18 02:08:14] [INFO] [MapEditorScene] Updated hoveredTilePanes 373,323
[2025-04-18 02:08:14] [INFO] [MapEditorScene] Updated hoveredTilePanes 433,314
[2025-04-18 02:08:14] [INFO] [MapEditorScene] Updated hoveredTilePanes 465,309
[2025-04-18 02:08:14] [INFO] [MapEditorScene] Updated hoveredTilePanes 507,304
[2025-04-18 02:08:14] [INFO] [MapEditorScene] Updated hoveredTilePanes 548,299
[2025-04-18 02:08:14] [INFO] [MapEditorScene] Updated hoveredTilePanes 595,294
[2025-04-18 02:08:14] [INFO] [MapEditorScene] Updated hoveredTilePanes 647,288
[2025-04-18 02:08:14] [INFO] [MapEditorScene] Updated hoveredTilePanes 699,282
[2025-04-18 02:08:14] [INFO] [MapEditorScene] Updated hoveredTilePanes 757,276
[2025-04-18 02:08:14] [INFO] [MapEditorScene] Updated hoveredTilePanes 815,270
[2025-04-18 02:08:14] [INFO] [MapEditorScene] Updated hoveredTilePanes 873,267
[2025-04-18 02:08:14] [INFO] [MapEditorScene] Updated hoveredTilePanes 925,264
[2025-04-18 02:08:14] [INFO] [MapEditorScene] Updated hoveredTilePanes 972,264
[2025-04-18 02:08:14] [INFO] [MapEditorScene] Updated hoveredTilePanes 989,262
[2025-04-18 02:08:14] [INFO] [MapEditorScene] Updated hoveredTilePanes 1026,262
[2025-04-18 02:08:14] [INFO] [MapEditorScene] Updated hoveredTilePanes 1058,260
[2025-04-18 02:08:14] [INFO] [MapEditorScene] Updated hoveredTilePanes 1086,260
[2025-04-18 02:08:14] [INFO] [MapEditorScene] Updated hoveredTilePanes 1109,260
[2025-04-18 02:08:19] [INFO] [MapEditorScene] Updated hoveredTilePanes 1109,233
[2025-04-18 02:08:19] [INFO] [MapEditorScene] Updated hoveredTilePanes 1076,245
[2025-04-18 02:08:19] [INFO] [MapEditorScene] Updated hoveredTilePanes 1063,249
[2025-04-18 02:08:19] [INFO] [MapEditorScene] Updated hoveredTilePanes 1035,260
[2025-04-18 02:08:19] [INFO] [MapEditorScene] Updated hoveredTilePanes 1007,271
[2025-04-18 02:08:19] [INFO] [MapEditorScene] Updated hoveredTilePanes 977,284
[2025-04-18 02:08:19] [INFO] [MapEditorScene] Updated hoveredTilePanes 945,296
[2025-04-18 02:08:19] [INFO] [MapEditorScene] Updated hoveredTilePanes 917,307
[2025-04-18 02:08:19] [INFO] [MapEditorScene] Updated hoveredTilePanes 892,317
[2025-04-18 02:08:19] [INFO] [MapEditorScene] Updated hoveredTilePanes 820,346
[2025-04-18 02:08:19] [INFO] [MapEditorScene] Updated hoveredTilePanes 803,353
[2025-04-18 02:08:19] [INFO] [MapEditorScene] Updated hoveredTilePanes 786,360
[2025-04-18 02:08:19] [INFO] [MapEditorScene] Updated hoveredTilePanes 772,366
[2025-04-18 02:08:19] [INFO] [MapEditorScene] Updated hoveredTilePanes 761,370
[2025-04-18 02:08:19] [INFO] [MapEditorScene] Updated hoveredTilePanes 756,372
[2025-04-18 02:08:19] [INFO] [MapEditorScene] Updated hoveredTilePanes 746,377
[2025-04-18 02:08:19] [INFO] [MapEditorScene] Updated hoveredTilePanes 738,381
[2025-04-18 02:08:19] [INFO] [MapEditorScene] Updated hoveredTilePanes 731,384
[2025-04-18 02:08:19] [INFO] [MapEditorScene] Updated hoveredTilePanes 720,390
[2025-04-18 02:08:19] [INFO] [MapEditorScene] Updated hoveredTilePanes 718,391
[2025-04-18 02:08:19] [INFO] [MapEditorScene] Updated hoveredTilePanes 710,396
[2025-04-18 02:08:19] [INFO] [MapEditorScene] Updated hoveredTilePanes 706,399
[2025-04-18 02:08:19] [INFO] [MapEditorScene] Updated hoveredTilePanes 701,402
[2025-04-18 02:08:19] [INFO] [MapEditorScene] Updated hoveredTilePanes 697,406
[2025-04-18 02:08:19] [INFO] [MapEditorScene] Updated hoveredTilePanes 687,412
[2025-04-18 02:08:19] [INFO] [MapEditorScene] Updated hoveredTilePanes 682,416
[2025-04-18 02:08:19] [INFO] [MapEditorScene] Updated hoveredTilePanes 680,417
[2025-04-18 02:08:19] [INFO] [MapEditorScene] Updated hoveredTilePanes 670,424
[2025-04-18 02:08:19] [INFO] [MapEditorScene] Updated hoveredTilePanes 667,427
[2025-04-18 02:08:19] [INFO] [MapEditorScene] Updated hoveredTilePanes 662,431
[2025-04-18 02:08:19] [INFO] [MapEditorScene] Updated hoveredTilePanes 656,436
[2025-04-18 02:08:19] [INFO] [MapEditorScene] Updated hoveredTilePanes 647,443
[2025-04-18 02:08:19] [INFO] [MapEditorScene] Updated hoveredTilePanes 641,447
[2025-04-18 02:08:19] [INFO] [MapEditorScene] Updated hoveredTilePanes 637,450
[2025-04-18 02:08:19] [INFO] [MapEditorScene] Updated hoveredTilePanes 632,454
[2025-04-18 02:08:19] [INFO] [MapEditorScene] Updated hoveredTilePanes 621,461
[2025-04-18 02:08:19] [INFO] [MapEditorScene] Updated hoveredTilePanes 617,464
[2025-04-18 02:08:19] [INFO] [MapEditorScene] Updated hoveredTilePanes 612,467
[2025-04-18 02:08:19] [INFO] [MapEditorScene] Updated hoveredTilePanes 596,474
[2025-04-18 02:08:19] [INFO] [MapEditorScene] Updated hoveredTilePanes 594,476
[2025-04-18 02:08:19] [INFO] [MapEditorScene] Updated hoveredTilePanes 592,476
[2025-04-18 02:08:19] [INFO] [MapEditorScene] Updated hoveredTilePanes 590,476
[2025-04-18 02:08:19] [INFO] [MapEditorScene] Updated hoveredTilePanes 589,476
[2025-04-18 02:08:19] [INFO] [MapEditorScene] Updated hoveredTilePanes 588,476
[2025-04-18 02:08:19] [INFO] [MapEditorScene] Updated hoveredTilePanes 587,476
[2025-04-18 02:08:19] [INFO] [MapEditorScene] Updated hoveredTilePanes 586,476
[2025-04-18 02:08:19] [INFO] [MapEditorScene] Updated hoveredTilePanes 585,476
[2025-04-18 02:08:19] [INFO] [MapEditorScene] Updated hoveredTilePanes 585,474
[2025-04-18 02:08:19] [INFO] [MapEditorScene] Updated hoveredTilePanes 584,472
[2025-04-18 02:08:19] [INFO] [MapEditorScene] Updated hoveredTilePanes 584,471
[2025-04-18 02:08:19] [INFO] [MapEditorScene] Updated hoveredTilePanes 584,469
[2025-04-18 02:08:19] [INFO] [MapEditorScene] Updated hoveredTilePanes 584,468
[2025-04-18 02:08:19] [INFO] [MapEditorScene] Updated hoveredTilePanes 584,466
[2025-04-18 02:08:19] [INFO] [MapEditorScene] Updated hoveredTilePanes 584,464
[2025-04-18 02:08:19] [INFO] [MapEditorScene] Updated hoveredTilePanes 584,462
[2025-04-18 02:08:19] [INFO] [MapEditorScene] Updated hoveredTilePanes 584,460
[2025-04-18 02:08:19] [INFO] [MapEditorScene] Updated hoveredTilePanes 584,458
[2025-04-18 02:08:19] [INFO] [MapEditorScene] Updated hoveredTilePanes 584,455
[2025-04-18 02:08:19] [INFO] [MapEditorScene] Updated hoveredTilePanes 584,451
[2025-04-18 02:08:19] [INFO] [MapEditorScene] Updated hoveredTilePanes 584,448
[2025-04-18 02:08:19] [INFO] [MapEditorScene] Updated hoveredTilePanes 585,443
[2025-04-18 02:08:19] [INFO] [MapEditorScene] Updated hoveredTilePanes 586,440
[2025-04-18 02:08:19] [INFO] [MapEditorScene] Updated hoveredTilePanes 587,437
[2025-04-18 02:08:19] [INFO] [MapEditorScene] Updated hoveredTilePanes 588,432
[2025-04-18 02:08:19] [INFO] [MapEditorScene] Updated hoveredTilePanes 589,430
[2025-04-18 02:08:19] [INFO] [MapEditorScene] Updated hoveredTilePanes 590,428
[2025-04-18 02:08:19] [INFO] [MapEditorScene] Updated hoveredTilePanes 590,427
[2025-04-18 02:08:19] [INFO] [MapEditorScene] Updated hoveredTilePanes 591,426
[2025-04-18 02:08:19] [INFO] [MapEditorScene] Updated hoveredTilePanes 591,424
[2025-04-18 02:08:19] [INFO] [MapEditorScene] Updated hoveredTilePanes 591,423
[2025-04-18 02:08:19] [INFO] [MapEditorScene] Updated hoveredTilePanes 591,422
[2025-04-18 02:08:19] [INFO] [MapEditorScene] Updated hoveredTilePanes 591,421
[2025-04-18 02:08:19] [INFO] [MapEditorScene] Updated hoveredTilePanes 591,420
[2025-04-18 02:08:19] [INFO] [MapEditorScene] Updated hoveredTilePanes 591,417
[2025-04-18 02:08:19] [INFO] [MapEditorScene] Updated hoveredTilePanes 591,414
[2025-04-18 02:08:19] [INFO] [MapEditorScene] Updated hoveredTilePanes 591,411
[2025-04-18 02:08:19] [INFO] [MapEditorScene] Updated hoveredTilePanes 591,407
[2025-04-18 02:08:19] [INFO] [MapEditorScene] Updated hoveredTilePanes 591,403
[2025-04-18 02:08:19] [INFO] [MapEditorScene] Updated hoveredTilePanes 591,398
[2025-04-18 02:08:19] [INFO] [MapEditorScene] Updated hoveredTilePanes 591,395
[2025-04-18 02:08:19] [INFO] [MapEditorScene] Updated hoveredTilePanes 591,393
[2025-04-18 02:08:19] [INFO] [MapEditorScene] Updated hoveredTilePanes 591,391
[2025-04-18 02:08:19] [INFO] [MapEditorScene] Updated hoveredTilePanes 591,389
[2025-04-18 02:08:19] [INFO] [MapEditorScene] Updated hoveredTilePanes 591,388
[2025-04-18 02:08:19] [INFO] [MapEditorScene] Updated hoveredTilePanes 591,387
[2025-04-18 02:08:21] [INFO] [SelectedTilePanel] Checksum updated, getting units at selected tiles.
[2025-04-18 02:08:21] [INFO] [SelectedTilePanel] Either no unit selected or more than one unit selected
[2025-04-18 02:08:21] [INFO] [MapEditorScene] Updated hoveredTilePanes 590,387
[2025-04-18 02:08:21] [INFO] [MapEditorScene] Updated hoveredTilePanes 589,387
[2025-04-18 02:08:21] [INFO] [MapEditorScene] Updated hoveredTilePanes 586,387
[2025-04-18 02:08:21] [INFO] [MapEditorScene] Updated hoveredTilePanes 584,387
[2025-04-18 02:08:21] [INFO] [MapEditorScene] Updated hoveredTilePanes 582,387
[2025-04-18 02:08:21] [INFO] [MapEditorScene] Updated hoveredTilePanes 578,387
[2025-04-18 02:08:21] [INFO] [MapEditorScene] Updated hoveredTilePanes 576,387
[2025-04-18 02:08:21] [INFO] [MapEditorScene] Updated hoveredTilePanes 573,387
[2025-04-18 02:08:21] [INFO] [MapEditorScene] Updated hoveredTilePanes 570,387
[2025-04-18 02:08:21] [INFO] [MapEditorScene] Updated hoveredTilePanes 562,388
[2025-04-18 02:08:21] [INFO] [MapEditorScene] Updated hoveredTilePanes 560,389
[2025-04-18 02:08:21] [INFO] [MapEditorScene] Updated hoveredTilePanes 559,390
[2025-04-18 02:08:21] [INFO] [MapEditorScene] Updated hoveredTilePanes 557,391
[2025-04-18 02:08:21] [INFO] [MapEditorScene] Updated hoveredTilePanes 556,392
[2025-04-18 02:08:21] [INFO] [MapEditorScene] Updated hoveredTilePanes 555,394
[2025-04-18 02:08:21] [INFO] [MapEditorScene] Updated hoveredTilePanes 554,395
[2025-04-18 02:08:21] [INFO] [MapEditorScene] Updated hoveredTilePanes 551,402
[2025-04-18 02:08:21] [INFO] [MapEditorScene] Updated hoveredTilePanes 550,406
[2025-04-18 02:08:21] [INFO] [MapEditorScene] Updated hoveredTilePanes 549,409
[2025-04-18 02:08:21] [INFO] [MapEditorScene] Updated hoveredTilePanes 549,412
[2025-04-18 02:08:21] [INFO] [MapEditorScene] Updated hoveredTilePanes 549,415
[2025-04-18 02:08:21] [INFO] [MapEditorScene] Updated hoveredTilePanes 548,420
[2025-04-18 02:08:21] [INFO] [MapEditorScene] Updated hoveredTilePanes 547,423
[2025-04-18 02:08:21] [INFO] [MapEditorScene] Updated hoveredTilePanes 547,427
[2025-04-18 02:08:21] [INFO] [MapEditorScene] Updated hoveredTilePanes 547,430
[2025-04-18 02:08:21] [INFO] [MapEditorScene] Updated hoveredTilePanes 546,433
[2025-04-18 02:08:21] [INFO] [MapEditorScene] Updated hoveredTilePanes 546,435
[2025-04-18 02:08:21] [INFO] [MapEditorScene] Updated hoveredTilePanes 545,438
[2025-04-18 02:08:21] [INFO] [MapEditorScene] Updated hoveredTilePanes 545,440
[2025-04-18 02:08:21] [INFO] [MapEditorScene] Updated hoveredTilePanes 545,442
[2025-04-18 02:08:21] [INFO] [MapEditorScene] Updated hoveredTilePanes 544,444
[2025-04-18 02:08:21] [INFO] [MapEditorScene] Updated hoveredTilePanes 544,446
[2025-04-18 02:08:21] [INFO] [MapEditorScene] Updated hoveredTilePanes 544,448
[2025-04-18 02:08:21] [INFO] [MapEditorScene] Updated hoveredTilePanes 544,451
[2025-04-18 02:08:21] [INFO] [MapEditorScene] Updated hoveredTilePanes 544,452
[2025-04-18 02:08:21] [INFO] [MapEditorScene] Updated hoveredTilePanes 544,454
[2025-04-18 02:08:21] [INFO] [MapEditorScene] Updated hoveredTilePanes 544,456
[2025-04-18 02:08:21] [INFO] [MapEditorScene] Updated hoveredTilePanes 544,457
[2025-04-18 02:08:21] [INFO] [MapEditorScene] Updated hoveredTilePanes 544,458
[2025-04-18 02:08:21] [INFO] [MapEditorScene] Updated hoveredTilePanes 543,459
[2025-04-18 02:08:21] [INFO] [MapEditorScene] Updated hoveredTilePanes 543,461
[2025-04-18 02:08:21] [INFO] [MapEditorScene] Updated hoveredTilePanes 543,462
[2025-04-18 02:08:22] [INFO] [MapEditorScene] Updated hoveredTilePanes 543,463
[2025-04-18 02:08:22] [INFO] [MapEditorScene] Updated hoveredTilePanes 543,464
[2025-04-18 02:08:22] [INFO] [MapEditorScene] Updated hoveredTilePanes 542,464
[2025-04-18 02:08:22] [INFO] [MapEditorScene] Updated hoveredTilePanes 542,465
[2025-04-18 02:08:22] [INFO] [MapEditorScene] Updated hoveredTilePanes 542,466
[2025-04-18 02:08:22] [INFO] [MapEditorScene] Updated hoveredTilePanes 542,467
[2025-04-18 02:08:22] [INFO] [MapEditorScene] Updated hoveredTilePanes 541,467
[2025-04-18 02:08:22] [INFO] [MapEditorScene] Updated hoveredTilePanes 541,464
[2025-04-18 02:08:22] [INFO] [MapEditorScene] Updated hoveredTilePanes 540,459
[2025-04-18 02:08:22] [INFO] [MapEditorScene] Updated hoveredTilePanes 540,453
[2025-04-18 02:08:22] [INFO] [MapEditorScene] Updated hoveredTilePanes 540,444
[2025-04-18 02:08:22] [INFO] [MapEditorScene] Updated hoveredTilePanes 540,430
[2025-04-18 02:08:22] [INFO] [MapEditorScene] Updated hoveredTilePanes 540,419
[2025-04-18 02:08:22] [INFO] [MapEditorScene] Updated hoveredTilePanes 540,408
[2025-04-18 02:08:22] [INFO] [MapEditorScene] Updated hoveredTilePanes 540,394
[2025-04-18 02:08:22] [INFO] [MapEditorScene] Updated hoveredTilePanes 540,390
[2025-04-18 02:08:22] [INFO] [MapEditorScene] Updated hoveredTilePanes 541,373
[2025-04-18 02:08:22] [INFO] [MapEditorScene] Updated hoveredTilePanes 543,364
[2025-04-18 02:08:22] [INFO] [MapEditorScene] Updated hoveredTilePanes 544,359
[2025-04-18 02:08:22] [INFO] [MapEditorScene] Updated hoveredTilePanes 546,353
[2025-04-18 02:08:22] [INFO] [MapEditorScene] Updated hoveredTilePanes 547,348
[2025-04-18 02:08:22] [INFO] [MapEditorScene] Updated hoveredTilePanes 548,343
[2025-04-18 02:08:22] [INFO] [MapEditorScene] Updated hoveredTilePanes 549,338
[2025-04-18 02:08:22] [INFO] [MapEditorScene] Updated hoveredTilePanes 550,334
[2025-04-18 02:08:22] [INFO] [MapEditorScene] Updated hoveredTilePanes 550,330
[2025-04-18 02:08:22] [INFO] [MapEditorScene] Updated hoveredTilePanes 551,327
[2025-04-18 02:08:22] [INFO] [MapEditorScene] Updated hoveredTilePanes 552,324
[2025-04-18 02:08:22] [INFO] [MapEditorScene] Updated hoveredTilePanes 553,322
[2025-04-18 02:08:22] [INFO] [MapEditorScene] Updated hoveredTilePanes 553,321
[2025-04-18 02:08:22] [INFO] [MapEditorScene] Updated hoveredTilePanes 553,320
[2025-04-18 02:08:22] [INFO] [MapEditorScene] Updated hoveredTilePanes 553,319
[2025-04-18 02:08:22] [INFO] [MapEditorScene] Updated hoveredTilePanes 553,321
[2025-04-18 02:08:22] [INFO] [MapEditorScene] Updated hoveredTilePanes 554,325
[2025-04-18 02:08:22] [INFO] [MapEditorScene] Updated hoveredTilePanes 555,327
[2025-04-18 02:08:22] [INFO] [MapEditorScene] Updated hoveredTilePanes 555,330
[2025-04-18 02:08:22] [INFO] [MapEditorScene] Updated hoveredTilePanes 555,333
[2025-04-18 02:08:22] [INFO] [MapEditorScene] Updated hoveredTilePanes 556,336
[2025-04-18 02:08:22] [INFO] [MapEditorScene] Updated hoveredTilePanes 557,338
[2025-04-18 02:08:22] [INFO] [MapEditorScene] Updated hoveredTilePanes 558,342
[2025-04-18 02:08:22] [INFO] [MapEditorScene] Updated hoveredTilePanes 558,344
[2025-04-18 02:08:22] [INFO] [MapEditorScene] Updated hoveredTilePanes 559,346
[2025-04-18 02:08:22] [INFO] [MapEditorScene] Updated hoveredTilePanes 560,348
[2025-04-18 02:08:22] [INFO] [MapEditorScene] Updated hoveredTilePanes 560,350
[2025-04-18 02:08:22] [INFO] [MapEditorScene] Updated hoveredTilePanes 561,351
[2025-04-18 02:08:22] [INFO] [MapEditorScene] Updated hoveredTilePanes 562,353
[2025-04-18 02:08:22] [INFO] [MapEditorScene] Updated hoveredTilePanes 562,354
[2025-04-18 02:08:22] [INFO] [MapEditorScene] Updated hoveredTilePanes 563,355
[2025-04-18 02:08:22] [INFO] [MapEditorScene] Updated hoveredTilePanes 563,356
[2025-04-18 02:08:22] [INFO] [MapEditorScene] Updated hoveredTilePanes 564,357
[2025-04-18 02:08:22] [INFO] [MapEditorScene] Updated hoveredTilePanes 565,357
[2025-04-18 02:08:22] [INFO] [MapEditorScene] Updated hoveredTilePanes 566,358
[2025-04-18 02:08:22] [INFO] [MapEditorScene] Updated hoveredTilePanes 568,358
[2025-04-18 02:08:22] [INFO] [MapEditorScene] Updated hoveredTilePanes 570,358
[2025-04-18 02:08:22] [INFO] [MapEditorScene] Updated hoveredTilePanes 572,358
[2025-04-18 02:08:22] [INFO] [MapEditorScene] Updated hoveredTilePanes 575,358
[2025-04-18 02:08:22] [INFO] [MapEditorScene] Updated hoveredTilePanes 576,358
[2025-04-18 02:08:22] [INFO] [MapEditorScene] Updated hoveredTilePanes 578,358
[2025-04-18 02:08:22] [INFO] [MapEditorScene] Updated hoveredTilePanes 579,358
[2025-04-18 02:08:22] [INFO] [MapEditorScene] Updated hoveredTilePanes 580,358
[2025-04-18 02:08:22] [INFO] [MapEditorScene] Updated hoveredTilePanes 582,358
[2025-04-18 02:08:22] [INFO] [MapEditorScene] Updated hoveredTilePanes 583,358
[2025-04-18 02:08:22] [INFO] [MapEditorScene] Updated hoveredTilePanes 584,358
[2025-04-18 02:08:22] [INFO] [MapEditorScene] Updated hoveredTilePanes 585,358
[2025-04-18 02:08:22] [INFO] [MapEditorScene] Updated hoveredTilePanes 586,358
[2025-04-18 02:08:22] [INFO] [MapEditorScene] Updated hoveredTilePanes 587,358
[2025-04-18 02:08:22] [INFO] [MapEditorScene] Updated hoveredTilePanes 588,358
[2025-04-18 02:08:22] [INFO] [MapEditorScene] Updated hoveredTilePanes 589,358
[2025-04-18 02:08:22] [INFO] [MapEditorScene] Updated hoveredTilePanes 590,359
[2025-04-18 02:08:23] [INFO] [MapEditorScene] Updated hoveredTilePanes 591,359
[2025-04-18 02:08:23] [INFO] [MapEditorScene] Updated hoveredTilePanes 592,359
[2025-04-18 02:08:23] [INFO] [MapEditorScene] Updated hoveredTilePanes 592,360
[2025-04-18 02:08:23] [INFO] [MapEditorScene] Updated hoveredTilePanes 593,360
[2025-04-18 02:08:23] [INFO] [MapEditorScene] Updated hoveredTilePanes 594,360
[2025-04-18 02:08:23] [INFO] [MapEditorScene] Updated hoveredTilePanes 595,361
[2025-04-18 02:08:23] [INFO] [MapEditorScene] Updated hoveredTilePanes 596,361
[2025-04-18 02:08:23] [INFO] [MapEditorScene] Updated hoveredTilePanes 597,361
[2025-04-18 02:08:23] [INFO] [MapEditorScene] Updated hoveredTilePanes 598,361
[2025-04-18 02:08:23] [INFO] [MapEditorScene] Updated hoveredTilePanes 599,361
[2025-04-18 02:08:23] [INFO] [MapEditorScene] Updated hoveredTilePanes 600,362
[2025-04-18 02:08:23] [INFO] [MapEditorScene] Updated hoveredTilePanes 601,362
[2025-04-18 02:08:23] [INFO] [MapEditorScene] Updated hoveredTilePanes 603,363
[2025-04-18 02:08:23] [INFO] [MapEditorScene] Updated hoveredTilePanes 604,363
[2025-04-18 02:08:23] [INFO] [MapEditorScene] Updated hoveredTilePanes 606,363
[2025-04-18 02:08:23] [INFO] [MapEditorScene] Updated hoveredTilePanes 607,364
[2025-04-18 02:08:23] [INFO] [MapEditorScene] Updated hoveredTilePanes 608,364
[2025-04-18 02:08:23] [INFO] [MapEditorScene] Updated hoveredTilePanes 609,364
[2025-04-18 02:08:23] [INFO] [MapEditorScene] Updated hoveredTilePanes 610,364
[2025-04-18 02:08:23] [INFO] [MapEditorScene] Updated hoveredTilePanes 610,365
[2025-04-18 02:08:23] [INFO] [MapEditorScene] Updated hoveredTilePanes 610,366
[2025-04-18 02:08:23] [INFO] [MapEditorScene] Updated hoveredTilePanes 610,367
[2025-04-18 02:08:23] [INFO] [MapEditorScene] Updated hoveredTilePanes 610,370
[2025-04-18 02:08:23] [INFO] [MapEditorScene] Updated hoveredTilePanes 610,373
[2025-04-18 02:08:23] [INFO] [MapEditorScene] Updated hoveredTilePanes 610,375
[2025-04-18 02:08:23] [INFO] [MapEditorScene] Updated hoveredTilePanes 610,379
[2025-04-18 02:08:23] [INFO] [MapEditorScene] Updated hoveredTilePanes 610,382
[2025-04-18 02:08:23] [INFO] [MapEditorScene] Updated hoveredTilePanes 610,385
[2025-04-18 02:08:23] [INFO] [MapEditorScene] Updated hoveredTilePanes 611,388
[2025-04-18 02:08:23] [INFO] [MapEditorScene] Updated hoveredTilePanes 612,392
[2025-04-18 02:08:23] [INFO] [MapEditorScene] Updated hoveredTilePanes 612,394
[2025-04-18 02:08:23] [INFO] [MapEditorScene] Updated hoveredTilePanes 612,395
[2025-04-18 02:08:23] [INFO] [MapEditorScene] Updated hoveredTilePanes 612,397
[2025-04-18 02:08:23] [INFO] [MapEditorScene] Updated hoveredTilePanes 613,398
[2025-04-18 02:08:23] [INFO] [MapEditorScene] Updated hoveredTilePanes 613,400
[2025-04-18 02:08:23] [INFO] [MapEditorScene] Updated hoveredTilePanes 613,402
[2025-04-18 02:08:23] [INFO] [MapEditorScene] Updated hoveredTilePanes 613,403
[2025-04-18 02:08:23] [INFO] [MapEditorScene] Updated hoveredTilePanes 613,404
[2025-04-18 02:08:23] [INFO] [MapEditorScene] Updated hoveredTilePanes 614,405
[2025-04-18 02:08:23] [INFO] [MapEditorScene] Updated hoveredTilePanes 614,406
[2025-04-18 02:08:23] [INFO] [MapEditorScene] Updated hoveredTilePanes 614,407
[2025-04-18 02:08:24] [INFO] [MapEditorScene] Updated hoveredTilePanes 614,408
[2025-04-18 02:08:24] [INFO] [MapEditorScene] Updated hoveredTilePanes 614,409
[2025-04-18 02:08:24] [INFO] [MapEditorScene] Updated hoveredTilePanes 614,410
[2025-04-18 02:08:24] [INFO] [MapEditorScene] Updated hoveredTilePanes 615,412
[2025-04-18 02:08:24] [INFO] [MapEditorScene] Updated hoveredTilePanes 615,413
[2025-04-18 02:08:24] [INFO] [MapEditorScene] Updated hoveredTilePanes 615,414
[2025-04-18 02:08:24] [INFO] [MapEditorScene] Updated hoveredTilePanes 615,415
[2025-04-18 02:08:24] [INFO] [MapEditorScene] Updated hoveredTilePanes 615,416
[2025-04-18 02:08:24] [INFO] [MapEditorScene] Updated hoveredTilePanes 615,417
[2025-04-18 02:08:24] [INFO] [MapEditorScene] Updated hoveredTilePanes 615,418
[2025-04-18 02:08:25] [INFO] [MapEditorScene] Updated hoveredTilePanes 615,417
[2025-04-18 02:08:25] [INFO] [MapEditorScene] Updated hoveredTilePanes 616,417
[2025-04-18 02:08:25] [INFO] [MapEditorScene] Updated hoveredTilePanes 616,416
[2025-04-18 02:08:25] [INFO] [MapEditorScene] Updated hoveredTilePanes 616,415
[2025-04-18 02:08:25] [INFO] [MapEditorScene] Updated hoveredTilePanes 616,414
[2025-04-18 02:08:25] [INFO] [MapEditorScene] Updated hoveredTilePanes 616,412
[2025-04-18 02:08:25] [INFO] [MapEditorScene] Updated hoveredTilePanes 616,411
[2025-04-18 02:08:25] [INFO] [MapEditorScene] Updated hoveredTilePanes 616,410
[2025-04-18 02:08:25] [INFO] [MapEditorScene] Updated hoveredTilePanes 616,409
[2025-04-18 02:08:25] [INFO] [MapEditorScene] Updated hoveredTilePanes 616,408
[2025-04-18 02:08:25] [INFO] [MapEditorScene] Updated hoveredTilePanes 616,407
[2025-04-18 02:08:25] [INFO] [MapEditorScene] Updated hoveredTilePanes 616,406
[2025-04-18 02:08:25] [INFO] [MapEditorScene] Updated hoveredTilePanes 616,405
[2025-04-18 02:08:25] [INFO] [MapEditorScene] Updated hoveredTilePanes 616,403
[2025-04-18 02:08:25] [INFO] [MapEditorScene] Updated hoveredTilePanes 616,402
[2025-04-18 02:08:25] [INFO] [MapEditorScene] Updated hoveredTilePanes 616,401
[2025-04-18 02:08:25] [INFO] [MapEditorScene] Updated hoveredTilePanes 616,400
[2025-04-18 02:08:25] [INFO] [MapEditorScene] Updated hoveredTilePanes 616,399
[2025-04-18 02:08:25] [INFO] [MapEditorScene] Updated hoveredTilePanes 615,399
[2025-04-18 02:08:25] [INFO] [MapEditorScene] Updated hoveredTilePanes 614,398
[2025-04-18 02:08:25] [INFO] [MapEditorScene] Updated hoveredTilePanes 612,398
[2025-04-18 02:08:25] [INFO] [MapEditorScene] Updated hoveredTilePanes 610,397
[2025-04-18 02:08:25] [INFO] [MapEditorScene] Updated hoveredTilePanes 607,396
[2025-04-18 02:08:25] [INFO] [MapEditorScene] Updated hoveredTilePanes 604,395
[2025-04-18 02:08:25] [INFO] [MapEditorScene] Updated hoveredTilePanes 601,393
[2025-04-18 02:08:25] [INFO] [MapEditorScene] Updated hoveredTilePanes 597,391
[2025-04-18 02:08:25] [INFO] [MapEditorScene] Updated hoveredTilePanes 594,390
[2025-04-18 02:08:25] [INFO] [MapEditorScene] Updated hoveredTilePanes 589,388
[2025-04-18 02:08:25] [INFO] [MapEditorScene] Updated hoveredTilePanes 585,385
[2025-04-18 02:08:25] [INFO] [MapEditorScene] Updated hoveredTilePanes 581,383
[2025-04-18 02:08:25] [INFO] [MapEditorScene] Updated hoveredTilePanes 577,381
[2025-04-18 02:08:25] [INFO] [MapEditorScene] Updated hoveredTilePanes 574,380
[2025-04-18 02:08:25] [INFO] [MapEditorScene] Updated hoveredTilePanes 571,378
[2025-04-18 02:08:25] [INFO] [MapEditorScene] Updated hoveredTilePanes 566,377
[2025-04-18 02:08:25] [INFO] [MapEditorScene] Updated hoveredTilePanes 563,376
[2025-04-18 02:08:26] [INFO] [MapEditorScene] Updated hoveredTilePanes 560,375
[2025-04-18 02:08:26] [INFO] [MapEditorScene] Updated hoveredTilePanes 556,373
[2025-04-18 02:08:26] [INFO] [MapEditorScene] Updated hoveredTilePanes 553,372
[2025-04-18 02:08:26] [INFO] [MapEditorScene] Updated hoveredTilePanes 551,371
[2025-04-18 02:08:26] [INFO] [MapEditorScene] Updated hoveredTilePanes 548,369
[2025-04-18 02:08:26] [INFO] [MapEditorScene] Updated hoveredTilePanes 546,368
[2025-04-18 02:08:26] [INFO] [MapEditorScene] Updated hoveredTilePanes 543,366
[2025-04-18 02:08:26] [INFO] [MapEditorScene] Updated hoveredTilePanes 541,366
[2025-04-18 02:08:26] [INFO] [MapEditorScene] Updated hoveredTilePanes 539,365
[2025-04-18 02:08:26] [INFO] [MapEditorScene] Updated hoveredTilePanes 537,364
[2025-04-18 02:08:26] [INFO] [MapEditorScene] Updated hoveredTilePanes 536,364
[2025-04-18 02:08:26] [INFO] [MapEditorScene] Updated hoveredTilePanes 535,363
[2025-04-18 02:08:26] [INFO] [MapEditorScene] Updated hoveredTilePanes 534,362
[2025-04-18 02:08:26] [INFO] [MapEditorScene] Updated hoveredTilePanes 532,362
[2025-04-18 02:08:26] [INFO] [MapEditorScene] Updated hoveredTilePanes 530,362
[2025-04-18 02:08:26] [INFO] [MapEditorScene] Updated hoveredTilePanes 528,361
[2025-04-18 02:08:26] [INFO] [MapEditorScene] Updated hoveredTilePanes 526,361
[2025-04-18 02:08:26] [INFO] [MapEditorScene] Updated hoveredTilePanes 524,361
[2025-04-18 02:08:26] [INFO] [MapEditorScene] Updated hoveredTilePanes 522,360
[2025-04-18 02:08:26] [INFO] [MapEditorScene] Updated hoveredTilePanes 521,360
[2025-04-18 02:08:26] [INFO] [MapEditorScene] Updated hoveredTilePanes 519,360
[2025-04-18 02:08:26] [INFO] [MapEditorScene] Updated hoveredTilePanes 517,360
[2025-04-18 02:08:26] [INFO] [MapEditorScene] Updated hoveredTilePanes 515,360
[2025-04-18 02:08:26] [INFO] [MapEditorScene] Updated hoveredTilePanes 514,360
[2025-04-18 02:08:26] [INFO] [MapEditorScene] Updated hoveredTilePanes 514,359
[2025-04-18 02:08:26] [INFO] [MapEditorScene] Updated hoveredTilePanes 513,359
[2025-04-18 02:08:26] [INFO] [MapEditorScene] Updated hoveredTilePanes 512,359
[2025-04-18 02:08:26] [INFO] [MapEditorScene] Updated hoveredTilePanes 511,359
[2025-04-18 02:08:26] [INFO] [MapEditorScene] Updated hoveredTilePanes 510,359
[2025-04-18 02:08:26] [INFO] [MapEditorScene] Updated hoveredTilePanes 510,358
[2025-04-18 02:08:26] [INFO] [MapEditorScene] Updated hoveredTilePanes 510,357
[2025-04-18 02:08:26] [INFO] [MapEditorScene] Updated hoveredTilePanes 510,353
[2025-04-18 02:08:26] [INFO] [MapEditorScene] Updated hoveredTilePanes 510,350
[2025-04-18 02:08:26] [INFO] [MapEditorScene] Updated hoveredTilePanes 510,346
[2025-04-18 02:08:26] [INFO] [MapEditorScene] Updated hoveredTilePanes 510,344
[2025-04-18 02:08:26] [INFO] [MapEditorScene] Updated hoveredTilePanes 510,341
[2025-04-18 02:08:26] [INFO] [MapEditorScene] Updated hoveredTilePanes 510,339
[2025-04-18 02:08:26] [INFO] [MapEditorScene] Updated hoveredTilePanes 510,336
[2025-04-18 02:08:26] [INFO] [MapEditorScene] Updated hoveredTilePanes 510,332
[2025-04-18 02:08:26] [INFO] [MapEditorScene] Updated hoveredTilePanes 511,329
[2025-04-18 02:08:26] [INFO] [MapEditorScene] Updated hoveredTilePanes 512,327
[2025-04-18 02:08:26] [INFO] [MapEditorScene] Updated hoveredTilePanes 514,324
[2025-04-18 02:08:26] [INFO] [MapEditorScene] Updated hoveredTilePanes 515,322
[2025-04-18 02:08:26] [INFO] [MapEditorScene] Updated hoveredTilePanes 516,320
[2025-04-18 02:08:26] [INFO] [MapEditorScene] Updated hoveredTilePanes 517,319
[2025-04-18 02:08:26] [INFO] [MapEditorScene] Updated hoveredTilePanes 518,317
[2025-04-18 02:08:26] [INFO] [MapEditorScene] Updated hoveredTilePanes 519,316
[2025-04-18 02:08:26] [INFO] [MapEditorScene] Updated hoveredTilePanes 519,315
[2025-04-18 02:08:26] [INFO] [MapEditorScene] Updated hoveredTilePanes 520,314
[2025-04-18 02:08:26] [INFO] [MapEditorScene] Updated hoveredTilePanes 521,314
[2025-04-18 02:08:26] [INFO] [MapEditorScene] Updated hoveredTilePanes 522,313
[2025-04-18 02:08:26] [INFO] [MapEditorScene] Updated hoveredTilePanes 522,312
[2025-04-18 02:08:26] [INFO] [MapEditorScene] Updated hoveredTilePanes 523,312
[2025-04-18 02:08:26] [INFO] [MapEditorScene] Updated hoveredTilePanes 523,311
[2025-04-18 02:08:26] [INFO] [MapEditorScene] Updated hoveredTilePanes 524,311
[2025-04-18 02:08:26] [INFO] [MapEditorScene] Updated hoveredTilePanes 525,310
[2025-04-18 02:08:26] [INFO] [MapEditorScene] Updated hoveredTilePanes 526,309
[2025-04-18 02:08:26] [INFO] [MapEditorScene] Updated hoveredTilePanes 527,308
[2025-04-18 02:08:26] [INFO] [MapEditorScene] Updated hoveredTilePanes 528,308
[2025-04-18 02:08:26] [INFO] [MapEditorScene] Updated hoveredTilePanes 529,307
[2025-04-18 02:08:27] [INFO] [MapEditorScene] Updated hoveredTilePanes 530,306
[2025-04-18 02:08:27] [INFO] [MapEditorScene] Updated hoveredTilePanes 531,306
[2025-04-18 02:08:27] [INFO] [MapEditorScene] Updated hoveredTilePanes 532,305
[2025-04-18 02:08:27] [INFO] [MapEditorScene] Updated hoveredTilePanes 533,304
[2025-04-18 02:08:27] [INFO] [MapEditorScene] Updated hoveredTilePanes 534,303
[2025-04-18 02:08:27] [INFO] [MapEditorScene] Updated hoveredTilePanes 536,302
[2025-04-18 02:08:27] [INFO] [MapEditorScene] Updated hoveredTilePanes 537,302
[2025-04-18 02:08:27] [INFO] [MapEditorScene] Updated hoveredTilePanes 538,301
[2025-04-18 02:08:27] [INFO] [MapEditorScene] Updated hoveredTilePanes 539,300
[2025-04-18 02:08:27] [INFO] [MapEditorScene] Updated hoveredTilePanes 540,300
[2025-04-18 02:08:27] [INFO] [MapEditorScene] Updated hoveredTilePanes 541,300
[2025-04-18 02:08:27] [INFO] [MapEditorScene] Updated hoveredTilePanes 542,299
[2025-04-18 02:08:27] [INFO] [MapEditorScene] Updated hoveredTilePanes 543,299
[2025-04-18 02:08:27] [INFO] [MapEditorScene] Updated hoveredTilePanes 544,299
[2025-04-18 02:08:27] [INFO] [MapEditorScene] Updated hoveredTilePanes 545,298
[2025-04-18 02:08:27] [INFO] [MapEditorScene] Updated hoveredTilePanes 546,298
[2025-04-18 02:08:27] [INFO] [MapEditorScene] Updated hoveredTilePanes 547,298
[2025-04-18 02:08:27] [INFO] [MapEditorScene] Updated hoveredTilePanes 548,298
[2025-04-18 02:08:27] [INFO] [MapEditorScene] Updated hoveredTilePanes 549,297
[2025-04-18 02:08:27] [INFO] [MapEditorScene] Updated hoveredTilePanes 550,297
[2025-04-18 02:08:27] [INFO] [MapEditorScene] Updated hoveredTilePanes 551,297
[2025-04-18 02:08:27] [INFO] [MapEditorScene] Updated hoveredTilePanes 552,297
[2025-04-18 02:08:27] [INFO] [MapEditorScene] Updated hoveredTilePanes 553,296
[2025-04-18 02:08:27] [INFO] [MapEditorScene] Updated hoveredTilePanes 555,296
[2025-04-18 02:08:27] [INFO] [MapEditorScene] Updated hoveredTilePanes 556,296
[2025-04-18 02:08:27] [INFO] [MapEditorScene] Updated hoveredTilePanes 557,296
[2025-04-18 02:08:27] [INFO] [MapEditorScene] Updated hoveredTilePanes 559,295
[2025-04-18 02:08:27] [INFO] [MapEditorScene] Updated hoveredTilePanes 560,294
[2025-04-18 02:08:27] [INFO] [MapEditorScene] Updated hoveredTilePanes 561,294
[2025-04-18 02:08:27] [INFO] [MapEditorScene] Updated hoveredTilePanes 562,294
[2025-04-18 02:08:27] [INFO] [MapEditorScene] Updated hoveredTilePanes 564,294
[2025-04-18 02:08:27] [INFO] [MapEditorScene] Updated hoveredTilePanes 565,294
[2025-04-18 02:08:27] [INFO] [MapEditorScene] Updated hoveredTilePanes 565,293
[2025-04-18 02:08:27] [INFO] [MapEditorScene] Updated hoveredTilePanes 566,293
[2025-04-18 02:08:27] [INFO] [MapEditorScene] Updated hoveredTilePanes 567,293
[2025-04-18 02:08:27] [INFO] [MapEditorScene] Updated hoveredTilePanes 568,293
[2025-04-18 02:08:27] [INFO] [MapEditorScene] Updated hoveredTilePanes 569,292
[2025-04-18 02:08:27] [INFO] [MapEditorScene] Updated hoveredTilePanes 570,292
[2025-04-18 02:08:27] [INFO] [MapEditorScene] Updated hoveredTilePanes 571,292
[2025-04-18 02:08:27] [INFO] [MapEditorScene] Updated hoveredTilePanes 572,292
[2025-04-18 02:08:27] [INFO] [MapEditorScene] Updated hoveredTilePanes 573,292
[2025-04-18 02:08:27] [INFO] [MapEditorScene] Updated hoveredTilePanes 575,292
[2025-04-18 02:08:27] [INFO] [MapEditorScene] Updated hoveredTilePanes 576,292
[2025-04-18 02:08:27] [INFO] [MapEditorScene] Updated hoveredTilePanes 577,292
[2025-04-18 02:08:27] [INFO] [MapEditorScene] Updated hoveredTilePanes 578,292
[2025-04-18 02:08:27] [INFO] [MapEditorScene] Updated hoveredTilePanes 579,292
[2025-04-18 02:08:27] [INFO] [MapEditorScene] Updated hoveredTilePanes 580,293
[2025-04-18 02:08:27] [INFO] [MapEditorScene] Updated hoveredTilePanes 580,295
[2025-04-18 02:08:27] [INFO] [MapEditorScene] Updated hoveredTilePanes 581,298
[2025-04-18 02:08:27] [INFO] [MapEditorScene] Updated hoveredTilePanes 582,300
[2025-04-18 02:08:27] [INFO] [MapEditorScene] Updated hoveredTilePanes 583,307
[2025-04-18 02:08:27] [INFO] [MapEditorScene] Updated hoveredTilePanes 584,312
[2025-04-18 02:08:27] [INFO] [MapEditorScene] Updated hoveredTilePanes 584,315
[2025-04-18 02:08:27] [INFO] [MapEditorScene] Updated hoveredTilePanes 584,322
[2025-04-18 02:08:27] [INFO] [MapEditorScene] Updated hoveredTilePanes 584,328
[2025-04-18 02:08:27] [INFO] [MapEditorScene] Updated hoveredTilePanes 584,333
[2025-04-18 02:08:27] [INFO] [MapEditorScene] Updated hoveredTilePanes 584,338
[2025-04-18 02:08:27] [INFO] [MapEditorScene] Updated hoveredTilePanes 584,343
[2025-04-18 02:08:27] [INFO] [MapEditorScene] Updated hoveredTilePanes 584,355
[2025-04-18 02:08:27] [INFO] [MapEditorScene] Updated hoveredTilePanes 584,357
[2025-04-18 02:08:27] [INFO] [MapEditorScene] Updated hoveredTilePanes 584,361
[2025-04-18 02:08:27] [INFO] [MapEditorScene] Updated hoveredTilePanes 583,366
[2025-04-18 02:08:27] [INFO] [MapEditorScene] Updated hoveredTilePanes 582,369
[2025-04-18 02:08:27] [INFO] [MapEditorScene] Updated hoveredTilePanes 581,373
[2025-04-18 02:08:27] [INFO] [MapEditorScene] Updated hoveredTilePanes 580,377
[2025-04-18 02:08:27] [INFO] [MapEditorScene] Updated hoveredTilePanes 579,381
[2025-04-18 02:08:27] [INFO] [MapEditorScene] Updated hoveredTilePanes 577,384
[2025-04-18 02:08:27] [INFO] [MapEditorScene] Updated hoveredTilePanes 576,386
[2025-04-18 02:08:27] [INFO] [MapEditorScene] Updated hoveredTilePanes 576,388
[2025-04-18 02:08:27] [INFO] [MapEditorScene] Updated hoveredTilePanes 575,390
[2025-04-18 02:08:27] [INFO] [MapEditorScene] Updated hoveredTilePanes 574,392
[2025-04-18 02:08:27] [INFO] [MapEditorScene] Updated hoveredTilePanes 573,393
[2025-04-18 02:08:27] [INFO] [MapEditorScene] Updated hoveredTilePanes 573,394
[2025-04-18 02:08:27] [INFO] [MapEditorScene] Updated hoveredTilePanes 573,395
[2025-04-18 02:08:28] [INFO] [MapEditorScene] Updated hoveredTilePanes 573,396
[2025-04-18 02:08:28] [INFO] [MapEditorScene] Updated hoveredTilePanes 573,397
[2025-04-18 02:08:28] [INFO] [MapEditorScene] Updated hoveredTilePanes 573,398
[2025-04-18 02:08:28] [INFO] [MapEditorScene] Updated hoveredTilePanes 573,399
[2025-04-18 02:08:28] [INFO] [MapEditorScene] Updated hoveredTilePanes 572,400
[2025-04-18 02:08:28] [INFO] [MapEditorScene] Updated hoveredTilePanes 572,401
[2025-04-18 02:08:28] [INFO] [MapEditorScene] Updated hoveredTilePanes 570,403
[2025-04-18 02:08:28] [INFO] [MapEditorScene] Updated hoveredTilePanes 570,404
[2025-04-18 02:08:28] [INFO] [MapEditorScene] Updated hoveredTilePanes 569,405
[2025-04-18 02:08:28] [INFO] [MapEditorScene] Updated hoveredTilePanes 568,406
[2025-04-18 02:08:28] [INFO] [MapEditorScene] Updated hoveredTilePanes 568,407
[2025-04-18 02:08:28] [INFO] [MapEditorScene] Updated hoveredTilePanes 568,408
[2025-04-18 02:08:28] [INFO] [MapEditorScene] Updated hoveredTilePanes 567,408
[2025-04-18 02:08:28] [INFO] [MapEditorScene] Updated hoveredTilePanes 567,407
[2025-04-18 02:08:28] [INFO] [MapEditorScene] Updated hoveredTilePanes 567,406
[2025-04-18 02:08:28] [INFO] [MapEditorScene] Updated hoveredTilePanes 567,404
[2025-04-18 02:08:28] [INFO] [MapEditorScene] Updated hoveredTilePanes 567,401
[2025-04-18 02:08:28] [INFO] [MapEditorScene] Updated hoveredTilePanes 568,398
[2025-04-18 02:08:28] [INFO] [MapEditorScene] Updated hoveredTilePanes 569,394
[2025-04-18 02:08:28] [INFO] [MapEditorScene] Updated hoveredTilePanes 570,391
[2025-04-18 02:08:28] [INFO] [MapEditorScene] Updated hoveredTilePanes 571,388
[2025-04-18 02:08:28] [INFO] [MapEditorScene] Updated hoveredTilePanes 572,386
[2025-04-18 02:08:28] [INFO] [MapEditorScene] Updated hoveredTilePanes 574,382
[2025-04-18 02:08:28] [INFO] [MapEditorScene] Updated hoveredTilePanes 576,379
[2025-04-18 02:08:28] [INFO] [MapEditorScene] Updated hoveredTilePanes 577,376
[2025-04-18 02:08:28] [INFO] [MapEditorScene] Updated hoveredTilePanes 579,373
[2025-04-18 02:08:28] [INFO] [MapEditorScene] Updated hoveredTilePanes 580,371
[2025-04-18 02:08:28] [INFO] [MapEditorScene] Updated hoveredTilePanes 582,367
[2025-04-18 02:08:28] [INFO] [MapEditorScene] Updated hoveredTilePanes 584,365
[2025-04-18 02:08:28] [INFO] [MapEditorScene] Updated hoveredTilePanes 585,363
[2025-04-18 02:08:28] [INFO] [MapEditorScene] Updated hoveredTilePanes 586,361
[2025-04-18 02:08:28] [INFO] [MapEditorScene] Updated hoveredTilePanes 587,360
[2025-04-18 02:08:28] [INFO] [MapEditorScene] Updated hoveredTilePanes 589,358
[2025-04-18 02:08:28] [INFO] [MapEditorScene] Updated hoveredTilePanes 589,357
[2025-04-18 02:08:28] [INFO] [MapEditorScene] Updated hoveredTilePanes 590,357
[2025-04-18 02:08:28] [INFO] [MapEditorScene] Updated hoveredTilePanes 591,355
[2025-04-18 02:08:28] [INFO] [MapEditorScene] Updated hoveredTilePanes 592,354
[2025-04-18 02:08:28] [INFO] [MapEditorScene] Updated hoveredTilePanes 593,354
[2025-04-18 02:08:28] [INFO] [MapEditorScene] Updated hoveredTilePanes 593,353
[2025-04-18 02:08:28] [INFO] [MapEditorScene] Updated hoveredTilePanes 594,353
[2025-04-18 02:08:28] [INFO] [MapEditorScene] Updated hoveredTilePanes 594,352
[2025-04-18 02:08:28] [INFO] [MapEditorScene] Updated hoveredTilePanes 595,352
[2025-04-18 02:08:28] [INFO] [MapEditorScene] Updated hoveredTilePanes 596,351
[2025-04-18 02:08:28] [INFO] [MapEditorScene] Updated hoveredTilePanes 597,351
[2025-04-18 02:08:28] [INFO] [MapEditorScene] Updated hoveredTilePanes 598,350
[2025-04-18 02:08:28] [INFO] [MapEditorScene] Updated hoveredTilePanes 599,349
[2025-04-18 02:08:28] [INFO] [MapEditorScene] Updated hoveredTilePanes 600,349
[2025-04-18 02:08:28] [INFO] [MapEditorScene] Updated hoveredTilePanes 602,348
[2025-04-18 02:08:28] [INFO] [MapEditorScene] Updated hoveredTilePanes 603,348
[2025-04-18 02:08:28] [INFO] [MapEditorScene] Updated hoveredTilePanes 604,347
[2025-04-18 02:08:28] [INFO] [MapEditorScene] Updated hoveredTilePanes 605,347
[2025-04-18 02:08:28] [INFO] [MapEditorScene] Updated hoveredTilePanes 606,346
[2025-04-18 02:08:29] [INFO] [MapEditorScene] Updated hoveredTilePanes 606,347
[2025-04-18 02:08:29] [INFO] [MapEditorScene] Updated hoveredTilePanes 607,347
[2025-04-18 02:08:29] [INFO] [MapEditorScene] Updated hoveredTilePanes 608,347
[2025-04-18 02:08:29] [INFO] [MapEditorScene] Updated hoveredTilePanes 609,347
[2025-04-18 02:08:29] [INFO] [MapEditorScene] Updated hoveredTilePanes 609,349
[2025-04-18 02:08:29] [INFO] [MapEditorScene] Updated hoveredTilePanes 609,351
[2025-04-18 02:08:29] [INFO] [MapEditorScene] Updated hoveredTilePanes 609,354
[2025-04-18 02:08:29] [INFO] [MapEditorScene] Updated hoveredTilePanes 609,357
[2025-04-18 02:08:29] [INFO] [MapEditorScene] Updated hoveredTilePanes 609,362
[2025-04-18 02:08:29] [INFO] [MapEditorScene] Updated hoveredTilePanes 609,365
[2025-04-18 02:08:29] [INFO] [MapEditorScene] Updated hoveredTilePanes 609,370
[2025-04-18 02:08:29] [INFO] [MapEditorScene] Updated hoveredTilePanes 609,373
[2025-04-18 02:08:29] [INFO] [MapEditorScene] Updated hoveredTilePanes 609,377
[2025-04-18 02:08:29] [INFO] [MapEditorScene] Updated hoveredTilePanes 609,380
[2025-04-18 02:08:29] [INFO] [MapEditorScene] Updated hoveredTilePanes 609,382
[2025-04-18 02:08:29] [INFO] [MapEditorScene] Updated hoveredTilePanes 609,384
[2025-04-18 02:08:29] [INFO] [MapEditorScene] Updated hoveredTilePanes 609,385
[2025-04-18 02:08:29] [INFO] [MapEditorScene] Updated hoveredTilePanes 609,386
[2025-04-18 02:08:29] [INFO] [MapEditorScene] Updated hoveredTilePanes 609,387
[2025-04-18 02:08:29] [INFO] [MapEditorScene] Updated hoveredTilePanes 609,388
[2025-04-18 02:08:30] [INFO] [MapEditorScene] Updated hoveredTilePanes 610,388
[2025-04-18 02:08:30] [INFO] [MapEditorScene] Updated hoveredTilePanes 611,388
[2025-04-18 02:08:30] [INFO] [MapEditorScene] Updated hoveredTilePanes 612,388
[2025-04-18 02:08:30] [INFO] [MapEditorScene] Updated hoveredTilePanes 613,387
[2025-04-18 02:08:30] [INFO] [MapEditorScene] Updated hoveredTilePanes 614,387
[2025-04-18 02:08:30] [INFO] [MapEditorScene] Updated hoveredTilePanes 615,387
[2025-04-18 02:08:30] [INFO] [MapEditorScene] Updated hoveredTilePanes 616,387
[2025-04-18 02:08:30] [INFO] [MapEditorScene] Updated hoveredTilePanes 616,386
[2025-04-18 02:08:30] [INFO] [MapEditorScene] Updated hoveredTilePanes 615,382
[2025-04-18 02:08:30] [INFO] [MapEditorScene] Updated hoveredTilePanes 615,379
[2025-04-18 02:08:30] [INFO] [MapEditorScene] Updated hoveredTilePanes 614,376
[2025-04-18 02:08:30] [INFO] [MapEditorScene] Updated hoveredTilePanes 614,373
[2025-04-18 02:08:30] [INFO] [MapEditorScene] Updated hoveredTilePanes 614,371
[2025-04-18 02:08:30] [INFO] [MapEditorScene] Updated hoveredTilePanes 614,369
[2025-04-18 02:08:30] [INFO] [MapEditorScene] Updated hoveredTilePanes 614,366
[2025-04-18 02:08:30] [INFO] [MapEditorScene] Updated hoveredTilePanes 614,365
[2025-04-18 02:08:30] [INFO] [MapEditorScene] Updated hoveredTilePanes 614,364
[2025-04-18 02:08:30] [INFO] [MapEditorScene] Updated hoveredTilePanes 613,364
[2025-04-18 02:08:30] [INFO] [MapEditorScene] Updated hoveredTilePanes 613,363
[2025-04-18 02:08:30] [INFO] [MapEditorScene] Updated hoveredTilePanes 613,361
[2025-04-18 02:08:30] [INFO] [MapEditorScene] Updated hoveredTilePanes 613,359
[2025-04-18 02:08:30] [INFO] [MapEditorScene] Updated hoveredTilePanes 613,356
[2025-04-18 02:08:31] [INFO] [MapEditorScene] Updated hoveredTilePanes 613,352
[2025-04-18 02:08:31] [INFO] [MapEditorScene] Updated hoveredTilePanes 613,350
[2025-04-18 02:08:31] [INFO] [MapEditorScene] Updated hoveredTilePanes 613,349
[2025-04-18 02:08:31] [INFO] [MapEditorScene] Updated hoveredTilePanes 613,347
[2025-04-18 02:08:31] [INFO] [MapEditorScene] Updated hoveredTilePanes 612,346
[2025-04-18 02:08:31] [INFO] [MapEditorScene] Updated hoveredTilePanes 612,349
[2025-04-18 02:08:31] [INFO] [MapEditorScene] Updated hoveredTilePanes 612,355
[2025-04-18 02:08:31] [INFO] [MapEditorScene] Updated hoveredTilePanes 612,356
[2025-04-18 02:08:31] [INFO] [MapEditorScene] Updated hoveredTilePanes 612,358
[2025-04-18 02:08:31] [INFO] [MapEditorScene] Updated hoveredTilePanes 612,360
[2025-04-18 02:08:31] [INFO] [MapEditorScene] Updated hoveredTilePanes 612,362
[2025-04-18 02:08:31] [INFO] [MapEditorScene] Updated hoveredTilePanes 612,363
[2025-04-18 02:08:31] [INFO] [MapEditorScene] Updated hoveredTilePanes 612,364
[2025-04-18 02:08:31] [INFO] [MapEditorScene] Updated hoveredTilePanes 613,364
[2025-04-18 02:08:31] [INFO] [MapEditorScene] Updated hoveredTilePanes 614,364
[2025-04-18 02:08:31] [INFO] [MapEditorScene] Updated hoveredTilePanes 618,364
[2025-04-18 02:08:31] [INFO] [MapEditorScene] Updated hoveredTilePanes 621,364
[2025-04-18 02:08:31] [INFO] [MapEditorScene] Updated hoveredTilePanes 633,364
[2025-04-18 02:08:31] [INFO] [MapEditorScene] Updated hoveredTilePanes 635,364
[2025-04-18 02:08:31] [INFO] [MapEditorScene] Updated hoveredTilePanes 643,364
[2025-04-18 02:08:32] [INFO] [MapEditorScene] Updated hoveredTilePanes 645,364
[2025-04-18 02:08:32] [INFO] [MapEditorScene] Updated hoveredTilePanes 646,364
[2025-04-18 02:08:32] [INFO] [MapEditorScene] Updated hoveredTilePanes 647,364
[2025-04-18 02:08:32] [INFO] [MapEditorScene] Updated hoveredTilePanes 648,364
[2025-04-18 02:08:32] [INFO] [MapEditorScene] Updated hoveredTilePanes 647,364
[2025-04-18 02:08:32] [INFO] [MapEditorScene] Updated hoveredTilePanes 646,364
[2025-04-18 02:08:32] [INFO] [MapEditorScene] Updated hoveredTilePanes 645,364
[2025-04-18 02:08:32] [INFO] [MapEditorScene] Updated hoveredTilePanes 643,364
[2025-04-18 02:08:32] [INFO] [MapEditorScene] Updated hoveredTilePanes 641,364
[2025-04-18 02:08:33] [INFO] [MapEditorScene] Updated hoveredTilePanes 640,364
[2025-04-18 02:08:33] [INFO] [MapEditorScene] Updated hoveredTilePanes 638,364
[2025-04-18 02:08:33] [INFO] [MapEditorScene] Updated hoveredTilePanes 636,364
[2025-04-18 02:08:33] [INFO] [MapEditorScene] Updated hoveredTilePanes 634,364
[2025-04-18 02:08:33] [INFO] [MapEditorScene] Updated hoveredTilePanes 632,364
[2025-04-18 02:08:33] [INFO] [MapEditorScene] Updated hoveredTilePanes 630,365
[2025-04-18 02:08:33] [INFO] [MapEditorScene] Updated hoveredTilePanes 628,365
[2025-04-18 02:08:33] [INFO] [MapEditorScene] Updated hoveredTilePanes 627,366
[2025-04-18 02:08:33] [INFO] [MapEditorScene] Updated hoveredTilePanes 624,366
[2025-04-18 02:08:33] [INFO] [MapEditorScene] Updated hoveredTilePanes 623,366
[2025-04-18 02:08:33] [INFO] [MapEditorScene] Updated hoveredTilePanes 624,366
[2025-04-18 02:08:33] [INFO] [MapEditorScene] Updated hoveredTilePanes 626,366
[2025-04-18 02:08:33] [INFO] [MapEditorScene] Updated hoveredTilePanes 627,366
[2025-04-18 02:08:33] [INFO] [MapEditorScene] Updated hoveredTilePanes 628,366
[2025-04-18 02:08:33] [INFO] [MapEditorScene] Updated hoveredTilePanes 630,366
[2025-04-18 02:08:33] [INFO] [MapEditorScene] Updated hoveredTilePanes 631,366
[2025-04-18 02:08:33] [INFO] [MapEditorScene] Updated hoveredTilePanes 632,366
[2025-04-18 02:08:33] [INFO] [MapEditorScene] Updated hoveredTilePanes 633,366
[2025-04-18 02:08:33] [INFO] [MapEditorScene] Updated hoveredTilePanes 635,366
[2025-04-18 02:08:33] [INFO] [MapEditorScene] Updated hoveredTilePanes 636,366
[2025-04-18 02:08:33] [INFO] [MapEditorScene] Updated hoveredTilePanes 637,366
[2025-04-18 02:08:33] [INFO] [MapEditorScene] Updated hoveredTilePanes 638,366
[2025-04-18 02:08:33] [INFO] [MapEditorScene] Updated hoveredTilePanes 639,366
[2025-04-18 02:08:33] [INFO] [MapEditorScene] Updated hoveredTilePanes 640,366
[2025-04-18 02:08:33] [INFO] [MapEditorScene] Updated hoveredTilePanes 641,366
[2025-04-18 02:08:33] [INFO] [MapEditorScene] Updated hoveredTilePanes 642,366
[2025-04-18 02:08:33] [INFO] [MapEditorScene] Updated hoveredTilePanes 645,366
[2025-04-18 02:08:33] [INFO] [MapEditorScene] Updated hoveredTilePanes 645,367
[2025-04-18 02:08:34] [INFO] [MapEditorScene] Updated hoveredTilePanes 646,367
[2025-04-18 02:08:34] [INFO] [MapEditorScene] Updated hoveredTilePanes 647,367
[2025-04-18 02:08:34] [INFO] [MapEditorScene] Updated hoveredTilePanes 648,367
[2025-04-18 02:08:34] [INFO] [MapEditorScene] Updated hoveredTilePanes 649,367
[2025-04-18 02:08:34] [INFO] [MapEditorScene] Updated hoveredTilePanes 650,367
[2025-04-18 02:08:34] [INFO] [MapEditorScene] Updated hoveredTilePanes 653,367
[2025-04-18 02:08:34] [INFO] [MapEditorScene] Updated hoveredTilePanes 657,367
[2025-04-18 02:08:34] [INFO] [MapEditorScene] Updated hoveredTilePanes 659,367
[2025-04-18 02:08:34] [INFO] [MapEditorScene] Updated hoveredTilePanes 661,367
[2025-04-18 02:08:34] [INFO] [MapEditorScene] Updated hoveredTilePanes 663,367
[2025-04-18 02:08:34] [INFO] [MapEditorScene] Updated hoveredTilePanes 665,367
[2025-04-18 02:08:34] [INFO] [MapEditorScene] Updated hoveredTilePanes 667,367
[2025-04-18 02:08:34] [INFO] [MapEditorScene] Updated hoveredTilePanes 669,367
[2025-04-18 02:08:34] [INFO] [MapEditorScene] Updated hoveredTilePanes 671,367
[2025-04-18 02:08:34] [INFO] [MapEditorScene] Updated hoveredTilePanes 672,367
[2025-04-18 02:08:34] [INFO] [MapEditorScene] Updated hoveredTilePanes 674,367
[2025-04-18 02:08:34] [INFO] [MapEditorScene] Updated hoveredTilePanes 674,368
[2025-04-18 02:08:34] [INFO] [MapEditorScene] Updated hoveredTilePanes 675,368
[2025-04-18 02:08:36] [INFO] [MapEditorScene] Updated hoveredTilePanes 673,368
[2025-04-18 02:08:36] [INFO] [MapEditorScene] Updated hoveredTilePanes 672,368
[2025-04-18 02:08:36] [INFO] [MapEditorScene] Updated hoveredTilePanes 671,368
[2025-04-18 02:08:36] [INFO] [MapEditorScene] Updated hoveredTilePanes 670,368
[2025-04-18 02:08:37] [INFO] [MapEditorScene] Updated hoveredTilePanes 669,368
[2025-04-18 02:08:37] [INFO] [MapEditorScene] Updated hoveredTilePanes 661,370
[2025-04-18 02:08:37] [INFO] [MapEditorScene] Updated hoveredTilePanes 659,371
[2025-04-18 02:08:37] [INFO] [MapEditorScene] Updated hoveredTilePanes 658,371
[2025-04-18 02:08:37] [INFO] [MapEditorScene] Updated hoveredTilePanes 656,372
[2025-04-18 02:08:37] [INFO] [MapEditorScene] Updated hoveredTilePanes 655,372
[2025-04-18 02:08:37] [INFO] [MapEditorScene] Updated hoveredTilePanes 654,373
[2025-04-18 02:08:37] [INFO] [MapEditorScene] Updated hoveredTilePanes 652,373
[2025-04-18 02:08:37] [INFO] [MapEditorScene] Updated hoveredTilePanes 651,373
[2025-04-18 02:08:37] [INFO] [MapEditorScene] Updated hoveredTilePanes 650,374
[2025-04-18 02:08:37] [INFO] [MapEditorScene] Updated hoveredTilePanes 649,374
[2025-04-18 02:08:37] [INFO] [MapEditorScene] Updated hoveredTilePanes 647,374
[2025-04-18 02:08:37] [INFO] [MapEditorScene] Updated hoveredTilePanes 646,374
[2025-04-18 02:08:37] [INFO] [MapEditorScene] Updated hoveredTilePanes 646,375
[2025-04-18 02:08:37] [INFO] [MapEditorScene] Updated hoveredTilePanes 645,375
[2025-04-18 02:08:37] [INFO] [MapEditorScene] Updated hoveredTilePanes 644,375
[2025-04-18 02:08:37] [INFO] [MapEditorScene] Updated hoveredTilePanes 643,375
[2025-04-18 02:08:37] [INFO] [MapEditorScene] Updated hoveredTilePanes 642,375
[2025-04-18 02:08:37] [INFO] [MapEditorScene] Updated hoveredTilePanes 641,375
[2025-04-18 02:08:37] [INFO] [MapEditorScene] Updated hoveredTilePanes 640,376
[2025-04-18 02:08:37] [INFO] [MapEditorScene] Updated hoveredTilePanes 639,376
[2025-04-18 02:08:37] [INFO] [MapEditorScene] Updated hoveredTilePanes 638,376
[2025-04-18 02:08:37] [INFO] [MapEditorScene] Updated hoveredTilePanes 637,376
[2025-04-18 02:08:37] [INFO] [MapEditorScene] Updated hoveredTilePanes 636,377
[2025-04-18 02:08:37] [INFO] [MapEditorScene] Updated hoveredTilePanes 635,377
[2025-04-18 02:08:37] [INFO] [MapEditorScene] Updated hoveredTilePanes 634,377
[2025-04-18 02:08:37] [INFO] [MapEditorScene] Updated hoveredTilePanes 633,377
[2025-04-18 02:08:37] [INFO] [MapEditorScene] Updated hoveredTilePanes 632,378
[2025-04-18 02:08:37] [INFO] [MapEditorScene] Updated hoveredTilePanes 631,378
[2025-04-18 02:08:37] [INFO] [MapEditorScene] Updated hoveredTilePanes 630,378
[2025-04-18 02:08:37] [INFO] [MapEditorScene] Updated hoveredTilePanes 628,379
[2025-04-18 02:08:37] [INFO] [MapEditorScene] Updated hoveredTilePanes 627,379
[2025-04-18 02:08:37] [INFO] [MapEditorScene] Updated hoveredTilePanes 625,380
[2025-04-18 02:08:37] [INFO] [MapEditorScene] Updated hoveredTilePanes 624,380
[2025-04-18 02:08:37] [INFO] [MapEditorScene] Updated hoveredTilePanes 623,380
[2025-04-18 02:08:37] [INFO] [MapEditorScene] Updated hoveredTilePanes 622,381
[2025-04-18 02:08:37] [INFO] [MapEditorScene] Updated hoveredTilePanes 621,381
[2025-04-18 02:08:37] [INFO] [MapEditorScene] Updated hoveredTilePanes 619,381
[2025-04-18 02:08:37] [INFO] [MapEditorScene] Updated hoveredTilePanes 618,381
[2025-04-18 02:08:37] [INFO] [MapEditorScene] Updated hoveredTilePanes 616,382
[2025-04-18 02:08:37] [INFO] [MapEditorScene] Updated hoveredTilePanes 615,383
[2025-04-18 02:08:37] [INFO] [MapEditorScene] Updated hoveredTilePanes 613,383
[2025-04-18 02:08:37] [INFO] [MapEditorScene] Updated hoveredTilePanes 611,383
[2025-04-18 02:08:37] [INFO] [MapEditorScene] Updated hoveredTilePanes 609,383
[2025-04-18 02:08:37] [INFO] [MapEditorScene] Updated hoveredTilePanes 607,384
[2025-04-18 02:08:37] [INFO] [MapEditorScene] Updated hoveredTilePanes 606,384
[2025-04-18 02:08:37] [INFO] [MapEditorScene] Updated hoveredTilePanes 604,385
[2025-04-18 02:08:37] [INFO] [MapEditorScene] Updated hoveredTilePanes 603,385
[2025-04-18 02:08:37] [INFO] [MapEditorScene] Updated hoveredTilePanes 602,385
[2025-04-18 02:08:37] [INFO] [MapEditorScene] Updated hoveredTilePanes 601,385
[2025-04-18 02:08:37] [INFO] [MapEditorScene] Updated hoveredTilePanes 600,385
[2025-04-18 02:08:37] [INFO] [MapEditorScene] Updated hoveredTilePanes 599,385
[2025-04-18 02:08:38] [INFO] [MapEditorScene] Updated hoveredTilePanes 599,386
[2025-04-18 02:08:38] [INFO] [MapEditorScene] Updated hoveredTilePanes 598,388
[2025-04-18 02:08:38] [INFO] [MapEditorScene] Updated hoveredTilePanes 598,389
[2025-04-18 02:08:38] [INFO] [MapEditorScene] Updated hoveredTilePanes 597,390
[2025-04-18 02:08:38] [INFO] [MapEditorScene] Updated hoveredTilePanes 597,391
[2025-04-18 02:08:38] [INFO] [MapEditorScene] Updated hoveredTilePanes 596,391
[2025-04-18 02:08:38] [INFO] [MapEditorScene] Updated hoveredTilePanes 596,392
[2025-04-18 02:08:38] [INFO] [MapEditorScene] Updated hoveredTilePanes 596,393
[2025-04-18 02:08:38] [INFO] [MapEditorScene] Updated hoveredTilePanes 595,393
[2025-04-18 02:08:38] [INFO] [MapEditorScene] Updated hoveredTilePanes 595,394
[2025-04-18 02:08:38] [INFO] [MapEditorScene] Updated hoveredTilePanes 595,395
[2025-04-18 02:08:38] [INFO] [MapEditorScene] Updated hoveredTilePanes 595,396
[2025-04-18 02:08:38] [INFO] [MapEditorScene] Updated hoveredTilePanes 594,396
[2025-04-18 02:08:39] [INFO] [MapEditorScene] Updated hoveredTilePanes 594,395
[2025-04-18 02:08:39] [INFO] [MapEditorScene] Updated hoveredTilePanes 595,395
[2025-04-18 02:08:39] [INFO] [MapEditorScene] Updated hoveredTilePanes 595,394
[2025-04-18 02:08:39] [INFO] [MapEditorScene] Updated hoveredTilePanes 595,393
[2025-04-18 02:08:39] [INFO] [MapEditorScene] Updated hoveredTilePanes 595,392
[2025-04-18 02:08:39] [INFO] [MapEditorScene] Updated hoveredTilePanes 596,391
[2025-04-18 02:08:39] [INFO] [MapEditorScene] Updated hoveredTilePanes 596,390
[2025-04-18 02:08:39] [INFO] [MapEditorScene] Updated hoveredTilePanes 597,390
[2025-04-18 02:08:39] [INFO] [MapEditorScene] Updated hoveredTilePanes 598,389
[2025-04-18 02:08:39] [INFO] [MapEditorScene] Updated hoveredTilePanes 599,388
[2025-04-18 02:08:40] [INFO] [MapEditorScene] Updated hoveredTilePanes 600,388
[2025-04-18 02:08:40] [INFO] [MapEditorScene] Updated hoveredTilePanes 601,387
[2025-04-18 02:08:40] [INFO] [MapEditorScene] Updated hoveredTilePanes 603,387
[2025-04-18 02:08:40] [INFO] [MapEditorScene] Updated hoveredTilePanes 604,386
[2025-04-18 02:08:40] [INFO] [MapEditorScene] Updated hoveredTilePanes 607,385
[2025-04-18 02:08:40] [INFO] [MapEditorScene] Updated hoveredTilePanes 609,385
[2025-04-18 02:08:40] [INFO] [MapEditorScene] Updated hoveredTilePanes 611,384
[2025-04-18 02:08:40] [INFO] [MapEditorScene] Updated hoveredTilePanes 615,383
[2025-04-18 02:08:40] [INFO] [MapEditorScene] Updated hoveredTilePanes 617,383
[2025-04-18 02:08:40] [INFO] [MapEditorScene] Updated hoveredTilePanes 620,382
[2025-04-18 02:08:40] [INFO] [MapEditorScene] Updated hoveredTilePanes 622,382
[2025-04-18 02:08:40] [INFO] [MapEditorScene] Updated hoveredTilePanes 624,382
[2025-04-18 02:08:40] [INFO] [MapEditorScene] Updated hoveredTilePanes 626,381
[2025-04-18 02:08:40] [INFO] [MapEditorScene] Updated hoveredTilePanes 629,381
[2025-04-18 02:08:40] [INFO] [MapEditorScene] Updated hoveredTilePanes 631,381
[2025-04-18 02:08:40] [INFO] [MapEditorScene] Updated hoveredTilePanes 633,381
[2025-04-18 02:08:40] [INFO] [MapEditorScene] Updated hoveredTilePanes 634,381
[2025-04-18 02:08:40] [INFO] [MapEditorScene] Updated hoveredTilePanes 636,380
[2025-04-18 02:08:40] [INFO] [MapEditorScene] Updated hoveredTilePanes 638,380
[2025-04-18 02:08:40] [INFO] [MapEditorScene] Updated hoveredTilePanes 639,380
[2025-04-18 02:08:40] [INFO] [MapEditorScene] Updated hoveredTilePanes 646,380
[2025-04-18 02:08:40] [INFO] [MapEditorScene] Updated hoveredTilePanes 647,380
[2025-04-18 02:08:41] [INFO] [MapEditorScene] Updated hoveredTilePanes 646,380
[2025-04-18 02:08:41] [INFO] [MapEditorScene] Updated hoveredTilePanes 645,380
[2025-04-18 02:08:41] [INFO] [MapEditorScene] Updated hoveredTilePanes 644,380
[2025-04-18 02:08:41] [INFO] [MapEditorScene] Updated hoveredTilePanes 643,380
[2025-04-18 02:08:41] [INFO] [MapEditorScene] Updated hoveredTilePanes 641,380
[2025-04-18 02:08:41] [INFO] [MapEditorScene] Updated hoveredTilePanes 640,380
[2025-04-18 02:08:41] [INFO] [MapEditorScene] Updated hoveredTilePanes 639,381
[2025-04-18 02:08:41] [INFO] [MapEditorScene] Updated hoveredTilePanes 637,381
[2025-04-18 02:08:41] [INFO] [MapEditorScene] Updated hoveredTilePanes 636,381
[2025-04-18 02:08:41] [INFO] [MapEditorScene] Updated hoveredTilePanes 635,382
[2025-04-18 02:08:41] [INFO] [MapEditorScene] Updated hoveredTilePanes 634,382
[2025-04-18 02:08:41] [INFO] [MapEditorScene] Updated hoveredTilePanes 633,382
[2025-04-18 02:08:41] [INFO] [MapEditorScene] Updated hoveredTilePanes 632,382
[2025-04-18 02:08:41] [INFO] [MapEditorScene] Updated hoveredTilePanes 630,382
[2025-04-18 02:08:41] [INFO] [MapEditorScene] Updated hoveredTilePanes 627,382
[2025-04-18 02:08:41] [INFO] [MapEditorScene] Updated hoveredTilePanes 626,382
[2025-04-18 02:08:41] [INFO] [MapEditorScene] Updated hoveredTilePanes 625,382
[2025-04-18 02:08:41] [INFO] [MapEditorScene] Updated hoveredTilePanes 624,382
[2025-04-18 02:08:41] [INFO] [MapEditorScene] Updated hoveredTilePanes 623,382
[2025-04-18 02:08:41] [INFO] [MapEditorScene] Updated hoveredTilePanes 622,382
[2025-04-18 02:08:41] [INFO] [MapEditorScene] Updated hoveredTilePanes 621,382
[2025-04-18 02:08:41] [INFO] [MapEditorScene] Updated hoveredTilePanes 620,382
[2025-04-18 02:08:41] [INFO] [MapEditorScene] Updated hoveredTilePanes 619,382
[2025-04-18 02:08:41] [INFO] [MapEditorScene] Updated hoveredTilePanes 618,382
[2025-04-18 02:08:41] [INFO] [MapEditorScene] Updated hoveredTilePanes 617,382
[2025-04-18 02:08:42] [INFO] [MapEditorScene] Updated hoveredTilePanes 616,382
[2025-04-18 02:08:42] [INFO] [MapEditorScene] Updated hoveredTilePanes 615,382
[2025-04-18 02:08:42] [INFO] [MapEditorScene] Updated hoveredTilePanes 614,382
[2025-04-18 02:08:42] [INFO] [MapEditorScene] Updated hoveredTilePanes 613,382
[2025-04-18 02:08:42] [INFO] [MapEditorScene] Updated hoveredTilePanes 612,382
[2025-04-18 02:08:42] [INFO] [MapEditorScene] Updated hoveredTilePanes 611,382
[2025-04-18 02:08:46] [INFO] [MapEditorScene] Updated hoveredTilePanes 611,381
[2025-04-18 02:08:46] [INFO] [MapEditorScene] Updated hoveredTilePanes 604,341
[2025-04-18 02:08:46] [INFO] [MapEditorScene] Updated hoveredTilePanes 582,289
[2025-04-18 02:08:46] [INFO] [MapEditorScene] Updated hoveredTilePanes 578,280
[2025-04-18 02:08:46] [INFO] [MapEditorScene] Updated hoveredTilePanes 572,269
[2025-04-18 02:08:46] [INFO] [MapEditorScene] Updated hoveredTilePanes 568,258
[2025-04-18 02:08:46] [INFO] [MapEditorScene] Updated hoveredTilePanes 564,247
[2025-04-18 02:08:46] [INFO] [MapEditorScene] Updated hoveredTilePanes 560,235
[2025-04-18 02:08:46] [INFO] [MapEditorScene] Updated hoveredTilePanes 513,107
[2025-04-18 02:08:46] [INFO] [MapEditorScene] Updated hoveredTilePanes 507,83
[2025-04-18 02:08:46] [INFO] [MapEditorScene] Updated hoveredTilePanes 504,74
[2025-04-18 02:08:46] [INFO] [MapEditorScene] Updated hoveredTilePanes 500,60
[2025-04-18 02:08:46] [INFO] [MapEditorScene] Updated hoveredTilePanes 499,57
[2025-04-18 02:08:46] [INFO] [MapEditorScene] Updated hoveredTilePanes 497,