[2025-03-15 23:15:35] [INFO] [AssetPool] Started initializing AssetPool
[2025-03-15 23:15:35] [INFO] [Engine] HEAP ALLOCATION INCREASED! 1.0 GB of 16.0 GB used
[2025-03-15 23:15:35] [INFO] [SpriteSheetOG] Started loading Sprite's from ./res/graphics
[2025-03-15 23:15:35] [INFO] [SpriteSheetOG] Finished reading files for sprites
[2025-03-15 23:15:35] [INFO] [Sprite] Finished loading ./res/graphics/misc/blue_reticle.png
[2025-03-15 23:15:35] [INFO] [Sprite] Finished loading ./res/graphics/misc/pink_spawn.png
[2025-03-15 23:15:35] [INFO] [Sprite] Finished loading ./res/graphics/misc/reticle.png
[2025-03-15 23:15:35] [INFO] [Sprite] Finished loading ./res/graphics/misc/yellow_spawn.png
[2025-03-15 23:15:35] [INFO] [Sprite] Finished loading ./res/graphics/misc/blue_spawn.png
[2025-03-15 23:15:35] [INFO] [Sprite] Finished loading ./res/graphics/misc/red_reticle.png
[2025-03-15 23:15:35] [INFO] [Sprite] Finished loading ./res/graphics/misc/depth_shadows.png
[2025-03-15 23:15:35] [INFO] [Sprite] Finished loading ./res/graphics/misc/yellow_reticle.png
[2025-03-15 23:15:35] [INFO] [Sprite] Finished loading ./res/graphics/misc/red_spawn.png
[2025-03-15 23:15:35] [INFO] [Sprite] Finished loading ./res/graphics/misc/directional_shadows.png
[2025-03-15 23:15:35] [INFO] [Sprite] Finished loading ./res/graphics/shadows/northwest.png
[2025-03-15 23:15:35] [INFO] [Sprite] Finished loading ./res/graphics/shadows/west.png
[2025-03-15 23:15:35] [INFO] [Sprite] Finished loading ./res/graphics/shadows/north.png
[2025-03-15 23:15:35] [INFO] [Sprite] Finished loading ./res/graphics/shadows/east.png
[2025-03-15 23:15:35] [INFO] [Sprite] Finished loading ./res/graphics/shadows/northeast.png
[2025-03-15 23:15:35] [INFO] [Sprite] Finished loading ./res/graphics/shadows/south.png
[2025-03-15 23:15:35] [INFO] [Sprite] Finished loading ./res/graphics/shadows/southwest.png
[2025-03-15 23:15:35] [INFO] [Sprite] Finished loading ./res/graphics/shadows/southeast.png
[2025-03-15 23:15:35] [INFO] [Sprite] Finished loading ./res/graphics/structures/tree3_structure.png
[2025-03-15 23:15:35] [INFO] [Sprite] Finished loading ./res/graphics/structures/tree4_structure.png
[2025-03-15 23:15:35] [INFO] [Sprite] Finished loading ./res/graphics/structures/tree1_structure.png
[2025-03-15 23:15:35] [INFO] [Sprite] Finished loading ./res/graphics/structures/tree5_structure.png
[2025-03-15 23:15:35] [INFO] [Sprite] Finished loading ./res/graphics/structures/tree2_structure.png
[2025-03-15 23:15:35] [INFO] [Sprite] Finished loading ./res/graphics/structures/tree6_structure.png
[2025-03-15 23:15:35] [INFO] [Sprite] Finished loading ./res/graphics/wall_tiles/rock_wall2.png
[2025-03-15 23:15:35] [INFO] [Sprite] Finished loading ./res/graphics/wall_tiles/sandstone_wall.png
[2025-03-15 23:15:35] [INFO] [Sprite] Finished loading ./res/graphics/wall_tiles/elden_yellow_wall.png
[2025-03-15 23:15:35] [INFO] [Sprite] Finished loading ./res/graphics/wall_tiles/vine_on_wall.png
[2025-03-15 23:15:35] [INFO] [Sprite] Finished loading ./res/graphics/wall_tiles/boulder_wall.png
[2025-03-15 23:15:35] [INFO] [Sprite] Finished loading ./res/graphics/wall_tiles/white_marble_wall.png
[2025-03-15 23:15:35] [INFO] [Sprite] Finished loading ./res/graphics/wall_tiles/elden_green_wall.png
[2025-03-15 23:15:35] [INFO] [Sprite] Finished loading ./res/graphics/wall_tiles/brown_marble_wall.png
[2025-03-15 23:15:35] [INFO] [Sprite] Finished loading ./res/graphics/wall_tiles/small_brick_wall.png
[2025-03-15 23:15:35] [INFO] [Sprite] Finished loading ./res/graphics/wall_tiles/moss_wall.png
[2025-03-15 23:15:35] [INFO] [Sprite] Finished loading ./res/graphics/wall_tiles/dirt_brick_vine_wall.png
[2025-03-15 23:15:35] [INFO] [Sprite] Finished loading ./res/graphics/wall_tiles/elden_purple_wall.png
[2025-03-15 23:15:35] [INFO] [Sprite] Finished loading ./res/graphics/wall_tiles/large_brick_wall.png
[2025-03-15 23:15:35] [INFO] [Sprite] Finished loading ./res/graphics/wall_tiles/dirt_wall.png
[2025-03-15 23:15:35] [INFO] [Sprite] Finished loading ./res/graphics/wall_tiles/alien_wall.png
[2025-03-15 23:15:35] [INFO] [Sprite] Finished loading ./res/graphics/wall_tiles/industrial_brick_wall.png
[2025-03-15 23:15:35] [INFO] [Sprite] Finished loading ./res/graphics/wall_tiles/rock_wall.png
[2025-03-15 23:15:35] [INFO] [Sprite] Finished loading ./res/graphics/wall_tiles/dirt_wall2.png
[2025-03-15 23:15:35] [INFO] [Sprite] Finished loading ./res/graphics/wall_tiles/moss_wall2.png
[2025-03-15 23:15:35] [INFO] [Sprite] Finished loading ./res/graphics/wall_tiles/moss_wall3.png
[2025-03-15 23:15:35] [INFO] [Sprite] Finished loading ./res/graphics/wall_tiles/no_wall.png
[2025-03-15 23:15:35] [INFO] [Sprite] Finished loading ./res/graphics/wall_tiles/alien_rune_wall.png
[2025-03-15 23:15:35] [INFO] [Sprite] Finished loading ./res/graphics/wall_tiles/industrial_wall.png
[2025-03-15 23:15:35] [INFO] [Sprite] Finished loading ./res/graphics/wall_tiles/small_brick_wall2.png
[2025-03-15 23:15:35] [INFO] [Sprite] Finished loading ./res/graphics/old/liquids 2.png
[2025-03-15 23:15:35] [INFO] [Sprite] Finished loading ./res/graphics/old/gems.png
[2025-03-15 23:15:35] [INFO] [Sprite] Finished loading ./res/graphics/old/floors.png
[2025-03-15 23:15:35] [INFO] [Sprite] Finished loading ./res/graphics/old/terrains.png
[2025-03-15 23:15:35] [INFO] [Sprite] Finished loading ./res/graphics/old/gemsRaw.png
[2025-03-15 23:15:35] [INFO] [Sprite] Finished loading ./res/graphics/old/walls.png
[2025-03-15 23:15:35] [INFO] [Sprite] Finished loading ./res/graphics/old/special2.png
[2025-03-15 23:15:35] [INFO] [Sprite] Finished loading ./res/graphics/old/structures.png
[2025-03-15 23:15:35] [INFO] [Sprite] Finished loading ./res/graphics/old/special.png
[2025-03-15 23:15:35] [INFO] [Sprite] Finished loading ./res/graphics/old/liquids.png
[2025-03-15 23:15:35] [INFO] [Sprite] Finished loading ./res/graphics/old/units.png
[2025-03-15 23:15:35] [INFO] [Sprite] Finished loading ./res/graphics/old/terrains2.png
[2025-03-15 23:15:35] [INFO] [Sprite] Finished loading ./res/graphics/old/floors2.png
[2025-03-15 23:15:35] [INFO] [Sprite] Finished loading ./res/graphics/floor_tiles/sand_1_floor.png
[2025-03-15 23:15:35] [INFO] [Sprite] Finished loading ./res/graphics/floor_tiles/sand_dark_floor.png
[2025-03-15 23:15:35] [INFO] [Sprite] Finished loading ./res/graphics/floor_tiles/dirty_grass_1_floor.png
[2025-03-15 23:15:35] [INFO] [Sprite] Finished loading ./res/graphics/floor_tiles/white_sand_floor.png
[2025-03-15 23:15:35] [INFO] [Sprite] Finished loading ./res/graphics/floor_tiles/white_sands_2.png
[2025-03-15 23:15:35] [INFO] [Sprite] Finished loading ./res/graphics/floor_tiles/dirty_grass_2_floor.png
[2025-03-15 23:15:35] [INFO] [Sprite] Finished loading ./res/graphics/floor_tiles/sand_3_floor.png
[2025-03-15 23:15:35] [INFO] [Sprite] Finished loading ./res/graphics/floor_tiles/obsidian_floor.png
[2025-03-15 23:15:35] [INFO] [Sprite] Finished loading ./res/graphics/floor_tiles/base_floor.png
[2025-03-15 23:15:35] [INFO] [Sprite] Finished loading ./res/graphics/floor_tiles/sand_floor.png
[2025-03-15 23:15:35] [INFO] [Sprite] Finished loading ./res/graphics/floor_tiles/dirty_grass_3_floor.png
[2025-03-15 23:15:35] [INFO] [Sprite] Finished loading ./res/graphics/floor_tiles/sand_2_floor.png
[2025-03-15 23:15:35] [INFO] [Sprite] Finished loading ./res/graphics/units/Air_Dragon.png
[2025-03-15 23:15:35] [INFO] [Sprite] Finished loading ./res/graphics/units/Dragon.png
[2025-03-15 23:15:35] [INFO] [Sprite] Finished loading ./res/graphics/units/Dark_Dragon.png
[2025-03-15 23:15:35] [INFO] [Sprite] Finished loading ./res/graphics/units/Earth_Dragon.png
[2025-03-15 23:15:35] [INFO] [Sprite] Finished loading ./res/graphics/units/Light_Dragon.png
[2025-03-15 23:15:35] [INFO] [Sprite] Finished loading ./res/graphics/units/Water_Dragon.png
[2025-03-15 23:15:35] [INFO] [Sprite] Finished loading ./res/graphics/units/Fire_Dragon.png
[2025-03-15 23:15:35] [INFO] [Sprite] Finished loading ./res/graphics/actions/StatsDown.png
[2025-03-15 23:15:35] [INFO] [Sprite] Finished loading ./res/graphics/actions/PhysicalHit4.png
[2025-03-15 23:15:35] [INFO] [Sprite] Finished loading ./res/graphics/actions/Slash.png
[2025-03-15 23:15:35] [INFO] [Sprite] Finished loading ./res/graphics/actions/Air.png
[2025-03-15 23:15:35] [INFO] [Sprite] Finished loading ./res/graphics/actions/Dark.png
[2025-03-15 23:15:35] [INFO] [Sprite] Finished loading ./res/graphics/actions/Blunt.png
[2025-03-15 23:15:35] [INFO] [Sprite] Finished loading ./res/graphics/actions/Fire.png
[2025-03-15 23:15:35] [INFO] [Sprite] Finished loading ./res/graphics/actions/Earth.png
[2025-03-15 23:15:35] [INFO] [Sprite] Finished loading ./res/graphics/actions/Light.png
[2025-03-15 23:15:35] [INFO] [Sprite] Finished loading ./res/graphics/actions/StatsUp.png
[2025-03-15 23:15:35] [INFO] [Sprite] Finished loading ./res/graphics/actions/Water.png
[2025-03-15 23:15:35] [INFO] [Sprite] Finished loading ./res/graphics/actions/Pierce.png
[2025-03-15 23:15:35] [INFO] [Sprite] Finished loading ./res/graphics/spells/LightSpell.png
[2025-03-15 23:15:35] [INFO] [Sprite] Finished loading ./res/graphics/spells/StatsDown.png
[2025-03-15 23:15:35] [INFO] [Sprite] Finished loading ./res/graphics/spells/WindSpell.png
[2025-03-15 23:15:35] [INFO] [Sprite] Finished loading ./res/graphics/spells/WaterSpell.png
[2025-03-15 23:15:35] [INFO] [Sprite] Finished loading ./res/graphics/spells/PhysicalHit4.png
[2025-03-15 23:15:35] [INFO] [Sprite] Finished loading ./res/graphics/spells/PhysicalHit1.png
[2025-03-15 23:15:35] [INFO] [Sprite] Finished loading ./res/graphics/spells/LightningSpell.png
[2025-03-15 23:15:35] [INFO] [Sprite] Finished loading ./res/graphics/spells/PhysicalHit3.png
[2025-03-15 23:15:35] [INFO] [Sprite] Finished loading ./res/graphics/spells/PhysicalHit2.png
[2025-03-15 23:15:35] [INFO] [Sprite] Finished loading ./res/graphics/spells/FireSpell.png
[2025-03-15 23:15:35] [INFO] [Sprite] Finished loading ./res/graphics/spells/DarkSpell.png
[2025-03-15 23:15:35] [INFO] [Sprite] Finished loading ./res/graphics/spells/StatsUp.png
[2025-03-15 23:15:35] [INFO] [Sprite] Finished loading ./res/graphics/spells/EarthSpell.png
[2025-03-15 23:15:35] [INFO] [Sprite] Finished loading ./res/graphics/liquids/greater_leafage_liquid.png
[2025-03-15 23:15:35] [INFO] [Sprite] Finished loading ./res/graphics/liquids/waterV4_liquid.png
[2025-03-15 23:15:35] [INFO] [Sprite] Finished loading ./res/graphics/liquids/shallow_swamp.png
[2025-03-15 23:15:35] [INFO] [Sprite] Finished loading ./res/graphics/liquids/water5.png
[2025-03-15 23:15:35] [INFO] [Sprite] Finished loading ./res/graphics/liquids/swamp_2.png
[2025-03-15 23:15:35] [INFO] [Sprite] Finished loading ./res/graphics/liquids/Lava_liquid.png
[2025-03-15 23:15:35] [INFO] [Sprite] Finished loading ./res/graphics/liquids/swamp2.png
[2025-03-15 23:15:35] [INFO] [Sprite] Finished loading ./res/graphics/liquids/waterV33_liquid.png
[2025-03-15 23:15:35] [INFO] [Sprite] Finished loading ./res/graphics/liquids/shallow_water_liquid.png
[2025-03-15 23:15:35] [INFO] [Sprite] Finished loading ./res/graphics/liquids/water_liquid.png
[2025-03-15 23:15:35] [INFO] [Sprite] Finished loading ./res/graphics/liquids/waterV2_liquid.png
[2025-03-15 23:15:35] [INFO] [Sprite] Finished loading ./res/graphics/liquids/swamp2_liquid.png
[2025-03-15 23:15:35] [INFO] [SpriteSheetOG] Finished loading ./res/graphics
[2025-03-15 23:15:35] [INFO] [AssetPool] Finished initializing AssetPool
[2025-03-15 23:15:35] [INFO] [FontPoolV1] Started initializing FontPoolV1
[2025-03-15 23:15:35] [INFO] [FontPoolV1] Finished initializing FontPoolV1
[2025-03-15 23:15:35] [INFO] [UnitDatabase] Started initializing UnitDatabase
[2025-03-15 23:15:35] [INFO] [UnitDatabase] Successfully initialized UnitDatabase
[2025-03-15 23:15:35] [INFO] [UnitDatabase] Finished initializing UnitDatabase
[2025-03-15 23:15:35] [INFO] [JsonDatabase] Started initializing JsonDatabase
[2025-03-15 23:15:35] [INFO] [JsonTable] Started initializing JsonTable
[2025-03-15 23:15:35] [INFO] [JsonTable] Successfully initialized JsonTable
[2025-03-15 23:15:35] [INFO] [JsonTable] Finished initializing JsonTable
[2025-03-15 23:15:35] [INFO] [JsonTable] Started initializing JsonTable
[2025-03-15 23:15:35] [INFO] [JsonTable] Successfully initialized JsonTable
[2025-03-15 23:15:35] [INFO] [JsonTable] Finished initializing JsonTable
[2025-03-15 23:15:35] [INFO] [JsonTable] Started initializing JsonTable
[2025-03-15 23:15:35] [INFO] [JsonTable] Successfully initialized JsonTable
[2025-03-15 23:15:35] [INFO] [JsonTable] Finished initializing JsonTable
[2025-03-15 23:15:35] [INFO] [JsonDatabase] Successfully initialized JsonDatabase
[2025-03-15 23:15:35] [INFO] [JsonDatabase] Finished initializing JsonDatabase
[2025-03-15 23:15:35] [INFO] [Component] Setting fd0ff467-6e93-4842-9f86-7233777b5fe3 on to d72faccb-568b-4799-aa2c-e91253fd762a.
[2025-03-15 23:15:35] [INFO] [SpeedQueue] Added unit enemy:Wywyne into queue
[2025-03-15 23:15:35] [INFO] [Component] Setting b0826cf2-946f-49df-9428-1b55bd190f29 on to 7a3ffb9e-9033-4394-b6c9-505823af8d78.
[2025-03-15 23:15:35] [INFO] [SpeedQueue] Added unit enemy:Zyciy into queue
[2025-03-15 23:15:35] [INFO] [Component] Setting dc1e46bc-cabe-469c-9e6f-6f8b442ce38c on to 594ac8c2-394d-4e7d-8a81-aea6a8bf71c6.
[2025-03-15 23:15:35] [INFO] [SpeedQueue] Added unit enemy:Cesqi into queue
[2025-03-15 23:15:35] [INFO] [Component] Setting e56456a9-7af9-4d89-ac8f-1b756715ddd1 on to 4103e2de-04c6-4689-8339-92f437f545cd.
[2025-03-15 23:15:35] [INFO] [SpeedQueue] Added unit enemy:Hieyie into queue
[2025-03-15 23:15:35] [INFO] [Component] Setting ca5bcf25-9497-425f-bc4f-b0aa5b1fceef on to f8b5d4ee-dbcb-417a-9453-57acc3c85cf2.
[2025-03-15 23:15:35] [INFO] [SpeedQueue] Added unit user:Vokay into queue
[2025-03-15 23:15:35] [INFO] [Component] Setting 8d9c6bb5-7a30-47e7-bf41-93365f422443 on to 43a1f152-66d8-4001-9228-a4edc903ab85.
[2025-03-15 23:15:35] [INFO] [SpeedQueue] Added unit user:Vooa into queue
[2025-03-15 23:15:35] [INFO] [Component] Setting 4958e4d6-4f3c-4ffc-af11-349f80bac716 on to 2d7cc96f-bc3b-4cef-bdd5-129e478d51bd.
[2025-03-15 23:15:35] [INFO] [SpeedQueue] Added unit user:Hatba into queue
[2025-03-15 23:15:35] [INFO] [FontPool] Started initializing FontPool
[2025-03-15 23:15:35] [INFO] [FontPool] ✅ Successfully loaded font: Lilian
[2025-03-15 23:15:36] [INFO] [SpeedQueue] Speed queue updated.
[2025-03-15 23:15:36] [INFO] [VisualsSystem] Started creating blurred background
[2025-03-15 23:15:36] [INFO] [TimeLinePanel] Started updating the timeline panel after turn order has changed.
[2025-03-15 23:15:36] [INFO] [TimeLinePanel] Finished updating the timeline panel after turn order has changed.
[2025-03-15 23:15:36] [INFO] [SelectedTilePanel] Checksum updated, getting units at selected tiles.
[2025-03-15 23:15:36] [INFO] [SelectedTilePanel] Either no unit selected or more than one unit selected
[2025-03-15 23:15:36] [INFO] [LesserStatisticsInformationPanel] Checksum has been updated, querying statistics for unit ca5bcf25-9497-425f-bc4f-b0aa5b1fceef
[2025-03-15 23:15:37] [INFO] [VisualsSystem] Finished creating blurred background after 0.49872276186943054 seconds
[2025-03-15 23:15:39] [INFO] [InputHandler] Gliding secondary.camera camera to new tile f8b5d4ee-dbcb-417a-9453-57acc3c85cf2
[2025-03-15 23:15:39] [INFO] [InputHandler] Gliding main.camera camera to new tile f8b5d4ee-dbcb-417a-9453-57acc3c85cf2
[2025-03-15 23:15:39] [INFO] [SelectedTilePanel] Checksum updated, getting units at selected tiles.
[2025-03-15 23:15:39] [INFO] [SelectedTilePanel] Updated selected tile display to view Vokay
[2025-03-15 23:15:39] [INFO] [LesserStatisticsInformationPanel] Finished updating Greater UI
[2025-03-15 23:15:41] [INFO] [MovementSystem] Vokay is planning to move from [1, 0] to [4, 4]
[2025-03-15 23:15:41] [INFO] [MovementSystem] Updated movement area for Vokay
[2025-03-15 23:15:41] [INFO] [MovementSystem] Updated movement path for Vokay
[2025-03-15 23:15:41] [INFO] [MovementSystem] Vokay is planning to move from [1, 0] to [4, 5]
[2025-03-15 23:15:41] [INFO] [MovementSystem] Updated movement path for Vokay
[2025-03-15 23:15:42] [INFO] [MovementSystem] Vokay is planning to move from [1, 0] to [4, 4]
[2025-03-15 23:15:42] [INFO] [MovementSystem] Updated movement path for Vokay
[2025-03-15 23:15:42] [INFO] [MovementSystem] Vokay is planning to move from [1, 0] to [3, 3]
[2025-03-15 23:15:42] [INFO] [MovementSystem] Updated movement path for Vokay
[2025-03-15 23:15:42] [INFO] [MovementSystem] Vokay is planning to move from [1, 0] to [3, 2]
[2025-03-15 23:15:42] [INFO] [MovementSystem] Updated movement path for Vokay
[2025-03-15 23:15:42] [INFO] [MovementSystem] Vokay is planning to move from [1, 0] to [2, 2]
[2025-03-15 23:15:42] [INFO] [MovementSystem] Updated movement path for Vokay
[2025-03-15 23:15:42] [INFO] [MovementSystem] Vokay is planning to move from [1, 0] to [2, 1]
[2025-03-15 23:15:42] [INFO] [MovementSystem] Updated movement path for Vokay
[2025-03-15 23:15:44] [INFO] [Component] Setting ca5bcf25-9497-425f-bc4f-b0aa5b1fceef on to e423a7f7-611b-4902-af27-91e4570c9c95.
[2025-03-15 23:15:44] [INFO] [MovementSystem] Moved from [1, 0] to [2, 1]
[2025-03-15 23:15:44] [INFO] [SelectedTilePanel] Checksum updated, getting units at selected tiles.
[2025-03-15 23:15:44] [INFO] [SelectedTilePanel] Updated selected tile display to view Vokay
[2025-03-15 23:15:44] [INFO] [LesserStatisticsInformationPanel] Finished updating Greater UI
[2025-03-15 23:16:03] [INFO] [InputHandler] Gliding secondary.camera camera to new tile e423a7f7-611b-4902-af27-91e4570c9c95
[2025-03-15 23:16:11] [INFO] [AbilitySelectionPanel] Selecting energy_beam
[2025-03-15 23:16:11] [INFO] [AbilityDatabase] Started initializing AbilityDatabase
[2025-03-15 23:16:11] [INFO] [AbilityDatabase] Successfully initialized AbilityDatabase
[2025-03-15 23:16:11] [INFO] [AbilityDatabase] Finished initializing AbilityDatabase
[2025-03-15 23:16:11] [INFO] [AbilitySystem] Vokay is planning to use energy_beam on [4, 5]
[2025-03-15 23:16:11] [INFO] [AbilitySystem] Updated area of sight for Vokay, viewing 12 tiles
[2025-03-15 23:16:11] [INFO] [AbilitySystem] Updated line of sight for Vokay, viewing 7 tiles
[2025-03-15 23:16:11] [INFO] [AbilitySystem] Updated area of effect for Vokay viewing 1 tiles
[2025-03-15 23:16:11] [INFO] [AbilitySystem] Vokay is planning to use energy_beam on [5, 4]
[2025-03-15 23:16:11] [INFO] [AbilitySystem] Updated line of sight for Vokay, viewing 7 tiles
[2025-03-15 23:16:11] [INFO] [AbilitySystem] Updated area of effect for Vokay viewing 1 tiles
[2025-03-15 23:16:11] [INFO] [AbilitySystem] Vokay is planning to use energy_beam on [4, 3]
[2025-03-15 23:16:11] [INFO] [AbilitySystem] Updated line of sight for Vokay, viewing 5 tiles
[2025-03-15 23:16:11] [INFO] [AbilitySystem] Updated area of effect for Vokay viewing 1 tiles
[2025-03-15 23:16:11] [INFO] [AbilitySystem] Vokay is planning to use energy_beam on [4, 2]
[2025-03-15 23:16:11] [INFO] [AbilitySystem] Updated line of sight for Vokay, viewing 3 tiles
[2025-03-15 23:16:11] [INFO] [AbilitySystem] Updated area of effect for Vokay viewing 1 tiles
[2025-03-15 23:16:11] [INFO] [AbilitySystem] Vokay is planning to use energy_beam on [4, 1]
[2025-03-15 23:16:11] [INFO] [AbilitySystem] Updated line of sight for Vokay, viewing 3 tiles
[2025-03-15 23:16:11] [INFO] [AbilitySystem] Updated area of effect for Vokay viewing 1 tiles
[2025-03-15 23:16:13] [INFO] [AbilitySystem] Used from energy_beam on [4, 1]
[2025-03-15 23:16:15] [INFO] [TimeLinePanel] Started updating the timeline panel after turn order has changed.
[2025-03-15 23:16:15] [INFO] [TimeLinePanel] Finished updating the timeline panel after turn order has changed.
[2025-03-15 23:16:17] [INFO] [MovementSystem] Hieyie is planning to move from [6, 8] to [5, 9]
[2025-03-15 23:16:17] [INFO] [MovementSystem] Updated movement area for Hieyie
[2025-03-15 23:16:17] [INFO] [MovementSystem] Updated movement path for Hieyie
[2025-03-15 23:16:17] [INFO] [Component] Setting e56456a9-7af9-4d89-ac8f-1b756715ddd1 on to 21f5d8c2-85be-4b8c-ac72-38e2553e90ce.
[2025-03-15 23:16:17] [INFO] [MovementSystem] Moved from [6, 8] to [5, 9]
[2025-03-15 23:16:17] [INFO] [SelectedTilePanel] Checksum updated, getting units at selected tiles.
[2025-03-15 23:16:17] [INFO] [SelectedTilePanel] Updated selected tile display to view Zyciy
[2025-03-15 23:16:17] [INFO] [LesserStatisticsInformationPanel] Finished updating Greater UI
[2025-03-15 23:16:19] [INFO] [TimeLinePanel] Started updating the timeline panel after turn order has changed.
[2025-03-15 23:16:19] [INFO] [TimeLinePanel] Finished updating the timeline panel after turn order has changed.
[2025-03-15 23:16:19] [INFO] [SelectedTilePanel] Checksum updated, getting units at selected tiles.
[2025-03-15 23:16:19] [INFO] [SelectedTilePanel] Updated selected tile display to view Vokay
[2025-03-15 23:16:19] [INFO] [LesserStatisticsInformationPanel] Finished updating Greater UI
[2025-03-15 23:16:22] [INFO] [SelectedTilePanel] Checksum updated, getting units at selected tiles.
[2025-03-15 23:16:22] [INFO] [SelectedTilePanel] Updated selected tile display to view Zyciy
[2025-03-15 23:16:22] [INFO] [LesserStatisticsInformationPanel] Finished updating Greater UI
