[2025-04-16 21:29:01] [INFO] [UnitTable] Started initializing UnitTable
[2025-04-16 21:29:01] [INFO] [EmeritusDatabase] Started initializing EmeritusDatabase
[2025-04-16 21:29:01] [INFO] [EmeritusDatabase] Finished initializing EmeritusDatabase
[2025-04-16 21:29:01] [INFO] [UnitTable] Successfully initialized UnitTable
[2025-04-16 21:29:01] [INFO] [UnitTable] Finished initializing UnitTable
[2025-04-16 21:29:01] [INFO] [AbilityTable] Started initializing AbilityTable
[2025-04-16 21:29:01] [INFO] [AbilityTable] Finished initializing AbilityTable
[2025-04-16 21:29:01] [INFO] [UserSaveStateManager] Started loading user save data
[2025-04-16 21:29:01] [INFO] [UserSaveStateManager] Finished loading user save data
[2025-04-16 21:29:01] [INFO] [AssetPool] Started initializing AssetPool
[2025-04-16 21:29:01] [INFO] [AssetNameSpace] Started loading Sprite's from ./res/graphics
[2025-04-16 21:29:01] [INFO] [AssetNameSpace] Finished reading files for sprites
[2025-04-16 21:29:01] [INFO] [AssetNameSpace] Finished loading ./res/graphics
[2025-04-16 21:29:01] [INFO] [AssetPool] Finished initializing AssetPool
[2025-04-16 21:29:01] [INFO] [Component] Setting light_dragon_Wycaz_4512c952-fbda-4f2a-9ae8-a6a2cbdc77b9 on to {"spawn_region":[],"collider":"","unit":"light_dragon_Wycaz_4512c952-fbda-4f2a-9ae8-a6a2cbdc77b9","column":0,"row":6,"structure":"","height":0}.
[2025-04-16 21:29:01] [INFO] [SpeedQueue] Added unit enemy:Wycaz into queue
[2025-04-16 21:29:01] [INFO] [Component] Setting dark_dragon_Zoui_85e178c5-d1e9-4044-98ec-c6080b7ec630 on to {"spawn_region":[],"collider":"","unit":"dark_dragon_Zoui_85e178c5-d1e9-4044-98ec-c6080b7ec630","column":3,"row":5,"structure":"","height":0}.
[2025-04-16 21:29:01] [INFO] [SpeedQueue] Added unit enemy:Zoui into queue
[2025-04-16 21:29:01] [INFO] [Component] Setting dark_dragon_Tyzpoo_6873c207-80db-42ff-a54f-3ea2203714fc on to {"spawn_region":[],"collider":"","unit":"dark_dragon_Tyzpoo_6873c207-80db-42ff-a54f-3ea2203714fc","column":0,"row":3,"structure":"","height":0}.
[2025-04-16 21:29:01] [INFO] [SpeedQueue] Added unit enemy:Tyzpoo into queue
[2025-04-16 21:29:01] [INFO] [Component] Setting fire_dragon_Bujyea_fc7fdda1-7b39-44ba-a035-b54efc9dfb1e on to {"spawn_region":[],"collider":"","unit":"fire_dragon_Bujyea_fc7fdda1-7b39-44ba-a035-b54efc9dfb1e","column":7,"row":7,"structure":"","height":0}.
[2025-04-16 21:29:01] [INFO] [SpeedQueue] Added unit enemy:Bujyea into queue
[2025-04-16 21:29:01] [INFO] [Component] Setting dark_dragon_Disol_821ff12b-0d2b-4611-864e-ea22d7861d64 on to {"spawn_region":[],"collider":"","unit":"dark_dragon_Disol_821ff12b-0d2b-4611-864e-ea22d7861d64","column":2,"row":4,"structure":"","height":0}.
[2025-04-16 21:29:01] [INFO] [SpeedQueue] Added unit user:Disol into queue
[2025-04-16 21:29:01] [INFO] [Component] Setting earth_dragon_Qejzv_6f40e4ef-ce0b-40fe-b0cf-6011f71d5499 on to {"spawn_region":[],"collider":"","unit":"earth_dragon_Qejzv_6f40e4ef-ce0b-40fe-b0cf-6011f71d5499","column":3,"row":1,"structure":"","height":0}.
[2025-04-16 21:29:01] [INFO] [SpeedQueue] Added unit user:Qejzv into queue
[2025-04-16 21:29:01] [INFO] [EngineController] Started setting scene to MENU_SCENE
[2025-04-16 21:29:01] [INFO] [EngineController] Finished setting scene to MENU_SCENE
[2025-04-16 21:29:01] [INFO] [EngineController] Started setting scene to MAP_EDITOR_SCENE
[2025-04-16 21:29:01] [INFO] [FontPool] Started initializing FontPool
[2025-04-16 21:29:01] [INFO] [FontPool] ✅ Successfully loaded font: Lilian
[2025-04-16 21:29:01] [INFO] [MapEditorScene] Starting to create new GameController!
[2025-04-16 21:29:01] [INFO] [MapEditorScene] Successfully created new GameController!
[2025-04-16 21:29:02] [INFO] [EngineController] Finished setting scene to MAP_EDITOR_SCENE
[2025-04-16 21:29:02] [INFO] [InputHandler] Gliding 0 camera to new tile 10_12_c102ceb5-1f1d-4d77-81ce-737306cd8002
[2025-04-16 21:29:02] [INFO] [TimeLinePanel] Started updating the timeline panel after turn order has changed.
[2025-04-16 21:29:02] [INFO] [TimeLinePanel] Finished updating the timeline panel after turn order has changed.
[2025-04-16 21:29:02] [INFO] [SelectedTilePanel] Checksum updated, getting units at selected tiles.
[2025-04-16 21:29:02] [INFO] [SelectedTilePanel] Either no unit selected or more than one unit selected
[2025-04-16 21:29:02] [INFO] [VisualsSystem] Started creating blurred background
[2025-04-16 21:29:02] [INFO] [VisualsSystem] Finished creating blurred background after 0.5027726888656616 seconds
[2025-04-16 21:29:03] [INFO] [MapEditorScene] Updated hoveredTilePanes 1007,137
[2025-04-16 21:29:03] [INFO] [MapEditorScene] Updated hoveredTilePanes 987,151
[2025-04-16 21:29:03] [INFO] [MapEditorScene] Updated hoveredTilePanes 950,178
[2025-04-16 21:29:03] [INFO] [MapEditorScene] Updated hoveredTilePanes 935,188
[2025-04-16 21:29:03] [INFO] [MapEditorScene] Updated hoveredTilePanes 922,198
[2025-04-16 21:29:03] [INFO] [MapEditorScene] Updated hoveredTilePanes 918,202
[2025-04-16 21:29:03] [INFO] [MapEditorScene] Updated hoveredTilePanes 908,209
[2025-04-16 21:29:03] [INFO] [MapEditorScene] Updated hoveredTilePanes 901,214
[2025-04-16 21:29:03] [INFO] [MapEditorScene] Updated hoveredTilePanes 895,219
[2025-04-16 21:29:03] [INFO] [MapEditorScene] Updated hoveredTilePanes 890,221
[2025-04-16 21:29:03] [INFO] [MapEditorScene] Updated hoveredTilePanes 886,224
[2025-04-16 21:29:03] [INFO] [MapEditorScene] Updated hoveredTilePanes 883,226
[2025-04-16 21:29:03] [INFO] [MapEditorScene] Updated hoveredTilePanes 879,229
[2025-04-16 21:29:03] [INFO] [MapEditorScene] Updated hoveredTilePanes 877,230
[2025-04-16 21:29:03] [INFO] [MapEditorScene] Updated hoveredTilePanes 875,231
[2025-04-16 21:29:03] [INFO] [MapEditorScene] Updated hoveredTilePanes 874,232
[2025-04-16 21:29:03] [INFO] [MapEditorScene] Updated hoveredTilePanes 873,233
[2025-04-16 21:29:03] [INFO] [MapEditorScene] Updated hoveredTilePanes 872,234
[2025-04-16 21:29:03] [INFO] [MapEditorScene] Updated hoveredTilePanes 871,235
[2025-04-16 21:29:03] [INFO] [MapEditorScene] Updated hoveredTilePanes 870,236
[2025-04-16 21:29:03] [INFO] [MapEditorScene] Updated hoveredTilePanes 868,236
[2025-04-16 21:29:03] [INFO] [MapEditorScene] Updated hoveredTilePanes 866,237
[2025-04-16 21:29:03] [INFO] [MapEditorScene] Updated hoveredTilePanes 864,238
[2025-04-16 21:29:03] [INFO] [MapEditorScene] Updated hoveredTilePanes 862,239
[2025-04-16 21:29:03] [INFO] [MapEditorScene] Updated hoveredTilePanes 859,241
[2025-04-16 21:29:03] [INFO] [MapEditorScene] Updated hoveredTilePanes 854,242
[2025-04-16 21:29:03] [INFO] [MapEditorScene] Updated hoveredTilePanes 848,246
[2025-04-16 21:29:03] [INFO] [MapEditorScene] Updated hoveredTilePanes 845,247
[2025-04-16 21:29:03] [INFO] [MapEditorScene] Updated hoveredTilePanes 835,253
[2025-04-16 21:29:03] [INFO] [MapEditorScene] Updated hoveredTilePanes 830,256
[2025-04-16 21:29:03] [INFO] [MapEditorScene] Updated hoveredTilePanes 823,259
[2025-04-16 21:29:03] [INFO] [MapEditorScene] Updated hoveredTilePanes 820,261
[2025-04-16 21:29:03] [INFO] [MapEditorScene] Updated hoveredTilePanes 808,268
[2025-04-16 21:29:03] [INFO] [MapEditorScene] Updated hoveredTilePanes 806,270
[2025-04-16 21:29:03] [INFO] [MapEditorScene] Updated hoveredTilePanes 798,275
[2025-04-16 21:29:03] [INFO] [MapEditorScene] Updated hoveredTilePanes 788,282
[2025-04-16 21:29:03] [INFO] [MapEditorScene] Updated hoveredTilePanes 785,285
[2025-04-16 21:29:03] [INFO] [MapEditorScene] Updated hoveredTilePanes 779,289
[2025-04-16 21:29:03] [INFO] [MapEditorScene] Updated hoveredTilePanes 775,293
[2025-04-16 21:29:03] [INFO] [MapEditorScene] Updated hoveredTilePanes 770,296
[2025-04-16 21:29:03] [INFO] [MapEditorScene] Updated hoveredTilePanes 767,300
[2025-04-16 21:29:03] [INFO] [MapEditorScene] Updated hoveredTilePanes 763,302
[2025-04-16 21:29:03] [INFO] [MapEditorScene] Updated hoveredTilePanes 760,304
[2025-04-16 21:29:03] [INFO] [MapEditorScene] Updated hoveredTilePanes 757,307
[2025-04-16 21:29:03] [INFO] [MapEditorScene] Updated hoveredTilePanes 754,308
[2025-04-16 21:29:03] [INFO] [MapEditorScene] Updated hoveredTilePanes 750,311
[2025-04-16 21:29:03] [INFO] [MapEditorScene] Updated hoveredTilePanes 748,312
[2025-04-16 21:29:03] [INFO] [MapEditorScene] Updated hoveredTilePanes 745,314
[2025-04-16 21:29:03] [INFO] [MapEditorScene] Updated hoveredTilePanes 741,316
[2025-04-16 21:29:03] [INFO] [MapEditorScene] Updated hoveredTilePanes 738,317
[2025-04-16 21:29:03] [INFO] [MapEditorScene] Updated hoveredTilePanes 735,319
[2025-04-16 21:29:03] [INFO] [MapEditorScene] Updated hoveredTilePanes 731,322
[2025-04-16 21:29:03] [INFO] [MapEditorScene] Updated hoveredTilePanes 726,324
[2025-04-16 21:29:03] [INFO] [MapEditorScene] Updated hoveredTilePanes 722,327
[2025-04-16 21:29:03] [INFO] [MapEditorScene] Updated hoveredTilePanes 718,329
[2025-04-16 21:29:03] [INFO] [MapEditorScene] Updated hoveredTilePanes 708,335
[2025-04-16 21:29:03] [INFO] [MapEditorScene] Updated hoveredTilePanes 706,336
[2025-04-16 21:29:03] [INFO] [MapEditorScene] Updated hoveredTilePanes 696,343
[2025-04-16 21:29:03] [INFO] [MapEditorScene] Updated hoveredTilePanes 690,347
[2025-04-16 21:29:03] [INFO] [MapEditorScene] Updated hoveredTilePanes 682,352
[2025-04-16 21:29:03] [INFO] [MapEditorScene] Updated hoveredTilePanes 675,357
[2025-04-16 21:29:03] [INFO] [MapEditorScene] Updated hoveredTilePanes 665,364
[2025-04-16 21:29:03] [INFO] [MapEditorScene] Updated hoveredTilePanes 655,369
[2025-04-16 21:29:03] [INFO] [MapEditorScene] Updated hoveredTilePanes 645,376
[2025-04-16 21:29:03] [INFO] [MapEditorScene] Updated hoveredTilePanes 638,381
[2025-04-16 21:29:03] [INFO] [MapEditorScene] Updated hoveredTilePanes 633,384
[2025-04-16 21:29:03] [INFO] [MapEditorScene] Updated hoveredTilePanes 625,389
[2025-04-16 21:29:03] [INFO] [MapEditorScene] Updated hoveredTilePanes 618,394
[2025-04-16 21:29:03] [INFO] [MapEditorScene] Updated hoveredTilePanes 612,398
[2025-04-16 21:29:03] [INFO] [MapEditorScene] Updated hoveredTilePanes 605,403
[2025-04-16 21:29:03] [INFO] [MapEditorScene] Updated hoveredTilePanes 600,406
[2025-04-16 21:29:03] [INFO] [MapEditorScene] Updated hoveredTilePanes 595,411
[2025-04-16 21:29:03] [INFO] [MapEditorScene] Updated hoveredTilePanes 591,414
[2025-04-16 21:29:03] [INFO] [MapEditorScene] Updated hoveredTilePanes 586,416
[2025-04-16 21:29:03] [INFO] [MapEditorScene] Updated hoveredTilePanes 581,419
[2025-04-16 21:29:03] [INFO] [MapEditorScene] Updated hoveredTilePanes 576,424
[2025-04-16 21:29:03] [INFO] [MapEditorScene] Updated hoveredTilePanes 572,427
[2025-04-16 21:29:03] [INFO] [MapEditorScene] Updated hoveredTilePanes 566,431
[2025-04-16 21:29:03] [INFO] [MapEditorScene] Updated hoveredTilePanes 561,434
[2025-04-16 21:29:03] [INFO] [MapEditorScene] Updated hoveredTilePanes 556,438
[2025-04-16 21:29:03] [INFO] [MapEditorScene] Updated hoveredTilePanes 552,441
[2025-04-16 21:29:03] [INFO] [MapEditorScene] Updated hoveredTilePanes 548,445
[2025-04-16 21:29:03] [INFO] [MapEditorScene] Updated hoveredTilePanes 543,448
[2025-04-16 21:29:03] [INFO] [MapEditorScene] Updated hoveredTilePanes 541,450
[2025-04-16 21:29:03] [INFO] [MapEditorScene] Updated hoveredTilePanes 538,452
[2025-04-16 21:29:03] [INFO] [MapEditorScene] Updated hoveredTilePanes 535,454
[2025-04-16 21:29:03] [INFO] [MapEditorScene] Updated hoveredTilePanes 534,455
[2025-04-16 21:29:03] [INFO] [MapEditorScene] Updated hoveredTilePanes 533,456
[2025-04-16 21:29:03] [INFO] [MapEditorScene] Updated hoveredTilePanes 532,456
[2025-04-16 21:29:03] [INFO] [MapEditorScene] Updated hoveredTilePanes 532,457
[2025-04-16 21:29:03] [INFO] [MapEditorScene] Updated hoveredTilePanes 531,457
[2025-04-16 21:29:03] [INFO] [MapEditorScene] Updated hoveredTilePanes 531,458
[2025-04-16 21:29:04] [INFO] [MapEditorScene] Updated hoveredTilePanes 531,457
[2025-04-16 21:29:04] [INFO] [MapEditorScene] Updated hoveredTilePanes 530,455
[2025-04-16 21:29:04] [INFO] [MapEditorScene] Updated hoveredTilePanes 528,451
[2025-04-16 21:29:04] [INFO] [MapEditorScene] Updated hoveredTilePanes 527,446
[2025-04-16 21:29:04] [INFO] [MapEditorScene] Updated hoveredTilePanes 525,443
[2025-04-16 21:29:04] [INFO] [MapEditorScene] Updated hoveredTilePanes 523,434
[2025-04-16 21:29:04] [INFO] [MapEditorScene] Updated hoveredTilePanes 520,427
[2025-04-16 21:29:04] [INFO] [MapEditorScene] Updated hoveredTilePanes 518,418
[2025-04-16 21:29:04] [INFO] [MapEditorScene] Updated hoveredTilePanes 516,415
[2025-04-16 21:29:04] [INFO] [MapEditorScene] Updated hoveredTilePanes 513,401
[2025-04-16 21:29:04] [INFO] [MapEditorScene] Updated hoveredTilePanes 510,393
[2025-04-16 21:29:04] [INFO] [MapEditorScene] Updated hoveredTilePanes 507,384
[2025-04-16 21:29:04] [INFO] [MapEditorScene] Updated hoveredTilePanes 505,375
[2025-04-16 21:29:04] [INFO] [MapEditorScene] Updated hoveredTilePanes 499,364
[2025-04-16 21:29:04] [INFO] [MapEditorScene] Updated hoveredTilePanes 495,355
[2025-04-16 21:29:04] [INFO] [MapEditorScene] Updated hoveredTilePanes 487,340
[2025-04-16 21:29:04] [INFO] [MapEditorScene] Updated hoveredTilePanes 481,330
[2025-04-16 21:29:04] [INFO] [MapEditorScene] Updated hoveredTilePanes 473,316
[2025-04-16 21:29:04] [INFO] [MapEditorScene] Updated hoveredTilePanes 466,304
[2025-04-16 21:29:04] [INFO] [MapEditorScene] Updated hoveredTilePanes 456,293
[2025-04-16 21:29:04] [INFO] [MapEditorScene] Updated hoveredTilePanes 449,281
[2025-04-16 21:29:04] [INFO] [MapEditorScene] Updated hoveredTilePanes 441,268
[2025-04-16 21:29:04] [INFO] [MapEditorScene] Updated hoveredTilePanes 432,257
[2025-04-16 21:29:04] [INFO] [MapEditorScene] Updated hoveredTilePanes 425,248
[2025-04-16 21:29:04] [INFO] [MapEditorScene] Updated hoveredTilePanes 420,240
[2025-04-16 21:29:04] [INFO] [MapEditorScene] Updated hoveredTilePanes 417,235
[2025-04-16 21:29:04] [INFO] [MapEditorScene] Updated hoveredTilePanes 412,228
[2025-04-16 21:29:04] [INFO] [MapEditorScene] Updated hoveredTilePanes 407,220
[2025-04-16 21:29:04] [INFO] [MapEditorScene] Updated hoveredTilePanes 402,215
[2025-04-16 21:29:04] [INFO] [MapEditorScene] Updated hoveredTilePanes 399,208
[2025-04-16 21:29:04] [INFO] [MapEditorScene] Updated hoveredTilePanes 395,203
[2025-04-16 21:29:04] [INFO] [MapEditorScene] Updated hoveredTilePanes 391,199
[2025-04-16 21:29:04] [INFO] [MapEditorScene] Updated hoveredTilePanes 388,195
[2025-04-16 21:29:04] [INFO] [MapEditorScene] Updated hoveredTilePanes 384,191
[2025-04-16 21:29:04] [INFO] [MapEditorScene] Updated hoveredTilePanes 380,188
[2025-04-16 21:29:04] [INFO] [MapEditorScene] Updated hoveredTilePanes 377,185
[2025-04-16 21:29:04] [INFO] [MapEditorScene] Updated hoveredTilePanes 374,182
[2025-04-16 21:29:04] [INFO] [MapEditorScene] Updated hoveredTilePanes 371,181
[2025-04-16 21:29:04] [INFO] [MapEditorScene] Updated hoveredTilePanes 368,178
[2025-04-16 21:29:04] [INFO] [MapEditorScene] Updated hoveredTilePanes 366,177
[2025-04-16 21:29:04] [INFO] [MapEditorScene] Updated hoveredTilePanes 364,175
[2025-04-16 21:29:04] [INFO] [MapEditorScene] Updated hoveredTilePanes 363,174
[2025-04-16 21:29:04] [INFO] [MapEditorScene] Updated hoveredTilePanes 361,173
[2025-04-16 21:29:04] [INFO] [MapEditorScene] Updated hoveredTilePanes 360,171
[2025-04-16 21:29:04] [INFO] [MapEditorScene] Updated hoveredTilePanes 359,170
[2025-04-16 21:29:04] [INFO] [MapEditorScene] Updated hoveredTilePanes 358,169
[2025-04-16 21:29:04] [INFO] [MapEditorScene] Updated hoveredTilePanes 358,168
[2025-04-16 21:29:04] [INFO] [MapEditorScene] Updated hoveredTilePanes 357,167
[2025-04-16 21:29:04] [INFO] [MapEditorScene] Updated hoveredTilePanes 357,166
[2025-04-16 21:29:04] [INFO] [MapEditorScene] Updated hoveredTilePanes 357,165
[2025-04-16 21:29:04] [INFO] [MapEditorScene] Updated hoveredTilePanes 359,165
[2025-04-16 21:29:04] [INFO] [MapEditorScene] Updated hoveredTilePanes 361,165
[2025-04-16 21:29:04] [INFO] [MapEditorScene] Updated hoveredTilePanes 364,165
[2025-04-16 21:29:04] [INFO] [MapEditorScene] Updated hoveredTilePanes 368,165
[2025-04-16 21:29:04] [INFO] [MapEditorScene] Updated hoveredTilePanes 371,167
[2025-04-16 21:29:04] [INFO] [MapEditorScene] Updated hoveredTilePanes 377,173
[2025-04-16 21:29:04] [INFO] [MapEditorScene] Updated hoveredTilePanes 383,183
[2025-04-16 21:29:04] [INFO] [MapEditorScene] Updated hoveredTilePanes 388,194
[2025-04-16 21:29:04] [INFO] [MapEditorScene] Updated hoveredTilePanes 394,208
[2025-04-16 21:29:04] [INFO] [MapEditorScene] Updated hoveredTilePanes 403,223
[2025-04-16 21:29:04] [INFO] [MapEditorScene] Updated hoveredTilePanes 415,260
[2025-04-16 21:29:04] [INFO] [MapEditorScene] Updated hoveredTilePanes 419,271
[2025-04-16 21:29:04] [INFO] [MapEditorScene] Updated hoveredTilePanes 429,293
[2025-04-16 21:29:04] [INFO] [MapEditorScene] Updated hoveredTilePanes 440,319
[2025-04-16 21:29:04] [INFO] [MapEditorScene] Updated hoveredTilePanes 447,339
[2025-04-16 21:29:04] [INFO] [MapEditorScene] Updated hoveredTilePanes 455,359
[2025-04-16 21:29:04] [INFO] [MapEditorScene] Updated hoveredTilePanes 462,379
[2025-04-16 21:29:04] [INFO] [MapEditorScene] Updated hoveredTilePanes 469,396
[2025-04-16 21:29:04] [INFO] [MapEditorScene] Updated hoveredTilePanes 470,401
[2025-04-16 21:29:04] [INFO] [MapEditorScene] Updated hoveredTilePanes 473,412
[2025-04-16 21:29:04] [INFO] [MapEditorScene] Updated hoveredTilePanes 474,421
[2025-04-16 21:29:04] [INFO] [MapEditorScene] Updated hoveredTilePanes 475,428
[2025-04-16 21:29:04] [INFO] [MapEditorScene] Updated hoveredTilePanes 476,432
[2025-04-16 21:29:04] [INFO] [MapEditorScene] Updated hoveredTilePanes 476,436
[2025-04-16 21:29:04] [INFO] [MapEditorScene] Updated hoveredTilePanes 476,438
[2025-04-16 21:29:04] [INFO] [MapEditorScene] Updated hoveredTilePanes 476,440
[2025-04-16 21:29:04] [INFO] [MapEditorScene] Updated hoveredTilePanes 475,441
[2025-04-16 21:29:04] [INFO] [MapEditorScene] Updated hoveredTilePanes 473,442
[2025-04-16 21:29:04] [INFO] [MapEditorScene] Updated hoveredTilePanes 471,443
[2025-04-16 21:29:04] [INFO] [MapEditorScene] Updated hoveredTilePanes 469,445
[2025-04-16 21:29:04] [INFO] [MapEditorScene] Updated hoveredTilePanes 467,446
[2025-04-16 21:29:04] [INFO] [MapEditorScene] Updated hoveredTilePanes 465,447
[2025-04-16 21:29:04] [INFO] [MapEditorScene] Updated hoveredTilePanes 462,450
[2025-04-16 21:29:04] [INFO] [MapEditorScene] Updated hoveredTilePanes 459,452
[2025-04-16 21:29:04] [INFO] [MapEditorScene] Updated hoveredTilePanes 457,454
[2025-04-16 21:29:04] [INFO] [MapEditorScene] Updated hoveredTilePanes 453,458
[2025-04-16 21:29:04] [INFO] [MapEditorScene] Updated hoveredTilePanes 450,462
[2025-04-16 21:29:04] [INFO] [MapEditorScene] Updated hoveredTilePanes 446,467
[2025-04-16 21:29:04] [INFO] [MapEditorScene] Updated hoveredTilePanes 443,472
[2025-04-16 21:29:04] [INFO] [MapEditorScene] Updated hoveredTilePanes 438,479
[2025-04-16 21:29:04] [INFO] [MapEditorScene] Updated hoveredTilePanes 434,488
[2025-04-16 21:29:04] [INFO] [MapEditorScene] Updated hoveredTilePanes 431,497
[2025-04-16 21:29:04] [INFO] [MapEditorScene] Updated hoveredTilePanes 426,508
[2025-04-16 21:29:04] [INFO] [MapEditorScene] Updated hoveredTilePanes 425,513
[2025-04-16 21:29:04] [INFO] [MapEditorScene] Updated hoveredTilePanes 419,527
[2025-04-16 21:29:04] [INFO] [MapEditorScene] Updated hoveredTilePanes 418,532
[2025-04-16 21:29:04] [INFO] [MapEditorScene] Updated hoveredTilePanes 416,540
[2025-04-16 21:29:04] [INFO] [MapEditorScene] Updated hoveredTilePanes 413,549
[2025-04-16 21:29:04] [INFO] [MapEditorScene] Updated hoveredTilePanes 411,554
[2025-04-16 21:29:04] [INFO] [MapEditorScene] Updated hoveredTilePanes 410,559
[2025-04-16 21:29:04] [INFO] [MapEditorScene] Updated hoveredTilePanes 410,562
[2025-04-16 21:29:04] [INFO] [MapEditorScene] Updated hoveredTilePanes 410,563
[2025-04-16 21:29:05] [INFO] [MapEditorScene] Updated hoveredTilePanes 408,558
[2025-04-16 21:29:05] [INFO] [MapEditorScene] Updated hoveredTilePanes 404,553
[2025-04-16 21:29:05] [INFO] [MapEditorScene] Updated hoveredTilePanes 399,545
[2025-04-16 21:29:05] [INFO] [MapEditorScene] Updated hoveredTilePanes 392,538
[2025-04-16 21:29:05] [INFO] [MapEditorScene] Updated hoveredTilePanes 382,523
[2025-04-16 21:29:05] [INFO] [MapEditorScene] Updated hoveredTilePanes 356,489
[2025-04-16 21:29:05] [INFO] [MapEditorScene] Updated hoveredTilePanes 349,477
[2025-04-16 21:29:05] [INFO] [MapEditorScene] Updated hoveredTilePanes 334,453
[2025-04-16 21:29:05] [INFO] [MapEditorScene] Updated hoveredTilePanes 318,433
[2025-04-16 21:29:05] [INFO] [MapEditorScene] Updated hoveredTilePanes 302,413
[2025-04-16 21:29:05] [INFO] [MapEditorScene] Updated hoveredTilePanes 288,393
[2025-04-16 21:29:05] [INFO] [MapEditorScene] Updated hoveredTilePanes 273,379
[2025-04-16 21:29:05] [INFO] [MapEditorScene] Updated hoveredTilePanes 260,362
[2025-04-16 21:29:05] [INFO] [MapEditorScene] Updated hoveredTilePanes 247,345
[2025-04-16 21:29:05] [INFO] [MapEditorScene] Updated hoveredTilePanes 234,329
[2025-04-16 21:29:05] [INFO] [MapEditorScene] Updated hoveredTilePanes 222,312
[2025-04-16 21:29:05] [INFO] [MapEditorScene] Updated hoveredTilePanes 210,299
[2025-04-16 21:29:05] [INFO] [MapEditorScene] Updated hoveredTilePanes 200,283
[2025-04-16 21:29:05] [INFO] [MapEditorScene] Updated hoveredTilePanes 189,268
[2025-04-16 21:29:05] [INFO] [MapEditorScene] Updated hoveredTilePanes 180,250
[2025-04-16 21:29:05] [INFO] [MapEditorScene] Updated hoveredTilePanes 172,235
[2025-04-16 21:29:05] [INFO] [MapEditorScene] Updated hoveredTilePanes 163,216
[2025-04-16 21:29:05] [INFO] [MapEditorScene] Updated hoveredTilePanes 153,194
[2025-04-16 21:29:05] [INFO] [MapEditorScene] Updated hoveredTilePanes 146,177
[2025-04-16 21:29:05] [INFO] [MapEditorScene] Updated hoveredTilePanes 140,163
[2025-04-16 21:29:05] [INFO] [MapEditorScene] Updated hoveredTilePanes 131,149
[2025-04-16 21:29:05] [INFO] [MapEditorScene] Updated hoveredTilePanes 129,142
[2025-04-16 21:29:05] [INFO] [MapEditorScene] Updated hoveredTilePanes 118,123
[2025-04-16 21:29:05] [INFO] [MapEditorScene] Updated hoveredTilePanes 115,119
[2025-04-16 21:29:05] [INFO] [MapEditorScene] Updated hoveredTilePanes 111,110
[2025-04-16 21:29:05] [INFO] [MapEditorScene] Updated hoveredTilePanes 103,95
[2025-04-16 21:29:05] [INFO] [MapEditorScene] Updated hoveredTilePanes 101,91
[2025-04-16 21:29:05] [INFO] [MapEditorScene] Updated hoveredTilePanes 94,79
[2025-04-16 21:29:05] [INFO] [MapEditorScene] Updated hoveredTilePanes 93,76
[2025-04-16 21:29:05] [INFO] [MapEditorScene] Updated hoveredTilePanes 90,71
[2025-04-16 21:29:05] [INFO] [MapEditorScene] Updated hoveredTilePanes 87,64
[2025-04-16 21:29:05] [INFO] [MapEditorScene] Updated hoveredTilePanes 84,60
[2025-04-16 21:29:05] [INFO] [MapEditorScene] Updated hoveredTilePanes 82,55
[2025-04-16 21:29:05] [INFO] [MapEditorScene] Updated hoveredTilePanes 79,50
[2025-04-16 21:29:05] [INFO] [MapEditorScene] Updated hoveredTilePanes 77,47
[2025-04-16 21:29:05] [INFO] [MapEditorScene] Updated hoveredTilePanes 74,43
[2025-04-16 21:29:05] [INFO] [MapEditorScene] Updated hoveredTilePanes 73,40
[2025-04-16 21:29:05] [INFO] [MapEditorScene] Updated hoveredTilePanes 71,38
[2025-04-16 21:29:05] [INFO] [MapEditorScene] Updated hoveredTilePanes 69,35
[2025-04-16 21:29:05] [INFO] [MapEditorScene] Updated hoveredTilePanes 68,33
[2025-04-16 21:29:05] [INFO] [MapEditorScene] Updated hoveredTilePanes 67,32
[2025-04-16 21:29:05] [INFO] [MapEditorScene] Updated hoveredTilePanes 66,31
[2025-04-16 21:29:05] [INFO] [MapEditorScene] Updated hoveredTilePanes 65,30
[2025-04-16 21:29:05] [INFO] [MapEditorScene] Updated hoveredTilePanes 63,29
[2025-04-16 21:29:05] [INFO] [MapEditorScene] Updated hoveredTilePanes 62,28
[2025-04-16 21:29:05] [INFO] [MapEditorScene] Updated hoveredTilePanes 61,27
[2025-04-16 21:29:05] [INFO] [MapEditorScene] Updated hoveredTilePanes 61,26
[2025-04-16 21:29:05] [INFO] [MapEditorScene] Updated hoveredTilePanes 60,26
[2025-04-16 21:29:05] [INFO] [MapEditorScene] Updated hoveredTilePanes 60,25
[2025-04-16 21:29:05] [INFO] [MapEditorScene] Updated hoveredTilePanes 59,25
[2025-04-16 21:29:05] [INFO] [MapEditorScene] Updated hoveredTilePanes 59,24
[2025-04-16 21:29:05] [INFO] [MapEditorScene] Updated hoveredTilePanes 58,24
[2025-04-16 21:29:05] [INFO] [MapEditorScene] Updated hoveredTilePanes 58,23
[2025-04-16 21:29:05] [INFO] [MapEditorScene] Updated hoveredTilePanes 57,22
[2025-04-16 21:29:05] [INFO] [MapEditorScene] Updated hoveredTilePanes 55,21
[2025-04-16 21:29:05] [INFO] [MapEditorScene] Updated hoveredTilePanes 54,20
[2025-04-16 21:29:05] [INFO] [MapEditorScene] Updated hoveredTilePanes 53,19
[2025-04-16 21:29:05] [INFO] [MapEditorScene] Updated hoveredTilePanes 52,19
[2025-04-16 21:29:05] [INFO] [MapEditorScene] Updated hoveredTilePanes 51,18
[2025-04-16 21:29:05] [INFO] [MapEditorScene] Updated hoveredTilePanes 49,16
[2025-04-16 21:29:05] [INFO] [MapEditorScene] Updated hoveredTilePanes 48,15
[2025-04-16 21:29:05] [INFO] [MapEditorScene] Updated hoveredTilePanes 47,14
[2025-04-16 21:29:05] [INFO] [MapEditorScene] Updated hoveredTilePanes 46,14
[2025-04-16 21:29:05] [INFO] [MapEditorScene] Updated hoveredTilePanes 45,13
[2025-04-16 21:29:05] [INFO] [MapEditorScene] Updated hoveredTilePanes 44,12
[2025-04-16 21:29:05] [INFO] [MapEditorScene] Updated hoveredTilePanes 44,11
[2025-04-16 21:29:05] [INFO] [MapEditorScene] Updated hoveredTilePanes 43,10
[2025-04-16 21:29:05] [INFO] [MapEditorScene] Updated hoveredTilePanes 42,10
[2025-04-16 21:29:05] [INFO] [MapEditorScene] Updated hoveredTilePanes 42,9
[2025-04-16 21:29:05] [INFO] [MapEditorScene] Updated hoveredTilePanes 42,8
[2025-04-16 21:29:06] [INFO] [MapEditorScene] Updated hoveredTilePanes 41,7
[2025-04-16 21:29:06] [INFO] [MapEditorScene] Updated hoveredTilePanes 40,7
[2025-04-16 21:29:06] [INFO] [MapEditorScene] Updated hoveredTilePanes 40,5
[2025-04-16 21:29:06] [INFO] [MapEditorScene] Updated hoveredTilePanes 39,5
[2025-04-16 21:29:06] [INFO] [MapEditorScene] Updated hoveredTilePanes 39,4
[2025-04-16 21:29:06] [INFO] [MapEditorScene] Updated hoveredTilePanes 38,3
[2025-04-16 21:29:06] [INFO] [MapEditorScene] Updated hoveredTilePanes 38,2
[2025-04-16 21:29:06] [INFO] [MapEditorScene] Updated hoveredTilePanes 36,0
