[2025-04-06 20:49:43] [INFO] [UnitTable] Started initializing UnitTable
[2025-04-06 20:49:43] [INFO] [EmeritusDatabase] Started initializing EmeritusDatabase
[2025-04-06 20:49:43] [INFO] [EmeritusDatabase] Finished initializing EmeritusDatabase
[2025-04-06 20:49:43] [INFO] [UnitTable] Successfully initialized UnitTable
[2025-04-06 20:49:43] [INFO] [UnitTable] Finished initializing UnitTable
[2025-04-06 20:49:43] [INFO] [AbilityTable] Started initializing AbilityTable
[2025-04-06 20:49:43] [INFO] [AbilityTable] Finished initializing AbilityTable
[2025-04-06 20:49:43] [INFO] [UserSaveStateManager] Started loading user save data
[2025-04-06 20:49:43] [INFO] [UserSaveStateManager] Finished loading user save data
[2025-04-06 20:49:43] [INFO] [AssetPool] Started initializing AssetPool
[2025-04-06 20:49:43] [INFO] [AssetNameSpace] Started loading Sprite's from ./res/graphics
[2025-04-06 20:49:43] [INFO] [AssetNameSpace] Finished reading files for sprites
[2025-04-06 20:49:43] [INFO] [AssetNameSpace] Finished loading ./res/graphics
[2025-04-06 20:49:43] [INFO] [AssetPool] Finished initializing AssetPool
[2025-04-06 20:49:43] [INFO] [Component] Setting dark_dragon_Yeroo_3f89aeef-c247-4170-906d-2e765acdb856 on to 11_13_7df559ce-264a-4dac-8063-7f0ef92af44a.
[2025-04-06 20:49:43] [INFO] [SpeedQueue] Added unit enemy:Yeroo into queue
[2025-04-06 20:49:43] [INFO] [Component] Setting dragon_Miopdp_d25e3fd4-d107-44cc-b099-6c1be3442954 on to 5_11_bbb4eb12-1f50-4744-96db-034b559676cc.
[2025-04-06 20:49:43] [INFO] [SpeedQueue] Added unit enemy:Miopdp into queue
[2025-04-06 20:49:43] [INFO] [Component] Setting light_dragon_Sici_bdd7af61-8a0b-4b67-9707-cb17f55d32b4 on to 0_5_3faf8f93-637b-4ecc-a0dd-987b128c462b.
[2025-04-06 20:49:43] [INFO] [SpeedQueue] Added unit enemy:Sici into queue
[2025-04-06 20:49:43] [INFO] [Component] Setting fire_dragon_Laeu_f901ffa5-1682-42c3-89ce-957e1263e3e9 on to 8_13_34a54477-ad3a-45ab-ba39-91af8841611f.
[2025-04-06 20:49:43] [INFO] [SpeedQueue] Added unit enemy:Laeu into queue
[2025-04-06 20:49:43] [INFO] [Component] Setting earth_dragon_Eieof_da75deb6-2019-4335-8e4c-9bff8f83ab91 on to 0_10_a5f6bd54-44b3-461f-93ec-dcf9cbd5cbb2.
[2025-04-06 20:49:43] [INFO] [SpeedQueue] Added unit enemy:Eieof into queue
[2025-04-06 20:49:43] [INFO] [Component] Setting dragon_Vabea_a7d25e15-8032-45c7-a392-ee76a5fc83a1 on to 12_2_e6d5a149-2b09-422c-b0da-2119eebc1c05.
[2025-04-06 20:49:43] [INFO] [SpeedQueue] Added unit enemy:Vabea into queue
[2025-04-06 20:49:43] [INFO] [Component] Setting dragon_Wuxog_862219b0-f25c-4269-bbab-7fe574c9751e on to 6_14_f201eca3-6cb5-4c79-af5c-fe694c7f4a98.
[2025-04-06 20:49:43] [INFO] [SpeedQueue] Added unit enemy:Wuxog into queue
[2025-04-06 20:49:43] [INFO] [Component] Setting dragon_Ruwe_7e3a0140-edfe-4392-9447-bb122b0db18d on to 13_3_87a254dd-6cb6-4783-8e61-1b890371886a.
[2025-04-06 20:49:43] [INFO] [SpeedQueue] Added unit enemy:Ruwe into queue
[2025-04-06 20:49:43] [INFO] [Component] Setting dragon_Fulan_4b8b04a3-5ed8-42b0-a271-1a5485c57b0b on to 13_7_25e8fb4e-3d82-43af-9106-0ac8bbcb8bfe.
[2025-04-06 20:49:43] [INFO] [SpeedQueue] Added unit enemy:Fulan into queue
[2025-04-06 20:49:43] [INFO] [Component] Setting water_dragon_Doca_1773dfe1-62d3-4f6c-bd64-e3e497b687d8 on to 10_6_4a5cbc07-6f1d-4cc2-b18d-b4fde0ae9f33.
[2025-04-06 20:49:43] [INFO] [SpeedQueue] Added unit enemy:Doca into queue
[2025-04-06 20:49:43] [INFO] [Component] Setting fire_dragon_Mibqw_7a3233ee-84b3-4fb7-a5ef-c39afd849ccd on to 3_5_a4a07bd1-d03d-4796-955c-127ea6d169ab.
[2025-04-06 20:49:43] [INFO] [SpeedQueue] Added unit enemy:Mibqw into queue
[2025-04-06 20:49:43] [INFO] [Component] Setting dark_dragon_Qugvh_0b42fa34-2481-436a-a157-e397dc2a22c4 on to 12_14_01cb0684-6d6f-4731-a92d-7a72ea86cb49.
[2025-04-06 20:49:43] [INFO] [SpeedQueue] Added unit enemy:Qugvh into queue
[2025-04-06 20:49:43] [INFO] [Component] Setting earth_dragon_Romias_423d715e-674c-4602-bfb7-c8090f1689ad on to 13_9_72c31354-7749-4bc4-bb94-e59ab3c388b4.
[2025-04-06 20:49:43] [INFO] [SpeedQueue] Added unit enemy:Romias into queue
[2025-04-06 20:49:43] [INFO] [Component] Setting water_dragon_Xomp_3d4b6003-068b-4a13-84a3-76553bf65f09 on to 13_6_6548fc00-03df-4a8a-a406-eace79c4b7f2.
[2025-04-06 20:49:43] [INFO] [SpeedQueue] Added unit enemy:Xomp into queue
[2025-04-06 20:49:43] [INFO] [Component] Setting fire_dragon_Noyyi_c0900f27-83a5-4224-be23-abd9482f6732 on to 3_6_97ebcf92-41f2-489c-9fa7-d54ab70f48ee.
[2025-04-06 20:49:43] [INFO] [SpeedQueue] Added unit enemy:Noyyi into queue
[2025-04-06 20:49:43] [INFO] [Component] Setting air_dragon_Oaclb_0521c514-cfb2-4d4f-9c2f-5a6dfcd405fa on to 4_6_2ab0901b-68d7-4116-b25a-c44e938a62b3.
[2025-04-06 20:49:43] [INFO] [SpeedQueue] Added unit enemy:Oaclb into queue
[2025-04-06 20:49:43] [INFO] [Component] Setting dark_dragon_Meep_0e8facfe-b3b0-4721-879e-0a3041cecbee on to 14_10_be1b1908-7591-486a-94bb-c65fc709815e.
[2025-04-06 20:49:43] [INFO] [SpeedQueue] Added unit enemy:Meep into queue
[2025-04-06 20:49:43] [INFO] [Component] Setting earth_dragon_Reioye_e6332b6e-3c4f-4490-aaf7-87cca2d2eac7 on to 4_5_6b6e7445-1360-4aa2-9622-75c0297ff5e6.
[2025-04-06 20:49:43] [INFO] [SpeedQueue] Added unit enemy:Reioye into queue
[2025-04-06 20:49:43] [INFO] [Component] Setting dark_dragon_Hoirii_9be0cc5f-309f-43a0-bdeb-9833f596355d on to 11_6_dce04cd5-a76c-4fa2-b594-ce7206861452.
[2025-04-06 20:49:43] [INFO] [SpeedQueue] Added unit enemy:Hoirii into queue
[2025-04-06 20:49:43] [INFO] [Component] Setting light_dragon_Qoto_90991ad3-fa58-4f57-831a-5e93d2962391 on to 7_5_8ba63b34-9f72-43ec-867d-c8806654b597.
[2025-04-06 20:49:43] [INFO] [SpeedQueue] Added unit enemy:Qoto into queue
[2025-04-06 20:49:43] [INFO] [Component] Setting dragon_Eogaiu_0edaf80d-223b-4263-8a8b-2f95947c4e19 on to 6_5_36d42f2e-1091-4dff-b184-89ba6aa6cabf.
[2025-04-06 20:49:43] [INFO] [SpeedQueue] Added unit enemy:Eogaiu into queue
[2025-04-06 20:49:43] [INFO] [Component] Setting dragon_Mody_4c458f52-7a11-4d13-9e2f-06fec41b8165 on to 1_2_bb6e055a-ae97-4feb-9d98-59e36186d7bc.
[2025-04-06 20:49:43] [INFO] [SpeedQueue] Added unit user:Mody into queue
[2025-04-06 20:49:43] [INFO] [Component] Setting air_dragon_Muayno_13b0ac66-0591-46c4-ae29-2ca7c8e90820 on to 5_14_852e324d-4196-4440-ba61-891583de01b2.
[2025-04-06 20:49:43] [INFO] [SpeedQueue] Added unit user:Muayno into queue
[2025-04-06 20:49:43] [INFO] [Component] Setting dragon_Vagie_4ed26894-c5f3-458b-b792-b1766b20a188 on to 8_11_44792eba-378f-4198-b29f-cefa528d77f3.
[2025-04-06 20:49:43] [INFO] [SpeedQueue] Added unit user:Vagie into queue
[2025-04-06 20:49:43] [INFO] [Component] Setting dark_dragon_Viezhu_63099b04-4454-42f3-8723-fa7f45eeb019 on to 2_0_5d1b95c8-b9dc-43b4-b095-0dfd2b597551.
[2025-04-06 20:49:43] [INFO] [SpeedQueue] Added unit user:Viezhu into queue
[2025-04-06 20:49:43] [INFO] [Component] Setting air_dragon_Yywufh_17693885-e8bd-4825-966f-8f3a89a1a3b4 on to 8_5_ecc06fb7-9834-46a6-850e-e7895a730002.
[2025-04-06 20:49:43] [INFO] [SpeedQueue] Added unit user:Yywufh into queue
[2025-04-06 20:49:43] [INFO] [Component] Setting water_dragon_Deuoa_2a1ec95e-2da0-496c-942d-d10929a27191 on to 8_4_4b8a6ba6-fa54-4b0d-ad07-9803c3fd6395.
[2025-04-06 20:49:43] [INFO] [SpeedQueue] Added unit user:Deuoa into queue
[2025-04-06 20:49:43] [INFO] [Component] Setting water_dragon_Vaqi_e29e2b44-c1d0-46da-9251-ae46f07d5c10 on to 12_13_1fc47759-7f0b-42fd-bbd3-ac4e5da2c055.
[2025-04-06 20:49:43] [INFO] [SpeedQueue] Added unit user:Vaqi into queue
[2025-04-06 20:49:43] [INFO] [Component] Setting dragon_Yuctno_ddd9b81a-54fd-48af-b4dc-ef62d0e4a1a6 on to 10_4_9c131a18-c3c0-41f5-9645-71ddaf4f8435.
[2025-04-06 20:49:43] [INFO] [SpeedQueue] Added unit user:Yuctno into queue
[2025-04-06 20:49:43] [INFO] [Component] Setting light_dragon_Yunhu_1e844f48-86fe-404b-91cd-d46e022aacf3 on to 10_3_1b8f9848-929d-457f-8d13-55d12c03e199.
[2025-04-06 20:49:43] [INFO] [SpeedQueue] Added unit user:Yunhu into queue
[2025-04-06 20:49:43] [INFO] [EngineController] Started setting scene to MENU_SCENE
[2025-04-06 20:49:44] [INFO] [EngineController] Finished setting scene to MENU_SCENE
[2025-04-06 20:49:44] [INFO] [EngineController] Started setting scene to GAME_SCENE
[2025-04-06 20:49:44] [INFO] [FontPool] Started initializing FontPool
[2025-04-06 20:49:44] [INFO] [FontPool] ✅ Successfully loaded font: Lilian
[2025-04-06 20:49:44] [INFO] [EngineController] Finished setting scene to GAME_SCENE
[2025-04-06 20:49:45] [INFO] [SpeedQueue] Speed queue updated.
[2025-04-06 20:49:45] [INFO] [TimeLinePanel] Started updating the timeline panel after turn order has changed.
[2025-04-06 20:49:45] [INFO] [TimeLinePanel] Finished updating the timeline panel after turn order has changed.
[2025-04-06 20:49:45] [INFO] [SelectedTilePanel] Checksum updated, getting units at selected tiles.
[2025-04-06 20:49:45] [INFO] [SelectedTilePanel] Either no unit selected or more than one unit selected
[2025-04-06 20:49:45] [INFO] [StatisticsInformationPanel] Checksum has been updated, querying statistics for unit fire_dragon_Noyyi_c0900f27-83a5-4224-be23-abd9482f6732
[2025-04-06 20:49:45] [INFO] [VisualsSystem] Started creating blurred background
[2025-04-06 20:49:45] [INFO] [VisualsSystem] Finished creating blurred background after 0.49176302552223206 seconds
[2025-04-06 20:49:47] [INFO] [InputHandler] Gliding 0 camera to new tile 3_6_97ebcf92-41f2-489c-9fa7-d54ab70f48ee
[2025-04-06 20:49:47] [INFO] [InputHandler] Gliding 1 camera to new tile 3_6_97ebcf92-41f2-489c-9fa7-d54ab70f48ee
[2025-04-06 20:49:47] [INFO] [SelectedTilePanel] Checksum updated, getting units at selected tiles.
[2025-04-06 20:49:47] [INFO] [SelectedTilePanel] Updated selected tile display to view Noyyi
[2025-04-06 20:49:47] [INFO] [StatisticsInformationPanel] Finished updating Greater UI
[2025-04-06 20:49:48] [INFO] [InputHandler] Gliding 1 camera to new tile 3_6_97ebcf92-41f2-489c-9fa7-d54ab70f48ee
