[2025-04-06 22:01:32] [INFO] [UnitTable] Started initializing UnitTable
[2025-04-06 22:01:32] [INFO] [EmeritusDatabase] Started initializing EmeritusDatabase
[2025-04-06 22:01:33] [INFO] [EmeritusDatabase] Finished initializing EmeritusDatabase
[2025-04-06 22:01:33] [INFO] [UnitTable] Successfully initialized UnitTable
[2025-04-06 22:01:33] [INFO] [UnitTable] Finished initializing UnitTable
[2025-04-06 22:01:33] [INFO] [AbilityTable] Started initializing AbilityTable
[2025-04-06 22:01:33] [INFO] [AbilityTable] Finished initializing AbilityTable
[2025-04-06 22:01:33] [INFO] [UserSaveStateManager] Started loading user save data
[2025-04-06 22:01:33] [INFO] [UserSaveStateManager] Finished loading user save data
[2025-04-06 22:01:33] [INFO] [AssetPool] Started initializing AssetPool
[2025-04-06 22:01:33] [INFO] [AssetNameSpace] Started loading Sprite's from ./res/graphics
[2025-04-06 22:01:33] [INFO] [AssetNameSpace] Finished reading files for sprites
[2025-04-06 22:01:33] [INFO] [AssetNameSpace] Finished loading ./res/graphics
[2025-04-06 22:01:33] [INFO] [AssetPool] Finished initializing AssetPool
[2025-04-06 22:01:33] [INFO] [Component] Setting dragon_Moveno_c56fbad1-f945-4915-a5ce-3e74652a73df on to 7_11_1456b891-bb13-4a10-8ed7-a0ce37dca74f.
[2025-04-06 22:01:33] [INFO] [SpeedQueue] Added unit enemy:Moveno into queue
[2025-04-06 22:01:33] [INFO] [Component] Setting dark_dragon_Tyseeg_fe2a13fc-7cc1-4a09-90b7-278851abf7ea on to 2_14_d2d17c03-2848-449d-9589-bf6a6947de53.
[2025-04-06 22:01:33] [INFO] [SpeedQueue] Added unit enemy:Tyseeg into queue
[2025-04-06 22:01:33] [INFO] [Component] Setting fire_dragon_Toaru_7ae13854-c6ef-46a6-8234-f98917a95dc8 on to 4_5_2d31eb2b-62d9-4df5-b30f-2b02a1743f36.
[2025-04-06 22:01:33] [INFO] [SpeedQueue] Added unit enemy:Toaru into queue
[2025-04-06 22:01:33] [INFO] [Component] Setting earth_dragon_Futi_15a213ac-33de-4847-bee2-eeeabbb8f525 on to 0_2_136e2335-21db-44bc-9ee5-bddc0f6d3ab1.
[2025-04-06 22:01:33] [INFO] [SpeedQueue] Added unit enemy:Futi into queue
[2025-04-06 22:01:33] [INFO] [Component] Setting light_dragon_Cejfea_b390a979-239c-4363-b832-622b58ba0c8d on to 7_14_290a0a0b-2bd2-4e0f-a83f-c2de99f974c6.
[2025-04-06 22:01:33] [INFO] [SpeedQueue] Added unit enemy:Cejfea into queue
[2025-04-06 22:01:33] [INFO] [Component] Setting earth_dragon_Fejdb_b9bbb4a3-7183-4acf-a22d-ec1b72f617fc on to 9_8_5f6efc21-dee6-4bc5-acff-f2346a91ec49.
[2025-04-06 22:01:33] [INFO] [SpeedQueue] Added unit enemy:Fejdb into queue
[2025-04-06 22:01:33] [INFO] [Component] Setting water_dragon_Kehuxd_735ccb26-b09b-4dac-bf8e-97a56db58cd3 on to 1_6_897fa616-b094-4a46-8420-36db0abe8ee6.
[2025-04-06 22:01:33] [INFO] [SpeedQueue] Added unit enemy:Kehuxd into queue
[2025-04-06 22:01:33] [INFO] [Component] Setting fire_dragon_Pekuog_e634b524-1b44-4940-99a9-75c95105c999 on to 10_12_19d46e61-e996-4c5f-ad89-731f4afc922e.
[2025-04-06 22:01:33] [INFO] [SpeedQueue] Added unit enemy:Pekuog into queue
[2025-04-06 22:01:33] [INFO] [Component] Setting fire_dragon_Nize_f3da26b8-ec1e-4867-8c8a-80b33a6d5ae2 on to 10_7_aba6ab40-8397-4ba1-a7b6-ee58ca9a69c5.
[2025-04-06 22:01:33] [INFO] [SpeedQueue] Added unit enemy:Nize into queue
[2025-04-06 22:01:33] [INFO] [Component] Setting earth_dragon_Naoayp_967790bc-09a0-4a08-b017-49b5ee1b7661 on to 11_6_ea860cf2-09fc-4228-91e6-28539cb36dcc.
[2025-04-06 22:01:33] [INFO] [SpeedQueue] Added unit enemy:Naoayp into queue
[2025-04-06 22:01:33] [INFO] [Component] Setting earth_dragon_Hodxu_31ed73cd-8355-42fe-b241-5161325b2059 on to 5_9_7c6b9c52-e299-4000-aa44-9fcc102e4d96.
[2025-04-06 22:01:33] [INFO] [SpeedQueue] Added unit enemy:Hodxu into queue
[2025-04-06 22:01:33] [INFO] [Component] Setting dark_dragon_Aojd_2566fa56-b066-44c6-9d31-06b891cce687 on to 1_13_4c90f05c-1e22-4070-a59c-053932b53a1e.
[2025-04-06 22:01:33] [INFO] [SpeedQueue] Added unit enemy:Aojd into queue
[2025-04-06 22:01:33] [INFO] [Component] Setting dark_dragon_Uyia_a35d8473-86d4-4fc2-9227-8283aaa7f354 on to 11_11_bba6e05b-95c7-488f-9018-35d238c1f1aa.
[2025-04-06 22:01:33] [INFO] [SpeedQueue] Added unit enemy:Uyia into queue
[2025-04-06 22:01:33] [INFO] [Component] Setting fire_dragon_Culyyl_7e2b5dc0-1d7d-406b-bf7c-036ba74a6b6d on to 4_7_4b9b857d-9e26-4650-a678-0047b447f305.
[2025-04-06 22:01:33] [INFO] [SpeedQueue] Added unit enemy:Culyyl into queue
[2025-04-06 22:01:33] [INFO] [Component] Setting earth_dragon_Rexy_34b124d4-b24a-49af-8e3a-ea6a56fb4c39 on to 9_13_6505fcee-9dec-48af-857f-02a85e8ccd76.
[2025-04-06 22:01:33] [INFO] [SpeedQueue] Added unit enemy:Rexy into queue
[2025-04-06 22:01:33] [INFO] [Component] Setting dark_dragon_Pezy_cbcd0fd1-29e3-46d8-b36b-8d409a8a936a on to 4_11_517422e6-cc8a-4b70-9bdd-b0d397dfde3a.
[2025-04-06 22:01:33] [INFO] [SpeedQueue] Added unit enemy:Pezy into queue
[2025-04-06 22:01:33] [INFO] [Component] Setting dark_dragon_Zowyi_9d0a1e68-6b47-4c57-b088-6271007e1b2e on to 2_7_a989d514-1c90-477f-add8-8bfdd9e3a34f.
[2025-04-06 22:01:33] [INFO] [SpeedQueue] Added unit enemy:Zowyi into queue
[2025-04-06 22:01:33] [INFO] [Component] Setting water_dragon_Zeltg_9e7c1bfa-b06f-42de-8bba-4126cf599f2a on to 10_5_90d01e6b-7f15-4d74-b17d-add307ca4929.
[2025-04-06 22:01:33] [INFO] [SpeedQueue] Added unit enemy:Zeltg into queue
[2025-04-06 22:01:33] [INFO] [Component] Setting water_dragon_Qijemk_280680f7-0a7e-4c76-9f50-2e1a7c1bb63c on to 9_4_1fcd451a-fd08-4668-ba8a-aba58697140a.
[2025-04-06 22:01:33] [INFO] [SpeedQueue] Added unit enemy:Qijemk into queue
[2025-04-06 22:01:33] [INFO] [Component] Setting water_dragon_Loli_2d47670d-16a7-404b-aa4a-695fafcf0205 on to 0_13_b5335687-dc1d-4c88-9417-33b19ba3e112.
[2025-04-06 22:01:33] [INFO] [SpeedQueue] Added unit enemy:Loli into queue
[2025-04-06 22:01:33] [INFO] [Component] Setting air_dragon_Iyyb_81c3ce53-ee4f-4ed8-bec4-18c0e68ccc8c on to 13_10_0b66a2f8-3d63-41bc-b5af-393f623653ac.
[2025-04-06 22:01:33] [INFO] [SpeedQueue] Added unit enemy:Iyyb into queue
[2025-04-06 22:01:33] [INFO] [Component] Setting water_dragon_Habtai_a23e4434-f9f0-4559-925a-a7a42a965c77 on to 7_6_1ef1bc0b-30a1-495c-a00d-2876c76e006c.
[2025-04-06 22:01:33] [INFO] [SpeedQueue] Added unit user:Habtai into