[2025-05-28 01:00:29] [INFO] [UnitTable] Started initializing UnitTable
[2025-05-28 01:00:29] [INFO] [EmeritusDatabase] Started initializing EmeritusDatabase
[2025-05-28 01:00:29] [INFO] [EmeritusDatabase] Finished initializing EmeritusDatabase
[2025-05-28 01:00:29] [INFO] [UnitTable] Successfully initialized UnitTable
[2025-05-28 01:00:29] [INFO] [UnitTable] Finished initializing UnitTable
[2025-05-28 01:00:29] [INFO] [AbilityTable] Started initializing AbilityTable
[2025-05-28 01:00:29] [INFO] [AbilityTable] Finished initializing AbilityTable
[2025-05-28 01:00:29] [INFO] [UserSaveStateManager] Started loading user save data
[2025-05-28 01:00:29] [INFO] [UserSaveStateManager] Finished loading user save data
[2025-05-28 01:00:29] [INFO] [AssetPool] Started initializing AssetPool
[2025-05-28 01:00:29] [INFO] [AssetNameSpace] Started loading Sprite's from ./res/graphics
[2025-05-28 01:00:29] [INFO] [AssetNameSpace] Finished reading files for sprites
[2025-05-28 01:00:30] [INFO] [AssetNameSpace] Finished loading ./res/graphics
[2025-05-28 01:00:30] [INFO] [AssetPool] Finished initializing AssetPool
[2025-05-28 01:00:30] [INFO] [Component] Setting UNIT_fire_dragon___NICKNAME_Giqe___707cdfdd-5166-44b6-88f2-9acf36e3cfb7 on to {"row":6,"column":0,"base_elevation":-5,"spawn_region":"Left","unit":"UNIT_fire_dragon___NICKNAME_Giqe___707cdfdd-5166-44b6-88f2-9acf36e3cfb7","layers":{"empty":false},"total_elevation":4}.
[2025-05-28 01:00:30] [INFO] [SpeedQueue] Added unit UNIT_fire_dragon___NICKNAME_Giqe___707cdfdd-5166-44b6-88f2-9acf36e3cfb7 into queue
[2025-05-28 01:00:30] [INFO] [Component] Setting UNIT_water_dragon___NICKNAME_Rowesz___a72e3695-20d6-464b-98cf-5f08eb556e85 on to {"row":3,"column":0,"base_elevation":-5,"spawn_region":"Left","unit":"UNIT_water_dragon___NICKNAME_Rowesz___a72e3695-20d6-464b-98cf-5f08eb556e85","layers":{"empty":false},"total_elevation":4}.
[2025-05-28 01:00:30] [INFO] [SpeedQueue] Added unit UNIT_water_dragon___NICKNAME_Rowesz___a72e3695-20d6-464b-98cf-5f08eb556e85 into queue
[2025-05-28 01:00:30] [INFO] [Component] Setting UNIT_dragon___NICKNAME_Eunio___d2467079-62b6-4967-b793-d7b4dd7b0c4b on to {"row":5,"column":0,"base_elevation":-5,"spawn_region":"Left","unit":"UNIT_dragon___NICKNAME_Eunio___d2467079-62b6-4967-b793-d7b4dd7b0c4b","layers":{"empty":false},"total_elevation":4}.
[2025-05-28 01:00:30] [INFO] [SpeedQueue] Added unit UNIT_dragon___NICKNAME_Eunio___d2467079-62b6-4967-b793-d7b4dd7b0c4b into queue
[2025-05-28 01:00:30] [INFO] [Component] Setting UNIT_earth_dragon___NICKNAME_Hesafg___becc3db4-6e8c-4a25-9562-5584ee9eaed5 on to {"row":1,"column":0,"base_elevation":-5,"spawn_region":"Left","unit":"UNIT_earth_dragon___NICKNAME_Hesafg___becc3db4-6e8c-4a25-9562-5584ee9eaed5","layers":{"empty":false},"total_elevation":4}.
[2025-05-28 01:00:30] [INFO] [SpeedQueue] Added unit UNIT_earth_dragon___NICKNAME_Hesafg___becc3db4-6e8c-4a25-9562-5584ee9eaed5 into queue
[2025-05-28 01:00:30] [INFO] [Component] Setting UNIT_earth_dragon___NICKNAME_Reydaj___301a74c1-9734-4aa2-bf73-d576f0b749a0 on to {"row":1,"column":1,"base_elevation":-5,"spawn_region":"Left","unit":"UNIT_earth_dragon___NICKNAME_Reydaj___301a74c1-9734-4aa2-bf73-d576f0b749a0","layers":{"empty":false},"total_elevation":4}.
[2025-05-28 01:00:30] [INFO] [SpeedQueue] Added unit UNIT_earth_dragon___NICKNAME_Reydaj___301a74c1-9734-4aa2-bf73-d576f0b749a0 into queue
[2025-05-28 01:00:30] [INFO] [Component] Setting UNIT_dragon___NICKNAME_Pusyq___0b79e6e6-6df0-4ab6-bc99-07959e2fb744 on to {"row":3,"column":10,"base_elevation":-5,"spawn_region":"Right","unit":"UNIT_dragon___NICKNAME_Pusyq___0b79e6e6-6df0-4ab6-bc99-07959e2fb744","layers":{"empty":false},"total_elevation":5}.
[2025-05-28 01:00:30] [INFO] [SpeedQueue] Added unit UNIT_dragon___NICKNAME_Pusyq___0b79e6e6-6df0-4ab6-bc99-07959e2fb744 into queue
[2025-05-28 01:00:30] [INFO] [Component] Setting UNIT_dark_dragon___NICKNAME_Covooh___a3ea75fd-735f-4dd1-b53b-3839480314a6 on to {"row":5,"column":10,"base_elevation":-5,"spawn_region":"Right","unit":"UNIT_dark_dragon___NICKNAME_Covooh___a3ea75fd-735f-4dd1-b53b-3839480314a6","layers":{"empty":false},"total_elevation":5}.
[2025-05-28 01:00:30] [INFO] [SpeedQueue] Added unit UNIT_dark_dragon___NICKNAME_Covooh___a3ea75fd-735f-4dd1-b53b-3839480314a6 into queue
[2025-05-28 01:00:30] [INFO] [Component] Setting UNIT_air_dragon___NICKNAME_Baoap___386a8880-accd-45fb-b7dc-b4d8397783e0 on to {"row":7,"column":11,"base_elevation":-5,"spawn_region":"Right","unit":"UNIT_air_dragon___NICKNAME_Baoap___386a8880-accd-45fb-b7dc-b4d8397783e0","layers":{"empty":false},"total_elevation":3}.
[2025-05-28 01:00:30] [INFO] [SpeedQueue] Added unit UNIT_air_dragon___NICKNAME_Baoap___386a8880-accd-45fb-b7dc-b4d8397783e0 into queue
[2025-05-28 01:00:30] [INFO] [Component] Setting UNIT_dark_dragon___NICKNAME_Oouja___4114cde4-6203-4879-9f9c-facfcf2226df on to {"row":5,"column":11,"base_elevation":-5,"spawn_region":"Right","unit":"UNIT_dark_dragon___NICKNAME_Oouja___4114cde4-6203-4879-9f9c-facfcf2226df","layers":{"empty":false},"total_elevation":4}.
[2025-05-28 01:00:30] [INFO] [SpeedQueue] Added unit UNIT_dark_dragon___NICKNAME_Oouja___4114cde4-6203-4879-9f9c-facfcf2226df into queue
[2025-05-28 01:00:30] [INFO] [Component] Setting UNIT_earth_dragon___NICKNAME_Ouxok___17f49050-1bbb-4e1b-9c04-08cc4090e40b on to {"row":1,"column":11,"base_elevation":-5,"spawn_region":"Right","unit":"UNIT_earth_dragon___NICKNAME_Ouxok___17f49050-1bbb-4e1b-9c04-08cc4090e40b","layers":{"empty":false},"total_elevation":4}.
[2025-05-28 01:00:30] [INFO] [SpeedQueue] Added unit UNIT_earth_dragon___NICKNAME_Ouxok___17f49050-1bbb-4e1b-9c04-08cc4090e40b into queue
[2025-05-28 01:00:30] [INFO] [EngineController] Started setting scene to MENU_SCENE
[2025-05-28 01:00:30] [INFO] [EngineController] Finished setting scene to MENU_SCENE
[2025-05-28 01:00:30] [INFO] [EngineController] Started setting scene to GAME_SCENE
[2025-05-28 01:00:30] [INFO] [FontPool] Started initializing FontPool
[2025-05-28 01:00:30] [INFO] [FontPool] ✅ Successfully loaded font: Lilian
[2025-05-28 01:00:30] [INFO] [EngineController] Finished setting scene to GAME_SCENE
[2025-05-28 01:00:30] [INFO] [AbilitySystem] Started updating {} because of ability
[2025-05-28 01:00:30] [INFO] [AbilitySystem] Finished update updating {} because of ability
[2025-05-28 01:00:30] [INFO] [AbilitySystem] Started updating {} because of ability
[2025-05-28 01:00:30] [INFO] [AbilitySystem] Finished update updating {} because of ability
[2025-05-28 01:00:30] [INFO] [AbilitySystem] Started updating {} because of ability
[2025-05-28 01:00:30] [INFO] [AbilitySystem] Finished update updating {} because of ability
[2025-05-28 01:00:30] [INFO] [AbilitySystem] Started updating {} because of ability
[2025-05-28 01:00:30] [INFO] [AbilitySystem] Finished update updating {} because of ability
[2025-05-28 01:00:30] [INFO] [AbilitySystem] Started updating {} because of ability
[2025-05-28 01:00:30] [INFO] [AbilitySystem] Finished update updating {} because of ability
[2025-05-28 01:00:30] [INFO] [AbilitySystem] Started updating {} because of ability
[2025-05-28 01:00:30] [INFO] [AbilitySystem] Finished update updating {} because of ability
[2025-05-28 01:00:30] [INFO] [AbilitySystem] Started updating {} because of ability
[2025-05-28 01:00:30] [INFO] [AbilitySystem] Finished update updating {} because of ability
[2025-05-28 01:00:30] [INFO] [AbilitySystem] Started updating {} because of ability
[2025-05-28 01:00:30] [INFO] [AbilitySystem] Finished update updating {} because of ability
[2025-05-28 01:00:30] [INFO] [AbilitySystem] Started updating {} because of ability
[2025-05-28 01:00:30] [INFO] [AbilitySystem] Finished update updating {} because of ability
[2025-05-28 01:00:30] [INFO] [AbilitySystem] Started updating {} because of ability
[2025-05-28 01:00:30] [INFO] [AbilitySystem] Finished update updating {} because of ability
[2025-05-28 01:00:30] [INFO] [SpeedQueue] Speed queue updated.
[2025-05-28 01:00:30] [INFO] [AbilityPanel] Updating ability selection for UNIT_fire_dragon___NICKNAME_Giqe___707cdfdd-5166-44b6-88f2-9acf36e3cfb7
[2025-05-28 01:00:30] [INFO] [AbilityPanel] Finished ability selection for UNIT_fire_dragon___NICKNAME_Giqe___707cdfdd-5166-44b6-88f2-9acf36e3cfb7
[2025-05-28 01:00:30] [INFO] [MovementPanel] Started update to Movement Information panel.
[2025-05-28 01:00:30] [INFO] [MovementPanel] Finished update to Movement Information panel.
[2025-05-28 01:00:30] [INFO] [TimeLinePanel] Started updating the timeline panel after turn order has changed.
[2025-05-28 01:00:30] [INFO] [TimeLinePanel] Finished updating the timeline panel after turn order has changed.
[2025-05-28 01:00:30] [INFO] [SelectedTilePanel] Checksum updated, getting units at selected tiles.
[2025-05-28 01:00:30] [INFO] [SelectedTilePanel] Either no unit selected or more than one unit selected
[2025-05-28 01:00:30] [INFO] [VisualsSystem] Started creating blurred background
[2025-05-28 01:00:31] [INFO] [VisualsSystem] Finished creating blurred background after 0.4893224835395813 seconds
[2025-05-28 01:00:31] [INFO] [AbilitySystem] Started updating {} because of ability
[2025-05-28 01:00:31] [INFO] [AbilitySystem] Finished update updating {} because of ability
[2025-05-28 01:00:31] [INFO] [AbilitySystem] Started updating {} because of ability
[2025-05-28 01:00:31] [INFO] [AbilitySystem] Finished update updating {} because of ability
[2025-05-28 01:00:31] [INFO] [AbilitySystem] Started updating {} because of ability
[2025-05-28 01:00:31] [INFO] [AbilitySystem] Finished update updating {} because of ability
[2025-05-28 01:00:31] [INFO] [AbilitySystem] Started updating {} because of ability
[2025-05-28 01:00:31] [INFO] [AbilitySystem] Finished update updating {} because of ability
[2025-05-28 01:00:31] [INFO] [AbilitySystem] Started updating {} because of ability
[2025-05-28 01:00:31] [INFO] [AbilitySystem] Finished update updating {} because of ability
[2025-05-28 01:00:31] [INFO] [AbilitySystem] Started updating {} because of ability
[2025-05-28 01:00:31] [INFO] [AbilitySystem] Finished update updating {} because of ability
[2025-05-28 01:00:31] [INFO] [AbilitySystem] Started updating {} because of ability
[2025-05-28 01:00:31] [INFO] [AbilitySystem] Finished update updating {} because of ability
[2025-05-28 01:00:31] [INFO] [AbilitySystem] Started updating {} because of ability
[2025-05-28 01:00:31] [INFO] [AbilitySystem] Finished update updating {} because of ability
[2025-05-28 01:00:31] [INFO] [AbilityPanel] Updating ability selection for UNIT_fire_dragon___NICKNAME_Giqe___707cdfdd-5166-44b6-88f2-9acf36e3cfb7
[2025-05-28 01:00:31] [INFO] [AbilityPanel] Finished ability selection for UNIT_fire_dragon___NICKNAME_Giqe___707cdfdd-5166-44b6-88f2-9acf36e3cfb7
[2025-05-28 01:00:31] [INFO] [MovementPanel] Started update to Movement Information panel.
[2025-05-28 01:00:31] [INFO] [MovementPanel] Finished update to Movement Information panel.
[2025-05-28 01:00:31] [INFO] [AbilitySystem] Started updating {} because of ability
[2025-05-28 01:00:31] [INFO] [AbilitySystem] Finished update updating {} because of ability
[2025-05-28 01:00:31] [INFO] [AbilitySystem] Started updating {} because of ability
[2025-05-28 01:00:31] [INFO] [AbilitySystem] Finished update updating {} because of ability
[2025-05-28 01:00:31] [INFO] [AbilitySystem] Started updating {} because of ability
[2025-05-28 01:00:31] [INFO] [AbilitySystem] Finished update updating {} because of ability
[2025-05-28 01:00:31] [INFO] [AbilitySystem] Started updating {} because of ability
[2025-05-28 01:00:31] [INFO] [AbilitySystem] Finished update updating {} because of ability
[2025-05-28 01:00:31] [INFO] [AbilitySystem] Started updating {} because of ability
[2025-05-28 01:00:31] [INFO] [AbilitySystem] Finished update updating {} because of ability
[2025-05-28 01:00:31] [INFO] [AbilitySystem] Started updating {} because of ability
[2025-05-28 01:00:31] [INFO] [AbilitySystem] Finished update updating {} because of ability
[2025-05-28 01:00:31] [INFO] [AbilitySystem] Started updating {} because of ability
[2025-05-28 01:00:31] [INFO] [AbilitySystem] Finished update updating {} because of ability
[2025-05-28 01:00:31] [INFO] [AbilitySystem] Started updating {} because of ability
[2025-05-28 01:00:31] [INFO] [AbilitySystem] Finished update updating {} because of ability
[2025-05-28 01:00:31] [INFO] [AbilitySystem] Started updating {} because of ability
[2025-05-28 01:00:31] [INFO] [AbilitySystem] Finished update updating {} because of ability
[2025-05-28 01:00:32] [INFO] [InputHandler] Gliding 0 camera to new tile ROW_6___COLUMN_0___4316cf29-c9b2-49bc-a66c-d83dafe7d511
[2025-05-28 01:00:32] [INFO] [InputHandler] Gliding 1 camera to new tile ROW_6___COLUMN_0___4316cf29-c9b2-49bc-a66c-d83dafe7d511
[2025-05-28 01:00:32] [INFO] [StatisticsPanel] Started updating Statistics Information Panel for entity UNIT_fire_dragon___NICKNAME_Giqe___707cdfdd-5166-44b6-88f2-9acf36e3cfb7
[2025-05-28 01:00:33] [INFO] [StatisticsPanel] Finished updating Statistics Information Panel for entity UNIT_fire_dragon___NICKNAME_Giqe___707cdfdd-5166-44b6-88f2-9acf36e3cfb7
[2025-05-28 01:00:33] [INFO] [SelectedTilePanel] Checksum updated, getting units at selected tiles.
[2025-05-28 01:00:33] [INFO] [SelectedTilePanel] Updated selected tile display to view Giqe
[2025-05-28 01:00:34] [INFO] [InputHandler] Gliding 0 camera to new tile ROW_6___COLUMN_0___4316cf29-c9b2-49bc-a66c-d83dafe7d511
[2025-05-28 01:00:34] [INFO] [StatisticsPanel] Started updating statistics information panel
[2025-05-28 01:00:34] [INFO] [StatisticsPanel] Finished updating statistics information panel
[2025-05-28 01:00:34] [INFO] [MovementSystem] Updated movement range to 6 for Giqe
[2025-05-28 01:00:34] [INFO] [MovementSystem] Updated movement path from [6, 0] to [7, 4] for Giqe
[2025-05-28 01:00:34] [INFO] [MovementSystem] Updated movement range to 6 for Giqe
[2025-05-28 01:00:34] [INFO] [MovementSystem] Updated movement path from [6, 0] to [7, 4] for Giqe
[2025-05-28 01:00:34] [INFO] [MovementSystem] Updated movement path from [6, 0] to [7, 3] for Giqe
[2025-05-28 01:00:34] [INFO] [MovementSystem] Updated movement path from [6, 0] to [7, 3] for Giqe
[2025-05-28 01:00:34] [INFO] [MovementSystem] Updated movement path from [6, 0] to [6, 3] for Giqe
[2025-05-28 01:00:34] [INFO] [MovementSystem] Updated movement path from [6, 0] to [6, 3] for Giqe
[2025-05-28 01:00:34] [INFO] [MovementSystem] Updated movement path from [6, 0] to [6, 2] for Giqe
[2025-05-28 01:00:34] [INFO] [MovementSystem] Updated movement path from [6, 0] to [6, 2] for Giqe
[2025-05-28 01:00:34] [INFO] [MovementSystem] Updated movement path from [6, 0] to [5, 2] for Giqe
[2025-05-28 01:00:34] [INFO] [MovementSystem] Updated movement path from [6, 0] to [5, 2] for Giqe
[2025-05-28 01:00:34] [INFO] [MovementSystem] Updated movement path from [6, 0] to [5, 1] for Giqe
[2025-05-28 01:00:34] [INFO] [MovementSystem] Updated movement path from [6, 0] to [5, 1] for Giqe
[2025-05-28 01:00:35] [INFO] [Component] Setting UNIT_fire_dragon___NICKNAME_Giqe___707cdfdd-5166-44b6-88f2-9acf36e3cfb7 on to {"row":5,"column":1,"base_elevation":-5,"spawn_region":"Left","unit":"UNIT_fire_dragon___NICKNAME_Giqe___707cdfdd-5166-44b6-88f2-9acf36e3cfb7","layers":{"empty":false},"total_elevation":4}.
[2025-05-28 01:00:35] [INFO] [MovementSystem] Moved from [6, 0] to [5, 1]
[2025-05-28 01:00:35] [INFO] [SelectedTilePanel] Checksum updated, getting units at selected tiles.
[2025-05-28 01:00:35] [INFO] [SelectedTilePanel] Updated selected tile display to view Giqe
[2025-05-28 01:00:35] [INFO] [InputHandler] Gliding 0 camera to new tile ROW_5___COLUMN_1___ad19afd2-c997-42a1-bfbd-0592112fe7cd
[2025-05-28 01:00:35] [INFO] [InputHandler] Gliding 1 camera to new tile ROW_5___COLUMN_1___ad19afd2-c997-42a1-bfbd-0592112fe7cd
[2025-05-28 01:00:36] [INFO] [InputHandler] Gliding 0 camera to new tile ROW_5___COLUMN_1___ad19afd2-c997-42a1-bfbd-0592112fe7cd
[2025-05-28 01:00:36] [INFO] [GreaterAbilityPanel] Started updating Greater Ability Information Panel
[2025-05-28 01:00:36] [INFO] [GreaterAbilityPanel] Finished updating Greater Ability Information Panel
[2025-05-28 01:00:37] [INFO] [AbilityPanel] Selecting fire_attack
[2025-05-28 01:00:37] [INFO] [AbilitySystem] Giqe is planning to use fire_attack on null
[2025-05-28 01:00:37] [INFO] [AbilitySystem] Updated area of sight for Giqe, viewing 12 tiles
[2025-05-28 01:00:37] [INFO] [AbilitySystem] Updated line of sight for Giqe, viewing 1 tiles
[2025-05-28 01:00:37] [INFO] [AbilitySystem] Updated area of effect for Giqe viewing 0 tiles
[2025-05-28 01:00:37] [INFO] [AbilityDamageReport] Started constructing damage mappings for Giqe to use fire_attack
[2025-05-28 01:00:37] [INFO] [AbilityDamageReport] Finished constructing damage mappings for Giqe to use fire_attack
[2025-05-28 01:00:37] [INFO] [GreaterAbilityPanel] Started updating Greater Ability Information Panel
[2025-05-28 01:00:37] [INFO] [CombatSystem] Started constructing damage mappings for Giqe to use fire_attack
[2025-05-28 01:00:37] [INFO] [CombatSystem] Finished constructing damage mappings for Giqe to use fire_attack
[2025-05-28 01:00:37] [INFO] [CombatSystem] Started constructing cost mappings for Giqe to use fire_attack
[2025-05-28 01:00:37] [INFO] [CombatSystem] Finished constructing cost mappings for Giqe to use fire_attack
[2025-05-28 01:00:37] [INFO] [GreaterAbilityPanel] Finished updating Greater Ability Information Panel
[2025-05-28 01:00:38] [INFO] [AbilitySystem] Giqe is planning to use fire_attack on [7, 5]
[2025-05-28 01:00:38] [INFO] [AbilitySystem] Updated line of sight for Giqe, viewing 1 tiles
[2025-05-28 01:00:38] [INFO] [AbilitySystem] Updated area of effect for Giqe viewing 1 tiles
[2025-05-28 01:00:38] [INFO] [AbilityDamageReport] Started constructing damage mappings for Giqe to use fire_attack
[2025-05-28 01:00:38] [INFO] [AbilityDamageReport] Finished constructing damage mappings for Giqe to use fire_attack
[2025-05-28 01:00:38] [INFO] [GreaterAbilityPanel] Started updating Greater Ability Information Panel
[2025-05-28 01:00:38] [INFO] [CombatSystem] Started constructing damage mappings for Giqe to use fire_attack
[2025-05-28 01:00:38] [INFO] [CombatSystem] Finished constructing damage mappings for Giqe to use fire_attack
[2025-05-28 01:00:38] [INFO] [CombatSystem] Started constructing cost mappings for Giqe to use fire_attack
[2025-05-28 01:00:38] [INFO] [CombatSystem] Finished constructing cost mappings for Giqe to use fire_attack
[2025-05-28 01:00:38] [INFO] [GreaterAbilityPanel] Finished updating Greater Ability Information Panel
[2025-05-28 01:00:38] [INFO] [AbilitySystem] Giqe is planning to use fire_attack on [7, 4]
[2025-05-28 01:00:38] [INFO] [AbilitySystem] Updated line of sight for Giqe, viewing 1 tiles
[2025-05-28 01:00:38] [INFO] [AbilitySystem] Updated area of effect for Giqe viewing 1 tiles
[2025-05-28 01:00:38] [INFO] [AbilityDamageReport] Started constructing damage mappings for Giqe to use fire_attack
[2025-05-28 01:00:38] [INFO] [AbilityDamageReport] Finished constructing damage mappings for Giqe to use fire_attack
[2025-05-28 01:00:38] [INFO] [GreaterAbilityPanel] Started updating Greater Ability Information Panel
[2025-05-28 01:00:38] [INFO] [CombatSystem] Started constructing damage mappings for Giqe to use fire_attack
[2025-05-28 01:00:38] [INFO] [CombatSystem] Finished constructing damage mappings for Giqe to use fire_attack
[2025-05-28 01:00:38] [INFO] [CombatSystem] Started constructing cost mappings for Giqe to use fire_attack
[2025-05-28 01:00:38] [INFO] [CombatSystem] Finished constructing cost mappings for Giqe to use fire_attack
[2025-05-28 01:00:38] [INFO] [GreaterAbilityPanel] Finished updating Greater Ability Information Panel
[2025-05-28 01:00:38] [INFO] [AbilitySystem] Giqe is planning to use fire_attack on [6, 4]
[2025-05-28 01:00:38] [INFO] [AbilitySystem] Updated line of sight for Giqe, viewing 1 tiles
[2025-05-28 01:00:38] [INFO] [AbilitySystem] Updated area of effect for Giqe viewing 1 tiles
[2025-05-28 01:00:38] [INFO] [AbilityDamageReport] Started constructing damage mappings for Giqe to use fire_attack
[2025-05-28 01:00:38] [INFO] [AbilityDamageReport] Finished constructing damage mappings for Giqe to use fire_attack
[2025-05-28 01:00:38] [INFO] [GreaterAbilityPanel] Started updating Greater Ability Information Panel
[2025-05-28 01:00:38] [INFO] [CombatSystem] Started constructing damage mappings for Giqe to use fire_attack
[2025-05-28 01:00:38] [INFO] [CombatSystem] Finished constructing damage mappings for Giqe to use fire_attack
[2025-05-28 01:00:38] [INFO] [CombatSystem] Started constructing cost mappings for Giqe to use fire_attack
[2025-05-28 01:00:38] [INFO] [CombatSystem] Finished constructing cost mappings for Giqe to use fire_attack
[2025-05-28 01:00:38] [INFO] [GreaterAbilityPanel] Finished updating Greater Ability Information Panel
[2025-05-28 01:00:38] [INFO] [AbilitySystem] Giqe is planning to use fire_attack on [6, 3]
[2025-05-28 01:00:38] [INFO] [AbilitySystem] Updated line of sight for Giqe, viewing 1 tiles
[2025-05-28 01:00:38] [INFO] [AbilitySystem] Updated area of effect for Giqe viewing 1 tiles
[2025-05-28 01:00:38] [INFO] [AbilityDamageReport] Started constructing damage mappings for Giqe to use fire_attack
[2025-05-28 01:00:38] [INFO] [AbilityDamageReport] Finished constructing damage mappings for Giqe to use fire_attack
[2025-05-28 01:00:38] [INFO] [GreaterAbilityPanel] Started updating Greater Ability Information Panel
[2025-05-28 01:00:38] [INFO] [CombatSystem] Started constructing damage mappings for Giqe to use fire_attack
[2025-05-28 01:00:38] [INFO] [CombatSystem] Finished constructing damage mappings for Giqe to use fire_attack
[2025-05-28 01:00:38] [INFO] [CombatSystem] Started constructing cost mappings for Giqe to use fire_attack
[2025-05-28 01:00:38] [INFO] [CombatSystem] Finished constructing cost mappings for Giqe to use fire_attack
[2025-05-28 01:00:38] [INFO] [GreaterAbilityPanel] Finished updating Greater Ability Information Panel
[2025-05-28 01:00:38] [INFO] [AbilitySystem] Giqe is planning to use fire_attack on [5, 3]
[2025-05-28 01:00:38] [INFO] [AbilitySystem] Updated line of sight for Giqe, viewing 1 tiles
[2025-05-28 01:00:38] [INFO] [AbilitySystem] Updated area of effect for Giqe viewing 1 tiles
[2025-05-28 01:00:38] [INFO] [AbilityDamageReport] Started constructing damage mappings for Giqe to use fire_attack
[2025-05-28 01:00:38] [INFO] [AbilityDamageReport] Finished constructing damage mappings for Giqe to use fire_attack
[2025-05-28 01:00:38] [INFO] [GreaterAbilityPanel] Started updating Greater Ability Information Panel
[2025-05-28 01:00:38] [INFO] [CombatSystem] Started constructing damage mappings for Giqe to use fire_attack
[2025-05-28 01:00:38] [INFO] [CombatSystem] Finished constructing damage mappings for Giqe to use fire_attack
[2025-05-28 01:00:38] [INFO] [CombatSystem] Started constructing cost mappings for Giqe to use fire_attack
[2025-05-28 01:00:38] [INFO] [CombatSystem] Finished constructing cost mappings for Giqe to use fire_attack
[2025-05-28 01:00:38] [INFO] [GreaterAbilityPanel] Finished updating Greater Ability Information Panel
[2025-05-28 01:00:38] [INFO] [AbilitySystem] Giqe is planning to use fire_attack on [5, 2]
[2025-05-28 01:00:38] [INFO] [AbilitySystem] Updated line of sight for Giqe, viewing 1 tiles
[2025-05-28 01:00:38] [INFO] [AbilitySystem] Updated area of effect for Giqe viewing 1 tiles
[2025-05-28 01:00:38] [INFO] [AbilityDamageReport] Started constructing damage mappings for Giqe to use fire_attack
[2025-05-28 01:00:38] [INFO] [AbilityDamageReport] Finished constructing damage mappings for Giqe to use fire_attack
[2025-05-28 01:00:38] [INFO] [GreaterAbilityPanel] Started updating Greater Ability Information Panel
[2025-05-28 01:00:38] [INFO] [CombatSystem] Started constructing damage mappings for Giqe to use fire_attack
[2025-05-28 01:00:38] [INFO] [CombatSystem] Finished constructing damage mappings for Giqe to use fire_attack
[2025-05-28 01:00:38] [INFO] [CombatSystem] Started constructing cost mappings for Giqe to use fire_attack
[2025-05-28 01:00:38] [INFO] [CombatSystem] Finished constructing cost mappings for Giqe to use fire_attack
[2025-05-28 01:00:38] [INFO] [GreaterAbilityPanel] Finished updating Greater Ability Information Panel
[2025-05-28 01:00:38] [INFO] [AbilitySystem] Giqe is planning to use fire_attack on [5, 1]
[2025-05-28 01:00:38] [INFO] [AbilitySystem] Updated line of sight for Giqe, viewing 1 tiles
[2025-05-28 01:00:38] [INFO] [AbilitySystem] Updated area of effect for Giqe viewing 1 tiles
[2025-05-28 01:00:38] [INFO] [AbilityDamageReport] Started constructing damage mappings for Giqe to use fire_attack
[2025-05-28 01:00:38] [INFO] [AbilityDamageReport] Finished constructing damage mappings for Giqe to use fire_attack
[2025-05-28 01:00:39] [INFO] [AbilityDamageReport] Started constructing damage mappings for Giqe to use fire_attack
[2025-05-28 01:00:39] [INFO] [AbilityDamageReport] Finished constructing damage mappings for Giqe to use fire_attack
[2025-05-28 01:00:39] [INFO] [AbilityDamageReport] Started constructing damage mappings after defense Giqe to use fire_attack
[2025-05-28 01:00:39] [INFO] [AbilityDamageReport] Started calculating damage after modifiers for Giqe
[2025-05-28 01:00:39] [INFO] [AbilityDamageReport] 10.0 Raw damage before modifiers for fire_attack
[2025-05-28 01:00:39] [INFO] [AbilityDamageReport] Giqe lands a Same-Type-Attack-Bonus with fire_attack, for 12.0
[2025-05-28 01:00:39] [INFO] [AbilityDamageReport] 22.0 damage after modifiers for fire_attack
[2025-05-28 01:00:39] [INFO] [AbilityDamageReport] Finished calculating damage after modifiers for Giqe
[2025-05-28 01:00:39] [INFO] [AbilityDamageReport] Started calculating damage after defenses for Giqe
[2025-05-28 01:00:39] [INFO] [AbilityDamageReport] 22.0 Raw damage after defenses for fire_attack
[2025-05-28 01:00:39] [INFO] [AbilityDamageReport] Giqe defends with Same-Type-Defense-Bonus from fire_attack for 15.4
[2025-05-28 01:00:39] [INFO] [AbilityDamageReport] Finished calculating damage after defenses for Giqe
[2025-05-28 01:00:39] [INFO] [AbilityDamageReport] 6.0000005 damage after defenses for fire_attack
[2025-05-28 01:00:39] [INFO] [AbilityDamageReport] Finished constructing damage mappings after for Giqe to use fire_attack
[2025-05-28 01:00:39] [INFO] [GreaterAbilityPanel] Started updating Greater Ability Information Panel
[2025-05-28 01:00:39] [INFO] [CombatSystem] Started constructing damage mappings for Giqe to use fire_attack
[2025-05-28 01:00:39] [INFO] [CombatSystem] Finished constructing damage mappings for Giqe to use fire_attack
[2025-05-28 01:00:39] [INFO] [CombatSystem] Started constructing cost mappings for Giqe to use fire_attack
[2025-05-28 01:00:39] [INFO] [CombatSystem] Finished constructing cost mappings for Giqe to use fire_attack
[2025-05-28 01:00:39] [INFO] [GreaterAbilityPanel] Finished updating Greater Ability Information Panel
[2025-05-28 01:00:39] [INFO] [AbilitySystem] Giqe is planning to use fire_attack on [4, 1]
[2025-05-28 01:00:39] [INFO] [AbilitySystem] Updated line of sight for Giqe, viewing 1 tiles
[2025-05-28 01:00:39] [INFO] [AbilitySystem] Updated area of effect for Giqe viewing 1 tiles
[2025-05-28 01:00:39] [INFO] [AbilityDamageReport] Started constructing damage mappings for Giqe to use fire_attack
[2025-05-28 01:00:39] [INFO] [AbilityDamageReport] Finished constructing damage mappings for Giqe to use fire_attack
[2025-05-28 01:00:39] [INFO] [GreaterAbilityPanel] Started updating Greater Ability Information Panel
[2025-05-28 01:00:39] [INFO] [CombatSystem] Started constructing damage mappings for Giqe to use fire_attack
[2025-05-28 01:00:39] [INFO] [CombatSystem] Finished constructing damage mappings for Giqe to use fire_attack
[2025-05-28 01:00:39] [INFO] [CombatSystem] Started constructing cost mappings for Giqe to use fire_attack
[2025-05-28 01:00:39] [INFO] [CombatSystem] Finished constructing cost mappings for Giqe to use fire_attack
[2025-05-28 01:00:39] [INFO] [GreaterAbilityPanel] Finished updating Greater Ability Information Panel
[2025-05-28 01:00:39] [INFO] [AbilitySystem] Giqe is planning to use fire_attack on [4, 0]
[2025-05-28 01:00:39] [INFO] [AbilitySystem] Updated line of sight for Giqe, viewing 1 tiles
[2025-05-28 01:00:39] [INFO] [AbilitySystem] Updated area of effect for Giqe viewing 1 tiles
[2025-05-28 01:00:39] [INFO] [AbilityDamageReport] Started constructing damage mappings for Giqe to use fire_attack
[2025-05-28 01:00:39] [INFO] [AbilityDamageReport] Finished constructing damage mappings for Giqe to use fire_attack
[2025-05-28 01:00:39] [INFO] [GreaterAbilityPanel] Started updating Greater Ability Information Panel
[2025-05-28 01:00:39] [INFO] [CombatSystem] Started constructing damage mappings for Giqe to use fire_attack
[2025-05-28 01:00:39] [INFO] [CombatSystem] Finished constructing damage mappings for Giqe to use fire_attack
[2025-05-28 01:00:39] [INFO] [CombatSystem] Started constructing cost mappings for Giqe to use fire_attack
[2025-05-28 01:00:39] [INFO] [CombatSystem] Finished constructing cost mappings for Giqe to use fire_attack
[2025-05-28 01:00:39] [INFO] [GreaterAbilityPanel] Finished updating Greater Ability Information Panel
[2025-05-28 01:00:39] [INFO] [AbilitySystem] Giqe is planning to use fire_attack on [3, 0]
[2025-05-28 01:00:39] [INFO] [AbilitySystem] Updated line of sight for Giqe, viewing 1 tiles
[2025-05-28 01:00:39] [INFO] [AbilitySystem] Updated area of effect for Giqe viewing 1 tiles
[2025-05-28 01:00:39] [INFO] [AbilityDamageReport] Started constructing damage mappings for Giqe to use fire_attack
[2025-05-28 01:00:39] [INFO] [AbilityDamageReport] Finished constructing damage mappings for Giqe to use fire_attack
[2025-05-28 01:00:39] [INFO] [AbilityDamageReport] Started constructing damage mappings for Giqe to use fire_attack
[2025-05-28 01:00:39] [INFO] [AbilityDamageReport] Finished constructing damage mappings for Giqe to use fire_attack
[2025-05-28 01:00:39] [INFO] [AbilityDamageReport] Started constructing damage mappings after defense Giqe to use fire_attack
[2025-05-28 01:00:39] [INFO] [AbilityDamageReport] Started calculating damage after modifiers for Giqe
[2025-05-28 01:00:39] [INFO] [AbilityDamageReport] 10.0 Raw damage before modifiers for fire_attack
[2025-05-28 01:00:39] [INFO] [AbilityDamageReport] Giqe lands a Same-Type-Attack-Bonus with fire_attack, for 12.0
[2025-05-28 01:00:39] [INFO] [AbilityDamageReport] 22.0 damage after modifiers for fire_attack
[2025-05-28 01:00:39] [INFO] [AbilityDamageReport] Finished calculating damage after modifiers for Giqe
[2025-05-28 01:00:39] [INFO] [AbilityDamageReport] Started calculating damage after defenses for Rowesz
[2025-05-28 01:00:39] [INFO] [AbilityDamageReport] 22.0 Raw damage after defenses for fire_attack
[2025-05-28 01:00:39] [INFO] [AbilityDamageReport] Finished calculating damage after defenses for Rowesz
[2025-05-28 01:00:39] [INFO] [AbilityDamageReport] 20.0 damage after defenses for fire_attack
[2025-05-28 01:00:39] [INFO] [AbilityDamageReport] Finished constructing damage mappings after for Giqe to use fire_attack
[2025-05-28 01:00:39] [INFO] [GreaterAbilityPanel] Started updating Greater Ability Information Panel
[2025-05-28 01:00:39] [INFO] [CombatSystem] Started constructing damage mappings for Giqe to use fire_attack
[2025-05-28 01:00:39] [INFO] [CombatSystem] Finished constructing damage mappings for Giqe to use fire_attack
[2025-05-28 01:00:39] [INFO] [CombatSystem] Started constructing cost mappings for Giqe to use fire_attack
[2025-05-28 01:00:39] [INFO] [CombatSystem] Finished constructing cost mappings for Giqe to use fire_attack
[2025-05-28 01:00:39] [INFO] [GreaterAbilityPanel] Finished updating Greater Ability Information Panel
[2025-05-28 01:00:39] [INFO] [AbilitySystem] Giqe is planning to use fire_attack on null
[2025-05-28 01:00:39] [INFO] [AbilitySystem] Updated line of sight for Giqe, viewing 1 tiles
[2025-05-28 01:00:39] [INFO] [AbilitySystem] Updated area of effect for Giqe viewing 0 tiles
[2025-05-28 01:00:39] [INFO] [AbilityDamageReport] Started constructing damage mappings for Giqe to use fire_attack
[2025-05-28 01:00:39] [INFO] [AbilityDamageReport] Finished constructing damage mappings for Giqe to use fire_attack
[2025-05-28 01:00:39] [INFO] [GreaterAbilityPanel] Started updating Greater Ability Information Panel
[2025-05-28 01:00:39] [INFO] [CombatSystem] Started constructing damage mappings for Giqe to use fire_attack
[2025-05-28 01:00:39] [INFO] [CombatSystem] Finished constructing damage mappings for Giqe to use fire_attack
[2025-05-28 01:00:39] [INFO] [CombatSystem] Started constructing cost mappings for Giqe to use fire_attack
[2025-05-28 01:00:39] [INFO] [CombatSystem] Finished constructing cost mappings for Giqe to use fire_attack
[2025-05-28 01:00:39] [INFO] [GreaterAbilityPanel] Finished updating Greater Ability Information Panel
[2025-05-28 01:00:39] [INFO] [AbilitySystem] Giqe is planning to use fire_attack on [3, 0]
[2025-05-28 01:00:39] [INFO] [AbilitySystem] Updated line of sight for Giqe, viewing 1 tiles
[2025-05-28 01:00:39] [INFO] [AbilitySystem] Updated area of effect for Giqe viewing 1 tiles
[2025-05-28 01:00:39] [INFO] [AbilityDamageReport] Started constructing damage mappings for Giqe to use fire_attack
[2025-05-28 01:00:39] [INFO] [AbilityDamageReport] Finished constructing damage mappings for Giqe to use fire_attack
[2025-05-28 01:00:39] [INFO] [GreaterAbilityPanel] Started updating Greater Ability Information Panel
[2025-05-28 01:00:39] [INFO] [CombatSystem] Started constructing damage mappings for Giqe to use fire_attack
[2025-05-28 01:00:39] [INFO] [CombatSystem] Finished constructing damage mappings for Giqe to use fire_attack
[2025-05-28 01:00:39] [INFO] [CombatSystem] Started constructing cost mappings for Giqe to use fire_attack
[2025-05-28 01:00:39] [INFO] [CombatSystem] Finished constructing cost mappings for Giqe to use fire_attack
[2025-05-28 01:00:39] [INFO] [GreaterAbilityPanel] Finished updating Greater Ability Information Panel
[2025-05-28 01:00:39] [INFO] [AbilitySystem] Giqe is planning to use fire_attack on [4, 0]
[2025-05-28 01:00:39] [INFO] [AbilitySystem] Updated line of sight for Giqe, viewing 1 tiles
[2025-05-28 01:00:39] [INFO] [AbilitySystem] Updated area of effect for Giqe viewing 1 tiles
[2025-05-28 01:00:39] [INFO] [AbilityDamageReport] Started constructing damage mappings for Giqe to use fire_attack
[2025-05-28 01:00:39] [INFO] [AbilityDamageReport] Finished constructing damage mappings for Giqe to use fire_attack
[2025-05-28 01:00:39] [INFO] [GreaterAbilityPanel] Started updating Greater Ability Information Panel
[2025-05-28 01:00:39] [INFO] [CombatSystem] Started constructing damage mappings for Giqe to use fire_attack
[2025-05-28 01:00:39] [INFO] [CombatSystem] Finished constructing damage mappings for Giqe to use fire_attack
[2025-05-28 01:00:39] [INFO] [CombatSystem] Started constructing cost mappings for Giqe to use fire_attack
[2025-05-28 01:00:39] [INFO] [CombatSystem] Finished constructing cost mappings for Giqe to use fire_attack
[2025-05-28 01:00:39] [INFO] [GreaterAbilityPanel] Finished updating Greater Ability Information Panel
[2025-05-28 01:00:39] [INFO] [AbilitySystem] Giqe is planning to use fire_attack on [4, 1]
[2025-05-28 01:00:39] [INFO] [AbilitySystem] Updated line of sight for Giqe, viewing 1 tiles
[2025-05-28 01:00:39] [INFO] [AbilitySystem] Updated area of effect for Giqe viewing 1 tiles
[2025-05-28 01:00:39] [INFO] [AbilityDamageReport] Started constructing damage mappings for Giqe to use fire_attack
[2025-05-28 01:00:39] [INFO] [AbilityDamageReport] Finished constructing damage mappings for Giqe to use fire_attack
[2025-05-28 01:00:39] [INFO] [GreaterAbilityPanel] Started updating Greater Ability Information Panel
[2025-05-28 01:00:39] [INFO] [CombatSystem] Started constructing damage mappings for Giqe to use fire_attack
[2025-05-28 01:00:39] [INFO] [CombatSystem] Finished constructing damage mappings for Giqe to use fire_attack
[2025-05-28 01:00:39] [INFO] [CombatSystem] Started constructing cost mappings for Giqe to use fire_attack
[2025-05-28 01:00:39] [INFO] [CombatSystem] Finished constructing cost mappings for Giqe to use fire_attack
[2025-05-28 01:00:39] [INFO] [GreaterAbilityPanel] Finished updating Greater Ability Information Panel
[2025-05-28 01:00:39] [INFO] [AbilitySystem] Giqe is planning to use fire_attack on [5, 2]
[2025-05-28 01:00:39] [INFO] [AbilitySystem] Updated line of sight for Giqe, viewing 1 tiles
[2025-05-28 01:00:39] [INFO] [AbilitySystem] Updated area of effect for Giqe viewing 1 tiles
[2025-05-28 01:00:39] [INFO] [AbilityDamageReport] Started constructing damage mappings for Giqe to use fire_attack
[2025-05-28 01:00:39] [INFO] [AbilityDamageReport] Finished constructing damage mappings for Giqe to use fire_attack
[2025-05-28 01:00:39] [INFO] [GreaterAbilityPanel] Started updating Greater Ability Information Panel
[2025-05-28 01:00:39] [INFO] [CombatSystem] Started constructing damage mappings for Giqe to use fire_attack
[2025-05-28 01:00:39] [INFO] [CombatSystem] Finished constructing damage mappings for Giqe to use fire_attack
[2025-05-28 01:00:39] [INFO] [CombatSystem] Started constructing cost mappings for Giqe to use fire_attack
[2025-05-28 01:00:39] [INFO] [CombatSystem] Finished constructing cost mappings for Giqe to use fire_attack
[2025-05-28 01:00:39] [INFO] [GreaterAbilityPanel] Finished updating Greater Ability Information Panel
[2025-05-28 01:00:39] [INFO] [AbilitySystem] Giqe is planning to use fire_attack on [7, 5]
[2025-05-28 01:00:39] [INFO] [AbilitySystem] Updated line of sight for Giqe, viewing 1 tiles
[2025-05-28 01:00:39] [INFO] [AbilitySystem] Updated area of effect for Giqe viewing 1 tiles
[2025-05-28 01:00:39] [INFO] [AbilityDamageReport] Started constructing damage mappings for Giqe to use fire_attack
[2025-05-28 01:00:39] [INFO] [AbilityDamageReport] Finished constructing damage mappings for Giqe to use fire_attack
[2025-05-28 01:00:39] [INFO] [GreaterAbilityPanel] Started updating Greater Ability Information Panel
[2025-05-28 01:00:39] [INFO] [CombatSystem] Started constructing damage mappings for Giqe to use fire_attack
[2025-05-28 01:00:39] [INFO] [CombatSystem] Finished constructing damage mappings for Giqe to use fire_attack
[2025-05-28 01:00:39] [INFO] [CombatSystem] Started constructing cost mappings for Giqe to use fire_attack
[2025-05-28 01:00:39] [INFO] [CombatSystem] Finished constructing cost mappings for Giqe to use fire_attack
[2025-05-28 01:00:39] [INFO] [GreaterAbilityPanel] Finished updating Greater Ability Information Panel
[2025-05-28 01:00:39] [INFO] [AbilitySystem] Giqe is planning to use fire_attack on [7, 6]
[2025-05-28 01:00:39] [INFO] [AbilitySystem] Updated line of sight for Giqe, viewing 1 tiles
[2025-05-28 01:00:39] [INFO] [AbilitySystem] Updated area of effect for Giqe viewing 1 tiles
[2025-05-28 01:00:39] [INFO] [AbilityDamageReport] Started constructing damage mappings for Giqe to use fire_attack
[2025-05-28 01:00:39] [INFO] [AbilityDamageReport] Finished constructing damage mappings for Giqe to use fire_attack
[2025-05-28 01:00:39] [INFO] [GreaterAbilityPanel] Started updating Greater Ability Information Panel
[2025-05-28 01:00:39] [INFO] [CombatSystem] Started constructing damage mappings for Giqe to use fire_attack
[2025-05-28 01:00:39] [INFO] [CombatSystem] Finished constructing damage mappings for Giqe to use fire_attack
[2025-05-28 01:00:39] [INFO] [CombatSystem] Started constructing cost mappings for Giqe to use fire_attack
[2025-05-28 01:00:39] [INFO] [CombatSystem] Finished constructing cost mappings for Giqe to use fire_attack
[2025-05-28 01:00:39] [INFO] [GreaterAbilityPanel] Finished updating Greater Ability Information Panel
[2025-05-28 01:00:40] [INFO] [AbilitySystem] Giqe is planning to use fire_attack on null
[2025-05-28 01:00:40] [INFO] [AbilitySystem] Updated line of sight for Giqe, viewing 1 tiles
[2025-05-28 01:00:40] [INFO] [AbilitySystem] Updated area of effect for Giqe viewing 0 tiles
[2025-05-28 01:00:40] [INFO] [AbilityDamageReport] Started constructing damage mappings for Giqe to use fire_attack
[2025-05-28 01:00:40] [INFO] [AbilityDamageReport] Finished constructing damage mappings for Giqe to use fire_attack
[2025-05-28 01:00:40] [INFO] [GreaterAbilityPanel] Started updating Greater Ability Information Panel
[2025-05-28 01:00:40] [INFO] [CombatSystem] Started constructing damage mappings for Giqe to use fire_attack
[2025-05-28 01:00:40] [INFO] [CombatSystem] Finished constructing damage mappings for Giqe to use fire_attack
[2025-05-28 01:00:40] [INFO] [CombatSystem] Started constructing cost mappings for Giqe to use fire_attack
[2025-05-28 01:00:40] [INFO] [CombatSystem] Finished constructing cost mappings for Giqe to use fire_attack
[2025-05-28 01:00:40] [INFO] [GreaterAbilityPanel] Finished updating Greater Ability Information Panel
[2025-05-28 01:00:40] [INFO] [AbilitySystem] Giqe is planning to use fire_attack on [4, 0]
[2025-05-28 01:00:40] [INFO] [AbilitySystem] Updated line of sight for Giqe, viewing 1 tiles
[2025-05-28 01:00:40] [INFO] [AbilitySystem] Updated area of effect for Giqe viewing 1 tiles
[2025-05-28 01:00:40] [INFO] [AbilityDamageReport] Started constructing damage mappings for Giqe to use fire_attack
[2025-05-28 01:00:40] [INFO] [AbilityDamageReport] Finished constructing damage mappings for Giqe to use fire_attack
[2025-05-28 01:00:40] [INFO] [GreaterAbilityPanel] Started updating Greater Ability Information Panel
[2025-05-28 01:00:40] [INFO] [CombatSystem] Started constructing damage mappings for Giqe to use fire_attack
[2025-05-28 01:00:40] [INFO] [CombatSystem] Finished constructing damage mappings for Giqe to use fire_attack
[2025-05-28 01:00:40] [INFO] [CombatSystem] Started constructing cost mappings for Giqe to use fire_attack
[2025-05-28 01:00:40] [INFO] [CombatSystem] Finished constructing cost mappings for Giqe to use fire_attack
[2025-05-28 01:00:40] [INFO] [GreaterAbilityPanel] Finished updating Greater Ability Information Panel
[2025-05-28 01:00:40] [INFO] [AbilitySystem] Giqe is planning to use fire_attack on null
[2025-05-28 01:00:40] [INFO] [AbilitySystem] Updated line of sight for Giqe, viewing 1 tiles
[2025-05-28 01:00:40] [INFO] [AbilitySystem] Updated area of effect for Giqe viewing 0 tiles
[2025-05-28 01:00:40] [INFO] [AbilityDamageReport] Started constructing damage mappings for Giqe to use fire_attack
[2025-05-28 01:00:40] [INFO] [AbilityDamageReport] Finished constructing damage mappings for Giqe to use fire_attack
[2025-05-28 01:00:40] [INFO] [GreaterAbilityPanel] Started updating Greater Ability Information Panel
[2025-05-28 01:00:40] [INFO] [CombatSystem] Started constructing damage mappings for Giqe to use fire_attack
[2025-05-28 01:00:40] [INFO] [CombatSyste