[2025-04-01 18:25:40] [INFO] [UserSaveStateManager] Started loading user save data
[2025-04-01 18:25:40] [INFO] [UserSaveStateManager] Finished loading user save data
[2025-04-01 18:25:40] [INFO] [JsonDatabase] Started initializing JsonDatabase
[2025-04-01 18:25:40] [INFO] [JsonTable] Started initializing JsonTable
[2025-04-01 18:25:40] [INFO] [JsonTable] Successfully initialized JsonTable
[2025-04-01 18:25:40] [INFO] [JsonTable] Finished initializing JsonTable
[2025-04-01 18:25:40] [INFO] [JsonTable] Started initializing JsonTable
[2025-04-01 18:25:40] [INFO] [JsonTable] Successfully initialized JsonTable
[2025-04-01 18:25:40] [INFO] [JsonTable] Finished initializing JsonTable
[2025-04-01 18:25:40] [INFO] [JsonTable] Started initializing JsonTable
[2025-04-01 18:25:40] [INFO] [JsonTable] Successfully initialized JsonTable
[2025-04-01 18:25:40] [INFO] [JsonTable] Finished initializing JsonTable
[2025-04-01 18:25:40] [INFO] [JsonDatabase] Successfully initialized JsonDatabase
[2025-04-01 18:25:40] [INFO] [JsonDatabase] Finished initializing JsonDatabase
[2025-04-01 18:25:40] [INFO] [EngineController] Started setting scene to MENU_SCENE
[2025-04-01 18:25:40] [INFO] [EngineController] Finished setting scene to MENU_SCENE
[2025-04-01 18:25:40] [INFO] [EngineController] Started setting scene to MAP_EDITOR_SCENE
[2025-04-01 18:25:40] [INFO] [FontPool] Started initializing FontPool
[2025-04-01 18:25:40] [INFO] [FontPool] ✅ Successfully loaded font: Lilian
[2025-04-01 18:25:40] [INFO] [AssetPool] Started initializing AssetPool
[2025-04-01 18:25:40] [INFO] [AssetNameSpace] Started loading Sprite's from ./res/graphics
[2025-04-01 18:25:40] [INFO] [AssetNameSpace] Finished reading files for sprites
[2025-04-01 18:25:40] [INFO] [AssetNameSpace] Finished loading ./res/graphics
[2025-04-01 18:25:40] [INFO] [AssetPool] Finished initializing AssetPool
[2025-04-01 18:25:40] [INFO] [MapEditorScene] Starting to create new GameController!
[2025-04-01 18:25:40] [INFO] [MapEditorScene] Successfully created new GameController!
[2025-04-01 18:25:41] [INFO] [EngineController] Finished setting scene to MAP_EDITOR_SCENE
[2025-04-01 18:25:41] [INFO] [InputHandler] Gliding main.camera camera to new tile 1d1b3912-5365-4ea2-846b-829c45ec3c2f
[2025-04-01 18:25:41] [INFO] [VisualsSystem] Started creating blurred background
[2025-04-01 18:25:41] [INFO] [TimeLinePanel] Started updating the timeline panel after turn order has changed.
[2025-04-01 18:25:41] [INFO] [TimeLinePanel] Finished updating the timeline panel after turn order has changed.
[2025-04-01 18:25:41] [INFO] [SelectedTilePanel] Checksum updated, getting units at selected tiles.
[2025-04-01 18:25:41] [INFO] [SelectedTilePanel] Either no unit selected or more than one unit selected
[2025-04-01 18:25:41] [INFO] [VisualsSystem] Finished creating blurred background after 0.29080885648727417 seconds
[2025-04-01 18:25:42] [INFO] [MapEditorScene] Updated hoveredTilePanes 950,268
[2025-04-01 18:25:42] [INFO] [MapEditorScene] Updated hoveredTilePanes 933,281
[2025-04-01 18:25:42] [INFO] [MapEditorScene] Updated hoveredTilePanes 922,292
[2025-04-01 18:25:42] [INFO] [MapEditorScene] Updated hoveredTilePanes 906,305
[2025-04-01 18:25:42] [INFO] [MapEditorScene] Updated hoveredTilePanes 892,316
[2025-04-01 18:25:42] [INFO] [MapEditorScene] Updated hoveredTilePanes 879,327
[2025-04-01 18:25:42] [INFO] [MapEditorScene] Updated hoveredTilePanes 865,337
[2025-04-01 18:25:42] [INFO] [MapEditorScene] Updated hoveredTilePanes 855,346
[2025-04-01 18:25:42] [INFO] [MapEditorScene] Updated hoveredTilePanes 849,350
[2025-04-01 18:25:42] [INFO] [MapEditorScene] Updated hoveredTilePanes 833,363
[2025-04-01 18:25:42] [INFO] [MapEditorScene] Updated hoveredTilePanes 829,365
[2025-04-01 18:25:42] [INFO] [MapEditorScene] Updated hoveredTilePanes 822,371
[2025-04-01 18:25:42] [INFO] [MapEditorScene] Updated hoveredTilePanes 815,374
[2025-04-01 18:25:42] [INFO] [MapEditorScene] Updated hoveredTilePanes 810,379
[2025-04-01 18:25:42] [INFO] [MapEditorScene] Updated hoveredTilePanes 805,382
[2025-04-01 18:25:42] [INFO] [MapEditorScene] Updated hoveredTilePanes 801,385
[2025-04-01 18:25:42] [INFO] [MapEditorScene] Updated hoveredTilePanes 799,386
[2025-04-01 18:25:42] [INFO] [MapEditorScene] Updated hoveredTilePanes 797,387
[2025-04-01 18:25:42] [INFO] [MapEditorScene] Updated hoveredTilePanes 796,387
[2025-04-01 18:25:42] [INFO] [MapEditorScene] Updated hoveredTilePanes 795,388
[2025-04-01 18:25:42] [INFO] [MapEditorScene] Updated hoveredTilePanes 795,389
[2025-04-01 18:25:42] [INFO] [MapEditorScene] Updated hoveredTilePanes 793,395
[2025-04-01 18:25:42] [INFO] [MapEditorScene] Updated hoveredTilePanes 789,407
[2025-04-01 18:25:42] [INFO] [MapEditorScene] Updated hoveredTilePanes 783,418
[2025-04-01 18:25:42] [INFO] [MapEditorScene] Updated hoveredTilePanes 777,432
[2025-04-01 18:25:42] [INFO] [MapEditorScene] Updated hoveredTilePanes 769,444
[2025-04-01 18:25:42] [INFO] [MapEditorScene] Updated hoveredTilePanes 763,458
[2025-04-01 18:25:42] [INFO] [MapEditorScene] Updated hoveredTilePanes 755,473
[2025-04-01 18:25:42] [INFO] [MapEditorScene] Updated hoveredTilePanes 749,484
[2025-04-01 18:25:42] [INFO] [MapEditorScene] Updated hoveredTilePanes 746,489
[2025-04-01 18:25:42] [INFO] [MapEditorScene] Updated hoveredTilePanes 741,497
[2025-04-01 18:25:42] [INFO] [MapEditorScene] Updated hoveredTilePanes 738,501
[2025-04-01 18:25:42] [INFO] [MapEditorScene] Updated hoveredTilePanes 736,506
[2025-04-01 18:25:42] [INFO] [MapEditorScene] Updated hoveredTilePanes 735,508
[2025-04-01 18:25:42] [INFO] [MapEditorScene] Updated hoveredTilePanes 734,509
[2025-04-01 18:25:42] [INFO] [MapEditorScene] Updated hoveredTilePanes 733,511
[2025-04-01 18:25:42] [INFO] [MapEditorScene] Updated hoveredTilePanes 733,512
[2025-04-01 18:25:42] [INFO] [MapEditorScene] Updated hoveredTilePanes 733,513
[2025-04-01 18:25:42] [INFO] [SelectedTilePanel] Checksum updated, getting units at selected tiles.
[2025-04-01 18:25:42] [INFO] [SelectedTilePanel] Either no unit selected or more than one unit selected
[2025-04-01 18:25:42] [INFO] [MapEditorScene] Updated hoveredTilePanes 672,431
[2025-04-01 18:25:42] [INFO] [MapEditorScene] Updated hoveredTilePanes 668,422
[2025-04-01 18:25:42] [INFO] [MapEditorScene] Updated hoveredTilePanes 668,420
[2025-04-01 18:25:42] [INFO] [MapEditorScene] Updated hoveredTilePanes 666,416
[2025-04-01 18:25:42] [INFO] [MapEditorScene] Updated hoveredTilePanes 666,411
[2025-04-01 18:25:42] [INFO] [MapEditorScene] Updated hoveredTilePanes 666,408
[2025-04-01 18:25:43] [INFO] [MapEditorScene] Updated hoveredTilePanes 666,411
[2025-04-01 18:25:43] [INFO] [MapEditorScene] Updated hoveredTilePanes 666,414
[2025-04-01 18:25:43] [INFO] [MapEditorScene] Updated hoveredTilePanes 668,418
[2025-04-01 18:25:43] [INFO] [MapEditorScene] Updated hoveredTilePanes 671,423
[2025-04-01 18:25:43] [INFO] [MapEditorScene] Updated hoveredTilePanes 674,429
[2025-04-01 18:25:43] [INFO] [MapEditorScene] Updated hoveredTilePanes 677,434
[2025-04-01 18:25:43] [INFO] [MapEditorScene] Updated hoveredTilePanes 680,439
[2025-04-01 18:25:43] [INFO] [MapEditorScene] Updated hoveredTilePanes 683,444
[2025-04-01 18:25:43] [INFO] [MapEditorScene] Updated hoveredTilePanes 687,448
[2025-04-01 18:25:43] [INFO] [MapEditorScene] Updated hoveredTilePanes 690,452
[2025-04-01 18:25:43] [INFO] [MapEditorScene] Updated hoveredTilePanes 691,454
[2025-04-01 18:25:43] [INFO] [MapEditorScene] Updated hoveredTilePanes 694,458
[2025-04-01 18:25:43] [INFO] [MapEditorScene] Updated hoveredTilePanes 695,460
[2025-04-01 18:25:43] [INFO] [MapEditorScene] Updated hoveredTilePanes 697,462
[2025-04-01 18:25:43] [INFO] [MapEditorScene] Updated hoveredTilePanes 698,464
[2025-04-01 18:25:43] [INFO] [MapEditorScene] Updated hoveredTilePanes 699,465
[2025-04-01 18:25:43] [INFO] [MapEditorScene] Updated hoveredTilePanes 700,467
[2025-04-01 18:25:43] [INFO] [MapEditorScene] Updated hoveredTilePanes 700,468
[2025-04-01 18:25:43] [INFO] [MapEditorScene] Updated hoveredTilePanes 701,469
[2025-04-01 18:25:43] [INFO] [MapEditorScene] Updated hoveredTilePanes 701,470
[2025-04-01 18:25:43] [INFO] [MapEditorScene] Updated hoveredTilePanes 701,471
[2025-04-01 18:25:43] [INFO] [MapEditorScene] Updated hoveredTilePanes 701,472
[2025-04-01 18:25:43] [INFO] [SelectedTilePanel] Checksum updated, getting units at selected tiles.
[2025-04-01 18:25:43] [INFO] [SelectedTilePanel] Either no unit selected or more than one unit selected
[2025-04-01 18:25:43] [INFO] [MapEditorScene] Updated hoveredTilePanes 610,428
[2025-04-01 18:25:43] [INFO] [MapEditorScene] Updated hoveredTilePanes 597,418
[2025-04-01 18:25:43] [INFO] [MapEditorScene] Updated hoveredTilePanes 584,410
[2025-04-01 18:25:43] [INFO] [MapEditorScene] Updated hoveredTilePanes 583,409
[2025-04-01 18:25:43] [INFO] [MapEditorScene] Updated hoveredTilePanes 579,406
[2025-04-01 18:25:43] [INFO] [MapEditorScene] Updated hoveredTilePanes 576,404
[2025-04-01 18:25:43] [INFO] [MapEditorScene] Updated hoveredTilePanes 574,408
[2025-04-01 18:25:44] [INFO] [MapEditorScene] Updated hoveredTilePanes 571,412
[2025-04-01 18:25:44] [INFO] [MapEditorScene] Updated hoveredTilePanes 568,415
[2025-04-01 18:25:44] [INFO] [MapEditorScene] Updated hoveredTilePanes 565,418
[2025-04-01 18:25:44] [INFO] [MapEditorScene] Updated hoveredTilePanes 563,421
[2025-04-01 18:25:44] [INFO] [MapEditorScene] Updated hoveredTilePanes 560,423
[2025-04-01 18:25:44] [INFO] [MapEditorScene] Updated hoveredTilePanes 558,427
[2025-04-01 18:25:44] [INFO] [MapEditorScene] Updated hoveredTilePanes 555,429
[2025-04-01 18:25:44] [INFO] [MapEditorScene] Updated hoveredTilePanes 552,433
[2025-04-01 18:25:44] [INFO] [MapEditorScene] Updated hoveredTilePanes 550,436
[2025-04-01 18:25:44] [INFO] [MapEditorScene] Updated hoveredTilePanes 546,440
[2025-04-01 18:25:44] [INFO] [MapEditorScene] Updated hoveredTilePanes 543,443
[2025-04-01 18:25:44] [INFO] [MapEditorScene] Updated hoveredTilePanes 540,447
[2025-04-01 18:25:44] [INFO] [MapEditorScene] Updated hoveredTilePanes 538,451
[2025-04-01 18:25:44] [INFO] [MapEditorScene] Updated hoveredTilePanes 535,455
[2025-04-01 18:25:44] [INFO] [MapEditorScene] Updated hoveredTilePanes 533,457
[2025-04-01 18:25:44] [INFO] [MapEditorScene] Updated hoveredTilePanes 532,458
[2025-04-01 18:25:44] [INFO] [MapEditorScene] Updated hoveredTilePanes 531,459
[2025-04-01 18:25:44] [INFO] [MapEditorScene] Updated hoveredTilePanes 531,460
[2025-04-01 18:25:44] [INFO] [MapEditorScene] Updated hoveredTilePanes 530,461
[2025-04-01 18:25:44] [INFO] [MapEditorScene] Updated hoveredTilePanes 530,462
[2025-04-01 18:25:44] [INFO] [MapEditorScene] Updated hoveredTilePanes 530,463
[2025-04-01 18:25:44] [INFO] [SelectedTilePanel] Checksum updated, getting units at selected tiles.
[2025-04-01 18:25:44] [INFO] [SelectedTilePanel] Either no unit selected or more than one unit selected
[2025-04-01 18:25:44] [INFO] [MapEditorScene] Updated hoveredTilePanes 612,463
[2025-04-01 18:25:44] [INFO] [MapEditorScene] Updated hoveredTilePanes 640,463
[2025-04-01 18:25:44] [INFO] [MapEditorScene] Updated hoveredTilePanes 648,463
[2025-04-01 18:25:44] [INFO] [MapEditorScene] Updated hoveredTilePanes 672,463
[2025-04-01 18:25:44] [INFO] [MapEditorScene] Updated hoveredTilePanes 693,463
[2025-04-01 18:25:44] [INFO] [MapEditorScene] Updated hoveredTilePanes 697,463
[2025-04-01 18:25:44] [INFO] [MapEditorScene] Updated hoveredTilePanes 709,463
[2025-04-01 18:25:44] [INFO] [MapEditorScene] Updated hoveredTilePanes 715,463
[2025-04-01 18:25:44] [INFO] [MapEditorScene] Updated hoveredTilePanes 720,463
[2025-04-01 18:25:44] [INFO] [MapEditorScene] Updated hoveredTilePanes 723,463
[2025-04-01 18:25:44] [INFO] [MapEditorScene] Updated hoveredTilePanes 723,462
[2025-04-01 18:25:44] [INFO] [MapEditorScene] Updated hoveredTilePanes 723,459
[2025-04-01 18:25:44] [INFO] [MapEditorScene] Updated hoveredTilePanes 723,457
[2025-04-01 18:25:44] [INFO] [MapEditorScene] Updated hoveredTilePanes 722,454
[2025-04-01 18:25:44] [INFO] [MapEditorScene] Updated hoveredTilePanes 721,451
[2025-04-01 18:25:44] [INFO] [MapEditorScene] Updated hoveredTilePanes 719,449
[2025-04-01 18:25:44] [INFO] [MapEditorScene] Updated hoveredTilePanes 718,445
[2025-04-01 18:25:44] [INFO] [MapEditorScene] Updated hoveredTilePanes 714,439
[2025-04-01 18:25:44] [INFO] [MapEditorScene] Updated hoveredTilePanes 712,432
[2025-04-01 18:25:44] [INFO] [MapEditorScene] Updated hoveredTilePanes 708,423
[2025-04-01 18:25:44] [INFO] [MapEditorScene] Updated hoveredTilePanes 707,420
[2025-04-01 18:25:44] [INFO] [MapEditorScene] Updated hoveredTilePanes 701,406
[2025-04-01 18:25:44] [INFO] [MapEditorScene] Updated hoveredTilePanes 698,397
[2025-04-01 18:25:44] [INFO] [MapEditorScene] Updated hoveredTilePanes 694,389
[2025-04-01 18:25:44] [INFO] [MapEditorScene] Updated hoveredTilePanes 693,384
[2025-04-01 18:25:44] [INFO] [MapEditorScene] Updated hoveredTilePanes 689,377
[2025-04-01 18:25:44] [INFO] [MapEditorScene] Updated hoveredTilePanes 686,369
[2025-04-01 18:25:44] [INFO] [MapEditorScene] Updated hoveredTilePanes 682,362
[2025-04-01 18:25:44] [INFO] [MapEditorScene] Updated hoveredTilePanes 680,357
[2025-04-01 18:25:44] [INFO] [MapEditorScene] Updated hoveredTilePanes 677,351
[2025-04-01 18:25:44] [INFO] [MapEditorScene] Updated hoveredTilePanes 675,346
[2025-04-01 18:25:44] [INFO] [MapEditorScene] Updated hoveredTilePanes 673,343
[2025-04-01 18:25:44] [INFO] [MapEditorScene] Updated hoveredTilePanes 672,339
[2025-04-01 18:25:44] [INFO] [MapEditorScene] Updated hoveredTilePanes 671,338
[2025-04-01 18:25:44] [INFO] [MapEditorScene] Updated hoveredTilePanes 671,336
[2025-04-01 18:25:44] [INFO] [MapEditorScene] Updated hoveredTilePanes 670,335
[2025-04-01 18:25:45] [INFO] [SelectedTilePanel] Checksum updated, getting units at selected tiles.
[2025-04-01 18:25:45] [INFO] [SelectedTilePanel] Either no unit selected or more than one unit selected
[2025-04-01 18:25:45] [INFO] [MapEditorScene] Updated hoveredTilePanes 682,350
[2025-04-01 18:25:45] [INFO] [MapEditorScene] Updated hoveredTilePanes 685,352
[2025-04-01 18:25:45] [INFO] [MapEditorScene] Updated hoveredTilePanes 686,354
[2025-04-01 18:25:45] [INFO] [MapEditorScene] Updated hoveredTilePanes 687,356
[2025-04-01 18:25:45] [INFO] [MapEditorScene] Updated hoveredTilePanes 688,359
[2025-04-01 18:25:45] [INFO] [MapEditorScene] Updated hoveredTilePanes 691,362
[2025-04-01 18:25:45] [INFO] [MapEditorScene] Updated hoveredTilePanes 695,362
[2025-04-01 18:25:45] [INFO] [MapEditorScene] Updated hoveredTilePanes 698,362
[2025-04-01 18:25:45] [INFO] [MapEditorScene] Updated hoveredTilePanes 701,362
[2025-04-01 18:25:45] [INFO] [MapEditorScene] Updated hoveredTilePanes 706,363
[2025-04-01 18:25:45] [INFO] [MapEditorScene] Updated hoveredTilePanes 709,363
[2025-04-01 18:25:45] [INFO] [MapEditorScene] Updated hoveredTilePanes 714,364
[2025-04-01 18:25:45] [INFO] [MapEditorScene] Updated hoveredTilePanes 717,366
[2025-04-01 18:25:45] [INFO] [MapEditorScene] Updated hoveredTilePanes 722,367
[2025-04-01 18:25:45] [INFO] [MapEditorScene] Updated hoveredTilePanes 725,368
[2025-04-01 18:25:45] [INFO] [MapEditorScene] Updated hoveredTilePanes 728,368
[2025-04-01 18:25:45] [INFO] [MapEditorScene] Updated hoveredTilePanes 731,370
[2025-04-01 18:25:45] [INFO] [MapEditorScene] Updated hoveredTilePanes 733,371
[2025-04-01 18:25:45] [INFO] [MapEditorScene] Updated hoveredTilePanes 736,372
[2025-04-01 18:25:45] [INFO] [MapEditorScene] Updated hoveredTilePanes 738,372
[2025-04-01 18:25:45] [INFO] [MapEditorScene] Updated hoveredTilePanes 740,373
[2025-04-01 18:25:45] [INFO] [MapEditorScene] Updated hoveredTilePanes 741,373
[2025-04-01 18:25:45] [INFO] [MapEditorScene] Updated hoveredTilePanes 743,374
[2025-04-01 18:25:45] [INFO] [MapEditorScene] Updated hoveredTilePanes 745,374
[2025-04-01 18:25:45] [INFO] [MapEditorScene] Updated hoveredTilePanes 747,374
[2025-04-01 18:25:45] [INFO] [MapEditorScene] Updated hoveredTilePanes 749,375
[2025-04-01 18:25:45] [INFO] [MapEditorScene] Updated hoveredTilePanes 751,375
[2025-04-01 18:25:45] [INFO] [MapEditorScene] Updated hoveredTilePanes 754,376
[2025-04-01 18:25:45] [INFO] [MapEditorScene] Updated hoveredTilePanes 756,376
[2025-04-01 18:25:45] [INFO] [MapEditorScene] Updated hoveredTilePanes 759,377
[2025-04-01 18:25:45] [INFO] [MapEditorScene] Updated hoveredTilePanes 762,377
[2025-04-01 18:25:45] [INFO] [MapEditorScene] Updated hoveredTilePanes 765,378
[2025-04-01 18:25:45] [INFO] [MapEditorScene] Updated hoveredTilePanes 769,379
[2025-04-01 18:25:45] [INFO] [MapEditorScene] Updated hoveredTilePanes 772,380
[2025-04-01 18:25:45] [INFO] [MapEditorScene] Updated hoveredTilePanes 775,381
[2025-04-01 18:25:45] [INFO] [MapEditorScene] Updated hoveredTilePanes 778,381
[2025-04-01 18:25:45] [INFO] [MapEditorScene] Updated hoveredTilePanes 782,381
[2025-04-01 18:25:45] [INFO] [MapEditorScene] Updated hoveredTilePanes 787,382
[2025-04-01 18:25:45] [INFO] [MapEditorScene] Updated hoveredTilePanes 790,383
[2025-04-01 18:25:45] [INFO] [MapEditorScene] Updated hoveredTilePanes 793,384
[2025-04-01 18:25:45] [INFO] [MapEditorScene] Updated hoveredTilePanes 796,385
[2025-04-01 18:25:45] [INFO] [MapEditorScene] Updated hoveredTilePanes 799,386
[2025-04-01 18:25:46] [INFO] [MapEditorScene] Updated hoveredTilePanes 801,386
[2025-04-01 18:25:46] [INFO] [MapEditorScene] Updated hoveredTilePanes 803,387
[2025-04-01 18:25:46] [INFO] [MapEditorScene] Updated hoveredTilePanes 805,387
[2025-04-01 18:25:46] [INFO] [MapEditorScene] Updated hoveredTilePanes 806,387
[2025-04-01 18:25:46] [INFO] [MapEditorScene] Updated hoveredTilePanes 807,387
[2025-04-01 18:25:46] [INFO] [MapEditorScene] Updated hoveredTilePanes 810,387
[2025-04-01 18:25:46] [INFO] [MapEditorScene] Updated hoveredTilePanes 819,387
[2025-04-01 18:25:46] [INFO] [MapEditorScene] Updated hoveredTilePanes 822,387
[2025-04-01 18:25:46] [INFO] [MapEditorScene] Updated hoveredTilePanes 827,387
[2025-04-01 18:25:46] [INFO] [MapEditorScene] Updated hoveredTilePanes 834,387
[2025-04-01 18:25:46] [INFO] [MapEditorScene] Updated hoveredTilePanes 845,387
[2025-04-01 18:25:46] [INFO] [MapEditorScene] Updated hoveredTilePanes 848,387
[2025-04-01 18:25:46] [INFO] [MapEditorScene] Updated hoveredTilePanes 859,387
[2025-04-01 18:25:46] [INFO] [MapEditorScene] Updated hoveredTilePanes 864,388
[2025-04-01 18:25:46] [INFO] [MapEditorScene] Updated hoveredTilePanes 875,391
[2025-04-01 18:25:46] [INFO] [MapEditorScene] Updated hoveredTilePanes 884,392
[2025-04-01 18:25:46] [INFO] [MapEditorScene] Updated hoveredTilePanes 893,395
[2025-04-01 18:25:46] [INFO] [MapEditorScene] Updated hoveredTilePanes 901,396
[2025-04-01 18:25:46] [INFO] [MapEditorScene] Updated hoveredTilePanes 913,399
[2025-04-01 18:25:46] [INFO] [MapEditorScene] Updated hoveredTilePanes 921,401
[2025-04-01 18:25:46] [INFO] [MapEditorScene] Updated hoveredTilePanes 925,402
[2025-04-01 18:25:46] [INFO] [MapEditorScene] Updated hoveredTilePanes 933,403
[2025-04-01 18:25:46] [INFO] [MapEditorScene] Updated hoveredTilePanes 938,404
[2025-04-01 18:25:46] [INFO] [MapEditorScene] Updated hoveredTilePanes 943,405
[2025-04-01 18:25:46] [INFO] [MapEditorScene] Updated hoveredTilePanes 946,405
[2025-04-01 18:25:46] [INFO] [MapEditorScene] Updated hoveredTilePanes 948,405
[2025-04-01 18:25:46] [INFO] [MapEditorScene] Updated hoveredTilePanes 949,405
[2025-04-01 18:25:46] [INFO] [MapEditorScene] Updated hoveredTilePanes 950,405
[2025-04-01 18:25:46] [INFO] [MapEditorScene] Updated hoveredTilePanes 951,405
[2025-04-01 18:25:47] [INFO] [MapEditorScene] Updated hoveredTilePanes 955,405
[2025-04-01 18:25:47] [INFO] [MapEditorScene] Updated hoveredTilePanes 958,405
[2025-04-01 18:25:47] [INFO] [MapEditorScene] Updated hoveredTilePanes 964,405
[2025-04-01 18:25:47] [INFO] [MapEditorScene] Updated hoveredTilePanes 971,405
[2025-04-01 18:25:47] [INFO] [MapEditorScene] Updated hoveredTilePanes 974,406
[2025-04-01 18:25:47] [INFO] [MapEditorScene] Updated hoveredTilePanes 981,407
[2025-04-01 18:25:47] [INFO] [MapEditorScene] Updated hoveredTilePanes 992,411
[2025-04-01 18:25:47] [INFO] [MapEditorScene] Updated hoveredTilePanes 1000,414
[2025-04-01 18:25:47] [INFO] [MapEditorScene] Updated hoveredTilePanes 1007,416
[2025-04-01 18:25:47] [INFO] [MapEditorScene] Updated hoveredTilePanes 1016,419
[2025-04-01 18:25:47] [INFO] [MapEditorScene] Updated hoveredTilePanes 1025,422
[2025-04-01 18:25:47] [INFO] [MapEditorScene] Updated hoveredTilePanes 1033,426
[2025-04-01 18:25:47] [INFO] [MapEditorScene] Updated hoveredTilePanes 1042,430
[2025-04-01 18:25:47] [INFO] [MapEditorScene] Updated hoveredTilePanes 1051,432
[2025-04-01 18:25:47] [INFO] [MapEditorScene] Updated hoveredTilePanes 1059,436
[2025-04-01 18:25:47] [INFO] [MapEditorScene] Updated hoveredTilePanes 1064,437
[2025-04-01 18:25:47] [INFO] [MapEditorScene] Updated hoveredTilePanes 1071,439
[2025-04-01 18:25:47] [INFO] [MapEditorScene] Updated hoveredTilePanes 1080,442
[2025-04-01 18:25:47] [INFO] [MapEditorScene] Updated hoveredTilePanes 1086,443
[2025-04-01 18:25:47] [INFO] [MapEditorScene] Updated hoveredTilePanes 1091,445
[2025-04-01 18:25:47] [INFO] [MapEditorScene] Updated hoveredTilePanes 1097,446
[2025-04-01 18:25:47] [INFO] [MapEditorScene] Updated hoveredTilePanes 1102,447
[2025-04-01 18:25:47] [INFO] [MapEditorScene] Updated hoveredTilePanes 1107,448
[2025-04-01 18:25:47] [INFO] [MapEditorScene] Updated hoveredTilePanes 1112,448
[2025-04-01 18:25:47] [INFO] [MapEditorScene] Updated hoveredTilePanes 1117,448
[2025-04-01 18:25:47] [INFO] [MapEditorScene] Updated hoveredTilePanes 1120,448
[2025-04-01 18:25:47] [INFO] [MapEditorScene] Updated hoveredTilePanes 1125,448
[2025-04-01 18:25:48] [INFO] [MapEditorScene] Updated hoveredTilePanes 1122,318
[2025-04-01 18:25:48] [INFO] [MapEditorScene] Updated hoveredTilePanes 1108,316
[2025-04-01 18:25:49] [INFO] [MapEditorScene] Updated hoveredTilePanes 1092,311
[2025-04-01 18:25:49] [INFO] [MapEditorScene] Updated hoveredTilePanes 1071,308
[2025-04-01 18:25:49] [INFO] [MapEditorScene] Updated hoveredTilePanes 1030,297
[2025-04-01 18:25:49] [INFO] [MapEditorScene] Updated hoveredTilePanes 998,288
[2025-04-01 18:25:49] [INFO] [MapEditorScene] Updated hoveredTilePanes 966,279
[2025-04-01 18:25:49] [INFO] [MapEditorScene] Updated hoveredTilePanes 925,271
[2025-04-01 18:25:49] [INFO] [MapEditorScene] Updated hoveredTilePanes 883,261
[2025-04-01 18:25:49] [INFO] [MapEditorScene] Updated hoveredTilePanes 842,251
[2025-04-01 18:25:49] [INFO] [MapEditorScene] Updated hoveredTilePanes 802,243
[2025-04-01 18:25:49] [INFO] [MapEditorScene] Updated hoveredTilePanes 785,240
[2025-04-01 18:25:49] [INFO] [MapEditorScene] Updated hoveredTilePanes 748,233
[2025-04-01 18:25:49] [INFO] [MapEditorScene] Updated hoveredTilePanes 716,226
[2025-04-01 18:25:49] [INFO] [MapEditorScene] Updated hoveredTilePanes 684,221
[2025-04-01 18:25:49] [INFO] [MapEditorScene] Updated hoveredTilePanes 656,217
[2025-04-01 18:25:49] [INFO] [MapEditorScene] Updated hoveredTilePanes 636,215
[2025-04-01 18:25:49] [INFO] [MapEditorScene] Updated hoveredTilePanes 629,215
[2025-04-01 18:25:49] [INFO] [MapEditorScene] Updated hoveredTilePanes 616,214
[2025-04-01 18:25:49] [INFO] [MapEditorScene] Updated hoveredTilePanes 604,212
[2025-04-01 18:25:49] [INFO] [MapEditorScene] Updated hoveredTilePanes 598,212
[2025-04-01 18:25:49] [INFO] [MapEditorScene] Updated hoveredTilePanes 593,212
[2025-04-01 18:25:49] [INFO] [MapEditorScene] Updated hoveredTilePanes 591,212
[2025-04-01 18:25:49] [INFO] [MapEditorScene] Updated hoveredTilePanes 590,212
[2025-04-01 18:25:49] [INFO] [MapEditorScene] Updated hoveredTilePanes 584,210
[2025-04-01 18:25:49] [INFO] [MapEditorScene] Updated hoveredTilePanes 577,208
[2025-04-01 18:25:49] [INFO] [MapEditorScene] Updated hoveredTilePanes 566,203
[2025-04-01 18:25:49] [INFO] [MapEditorScene] Updated hoveredTilePanes 557,199
[2025-04-01 18:25:49] [INFO] [MapEditorScene] Updated hoveredTilePanes 536,189
[2025-04-01 18:25:49] [INFO] [MapEditorScene] Updated hoveredTilePanes 514,177
[2025-04-01 18:25:49] [INFO] [MapEditorScene] Updated hoveredTilePanes 492,167
[2025-04-01 18:25:49] [INFO] [MapEditorScene] Updated hoveredTilePanes 466,154
[2025-04-01 18:25:49] [INFO] [MapEditorScene] Updated hoveredTilePanes 441,139
[2025-04-01 18:25:49] [INFO] [MapEditorScene] Updated hoveredTilePanes 419,127
[2025-04-01 18:25:49] [INFO] [MapEditorScene] Updated hoveredTilePanes 397,115
[2025-04-01 18:25:49] [INFO] [MapEditorScene] Updated hoveredTilePanes 376,104
[2025-04-01 18:25:49] [INFO] [MapEditorScene] Updated hoveredTilePanes 357,93
[2025-04-01 18:25:49] [INFO] [MapEditorScene] Updated hoveredTilePanes 342,84
[2025-04-01 18:25:49] [INFO] [MapEditorScene] Updated hoveredTilePanes 327,74
[2025-04-01 18:25:49] [INFO] [MapEditorScene] Updated hoveredTilePanes 313,68
[2025-04-01 18:25:49] [INFO] [MapEditorScene] Updated hoveredTilePanes 299,62
[2025-04-01 18:25:49] [INFO] [MapEditorScene] Updated hoveredTilePanes 285,57
[2025-04-01 18:25:49] [INFO] [MapEditorScene] Updated hoveredTilePanes 271,51
[2025-04-01 18:25:49] [INFO] [MapEditorScene] Updated hoveredTilePanes 257,48
[2025-04-01 18:25:49] [INFO] [MapEditorScene] Updated hoveredTilePanes 253,46
[2025-04-01 18:25:49] [INFO] [MapEditorScene] Updated hoveredTilePanes 244,44
[2025-04-01 18:25:49] [INFO] [MapEditorScene] Updated hoveredTilePanes 235,41
[2025-04-01 18:25:49] [INFO] [MapEditorScene] Updated hoveredTilePanes 228,39
[2025-04-01 18:25:49] [INFO] [MapEditorScene] Updated hoveredTilePanes 222,37
[2025-04-01 18:25:49] [INFO] [MapEditorScene] Updated hoveredTilePanes 217,36
[2025-04-01 18:25:49] [INFO] [MapEditorScene] Updated hoveredTilePanes 212,34
[2025-04-01 18:25:49] [INFO] [MapEditorScene] Updated hoveredTilePanes 207,33
[2025-04-01 18:25:49] [INFO] [MapEditorScene] Updated hoveredTilePanes 204,31
[2025-04-01 18:25:49] [INFO] [MapEditorScene] Updated hoveredTilePanes 199,30
[2025-04-01 18:25:49] [INFO] [MapEditorScene] Updated hoveredTilePanes 195,29
[2025-04-01 18:25:49] [INFO] [MapEditorScene] Updated hoveredTilePanes 190,28
[2025-04-01 18:25:49] [INFO] [MapEditorScene] Updated hoveredTilePanes 185,28
[2025-04-01 18:25:49] [INFO] [MapEditorScene] Updated hoveredTilePanes 180,27
[2025-04-01 18:25:49] [INFO] [MapEditorScene] Updated hoveredTilePanes 174,26
[2025-04-01 18:25:49] [INFO] [MapEditorScene] Updated hoveredTilePanes 169,26
[2025-04-01 18:25:49] [INFO] [MapEditorScene] Updated hoveredTilePanes 162,25
[2025-04-01 18:25:49] [INFO] [MapEditorScene] Updated hoveredTilePanes 156,25
[2025-04-01 18:25:49] [INFO] [MapEditorScene] Updated hoveredTilePanes 151,24
[2025-04-01 18:25:49] [INFO] [MapEditorScene] Updated hoveredTilePanes 144,24
[2025-04-01 18:25:49] [INFO] [MapEditorScene] Updated hoveredTilePanes 140,23
[2025-04-01 18:25:49] [INFO] [MapEditorScene] Updated hoveredTilePanes 135,22
[2025-04-01 18:25:49] [INFO] [MapEditorScene] Updated hoveredTilePanes 130,21
[2025-04-01 18:25:49] [INFO] [MapEditorScene] Updated hoveredTilePanes 125,21
[2025-04-01 18:25:49] [INFO] [MapEditorScene] Updated hoveredTilePanes 122,21
[2025-04-01 18:25:49] [INFO] [MapEditorScene] Updated hoveredTilePanes 117,20
[2025-04-01 18:25:49] [INFO] [MapEditorScene] Updated hoveredTilePanes 110,18
[2025-04-01 18:25:49] [INFO] [MapEditorScene] Updated hoveredTilePanes 106,18
[2025-04-01 18:25:49] [INFO] [MapEditorScene] Updated hoveredTilePanes 99,18
[2025-04-01 18:25:49] [INFO] [MapEditorScene] Updated hoveredTilePanes 94,17
[2025-04-01 18:25:49] [INFO] [MapEditorScene] Updated hoveredTilePanes 88,17
[2025-04-01 18:25:49] [INFO] [MapEditorScene] Updated hoveredTilePanes 83,17
[2025-04-01 18:25:49] [INFO] [MapEditorScene] Updated hoveredTilePanes 76,15
[2025-04-01 18:25:49] [INFO] [MapEditorScene] Updated hoveredTilePanes 73,15
[2025-04-01 18:25:49] [INFO] [MapEditorScene] Updated hoveredTilePanes 68,15
[2025-04-01 18:25:49] [INFO] [MapEditorScene] Updated hoveredTilePanes 65,15
[2025-04-01 18:25:49] [INFO] [MapEditorScene] Updated hoveredTilePanes 62,15
[2025-04-01 18:25:49] [INFO] [MapEditorScene] Updated hoveredTilePanes 59,14
[2025-04-01 18:25:49] [INFO] [MapEditorScene] Updated hoveredTilePanes 55,13
[2025-04-01 18:25:49] [INFO] [MapEditorScene] Updated hoveredTilePanes 53,12
[2025-04-01 18:25:49] [INFO] [MapEditorScene] Updated hoveredTilePanes 51,12
[2025-04-01 18:25:49] [INFO] [MapEditorScene] Updated hoveredTilePanes 50,11
[2025-04-01 18:25:49] [INFO] [MapEditorScene] Updated hoveredTilePanes 48,10
[2025-04-01 18:25:49] [INFO] [MapEditorScene] Updated hoveredTilePanes 47,10
[2025-04-01 18:25:49] [INFO] [MapEditorScene] Updated hoveredTilePanes 46,9
[2025-04-01 18:25:49] [INFO] [MapEditorScene] Updated hoveredTilePanes 46,8
[2025-04-01 18:25:49] [INFO] [MapEditorScene] Updated hoveredTilePanes 45,8
[2025-04-01 18:25:49] [INFO] [MapEditorScene] Updated hoveredTilePanes 44,8
[2025-04-01 18:25:49] [INFO] [MapEditorScene] Updated hoveredTilePanes 44,7
[2025-04-01 18:25:49] [INFO] [MapEditorScene] Updated hoveredTilePanes 43,6
[2025-04-01 18:25:49] [INFO] [MapEditorScene] Updated hoveredTilePanes 43,4
[2025-04-01 18:25:50] [INFO] [MapEditorScene] Updated hoveredTilePanes 42,3
[2025-04-01 18:25:50] [INFO] [MapEditorScene] Updated hoveredTilePanes 41,2
[2025-04-01 18:25:50] [INFO] [MapEditorScene] Updated hoveredTilePanes 40,1
[2025-04-01 18:25:50] [INFO] [MapEditorScene] Updated hoveredTilePanes 39,0
