[2025-03-23 00:48:00] [INFO] [AssetPool] Started initializing AssetPool
[2025-03-23 00:48:00] [INFO] [AssetNameSpace] Started loading Sprite's from ./res/graphics
[2025-03-23 00:48:00] [INFO] [AssetNameSpace] Finished reading files for sprites
[2025-03-23 00:48:00] [INFO] [AssetNameSpace] Finished loading ./res/graphics
[2025-03-23 00:48:00] [INFO] [AssetPool] Finished initializing AssetPool
[2025-03-23 00:48:00] [INFO] [FontPoolV1] Started initializing FontPoolV1
[2025-03-23 00:48:01] [INFO] [FontPoolV1] Finished initializing FontPoolV1
[2025-03-23 00:48:01] [INFO] [UnitDatabase] Started initializing UnitDatabase
[2025-03-23 00:48:01] [INFO] [UnitDatabase] Successfully initialized UnitDatabase
[2025-03-23 00:48:01] [INFO] [UnitDatabase] Finished initializing UnitDatabase
[2025-03-23 00:48:01] [INFO] [JsonDatabase] Started initializing JsonDatabase
[2025-03-23 00:48:01] [INFO] [JsonTable] Started initializing JsonTable
[2025-03-23 00:48:01] [INFO] [JsonTable] Successfully initialized JsonTable
[2025-03-23 00:48:01] [INFO] [JsonTable] Finished initializing JsonTable
[2025-03-23 00:48:01] [INFO] [JsonTable] Started initializing JsonTable
[2025-03-23 00:48:01] [INFO] [JsonTable] Successfully initialized JsonTable
[2025-03-23 00:48:01] [INFO] [JsonTable] Finished initializing JsonTable
[2025-03-23 00:48:01] [INFO] [JsonTable] Started initializing JsonTable
[2025-03-23 00:48:01] [INFO] [JsonTable] Successfully initialized JsonTable
[2025-03-23 00:48:01] [INFO] [JsonTable] Finished initializing JsonTable
[2025-03-23 00:48:01] [INFO] [JsonDatabase] Successfully initialized JsonDatabase
[2025-03-23 00:48:01] [INFO] [JsonDatabase] Finished initializing JsonDatabase
[2025-03-23 00:48:01] [INFO] [Component] Setting 5a05f157-d644-48b3-a9fd-03cb1daaa1b0 on to 97a102e7-51b9-4dd2-b687-7a7efad69d00.
[2025-03-23 00:48:01] [INFO] [SpeedQueue] Added unit enemy:Tude into queue
[2025-03-23 00:48:01] [INFO] [Component] Setting f33f34ed-acf4-40d6-89b7-bc62e0ad7a52 on to 1972d01f-2934-41c4-8fcc-a689ef35a4a0.
[2025-03-23 00:48:01] [INFO] [SpeedQueue] Added unit enemy:Henc into queue
[2025-03-23 00:48:01] [INFO] [Component] Setting ca66e3f6-d34d-4db3-843f-1b5eeb430a2c on to b3aa8d27-48f8-43e7-969e-de1360830d65.
[2025-03-23 00:48:01] [INFO] [SpeedQueue] Added unit enemy:Gexyol into queue
[2025-03-23 00:48:01] [INFO] [Component] Setting fb872f0b-cdae-4821-8d10-57ca8a61da0f on to 2a66c303-4871-4b2d-aa7a-a77b982c5974.
[2025-03-23 00:48:01] [INFO] [SpeedQueue] Added unit user:Mahh into queue
[2025-03-23 00:48:01] [INFO] [Component] Setting 883eeff5-0857-4022-b8dd-386bfa6e8c02 on to e584cb27-8ce9-4ed1-a3e4-b7f864ee93e4.
[2025-03-23 00:48:01] [INFO] [SpeedQueue] Added unit user:Codytu into queue
[2025-03-23 00:48:01] [INFO] [EngineController] Started setting scene to MAP_EDITOR_SCENE
[2025-03-23 00:48:01] [INFO] [FontPool] Started initializing FontPool
[2025-03-23 00:48:01] [INFO] [FontPool] ✅ Successfully loaded font: Lilian
[2025-03-23 00:48:01] [INFO] [EngineController] Finished setting scene to MAP_EDITOR_SCENE
[2025-03-23 00:48:01] [INFO] [EngineController] Started setting scene to GAME_SCENE
[2025-03-23 00:48:01] [INFO] [EngineController] Finished setting scene to GAME_SCENE
[2025-03-23 00:48:02] [INFO] [SpeedQueue] Speed queue updated.
[2025-03-23 00:48:02] [INFO] [VisualsSystem] Started creating blurred background
[2025-03-23 00:48:02] [INFO] [TimeLinePanel] Started updating the timeline panel after turn order has changed.
[2025-03-23 00:48:02] [INFO] [TimeLinePanel] Finished updating the timeline panel after turn order has changed.
[2025-03-23 00:48:02] [INFO] [SelectedTilePanel] Checksum updated, getting units at selected tiles.
[2025-03-23 00:48:02] [INFO] [SelectedTilePanel] Either no unit selected or more than one unit selected
[2025-03-23 00:48:02] [INFO] [LesserStatisticsInformationPanel] Checksum has been updated, querying statistics for unit fb872f0b-cdae-4821-8d10-57ca8a61da0f
[2025-03-23 00:48:02] [INFO] [VisualsSystem] Finished creating blurred background after 0.5021459460258484 seconds
[2025-03-23 00:48:02] [INFO] [SelectedTilePanel] Checksum updated, getting units at selected tiles.
[2025-03-23 00:48:02] [INFO] [SelectedTilePanel] Either no unit selected or more than one unit selected
