[2025-03-07 01:44:04] [INFO] [AssetPool] Started initializing AssetPool
[2025-03-07 01:44:04] [INFO] [Engine] HEAP ALLOCATION INCREASED! 1.0 GB of 16.0 GB used
[2025-03-07 01:44:04] [INFO] [SpriteSheetOG] Started loading Sprite's from ./res/graphics
[2025-03-07 01:44:04] [INFO] [SpriteSheetOG] Finished reading files for sprites
[2025-03-07 01:44:04] [INFO] [Sprite] Finished loading ./res/graphics/misc/blue_reticle.png
[2025-03-07 01:44:04] [INFO] [Sprite] Finished loading ./res/graphics/misc/pink_spawn.png
[2025-03-07 01:44:04] [INFO] [Sprite] Finished loading ./res/graphics/misc/reticle.png
[2025-03-07 01:44:04] [INFO] [Sprite] Finished loading ./res/graphics/misc/yellow_spawn.png
[2025-03-07 01:44:04] [INFO] [Sprite] Finished loading ./res/graphics/misc/blue_spawn.png
[2025-03-07 01:44:04] [INFO] [Sprite] Finished loading ./res/graphics/misc/red_reticle.png
[2025-03-07 01:44:04] [INFO] [Sprite] Finished loading ./res/graphics/misc/depth_shadows.png
[2025-03-07 01:44:04] [INFO] [Sprite] Finished loading ./res/graphics/misc/yellow_reticle.png
[2025-03-07 01:44:04] [INFO] [Sprite] Finished loading ./res/graphics/misc/red_spawn.png
[2025-03-07 01:44:04] [INFO] [Sprite] Finished loading ./res/graphics/misc/directional_shadows.png
[2025-03-07 01:44:04] [INFO] [Sprite] Finished loading ./res/graphics/shadows/northwest.png
[2025-03-07 01:44:04] [INFO] [Sprite] Finished loading ./res/graphics/shadows/west.png
[2025-03-07 01:44:04] [INFO] [Sprite] Finished loading ./res/graphics/shadows/north.png
[2025-03-07 01:44:04] [INFO] [Sprite] Finished loading ./res/graphics/shadows/east.png
[2025-03-07 01:44:04] [INFO] [Sprite] Finished loading ./res/graphics/shadows/northeast.png
[2025-03-07 01:44:04] [INFO] [Sprite] Finished loading ./res/graphics/shadows/south.png
[2025-03-07 01:44:04] [INFO] [Sprite] Finished loading ./res/graphics/shadows/southwest.png
[2025-03-07 01:44:04] [INFO] [Sprite] Finished loading ./res/graphics/shadows/southeast.png
[2025-03-07 01:44:04] [INFO] [Sprite] Finished loading ./res/graphics/structures/tree3_structure.png
[2025-03-07 01:44:04] [INFO] [Sprite] Finished loading ./res/graphics/structures/tree4_structure.png
[2025-03-07 01:44:04] [INFO] [Sprite] Finished loading ./res/graphics/structures/tree1_structure.png
[2025-03-07 01:44:04] [INFO] [Sprite] Finished loading ./res/graphics/structures/tree5_structure.png
[2025-03-07 01:44:04] [INFO] [Sprite] Finished loading ./res/graphics/structures/tree2_structure.png
[2025-03-07 01:44:04] [INFO] [Sprite] Finished loading ./res/graphics/structures/tree6_structure.png
[2025-03-07 01:44:04] [INFO] [Sprite] Finished loading ./res/graphics/wall_tiles/rock_wall2.png
[2025-03-07 01:44:04] [INFO] [Sprite] Finished loading ./res/graphics/wall_tiles/sandstone_wall.png
[2025-03-07 01:44:04] [INFO] [Sprite] Finished loading ./res/graphics/wall_tiles/elden_yellow_wall.png
[2025-03-07 01:44:04] [INFO] [Sprite] Finished loading ./res/graphics/wall_tiles/vine_on_wall.png
[2025-03-07 01:44:04] [INFO] [Sprite] Finished loading ./res/graphics/wall_tiles/boulder_wall.png
[2025-03-07 01:44:04] [INFO] [Sprite] Finished loading ./res/graphics/wall_tiles/white_marble_wall.png
[2025-03-07 01:44:04] [INFO] [Sprite] Finished loading ./res/graphics/wall_tiles/elden_green_wall.png
[2025-03-07 01:44:04] [INFO] [Sprite] Finished loading ./res/graphics/wall_tiles/brown_marble_wall.png
[2025-03-07 01:44:04] [INFO] [Sprite] Finished loading ./res/graphics/wall_tiles/small_brick_wall.png
[2025-03-07 01:44:04] [INFO] [Sprite] Finished loading ./res/graphics/wall_tiles/moss_wall.png
[2025-03-07 01:44:04] [INFO] [Sprite] Finished loading ./res/graphics/wall_tiles/dirt_brick_vine_wall.png
[2025-03-07 01:44:04] [INFO] [Sprite] Finished loading ./res/graphics/wall_tiles/elden_purple_wall.png
[2025-03-07 01:44:04] [INFO] [Sprite] Finished loading ./res/graphics/wall_tiles/large_brick_wall.png
[2025-03-07 01:44:04] [INFO] [Sprite] Finished loading ./res/graphics/wall_tiles/dirt_wall.png
[2025-03-07 01:44:04] [INFO] [Sprite] Finished loading ./res/graphics/wall_tiles/alien_wall.png
[2025-03-07 01:44:04] [INFO] [Sprite] Finished loading ./res/graphics/wall_tiles/industrial_brick_wall.png
[2025-03-07 01:44:04] [INFO] [Sprite] Finished loading ./res/graphics/wall_tiles/rock_wall.png
[2025-03-07 01:44:04] [INFO] [Sprite] Finished loading ./res/graphics/wall_tiles/dirt_wall2.png
[2025-03-07 01:44:04] [INFO] [Sprite] Finished loading ./res/graphics/wall_tiles/moss_wall2.png
[2025-03-07 01:44:04] [INFO] [Sprite] Finished loading ./res/graphics/wall_tiles/moss_wall3.png
[2025-03-07 01:44:04] [INFO] [Sprite] Finished loading ./res/graphics/wall_tiles/no_wall.png
[2025-03-07 01:44:04] [INFO] [Sprite] Finished loading ./res/graphics/wall_tiles/alien_rune_wall.png
[2025-03-07 01:44:04] [INFO] [Sprite] Finished loading ./res/graphics/wall_tiles/industrial_wall.png
[2025-03-07 01:44:04] [INFO] [Sprite] Finished loading ./res/graphics/wall_tiles/small_brick_wall2.png
[2025-03-07 01:44:04] [INFO] [Sprite] Finished loading ./res/graphics/old/liquids 2.png
[2025-03-07 01:44:04] [INFO] [Sprite] Finished loading ./res/graphics/old/gems.png
[2025-03-07 01:44:04] [INFO] [Sprite] Finished loading ./res/graphics/old/floors.png
[2025-03-07 01:44:04] [INFO] [Sprite] Finished loading ./res/graphics/old/terrains.png
[2025-03-07 01:44:04] [INFO] [Sprite] Finished loading ./res/graphics/old/gemsRaw.png
[2025-03-07 01:44:04] [INFO] [Sprite] Finished loading ./res/graphics/old/walls.png
[2025-03-07 01:44:04] [INFO] [Sprite] Finished loading ./res/graphics/old/special2.png
[2025-03-07 01:44:04] [INFO] [Sprite] Finished loading ./res/graphics/old/structures.png
[2025-03-07 01:44:04] [INFO] [Sprite] Finished loading ./res/graphics/old/special.png
[2025-03-07 01:44:04] [INFO] [Sprite] Finished loading ./res/graphics/old/liquids.png
[2025-03-07 01:44:04] [INFO] [Sprite] Finished loading ./res/graphics/old/units.png
[2025-03-07 01:44:04] [INFO] [Sprite] Finished loading ./res/graphics/old/terrains2.png
[2025-03-07 01:44:04] [INFO] [Sprite] Finished loading ./res/graphics/old/floors2.png
[2025-03-07 01:44:04] [INFO] [Sprite] Finished loading ./res/graphics/floor_tiles/sand_1_floor.png
[2025-03-07 01:44:04] [INFO] [Sprite] Finished loading ./res/graphics/floor_tiles/sand_dark_floor.png
[2025-03-07 01:44:04] [INFO] [Sprite] Finished loading ./res/graphics/floor_tiles/dirty_grass_1_floor.png
[2025-03-07 01:44:04] [INFO] [Sprite] Finished loading ./res/graphics/floor_tiles/white_sand_floor.png
[2025-03-07 01:44:04] [INFO] [Sprite] Finished loading ./res/graphics/floor_tiles/white_sands_2.png
[2025-03-07 01:44:04] [INFO] [Sprite] Finished loading ./res/graphics/floor_tiles/dirty_grass_2_floor.png
[2025-03-07 01:44:04] [INFO] [Sprite] Finished loading ./res/graphics/floor_tiles/sand_3_floor.png
[2025-03-07 01:44:04] [INFO] [Sprite] Finished loading ./res/graphics/floor_tiles/obsidian_floor.png
[2025-03-07 01:44:04] [INFO] [Sprite] Finished loading ./res/graphics/floor_tiles/base_floor.png
[2025-03-07 01:44:04] [INFO] [Sprite] Finished loading ./res/graphics/floor_tiles/sand_floor.png
[2025-03-07 01:44:04] [INFO] [Sprite] Finished loading ./res/graphics/floor_tiles/dirty_grass_3_floor.png
[2025-03-07 01:44:04] [INFO] [Sprite] Finished loading ./res/graphics/floor_tiles/sand_2_floor.png
[2025-03-07 01:44:04] [INFO] [Sprite] Finished loading ./res/graphics/units/Air_Dragon.png
[2025-03-07 01:44:04] [INFO] [Sprite] Finished loading ./res/graphics/units/Dragon.png
[2025-03-07 01:44:04] [INFO] [Sprite] Finished loading ./res/graphics/units/Dark_Dragon.png
[2025-03-07 01:44:04] [INFO] [Sprite] Finished loading ./res/graphics/units/Earth_Dragon.png
[2025-03-07 01:44:04] [INFO] [Sprite] Finished loading ./res/graphics/units/Light_Dragon.png
[2025-03-07 01:44:04] [INFO] [Sprite] Finished loading ./res/graphics/units/Water_Dragon.png
[2025-03-07 01:44:04] [INFO] [Sprite] Finished loading ./res/graphics/units/Fire_Dragon.png
[2025-03-07 01:44:04] [INFO] [Sprite] Finished loading ./res/graphics/actions/StatsDown.png
[2025-03-07 01:44:04] [INFO] [Sprite] Finished loading ./res/graphics/actions/PhysicalHit4.png
[2025-03-07 01:44:04] [INFO] [Sprite] Finished loading ./res/graphics/actions/Slash.png
[2025-03-07 01:44:04] [INFO] [Sprite] Finished loading ./res/graphics/actions/Air.png
[2025-03-07 01:44:04] [INFO] [Sprite] Finished loading ./res/graphics/actions/Dark.png
[2025-03-07 01:44:04] [INFO] [Sprite] Finished loading ./res/graphics/actions/Blunt.png
[2025-03-07 01:44:04] [INFO] [Sprite] Finished loading ./res/graphics/actions/Fire.png
[2025-03-07 01:44:04] [INFO] [Sprite] Finished loading ./res/graphics/actions/Earth.png
[2025-03-07 01:44:04] [INFO] [Sprite] Finished loading ./res/graphics/actions/Light.png
[2025-03-07 01:44:04] [INFO] [Sprite] Finished loading ./res/graphics/actions/StatsUp.png
[2025-03-07 01:44:04] [INFO] [Sprite] Finished loading ./res/graphics/actions/Water.png
[2025-03-07 01:44:04] [INFO] [Sprite] Finished loading ./res/graphics/actions/Pierce.png
[2025-03-07 01:44:04] [INFO] [Sprite] Finished loading ./res/graphics/spells/LightSpell.png
[2025-03-07 01:44:04] [INFO] [Sprite] Finished loading ./res/graphics/spells/StatsDown.png
[2025-03-07 01:44:04] [INFO] [Sprite] Finished loading ./res/graphics/spells/WindSpell.png
[2025-03-07 01:44:04] [INFO] [Sprite] Finished loading ./res/graphics/spells/WaterSpell.png
[2025-03-07 01:44:04] [INFO] [Sprite] Finished loading ./res/graphics/spells/PhysicalHit4.png
[2025-03-07 01:44:04] [INFO] [Sprite] Finished loading ./res/graphics/spells/PhysicalHit1.png
[2025-03-07 01:44:04] [INFO] [Sprite] Finished loading ./res/graphics/spells/LightningSpell.png
[2025-03-07 01:44:04] [INFO] [Sprite] Finished loading ./res/graphics/spells/PhysicalHit3.png
[2025-03-07 01:44:04] [INFO] [Sprite] Finished loading ./res/graphics/spells/PhysicalHit2.png
[2025-03-07 01:44:04] [INFO] [Sprite] Finished loading ./res/graphics/spells/FireSpell.png
[2025-03-07 01:44:04] [INFO] [Sprite] Finished loading ./res/graphics/spells/DarkSpell.png
[2025-03-07 01:44:04] [INFO] [Sprite] Finished loading ./res/graphics/spells/StatsUp.png
[2025-03-07 01:44:04] [INFO] [Sprite] Finished loading ./res/graphics/spells/EarthSpell.png
[2025-03-07 01:44:04] [INFO] [Sprite] Finished loading ./res/graphics/liquids/greater_leafage_liquid.png
[2025-03-07 01:44:04] [INFO] [Sprite] Finished loading ./res/graphics/liquids/waterV4_liquid.png
[2025-03-07 01:44:04] [INFO] [Sprite] Finished loading ./res/graphics/liquids/shallow_swamp.png
[2025-03-07 01:44:04] [INFO] [Sprite] Finished loading ./res/graphics/liquids/water5.png
[2025-03-07 01:44:04] [INFO] [Sprite] Finished loading ./res/graphics/liquids/swamp_2.png
[2025-03-07 01:44:04] [INFO] [Sprite] Finished loading ./res/graphics/liquids/Lava_liquid.png
[2025-03-07 01:44:04] [INFO] [Sprite] Finished loading ./res/graphics/liquids/swamp2.png
[2025-03-07 01:44:04] [INFO] [Sprite] Finished loading ./res/graphics/liquids/waterV33_liquid.png
[2025-03-07 01:44:04] [INFO] [Sprite] Finished loading ./res/graphics/liquids/shallow_water_liquid.png
[2025-03-07 01:44:04] [INFO] [Sprite] Finished loading ./res/graphics/liquids/water_liquid.png
[2025-03-07 01:44:04] [INFO] [Sprite] Finished loading ./res/graphics/liquids/waterV2_liquid.png
[2025-03-07 01:44:04] [INFO] [Sprite] Finished loading ./res/graphics/liquids/swamp2_liquid.png
[2025-03-07 01:44:04] [INFO] [SpriteSheetOG] Finished loading ./res/graphics
[2025-03-07 01:44:04] [INFO] [AssetPool] Finished initializing AssetPool
[2025-03-07 01:44:05] [INFO] [FontPoolV1] Started initializing FontPoolV1
[2025-03-07 01:44:05] [INFO] [FontPoolV1] Finished initializing FontPoolV1
[2025-03-07 01:44:05] [INFO] [UnitDatabase] Started initializing UnitDatabase
[2025-03-07 01:44:05] [INFO] [UnitDatabase] Successfully initialized UnitDatabase
[2025-03-07 01:44:05] [INFO] [UnitDatabase] Finished initializing UnitDatabase
[2025-03-07 01:44:05] [INFO] [JsonDatabase] Started initializing JsonDatabase
[2025-03-07 01:44:05] [INFO] [JsonTable] Started initializing JsonTable
[2025-03-07 01:44:05] [INFO] [JsonTable] Successfully initialized JsonTable
[2025-03-07 01:44:05] [INFO] [JsonTable] Finished initializing JsonTable
[2025-03-07 01:44:05] [INFO] [JsonTable] Started initializing JsonTable
[2025-03-07 01:44:05] [INFO] [JsonTable] Successfully initialized JsonTable
[2025-03-07 01:44:05] [INFO] [JsonTable] Finished initializing JsonTable
[2025-03-07 01:44:05] [INFO] [JsonTable] Started initializing JsonTable
[2025-03-07 01:44:05] [INFO] [JsonTable] Successfully initialized JsonTable
[2025-03-07 01:44:05] [INFO] [JsonTable] Finished initializing JsonTable
[2025-03-07 01:44:05] [INFO] [JsonDatabase] Successfully initialized JsonDatabase
[2025-03-07 01:44:05] [INFO] [JsonDatabase] Finished initializing JsonDatabase
[2025-03-07 01:44:05] [INFO] [Component] Setting 73f7dfb1-f256-4b83-9d82-c4f58df3c66e on to 7e5e520a-c8de-4b79-a054-214a4995af18.
[2025-03-07 01:44:05] [INFO] [SpeedQueue] Added unit enemy:Weli into queue
[2025-03-07 01:44:05] [INFO] [Component] Setting b1ead5ce-3757-4724-bdff-a935eb6c0849 on to 1a56061a-c17f-456f-b769-b2a0817e8be9.
[2025-03-07 01:44:05] [INFO] [SpeedQueue] Added unit enemy:Sexo into queue
[2025-03-07 01:44:05] [INFO] [Component] Setting afc40453-05f7-4cbf-8682-3feed42cfa6e on to e20236d9-dd70-47ff-9bbc-2a9c88c3aa4e.
[2025-03-07 01:44:05] [INFO] [SpeedQueue] Added unit enemy:Lyug into queue
[2025-03-07 01:44:05] [INFO] [Component] Setting 682bb9d0-0172-4669-acc9-3b0bf637a411 on to ff3098b0-1e3b-414f-8102-6f96649a64a5.
[2025-03-07 01:44:05] [INFO] [SpeedQueue] Added unit enemy:Xofo into queue
[2025-03-07 01:44:05] [INFO] [Component] Setting adde306e-4f4b-4b89-a11c-2a315858e4e6 on to 2a22be9e-66ad-47b0-b41d-d694cdf31dc8.
[2025-03-07 01:44:05] [INFO] [SpeedQueue] Added unit user:Hoio into queue
[2025-03-07 01:44:05] [INFO] [Component] Setting 8df06591-48b9-4651-9e41-04dcc1b8baf5 on to 9b5ef3b9-a6b5-48cc-88fd-22e811fb3676.
[2025-03-07 01:44:05] [INFO] [SpeedQueue] Added unit user:Wiyadx into queue
[2025-03-07 01:44:05] [INFO] [Component] Setting 19e4608c-fbce-4733-9703-e89586a696d8 on to 820cff7c-1db8-4b37-a013-d3c3065b525b.
[2025-03-07 01:44:05] [INFO] [SpeedQueue] Added unit user:Dorio into queue
[2025-03-07 01:44:05] [INFO] [Component] Setting a4d6bb66-ae04-4f25-af44-c9ecd9397a00 on to f0e4fcb5-22de-4228-bd1a-0fbd5ed172dd.
[2025-03-07 01:44:05] [INFO] [SpeedQueue] Added unit user:Lakyei into queue
[2025-03-07 01:44:05] [INFO] [FontPool] Started initializing FontPool
[2025-03-07 01:44:05] [INFO] [FontPool] ✅ Successfully loaded font: Lilian
[2025-03-07 01:44:06] [INFO] [SpeedQueue] Speed queue updated.
[2025-03-07 01:44:06] [INFO] [VisualsSystem] Started creating blurred background
[2025-03-07 01:44:06] [INFO] [TimeLinePanel] Updating timeline HUD
[2025-03-07 01:44:06] [INFO] [VisualsSystem] Finished creating blurred background after 0.5005109310150146 seconds
[2025-03-07 01:44:07] [INFO] [AbilitySelectionPanel] Selecting slam
[2025-03-07 01:44:08] [INFO] [AbilityDatabase] Started initializing AbilityDatabase
[2025-03-07 01:44:08] [INFO] [AbilityDatabase] Successfully initialized AbilityDatabase
[2025-03-07 01:44:08] [INFO] [AbilityDatabase] Finished initializing AbilityDatabase
[2025-03-07 01:44:08] [INFO] [AbilitySystem] Dorio is planning to use slam on null
[2025-03-07 01:44:08] [INFO] [AbilitySystem] Updated area of sight for Dorio, viewing 4 tiles
[2025-03-07 01:44:08] [INFO] [AbilitySystem] Updated line of sight for Dorio, viewing 0 tiles
[2025-03-0