[2025-03-22 23:46:29] [INFO] [AssetPool] Started initializing AssetPool
[2025-03-22 23:46:29] [INFO] [AssetNameSpace] Started loading Sprite's from ./res/graphics
[2025-03-22 23:46:29] [INFO] [AssetNameSpace] Finished reading files for sprites
[2025-03-22 23:46:29] [INFO] [AssetNameSpace] Finished loading ./res/graphics
[2025-03-22 23:46:29] [INFO] [AssetPool] Finished initializing AssetPool
[2025-03-22 23:46:29] [INFO] [FontPoolV1] Started initializing FontPoolV1
[2025-03-22 23:46:29] [INFO] [FontPoolV1] Finished initializing FontPoolV1
[2025-03-22 23:46:29] [INFO] [UnitDatabase] Started initializing UnitDatabase
[2025-03-22 23:46:29] [INFO] [UnitDatabase] Successfully initialized UnitDatabase
[2025-03-22 23:46:29] [INFO] [UnitDatabase] Finished initializing UnitDatabase
[2025-03-22 23:46:29] [INFO] [JsonDatabase] Started initializing JsonDatabase
[2025-03-22 23:46:29] [INFO] [JsonTable] Started initializing JsonTable
[2025-03-22 23:46:29] [INFO] [JsonTable] Successfully initialized JsonTable
[2025-03-22 23:46:29] [INFO] [JsonTable] Finished initializing JsonTable
[2025-03-22 23:46:29] [INFO] [JsonTable] Started initializing JsonTable
[2025-03-22 23:46:29] [INFO] [JsonTable] Successfully initialized JsonTable
[2025-03-22 23:46:29] [INFO] [JsonTable] Finished initializing JsonTable
[2025-03-22 23:46:29] [INFO] [JsonTable] Started initializing JsonTable
[2025-03-22 23:46:29] [INFO] [JsonTable] Successfully initialized JsonTable
[2025-03-22 23:46:29] [INFO] [JsonTable] Finished initializing JsonTable
[2025-03-22 23:46:29] [INFO] [JsonDatabase] Successfully initialized JsonDatabase
[2025-03-22 23:46:29] [INFO] [JsonDatabase] Finished initializing JsonDatabase
[2025-03-22 23:46:29] [INFO] [Component] Setting 48919e08-368a-4c8e-addd-32009649b04a on to 55328b33-1454-4de0-a658-5e31f839ed5b.
[2025-03-22 23:46:29] [INFO] [SpeedQueue] Added unit enemy:Gaek into queue
[2025-03-22 23:46:29] [INFO] [Component] Setting bf3f6dd8-638b-491c-b33a-a162ea058768 on to 0f40bf4b-e648-44b5-a736-a6c760cd1586.
[2025-03-22 23:46:29] [INFO] [SpeedQueue] Added unit enemy:Kighq into queue
[2025-03-22 23:46:29] [INFO] [Component] Setting 70f1dc64-9242-40a5-8f1a-d7fdc7f75855 on to 9e49ae14-f13d-4fdc-9b7f-661a7271a68f.
[2025-03-22 23:46:29] [INFO] [SpeedQueue] Added unit enemy:Leluib into queue
[2025-03-22 23:46:29] [INFO] [Component] Setting c0b4e4dc-b0df-4567-b66a-f1fc70280ff8 on to ddc99b13-ec5d-438a-a701-d4d719ff1376.
[2025-03-22 23:46:29] [INFO] [SpeedQueue] Added unit enemy:Aetu into queue
[2025-03-22 23:46:29] [INFO] [Component] Setting de53b610-1aa9-4b8c-ba58-9563f724609a on to 3405666d-6a71-417b-be06-32de3ef352d8.
[2025-03-22 23:46:29] [INFO] [SpeedQueue] Added unit user:Oecy into queue
[2025-03-22 23:46:29] [INFO] [Component] Setting 6e835cba-a6be-401a-9308-2aa248fe70a6 on to 744050b6-1302-4c61-93e1-f031abaa034c.
[2025-03-22 23:46:29] [INFO] [SpeedQueue] Added unit user:Ceed into queue
[2025-03-22 23:46:29] [INFO] [Component] Setting 6a821a47-6138-43db-a038-62d5cb5c2bb8 on to 22a2b520-7442-45d7-aa06-eae3876d85e8.
[2025-03-22 23:46:29] [INFO] [SpeedQueue] Added unit user:Tolaoi into queue
[2025-03-22 23:46:29] [INFO] [Component] Setting b5506c94-618e-4579-8c43-0409c1d70946 on to 869987a5-9a77-4491-89b4-d2a32f7f2150.
[2025-03-22 23:46:29] [INFO] [SpeedQueue] Added unit user:Biqy into queue
[2025-03-22 23:46:29] [INFO] [EngineController] Started setting scene to MENU_SCENE
[2025-03-22 23:46:30] [INFO] [EngineController] Finished setting scene to MENU_SCENE
[2025-03-22 23:46:30] [INFO] [EngineController] Started setting scene to MAP_EDITOR_SCENE
[2025-03-22 23:46:30] [INFO] [FontPool] Started initializing FontPool
[2025-03-22 23:46:30] [INFO] [FontPool] ✅ Successfully loaded font: Lilian
[2025-03-22 23:46:30] [INFO] [EngineController] Finished setting scene to MAP_EDITOR_SCENE
[2025-03-22 23:46:30] [INFO] [EngineController] Started setting scene to GAME_SCENE
[2025-03-22 23:46:30] [INFO] [EngineController] Finished setting scene to GAME_SCENE
[2025-03-22 23:46:30] [INFO] [VisualsSystem] Started creating blurred background
[2025-03-22 23:46:30] [INFO] [TimeLinePanel] Started updating the timeline panel after turn order has changed.
[2025-03-22 23:46:30] [INFO] [TimeLinePanel] Finished updating the timeline panel after turn order has changed.
[2025-03-22 23:46:30] [INFO] [SelectedTilePanel] Checksum updated, getting units at selected tiles.
[2025-03-22 23:46:30] [INFO] [SelectedTilePanel] Either no unit selected or more than one unit selected
[2025-03-22 23:46:30] [INFO] [SpeedQueue] Speed queue updated.
[2025-03-22 23:46:30] [INFO] [VisualsSystem] Started creating blurred background
[2025-03-22 23:46:30] [INFO] [TimeLinePanel] Started updating the timeline panel after turn order has changed.
[2025-03-22 23:46:30] [INFO] [TimeLinePanel] Finished updating the timeline panel after turn order has changed.
[2025-03-22 23:46:30] [INFO] [SelectedTilePanel] Checksum updated, getting units at selected tiles.
[2025-03-22 23:46:30] [INFO] [SelectedTilePanel] Either no unit selected or more than one unit selected
[2025-03-22 23:46:30] [INFO] [LesserStatisticsInformationPanel] Checksum has been updated, querying statistics for unit 48919e08-368a-4c8e-addd-32009649b04a
[2025-03-22 23:46:31] [INFO] [VisualsSystem] Finished creating blurred background after 0.3890915513038635 seconds
[2025-03-22 23:46:31] [INFO] [VisualsSystem] Finished creating blurred background after 0.5039929747581482 seconds
[2025-03-22 23:46:31] [INFO] [SelectedTilePanel] Checksum updated, getting units at selected tiles.
[2025-03-22 23:46:31] [INFO] [SelectedTilePanel] Either no unit selected or more than one unit selected
[2025-03-22 23:46:31] [INFO] [MovementSystem] Gaek is planning to move from [0, 4] to [1, 5]
[2025-03-22 23:46:31] [INFO] [MovementSystem] Updated movement area for Gaek
[2025-03-22 23:46:31] [INFO] [MovementSystem] Updated movement path for Gaek
[2025-03-22 23:46:31] [INFO] [Component] Setting 48919e08-368a-4c8e-addd-32009649b04a on to 42ee25ce-124e-4633-b1fa-f5d507c2d3a3.
[2025-03-22 23:46:31] [INFO] [MovementSystem] Moved from [0, 4] to [1, 5]
[2025-03-22 23:46:33] [INFO] [AbilityDatabase] Started initializing AbilityDatabase
[2025-03-22 23:46:33] [INFO] [AbilityDatabase] Successfully initialized AbilityDatabase
[2025-03-22 23:46:33] [INFO] [AbilityDatabase] Finished initializing AbilityDatabase
[2025-03-22 23:46:35] [INFO] [TimeLinePanel] Started updating the timeline panel after turn order has changed.
[2025-03-22 23:46:35] [INFO] [TimeLinePanel] Finished updating the timeline panel after turn order has changed.
[2025-03-22 23:46:36] [INFO] [InputHandler] Gliding secondary.camera camera to new tile 744050b6-1302-4c61-93e1-f031abaa034c
[2025-03-22 23:46:36] [INFO] [InputHandler] Gliding main.camera camera to new tile 744050b6-1302-4c61-93e1-f031abaa034c
[2025-03-22 23:46:36] [INFO] [SelectedTilePanel] Checksum updated, getting units at selected tiles.
[2025-03-22 23:46:36] [INFO] [SelectedTilePanel] Updated selected tile display to view Ceed
[2025-03-22 23:46:36] [INFO] [LesserStatisticsInformationPanel] Finished updating Greater UI
[2025-03-22 23:46:38] [INFO] [InputHandler] Gliding secondary.camera camera to new tile ddc99b13-ec5d-438a-a701-d4d719ff1376
[2025-03-22 23:46:38] [INFO] [InputHandler] Gliding main.camera camera to new tile ddc99b13-ec5d-438a-a701-d4d719ff1376
[2025-03-22 23:46:38] [INFO] [SelectedTilePanel] Checksum updated, getting units at selected tiles.
[2025-03-22 23:46:38] [INFO] [SelectedTilePanel] Updated selected tile display to view Aetu
[2025-03-22 23:46:38] [INFO] [LesserStatisticsInformationPanel] Finished updating Greater UI
[2025-03-22 23:46:40] [INFO] [InputHandler] Gliding secondary.camera camera to new tile 869987a5-9a77-4491-89b4-d2a32f7f2150
[2025-03-22 23:46:40] [INFO] [InputHandler] Gliding main.camera camera to new tile 869987a5-9a77-4491-89b4-d2a32f7f2150
[2025-03-22 23:46:40] [INFO] [SelectedTilePanel] Checksum updated, getting units at selected tiles.
[2025-03-22 23:46:40] [INFO] [SelectedTilePanel] Updated selected tile display to view Biqy
[2025-03-22 23:46:40] [INFO] [LesserStatisticsInformationPanel] Finished updating Greater UI
[2025-03-22 23:46:41] [INFO] [EngineController] Started setting scene to MAP_EDITOR_SCENE
[2025-03-22 23:46:41] [INFO] [EngineController] Finished setting scene to MAP_EDITOR_SCENE
[2025-03-22 23:46:41] [INFO] [TimeLinePanel] Started updating the timeline panel after turn order has changed.
[2025-03-22 23:46:41] [INFO] [VisualsSystem] Started creating blurred background
[2025-03-22 23:46:41] [INFO] [TimeLinePanel] Finished updating the timeline panel after turn order has changed.
[2025-03-22 23:46:41] [INFO] [SelectedTilePanel] Checksum updated, getting units at selected tiles.
[2025-03-22 23:46:41] [INFO] [SelectedTilePanel] Either no unit selected or more than one unit selected
[2025-03-22 23:46:42] [INFO] [VisualsSystem] Finished creating blurred background after 0.3720233142375946 seconds
[2025-03-22 23:46:42] [INFO] [SelectedTilePanel] Checksum updated, getting units at selected tiles.
[2025-03-22 23:46:42] [INFO] [SelectedTilePanel] Either no unit selected or more than one unit selected
[2025-03-22 23:46:43] [INFO] [SelectedTilePanel] Checksum updated, getting units at selected tiles.
[2025-03-22 23:46:43] [INFO] [SelectedTilePanel] Either no unit selected or more than one unit selected
