[2025-04-06 09:38:02] [INFO] [UnitTable] Started initializing UnitTable
[2025-04-06 09:38:02] [INFO] [EmeritusDatabase] Started initializing EmeritusDatabase
[2025-04-06 09:38:02] [INFO] [EmeritusDatabase] Finished initializing EmeritusDatabase
[2025-04-06 09:38:02] [INFO] [UnitTable] Successfully initialized UnitTable
[2025-04-06 09:38:02] [INFO] [UnitTable] Finished initializing UnitTable
[2025-04-06 09:38:02] [INFO] [AbilityTable] Started initializing AbilityTable
[2025-04-06 09:38:02] [INFO] [AbilityTable] Finished initializing AbilityTable
[2025-04-06 09:38:02] [INFO] [UserSaveStateManager] Started loading user save data
[2025-04-06 09:38:02] [INFO] [UserSaveStateManager] Finished loading user save data
[2025-04-06 09:38:02] [INFO] [AssetPool] Started initializing AssetPool
[2025-04-06 09:38:02] [INFO] [AssetNameSpace] Started loading Sprite's from ./res/graphics
[2025-04-06 09:38:02] [INFO] [AssetNameSpace] Finished reading files for sprites
[2025-04-06 09:38:02] [INFO] [AssetNameSpace] Finished loading ./res/graphics
[2025-04-06 09:38:02] [INFO] [AssetPool] Finished initializing AssetPool
[2025-04-06 09:38:02] [INFO] [Component] Setting dragon_Jioyu_372b7b2c-2eb2-4bec-af1e-0ea9d9b8a5d6 on to 11_1_f111c100-fbaa-49f8-bd1f-cb1e31f3a594.
[2025-04-06 09:38:02] [INFO] [SpeedQueue] Added unit enemy:Jioyu into queue
[2025-04-06 09:38:02] [INFO] [Component] Setting light_dragon_Kiwug_16b102da-3f4d-4289-927c-3d6d969d6241 on to 14_7_515f625e-f097-412b-afb0-214282209330.
[2025-04-06 09:38:02] [INFO] [SpeedQueue] Added unit enemy:Kiwug into queue
[2025-04-06 09:38:02] [INFO] [Component] Setting water_dragon_Xiloyu_7cb3414c-42b0-4bc9-a25a-9c7b02d62603 on to 12_8_bc323c51-1acc-4d3c-91b1-da8a1379504c.
[2025-04-06 09:38:02] [INFO] [SpeedQueue] Added unit enemy:Xiloyu into queue
[2025-04-06 09:38:02] [INFO] [Component] Setting water_dragon_Joet_74d6bffc-183a-4702-b151-c643134580bc on to 4_9_f837803a-0c9a-40e5-85ad-7ae6a5bf5474.
[2025-04-06 09:38:02] [INFO] [SpeedQueue] Added unit enemy:Joet into queue
[2025-04-06 09:38:02] [INFO] [Component] Setting dragon_Deoeea_fe11453d-10b5-45a3-b604-4c40d6d1f858 on to 9_7_0bd0980f-303d-482d-b15b-ef7975f41374.
[2025-04-06 09:38:02] [INFO] [SpeedQueue] Added unit enemy:Deoeea into queue
[2025-04-06 09:38:02] [INFO] [Component] Setting water_dragon_Tajasa_5e72aa7b-4d3f-47a2-975b-d1310fff5f61 on to 14_10_9054c241-115d-4e84-b8cd-cd15ad0dce9f.
[2025-04-06 09:38:02] [INFO] [SpeedQueue] Added unit enemy:Tajasa into queue
[2025-04-06 09:38:02] [INFO] [Component] Setting earth_dragon_Uiro_e315d6c5-b667-4475-914c-04384f535c8f on to 8_4_82a00f46-3f81-4a3e-a8ac-6b958dfadcd0.
[2025-04-06 09:38:02] [INFO] [SpeedQueue] Added unit enemy:Uiro into queue
[2025-04-06 09:38:02] [INFO] [Component] Setting earth_dragon_Uajuc_07325948-4091-42ea-92da-8905c82f42aa on to 1_12_3d91ccd5-f181-4769-b3bb-b90289a2dea3.
[2025-04-06 09:38:02] [INFO] [SpeedQueue] Added unit enemy:Uajuc into queue
[2025-04-06 09:38:02] [INFO] [Component] Setting dragon_Hifa_3b6feb59-5067-48e4-ba3c-790669432f26 on to 12_7_8520e50d-82ac-4ce4-96bd-51b75c1e0590.
[2025-04-06 09:38:02] [INFO] [SpeedQueue] Added unit enemy:Hifa into queue
[2025-04-06 09:38:02] [INFO] [Component] Setting dark_dragon_Muxwe_749e0a99-4184-48fd-bca8-e64a735d349c on to 12_3_fecdc719-6c20-4ac4-8cbc-c1e2d616998b.
[2025-04-06 09:38:02] [INFO] [SpeedQueue] Added unit enemy:Muxwe into queue
[2025-04-06 09:38:02] [INFO] [Component] Setting fire_dragon_Pevov_67692cbd-8d1d-4e14-b9c4-2d3dcb808deb on to 3_3_b96e06e7-656d-4ba2-a6ea-da387d707fe3.
[2025-04-06 09:38:02] [INFO] [SpeedQueue] Added unit enemy:Pevov into queue
[2025-04-06 09:38:02] [INFO] [Component] Setting light_dragon_Myzy_3ee84efa-3def-4942-859c-86b6a6172548 on to 8_14_ab199c10-7a83-4381-b6a7-877711b897a7.
[2025-04-06 09:38:02] [INFO] [SpeedQueue] Added unit enemy:Myzy into queue
[2025-04-06 09:38:02] [INFO] [Component] Setting water_dragon_Zoclia_110c1710-9a17-4160-bfff-349d550ca07d on to 10_1_d1bca4bb-4c9a-4f15-a3ef-c2961818d070.
[2025-04-06 09:38:02] [INFO] [SpeedQueue] Added unit enemy:Zoclia into queue
[2025-04-06 09:38:02] [INFO] [Component] Setting dragon_Hifmsd_68fc1bcf-1b8a-4e8b-ba6d-1f8e783e0f53 on to 7_14_e04a762f-d8e3-42f7-9266-ec944dd6529e.
[2025-04-06 09:38:02] [INFO] [SpeedQueue] Added unit enemy:Hifmsd into queue
[2025-04-06 09:38:02] [INFO] [Component] Setting dark_dragon_Zunyua_3440407b-418a-4c12-a5f1-781b6e382def on to 6_0_1c99bd24-2b7f-4095-8b19-09e071160e9f.
[2025-04-06 09:38:02] [INFO] [SpeedQueue] Added unit enemy:Zunyua into queue
[2025-04-06 09:38:02] [INFO] [Component] Setting dark_dragon_Houwen_cb0083e6-817d-4514-8e76-b26f57ffafe8 on to 8_0_9a80c38b-02f5-46f5-89b9-765208e808a1.
[2025-04-06 09:38:02] [INFO] [SpeedQueue] Added unit enemy:Houwen into queue
[2025-04-06 09:38:02] [INFO] [Component] Setting water_dragon_Iyok_dc8b74f2-7b2e-4b16-af90-e4b54b7a8393 on to 4_6_ba63fc8f-658c-4a1a-b8b1-f8ef963d0e4d.
[2025-04-06 09:38:02] [INFO] [SpeedQueue] Added unit enemy:Iyok into queue
[2025-04-06 09:38:02] [INFO] [Component] Setting water_dragon_Duma_9b02dddb-62a4-43ee-bcb4-c55bea1a555e on to 10_8_27340797-c03b-4346-985c-682b3b2fc551.
[2025-04-06 09:38:02] [INFO] [SpeedQueue] Added unit enemy:Duma into queue
[2025-04-06 09:38:02] [INFO] [Component] Setting earth_dragon_Zaty_e43ea786-cb23-4c58-82c9-d49c7e518e0a on to 10_13_6273a2ff-aa94-4372-8b18-70b109eef693.
[2025-04-06 09:38:02] [INFO] [SpeedQueue] Added unit enemy:Zaty into queue
[2025-04-06 09:38:02] [INFO] [Component] Setting air_dragon_Voraiy_b4087060-efbb-40e4-bc02-115bbe88da88 on to 13_5_c3cd2694-b02b-4956-a69c-ee1e2cb90e2c.
[2025-04-06 09:38:02] [INFO] [SpeedQueue] Added unit enemy:Voraiy into queue
[2025-04-06 09:38:02] [INFO] [Component] Setting fire_dragon_Tuhsao_ab566d0a-4de6-4956-90ad-b55961207c65 on to 5_7_bdbf3452-6f7b-4791-b057-4cff306527d9.
[2025-04-06 09:38:02] [INFO] [SpeedQueue] Added unit enemy:Tuhsao into queue
[2025-04-06 09:38:02] [INFO] [Component] Setting fire_dragon_Aely_6e278d83-3be3-418f-adf9-7b1fef516043 on to 14_12_7f628864-d4d3-4887-9676-b905930fe79b.
[2025-04-06 09:38:02] [INFO] [SpeedQueue] Added unit enemy:Aely into queue
[2025-04-06 09:38:02] [INFO] [EngineController] Started setting scene to MENU_SCENE
[2025-04-06 09:38:03] [INFO] [EngineController] Finished setting scene to MENU_SCENE
[2025-04-06 09:38:03] [INFO] [EngineController] Started setting scene to GAME_SCENE
[2025-04-06 09:38:03] [INFO] [FontPool] Started initializing FontPool
[2025-04-06 09:38:03] [INFO] [FontPool] ✅ Successfully loaded font: Lilian
[2025-04-06 09:38:03] [INFO] [EngineController] Finished setting scene to GAME_SCENE
[2025-04-06 09:38:04] [INFO] [SpeedQueue] Speed queue updated.
[2025-04-06 09:38:04] [INFO] [TimeLinePanel] Started updating the timeline panel after turn order has changed.
[2025-04-06 09:38:04] [INFO] [TimeLinePanel] Finished updating the timeline panel after turn order has changed.
[2025-04-06 09:38:04] [INFO] [SelectedTilePanel] Checksum updated, getting units at selected tiles.
[2025-04-06 09:38:04] [INFO] [SelectedTilePanel] Either no unit selected or more than one unit selected
[2025-04-06 09:38:04] [INFO] [LesserStatisticsInformationPanel] Checksum has been updated, querying statistics for unit water_dragon_Iyok_dc8b74f2-7b2e-4b16-af90-e4b54b7a8393
[2025-04-06 09:38:04] [INFO] [VisualsSystem] Started creating blurred background
[2025-04-06 09:38:04] [INFO] [VisualsSystem] Finished creating blurred background after 0.4828473627567291 seconds
[2025-04-06 09:38:04] [INFO] [AbilitySystem] Iyok Triggered ability system
[2025-04-06 09:38:04] [INFO] [AbilitySystem] Uajuc Triggered ability system
[2025-04-06 09:38:04] [INFO] [AbilitySystem] Aely Triggered ability system
[2025-04-06 09:38:04] [INFO] [AbilitySystem] Jioyu Triggered ability system
[2025-04-06 09:38:04] [INFO] [AbilitySystem] Hifa Triggered ability system
[2025-04-06 09:38:04] [INFO] [AbilitySystem] Uiro Triggered ability system
[2025-04-06 09:38:04] [INFO] [AbilitySystem] Houwen Triggered ability system
[2025-04-06 09:38:04] [INFO] [AbilitySystem] Xiloyu Triggered ability system
[2025-04-06 09:38:04] [INFO] [AbilitySystem] Pevov Triggered ability system
[2025-04-06 09:38:04] [INFO] [AbilitySystem] Kiwug Triggered ability system
[2025-04-06 09:38:04] [INFO] [AbilitySystem] Hifmsd Triggered ability system
[2025-04-06 09:38:04] [INFO] [AbilitySystem] Zaty Triggered ability system
[2025-04-06 09:38:04] [INFO] [AbilitySystem] Duma Triggered ability system
[2025-04-06 09:38:04] [INFO] [AbilitySystem] Muxwe Triggered ability system
[2025-04-06 09:38:04] [INFO] [AbilitySystem] Zoclia Triggered ability system
[2025-04-06 09:38:04] [INFO] [AbilitySystem] Zunyua Triggered ability system
[2025-04-06 09:38:04] [INFO] [AbilitySystem] Tajasa Triggered ability system
[2025-04-06 09:38:04] [INFO] [AbilitySystem] Tuhsao Triggered ability system
[2025-04-06 09:38:04] [INFO] [AbilitySystem] Joet Triggered ability system
[2025-04-06 09:38:04] [INFO] [AbilitySystem] Deoeea Triggered ability system
[2025-04-06 09:38:04] [INFO] [AbilitySystem] Myzy Triggered ability system
[2025-04-06 09:38:04] [INFO] [AbilitySystem] Voraiy Triggered ability system
[2025-04-06 09:38:04] [INFO] [MovementSystem] Iyok is plann