[2025-03-21 01:01:08] [INFO] [AssetPool] Started initializing AssetPool
[2025-03-21 01:01:08] [INFO] [SpriteSheetOG] Started loading Sprite's from ./res/graphics
[2025-03-21 01:01:08] [INFO] [SpriteSheetOG] Finished reading files for sprites
[2025-03-21 01:01:08] [INFO] [Sprite] Finished loading ./res/graphics/misc/blue_reticle.png
[2025-03-21 01:01:08] [INFO] [Sprite] Finished loading ./res/graphics/misc/pink_spawn.png
[2025-03-21 01:01:08] [INFO] [Sprite] Finished loading ./res/graphics/misc/reticle.png
[2025-03-21 01:01:08] [INFO] [Sprite] Finished loading ./res/graphics/misc/yellow_spawn.png
[2025-03-21 01:01:08] [INFO] [Sprite] Finished loading ./res/graphics/misc/blue_spawn.png
[2025-03-21 01:01:08] [INFO] [Sprite] Finished loading ./res/graphics/misc/red_reticle.png
[2025-03-21 01:01:08] [INFO] [Sprite] Finished loading ./res/graphics/misc/depth_shadows.png
[2025-03-21 01:01:08] [INFO] [Sprite] Finished loading ./res/graphics/misc/yellow_reticle.png
[2025-03-21 01:01:08] [INFO] [Sprite] Finished loading ./res/graphics/misc/red_spawn.png
[2025-03-21 01:01:08] [INFO] [Sprite] Finished loading ./res/graphics/misc/directional_shadows.png
[2025-03-21 01:01:08] [INFO] [Sprite] Finished loading ./res/graphics/shadows/northwest.png
[2025-03-21 01:01:08] [INFO] [Sprite] Finished loading ./res/graphics/shadows/west.png
[2025-03-21 01:01:08] [INFO] [Sprite] Finished loading ./res/graphics/shadows/north.png
[2025-03-21 01:01:08] [INFO] [Sprite] Finished loading ./res/graphics/shadows/east.png
[2025-03-21 01:01:08] [INFO] [Sprite] Finished loading ./res/graphics/shadows/northeast.png
[2025-03-21 01:01:08] [INFO] [Sprite] Finished loading ./res/graphics/shadows/south.png
[2025-03-21 01:01:08] [INFO] [Sprite] Finished loading ./res/graphics/shadows/southwest.png
[2025-03-21 01:01:08] [INFO] [Sprite] Finished loading ./res/graphics/shadows/southeast.png
[2025-03-21 01:01:08] [INFO] [Sprite] Finished loading ./res/graphics/structures/tree3_structure.png
[2025-03-21 01:01:08] [INFO] [Sprite] Finished loading ./res/graphics/structures/tree4_structure.png
[2025-03-21 01:01:08] [INFO] [Sprite] Finished loading ./res/graphics/structures/tree1_structure.png
[2025-03-21 01:01:08] [INFO] [Sprite] Finished loading ./res/graphics/structures/tree5_structure.png
[2025-03-21 01:01:08] [INFO] [Sprite] Finished loading ./res/graphics/structures/tree2_structure.png
[2025-03-21 01:01:08] [INFO] [Sprite] Finished loading ./res/graphics/structures/tree6_structure.png
[2025-03-21 01:01:08] [INFO] [Sprite] Finished loading ./res/graphics/wall_tiles/rock_wall2.png
[2025-03-21 01:01:08] [INFO] [Sprite] Finished loading ./res/graphics/wall_tiles/sandstone_wall.png
[2025-03-21 01:01:08] [INFO] [Sprite] Finished loading ./res/graphics/wall_tiles/elden_yellow_wall.png
[2025-03-21 01:01:08] [INFO] [Sprite] Finished loading ./res/graphics/wall_tiles/vine_on_wall.png
[2025-03-21 01:01:08] [INFO] [Sprite] Finished loading ./res/graphics/wall_tiles/boulder_wall.png
[2025-03-21 01:01:08] [INFO] [Sprite] Finished loading ./res/graphics/wall_tiles/white_marble_wall.png
[2025-03-21 01:01:08] [INFO] [Sprite] Finished loading ./res/graphics/wall_tiles/elden_green_wall.png
[2025-03-21 01:01:08] [INFO] [Sprite] Finished loading ./res/graphics/wall_tiles/brown_marble_wall.png
[2025-03-21 01:01:08] [INFO] [Sprite] Finished loading ./res/graphics/wall_tiles/small_brick_wall.png
[2025-03-21 01:01:08] [INFO] [Sprite] Finished loading ./res/graphics/wall_tiles/moss_wall.png
[2025-03-21 01:01:08] [INFO] [Sprite] Finished loading ./res/graphics/wall_tiles/dirt_brick_vine_wall.png
[2025-03-21 01:01:08] [INFO] [Sprite] Finished loading ./res/graphics/wall_tiles/elden_purple_wall.png
[2025-03-21 01:01:08] [INFO] [Sprite] Finished loading ./res/graphics/wall_tiles/large_brick_wall.png
[2025-03-21 01:01:08] [INFO] [Sprite] Finished loading ./res/graphics/wall_tiles/dirt_wall.png
[2025-03-21 01:01:08] [INFO] [Sprite] Finished loading ./res/graphics/wall_tiles/alien_wall.png
[2025-03-21 01:01:08] [INFO] [Sprite] Finished loading ./res/graphics/wall_tiles/industrial_brick_wall.png
[2025-03-21 01:01:08] [INFO] [Sprite] Finished loading ./res/graphics/wall_tiles/rock_wall.png
[2025-03-21 01:01:08] [INFO] [Sprite] Finished loading ./res/graphics/wall_tiles/dirt_wall2.png
[2025-03-21 01:01:08] [INFO] [Sprite] Finished loading ./res/graphics/wall_tiles/moss_wall2.png
[2025-03-21 01:01:08] [INFO] [Sprite] Finished loading ./res/graphics/wall_tiles/moss_wall3.png
[2025-03-21 01:01:08] [INFO] [Sprite] Finished loading ./res/graphics/wall_tiles/no_wall.png
[2025-03-21 01:01:08] [INFO] [Sprite] Finished loading ./res/graphics/wall_tiles/alien_rune_wall.png
[2025-03-21 01:01:08] [INFO] [Sprite] Finished loading ./res/graphics/wall_tiles/industrial_wall.png
[2025-03-21 01:01:08] [INFO] [Sprite] Finished loading ./res/graphics/wall_tiles/small_brick_wall2.png
[2025-03-21 01:01:08] [INFO] [Sprite] Finished loading ./res/graphics/old/liquids 2.png
[2025-03-21 01:01:08] [INFO] [Sprite] Finished loading ./res/graphics/old/gems.png
[2025-03-21 01:01:08] [INFO] [Sprite] Finished loading ./res/graphics/old/floors.png
[2025-03-21 01:01:08] [INFO] [Sprite] Finished loading ./res/graphics/old/terrains.png
[2025-03-21 01:01:08] [INFO] [Sprite] Finished loading ./res/graphics/old/gemsRaw.png
[2025-03-21 01:01:08] [INFO] [Sprite] Finished loading ./res/graphics/old/walls.png
[2025-03-21 01:01:08] [INFO] [Sprite] Finished loading ./res/graphics/old/special2.png
[2025-03-21 01:01:08] [INFO] [Sprite] Finished loading ./res/graphics/old/structures.png
[2025-03-21 01:01:08] [INFO] [Sprite] Finished loading ./res/graphics/old/special.png
[2025-03-21 01:01:08] [INFO] [Sprite] Finished loading ./res/graphics/old/liquids.png
[2025-03-21 01:01:08] [INFO] [Sprite] Finished loading ./res/graphics/old/units.png
[2025-03-21 01:01:08] [INFO] [Sprite] Finished loading ./res/graphics/old/terrains2.png
[2025-03-21 01:01:08] [INFO] [Sprite] Finished loading ./res/graphics/old/floors2.png
[2025-03-21 01:01:08] [INFO] [Sprite] Finished loading ./res/graphics/floor_tiles/sand_1_floor.png
[2025-03-21 01:01:08] [INFO] [Sprite] Finished loading ./res/graphics/floor_tiles/sand_dark_floor.png
[2025-03-21 01:01:08] [INFO] [Sprite] Finished loading ./res/graphics/floor_tiles/dirty_grass_1_floor.png
[2025-03-21 01:01:08] [INFO] [Sprite] Finished loading ./res/graphics/floor_tiles/white_sand_floor.png
[2025-03-21 01:01:08] [INFO] [Sprite] Finished loading ./res/graphics/floor_tiles/white_sands_2.png
[2025-03-21 01:01:08] [INFO] [Sprite] Finished loading ./res/graphics/floor_tiles/dirty_grass_2_floor.png
[2025-03-21 01:01:08] [INFO] [Sprite] Finished loading ./res/graphics/floor_tiles/sand_3_floor.png
[2025-03-21 01:01:08] [INFO] [Sprite] Finished loading ./res/graphics/floor_tiles/obsidian_floor.png
[2025-03-21 01:01:08] [INFO] [Sprite] Finished loading ./res/graphics/floor_tiles/base_floor.png
[2025-03-21 01:01:08] [INFO] [Sprite] Finished loading ./res/graphics/floor_tiles/sand_floor.png
[2025-03-21 01:01:08] [INFO] [Sprite] Finished loading ./res/graphics/floor_tiles/dirty_grass_3_floor.png
[2025-03-21 01:01:08] [INFO] [Sprite] Finished loading ./res/graphics/floor_tiles/sand_2_floor.png
[2025-03-21 01:01:08] [INFO] [Sprite] Finished loading ./res/graphics/units/Air_Dragon.png
[2025-03-21 01:01:08] [INFO] [Sprite] Finished loading ./res/graphics/units/Dragon.png
[2025-03-21 01:01:08] [INFO] [Sprite] Finished loading ./res/graphics/units/Dark_Dragon.png
[2025-03-21 01:01:08] [INFO] [Sprite] Finished loading ./res/graphics/units/Earth_Dragon.png
[2025-03-21 01:01:08] [INFO] [Sprite] Finished loading ./res/graphics/units/Light_Dragon.png
[2025-03-21 01:01:08] [INFO] [Sprite] Finished loading ./res/graphics/units/Water_Dragon.png
[2025-03-21 01:01:08] [INFO] [Sprite] Finished loading ./res/graphics/units/Fire_Dragon.png
[2025-03-21 01:01:08] [INFO] [Sprite] Finished loading ./res/graphics/actions/StatsDown.png
[2025-03-21 01:01:08] [INFO] [Sprite] Finished loading ./res/graphics/actions/PhysicalHit4.png
[2025-03-21 01:01:08] [INFO] [Sprite] Finished loading ./res/graphics/actions/Slash.png
[2025-03-21 01:01:08] [INFO] [Sprite] Finished loading ./res/graphics/actions/Air.png
[2025-03-21 01:01:08] [INFO] [Sprite] Finished loading ./res/graphics/actions/Dark.png
[2025-03-21 01:01:08] [INFO] [Sprite] Finished loading ./res/graphics/actions/Blunt.png
[2025-03-21 01:01:08] [INFO] [Sprite] Finished loading ./res/graphics/actions/Fire.png
[2025-03-21 01:01:08] [INFO] [Sprite] Finished loading ./res/graphics/actions/Earth.png
[2025-03-21 01:01:08] [INFO] [Sprite] Finished loading ./res/graphics/actions/Light.png
[2025-03-21 01:01:08] [INFO] [Sprite] Finished loading ./res/graphics/actions/StatsUp.png
[2025-03-21 01:01:08] [INFO] [Sprite] Finished loading ./res/graphics/actions/Water.png
[2025-03-21 01:01:08] [INFO] [Sprite] Finished loading ./res/graphics/actions/Pierce.png
[2025-03-21 01:01:08] [INFO] [Sprite] Finished loading ./res/graphics/spells/LightSpell.png
[2025-03-21 01:01:08] [INFO] [Sprite] Finished loading ./res/graphics/spells/StatsDown.png
[2025-03-21 01:01:08] [INFO] [Sprite] Finished loading ./res/graphics/spells/WindSpell.png
[2025-03-21 01:01:08] [INFO] [Sprite] Finished loading ./res/graphics/spells/WaterSpell.png
[2025-03-21 01:01:08] [INFO] [Sprite] Finished loading ./res/graphics/spells/PhysicalHit4.png
[2025-03-21 01:01:08] [INFO] [Sprite] Finished loading ./res/graphics/spells/PhysicalHit1.png
[2025-03-21 01:01:08] [INFO] [Sprite] Finished loading ./res/graphics/spells/LightningSpell.png
[2025-03-21 01:01:08] [INFO] [Sprite] Finished loading ./res/graphics/spells/PhysicalHit3.png
[2025-03-21 01:01:08] [INFO] [Sprite] Finished loading ./res/graphics/spells/PhysicalHit2.png
[2025-03-21 01:01:08] [INFO] [Sprite] Finished loading ./res/graphics/spells/FireSpell.png
[2025-03-21 01:01:08] [INFO] [Sprite] Finished loading ./res/graphics/spells/DarkSpell.png
[2025-03-21 01:01:08] [INFO] [Sprite] Finished loading ./res/graphics/spells/StatsUp.png
[2025-03-21 01:01:08] [INFO] [Sprite] Finished loading ./res/graphics/spells/EarthSpell.png
[2025-03-21 01:01:08] [INFO] [Sprite] Finished loading ./res/graphics/liquids/greater_leafage_liquid.png
[2025-03-21 01:01:08] [INFO] [Sprite] Finished loading ./res/graphics/liquids/waterV4_liquid.png
[2025-03-21 01:01:08] [INFO] [Sprite] Finished loading ./res/graphics/liquids/shallow_swamp.png
[2025-03-21 01:01:08] [INFO] [Sprite] Finished loading ./res/graphics/liquids/water5.png
[2025-03-21 01:01:08] [INFO] [Sprite] Finished loading ./res/graphics/liquids/swamp_2.png
[2025-03-21 01:01:08] [INFO] [Sprite] Finished loading ./res/graphics/liquids/Lava_liquid.png
[2025-03-21 01:01:08] [INFO] [Sprite] Finished loading ./res/graphics/liquids/swamp2.png
[2025-03-21 01:01:08] [INFO] [Sprite] Finished loading ./res/graphics/liquids/waterV33_liquid.png
[2025-03-21 01:01:08] [INFO] [Sprite] Finished loading ./res/graphics/liquids/shallow_water_liquid.png
[2025-03-21 01:01:08] [INFO] [Sprite] Finished loading ./res/graphics/liquids/water_liquid.png
[2025-03-21 01:01:08] [INFO] [Sprite] Finished loading ./res/graphics/liquids/waterV2_liquid.png
[2025-03-21 01:01:08] [INFO] [Sprite] Finished loading ./res/graphics/liquids/swamp2_liquid.png
[2025-03-21 01:01:08] [INFO] [SpriteSheetOG] Finished loading ./res/graphics
[2025-03-21 01:01:08] [INFO] [AssetPool] Finished initializing AssetPool
[2025-03-21 01:01:08] [INFO] [FontPoolV1] Started initializing FontPoolV1
[2025-03-21 01:01:09] [INFO] [FontPoolV1] Finished initializing FontPoolV1
[2025-03-21 01:01:09] [INFO] [UnitDatabase] Started initializing UnitDatabase
[2025-03-21 01:01:09] [INFO] [UnitDatabase] Successfully initialized UnitDatabase
[2025-03-21 01:01:09] [INFO] [UnitDatabase] Finished initializing UnitDatabase
[2025-03-21 01:01:09] [INFO] [JsonDatabase] Started initializing JsonDatabase
[2025-03-21 01:01:09] [INFO] [JsonTable] Started initializing JsonTable
[2025-03-21 01:01:09] [INFO] [JsonTable] Successfully initialized JsonTable
[2025-03-21 01:01:09] [INFO] [JsonTable] Finished initializing JsonTable
[2025-03-21 01:01:09] [INFO] [JsonTable] Started initializing JsonTable
[2025-03-21 01:01:09] [INFO] [JsonTable] Successfully initialized JsonTable
[2025-03-21 01:01:09] [INFO] [JsonTable] Finished initializing JsonTable
[2025-03-21 01:01:09] [INFO] [JsonTable] Started initializing JsonTable
[2025-03-21 01:01:09] [INFO] [JsonTable] Successfully initialized JsonTable
[2025-03-21 01:01:09] [INFO] [JsonTable] Finished initializing JsonTable
[2025-03-21 01:01:09] [INFO] [JsonDatabase] Successfully initialized JsonDatabase
[2025-03-21 01:01:09] [INFO] [JsonDatabase] Finished initializing JsonDatabase
[2025-03-21 01:01:09] [INFO] [Component] Setting 0d9482c2-8257-475e-bcc2-b81aa6f2ae39 on to c601bd05-5a6e-42ab-a789-a85c76f70ce9.
[2025-03-21 01:01:09] [INFO] [SpeedQueue] Added unit enemy:Jaki into queue
[2025-03-21 01:01:09] [INFO] [Component] Setting 23abdb1d-d8f8-429a-8e45-4705d82a3be2 on to 2e2b35a2-2273-45b8-9384-5fab156f5b53.
[2025-03-21 01:01:09] [INFO] [SpeedQueue] Added unit enemy:Kavy into queue
[2025-03-21 01:01:09] [INFO] [Component] Setting 8245599a-54bb-4d31-844b-6ffd404eb1c4 on to e615195f-362f-4087-a974-62b09bf52ee4.
[2025-03-21 01:01:09] [INFO] [SpeedQueue] Added unit enemy:Davnou into queue
[2025-03-21 01:01:09] [INFO] [Component] Setting cc2da593-9085-438c-b29c-f08025ea1452 on to 4836d8a9-2728-4d8a-9f32-3a571f261f18.
[2025-03-21 01:01:09] [INFO] [SpeedQueue] Added unit user:Uyoe into queue
[2025-03-21 01:01:09] [INFO] [Component] Setting 185db35c-19b4-4d01-951b-7c96b085d2a9 on to fa71c29d-9c38-4e9f-8f7a-2c4f7a782a26.
[2025-03-21 01:01:09] [INFO] [SpeedQueue] Added unit user:Vorq into queue
[2025-03-21 01:01:09] [INFO] [Component] Setting c54cd780-6883-448e-b6e9-cb229ad40b5c on to 40506fa1-97f8-4e49-93aa-46c7c5268059.
[2025-03-21 01:01:09] [INFO] [SpeedQueue] Added unit user:Kuaou into queue
[2025-03-21 01:01:09] [INFO] [Component] Setting 1f4a8f9f-5e23-4fb4-b7fb-eb3348f4d390 on to 46842819-c762-4f40-98d9-2dbf8c78dcd7.
[2025-03-21 01:01:09] [INFO] [SpeedQueue] Added unit user:Cuuzx into queue
[2025-03-21 01:01:09] [INFO] [FontPool] Started initializing FontPool
[2025-03-21 01:01:09] [INFO] [FontPool] ✅ Successfully loaded font: Lilian
[2025-03-21 01:01:09] [INFO] [SpeedQueue] Speed queue updated.
[2025-03-21 01:01:09] [INFO] [VisualsSystem] Started creating blurred background
[2025-03-21 01:01:09] [INFO] [TimeLinePanel] Started updating the timeline panel after turn order has changed.
[2025-03-21 01:01:09] [INFO] [TimeLinePanel] Finished updating the timeline panel after turn order has changed.
[2025-03-21 01:01:09] [INFO] [SelectedTilePanel] Checksum updated, getting units at selected tiles.
[2025-03-21 01:01:09] [INFO] [SelectedTilePanel] Either no unit selected or more than one unit selected
[2025-03-21 01:01:09] [INFO] [LesserStatisticsInformationPanel] Checksum has been updated, querying statistics for unit 23abdb1d-d8f8-429a-8e45-4705d82a3be2
[2025-03-21 01:01:10] [INFO] [VisualsSystem] Finished creating blurred background after 0.49603283405303955 seconds
[2025-03-21 01:01:11] [INFO] [SelectedTilePanel] Checksum updated, getting units at selected tiles.
[2025-03-21 01:01:11] [INFO] [SelectedTilePanel] Either no unit selected or more than one unit selected
[2025-03-21 01:01:11] [INFO] [AbilityDatabase] Started initializing AbilityDatabase
[2025-03-21 01:01:11] [INFO] [AbilityDatabase] Successfully initialized AbilityDatabase
[2025-03-21 01:01:11] [INFO] [AbilityDatabase] Finished initializing AbilityDatabase
[2025-03-21 01:01:12] [INFO] [SelectedTilePanel] Checksum updated, getting units at selected tiles.
[2025-03-21 01:01:12] [INFO] [SelectedTilePanel] Either no unit selected or more than one unit selected
[2025-03-21 01:01:13] [INFO] [MovementSystem] Kavy is planning to move from [6, 5] to [5, 6]
[2025-03-21 01:01:13] [INFO] [MovementSystem] Updated movement area for Kavy
[2025-03-21 01:01:13] [INFO] [MovementSystem] Updated movement path for Kavy
[2025-03-21 01:01:13] [INFO] [Component] Setting 23abdb1d-d8f8-429a-8e45-4705d82a3be2 on to 5ba4bb93-4058-46f9-b138-8627f8938371.
[2025-03-21 01:01:13] [INFO] [MovementSystem] Moved from [6, 5] to [5, 6]
[2025-03-21 01:01:13] [INFO] [SelectedTilePanel] Checksum updated, getting units at selected tiles.
[2025-03-21 01:01:13] [INFO] [SelectedTilePanel] Either no unit selected or more than one unit selected
[2025-03-21 01:01:15] [INFO] [TimeLinePanel] Started updating the timeline panel after turn order has changed.
[2025-03-21 01:01:15] [INFO] [TimeLinePanel] Finished updating the timeline panel after turn order has changed.
