[2025-03-08 11:47:14] [INFO] [AssetPool] Started initializing AssetPool
[2025-03-08 11:47:14] [INFO] [Engine] HEAP ALLOCATION INCREASED! 1.0 GB of 16.0 GB used
[2025-03-08 11:47:14] [INFO] [SpriteSheetOG] Started loading Sprite's from ./res/graphics
[2025-03-08 11:47:14] [INFO] [SpriteSheetOG] Finished reading files for sprites
[2025-03-08 11:47:14] [INFO] [Sprite] Finished loading ./res/graphics/misc/blue_reticle.png
[2025-03-08 11:47:14] [INFO] [Sprite] Finished loading ./res/graphics/misc/pink_spawn.png
[2025-03-08 11:47:14] [INFO] [Sprite] Finished loading ./res/graphics/misc/reticle.png
[2025-03-08 11:47:14] [INFO] [Sprite] Finished loading ./res/graphics/misc/yellow_spawn.png
[2025-03-08 11:47:14] [INFO] [Sprite] Finished loading ./res/graphics/misc/blue_spawn.png
[2025-03-08 11:47:14] [INFO] [Sprite] Finished loading ./res/graphics/misc/red_reticle.png
[2025-03-08 11:47:14] [INFO] [Sprite] Finished loading ./res/graphics/misc/depth_shadows.png
[2025-03-08 11:47:14] [INFO] [Sprite] Finished loading ./res/graphics/misc/yellow_reticle.png
[2025-03-08 11:47:14] [INFO] [Sprite] Finished loading ./res/graphics/misc/red_spawn.png
[2025-03-08 11:47:14] [INFO] [Sprite] Finished loading ./res/graphics/misc/directional_shadows.png
[2025-03-08 11:47:14] [INFO] [Sprite] Finished loading ./res/graphics/shadows/northwest.png
[2025-03-08 11:47:14] [INFO] [Sprite] Finished loading ./res/graphics/shadows/west.png
[2025-03-08 11:47:14] [INFO] [Sprite] Finished loading ./res/graphics/shadows/north.png
[2025-03-08 11:47:14] [INFO] [Sprite] Finished loading ./res/graphics/shadows/east.png
[2025-03-08 11:47:14] [INFO] [Sprite] Finished loading ./res/graphics/shadows/northeast.png
[2025-03-08 11:47:14] [INFO] [Sprite] Finished loading ./res/graphics/shadows/south.png
[2025-03-08 11:47:14] [INFO] [Sprite] Finished loading ./res/graphics/shadows/southwest.png
[2025-03-08 11:47:14] [INFO] [Sprite] Finished loading ./res/graphics/shadows/southeast.png
[2025-03-08 11:47:14] [INFO] [Sprite] Finished loading ./res/graphics/structures/tree3_structure.png
[2025-03-08 11:47:14] [INFO] [Sprite] Finished loading ./res/graphics/structures/tree4_structure.png
[2025-03-08 11:47:14] [INFO] [Sprite] Finished loading ./res/graphics/structures/tree1_structure.png
[2025-03-08 11:47:14] [INFO] [Sprite] Finished loading ./res/graphics/structures/tree5_structure.png
[2025-03-08 11:47:14] [INFO] [Sprite] Finished loading ./res/graphics/structures/tree2_structure.png
[2025-03-08 11:47:14] [INFO] [Sprite] Finished loading ./res/graphics/structures/tree6_structure.png
[2025-03-08 11:47:14] [INFO] [Sprite] Finished loading ./res/graphics/wall_tiles/rock_wall2.png
[2025-03-08 11:47:14] [INFO] [Sprite] Finished loading ./res/graphics/wall_tiles/sandstone_wall.png
[2025-03-08 11:47:14] [INFO] [Sprite] Finished loading ./res/graphics/wall_tiles/elden_yellow_wall.png
[2025-03-08 11:47:14] [INFO] [Sprite] Finished loading ./res/graphics/wall_tiles/vine_on_wall.png
[2025-03-08 11:47:14] [INFO] [Sprite] Finished loading ./res/graphics/wall_tiles/boulder_wall.png
[2025-03-08 11:47:14] [INFO] [Sprite] Finished loading ./res/graphics/wall_tiles/white_marble_wall.png
[2025-03-08 11:47:14] [INFO] [Sprite] Finished loading ./res/graphics/wall_tiles/elden_green_wall.png
[2025-03-08 11:47:14] [INFO] [Sprite] Finished loading ./res/graphics/wall_tiles/brown_marble_wall.png
[2025-03-08 11:47:14] [INFO] [Sprite] Finished loading ./res/graphics/wall_tiles/small_brick_wall.png
[2025-03-08 11:47:14] [INFO] [Sprite] Finished loading ./res/graphics/wall_tiles/moss_wall.png
[2025-03-08 11:47:14] [INFO] [Sprite] Finished loading ./res/graphics/wall_tiles/dirt_brick_vine_wall.png
[2025-03-08 11:47:14] [INFO] [Sprite] Finished loading ./res/graphics/wall_tiles/elden_purple_wall.png
[2025-03-08 11:47:14] [INFO] [Sprite] Finished loading ./res/graphics/wall_tiles/large_brick_wall.png
[2025-03-08 11:47:14] [INFO] [Sprite] Finished loading ./res/graphics/wall_tiles/dirt_wall.png
[2025-03-08 11:47:14] [INFO] [Sprite] Finished loading ./res/graphics/wall_tiles/alien_wall.png
[2025-03-08 11:47:14] [INFO] [Sprite] Finished loading ./res/graphics/wall_tiles/industrial_brick_wall.png
[2025-03-08 11:47:14] [INFO] [Sprite] Finished loading ./res/graphics/wall_tiles/rock_wall.png
[2025-03-08 11:47:14] [INFO] [Sprite] Finished loading ./res/graphics/wall_tiles/dirt_wall2.png
[2025-03-08 11:47:14] [INFO] [Sprite] Finished loading ./res/graphics/wall_tiles/moss_wall2.png
[2025-03-08 11:47:14] [INFO] [Sprite] Finished loading ./res/graphics/wall_tiles/moss_wall3.png
[2025-03-08 11:47:14] [INFO] [Sprite] Finished loading ./res/graphics/wall_tiles/no_wall.png
[2025-03-08 11:47:14] [INFO] [Sprite] Finished loading ./res/graphics/wall_tiles/alien_rune_wall.png
[2025-03-08 11:47:14] [INFO] [Sprite] Finished loading ./res/graphics/wall_tiles/industrial_wall.png
[2025-03-08 11:47:14] [INFO] [Sprite] Finished loading ./res/graphics/wall_tiles/small_brick_wall2.png
[2025-03-08 11:47:14] [INFO] [Sprite] Finished loading ./res/graphics/old/liquids 2.png
[2025-03-08 11:47:14] [INFO] [Sprite] Finished loading ./res/graphics/old/gems.png
[2025-03-08 11:47:15] [INFO] [Sprite] Finished loading ./res/graphics/old/floors.png
[2025-03-08 11:47:15] [INFO] [Sprite] Finished loading ./res/graphics/old/terrains.png
[2025-03-08 11:47:15] [INFO] [Sprite] Finished loading ./res/graphics/old/gemsRaw.png
[2025-03-08 11:47:15] [INFO] [Sprite] Finished loading ./res/graphics/old/walls.png
[2025-03-08 11:47:15] [INFO] [Sprite] Finished loading ./res/graphics/old/special2.png
[2025-03-08 11:47:15] [INFO] [Sprite] Finished loading ./res/graphics/old/structures.png
[2025-03-08 11:47:15] [INFO] [Sprite] Finished loading ./res/graphics/old/special.png
[2025-03-08 11:47:15] [INFO] [Sprite] Finished loading ./res/graphics/old/liquids.png
[2025-03-08 11:47:15] [INFO] [Sprite] Finished loading ./res/graphics/old/units.png
[2025-03-08 11:47:15] [INFO] [Sprite] Finished loading ./res/graphics/old/terrains2.png
[2025-03-08 11:47:15] [INFO] [Sprite] Finished loading ./res/graphics/old/floors2.png
[2025-03-08 11:47:15] [INFO] [Sprite] Finished loading ./res/graphics/floor_tiles/sand_1_floor.png
[2025-03-08 11:47:15] [INFO] [Sprite] Finished loading ./res/graphics/floor_tiles/sand_dark_floor.png
[2025-03-08 11:47:15] [INFO] [Sprite] Finished loading ./res/graphics/floor_tiles/dirty_grass_1_floor.png
[2025-03-08 11:47:15] [INFO] [Sprite] Finished loading ./res/graphics/floor_tiles/white_sand_floor.png
[2025-03-08 11:47:15] [INFO] [Sprite] Finished loading ./res/graphics/floor_tiles/white_sands_2.png
[2025-03-08 11:47:15] [INFO] [Sprite] Finished loading ./res/graphics/floor_tiles/dirty_grass_2_floor.png
[2025-03-08 11:47:15] [INFO] [Sprite] Finished loading ./res/graphics/floor_tiles/sand_3_floor.png
[2025-03-08 11:47:15] [INFO] [Sprite] Finished loading ./res/graphics/floor_tiles/obsidian_floor.png
[2025-03-08 11:47:15] [INFO] [Sprite] Finished loading ./res/graphics/floor_tiles/base_floor.png
[2025-03-08 11:47:15] [INFO] [Sprite] Finished loading ./res/graphics/floor_tiles/sand_floor.png
[2025-03-08 11:47:15] [INFO] [Sprite] Finished loading ./res/graphics/floor_tiles/dirty_grass_3_floor.png
[2025-03-08 11:47:15] [INFO] [Sprite] Finished loading ./res/graphics/floor_tiles/sand_2_floor.png
[2025-03-08 11:47:15] [INFO] [Sprite] Finished loading ./res/graphics/units/Air_Dragon.png
[2025-03-08 11:47:15] [INFO] [Sprite] Finished loading ./res/graphics/units/Dragon.png
[2025-03-08 11:47:15] [INFO] [Sprite] Finished loading ./res/graphics/units/Dark_Dragon.png
[2025-03-08 11:47:15] [INFO] [Sprite] Finished loading ./res/graphics/units/Earth_Dragon.png
[2025-03-08 11:47:15] [INFO] [Sprite] Finished loading ./res/graphics/units/Light_Dragon.png
[2025-03-08 11:47:15] [INFO] [Sprite] Finished loading ./res/graphics/units/Water_Dragon.png
[2025-03-08 11:47:15] [INFO] [Sprite] Finished loading ./res/graphics/units/Fire_Dragon.png
[2025-03-08 11:47:15] [INFO] [Sprite] Finished loading ./res/graphics/actions/StatsDown.png
[2025-03-08 11:47:15] [INFO] [Sprite] Finished loading ./res/graphics/actions/PhysicalHit4.png
[2025-03-08 11:47:15] [INFO] [Sprite] Finished loading ./res/graphics/actions/Slash.png
[2025-03-08 11:47:15] [INFO] [Sprite] Finished loading ./res/graphics/actions/Air.png
[2025-03-08 11:47:15] [INFO] [Sprite] Finished loading ./res/graphics/actions/Dark.png
[2025-03-08 11:47:15] [INFO] [Sprite] Finished loading ./res/graphics/actions/Blunt.png
[2025-03-08 11:47:15] [INFO] [Sprite] Finished loading ./res/graphics/actions/Fire.png
[2025-03-08 11:47:15] [INFO] [Sprite] Finished loading ./res/graphics/actions/Earth.png
[2025-03-08 11:47:15] [INFO] [Sprite] Finished loading ./res/graphics/actions/Light.png
[2025-03-08 11:47:15] [INFO] [Sprite] Finished loading ./res/graphics/actions/StatsUp.png
[2025-03-08 11:47:15] [INFO] [Sprite] Finished loading ./res/graphics/actions/Water.png
[2025-03-08 11:47:15] [INFO] [Sprite] Finished loading ./res/graphics/actions/Pierce.png
[2025-03-08 11:47:15] [INFO] [Sprite] Finished loading ./res/graphics/spells/LightSpell.png
[2025-03-08 11:47:15] [INFO] [Sprite] Finished loading ./res/graphics/spells/StatsDown.png
[2025-03-08 11:47:15] [INFO] [Sprite] Finished loading ./res/graphics/spells/WindSpell.png
[2025-03-08 11:47:15] [INFO] [Sprite] Finished loading ./res/graphics/spells/WaterSpell.png
[2025-03-08 11:47:15] [INFO] [Sprite] Finished loading ./res/graphics/spells/PhysicalHit4.png
[2025-03-08 11:47:15] [INFO] [Sprite] Finished loading ./res/graphics/spells/PhysicalHit1.png
[2025-03-08 11:47:15] [INFO] [Sprite] Finished loading ./res/graphics/spells/LightningSpell.png
[2025-03-08 11:47:15] [INFO] [Sprite] Finished loading ./res/graphics/spells/PhysicalHit3.png
[2025-03-08 11:47:15] [INFO] [Sprite] Finished loading ./res/graphics/spells/PhysicalHit2.png
[2025-03-08 11:47:15] [INFO] [Sprite] Finished loading ./res/graphics/spells/FireSpell.png
[2025-03-08 11:47:15] [INFO] [Sprite] Finished loading ./res/graphics/spells/DarkSpell.png
[2025-03-08 11:47:15] [INFO] [Sprite] Finished loading ./res/graphics/spells/StatsUp.png
[2025-03-08 11:47:15] [INFO] [Sprite] Finished loading ./res/graphics/spells/EarthSpell.png
[2025-03-08 11:47:15] [INFO] [Sprite] Finished loading ./res/graphics/liquids/greater_leafage_liquid.png
[2025-03-08 11:47:15] [INFO] [Sprite] Finished loading ./res/graphics/liquids/waterV4_liquid.png
[2025-03-08 11:47:15] [INFO] [Sprite] Finished loading ./res/graphics/liquids/shallow_swamp.png
[2025-03-08 11:47:15] [INFO] [Sprite] Finished loading ./res/graphics/liquids/water5.png
[2025-03-08 11:47:15] [INFO] [Sprite] Finished loading ./res/graphics/liquids/swamp_2.png
[2025-03-08 11:47:15] [INFO] [Sprite] Finished loading ./res/graphics/liquids/Lava_liquid.png
[2025-03-08 11:47:15] [INFO] [Sprite] Finished loading ./res/graphics/liquids/swamp2.png
[2025-03-08 11:47:15] [INFO] [Sprite] Finished loading ./res/graphics/liquids/waterV33_liquid.png
[2025-03-08 11:47:15] [INFO] [Sprite] Finished loading ./res/graphics/liquids/shallow_water_liquid.png
[2025-03-08 11:47:15] [INFO] [Sprite] Finished loading ./res/graphics/liquids/water_liquid.png
[2025-03-08 11:47:15] [INFO] [Sprite] Finished loading ./res/graphics/liquids/waterV2_liquid.png
[2025-03-08 11:47:15] [INFO] [Sprite] Finished loading ./res/graphics/liquids/swamp2_liquid.png
[2025-03-08 11:47:15] [INFO] [SpriteSheetOG] Finished loading ./res/graphics
[2025-03-08 11:47:15] [INFO] [AssetPool] Finished initializing AssetPool
[2025-03-08 11:47:15] [INFO] [FontPoolV1] Started initializing FontPoolV1
[2025-03-08 11:47:15] [INFO] [FontPoolV1] Finished initializing FontPoolV1
[2025-03-08 11:47:15] [INFO] [UnitDatabase] Started initializing UnitDatabase
[2025-03-08 11:47:15] [INFO] [UnitDatabase] Successfully initialized UnitDatabase
[2025-03-08 11:47:15] [INFO] [UnitDatabase] Finished initializing UnitDatabase
[2025-03-08 11:47:15] [INFO] [JsonDatabase] Started initializing JsonDatabase
[2025-03-08 11:47:15] [INFO] [JsonTable] Started initializing JsonTable
[2025-03-08 11:47:15] [INFO] [JsonTable] Successfully initialized JsonTable
[2025-03-08 11:47:15] [INFO] [JsonTable] Finished initializing JsonTable
[2025-03-08 11:47:15] [INFO] [JsonTable] Started initializing JsonTable
[2025-03-08 11:47:15] [INFO] [JsonTable] Successfully initialized JsonTable
[2025-03-08 11:47:15] [INFO] [JsonTable] Finished initializing JsonTable
[2025-03-08 11:47:15] [INFO] [JsonTable] Started initializing JsonTable
[2025-03-08 11:47:15] [INFO] [JsonTable] Successfully initialized JsonTable
[2025-03-08 11:47:15] [INFO] [JsonTable] Finished initializing JsonTable
[2025-03-08 11:47:15] [INFO] [JsonDatabase] Successfully initialized JsonDatabase
[2025-03-08 11:47:15] [INFO] [JsonDatabase] Finished initializing JsonDatabase
[2025-03-08 11:47:15] [INFO] [Component] Setting c1651956-6348-4a43-8432-fe9ac1b4701f on to 4c5f8bf7-df72-4ba1-b7df-e61e134e4210.
[2025-03-08 11:47:15] [INFO] [SpeedQueue] Added unit enemy:Pyfyyu into queue
[2025-03-08 11:47:15] [INFO] [Component] Setting f1376d37-13e8-40bb-8f7e-7f52cfde20e8 on to aba09305-6ec9-44ed-999d-4651dd7504f3.
[2025-03-08 11:47:15] [INFO] [SpeedQueue] Added unit enemy:Tilo into queue
[2025-03-08 11:47:15] [INFO] [Component] Setting 008cb27d-afb8-45df-9ebd-49bd5f2a907b on to a31ba109-b4ef-4eaf-b953-4fde7a68001f.
[2025-03-08 11:47:15] [INFO] [SpeedQueue] Added unit enemy:Fenon into queue
[2025-03-08 11:47:15] [INFO] [Component] Setting f1b33473-d3ec-44f7-a7c3-b32a7bc21aee on to 69b9f386-0b53-4448-b76d-1e810af8a72b.
[2025-03-08 11:47:15] [INFO] [SpeedQueue] Added unit enemy:Fyeeb into queue
[2025-03-08 11:47:15] [INFO] [Component] Setting bbf1eccf-1349-43a4-8102-96826db04521 on to 97d431e5-b0e8-40a4-842e-6a908b17864b.
[2025-03-08 11:47:15] [INFO] [SpeedQueue] Added unit user:Hixu into queue
[2025-03-08 11:47:15] [INFO] [Component] Setting 9a8b52f3-3e0b-49d4-bf05-54a5c669ed25 on to 26b93aec-9514-4653-8759-e546a9ff5552.
[2025-03-08 11:47:15] [INFO] [SpeedQueue] Added unit user:Byzbi into queue
[2025-03-08 11:47:15] [INFO] [Component] Setting 6a685d54-b6c8-49ec-b4cb-ba7826ea2895 on to 34ef6ca0-cba1-4649-9fbd-93be941ad5c5.
[2025-03-08 11:47:15] [INFO] [SpeedQueue] Added unit user:Viqaa into queue
[2025-03-08 11:47:15] [INFO] [Component] Setting 0ed01da3-df79-4a19-8d17-0e0eb098ad34 on to cab218cf-4f85-4735-8e41-7e8789bea227.
[2025-03-08 11:47:15] [INFO] [SpeedQueue] Added unit user:Yady into queue
[2025-03-08 11:47:15] [INFO] [FontPool] Started initializing FontPool
[2025-03-08 11:47:15] [INFO] [FontPool] ✅ Successfully loaded font: Lilian
[2025-03-08 11:47:16] [INFO] [SpeedQueue] Speed queue updated.
[2025-03-08 11:47:16] [INFO] [VisualsSystem] Started creating blurred background
[2025-03-08 11:47:16] [INFO] [TimeLinePanel] Updating timeline HUD
[2025-03-08 11:47:16] [INFO] [VisualsSystem] Finished creating blurred background after 0.5168421864509583 seconds
[2025-03-08 11:47:17] [INFO] [AbilityDatabase] Started initializing AbilityDatabase
[2025-03-08 11:47:17] [INFO] [AbilityDatabase] Successfully initialized AbilityDatabase
[2025-03-08 11:47:17] [INFO] [AbilityDatabase] Finished initializing AbilityDatabase
[2025-03-08 11:47:19] [INFO] [MovementSystem] Fyeeb is planning to move from [5, 5] to [6, 6]
[2025-03-08 11:47:19] [INFO] [MovementSystem] Updated movement area for Fyeeb
[2025-03-08 11:47:19] [INFO] [MovementSystem] Updated movement path for Fyeeb
[2025-03-08 11:47:19] [INFO] [Component] Setting f1b33473-d3ec-44f7-a7c3-b32a7bc21aee on to a7e98a