[2025-03-14 23:01:16] [INFO] [AssetPool] Started initializing AssetPool
[2025-03-14 23:01:16] [INFO] [Engine] HEAP ALLOCATION INCREASED! 1.0 GB of 16.0 GB used
[2025-03-14 23:01:16] [INFO] [SpriteSheetOG] Started loading Sprite's from ./res/graphics
[2025-03-14 23:01:16] [INFO] [SpriteSheetOG] Finished reading files for sprites
[2025-03-14 23:01:16] [INFO] [Sprite] Finished loading ./res/graphics/misc/blue_reticle.png
[2025-03-14 23:01:16] [INFO] [Sprite] Finished loading ./res/graphics/misc/pink_spawn.png
[2025-03-14 23:01:16] [INFO] [Sprite] Finished loading ./res/graphics/misc/reticle.png
[2025-03-14 23:01:16] [INFO] [Sprite] Finished loading ./res/graphics/misc/yellow_spawn.png
[2025-03-14 23:01:16] [INFO] [Sprite] Finished loading ./res/graphics/misc/blue_spawn.png
[2025-03-14 23:01:16] [INFO] [Sprite] Finished loading ./res/graphics/misc/red_reticle.png
[2025-03-14 23:01:16] [INFO] [Sprite] Finished loading ./res/graphics/misc/depth_shadows.png
[2025-03-14 23:01:16] [INFO] [Sprite] Finished loading ./res/graphics/misc/yellow_reticle.png
[2025-03-14 23:01:16] [INFO] [Sprite] Finished loading ./res/graphics/misc/red_spawn.png
[2025-03-14 23:01:16] [INFO] [Sprite] Finished loading ./res/graphics/misc/directional_shadows.png
[2025-03-14 23:01:16] [INFO] [Sprite] Finished loading ./res/graphics/shadows/northwest.png
[2025-03-14 23:01:16] [INFO] [Sprite] Finished loading ./res/graphics/shadows/west.png
[2025-03-14 23:01:16] [INFO] [Sprite] Finished loading ./res/graphics/shadows/north.png
[2025-03-14 23:01:16] [INFO] [Sprite] Finished loading ./res/graphics/shadows/east.png
[2025-03-14 23:01:16] [INFO] [Sprite] Finished loading ./res/graphics/shadows/northeast.png
[2025-03-14 23:01:16] [INFO] [Sprite] Finished loading ./res/graphics/shadows/south.png
[2025-03-14 23:01:16] [INFO] [Sprite] Finished loading ./res/graphics/shadows/southwest.png
[2025-03-14 23:01:16] [INFO] [Sprite] Finished loading ./res/graphics/shadows/southeast.png
[2025-03-14 23:01:16] [INFO] [Sprite] Finished loading ./res/graphics/structures/tree3_structure.png
[2025-03-14 23:01:16] [INFO] [Sprite] Finished loading ./res/graphics/structures/tree4_structure.png
[2025-03-14 23:01:16] [INFO] [Sprite] Finished loading ./res/graphics/structures/tree1_structure.png
[2025-03-14 23:01:16] [INFO] [Sprite] Finished loading ./res/graphics/structures/tree5_structure.png
[2025-03-14 23:01:16] [INFO] [Sprite] Finished loading ./res/graphics/structures/tree2_structure.png
[2025-03-14 23:01:16] [INFO] [Sprite] Finished loading ./res/graphics/structures/tree6_structure.png
[2025-03-14 23:01:16] [INFO] [Sprite] Finished loading ./res/graphics/wall_tiles/rock_wall2.png
[2025-03-14 23:01:16] [INFO] [Sprite] Finished loading ./res/graphics/wall_tiles/sandstone_wall.png
[2025-03-14 23:01:16] [INFO] [Sprite] Finished loading ./res/graphics/wall_tiles/elden_yellow_wall.png
[2025-03-14 23:01:16] [INFO] [Sprite] Finished loading ./res/graphics/wall_tiles/vine_on_wall.png
[2025-03-14 23:01:16] [INFO] [Sprite] Finished loading ./res/graphics/wall_tiles/boulder_wall.png
[2025-03-14 23:01:16] [INFO] [Sprite] Finished loading ./res/graphics/wall_tiles/white_marble_wall.png
[2025-03-14 23:01:16] [INFO] [Sprite] Finished loading ./res/graphics/wall_tiles/elden_green_wall.png
[2025-03-14 23:01:16] [INFO] [Sprite] Finished loading ./res/graphics/wall_tiles/brown_marble_wall.png
[2025-03-14 23:01:16] [INFO] [Sprite] Finished loading ./res/graphics/wall_tiles/small_brick_wall.png
[2025-03-14 23:01:16] [INFO] [Sprite] Finished loading ./res/graphics/wall_tiles/moss_wall.png
[2025-03-14 23:01:16] [INFO] [Sprite] Finished loading ./res/graphics/wall_tiles/dirt_brick_vine_wall.png
[2025-03-14 23:01:16] [INFO] [Sprite] Finished loading ./res/graphics/wall_tiles/elden_purple_wall.png
[2025-03-14 23:01:16] [INFO] [Sprite] Finished loading ./res/graphics/wall_tiles/large_brick_wall.png
[2025-03-14 23:01:16] [INFO] [Sprite] Finished loading ./res/graphics/wall_tiles/dirt_wall.png
[2025-03-14 23:01:16] [INFO] [Sprite] Finished loading ./res/graphics/wall_tiles/alien_wall.png
[2025-03-14 23:01:16] [INFO] [Sprite] Finished loading ./res/graphics/wall_tiles/industrial_brick_wall.png
[2025-03-14 23:01:16] [INFO] [Sprite] Finished loading ./res/graphics/wall_tiles/rock_wall.png
[2025-03-14 23:01:16] [INFO] [Sprite] Finished loading ./res/graphics/wall_tiles/dirt_wall2.png
[2025-03-14 23:01:16] [INFO] [Sprite] Finished loading ./res/graphics/wall_tiles/moss_wall2.png
[2025-03-14 23:01:16] [INFO] [Sprite] Finished loading ./res/graphics/wall_tiles/moss_wall3.png
[2025-03-14 23:01:16] [INFO] [Sprite] Finished loading ./res/graphics/wall_tiles/no_wall.png
[2025-03-14 23:01:16] [INFO] [Sprite] Finished loading ./res/graphics/wall_tiles/alien_rune_wall.png
[2025-03-14 23:01:16] [INFO] [Sprite] Finished loading ./res/graphics/wall_tiles/industrial_wall.png
[2025-03-14 23:01:16] [INFO] [Sprite] Finished loading ./res/graphics/wall_tiles/small_brick_wall2.png
[2025-03-14 23:01:16] [INFO] [Sprite] Finished loading ./res/graphics/old/liquids 2.png
[2025-03-14 23:01:16] [INFO] [Sprite] Finished loading ./res/graphics/old/gems.png
[2025-03-14 23:01:16] [INFO] [Sprite] Finished loading ./res/graphics/old/floors.png
[2025-03-14 23:01:16] [INFO] [Sprite] Finished loading ./res/graphics/old/terrains.png
[2025-03-14 23:01:16] [INFO] [Sprite] Finished loading ./res/graphics/old/gemsRaw.png
[2025-03-14 23:01:16] [INFO] [Sprite] Finished loading ./res/graphics/old/walls.png
[2025-03-14 23:01:16] [INFO] [Sprite] Finished loading ./res/graphics/old/special2.png
[2025-03-14 23:01:16] [INFO] [Sprite] Finished loading ./res/graphics/old/structures.png
[2025-03-14 23:01:16] [INFO] [Sprite] Finished loading ./res/graphics/old/special.png
[2025-03-14 23:01:16] [INFO] [Sprite] Finished loading ./res/graphics/old/liquids.png
[2025-03-14 23:01:16] [INFO] [Sprite] Finished loading ./res/graphics/old/units.png
[2025-03-14 23:01:16] [INFO] [Sprite] Finished loading ./res/graphics/old/terrains2.png
[2025-03-14 23:01:16] [INFO] [Sprite] Finished loading ./res/graphics/old/floors2.png
[2025-03-14 23:01:16] [INFO] [Sprite] Finished loading ./res/graphics/floor_tiles/sand_1_floor.png
[2025-03-14 23:01:16] [INFO] [Sprite] Finished loading ./res/graphics/floor_tiles/sand_dark_floor.png
[2025-03-14 23:01:16] [INFO] [Sprite] Finished loading ./res/graphics/floor_tiles/dirty_grass_1_floor.png
[2025-03-14 23:01:16] [INFO] [Sprite] Finished loading ./res/graphics/floor_tiles/white_sand_floor.png
[2025-03-14 23:01:16] [INFO] [Sprite] Finished loading ./res/graphics/floor_tiles/white_sands_2.png
[2025-03-14 23:01:16] [INFO] [Sprite] Finished loading ./res/graphics/floor_tiles/dirty_grass_2_floor.png
[2025-03-14 23:01:16] [INFO] [Sprite] Finished loading ./res/graphics/floor_tiles/sand_3_floor.png
[2025-03-14 23:01:16] [INFO] [Sprite] Finished loading ./res/graphics/floor_tiles/obsidian_floor.png
[2025-03-14 23:01:16] [INFO] [Sprite] Finished loading ./res/graphics/floor_tiles/base_floor.png
[2025-03-14 23:01:16] [INFO] [Sprite] Finished loading ./res/graphics/floor_tiles/sand_floor.png
[2025-03-14 23:01:16] [INFO] [Sprite] Finished loading ./res/graphics/floor_tiles/dirty_grass_3_floor.png
[2025-03-14 23:01:16] [INFO] [Sprite] Finished loading ./res/graphics/floor_tiles/sand_2_floor.png
[2025-03-14 23:01:16] [INFO] [Sprite] Finished loading ./res/graphics/units/Air_Dragon.png
[2025-03-14 23:01:16] [INFO] [Sprite] Finished loading ./res/graphics/units/Dragon.png
[2025-03-14 23:01:16] [INFO] [Sprite] Finished loading ./res/graphics/units/Dark_Dragon.png
[2025-03-14 23:01:16] [INFO] [Sprite] Finished loading ./res/graphics/units/Earth_Dragon.png
[2025-03-14 23:01:16] [INFO] [Sprite] Finished loading ./res/graphics/units/Light_Dragon.png
[2025-03-14 23:01:16] [INFO] [Sprite] Finished loading ./res/graphics/units/Water_Dragon.png
[2025-03-14 23:01:16] [INFO] [Sprite] Finished loading ./res/graphics/units/Fire_Dragon.png
[2025-03-14 23:01:16] [INFO] [Sprite] Finished loading ./res/graphics/actions/StatsDown.png
[2025-03-14 23:01:16] [INFO] [Sprite] Finished loading ./res/graphics/actions/PhysicalHit4.png
[2025-03-14 23:01:16] [INFO] [Sprite] Finished loading ./res/graphics/actions/Slash.png
[2025-03-14 23:01:16] [INFO] [Sprite] Finished loading ./res/graphics/actions/Air.png
[2025-03-14 23:01:16] [INFO] [Sprite] Finished loading ./res/graphics/actions/Dark.png
[2025-03-14 23:01:16] [INFO] [Sprite] Finished loading ./res/graphics/actions/Blunt.png
[2025-03-14 23:01:16] [INFO] [Sprite] Finished loading ./res/graphics/actions/Fire.png
[2025-03-14 23:01:16] [INFO] [Sprite] Finished loading ./res/graphics/actions/Earth.png
[2025-03-14 23:01:16] [INFO] [Sprite] Finished loading ./res/graphics/actions/Light.png
[2025-03-14 23:01:16] [INFO] [Sprite] Finished loading ./res/graphics/actions/StatsUp.png
[2025-03-14 23:01:16] [INFO] [Sprite] Finished loading ./res/graphics/actions/Water.png
[2025-03-14 23:01:16] [INFO] [Sprite] Finished loading ./res/graphics/actions/Pierce.png
[2025-03-14 23:01:16] [INFO] [Sprite] Finished loading ./res/graphics/spells/LightSpell.png
[2025-03-14 23:01:16] [INFO] [Sprite] Finished loading ./res/graphics/spells/StatsDown.png
[2025-03-14 23:01:16] [INFO] [Sprite] Finished loading ./res/graphics/spells/WindSpell.png
[2025-03-14 23:01:16] [INFO] [Sprite] Finished loading ./res/graphics/spells/WaterSpell.png
[2025-03-14 23:01:16] [INFO] [Sprite] Finished loading ./res/graphics/spells/PhysicalHit4.png
[2025-03-14 23:01:16] [INFO] [Sprite] Finished loading ./res/graphics/spells/PhysicalHit1.png
[2025-03-14 23:01:16] [INFO] [Sprite] Finished loading ./res/graphics/spells/LightningSpell.png
[2025-03-14 23:01:16] [INFO] [Sprite] Finished loading ./res/graphics/spells/PhysicalHit3.png
[2025-03-14 23:01:16] [INFO] [Sprite] Finished loading ./res/graphics/spells/PhysicalHit2.png
[2025-03-14 23:01:16] [INFO] [Sprite] Finished loading ./res/graphics/spells/FireSpell.png
[2025-03-14 23:01:16] [INFO] [Sprite] Finished loading ./res/graphics/spells/DarkSpell.png
[2025-03-14 23:01:16] [INFO] [Sprite] Finished loading ./res/graphics/spells/StatsUp.png
[2025-03-14 23:01:16] [INFO] [Sprite] Finished loading ./res/graphics/spells/EarthSpell.png
[2025-03-14 23:01:16] [INFO] [Sprite] Finished loading ./res/graphics/liquids/greater_leafage_liquid.png
[2025-03-14 23:01:16] [INFO] [Sprite] Finished loading ./res/graphics/liquids/waterV4_liquid.png
[2025-03-14 23:01:16] [INFO] [Sprite] Finished loading ./res/graphics/liquids/shallow_swamp.png
[2025-03-14 23:01:16] [INFO] [Sprite] Finished loading ./res/graphics/liquids/water5.png
[2025-03-14 23:01:16] [INFO] [Sprite] Finished loading ./res/graphics/liquids/swamp_2.png
[2025-03-14 23:01:16] [INFO] [Sprite] Finished loading ./res/graphics/liquids/Lava_liquid.png
[2025-03-14 23:01:16] [INFO] [Sprite] Finished loading ./res/graphics/liquids/swamp2.png
[2025-03-14 23:01:16] [INFO] [Sprite] Finished loading ./res/graphics/liquids/waterV33_liquid.png
[2025-03-14 23:01:16] [INFO] [Sprite] Finished loading ./res/graphics/liquids/shallow_water_liquid.png
[2025-03-14 23:01:16] [INFO] [Sprite] Finished loading ./res/graphics/liquids/water_liquid.png
[2025-03-14 23:01:16] [INFO] [Sprite] Finished loading ./res/graphics/liquids/waterV2_liquid.png
[2025-03-14 23:01:16] [INFO] [Sprite] Finished loading ./res/graphics/liquids/swamp2_liquid.png
[2025-03-14 23:01:16] [INFO] [SpriteSheetOG] Finished loading ./res/graphics
[2025-03-14 23:01:16] [INFO] [AssetPool] Finished initializing AssetPool
[2025-03-14 23:01:16] [INFO] [FontPoolV1] Started initializing FontPoolV1
[2025-03-14 23:01:16] [INFO] [FontPoolV1] Finished initializing FontPoolV1
[2025-03-14 23:01:16] [INFO] [UnitDatabase] Started initializing UnitDatabase
[2025-03-14 23:01:16] [INFO] [UnitDatabase] Successfully initialized UnitDatabase
[2025-03-14 23:01:16] [INFO] [UnitDatabase] Finished initializing UnitDatabase
[2025-03-14 23:01:16] [INFO] [JsonDatabase] Started initializing JsonDatabase
[2025-03-14 23:01:16] [INFO] [JsonTable] Started initializing JsonTable
[2025-03-14 23:01:16] [INFO] [JsonTable] Successfully initialized JsonTable
[2025-03-14 23:01:16] [INFO] [JsonTable] Finished initializing JsonTable
[2025-03-14 23:01:16] [INFO] [JsonTable] Started initializing JsonTable
[2025-03-14 23:01:16] [INFO] [JsonTable] Successfully initialized JsonTable
[2025-03-14 23:01:16] [INFO] [JsonTable] Finished initializing JsonTable
[2025-03-14 23:01:16] [INFO] [JsonTable] Started initializing JsonTable
[2025-03-14 23:01:16] [INFO] [JsonTable] Successfully initialized JsonTable
[2025-03-14 23:01:16] [INFO] [JsonTable] Finished initializing JsonTable
[2025-03-14 23:01:16] [INFO] [JsonDatabase] Successfully initialized JsonDatabase
[2025-03-14 23:01:16] [INFO] [JsonDatabase] Finished initializing JsonDatabase
[2025-03-14 23:01:16] [INFO] [Component] Setting c5c617e7-753b-49d8-9445-d4457e24d434 on to 2f6e48e6-0024-47c0-bd94-a8ff79417961.
[2025-03-14 23:01:16] [INFO] [SpeedQueue] Added unit enemy:Resad into queue
[2025-03-14 23:01:16] [INFO] [Component] Setting 718f3c75-f5a8-414b-8a04-9bc71f18a60d on to 83bc7b8b-eb80-44d5-a3b5-55050c390aa7.
[2025-03-14 23:01:16] [INFO] [SpeedQueue] Added unit enemy:Kizy into queue
[2025-03-14 23:01:16] [INFO] [Component] Setting 055f2fb8-0f00-4cda-bbbe-9405063c7407 on to f77b46f1-61d2-4751-a8ae-8e4ddc370462.
[2025-03-14 23:01:16] [INFO] [SpeedQueue] Added unit user:Koio into queue
[2025-03-14 23:01:16] [INFO] [Component] Setting 64279a46-73a7-4056-8b27-ca9fd20a5b7a on to 5bec4997-035e-4854-a5c3-cc94c46fc833.
[2025-03-14 23:01:16] [INFO] [SpeedQueue] Added unit user:Ouwau into queue
[2025-03-14 23:01:16] [INFO] [Component] Setting 4fd78895-639f-4779-a364-30cdb50e0efd on to c38d0da6-a86b-4fba-bb9b-c7e288aa0d57.
[2025-03-14 23:01:16] [INFO] [SpeedQueue] Added unit user:Mijli into queue
[2025-03-14 23:01:16] [INFO] [Component] Setting 9161c0a2-486d-4bb2-a48d-681c5987c895 on to 9a55dca7-5f3f-4473-a318-d88a95184ba0.
[2025-03-14 23:01:16] [INFO] [SpeedQueue] Added unit user:Oebuuj into queue
[2025-03-14 23:01:16] [INFO] [FontPool] Started initializing FontPool
[2025-03-14 23:01:16] [INFO] [FontPool] ✅ Successfully loaded font: Lilian
[2025-03-14 23:01:17] [INFO] [SpeedQueue] Speed queue updated.
[2025-03-14 23:01:17] [INFO] [VisualsSystem] Started creating blurred background
[2025-03-14 23:01:17] [INFO] [TimeLinePanel] Started updating the timeline panel after turn order has changed.
[2025-03-14 23:01:17] [INFO] [TimeLinePanel] Finished updating the timeline panel after turn order has changed.
[2025-03-14 23:01:17] [INFO] [SelectedTilePanel] Checksum updated, getting units at selected tiles.
[2025-03-14 23:01:17] [INFO] [SelectedTilePanel] Either no unit selected or more than one unit selected
[2025-03-14 23:01:17] [INFO] [LesserStatisticsInformationPanel] Checksum has been updated, querying statistics for unit 718f3c75-f5a8-414b-8a04-9bc71f18a60d
[2025-03-14 23:01:18] [INFO] [VisualsSystem] Finished creating blurred background after 0.5002487301826477 seconds
[2025-03-14 23:01:18] [INFO] [AbilityDatabase] Started initializing AbilityDatabase
[2025-03-14 23:01:18] [INFO] [AbilityDatabase] Successfully initialized AbilityDatabase
[2025-03-14 23:01:18] [INFO] [AbilityDatabase] Finished initializing AbilityDatabase
[2025-03-14 23:01:20] [INFO] [SelectedTilePanel] Checksum updated, getting units at selected tiles.
[2025-03-14 23:01:20] [INFO] [SelectedTilePanel] Updated selected tile display to view Kizy
[2025-03-14 23:01:20] [INFO] [MovementSystem] Kizy is planning to move from [3, 3] to [1, 3]
[2025-03-14 23:01:20] [INFO] [MovementSystem] Updated movement area for Kizy
[2025-03-14 23:01:20] [INFO] [MovementSystem] Updated movement path for Kizy
[2025-03-14 23:01:20] [INFO] [Component] Setting 718f3c75-f5a8-414b-8a04-9bc71f18a60d on to 06f3a92c-7c93-4411-bdb6-c85e23fab061.
[2025-03-14 23:01:20] [INFO] [MovementSystem] Moved from [3, 3] to [1, 3]
[2025-03-14 23:01:21] [INFO] [SelectedTilePanel] Checksum updated, getting units at selected tiles.
[2025-03-14 23:01:21] [INFO] [SelectedTilePanel] Updated selected tile display to view Oebuuj
[2025-03-14 23:01:22] [INFO] [SelectedTilePanel] Checksum updated, getting units at selected tiles.
[2025-03-14 23:01:22] [INFO] [SelectedTilePanel] Updated selected tile display to view Kizy
[2025-03-14 23:01:22] [INFO] [TimeLinePanel] Started updating the timeline panel after turn order has changed.
[2025-03-14 23:01:22] [INFO] [TimeLinePanel] Finished updating the timeline panel after turn order has changed.
[2025-03-14 23:01:23] [INFO] [SelectedTilePanel] Checksum updated, getting units at selected tiles.
[2025-03-14 23:01:23] [INFO] [SelectedTilePanel] Updated selected tile display to view Resad
[2025-03-14 23:01:24] [INFO] [MovementSystem] Resad is planning to move from [2, 6] to [1, 6]
[2025-03-14 23:01:24] [INFO] [MovementSystem] Updated movement area for Resad
[2025-03-14 23:01:24] [INFO] [MovementSystem] Updated movement path for Resad
[2025-03-14 23:01:24] [INFO] [Component] Setting c5c617e7-753b-49d8-9445-d4457e24d434 on to b725e11a-5069-4ad3-abb7-8d6fc0ca80dc.
[2025-03-14 23:01:24] [INFO] [MovementSystem] Moved from [2, 6] to [1, 6]
[2025-03-14 23:01:26] [INFO] [TimeLinePanel] Started updating the timeline panel after turn order has changed.
[2025-03-14 23:01:27] [INFO] [TimeLinePanel] Finished updating the timeline panel after turn order has changed.
[2025-03-14 23:01:27] [INFO] [MovementSystem] Mijli is planning to move from [9, 3] to [2, 5]
[2025-03-14 23:01:27] [INFO] [MovementSystem] Updated movement area for Mijli
[2025-03-14 23:01:27] [INFO] [MovementSystem] Updated movement path for Mijli
[2025-03-14 23:01:27] [INFO] [MovementSystem] Mijli is planning to move from [9, 3] to [2, 4]
[2025-03-14 23:01:27] [INFO] [MovementSystem] Updated movement path for Mijli
[2025-03-14 23:01:27] [INFO] [MovementSystem] Mijli is planning to move from [9, 3] to [1, 4]
[2025-03-14 23:01:27] [INFO] [MovementSystem] Updated movement path for Mijli
[2025-03-14 23:01:27] [INFO] [MovementSystem] Mijli is planning to move from [9, 3] to [1, 3]
[2025-03-14 23:01:27] [INFO] [MovementSystem] Updated movement path for Mijli
[2025-03-14 23:01:27] [INFO] [MovementSystem] Mijli is planning to move from [9, 3] to [0, 2]
[2025-03-14 23:01:27] [INFO] [MovementSystem] Updated movement path for Mijli
[2025-03-14 23:01:27] [INFO] [MovementSystem] Mijli is planning to move from [9, 3] to [0, 1]
[2025-03-14 23:01:27] [INFO] [MovementSystem] Updated movement path for Mijli
[2025-03-14 23:01:27] [INFO] [MovementSystem] Mijli is planning to move from [9, 3] to [0, 0]
[2025-03-14 23:01:27] [INFO] [MovementSystem] Updated movement path for Mijli
[2025-03-14 23:01:27] [INFO] [MovementSystem] Mijli is planning to move from [9, 3] to null
[2025-03-14 23:01:27] [INFO] [MovementSystem] Updated movement path for Mijli
[2025-03-14 23:01:28] [INFO] [SelectedTilePanel] Checksum updated, getting units at selected tiles.
[2025-03-14 23:01:28] [INFO] [SelectedTilePanel] Updated selected tile display to view Mijli
[2025-03-14 23:01:28] [INFO] [MovementSystem] Mijli is planning to move from [9, 3] to [0, 0]
[2025-03-14 23:01:28] [INFO] [MovementSystem] Updated movement path for Mijli
[2025-03-14 23:01:28] [INFO] [MovementSystem] Mijli is planning to move from [9, 3] to [1, 0]
[2025-03-14 23:01:28] [INFO] [MovementSystem] Updated movement path for Mijli
[2025-03-14 23:01:28] [INFO] [MovementSystem] Mijli is planning to move from [9, 3] to [2, 0]
[2025-03-14 23:01:28] [INFO] [MovementSystem] Updated movement path for Mijli
[2025-03-14 23:01:28] [INFO] [MovementSystem] Mijli is planning to move from [9, 3] to null
[2025-03-14 23:01:28] [INFO] [MovementSystem] Updated movement path for Mijli
[2025-03-14 23:01:28] [INFO] [MovementSystem] Mijli is planning to move from [9, 3] to [5, 0]
[2025-03-14 23:01:28] [INFO] [MovementSystem] Updated movement path for Mijli
[2025-03-14 23:01:28] [INFO] [MovementSystem] Mijli is planning to move from [9, 3] to [6, 1]
[2025-03-14 23:01:28] [INFO] [MovementSystem] Updated movement path for Mijli
[2025-03-14 23:01:28] [INFO] [MovementSystem] Mijli is planning to move from [9, 3] to [6, 2]
[2025-03-14 23:01:28] [INFO] [MovementSystem] Updated movement path for Mijli
[2025-03-14 23:01:28] [INFO] [MovementSystem] Mijli is planning to move from [9, 3] to [6, 3]
[2025-03-14 23:01:28] [INFO] [MovementSystem] Updated movement path for Mijli
[2025-03-14 23:01:28] [INFO] [MovementSystem] Mijli is planning to move from [9, 3] to [7, 3]
[2025-03-14 23:01:28] [INFO] [MovementSystem] Updated movement path for Mijli
[2025-03-14 23:01:28] [INFO] [MovementSystem] Mijli is planning to move from [9, 3] to [7, 4]
[2025-03-14 23:01:28] [INFO] [MovementSystem] Updated movement path for Mijli
[2025-03-14 23:01:28] [INFO] [MovementSystem] Mijli is planning to move from [9, 3] to [8, 5]
[2025-03-14 23:01:28] [INFO] [MovementSystem] Updated movement path for Mijli
[2025-03-14 23:01:29] [INFO] [MovementSystem] Mijli is planning to move from [9, 3] to [8, 4]
[2025-03-14 23:01:29] [INFO] [MovementSystem] Updated movement path for Mijli
[2025-03-14 23:01:29] [INFO] [MovementSystem] Mijli is planning to move from [9, 3] to [9, 4]
[2025-03-14 23:01:29] [INFO] [MovementSystem] Updated movement path for Mijli
[2025-03-14 23:01:30] [INFO] [MovementSystem] Mijli is planning to move from [9, 3] to [8, 4]
[2025-03-14 23:01:30] [INFO] [MovementSystem] Updated movement path for Mijli
[2025-03-14 23:01:31] [INFO] [Component] Setting 4fd78895-639f-4779-a364-30cdb50e0efd on to a2d5a61f-c83e-4d99-a04b-62670c0a277b.
[2025-03-14 23:01:31] [INFO] [MovementSystem] Moved from [9, 3] to [8, 4]
[2025-03-14 23:01:31] [INFO] [SelectedTilePanel] Checksum updated, getting units at selected tiles.
[2025-03-14 23:01:31] [INFO] [SelectedTilePanel] Updated selected tile display to view Mijli
[2025-03-14 23:01:36] [INFO] [Main] {
  "map.generation.zoom": 0.75,
  "map.generation.min.height": -10,
  "hovered.tiles": ["e3e43ed8-c6ba-4c62-b2cd-86dd1d5ced87"],
  "view_sprite_height": 96,
  "delta_time": 0.016667625,
  "map.generation.starting.camerra.height": 950,
  "spawn.placement.policy": "everywhere",
  "gameplay.water.level": 0,
  "statistics.panel.is.open": false,
  "automatically.go.to.home.controls": false,
  "camera_map": {
    "main_camera": {},
    "selection_camera": {}
  },
  "map.generation.starting.y": 0,
  "map.generation.base.level": 1,
  "map.generation.starting.x": 0,
  "show.heights": true,
  "hide.gameplay.ui": true,
  "tile.to.glide.to": "",
  "map.generation.max.height": 10,
  "selected.tiles.checksum": 641290385,
  "map.generation.base.terrain": "white_sand_floor",
  "debug_mode_for_the_game_state": false,
  "movement.panel.is.open": true,
  "gameplay.rows": 10,
  "view_sprite_width": 96,
  "map.generation.starting.sprite.width": 96,
  "ability.panel.is.open": false,
  "gameplay.mode": "gameplay.mode.regular",
  "map.generation.structure.assets": ["tree4_structure"],
  "floating_text_map": {},
  "map.center.on.startup": true,
  "gameplay.columns": 10,
  "gameplay.water.asset": "water_liquid",
  "selected.tiles": ["a2d5a61f-c83e-4d99-a04b-62670c0a277b"],
  "map.generation.starting.camera.width": 1500,
  "should.end.the.turn": false,
  "selected_ability_from_ui": "",
  "map.generation.starting.sprite.height": 96,
  "map.generation.use.noise": true,
  "floating_text_font_size": 30,
  "map.generation.base.asset": "base_floor"
}
