[2025-03-29 05:45:20] [INFO] [UserSaveStateManager] Started loading user save data
[2025-03-29 05:45:20] [INFO] [UserSaveStateManager] Finished loading user save data
[2025-03-29 05:45:20] [INFO] [JsonDatabase] Started initializing JsonDatabase
[2025-03-29 05:45:20] [INFO] [JsonTable] Started initializing JsonTable
[2025-03-29 05:45:20] [INFO] [JsonTable] Successfully initialized JsonTable
[2025-03-29 05:45:20] [INFO] [JsonTable] Finished initializing JsonTable
[2025-03-29 05:45:20] [INFO] [JsonTable] Started initializing JsonTable
[2025-03-29 05:45:20] [INFO] [JsonTable] Successfully initialized JsonTable
[2025-03-29 05:45:20] [INFO] [JsonTable] Finished initializing JsonTable
[2025-03-29 05:45:20] [INFO] [JsonTable] Started initializing JsonTable
[2025-03-29 05:45:20] [INFO] [JsonTable] Successfully initialized JsonTable
[2025-03-29 05:45:20] [INFO] [JsonTable] Finished initializing JsonTable
[2025-03-29 05:45:20] [INFO] [JsonDatabase] Successfully initialized JsonDatabase
[2025-03-29 05:45:20] [INFO] [JsonDatabase] Finished initializing JsonDatabase
[2025-03-29 05:45:20] [INFO] [AssetPool] Started initializing AssetPool
[2025-03-29 05:45:20] [INFO] [AssetNameSpace] Started loading Sprite's from ./res/graphics
[2025-03-29 05:45:20] [INFO] [AssetNameSpace] Finished reading files for sprites
[2025-03-29 05:45:20] [INFO] [AssetNameSpace] Finished loading ./res/graphics
[2025-03-29 05:45:20] [INFO] [AssetPool] Finished initializing AssetPool
[2025-03-29 05:45:20] [INFO] [UnitDatabase] Started initializing UnitDatabase
[2025-03-29 05:45:20] [INFO] [UnitDatabase] Successfully initialized UnitDatabase
[2025-03-29 05:45:20] [INFO] [UnitDatabase] Finished initializing UnitDatabase
[2025-03-29 05:45:20] [INFO] [Component] Setting 7634dea4-cc09-48cc-a03a-809ac6ba1ef0 on to 09b12395-961e-4991-b8bd-bc63dd997063.
[2025-03-29 05:45:20] [INFO] [SpeedQueue] Added unit enemy:Zoaao into queue
[2025-03-29 05:45:20] [INFO] [Component] Setting ebb242c8-28ab-4bd6-817f-f64f11bf027b on to 39c00718-874a-47ff-83ee-0c3826e7d483.
[2025-03-29 05:45:20] [INFO] [SpeedQueue] Added unit enemy:Byly into queue
[2025-03-29 05:45:20] [INFO] [Component] Setting 414b0561-47da-4a54-991f-e3c1cae021c1 on to 25effcdb-3daf-45f6-b0d7-39124805302b.
[2025-03-29 05:45:20] [INFO] [SpeedQueue] Added unit enemy:Desuuf into queue
[2025-03-29 05:45:20] [INFO] [Component] Setting 800ac764-6bab-4b16-b201-a2a47cf85510 on to addcb32d-8ba3-43f9-9e1f-a17a5d7bdee3.
[2025-03-29 05:45:20] [INFO] [SpeedQueue] Added unit enemy:Miyaiu into queue
[2025-03-29 05:45:20] [INFO] [Component] Setting cb33d56f-f023-4672-b23e-182810550d85 on to a2decf6a-6509-4151-a75c-7831cf5d1f95.
[2025-03-29 05:45:20] [INFO] [SpeedQueue] Added unit user:Hagwoa into queue
[2025-03-29 05:45:20] [INFO] [Component] Setting 9125fe9f-6404-4abb-8bb8-de925a755422 on to 6c18a0dc-768f-4ec8-9d6e-9ff716298b3c.
[2025-03-29 05:45:20] [INFO] [SpeedQueue] Added unit user:Kamyay into queue
[2025-03-29 05:45:20] [INFO] [Component] Setting 6fd5e542-976e-4e09-99eb-ed3bcc42c982 on to ac578155-2bed-4abb-8889-e318c549159f.
[2025-03-29 05:45:20] [INFO] [SpeedQueue] Added unit user:Sumryj into queue
[2025-03-29 05:45:20] [INFO] [Component] Setting 71b8fb0a-43f7-496f-9117-e06caff7313c on to 9ce2c07d-618b-40cc-a385-d824f468546a.
[2025-03-29 05:45:20] [INFO] [SpeedQueue] Added unit user:Auoe into queue
[2025-03-29 05:45:20] [INFO] [EngineController] Started setting scene to MENU_SCENE
[2025-03-29 05:45:21] [INFO] [EngineController] Finished setting scene to MENU_SCENE
[2025-03-29 05:45:21] [INFO] [EngineController] Started setting scene to MAP_EDITOR_SCENE
[2025-03-29 05:45:21] [INFO] [FontPool] Started initializing FontPool
[2025-03-29 05:45:21] [INFO] [FontPool] ✅ Successfully loaded font: Lilian
[2025-03-29 05:45:21] [INFO] [MapEditorScene] Starting to create new GameController!
[2025-03-29 05:45:21] [INFO] [MapEditorScene] Successfully created new GameController!
[2025-03-29 05:45:21] [INFO] [EngineController] Finished setting scene to MAP_EDITOR_SCENE
[2025-03-29 05:45:21] [INFO] [InputHandler] Gliding main.camera camera to new tile 9463d831-8656-4e54-b78d-a7e5a31bfa62
[2025-03-29 05:45:22] [INFO] [VisualsSystem] Started creating blurred background
[2025-03-29 05:45:22] [INFO] [TimeLinePanel] Started updating the timeline panel after turn order has changed.
[2025-03-29 05:45:22] [INFO] [TimeLinePanel] Finished updating the timeline panel after turn order has changed.
[2025-03-29 05:45:22] [INFO] [SelectedTilePanel] Checksum updated, getting units at selected tiles.
[2025-03-29 05:45:22] [INFO] [SelectedTilePanel] Either no unit selected or more than one unit selected
[2025-03-29 05:45:22] [INFO] [VisualsSystem] Finished creating blurred background after 0.2959004342556 seconds
[2025-03-29 05:45:23] [INFO] [SelectedTilePanel] Checksum updated, getting units at selected tiles.
[2025-03-29 05:45:23] [INFO] [SelectedTilePanel] Either no unit selected or more than one unit selected
[2025-03-29 05:45:24] [INFO] [SelectedTilePanel] Checksum updated, getting units at selected tiles.
[2025-03-29 05:45:24] [INFO] [SelectedTilePanel] Either no unit selected or more than one unit selected
[2025-03-29 05:45:25] [INFO] [SelectedTilePanel] Checksum updated, getting units at selected tiles.
[2025-03-29 05:45:25] [INFO] [SelectedTilePanel] Either no unit selected or more than one unit selected
[2025-03-29 05:45:27] [INFO] [EngineController] Started setting scene to MENU_SCENE
[2025-03-29 05:45:27] [INFO] [EngineController] Finished setting scene to MENU_SCENE
[2025-03-29 05:45:28] [INFO] [EngineController] Started setting scene to MAP_EDITOR_SCENE
[2025-03-29 05:45:28] [INFO] [MapEditorScene] Starting to create new GameController!
[2025-03-29 05:45:28] [INFO] [MapEditorScene] Successfully created new GameController!
[2025-03-29 05:45:28] [INFO] [EngineController] Finished setting scene to MAP_EDITOR_SCENE
[2025-03-29 05:45:28] [INFO] [InputHandler] Gliding main.camera camera to new tile 5fe18f9b-f481-4849-8e19-4202b1c5831e
[2025-03-29 05:45:28] [INFO] [VisualsSystem] Started creating blurred background
[2025-03-29 05:45:28] [INFO] [TimeLinePanel] Started updating the timeline panel after turn order has changed.
[2025-03-29 05:45:28] [INFO] [TimeLinePanel] Finished updating the timeline panel after turn order has changed.
[2025-03-29 05:45:28] [INFO] [SelectedTilePanel] Checksum updated, getting units at selected tiles.
[2025-03-29 05:45:28] [INFO] [SelectedTilePanel] Either no unit selected or more than one unit selected
[2025-03-29 05:45:28] [INFO] [VisualsSystem] Finished creating blurred background after 0.2842533588409424 seconds
