[2025-06-03 01:26:12] [INFO] [UnitTable] Started initializing UnitTable
[2025-06-03 01:26:12] [INFO] [EmeritusDatabase] Started initializing EmeritusDatabase
[2025-06-03 01:26:12] [INFO] [EmeritusDatabase] Finished initializing EmeritusDatabase
[2025-06-03 01:26:12] [INFO] [UnitTable] Successfully initialized UnitTable
[2025-06-03 01:26:12] [INFO] [UnitTable] Finished initializing UnitTable
[2025-06-03 01:26:12] [INFO] [AbilityTable] Started initializing AbilityTable
[2025-06-03 01:26:12] [INFO] [AbilityTable] Finished initializing AbilityTable
[2025-06-03 01:26:12] [INFO] [UserSaveStateManager] Started loading user save data
[2025-06-03 01:26:12] [INFO] [UserSaveStateManager] Finished loading user save data
[2025-06-03 01:26:12] [INFO] [AssetPool] Started initializing AssetPool
[2025-06-03 01:26:12] [INFO] [AssetNameSpace] Started loading Sprite's from ./res/graphics
[2025-06-03 01:26:12] [INFO] [AssetNameSpace] Finished reading files for sprites
[2025-06-03 01:26:12] [INFO] [AssetNameSpace] Finished loading ./res/graphics
[2025-06-03 01:26:12] [INFO] [AssetPool] Finished initializing AssetPool
[2025-06-03 01:26:12] [INFO] [Component] Setting UNIT_water_dragon___NICKNAME_Oavz___d92107f5-8b9c-49f5-855e-3a72a8bb8dd9 on to {"row":4,"column":0,"base_elevation":0,"spawn_region":"Left","unit":"UNIT_water_dragon___NICKNAME_Oavz___d92107f5-8b9c-49f5-855e-3a72a8bb8dd9","layers":{"empty":false},"total_elevation":7}.
[2025-06-03 01:26:12] [INFO] [SpeedQueue] Added unit UNIT_water_dragon___NICKNAME_Oavz___d92107f5-8b9c-49f5-855e-3a72a8bb8dd9 into queue
[2025-06-03 01:26:12] [INFO] [Component] Setting UNIT_earth_dragon___NICKNAME_Nocbi___869036b8-4024-4bbc-ac34-efc3134c8be9 on to {"row":3,"column":0,"base_elevation":0,"spawn_region":"Left","unit":"UNIT_earth_dragon___NICKNAME_Nocbi___869036b8-4024-4bbc-ac34-efc3134c8be9","layers":{"empty":false},"total_elevation":8}.
[2025-06-03 01:26:12] [INFO] [SpeedQueue] Added unit UNIT_earth_dragon___NICKNAME_Nocbi___869036b8-4024-4bbc-ac34-efc3134c8be9 into queue
[2025-06-03 01:26:12] [INFO] [Component] Setting UNIT_light_dragon___NICKNAME_Fuxo___a67b3c19-0100-4f38-8b54-a188536a9b14 on to {"row":3,"column":1,"base_elevation":0,"spawn_region":"Left","unit":"UNIT_light_dragon___NICKNAME_Fuxo___a67b3c19-0100-4f38-8b54-a188536a9b14","layers":{"empty":false},"total_elevation":8}.
[2025-06-03 01:26:12] [INFO] [SpeedQueue] Added unit UNIT_light_dragon___NICKNAME_Fuxo___a67b3c19-0100-4f38-8b54-a188536a9b14 into queue
[2025-06-03 01:26:12] [INFO] [Component] Setting UNIT_fire_dragon___NICKNAME_Cehhh___6ebbc364-9307-49fd-8878-7fb87217436e on to {"row":6,"column":1,"base_elevation":0,"spawn_region":"Left","unit":"UNIT_fire_dragon___NICKNAME_Cehhh___6ebbc364-9307-49fd-8878-7fb87217436e","layers":{"empty":false},"total_elevation":7}.
[2025-06-03 01:26:12] [INFO] [SpeedQueue] Added unit UNIT_fire_dragon___NICKNAME_Cehhh___6ebbc364-9307-49fd-8878-7fb87217436e into queue
[2025-06-03 01:26:12] [INFO] [Component] Setting UNIT_dark_dragon___NICKNAME_Xuzbju___c2de3f30-32ca-4218-844b-b73fceef7f06 on to {"row":8,"column":1,"base_elevation":0,"spawn_region":"Left","unit":"UNIT_dark_dragon___NICKNAME_Xuzbju___c2de3f30-32ca-4218-844b-b73fceef7f06","layers":{"empty":false},"total_elevation":8}.
[2025-06-03 01:26:12] [INFO] [SpeedQueue] Added unit UNIT_dark_dragon___NICKNAME_Xuzbju___c2de3f30-32ca-4218-844b-b73fceef7f06 into queue
[2025-06-03 01:26:12] [INFO] [Component] Setting UNIT_dark_dragon___NICKNAME_Dyvay___3af75791-6b06-4ef5-98e6-ae624bfa96f7 on to {"row":6,"column":12,"base_elevation":0,"spawn_region":"Right","unit":"UNIT_dark_dragon___NICKNAME_Dyvay___3af75791-6b06-4ef5-98e6-ae624bfa96f7","layers":{"empty":false},"total_elevation":8}.
[2025-06-03 01:26:12] [INFO] [SpeedQueue] Added unit UNIT_dark_dragon___NICKNAME_Dyvay___3af75791-6b06-4ef5-98e6-ae624bfa96f7 into queue
[2025-06-03 01:26:12] [INFO] [Component] Setting UNIT_dragon___NICKNAME_Ryzko___8fd6691d-731d-4781-8e0c-8f9379313f57 on to {"row":4,"column":11,"base_elevation":0,"spawn_region":"Right","unit":"UNIT_dragon___NICKNAME_Ryzko___8fd6691d-731d-4781-8e0c-8f9379313f57","layers":{"empty":false},"total_elevation":7}.
[2025-06-03 01:26:12] [INFO] [SpeedQueue] Added unit UNIT_dragon___NICKNAME_Ryzko___8fd6691d-731d-4781-8e0c-8f9379313f57 into queue
[2025-06-03 01:26:12] [INFO] [Component] Setting UNIT_light_dragon___NICKNAME_Ouvm___108da552-b5b8-4a69-8893-3821e98538ec on to {"row":2,"column":11,"base_elevation":0,"spawn_region":"Right","unit":"UNIT_light_dragon___NICKNAME_Ouvm___108da552-b5b8-4a69-8893-3821e98538ec","layers":{"empty":false},"total_elevation":7}.
[2025-06-03 01:26:12] [INFO] [SpeedQueue] Added unit UNIT_light_dragon___NICKNAME_Ouvm___108da552-b5b8-4a69-8893-3821e98538ec into queue
[2025-06-03 01:26:12] [INFO] [Component] Setting UNIT_dragon___NICKNAME_Suwloh___5c84c5ee-ddb0-4247-a889-3f971067f0d3 on to {"row":0,"column":11,"base_elevation":0,"spawn_region":"Right","unit":"UNIT_dragon___NICKNAME_Suwloh___5c84c5ee-ddb0-4247-a889-3f971067f0d3","layers":{"empty":false},"total_elevation":8}.
[2025-06-03 01:26:12] [INFO] [SpeedQueue] Added unit UNIT_dragon___NICKNAME_Suwloh___5c84c5ee-ddb0-4247-a889-3f971067f0d3 into queue
[2025-06-03 01:26:12] [INFO] [Component] Setting UNIT_fire_dragon___NICKNAME_Bojyy___b02e39ed-1bdd-4e3e-9b9a-5218fba42f86 on to {"row":7,"column":11,"base_elevation":0,"spawn_region":"Right","unit":"UNIT_fire_dragon___NICKNAME_Bojyy___b02e39ed-1bdd-4e3e-9b9a-5218fba42f86","layers":{"empty":false},"total_elevation":9}.
[2025-06-03 01:26:12] [INFO] [SpeedQueue] Added unit UNIT_fire_dragon___NICKNAME_Bojyy___b02e39ed-1bdd-4e3e-9b9a-5218fba42f86 into queue
[2025-06-03 01:26:12] [INFO] [SpeedQueue] Speed queue updated.
[2025-06-03 01:26:12] [INFO] [EngineController] Started setting scene to MENU_SCENE
[2025-06-03 01:26:12] [INFO] [EngineController] Finished setting scene to MENU_SCENE
[2025-06-03 01:26:12] [INFO] [EngineController] Started setting scene to GAME_SCENE
[2025-06-03 01:26:12] [INFO] [FontPool] Started initializing FontPool
[2025-06-03 01:26:12] [INFO] [FontPool] ✅ Successfully loaded font: Lilian
[2025-06-03 01:26:13] [INFO] [EngineController] Finished setting scene to GAME_SCENE
[2025-06-03 01:26:13] [INFO] [AbilitySystem] Started updating {} because of ability
[2025-06-03 01:26:13] [INFO] [AbilitySystem] Finished update updating {} because of ability
[2025-06-03 01:26:13] [INFO] [AbilitySystem] Started updating {} because of ability
[2025-06-03 01:26:13] [INFO] [AbilitySystem] Finished update updating {} because of ability
[2025-06-03 01:26:13] [INFO] [AbilitySystem] Started updating {} because of ability
[2025-06-03 01:26:13] [INFO] [AbilitySystem] Finished update updating {} because of ability
[2025-06-03 01:26:13] [INFO] [AbilitySystem] Started updating {} because of ability
[2025-06-03 01:26:13] [INFO] [AbilitySystem] Finished update updating {} because of ability
[2025-06-03 01:26:13] [INFO] [AbilitySystem] Started updating {} because of ability
[2025-06-03 01:26:13] [INFO] [AbilitySystem] Finished update updating {} because of ability
[2025-06-03 01:26:13] [INFO] [AbilitySystem] Started updating {} because of ability
[2025-06-03 01:26:13] [INFO] [AbilitySystem] Finished update updating {} because of ability
[2025-06-03 01:26:13] [INFO] [AbilitySystem] Started updating {} because of ability
[2025-06-03 01:26:13] [INFO] [AbilitySystem] Finished update updating {} because of ability
[2025-06-03 01:26:13] [INFO] [AbilitySystem] Started updating {} because of ability
[2025-06-03 01:26:13] [INFO] [AbilitySystem] Finished update updating {} because of ability
[2025-06-03 01:26:13] [INFO] [AbilitySystem] Started updating {} because of ability
[2025-06-03 01:26:13] [INFO] [AbilitySystem] Finished update updating {} because of ability
[2025-06-03 01:26:13] [INFO] [AbilitySystem] Started updating {} because of ability
[2025-06-03 01:26:13] [INFO] [AbilitySystem] Finished update updating {} because of ability
[2025-06-03 01:26:34] [INFO] [AbilityPanel] Updating ability selection for UNIT_water_dragon___NICKNAME_Oavz___d92107f5-8b9c-49f5-855e-3a72a8bb8dd9
[2025-06-03 01:26:34] [INFO] [AbilityPanel] Finished ability selection for UNIT_water_dragon___NICKNAME_Oavz___d92107f5-8b9c-49f5-855e-3a72a8bb8dd9
[2025-06-03 01:26:34] [INFO] [MovementPanel] Started update to Movement Information panel.
[2025-06-03 01:26:34] [INFO] [MovementPanel] Finished update to Movement Information panel.
[2025-06-03 01:26:34] [INFO] [TimeLinePanel] Started updating the timeline panel after turn order has changed.
[2025-06-03 01:26:34] [INFO] [TimeLinePanel] Finished updating the timeline panel after turn order has changed.
[2025-06-03 01:26:34] [INFO] [SelectedTilePanel] Checksum updated, getting units at selected tiles.
[2025-06-03 01:26:34] [INFO] [SelectedTilePanel] Either no unit selected or more than one unit selected
[2025-06-03 01:26:34] [INFO] [VisualsSystem] Started creating blurred background
[2025-06-03 01:26:34] [INFO] [VisualsSystem] Finished creating blurred background after 0.48838040232658386 seconds
[2025-06-03 01:26:35] [INFO] [AbilitySystem] Started updating {} because of ability
[2025-06-03 01:26:35] [INFO] [AbilitySystem] Finished update updating {} because of ability
[2025-06-03 01:26:35] [INFO] [AbilitySystem] Started updating {} because of ability
[2025-06-03 01:26:35] [INFO] [AbilitySystem] Finished update updating {} because of ability
[2025-06-03 01:26:35] [INFO] [AbilitySystem] Started updating {} because of ability
[2025-06-03 01:26:35] [INFO] [AbilitySystem] Finished update updating {} because of ability
[2025-06-03 01:26:35] [INFO] [AbilitySystem] Started updating {} because of ability
[2025-06-03 01:26:35] [INFO] [AbilitySystem] Finished update updating {} because of ability
[2025-06-03 01:26:35] [INFO] [AbilitySystem] Started updating {} because of ability
[2025-06-03 01:26:35] [INFO] [AbilitySystem] Finished update updating {} because of ability
[2025-06-03 01:26:35] [INFO] [AbilitySystem] Started updating {} because of ability
[2025-06-03 01:26:35] [INFO] [AbilitySystem] Finished update updating {} because of ability
[2025-06-03 01:26:35] [INFO] [AbilitySystem] Started updating {} because of ability
[2025-06-03 01:26:35] [INFO] [AbilitySystem] Finished update updating {} because of ability
[2025-06-03 01:26:35] [INFO] [AbilitySystem] Started updating {} because of ability
[2025-06-03 01:26:35] [INFO] [AbilitySystem] Finished update updating {} because of ability
[2025-06-03 01:26:35] [INFO] [AbilityPanel] Updating ability selection for UNIT_water_dragon___NICKNAME_Oavz___d92107f5-8b9c-49f5-855e-3a72a8bb8dd9
[2025-06-03 01:26:35] [INFO] [AbilityPanel] Finished ability selection for UNIT_water_dragon___NICKNAME_Oavz___d92107f5-8b9c-49f5-855e-3a72a8bb8dd9
[2025-06-03 01:26:35] [INFO] [MovementPanel] Started update to Movement Information panel.
[2025-06-03 01:26:35] [INFO] [MovementPanel] Finished update to Movement Information panel.
[2025-06-03 01:26:35] [INFO] [AbilitySystem] Started updating {} because of ability
[2025-06-03 01:26:35] [INFO] [AbilitySystem] Finished update updating {} because of ability
[2025-06-03 01:26:35] [INFO] [AbilitySystem] Started updating {} because of ability
[2025-06-03 01:26:35] [INFO] [AbilitySystem] Finished update updating {} because of ability
[2025-06-03 01:26:35] [INFO] [AbilitySystem] Started updating {} because of ability
[2025-06-03 01:26:35] [INFO] [AbilitySystem] Finished update updating {} because of ability
[2025-06-03 01:26:35] [INFO] [AbilitySystem] Started updating {} because of ability
[2025-06-03 01:26:35] [INFO] [AbilitySystem] Finished update updating {} because of ability
[2025-06-03 01:26:35] [INFO] [AbilitySystem] Started updating {} because of ability
[2025-06-03 01:26:35] [INFO] [AbilitySystem] Finished update updating {} because of ability
[2025-06-03 01:26:39] [INFO] [InputHandler] Gliding 0 camera to new tile ROW_6___COLUMN_1___8c8863ae-8f67-4a42-ac06-4945e264553d
[2025-06-03 01:26:39] [INFO] [InputHandler] Gliding 1 camera to new tile ROW_6___COLUMN_1___8c8863ae-8f67-4a42-ac06-4945e264553d
[2025-06-03 01:26:39] [INFO] [StatisticsPanel] Started updating Statistics Information Panel for entity UNIT_fire_dragon___NICKNAME_Cehhh___6ebbc364-9307-49fd-8878-7fb87217436e
[2025-06-03 01:26:39] [INFO] [StatisticsPanel] Finished updating Statistics Information Panel for entity UNIT_fire_dragon___NICKNAME_Cehhh___6ebbc364-9307-49fd-8878-7fb87217436e
[2025-06-03 01:26:39] [INFO] [SelectedTilePanel] Checksum updated, getting units at selected tiles.
[2025-06-03 01:26:39] [INFO] [SelectedTilePanel] Updated selected tile display to view Cehhh
[2025-06-03 01:26:41] [INFO] [InputHandler] Gliding 0 camera to new tile ROW_4___COLUMN_0___96e4096c-2ac3-4a42-98b9-6ef32fff3a2b
[2025-06-03 01:26:41] [INFO] [StatisticsPanel] Started updating statistics information panel
[2025-06-03 01:26:41] [INFO] [StatisticsPanel] Finished updating statistics information panel
[2025-06-03 01:26:41] [INFO] [MovementSystem] Updated movement range to 6 for Oavz
[2025-06-03 01:26:41] [INFO] [MovementSystem] Updated movement path from [4, 0] to [8, 5] for Oavz
[2025-06-03 01:26:41] [INFO] [MovementSystem] Updated movement range to 6 for Oavz
[2025-06-03 01:26:41] [INFO] [MovementSystem] Updated movement path from [4, 0] to [8, 5] for Oavz
[2025-06-03 01:26:41] [INFO] [MovementSystem] Updated movement path from [4, 0] to [8, 4] for Oavz
[2025-06-03 01:26:41] [INFO] [MovementSystem] Updated movement path from [4, 0] to [8, 4] for Oavz
[2025-06-03 01:26:41] [INFO] [MovementSystem] Updated movement path from [4, 0] to [7, 4] for Oavz
[2025-06-03 01:26:41] [INFO] [MovementSystem] Updated movement path from [4, 0] to [7, 4] for Oavz
[2025-06-03 01:26:42] [INFO] [MovementSystem] Updated movement path from [4, 0] to [8, 6] for Oavz
[2025-06-03 01:26:42] [INFO] [MovementSystem] Updated movement path from [4, 0] to [8, 6] for Oavz
[2025-06-03 01:26:42] [INFO] [MovementSystem] Updated movement path from [4, 0] to [7, 6] for Oavz
[2025-06-03 01:26:42] [INFO] [MovementSystem] Updated movement path from [4, 0] to [7, 6] for Oavz
[2025-06-03 01:26:42] [INFO] [MovementSystem] Updated movement path from [4, 0] to [7, 5] for Oavz
[2025-06-03 01:26:42] [INFO] [MovementSystem] Updated movement path from [4, 0] to [7, 5] for Oavz
[2025-06-03 01:26:42] [INFO] [MovementSystem] Updated movement path from [4, 0] to [7, 4] for Oavz
[2025-06-03 01:26:42] [INFO] [MovementSystem] Updated movement path from [4, 0] to [7, 4] for Oavz
[2025-06-03 01:26:42] [INFO] [MovementSystem] Updated movement path from [4, 0] to [6, 4] for Oavz
[2025-06-03 01:26:42] [INFO] [MovementSystem] Updated movement path from [4, 0] to [6, 4] for Oavz
[2025-06-03 01:26:47] [INFO] [MovementSystem] Updated movement path from [4, 0] to [6, 3] for Oavz
[2025-06-03 01:26:47] [INFO] [MovementSystem] Updated movement path from [4, 0] to [6, 3] for Oavz
[2025-06-03 01:26:47] [INFO] [MovementSystem] Updated movement path from [4, 0] to [5, 2] for Oavz
[2025-06-03 01:26:47] [INFO] [MovementSystem] Updated movement path from [4, 0] to [5, 2] for Oavz
[2025-06-03 01:26:47] [INFO] [MovementSystem] Updated movement path from [4, 0] to [5, 1] for Oavz
[2025-06-03 01:26:47] [INFO] [MovementSystem] Updated movement path from [4, 0] to [5, 1] for Oavz
[2025-06-03 01:26:47] [INFO] [MovementSystem] Updated movement path from [4, 0] to [4, 0] for Oavz
[2025-06-03 01:26:47] [INFO] [MovementSystem] Updated movement path from [4, 0] to [4, 0] for Oavz
[2025-06-03 01:26:47] [INFO] [MovementSystem] Updated movement path from [4, 0] to [3, 0] for Oavz
[2025-06-03 01:26:47] [INFO] [MovementSystem] Updated movement path from [4, 0] to [3, 0] for Oavz
[2025-06-03 01:26:47] [INFO] [MovementSystem] Updated movement path from [4, 0] to [4, 0] for Oavz
[2025-06-03 01:26:47] [INFO] [MovementSystem] Updated movement path from [4, 0] to [4, 0] for Oavz
[2025-06-03 01:26:47] [INFO] [MovementSystem] Updated movement path from [4, 0] to [4, 1] for Oavz
[2025-06-03 01:26:47] [INFO] [MovementSystem] Updated movement path from [4, 0] to [4, 1] for Oavz
[2025-06-03 01:26:48] [INFO] [Component] Setting UNIT_water_dragon___NICKNAME_Oavz___d92107f5-8b9c-49f5-855e-3a72a8bb8dd9 on to {"row":4,"column":1,"base_elevation":0,"spawn_region":"Left","unit":"UNIT_water_dragon___NICKNAME_Oavz___d92107f5-8b9c-49f5-855e-3a72a8bb8dd9","layers":{"empty":false},"total_elevation":7}.
[2025-06-03 01:26:48] [INFO] [MovementSystem] Moved from [4, 0] to [4, 1]
[2025-06-03 01:26:48] [INFO] [StatisticsPanel] Started updating Statistics Information Panel for entity UNIT_water_dragon___NICKNAME_Oavz___d92107f5-8b9c-49f5-855e-3a72a8bb8dd9
[2025-06-03 01:26:48] [INFO] [StatisticsPanel] Finished updating Statistics Information Panel for entity UNIT_water_dragon___NICKNAME_Oavz___d92107f5-8b9c-49f5-855e-3a72a8bb8dd9
[2025-06-03 01:26:48] [INFO] [SelectedTilePanel] Checksum updated, getting units at selected tiles.
[2025-06-03 01:26:48] [INFO] [SelectedTilePanel] Updated selected tile display to view Oavz
[2025-06-03 01:26:48] [INFO] [InputHandler] Gliding 0 camera to new tile ROW_4___COLUMN_1___1ce8af73-f0a3-4609-abbe-328253c915bc
[2025-06-03 01:26:48] [INFO] [InputHandler] Gliding 1 camera to new tile ROW_4___COLUMN_1___1ce8af73-f0a3-4609-abbe-328253c915bc
[2025-06-03 01:26:50] [INFO] [AbilityPanel] Updating ability selection for UNIT_fire_dragon___NICKNAME_Bojyy___b02e39ed-1bdd-4e3e-9b9a-5218fba42f86
[2025-06-03 01:26:50] [INFO] [AbilityPanel] Finished ability selection for UNIT_fire_dragon___NICKNAME_Bojyy___b02e39ed-1bdd-4e3e-9b9a-5218fba42f86
[2025-06-03 01:26:50] [INFO] [MovementPanel] Started update to Movement Information panel.
[2025-06-03 01:26:50] [INFO] [MovementPanel] Finished update to Movement Information panel.
[2025-06-03 01:26:50] [INFO] [TimeLinePanel] Started updating the timeline panel after turn order has changed.
[2025-06-03 01:26:50] [INFO] [TimeLinePanel] Finished updating the timeline panel after turn order has changed.
[2025-06-03 01:26:50] [INFO] [StatisticsPanel] Started updating Statistics Information Panel for entity UNIT_fire_dragon___NICKNAME_Bojyy___b02e39ed-1bdd-4e3e-9b9a-5218fba42f86
[2025-06-03 01:26:50] [INFO] [StatisticsPanel] Finished updating Statistics Information Panel for entity UNIT_fire_dragon___NICKNAME_Bojyy___b02e39ed-1bdd-4e3e-9b9a-5218fba42f86
[2025-06-03 01:26:50] [INFO] [SelectedTilePanel] Checksum updated, getting units at selected tiles.
[2025-06-03 01:26:50] [INFO] [SelectedTilePanel] Updated selected tile display to view Bojyy
[2025-06-03 01:26:50] [INFO] [InputHandler] Gliding 0 camera to new tile ROW_7___COLUMN_11___f0a71aff-84f0-4bad-9cd5-0ed9c01bd793
[2025-06-03 01:26:50] [INFO] [InputHandler] Gliding 1 camera to new tile ROW_7___COLUMN_11___f0a71aff-84f0-4bad-9cd5-0ed9c01bd793
[2025-06-03 01:26:51] [INFO] [MovementSystem] Updated movement range to 11 for Bojyy
[2025-06-03 01:26:51] [INFO] [MovementSystem] Updated movement path from [7, 11] to [7, 9] for Bojyy
[2025-06-03 01:26:51] [INFO] [Component] Setting UNIT_fire_dragon___NICKNAME_Bojyy___b02e39ed-1bdd-4e3e-9b9a-5218fba42f86 on to {"row":7,"column":9,"base_elevation":0,"unit":"UNIT_fire_dragon___NICKNAME_Bojyy___b02e39ed-1bdd-4e3e-9b9a-5218fba42f86","layers":{"empty":false},"total_elevation":9}.
[2025-06-03 01:26:51] [INFO] [MovementSystem] Moved from [7, 11] to [7, 9]
[2025-06-03 01:26:51] [INFO] [SelectedTilePanel] Checksum updated, getting units at selected tiles.
[2025-06-03 01:26:51] [INFO] [SelectedTilePanel] Updated selected tile display to view Bojyy
[2025-06-03 01:26:51] [INFO] [InputHandler] Gliding 0 camera to new tile ROW_7___COLUMN_9___c528d471-89b3-405b-a84d-6c7197b3fe7c
[2025-06-03 01:26:51] [INFO] [InputHandler] Gliding 1 camera to new tile ROW_7___COLUMN_9___c528d471-89b3-405b-a84d-6c7197b3fe7c
[2025-06-03 01:26:52] [INFO] [AbilityPanel] Updating ability selection for UNIT_dragon___NICKNAME_Suwloh___5c84c5ee-ddb0-4247-a889-3f971067f0d3
[2025-06-03 01:26:52] [INFO] [AbilityPanel] Finished ability selection for UNIT_dragon___NICKNAME_Suwloh___5c84c5ee-ddb0-4247-a889-3f971067f0d3
[2025-06-03 01:26:52] [INFO] [MovementPanel] Started update to Movement Information panel.
[2025-06-03 01:26:52] [INFO] [MovementPanel] Finished update to Movement Information panel.
[2025-06-03 01:26:52] [INFO] [TimeLinePanel] Started updating the timeline panel after turn order has changed.
[2025-06-03 01:26:52] [INFO] [TimeLinePanel] Finished updating the timeline panel after turn order has changed.
[2025-06-03 01:26:52] [INFO] [StatisticsPanel] Started updating Statistics Information Panel for entity UNIT_dragon___NICKNAME_Suwloh___5c84c5ee-ddb0-4247-a889-3f971067f0d3
[2025-06-03 01:26:52] [INFO] [StatisticsPanel] Finished updating Statistics Information Panel for entity UNIT_dragon___NICKNAME_Suwloh___5c84c5ee-ddb0-4247-a889-3f971067f0d3
[2025-06-03 01:26:52] [INFO] [SelectedTilePanel] Checksum updated, getting units at selected tiles.
[2025-06-03 01:26:52] [INFO] [SelectedTilePanel] Updated selected tile display to view Suwloh
[2025-06-03 01:26:52] [INFO] [InputHandler] Gliding 0 camera to new tile ROW_0___COLUMN_11___4b760f37-37f4-4e27-b905-b82716c0630e
[2025-06-03 01:26:52] [INFO] [InputHandler] Gliding 1 camera to new tile ROW_0___COLUMN_11___4b760f37-37f4-4e27-b905-b82716c0630e
[2025-06-03 01:26:53] [INFO] [MovementSystem] Updated movement range to 5 for Suwloh
[2025-06-03 01:26:53] [INFO] [MovementSystem] Updated movement path from [0, 11] to [1, 10] for Suwloh
[2025-06-03 01:26:53] [INFO] [Component] Setting UNIT_dragon___NICKNAME_Suwloh___5c84c5ee-ddb0-4247-a889-3f971067f0d3 on to {"row":1,"column":10,"base_elevation":0,"unit":"UNIT_dragon___NICKNAME_Suwloh___5c84c5ee-ddb0-4247-a889-3f971067f0d3","layers":{"empty":false},"total_elevation":8}.
[2025-06-03 01:26:53] [INFO] [MovementSystem] Moved from [0, 11] to [1, 10]
[2025-06-03 01:26:53] [INFO] [SelectedTilePanel] Checksum updated, getting units at selected tiles.
[2025-06-03 01:26:53] [INFO] [SelectedTilePanel] Updated selected tile display to view Suwloh
[2025-06-03 01:26:53] [INFO] [InputHandler] Gliding 0 camera to new tile ROW_1___COLUMN_10___74c11d82-d05f-4154-ab81-3d5ceeb10600
[2025-06-03 01:26:53] [INFO] [InputHandler] Gliding 1 camera to new tile ROW_1___COLUMN_10___74c11d82-d05f-4154-ab81-3d5ceeb10600
[2025-06-03 01:26:54] [INFO] [AbilityPanel] Updating ability selection for UNIT_light_dragon___NICKNAME_Ouvm___108da552-b5b8-4a69-8893-3821e98538ec
[2025-06-03 01:26:54] [INFO] [AbilityPanel] Finished ability selection for UNIT_light_dragon___NICKNAME_Ouvm___108da552-b5b8-4a69-8893-3821e98538ec
[2025-06-03 01:26:54] [INFO] [MovementPanel] Started update to Movement Information panel.
[2025-06-03 01:26:54] [INFO] [MovementPanel] Finished update to Movement Information panel.
[2025-06-03 01:26:54] [INFO] [TimeLinePanel] Started updating the timeline panel after turn order has changed.
[2025-06-03 01:26:54] [INFO] [TimeLinePanel] Finished updating the timeline panel after turn order has changed.
[2025-06-03 01:26:54] [INFO] [StatisticsPanel] Started updating Statistics Information Panel for entity UNIT_light_dragon___NICKNAME_Ouvm___108da552-b5b8-4a69-8893-3821e98538ec
[2025-06-03 01:26:54] [INFO] [StatisticsPanel] Finished updating Statistics Information Panel for entity UNIT_light_dragon___NICKNAME_Ouvm___108da552-b5b8-4a69-8893-3821e98538ec
[2025-06-03 01:26:54] [INFO] [SelectedTilePanel] Checksum updated, getting units at selected tiles.
[2025-06-03 01:26:54] [INFO] [SelectedTilePanel] Updated selected tile display to view Ouvm
[2025-06-03 01:26:54] [INFO] [InputHandler] Gliding 0 camera to new tile ROW_2___COLUMN_11___7aa34a35-8dca-4e17-a315-c2487df399bc
[2025-06-03 01:26:54] [INFO] [InputHandler] Gliding 1 camera to new tile ROW_2___COLUMN_11___7aa34a35-8dca-4e17-a315-c2487df399bc
[2025-06-03 01:26:55] [INFO] [MovementSystem] Updated movement range to 9 for Ouvm
[2025-06-03 01:26:55] [INFO] [MovementSystem] Updated movement path from [2, 11] to [2, 12] for Ouvm
[2025-06-03 01:26:55] [INFO] [Component] Setting UNIT_light_dragon___NICKNAME_Ouvm___108da552-b5b8-4a69-8893-3821e98538ec on to {"row":2,"column":12,"base_elevation":0,"spawn_region":"Right","unit":"UNIT_light_dragon___NICKNAME_Ouvm___108da552-b5b8-4a69-8893-3821e98538ec","layers":{"empty":false},"total_elevation":7}.
[2025-06-03 01:26:55] [INFO] [MovementSystem] Moved from [2, 11] to [2, 12]
[2025-06-03 01:26:55] [INFO] [SelectedTilePanel] Checksum updated, getting units at selected tiles.
[2025-06-03 01:26:55] [INFO] [SelectedTilePanel] Updated selected tile display to view Ouvm
[2025-06-03 01:26:55] [INFO] [InputHandler] Gliding 0 camera to new tile ROW_2___COLUMN_12___880af96a-824f-42b6-910c-3048f385a67a
[2025-06-03 01:26:55] [INFO] [InputHandler] Gliding 1 camera to new tile ROW_2___COLUMN_12___880af96a-824f-42b6-910c-3048f385a67a
[2025-06-03 01:26:56] [INFO] [AbilityPanel] Updating ability selection for UNIT_dragon___NICKNAME_Ryzko___8fd6691d-731d-4781-8e0c-8f9379313f57
[2025-06-03 01:26:56] [INFO] [AbilityPanel] Finished ability selection for UNIT_dragon___NICKNAME_Ryzko___8fd6691d-731d-4781-8e0c-8f9379313f57
[2025-06-03 01:26:56] [INFO] [MovementPanel] Started update to Movement Information panel.
[2025-06-03 01:26:56] [INFO] [MovementPanel] Finished update to Movement Information panel.
[2025-06-03 01:26:56] [INFO] [TimeLinePanel] Started updating the timeline panel after turn order has changed.
[2025-06-03 01:26:56] [INFO] [TimeLinePanel] Finished updating the timeline panel after turn order has changed.
[2025-06-03 01:26:56] [INFO] [StatisticsPanel] Started updating Statistics Information Panel for entity UNIT_dragon___NICKNAME_Ryzko___8fd6691d-731d-4781-8e0c-8f9379313f57
[2025-06-03 01:26:56] [INFO] [StatisticsPanel] Finished updating Statistics Information Panel for entity UNIT_dragon___NICKNAME_Ryzko___8fd6691d-731d-4781-8e0c-8f9379313f57
[2025-06-03 01:26:56] [INFO] [SelectedTilePanel] Checksum updated, getting units at selected tiles.
[2025-06-03 01:26:56] [INFO] [SelectedTilePanel] Updated selected tile display to view Ryzko
[2025-06-03 01:26:56] [INFO] [InputHandler] Gliding 0 camera to new tile ROW_4___COLUMN_11___5e97e029-28bc-49a5-970f-3dfdbd7546e4
[2025-06-03 01:26:56] [INFO] [InputHandler] Gliding 1 camera to new tile ROW_4___COLUMN_11___5e97e029-28bc-49a5-970f-3dfdbd7546e4
