[2025-03-15 11:23:17] [INFO] [AssetPool] Started initializing AssetPool
[2025-03-15 11:23:17] [INFO] [Engine] HEAP ALLOCATION INCREASED! 1.0 GB of 16.0 GB used
[2025-03-15 11:23:17] [INFO] [SpriteSheetOG] Started loading Sprite's from ./res/graphics
[2025-03-15 11:23:17] [INFO] [SpriteSheetOG] Finished reading files for sprites
[2025-03-15 11:23:17] [INFO] [Sprite] Finished loading ./res/graphics/misc/blue_reticle.png
[2025-03-15 11:23:17] [INFO] [Sprite] Finished loading ./res/graphics/misc/pink_spawn.png
[2025-03-15 11:23:17] [INFO] [Sprite] Finished loading ./res/graphics/misc/reticle.png
[2025-03-15 11:23:17] [INFO] [Sprite] Finished loading ./res/graphics/misc/yellow_spawn.png
[2025-03-15 11:23:17] [INFO] [Sprite] Finished loading ./res/graphics/misc/blue_spawn.png
[2025-03-15 11:23:17] [INFO] [Sprite] Finished loading ./res/graphics/misc/red_reticle.png
[2025-03-15 11:23:17] [INFO] [Sprite] Finished loading ./res/graphics/misc/depth_shadows.png
[2025-03-15 11:23:17] [INFO] [Sprite] Finished loading ./res/graphics/misc/yellow_reticle.png
[2025-03-15 11:23:17] [INFO] [Sprite] Finished loading ./res/graphics/misc/red_spawn.png
[2025-03-15 11:23:17] [INFO] [Sprite] Finished loading ./res/graphics/misc/directional_shadows.png
[2025-03-15 11:23:17] [INFO] [Sprite] Finished loading ./res/graphics/shadows/northwest.png
[2025-03-15 11:23:17] [INFO] [Sprite] Finished loading ./res/graphics/shadows/west.png
[2025-03-15 11:23:17] [INFO] [Sprite] Finished loading ./res/graphics/shadows/north.png
[2025-03-15 11:23:17] [INFO] [Sprite] Finished loading ./res/graphics/shadows/east.png
[2025-03-15 11:23:17] [INFO] [Sprite] Finished loading ./res/graphics/shadows/northeast.png
[2025-03-15 11:23:17] [INFO] [Sprite] Finished loading ./res/graphics/shadows/south.png
[2025-03-15 11:23:17] [INFO] [Sprite] Finished loading ./res/graphics/shadows/southwest.png
[2025-03-15 11:23:17] [INFO] [Sprite] Finished loading ./res/graphics/shadows/southeast.png
[2025-03-15 11:23:17] [INFO] [Sprite] Finished loading ./res/graphics/structures/tree3_structure.png
[2025-03-15 11:23:17] [INFO] [Sprite] Finished loading ./res/graphics/structures/tree4_structure.png
[2025-03-15 11:23:17] [INFO] [Sprite] Finished loading ./res/graphics/structures/tree1_structure.png
[2025-03-15 11:23:17] [INFO] [Sprite] Finished loading ./res/graphics/structures/tree5_structure.png
[2025-03-15 11:23:17] [INFO] [Sprite] Finished loading ./res/graphics/structures/tree2_structure.png
[2025-03-15 11:23:17] [INFO] [Sprite] Finished loading ./res/graphics/structures/tree6_structure.png
[2025-03-15 11:23:17] [INFO] [Sprite] Finished loading ./res/graphics/wall_tiles/rock_wall2.png
[2025-03-15 11:23:17] [INFO] [Sprite] Finished loading ./res/graphics/wall_tiles/sandstone_wall.png
[2025-03-15 11:23:17] [INFO] [Sprite] Finished loading ./res/graphics/wall_tiles/elden_yellow_wall.png
[2025-03-15 11:23:17] [INFO] [Sprite] Finished loading ./res/graphics/wall_tiles/vine_on_wall.png
[2025-03-15 11:23:17] [INFO] [Sprite] Finished loading ./res/graphics/wall_tiles/boulder_wall.png
[2025-03-15 11:23:17] [INFO] [Sprite] Finished loading ./res/graphics/wall_tiles/white_marble_wall.png
[2025-03-15 11:23:17] [INFO] [Sprite] Finished loading ./res/graphics/wall_tiles/elden_green_wall.png
[2025-03-15 11:23:17] [INFO] [Sprite] Finished loading ./res/graphics/wall_tiles/brown_marble_wall.png
[2025-03-15 11:23:17] [INFO] [Sprite] Finished loading ./res/graphics/wall_tiles/small_brick_wall.png
[2025-03-15 11:23:17] [INFO] [Sprite] Finished loading ./res/graphics/wall_tiles/moss_wall.png
[2025-03-15 11:23:17] [INFO] [Sprite] Finished loading ./res/graphics/wall_tiles/dirt_brick_vine_wall.png
[2025-03-15 11:23:17] [INFO] [Sprite] Finished loading ./res/graphics/wall_tiles/elden_purple_wall.png
[2025-03-15 11:23:17] [INFO] [Sprite] Finished loading ./res/graphics/wall_tiles/large_brick_wall.png
[2025-03-15 11:23:17] [INFO] [Sprite] Finished loading ./res/graphics/wall_tiles/dirt_wall.png
[2025-03-15 11:23:17] [INFO] [Sprite] Finished loading ./res/graphics/wall_tiles/alien_wall.png
[2025-03-15 11:23:17] [INFO] [Sprite] Finished loading ./res/graphics/wall_tiles/industrial_brick_wall.png
[2025-03-15 11:23:17] [INFO] [Sprite] Finished loading ./res/graphics/wall_tiles/rock_wall.png
[2025-03-15 11:23:17] [INFO] [Sprite] Finished loading ./res/graphics/wall_tiles/dirt_wall2.png
[2025-03-15 11:23:17] [INFO] [Sprite] Finished loading ./res/graphics/wall_tiles/moss_wall2.png
[2025-03-15 11:23:17] [INFO] [Sprite] Finished loading ./res/graphics/wall_tiles/moss_wall3.png
[2025-03-15 11:23:17] [INFO] [Sprite] Finished loading ./res/graphics/wall_tiles/no_wall.png
[2025-03-15 11:23:17] [INFO] [Sprite] Finished loading ./res/graphics/wall_tiles/alien_rune_wall.png
[2025-03-15 11:23:17] [INFO] [Sprite] Finished loading ./res/graphics/wall_tiles/industrial_wall.png
[2025-03-15 11:23:17] [INFO] [Sprite] Finished loading ./res/graphics/wall_tiles/small_brick_wall2.png
[2025-03-15 11:23:17] [INFO] [Sprite] Finished loading ./res/graphics/old/liquids 2.png
[2025-03-15 11:23:17] [INFO] [Sprite] Finished loading ./res/graphics/old/gems.png
[2025-03-15 11:23:17] [INFO] [Sprite] Finished loading ./res/graphics/old/floors.png
[2025-03-15 11:23:17] [INFO] [Sprite] Finished loading ./res/graphics/old/terrains.png
[2025-03-15 11:23:17] [INFO] [Sprite] Finished loading ./res/graphics/old/gemsRaw.png
[2025-03-15 11:23:17] [INFO] [Sprite] Finished loading ./res/graphics/old/walls.png
[2025-03-15 11:23:17] [INFO] [Sprite] Finished loading ./res/graphics/old/special2.png
[2025-03-15 11:23:17] [INFO] [Sprite] Finished loading ./res/graphics/old/structures.png
[2025-03-15 11:23:17] [INFO] [Sprite] Finished loading ./res/graphics/old/special.png
[2025-03-15 11:23:17] [INFO] [Sprite] Finished loading ./res/graphics/old/liquids.png
[2025-03-15 11:23:17] [INFO] [Sprite] Finished loading ./res/graphics/old/units.png
[2025-03-15 11:23:17] [INFO] [Sprite] Finished loading ./res/graphics/old/terrains2.png
[2025-03-15 11:23:17] [INFO] [Sprite] Finished loading ./res/graphics/old/floors2.png
[2025-03-15 11:23:17] [INFO] [Sprite] Finished loading ./res/graphics/floor_tiles/sand_1_floor.png
[2025-03-15 11:23:17] [INFO] [Sprite] Finished loading ./res/graphics/floor_tiles/sand_dark_floor.png
[2025-03-15 11:23:17] [INFO] [Sprite] Finished loading ./res/graphics/floor_tiles/dirty_grass_1_floor.png
[2025-03-15 11:23:17] [INFO] [Sprite] Finished loading ./res/graphics/floor_tiles/white_sand_floor.png
[2025-03-15 11:23:17] [INFO] [Sprite] Finished loading ./res/graphics/floor_tiles/white_sands_2.png
[2025-03-15 11:23:17] [INFO] [Sprite] Finished loading ./res/graphics/floor_tiles/dirty_grass_2_floor.png
[2025-03-15 11:23:17] [INFO] [Sprite] Finished loading ./res/graphics/floor_tiles/sand_3_floor.png
[2025-03-15 11:23:17] [INFO] [Sprite] Finished loading ./res/graphics/floor_tiles/obsidian_floor.png
[2025-03-15 11:23:17] [INFO] [Sprite] Finished loading ./res/graphics/floor_tiles/base_floor.png
[2025-03-15 11:23:17] [INFO] [Sprite] Finished loading ./res/graphics/floor_tiles/sand_floor.png
[2025-03-15 11:23:17] [INFO] [Sprite] Finished loading ./res/graphics/floor_tiles/dirty_grass_3_floor.png
[2025-03-15 11:23:17] [INFO] [Sprite] Finished loading ./res/graphics/floor_tiles/sand_2_floor.png
[2025-03-15 11:23:17] [INFO] [Sprite] Finished loading ./res/graphics/units/Air_Dragon.png
[2025-03-15 11:23:17] [INFO] [Sprite] Finished loading ./res/graphics/units/Dragon.png
[2025-03-15 11:23:17] [INFO] [Sprite] Finished loading ./res/graphics/units/Dark_Dragon.png
[2025-03-15 11:23:17] [INFO] [Sprite] Finished loading ./res/graphics/units/Earth_Dragon.png
[2025-03-15 11:23:17] [INFO] [Sprite] Finished loading ./res/graphics/units/Light_Dragon.png
[2025-03-15 11:23:17] [INFO] [Sprite] Finished loading ./res/graphics/units/Water_Dragon.png
[2025-03-15 11:23:17] [INFO] [Sprite] Finished loading ./res/graphics/units/Fire_Dragon.png
[2025-03-15 11:23:17] [INFO] [Sprite] Finished loading ./res/graphics/actions/StatsDown.png
[2025-03-15 11:23:17] [INFO] [Sprite] Finished loading ./res/graphics/actions/PhysicalHit4.png
[2025-03-15 11:23:17] [INFO] [Sprite] Finished loading ./res/graphics/actions/Slash.png
[2025-03-15 11:23:17] [INFO] [Sprite] Finished loading ./res/graphics/actions/Air.png
[2025-03-15 11:23:17] [INFO] [Sprite] Finished loading ./res/graphics/actions/Dark.png
[2025-03-15 11:23:17] [INFO] [Sprite] Finished loading ./res/graphics/actions/Blunt.png
[2025-03-15 11:23:17] [INFO] [Sprite] Finished loading ./res/graphics/actions/Fire.png
[2025-03-15 11:23:17] [INFO] [Sprite] Finished loading ./res/graphics/actions/Earth.png
[2025-03-15 11:23:17] [INFO] [Sprite] Finished loading ./res/graphics/actions/Light.png
[2025-03-15 11:23:17] [INFO] [Sprite] Finished loading ./res/graphics/actions/StatsUp.png
[2025-03-15 11:23:17] [INFO] [Sprite] Finished loading ./res/graphics/actions/Water.png
[2025-03-15 11:23:17] [INFO] [Sprite] Finished loading ./res/graphics/actions/Pierce.png
[2025-03-15 11:23:17] [INFO] [Sprite] Finished loading ./res/graphics/spells/LightSpell.png
[2025-03-15 11:23:17] [INFO] [Sprite] Finished loading ./res/graphics/spells/StatsDown.png
[2025-03-15 11:23:17] [INFO] [Sprite] Finished loading ./res/graphics/spells/WindSpell.png
[2025-03-15 11:23:17] [INFO] [Sprite] Finished loading ./res/graphics/spells/WaterSpell.png
[2025-03-15 11:23:17] [INFO] [Sprite] Finished loading ./res/graphics/spells/PhysicalHit4.png
[2025-03-15 11:23:17] [INFO] [Sprite] Finished loading ./res/graphics/spells/PhysicalHit1.png
[2025-03-15 11:23:17] [INFO] [Sprite] Finished loading ./res/graphics/spells/LightningSpell.png
[2025-03-15 11:23:17] [INFO] [Sprite] Finished loading ./res/graphics/spells/PhysicalHit3.png
[2025-03-15 11:23:17] [INFO] [Sprite] Finished loading ./res/graphics/spells/PhysicalHit2.png
[2025-03-15 11:23:17] [INFO] [Sprite] Finished loading ./res/graphics/spells/FireSpell.png
[2025-03-15 11:23:17] [INFO] [Sprite] Finished loading ./res/graphics/spells/DarkSpell.png
[2025-03-15 11:23:17] [INFO] [Sprite] Finished loading ./res/graphics/spells/StatsUp.png
[2025-03-15 11:23:17] [INFO] [Sprite] Finished loading ./res/graphics/spells/EarthSpell.png
[2025-03-15 11:23:17] [INFO] [Sprite] Finished loading ./res/graphics/liquids/greater_leafage_liquid.png
[2025-03-15 11:23:17] [INFO] [Sprite] Finished loading ./res/graphics/liquids/waterV4_liquid.png
[2025-03-15 11:23:17] [INFO] [Sprite] Finished loading ./res/graphics/liquids/shallow_swamp.png
[2025-03-15 11:23:17] [INFO] [Sprite] Finished loading ./res/graphics/liquids/water5.png
[2025-03-15 11:23:17] [INFO] [Sprite] Finished loading ./res/graphics/liquids/swamp_2.png
[2025-03-15 11:23:17] [INFO] [Sprite] Finished loading ./res/graphics/liquids/Lava_liquid.png
[2025-03-15 11:23:17] [INFO] [Sprite] Finished loading ./res/graphics/liquids/swamp2.png
[2025-03-15 11:23:17] [INFO] [Sprite] Finished loading ./res/graphics/liquids/waterV33_liquid.png
[2025-03-15 11:23:17] [INFO] [Sprite] Finished loading ./res/graphics/liquids/shallow_water_liquid.png
[2025-03-15 11:23:17] [INFO] [Sprite] Finished loading ./res/graphics/liquids/water_liquid.png
[2025-03-15 11:23:17] [INFO] [Sprite] Finished loading ./res/graphics/liquids/waterV2_liquid.png
[2025-03-15 11:23:17] [INFO] [Sprite] Finished loading ./res/graphics/liquids/swamp2_liquid.png
[2025-03-15 11:23:17] [INFO] [SpriteSheetOG] Finished loading ./res/graphics
[2025-03-15 11:23:17] [INFO] [AssetPool] Finished initializing AssetPool
[2025-03-15 11:23:18] [INFO] [FontPoolV1] Started initializing FontPoolV1
[2025-03-15 11:23:18] [INFO] [FontPoolV1] Finished initializing FontPoolV1
[2025-03-15 11:23:18] [INFO] [UnitDatabase] Started initializing UnitDatabase
[2025-03-15 11:23:18] [INFO] [UnitDatabase] Successfully initialized UnitDatabase
[2025-03-15 11:23:18] [INFO] [UnitDatabase] Finished initializing UnitDatabase
[2025-03-15 11:23:18] [INFO] [JsonDatabase] Started initializing JsonDatabase
[2025-03-15 11:23:18] [INFO] [JsonTable] Started initializing JsonTable
[2025-03-15 11:23:18] [INFO] [JsonTable] Successfully initialized JsonTable
[2025-03-15 11:23:18] [INFO] [JsonTable] Finished initializing JsonTable
[2025-03-15 11:23:18] [INFO] [JsonTable] Started initializing JsonTable
[2025-03-15 11:23:18] [INFO] [JsonTable] Successfully initialized JsonTable
[2025-03-15 11:23:18] [INFO] [JsonTable] Finished initializing JsonTable
[2025-03-15 11:23:18] [INFO] [JsonTable] Started initializing JsonTable
[2025-03-15 11:23:18] [INFO] [JsonTable] Successfully initialized JsonTable
[2025-03-15 11:23:18] [INFO] [JsonTable] Finished initializing JsonTable
[2025-03-15 11:23:18] [INFO] [JsonDatabase] Successfully initialized JsonDatabase
[2025-03-15 11:23:18] [INFO] [JsonDatabase] Finished initializing JsonDatabase
[2025-03-15 11:23:18] [INFO] [Component] Setting 9f632e14-2b7f-4e38-8809-b2f72a054238 on to 814e5684-26df-49c7-afe1-bfa3bdd21793.
[2025-03-15 11:23:18] [INFO] [SpeedQueue] Added unit enemy:Kihqk into queue
[2025-03-15 11:23:18] [INFO] [Component] Setting a8d9f9aa-5eaa-4011-99b9-93c156ee7c45 on to 70849db5-ccf1-44d7-a555-a62665fbc649.
[2025-03-15 11:23:18] [INFO] [SpeedQueue] Added unit enemy:Yuss into queue
[2025-03-15 11:23:18] [INFO] [Component] Setting e9a05969-b05a-491e-926c-ad7687444911 on to df0ea820-cf89-4069-86ce-dc790c74bbee.
[2025-03-15 11:23:18] [INFO] [SpeedQueue] Added unit enemy:Eaeyhe into queue
[2025-03-15 11:23:18] [INFO] [Component] Setting fee9c13b-1875-44cd-8eb0-3d5001ffc79c on to f83c04d8-ccd3-47e2-bf8a-7286288c8ff2.
[2025-03-15 11:23:18] [INFO] [SpeedQueue] Added unit user:Nydiat into queue
[2025-03-15 11:23:18] [INFO] [Component] Setting 833533d1-2617-4122-b85d-ea2aa249d260 on to 7e82cbec-4683-417d-8df9-496bd00b7e6e.
[2025-03-15 11:23:18] [INFO] [SpeedQueue] Added unit user:Meqiaa into queue
[2025-03-15 11:23:18] [INFO] [Component] Setting 46e1be6d-0ebf-4c8a-8a0d-2cc5ad385df9 on to e50f913a-0cfa-4115-add6-2aa7a7e92813.
[2025-03-15 11:23:18] [INFO] [SpeedQueue] Added unit user:Jayjl into queue
[2025-03-15 11:23:18] [INFO] [FontPool] Started initializing FontPool
[2025-03-15 11:23:18] [INFO] [FontPool] ✅ Successfully loaded font: Lilian
[2025-03-15 11:23:19] [INFO] [SpeedQueue] Speed queue updated.
[2025-03-15 11:23:19] [INFO] [VisualsSystem] Started creating blurred background
[2025-03-15 11:23:19] [INFO] [TimeLinePanel] Started updating the timeline panel after turn order has changed.
[2025-03-15 11:23:19] [INFO] [TimeLinePanel] Finished updating the timeline panel after turn order has changed.
[2025-03-15 11:23:19] [INFO] [SelectedTilePanel] Checksum updated, getting units at selected tiles.
[2025-03-15 11:23:19] [INFO] [SelectedTilePanel] Either no unit selected or more than one unit selected
[2025-03-15 11:23:19] [INFO] [LesserStatisticsInformationPanel] Checksum has been updated, querying statistics for unit 46e1be6d-0ebf-4c8a-8a0d-2cc5ad385df9
[2025-03-15 11:23:19] [INFO] [VisualsSystem] Finished creating blurred background after 0.5015301704406738 seconds
[2025-03-15 11:23:21] [INFO] [SelectedTilePanel] Checksum updated, getting units at selected tiles.
[2025-03-15 11:23:21] [INFO] [SelectedTilePanel] Updated selected tile display to view Nydiat
[2025-03-15 11:23:21] [INFO] [LesserStatisticsInformationPanel] Finished updating Greater UI
[2025-03-15 11:23:26] [INFO] [SelectedTilePanel] Checksum updated, getting units at selected tiles.
[2025-03-15 11:23:26] [INFO] [SelectedTilePanel] Updated selected tile display to view Kihqk
[2025-03-15 11:23:26] [INFO] [LesserStatisticsInformationPanel] Finished updating Greater UI
