[2025-04-03 08:42:40] [INFO] [UserSaveStateManager] Started loading user save data
[2025-04-03 08:42:40] [INFO] [UserSaveStateManager] Finished loading user save data
[2025-04-03 08:42:40] [INFO] [AssetPool] Started initializing AssetPool
[2025-04-03 08:42:40] [INFO] [AssetNameSpace] Started loading Sprite's from ./res/graphics
[2025-04-03 08:42:40] [INFO] [AssetNameSpace] Finished reading files for sprites
[2025-04-03 08:42:40] [INFO] [AssetNameSpace] Finished loading ./res/graphics
[2025-04-03 08:42:40] [INFO] [AssetPool] Finished initializing AssetPool
[2025-04-03 08:42:40] [INFO] [UnitDatabase] Started initializing UnitDatabase
[2025-04-03 08:42:41] [INFO] [UnitDatabase] Successfully initialized UnitDatabase
[2025-04-03 08:42:41] [INFO] [UnitDatabase] Finished initializing UnitDatabase
[2025-04-03 08:42:41] [INFO] [JsonDatabase] Started initializing JsonDatabase
[2025-04-03 08:42:41] [INFO] [JsonTable] Started initializing JsonTable
[2025-04-03 08:42:41] [INFO] [JsonTable] Successfully initialized JsonTable
[2025-04-03 08:42:41] [INFO] [JsonTable] Finished initializing JsonTable
[2025-04-03 08:42:41] [INFO] [JsonTable] Started initializing JsonTable
[2025-04-03 08:42:41] [INFO] [JsonTable] Successfully initialized JsonTable
[2025-04-03 08:42:41] [INFO] [JsonTable] Finished initializing JsonTable
[2025-04-03 08:42:41] [INFO] [JsonTable] Started initializing JsonTable
[2025-04-03 08:42:41] [INFO] [JsonTable] Successfully initialized JsonTable
[2025-04-03 08:42:41] [INFO] [JsonTable] Finished initializing JsonTable
[2025-04-03 08:42:41] [INFO] [JsonDatabase] Successfully initialized JsonDatabase
[2025-04-03 08:42:41] [INFO] [JsonDatabase] Finished initializing JsonDatabase
[2025-04-03 08:42:41] [INFO] [Component] Setting 46f6cb80-4d0a-46b6-b03b-2b428f80628a on to 8859cba1-a83e-4ac1-aa57-911fbd0e7d45.
[2025-04-03 08:42:41] [INFO] [SpeedQueue] Added unit enemy:Sozq into queue
[2025-04-03 08:42:41] [INFO] [Component] Setting f7190a2f-b30d-42ce-b69e-66d4f7b56c1f on to 8b1eca09-bd27-4907-b840-574fcb8d1d5c.
[2025-04-03 08:42:41] [INFO] [SpeedQueue] Added unit enemy:Aerya into queue
[2025-04-03 08:42:41] [INFO] [Component] Setting 95771a49-6df5-4633-aaad-84ffb12cb31f on to 85866b52-4840-4b81-9d5a-50818c8d86a9.
[2025-04-03 08:42:41] [INFO] [SpeedQueue] Added unit enemy:Zabuuy into queue
[2025-04-03 08:42:41] [INFO] [Component] Setting e5c24e75-4249-4b3d-8f0f-12e59281b077 on to 837e2060-205e-4fc7-9952-5f098af5716e.
[2025-04-03 08:42:41] [INFO] [SpeedQueue] Added unit enemy:Wylaha into queue
[2025-04-03 08:42:41] [INFO] [Component] Setting 6e81e1b5-26a9-4825-ac05-664fa91bb1df on to 17ae9431-316f-4776-aa1f-e5e2baefeae6.
[2025-04-03 08:42:41] [INFO] [SpeedQueue] Added unit user:Xeij into queue
[2025-04-03 08:42:41] [INFO] [Component] Setting a77e78cd-70a6-4d80-916c-fc9e67e75744 on to 8ae129ca-9996-44a7-8109-3adbda8befc2.
[2025-04-03 08:42:41] [INFO] [SpeedQueue] Added unit user:Filmay into queue
[2025-04-03 08:42:41] [INFO] [Component] Setting 2ba0068f-b346-41c7-a7fd-816ee7134846 on to c8c0c53d-2c2a-45e0-9a7b-70798f0a4803.
[2025-04-03 08:42:41] [INFO] [SpeedQueue] Added unit user:Givf into queue
[2025-04-03 08:42:41] [INFO] [EngineController] Started setting scene to MENU_SCENE
[2025-04-03 08:42:41] [INFO] [EngineController] Finished setting scene to MENU_SCENE
[2025-04-03 08:42:41] [INFO] [EngineController] Started setting scene to GAME_SCENE
[2025-04-03 08:42:41] [INFO] [FontPool] Started initializing FontPool
[2025-04-03 08:42:41] [INFO] [FontPool] ✅ Successfully loaded font: Lilian
[2025-04-03 08:42:41] [INFO] [EngineController] Finished setting scene to GAME_SCENE
[2025-04-03 08:42:41] [INFO] [SpeedQueue] Speed queue updated.
[2025-04-03 08:42:41] [INFO] [VisualsSystem] Started creating blurred background
[2025-04-03 08:42:41] [INFO] [TimeLinePanel] Started updating the timeline panel after turn order has changed.
[2025-04-03 08:42:41] [INFO] [TimeLinePanel] Finished updating the timeline panel after turn order has changed.
[2025-04-03 08:42:41] [INFO] [SelectedTilePanel] Checksum updated, getting units at selected tiles.
[2025-04-03 08:42:41] [INFO] [SelectedTilePanel] Either no unit selected or more than one unit selected
[2025-04-03 08:42:41] [INFO] [LesserStatisticsInformationPanel] Checksum has been updated, querying statistics for unit 46f6cb80-4d0a-46b6-b03b-2b428f80628a
[2025-04-03 08:42:42] [INFO] [VisualsSystem] Finished creating blurred background after 0.4955590069293976 seconds
[2025-04-03 08:42:43] [INFO] [MovementSystem] Sozq is planning to move from [5, 0] to [7, 0]
[2025-04-03 08:42:43] [INFO] [MovementSystem] Updated movement area for Sozq
[2025-04-03 08:42:43] [INFO] [MovementSystem] Updated movement path for Sozq
[2025-04-03 08:42:43] [INFO] [Component] Setting 46f6cb80-4d0a-46b6-b03b-2b428f80628a on to ee30f5fa-da56-4ea8-9d8b-c7dc950859a2.
[2025-04-03 08:42:43] [INFO] [MovementSystem] Moved from [5, 0] to [7, 0]
[2025-04-03 08:42:43] [INFO] [MovementSystem] {} has moved
[2025-04-03 08:42:45] [INFO] [AbilityDatabase] Started initializing AbilityDatabase
[2025-04-03 08:42:45] [INFO] [AbilityDatabase] Successfully initialized AbilityDatabase
[2025-04-03 08:42:45] [INFO] [AbilityDatabase] Finished initializing AbilityDatabase
[2025-04-03 08:42:47] [INFO] [TimeLinePanel] Started updating the timeline panel after turn order has changed.
[2025-04-03 08:42:47] [INFO] [TimeLinePanel] Finished updating the timeline panel after turn order has changed.
[2025-04-03 08:42:48] [INFO] [InputHandler] Gliding secondary.camera camera to new tile 8ae129ca-9996-44a7-8109-3adbda8befc2
[2025-04-03 08:42:48] [INFO] [InputHandler] Gliding main.camera camera to new tile 8ae129ca-9996-44a7-8109-3adbda8befc2
[2025-04-03 08:42:48] [INFO] [SelectedTilePanel] Checksum updated, getting units at selected tiles.
[2025-04-03 08:42:48] [INFO] [SelectedTilePanel] Updated selected tile display to view Filmay
[2025-04-03 08:42:48] [INFO] [LesserStatisticsInformationPanel] Finished updating Greater UI
[2025-04-03 08:42:50] [INFO] [MovementSystem] Filmay is planning to move from [3, 2] to [6, 6]
[2025-04-03 08:42:50] [INFO] [MovementSystem] Updated movement area for Filmay
[2025-04-03 08:42:50] [INFO] [MovementSystem] Updated movement path for Filmay
[2025-04-03 08:42:50] [INFO] [MovementSystem] Filmay is planning to move from [3, 2] to [7, 7]
[2025-04-03 08:42:50] [INFO] [MovementSystem] Updated movement path for Filmay
[2025-04-03 08:42:50] [INFO] [MovementSystem] Filmay is planning to move from [3, 2] to [7, 6]
[2025-04-03 08:42:50] [INFO] [MovementSystem] Updated movement path for Filmay
[2025-04-03 08:42:50] [INFO] [MovementSystem] Filmay is planning to move from [3, 2] to [6, 6]
[2025-04-03 08:42:50] [INFO] [MovementSystem] Updated movement path for Filmay
[2025-04-03 08:42:50] [INFO] [MovementSystem] Filmay is planning to move from [3, 2] to [6, 5]
[2025-04-03 08:42:50] [INFO] [MovementSystem] Updated movement path for Filmay
[2025-04-03 08:42:50] [INFO] [MovementSystem] Filmay is planning to move from [3, 2] to [5, 5]
[2025-04-03 08:42:50] [INFO] [MovementSystem] Updated movement path for Filmay
[2025-04-03 08:42:51] [INFO] [MovementSystem] Filmay is planning to move from [3, 2] to [5, 4]
[2025-04-03 08:42:51] [INFO] [MovementSystem] Updated movement path for Filmay
[2025-04-03 08:42:51] [INFO] [MovementSystem] Filmay is planning to move from [3, 2] to [4, 4]
[2025-04-03 08:42:51] [INFO] [MovementSystem] Updated movement path for Filmay
[2025-04-03 08:42:51] [INFO] [MovementSystem] Filmay is planning to move from [3, 2] to [3, 4]
[2025-04-03 08:42:51] [INFO] [MovementSystem] Updated movement path for Filmay
[2025-04-03 08:42:53] [INFO] [MovementSystem] Filmay is planning to move from [3, 2] to [3, 3]
[2025-04-03 08:42:53] [INFO] [MovementSystem] Updated movement path for Filmay
[2025-04-03 08:42:53] [INFO] [MovementSystem] Filmay is planning to move from [3, 2] to [3, 4]
[2025-04-03 08:42:53] [INFO] [MovementSystem] Updated movement path for Filmay
[2025-04-03 08:42:54] [INFO] [MovementSystem] Filmay is planning to move from [3, 2] to [3, 3]
[2025-04-03 08:42:54] [INFO] [MovementSystem] Updated movement path for Filmay
[2025-04-03 08:42:54] [INFO] [MovementSystem] Filmay is planning to move from [3, 2] to [3, 4]
[2025-04-03 08:42:54] [INFO] [MovementSystem] Updated movement path for Filmay
[2025-04-03 08:42:56] [INFO] [Component] Setting a77e78cd-70a6-4d80-916c-fc9e67e75744 on to e2b6e53d-248b-4f09-bf9f-eea75d230e1a.
[2025-04-03 08:42:56] [INFO] [MovementSystem] Moved from [3, 2] to [3, 4]
[2025-04-03 08:42:56] [INFO] [MovementSystem] {} has moved
[2025-04-03 08:42:58] [INFO] [AbilitySelectionPanel] Selecting slam
[2025-04-03 08:42:58] [INFO] [AbilitySystem] Filmay is planning to use slam on [5, 7]
[2025-04-03 08:42:58] [INFO] [AbilitySystem] Updated area of sight for Filmay, viewing 5 tiles
[2025-04-03 08:42:58] [INFO] [AbilitySystem] Updated line of sight for Filmay, viewing 6 tiles
[2025-04-03 08:42:58] [INFO] [AbilitySystem] Updated area of effect for Filmay viewing 1 tiles
[2025-04-03 08:42:59] [INFO] [AbilitySystem] Filmay is planning to use slam on [4, 6]
[2025-04-03 08:42:59] [INFO] [AbilitySystem] Updated line of sight for Filmay, viewing 4 tiles
[2025-04-03 08:42:59] [INFO] [AbilitySystem] Updated area of effect for Filmay viewing 1 tiles
[2025-04-03 08:42:59] [INFO] [AbilitySystem] Filmay is planning to use slam on [3, 6]
[2025-04-03 08:42:59] [INFO] [AbilitySystem] Updated line of sight for Filmay, viewing 3 tiles
[2025-04-03 08:42:59] [INFO] [AbilitySystem] Updated area of effect for Filmay viewing 1 tiles
[2025-04-03 08:42:59] [INFO] [AbilitySystem] Filmay is planning to use slam on [3, 5]
[2025-04-03 08:42:59] [INFO] [AbilitySystem] Updated line of sight for Filmay, viewing 2 tiles
[2025-04-03 08:42:59] [INFO] [AbilitySystem] Updated area of effect for Filmay viewing 1 tiles
[2025-04-03 08:42:59] [INFO] [AbilitySystem] Filmay is planning to use slam on [2, 5]
[2025-04-03 08:42:59] [INFO] [AbilitySystem] Updated line of sight for Filmay, viewing 2 tiles
[2025-04-03 08:42:59] [INFO] [AbilitySystem] Updated area of effect for Filmay viewing 1 tiles
[2025-04-03 08:42:59] [INFO] [AbilitySystem] Filmay is planning to use slam on [1, 5]
[2025-04-03 08:42:59] [INFO] [AbilitySystem] Updated line of sight for Filmay, viewing 2 tiles
[2025-04-03 08:42:59] [INFO] [AbilitySystem] Updated area of effect for Filmay viewing 1 tiles
[2025-04-03 08:42:59] [INFO] [AbilitySystem] Filmay is planning to use slam on [1, 4]
[2025-04-03 08:42:59] [INFO] [AbilitySystem] Updated line of sight for Filmay, viewing 2 tiles
[2025-04-03 08:42:59] [INFO] [AbilitySystem] Updated area of effect for Filmay viewing 1 tiles
[2025-04-03 08:42:59] [INFO] [AbilitySystem] Filmay is planning to use slam on [2, 4]
[2025-04-03 08:42:59] [INFO] [AbilitySystem] Updated line of sight for Filmay, viewing 2 tiles
[2025-04-03 08:42:59] [INFO] [AbilitySystem] Updated area of effect for Filmay viewing 1 tiles
[2025-04-03 08:42:59] [INFO] [AbilitySystem] Used from slam on [2, 4]
[2025-04-03 08:42:59] [INFO] [AbilitySystem] o=oooooo
[2025-04-03 08:43:01] [INFO] [TimeLinePanel] Started updating the timeline panel after turn order has changed.
[2025-04-03 08:43:01] [INFO] [TimeLinePanel] Finished updating the timeline panel after turn order has changed.
